[2023-11-20T23:57:27.061+0000] {taskinstance.py:1159} INFO - Dependencies all met for dep_context=non-requeueable deps ti=<TaskInstance: outcomes_dag.transform scheduled__2023-11-09T00:00:00+00:00 [queued]>
[2023-11-20T23:57:27.070+0000] {taskinstance.py:1159} INFO - Dependencies all met for dep_context=requeueable deps ti=<TaskInstance: outcomes_dag.transform scheduled__2023-11-09T00:00:00+00:00 [queued]>
[2023-11-20T23:57:27.071+0000] {taskinstance.py:1361} INFO - Starting attempt 1 of 1
[2023-11-20T23:57:27.088+0000] {taskinstance.py:1382} INFO - Executing <Task(PythonOperator): transform> on 2023-11-09 00:00:00+00:00
[2023-11-20T23:57:27.122+0000] {standard_task_runner.py:57} INFO - Started process 170 to run task
[2023-11-20T23:57:27.149+0000] {standard_task_runner.py:84} INFO - Running: ['***', 'tasks', 'run', 'outcomes_dag', 'transform', 'scheduled__2023-11-09T00:00:00+00:00', '--job-id', '21', '--raw', '--subdir', 'DAGS_FOLDER/outcomes_dag.py', '--cfg-path', '/tmp/tmp6zy0iv8a']
[2023-11-20T23:57:27.171+0000] {standard_task_runner.py:85} INFO - Job 21: Subtask transform
[2023-11-20T23:57:27.237+0000] {task_command.py:416} INFO - Running <TaskInstance: outcomes_dag.transform scheduled__2023-11-09T00:00:00+00:00 [running]> on host 3aa39f73e581
[2023-11-20T23:57:28.719+0000] {taskinstance.py:1662} INFO - Exporting env vars: AIRFLOW_CTX_DAG_OWNER='***' AIRFLOW_CTX_DAG_ID='outcomes_dag' AIRFLOW_CTX_TASK_ID='transform' AIRFLOW_CTX_EXECUTION_DATE='2023-11-09T00:00:00+00:00' AIRFLOW_CTX_TRY_NUMBER='1' AIRFLOW_CTX_DAG_RUN_ID='scheduled__2023-11-09T00:00:00+00:00'
[2023-11-20T23:57:29.521+0000] {warnings.py:109} WARNING - /opt/***/dags/etl_scripts/transform.py:67: UserWarning: Could not infer format, so each element will be parsed individually, falling back to `dateutil`. To ensure parsing is consistent and as-expected, please specify a format.
  data['ts'] = pd.to_datetime(data.DateTime)

[2023-11-20T23:57:47.459+0000] {python.py:194} INFO - Done. Returned value was: None
[2023-11-20T23:57:47.529+0000] {taskinstance.py:1400} INFO - Marking task as SUCCESS. dag_id=outcomes_dag, task_id=transform, execution_date=20231109T000000, start_date=20231120T235727, end_date=20231120T235747
[2023-11-20T23:57:47.747+0000] {local_task_job_runner.py:228} INFO - Task exited with return code 0
[2023-11-20T23:57:47.974+0000] {taskinstance.py:2778} INFO - 3 downstream tasks scheduled from follow-on schedule check
[2023-11-21T00:52:08.609+0000] {taskinstance.py:1159} INFO - Dependencies all met for dep_context=non-requeueable deps ti=<TaskInstance: outcomes_dag.transform scheduled__2023-11-09T00:00:00+00:00 [queued]>
[2023-11-21T00:52:08.655+0000] {taskinstance.py:1159} INFO - Dependencies all met for dep_context=requeueable deps ti=<TaskInstance: outcomes_dag.transform scheduled__2023-11-09T00:00:00+00:00 [queued]>
[2023-11-21T00:52:08.656+0000] {taskinstance.py:1361} INFO - Starting attempt 1 of 1
[2023-11-21T00:52:08.713+0000] {taskinstance.py:1382} INFO - Executing <Task(PythonOperator): transform> on 2023-11-09 00:00:00+00:00
[2023-11-21T00:52:08.732+0000] {standard_task_runner.py:57} INFO - Started process 171 to run task
[2023-11-21T00:52:08.741+0000] {standard_task_runner.py:84} INFO - Running: ['***', 'tasks', 'run', 'outcomes_dag', 'transform', 'scheduled__2023-11-09T00:00:00+00:00', '--job-id', '22', '--raw', '--subdir', 'DAGS_FOLDER/outcomes_dag.py', '--cfg-path', '/tmp/tmp2hu9m1ck']
[2023-11-21T00:52:08.747+0000] {standard_task_runner.py:85} INFO - Job 22: Subtask transform
[2023-11-21T00:52:08.911+0000] {task_command.py:416} INFO - Running <TaskInstance: outcomes_dag.transform scheduled__2023-11-09T00:00:00+00:00 [running]> on host 39ee77aaeaf9
[2023-11-21T00:52:15.258+0000] {taskinstance.py:1662} INFO - Exporting env vars: AIRFLOW_CTX_DAG_OWNER='***' AIRFLOW_CTX_DAG_ID='outcomes_dag' AIRFLOW_CTX_TASK_ID='transform' AIRFLOW_CTX_EXECUTION_DATE='2023-11-09T00:00:00+00:00' AIRFLOW_CTX_TRY_NUMBER='1' AIRFLOW_CTX_DAG_RUN_ID='scheduled__2023-11-09T00:00:00+00:00'
[2023-11-21T00:52:17.999+0000] {warnings.py:109} WARNING - /opt/***/dags/etl_scripts/transform.py:67: UserWarning: Could not infer format, so each element will be parsed individually, falling back to `dateutil`. To ensure parsing is consistent and as-expected, please specify a format.
  data['ts'] = pd.to_datetime(data.DateTime)

[2023-11-21T00:52:37.927+0000] {local_task_job_runner.py:228} INFO - Task exited with return code -9
[2023-11-21T00:52:39.528+0000] {taskinstance.py:2778} INFO - 0 downstream tasks scheduled from follow-on schedule check
[2023-11-21T00:59:55.908+0000] {taskinstance.py:1159} INFO - Dependencies all met for dep_context=non-requeueable deps ti=<TaskInstance: outcomes_dag.transform scheduled__2023-11-09T00:00:00+00:00 [queued]>
[2023-11-21T00:59:55.950+0000] {taskinstance.py:1159} INFO - Dependencies all met for dep_context=requeueable deps ti=<TaskInstance: outcomes_dag.transform scheduled__2023-11-09T00:00:00+00:00 [queued]>
[2023-11-21T00:59:55.951+0000] {taskinstance.py:1361} INFO - Starting attempt 1 of 1
[2023-11-21T00:59:55.975+0000] {taskinstance.py:1382} INFO - Executing <Task(PythonOperator): transform> on 2023-11-09 00:00:00+00:00
[2023-11-21T00:59:55.999+0000] {standard_task_runner.py:57} INFO - Started process 182 to run task
[2023-11-21T00:59:56.009+0000] {standard_task_runner.py:84} INFO - Running: ['***', 'tasks', 'run', 'outcomes_dag', 'transform', 'scheduled__2023-11-09T00:00:00+00:00', '--job-id', '27', '--raw', '--subdir', 'DAGS_FOLDER/outcomes_dag.py', '--cfg-path', '/tmp/tmpskkqmfmp']
[2023-11-21T00:59:56.015+0000] {standard_task_runner.py:85} INFO - Job 27: Subtask transform
[2023-11-21T00:59:56.177+0000] {task_command.py:416} INFO - Running <TaskInstance: outcomes_dag.transform scheduled__2023-11-09T00:00:00+00:00 [running]> on host bf1573643830
[2023-11-21T01:00:00.971+0000] {taskinstance.py:1662} INFO - Exporting env vars: AIRFLOW_CTX_DAG_OWNER='***' AIRFLOW_CTX_DAG_ID='outcomes_dag' AIRFLOW_CTX_TASK_ID='transform' AIRFLOW_CTX_EXECUTION_DATE='2023-11-09T00:00:00+00:00' AIRFLOW_CTX_TRY_NUMBER='1' AIRFLOW_CTX_DAG_RUN_ID='scheduled__2023-11-09T00:00:00+00:00'
[2023-11-21T01:00:03.437+0000] {warnings.py:109} WARNING - /opt/***/dags/etl_scripts/transform.py:67: UserWarning: Could not infer format, so each element will be parsed individually, falling back to `dateutil`. To ensure parsing is consistent and as-expected, please specify a format.
  data['ts'] = pd.to_datetime(data.DateTime)

[2023-11-21T01:00:06.085+0000] {local_task_job_runner.py:228} INFO - Task exited with return code -9
[2023-11-21T01:00:06.368+0000] {taskinstance.py:2778} INFO - 0 downstream tasks scheduled from follow-on schedule check
[2023-11-21T01:14:05.797+0000] {taskinstance.py:1159} INFO - Dependencies all met for dep_context=non-requeueable deps ti=<TaskInstance: outcomes_dag.transform scheduled__2023-11-09T00:00:00+00:00 [queued]>
[2023-11-21T01:14:05.830+0000] {taskinstance.py:1159} INFO - Dependencies all met for dep_context=requeueable deps ti=<TaskInstance: outcomes_dag.transform scheduled__2023-11-09T00:00:00+00:00 [queued]>
[2023-11-21T01:14:05.831+0000] {taskinstance.py:1361} INFO - Starting attempt 1 of 1
[2023-11-21T01:14:05.873+0000] {taskinstance.py:1382} INFO - Executing <Task(PythonOperator): transform> on 2023-11-09 00:00:00+00:00
[2023-11-21T01:14:05.891+0000] {standard_task_runner.py:57} INFO - Started process 203 to run task
[2023-11-21T01:14:05.919+0000] {standard_task_runner.py:84} INFO - Running: ['***', 'tasks', 'run', 'outcomes_dag', 'transform', 'scheduled__2023-11-09T00:00:00+00:00', '--job-id', '23', '--raw', '--subdir', 'DAGS_FOLDER/outcomes_dag.py', '--cfg-path', '/tmp/tmpn_iudwnp']
[2023-11-21T01:14:05.930+0000] {standard_task_runner.py:85} INFO - Job 23: Subtask transform
[2023-11-21T01:14:06.063+0000] {task_command.py:416} INFO - Running <TaskInstance: outcomes_dag.transform scheduled__2023-11-09T00:00:00+00:00 [running]> on host 9a73044c5577
[2023-11-21T01:14:14.625+0000] {taskinstance.py:1662} INFO - Exporting env vars: AIRFLOW_CTX_DAG_OWNER='***' AIRFLOW_CTX_DAG_ID='outcomes_dag' AIRFLOW_CTX_TASK_ID='transform' AIRFLOW_CTX_EXECUTION_DATE='2023-11-09T00:00:00+00:00' AIRFLOW_CTX_TRY_NUMBER='1' AIRFLOW_CTX_DAG_RUN_ID='scheduled__2023-11-09T00:00:00+00:00'
[2023-11-21T01:14:15.840+0000] {local_task_job_runner.py:228} INFO - Task exited with return code -9
[2023-11-21T01:14:16.238+0000] {taskinstance.py:2778} INFO - 0 downstream tasks scheduled from follow-on schedule check
[2023-11-21T03:55:27.689+0000] {taskinstance.py:1159} INFO - Dependencies all met for dep_context=non-requeueable deps ti=<TaskInstance: outcomes_dag.transform scheduled__2023-11-09T00:00:00+00:00 [queued]>
[2023-11-21T03:55:27.731+0000] {taskinstance.py:1159} INFO - Dependencies all met for dep_context=requeueable deps ti=<TaskInstance: outcomes_dag.transform scheduled__2023-11-09T00:00:00+00:00 [queued]>
[2023-11-21T03:55:27.733+0000] {taskinstance.py:1361} INFO - Starting attempt 1 of 1
[2023-11-21T03:55:27.773+0000] {taskinstance.py:1382} INFO - Executing <Task(PythonOperator): transform> on 2023-11-09 00:00:00+00:00
[2023-11-21T03:55:27.782+0000] {standard_task_runner.py:57} INFO - Started process 516 to run task
[2023-11-21T03:55:27.790+0000] {standard_task_runner.py:84} INFO - Running: ['***', 'tasks', 'run', 'outcomes_dag', 'transform', 'scheduled__2023-11-09T00:00:00+00:00', '--job-id', '22', '--raw', '--subdir', 'DAGS_FOLDER/outcomes_dag.py', '--cfg-path', '/tmp/tmpxdehdxw7']
[2023-11-21T03:55:27.801+0000] {standard_task_runner.py:85} INFO - Job 22: Subtask transform
[2023-11-21T03:55:27.911+0000] {task_command.py:416} INFO - Running <TaskInstance: outcomes_dag.transform scheduled__2023-11-09T00:00:00+00:00 [running]> on host a0f615083db8
[2023-11-21T03:55:37.211+0000] {taskinstance.py:1662} INFO - Exporting env vars: AIRFLOW_CTX_DAG_OWNER='***' AIRFLOW_CTX_DAG_ID='outcomes_dag' AIRFLOW_CTX_TASK_ID='transform' AIRFLOW_CTX_EXECUTION_DATE='2023-11-09T00:00:00+00:00' AIRFLOW_CTX_TRY_NUMBER='1' AIRFLOW_CTX_DAG_RUN_ID='scheduled__2023-11-09T00:00:00+00:00'
[2023-11-21T03:55:39.565+0000] {warnings.py:109} WARNING - /opt/***/dags/etl_scripts/transform.py:67: UserWarning: Could not infer format, so each element will be parsed individually, falling back to `dateutil`. To ensure parsing is consistent and as-expected, please specify a format.
  data['ts'] = pd.to_datetime(data.DateTime)

[2023-11-21T03:56:02.780+0000] {local_task_job_runner.py:228} INFO - Task exited with return code -9
[2023-11-21T03:56:02.920+0000] {taskinstance.py:2778} INFO - 0 downstream tasks scheduled from follow-on schedule check
[2023-11-21T04:16:18.376+0000] {taskinstance.py:1159} INFO - Dependencies all met for dep_context=non-requeueable deps ti=<TaskInstance: outcomes_dag.transform scheduled__2023-11-09T00:00:00+00:00 [queued]>
[2023-11-21T04:16:18.399+0000] {taskinstance.py:1159} INFO - Dependencies all met for dep_context=requeueable deps ti=<TaskInstance: outcomes_dag.transform scheduled__2023-11-09T00:00:00+00:00 [queued]>
[2023-11-21T04:16:18.400+0000] {taskinstance.py:1361} INFO - Starting attempt 1 of 1
[2023-11-21T04:16:18.454+0000] {taskinstance.py:1382} INFO - Executing <Task(PythonOperator): transform> on 2023-11-09 00:00:00+00:00
[2023-11-21T04:16:18.489+0000] {standard_task_runner.py:57} INFO - Started process 199 to run task
[2023-11-21T04:16:18.506+0000] {standard_task_runner.py:84} INFO - Running: ['***', 'tasks', 'run', 'outcomes_dag', 'transform', 'scheduled__2023-11-09T00:00:00+00:00', '--job-id', '22', '--raw', '--subdir', 'DAGS_FOLDER/outcomes_dag.py', '--cfg-path', '/tmp/tmp9b5sedrf']
[2023-11-21T04:16:18.556+0000] {standard_task_runner.py:85} INFO - Job 22: Subtask transform
[2023-11-21T04:16:18.781+0000] {task_command.py:416} INFO - Running <TaskInstance: outcomes_dag.transform scheduled__2023-11-09T00:00:00+00:00 [running]> on host dc3ce06c67c1
[2023-11-21T04:16:25.292+0000] {taskinstance.py:1662} INFO - Exporting env vars: AIRFLOW_CTX_DAG_OWNER='***' AIRFLOW_CTX_DAG_ID='outcomes_dag' AIRFLOW_CTX_TASK_ID='transform' AIRFLOW_CTX_EXECUTION_DATE='2023-11-09T00:00:00+00:00' AIRFLOW_CTX_TRY_NUMBER='1' AIRFLOW_CTX_DAG_RUN_ID='scheduled__2023-11-09T00:00:00+00:00'
[2023-11-21T04:16:27.044+0000] {warnings.py:109} WARNING - /opt/***/dags/etl_scripts/transform.py:67: UserWarning: Could not infer format, so each element will be parsed individually, falling back to `dateutil`. To ensure parsing is consistent and as-expected, please specify a format.
  data['ts'] = pd.to_datetime(data.DateTime)

[2023-11-21T04:16:39.050+0000] {local_task_job_runner.py:228} INFO - Task exited with return code -9
[2023-11-21T04:16:39.600+0000] {taskinstance.py:2778} INFO - 0 downstream tasks scheduled from follow-on schedule check
[2023-11-21T04:56:28.493+0000] {taskinstance.py:1159} INFO - Dependencies all met for dep_context=non-requeueable deps ti=<TaskInstance: outcomes_dag.transform scheduled__2023-11-09T00:00:00+00:00 [queued]>
[2023-11-21T04:56:28.517+0000] {taskinstance.py:1159} INFO - Dependencies all met for dep_context=requeueable deps ti=<TaskInstance: outcomes_dag.transform scheduled__2023-11-09T00:00:00+00:00 [queued]>
[2023-11-21T04:56:28.518+0000] {taskinstance.py:1361} INFO - Starting attempt 1 of 1
[2023-11-21T04:56:28.558+0000] {taskinstance.py:1382} INFO - Executing <Task(PythonOperator): transform> on 2023-11-09 00:00:00+00:00
[2023-11-21T04:56:28.569+0000] {standard_task_runner.py:57} INFO - Started process 232 to run task
[2023-11-21T04:56:28.619+0000] {standard_task_runner.py:84} INFO - Running: ['***', 'tasks', 'run', 'outcomes_dag', 'transform', 'scheduled__2023-11-09T00:00:00+00:00', '--job-id', '19', '--raw', '--subdir', 'DAGS_FOLDER/outcomes_dag.py', '--cfg-path', '/tmp/tmpsyqz64mc']
[2023-11-21T04:56:28.637+0000] {standard_task_runner.py:85} INFO - Job 19: Subtask transform
[2023-11-21T04:56:28.858+0000] {task_command.py:416} INFO - Running <TaskInstance: outcomes_dag.transform scheduled__2023-11-09T00:00:00+00:00 [running]> on host 921d770aa62c
[2023-11-21T04:56:31.850+0000] {taskinstance.py:1662} INFO - Exporting env vars: AIRFLOW_CTX_DAG_OWNER='***' AIRFLOW_CTX_DAG_ID='outcomes_dag' AIRFLOW_CTX_TASK_ID='transform' AIRFLOW_CTX_EXECUTION_DATE='2023-11-09T00:00:00+00:00' AIRFLOW_CTX_TRY_NUMBER='1' AIRFLOW_CTX_DAG_RUN_ID='scheduled__2023-11-09T00:00:00+00:00'
[2023-11-21T04:56:36.360+0000] {warnings.py:109} WARNING - /opt/***/dags/etl_scripts/transform.py:67: UserWarning: Could not infer format, so each element will be parsed individually, falling back to `dateutil`. To ensure parsing is consistent and as-expected, please specify a format.
  data['ts'] = pd.to_datetime(data.DateTime)

[2023-11-21T04:56:42.909+0000] {local_task_job_runner.py:228} INFO - Task exited with return code -9
[2023-11-21T04:56:43.308+0000] {taskinstance.py:2778} INFO - 0 downstream tasks scheduled from follow-on schedule check
[2023-11-21T05:29:19.690+0000] {taskinstance.py:1159} INFO - Dependencies all met for dep_context=non-requeueable deps ti=<TaskInstance: outcomes_dag.transform scheduled__2023-11-09T00:00:00+00:00 [queued]>
[2023-11-21T05:29:19.784+0000] {taskinstance.py:1159} INFO - Dependencies all met for dep_context=requeueable deps ti=<TaskInstance: outcomes_dag.transform scheduled__2023-11-09T00:00:00+00:00 [queued]>
[2023-11-21T05:29:19.798+0000] {taskinstance.py:1361} INFO - Starting attempt 1 of 1
[2023-11-21T05:29:19.881+0000] {taskinstance.py:1382} INFO - Executing <Task(PythonOperator): transform> on 2023-11-09 00:00:00+00:00
[2023-11-21T05:29:19.947+0000] {standard_task_runner.py:57} INFO - Started process 202 to run task
[2023-11-21T05:29:20.005+0000] {standard_task_runner.py:84} INFO - Running: ['***', 'tasks', 'run', 'outcomes_dag', 'transform', 'scheduled__2023-11-09T00:00:00+00:00', '--job-id', '23', '--raw', '--subdir', 'DAGS_FOLDER/outcomes_dag.py', '--cfg-path', '/tmp/tmpus4ynmln']
[2023-11-21T05:29:20.031+0000] {standard_task_runner.py:85} INFO - Job 23: Subtask transform
[2023-11-21T05:29:20.417+0000] {task_command.py:416} INFO - Running <TaskInstance: outcomes_dag.transform scheduled__2023-11-09T00:00:00+00:00 [running]> on host 1df7871f6344
[2023-11-21T05:29:29.437+0000] {taskinstance.py:1662} INFO - Exporting env vars: AIRFLOW_CTX_DAG_OWNER='***' AIRFLOW_CTX_DAG_ID='outcomes_dag' AIRFLOW_CTX_TASK_ID='transform' AIRFLOW_CTX_EXECUTION_DATE='2023-11-09T00:00:00+00:00' AIRFLOW_CTX_TRY_NUMBER='1' AIRFLOW_CTX_DAG_RUN_ID='scheduled__2023-11-09T00:00:00+00:00'
[2023-11-21T05:29:31.437+0000] {warnings.py:109} WARNING - /opt/***/dags/etl_scripts/transform.py:67: UserWarning: Could not infer format, so each element will be parsed individually, falling back to `dateutil`. To ensure parsing is consistent and as-expected, please specify a format.
  data['ts'] = pd.to_datetime(data.DateTime)

[2023-11-21T05:29:31.992+0000] {local_task_job_runner.py:228} INFO - Task exited with return code -9
[2023-11-21T05:29:32.157+0000] {taskinstance.py:2778} INFO - 0 downstream tasks scheduled from follow-on schedule check
