[2023-11-20T23:57:18.733+0000] {taskinstance.py:1159} INFO - Dependencies all met for dep_context=non-requeueable deps ti=<TaskInstance: outcomes_dag.transform scheduled__2023-11-01T00:00:00+00:00 [queued]>
[2023-11-20T23:57:18.776+0000] {taskinstance.py:1159} INFO - Dependencies all met for dep_context=requeueable deps ti=<TaskInstance: outcomes_dag.transform scheduled__2023-11-01T00:00:00+00:00 [queued]>
[2023-11-20T23:57:18.777+0000] {taskinstance.py:1361} INFO - Starting attempt 1 of 1
[2023-11-20T23:57:18.825+0000] {taskinstance.py:1382} INFO - Executing <Task(PythonOperator): transform> on 2023-11-01 00:00:00+00:00
[2023-11-20T23:57:18.867+0000] {standard_task_runner.py:57} INFO - Started process 156 to run task
[2023-11-20T23:57:18.915+0000] {standard_task_runner.py:84} INFO - Running: ['***', 'tasks', 'run', 'outcomes_dag', 'transform', 'scheduled__2023-11-01T00:00:00+00:00', '--job-id', '19', '--raw', '--subdir', 'DAGS_FOLDER/outcomes_dag.py', '--cfg-path', '/tmp/tmpk5i3l07w']
[2023-11-20T23:57:18.980+0000] {standard_task_runner.py:85} INFO - Job 19: Subtask transform
[2023-11-20T23:57:19.988+0000] {task_command.py:416} INFO - Running <TaskInstance: outcomes_dag.transform scheduled__2023-11-01T00:00:00+00:00 [running]> on host 3aa39f73e581
[2023-11-20T23:57:22.483+0000] {taskinstance.py:1662} INFO - Exporting env vars: AIRFLOW_CTX_DAG_OWNER='***' AIRFLOW_CTX_DAG_ID='outcomes_dag' AIRFLOW_CTX_TASK_ID='transform' AIRFLOW_CTX_EXECUTION_DATE='2023-11-01T00:00:00+00:00' AIRFLOW_CTX_TRY_NUMBER='1' AIRFLOW_CTX_DAG_RUN_ID='scheduled__2023-11-01T00:00:00+00:00'
[2023-11-20T23:57:25.181+0000] {warnings.py:109} WARNING - /opt/***/dags/etl_scripts/transform.py:67: UserWarning: Could not infer format, so each element will be parsed individually, falling back to `dateutil`. To ensure parsing is consistent and as-expected, please specify a format.
  data['ts'] = pd.to_datetime(data.DateTime)

[2023-11-20T23:57:44.195+0000] {local_task_job_runner.py:228} INFO - Task exited with return code -9
[2023-11-20T23:57:44.437+0000] {taskinstance.py:2778} INFO - 0 downstream tasks scheduled from follow-on schedule check
[2023-11-21T00:51:54.538+0000] {taskinstance.py:1159} INFO - Dependencies all met for dep_context=non-requeueable deps ti=<TaskInstance: outcomes_dag.transform scheduled__2023-11-01T00:00:00+00:00 [queued]>
[2023-11-21T00:51:54.577+0000] {taskinstance.py:1159} INFO - Dependencies all met for dep_context=requeueable deps ti=<TaskInstance: outcomes_dag.transform scheduled__2023-11-01T00:00:00+00:00 [queued]>
[2023-11-21T00:51:54.581+0000] {taskinstance.py:1361} INFO - Starting attempt 1 of 1
[2023-11-21T00:51:54.686+0000] {taskinstance.py:1382} INFO - Executing <Task(PythonOperator): transform> on 2023-11-01 00:00:00+00:00
[2023-11-21T00:51:54.715+0000] {standard_task_runner.py:57} INFO - Started process 149 to run task
[2023-11-21T00:51:54.754+0000] {standard_task_runner.py:84} INFO - Running: ['***', 'tasks', 'run', 'outcomes_dag', 'transform', 'scheduled__2023-11-01T00:00:00+00:00', '--job-id', '19', '--raw', '--subdir', 'DAGS_FOLDER/outcomes_dag.py', '--cfg-path', '/tmp/tmpi_6onv4g']
[2023-11-21T00:51:54.837+0000] {standard_task_runner.py:85} INFO - Job 19: Subtask transform
[2023-11-21T00:51:55.111+0000] {task_command.py:416} INFO - Running <TaskInstance: outcomes_dag.transform scheduled__2023-11-01T00:00:00+00:00 [running]> on host 39ee77aaeaf9
[2023-11-21T00:52:01.148+0000] {taskinstance.py:1662} INFO - Exporting env vars: AIRFLOW_CTX_DAG_OWNER='***' AIRFLOW_CTX_DAG_ID='outcomes_dag' AIRFLOW_CTX_TASK_ID='transform' AIRFLOW_CTX_EXECUTION_DATE='2023-11-01T00:00:00+00:00' AIRFLOW_CTX_TRY_NUMBER='1' AIRFLOW_CTX_DAG_RUN_ID='scheduled__2023-11-01T00:00:00+00:00'
[2023-11-21T00:52:04.663+0000] {warnings.py:109} WARNING - /opt/***/dags/etl_scripts/transform.py:67: UserWarning: Could not infer format, so each element will be parsed individually, falling back to `dateutil`. To ensure parsing is consistent and as-expected, please specify a format.
  data['ts'] = pd.to_datetime(data.DateTime)

[2023-11-21T00:52:09.659+0000] {local_task_job_runner.py:228} INFO - Task exited with return code -9
[2023-11-21T00:52:10.286+0000] {taskinstance.py:2778} INFO - 0 downstream tasks scheduled from follow-on schedule check
[2023-11-21T00:59:35.007+0000] {taskinstance.py:1159} INFO - Dependencies all met for dep_context=non-requeueable deps ti=<TaskInstance: outcomes_dag.transform scheduled__2023-11-01T00:00:00+00:00 [queued]>
[2023-11-21T00:59:35.031+0000] {taskinstance.py:1159} INFO - Dependencies all met for dep_context=requeueable deps ti=<TaskInstance: outcomes_dag.transform scheduled__2023-11-01T00:00:00+00:00 [queued]>
[2023-11-21T00:59:35.032+0000] {taskinstance.py:1361} INFO - Starting attempt 1 of 1
[2023-11-21T00:59:35.067+0000] {taskinstance.py:1382} INFO - Executing <Task(PythonOperator): transform> on 2023-11-01 00:00:00+00:00
[2023-11-21T00:59:35.096+0000] {standard_task_runner.py:57} INFO - Started process 138 to run task
[2023-11-21T00:59:35.119+0000] {standard_task_runner.py:84} INFO - Running: ['***', 'tasks', 'run', 'outcomes_dag', 'transform', 'scheduled__2023-11-01T00:00:00+00:00', '--job-id', '19', '--raw', '--subdir', 'DAGS_FOLDER/outcomes_dag.py', '--cfg-path', '/tmp/tmp7a5lui0c']
[2023-11-21T00:59:35.126+0000] {standard_task_runner.py:85} INFO - Job 19: Subtask transform
[2023-11-21T00:59:35.293+0000] {task_command.py:416} INFO - Running <TaskInstance: outcomes_dag.transform scheduled__2023-11-01T00:00:00+00:00 [running]> on host bf1573643830
[2023-11-21T00:59:36.912+0000] {taskinstance.py:1662} INFO - Exporting env vars: AIRFLOW_CTX_DAG_OWNER='***' AIRFLOW_CTX_DAG_ID='outcomes_dag' AIRFLOW_CTX_TASK_ID='transform' AIRFLOW_CTX_EXECUTION_DATE='2023-11-01T00:00:00+00:00' AIRFLOW_CTX_TRY_NUMBER='1' AIRFLOW_CTX_DAG_RUN_ID='scheduled__2023-11-01T00:00:00+00:00'
[2023-11-21T00:59:38.353+0000] {warnings.py:109} WARNING - /opt/***/dags/etl_scripts/transform.py:67: UserWarning: Could not infer format, so each element will be parsed individually, falling back to `dateutil`. To ensure parsing is consistent and as-expected, please specify a format.
  data['ts'] = pd.to_datetime(data.DateTime)

[2023-11-21T00:59:41.450+0000] {local_task_job_runner.py:228} INFO - Task exited with return code -9
[2023-11-21T00:59:41.585+0000] {taskinstance.py:2778} INFO - 0 downstream tasks scheduled from follow-on schedule check
[2023-11-21T03:55:13.381+0000] {taskinstance.py:1159} INFO - Dependencies all met for dep_context=non-requeueable deps ti=<TaskInstance: outcomes_dag.transform scheduled__2023-11-01T00:00:00+00:00 [queued]>
[2023-11-21T03:55:13.443+0000] {taskinstance.py:1159} INFO - Dependencies all met for dep_context=requeueable deps ti=<TaskInstance: outcomes_dag.transform scheduled__2023-11-01T00:00:00+00:00 [queued]>
[2023-11-21T03:55:13.457+0000] {taskinstance.py:1361} INFO - Starting attempt 1 of 1
[2023-11-21T03:55:13.987+0000] {taskinstance.py:1382} INFO - Executing <Task(PythonOperator): transform> on 2023-11-01 00:00:00+00:00
[2023-11-21T03:55:14.111+0000] {standard_task_runner.py:57} INFO - Started process 498 to run task
[2023-11-21T03:55:14.149+0000] {standard_task_runner.py:84} INFO - Running: ['***', 'tasks', 'run', 'outcomes_dag', 'transform', 'scheduled__2023-11-01T00:00:00+00:00', '--job-id', '18', '--raw', '--subdir', 'DAGS_FOLDER/outcomes_dag.py', '--cfg-path', '/tmp/tmpbtbb3dro']
[2023-11-21T03:55:14.276+0000] {standard_task_runner.py:85} INFO - Job 18: Subtask transform
[2023-11-21T03:55:14.939+0000] {task_command.py:416} INFO - Running <TaskInstance: outcomes_dag.transform scheduled__2023-11-01T00:00:00+00:00 [running]> on host a0f615083db8
[2023-11-21T03:55:23.736+0000] {local_task_job_runner.py:228} INFO - Task exited with return code -9
[2023-11-21T03:55:24.214+0000] {taskinstance.py:2778} INFO - 0 downstream tasks scheduled from follow-on schedule check
[2023-11-21T04:16:06.270+0000] {taskinstance.py:1159} INFO - Dependencies all met for dep_context=non-requeueable deps ti=<TaskInstance: outcomes_dag.transform scheduled__2023-11-01T00:00:00+00:00 [queued]>
[2023-11-21T04:16:06.344+0000] {taskinstance.py:1159} INFO - Dependencies all met for dep_context=requeueable deps ti=<TaskInstance: outcomes_dag.transform scheduled__2023-11-01T00:00:00+00:00 [queued]>
[2023-11-21T04:16:06.349+0000] {taskinstance.py:1361} INFO - Starting attempt 1 of 1
[2023-11-21T04:16:06.446+0000] {taskinstance.py:1382} INFO - Executing <Task(PythonOperator): transform> on 2023-11-01 00:00:00+00:00
[2023-11-21T04:16:06.599+0000] {standard_task_runner.py:57} INFO - Started process 184 to run task
[2023-11-21T04:16:06.712+0000] {standard_task_runner.py:84} INFO - Running: ['***', 'tasks', 'run', 'outcomes_dag', 'transform', 'scheduled__2023-11-01T00:00:00+00:00', '--job-id', '20', '--raw', '--subdir', 'DAGS_FOLDER/outcomes_dag.py', '--cfg-path', '/tmp/tmp2rcoipax']
[2023-11-21T04:16:06.779+0000] {standard_task_runner.py:85} INFO - Job 20: Subtask transform
[2023-11-21T04:16:07.331+0000] {task_command.py:416} INFO - Running <TaskInstance: outcomes_dag.transform scheduled__2023-11-01T00:00:00+00:00 [running]> on host dc3ce06c67c1
[2023-11-21T04:16:13.270+0000] {taskinstance.py:1662} INFO - Exporting env vars: AIRFLOW_CTX_DAG_OWNER='***' AIRFLOW_CTX_DAG_ID='outcomes_dag' AIRFLOW_CTX_TASK_ID='transform' AIRFLOW_CTX_EXECUTION_DATE='2023-11-01T00:00:00+00:00' AIRFLOW_CTX_TRY_NUMBER='1' AIRFLOW_CTX_DAG_RUN_ID='scheduled__2023-11-01T00:00:00+00:00'
[2023-11-21T04:16:15.947+0000] {warnings.py:109} WARNING - /opt/***/dags/etl_scripts/transform.py:67: UserWarning: Could not infer format, so each element will be parsed individually, falling back to `dateutil`. To ensure parsing is consistent and as-expected, please specify a format.
  data['ts'] = pd.to_datetime(data.DateTime)

[2023-11-21T04:16:51.542+0000] {local_task_job_runner.py:228} INFO - Task exited with return code -9
[2023-11-21T04:16:51.937+0000] {taskinstance.py:2778} INFO - 0 downstream tasks scheduled from follow-on schedule check
[2023-11-21T04:46:11.656+0000] {taskinstance.py:1159} INFO - Dependencies all met for dep_context=non-requeueable deps ti=<TaskInstance: outcomes_dag.transform scheduled__2023-11-01T00:00:00+00:00 [queued]>
[2023-11-21T04:46:11.765+0000] {taskinstance.py:1159} INFO - Dependencies all met for dep_context=requeueable deps ti=<TaskInstance: outcomes_dag.transform scheduled__2023-11-01T00:00:00+00:00 [queued]>
[2023-11-21T04:46:11.776+0000] {taskinstance.py:1361} INFO - Starting attempt 1 of 1
[2023-11-21T04:46:11.901+0000] {taskinstance.py:1382} INFO - Executing <Task(PythonOperator): transform> on 2023-11-01 00:00:00+00:00
[2023-11-21T04:46:11.998+0000] {standard_task_runner.py:57} INFO - Started process 155 to run task
[2023-11-21T04:46:12.095+0000] {standard_task_runner.py:84} INFO - Running: ['***', 'tasks', 'run', 'outcomes_dag', 'transform', 'scheduled__2023-11-01T00:00:00+00:00', '--job-id', '18', '--raw', '--subdir', 'DAGS_FOLDER/outcomes_dag.py', '--cfg-path', '/tmp/tmp7yqiv85h']
[2023-11-21T04:46:12.142+0000] {standard_task_runner.py:85} INFO - Job 18: Subtask transform
[2023-11-21T04:46:14.738+0000] {task_command.py:416} INFO - Running <TaskInstance: outcomes_dag.transform scheduled__2023-11-01T00:00:00+00:00 [running]> on host de20a855d915
[2023-11-21T04:46:19.113+0000] {taskinstance.py:1662} INFO - Exporting env vars: AIRFLOW_CTX_DAG_OWNER='***' AIRFLOW_CTX_DAG_ID='outcomes_dag' AIRFLOW_CTX_TASK_ID='transform' AIRFLOW_CTX_EXECUTION_DATE='2023-11-01T00:00:00+00:00' AIRFLOW_CTX_TRY_NUMBER='1' AIRFLOW_CTX_DAG_RUN_ID='scheduled__2023-11-01T00:00:00+00:00'
[2023-11-21T04:46:19.976+0000] {warnings.py:109} WARNING - /opt/***/dags/etl_scripts/transform.py:67: UserWarning: Could not infer format, so each element will be parsed individually, falling back to `dateutil`. To ensure parsing is consistent and as-expected, please specify a format.
  data['ts'] = pd.to_datetime(data.DateTime)

[2023-11-21T04:46:23.576+0000] {local_task_job_runner.py:228} INFO - Task exited with return code -9
[2023-11-21T04:46:23.690+0000] {taskinstance.py:2778} INFO - 0 downstream tasks scheduled from follow-on schedule check
[2023-11-21T05:28:54.553+0000] {taskinstance.py:1159} INFO - Dependencies all met for dep_context=non-requeueable deps ti=<TaskInstance: outcomes_dag.transform scheduled__2023-11-01T00:00:00+00:00 [queued]>
[2023-11-21T05:28:54.625+0000] {taskinstance.py:1159} INFO - Dependencies all met for dep_context=requeueable deps ti=<TaskInstance: outcomes_dag.transform scheduled__2023-11-01T00:00:00+00:00 [queued]>
[2023-11-21T05:28:54.630+0000] {taskinstance.py:1361} INFO - Starting attempt 1 of 1
[2023-11-21T05:28:55.301+0000] {taskinstance.py:1382} INFO - Executing <Task(PythonOperator): transform> on 2023-11-01 00:00:00+00:00
[2023-11-21T05:28:55.355+0000] {standard_task_runner.py:57} INFO - Started process 170 to run task
[2023-11-21T05:28:55.407+0000] {standard_task_runner.py:84} INFO - Running: ['***', 'tasks', 'run', 'outcomes_dag', 'transform', 'scheduled__2023-11-01T00:00:00+00:00', '--job-id', '19', '--raw', '--subdir', 'DAGS_FOLDER/outcomes_dag.py', '--cfg-path', '/tmp/tmpjs1qq1b8']
[2023-11-21T05:28:55.419+0000] {standard_task_runner.py:85} INFO - Job 19: Subtask transform
[2023-11-21T05:28:55.815+0000] {task_command.py:416} INFO - Running <TaskInstance: outcomes_dag.transform scheduled__2023-11-01T00:00:00+00:00 [running]> on host 1df7871f6344
[2023-11-21T05:28:59.591+0000] {taskinstance.py:1662} INFO - Exporting env vars: AIRFLOW_CTX_DAG_OWNER='***' AIRFLOW_CTX_DAG_ID='outcomes_dag' AIRFLOW_CTX_TASK_ID='transform' AIRFLOW_CTX_EXECUTION_DATE='2023-11-01T00:00:00+00:00' AIRFLOW_CTX_TRY_NUMBER='1' AIRFLOW_CTX_DAG_RUN_ID='scheduled__2023-11-01T00:00:00+00:00'
[2023-11-21T05:29:01.536+0000] {warnings.py:109} WARNING - /opt/***/dags/etl_scripts/transform.py:67: UserWarning: Could not infer format, so each element will be parsed individually, falling back to `dateutil`. To ensure parsing is consistent and as-expected, please specify a format.
  data['ts'] = pd.to_datetime(data.DateTime)

[2023-11-21T05:29:22.096+0000] {local_task_job_runner.py:228} INFO - Task exited with return code -9
[2023-11-21T05:29:24.987+0000] {taskinstance.py:2778} INFO - 0 downstream tasks scheduled from follow-on schedule check
