[2023-11-20T22:18:54.795+0000] {taskinstance.py:1159} INFO - Dependencies all met for dep_context=non-requeueable deps ti=<TaskInstance: outcomes_dag.transform scheduled__2023-11-02T00:00:00+00:00 [queued]>
[2023-11-20T22:18:54.848+0000] {taskinstance.py:1159} INFO - Dependencies all met for dep_context=requeueable deps ti=<TaskInstance: outcomes_dag.transform scheduled__2023-11-02T00:00:00+00:00 [queued]>
[2023-11-20T22:18:54.849+0000] {taskinstance.py:1361} INFO - Starting attempt 1 of 1
[2023-11-20T22:18:54.886+0000] {taskinstance.py:1382} INFO - Executing <Task(PythonOperator): transform> on 2023-11-02 00:00:00+00:00
[2023-11-20T22:18:54.913+0000] {standard_task_runner.py:57} INFO - Started process 197 to run task
[2023-11-20T22:18:54.951+0000] {standard_task_runner.py:84} INFO - Running: ['***', 'tasks', 'run', 'outcomes_dag', 'transform', 'scheduled__2023-11-02T00:00:00+00:00', '--job-id', '28', '--raw', '--subdir', 'DAGS_FOLDER/outcomes_dag.py', '--cfg-path', '/tmp/tmpqeznmzj5']
[2023-11-20T22:18:54.960+0000] {standard_task_runner.py:85} INFO - Job 28: Subtask transform
[2023-11-20T22:18:55.205+0000] {task_command.py:416} INFO - Running <TaskInstance: outcomes_dag.transform scheduled__2023-11-02T00:00:00+00:00 [running]> on host 3286f6d7d5f2
[2023-11-20T22:18:59.132+0000] {taskinstance.py:1662} INFO - Exporting env vars: AIRFLOW_CTX_DAG_OWNER='***' AIRFLOW_CTX_DAG_ID='outcomes_dag' AIRFLOW_CTX_TASK_ID='transform' AIRFLOW_CTX_EXECUTION_DATE='2023-11-02T00:00:00+00:00' AIRFLOW_CTX_TRY_NUMBER='1' AIRFLOW_CTX_DAG_RUN_ID='scheduled__2023-11-02T00:00:00+00:00'
[2023-11-20T22:19:00.362+0000] {warnings.py:109} WARNING - /opt/***/dags/etl_scripts/transform.py:67: UserWarning: Could not infer format, so each element will be parsed individually, falling back to `dateutil`. To ensure parsing is consistent and as-expected, please specify a format.
  data['ts'] = pd.to_datetime(data.DateTime)

[2023-11-20T22:19:28.398+0000] {python.py:194} INFO - Done. Returned value was: None
[2023-11-20T22:19:28.426+0000] {taskinstance.py:1400} INFO - Marking task as SUCCESS. dag_id=outcomes_dag, task_id=transform, execution_date=20231102T000000, start_date=20231120T221854, end_date=20231120T221928
[2023-11-20T22:19:28.576+0000] {local_task_job_runner.py:228} INFO - Task exited with return code 0
[2023-11-20T22:19:28.679+0000] {taskinstance.py:2778} INFO - 1 downstream tasks scheduled from follow-on schedule check
[2023-11-20T23:57:34.228+0000] {taskinstance.py:1159} INFO - Dependencies all met for dep_context=non-requeueable deps ti=<TaskInstance: outcomes_dag.transform scheduled__2023-11-02T00:00:00+00:00 [queued]>
[2023-11-20T23:57:34.237+0000] {taskinstance.py:1159} INFO - Dependencies all met for dep_context=requeueable deps ti=<TaskInstance: outcomes_dag.transform scheduled__2023-11-02T00:00:00+00:00 [queued]>
[2023-11-20T23:57:34.237+0000] {taskinstance.py:1361} INFO - Starting attempt 1 of 1
[2023-11-20T23:57:34.249+0000] {taskinstance.py:1382} INFO - Executing <Task(PythonOperator): transform> on 2023-11-02 00:00:00+00:00
[2023-11-20T23:57:34.265+0000] {standard_task_runner.py:57} INFO - Started process 178 to run task
[2023-11-20T23:57:34.285+0000] {standard_task_runner.py:84} INFO - Running: ['***', 'tasks', 'run', 'outcomes_dag', 'transform', 'scheduled__2023-11-02T00:00:00+00:00', '--job-id', '24', '--raw', '--subdir', 'DAGS_FOLDER/outcomes_dag.py', '--cfg-path', '/tmp/tmpe8qwmd2k']
[2023-11-20T23:57:34.294+0000] {standard_task_runner.py:85} INFO - Job 24: Subtask transform
[2023-11-20T23:57:34.384+0000] {task_command.py:416} INFO - Running <TaskInstance: outcomes_dag.transform scheduled__2023-11-02T00:00:00+00:00 [running]> on host 3aa39f73e581
[2023-11-20T23:57:35.590+0000] {taskinstance.py:1662} INFO - Exporting env vars: AIRFLOW_CTX_DAG_OWNER='***' AIRFLOW_CTX_DAG_ID='outcomes_dag' AIRFLOW_CTX_TASK_ID='transform' AIRFLOW_CTX_EXECUTION_DATE='2023-11-02T00:00:00+00:00' AIRFLOW_CTX_TRY_NUMBER='1' AIRFLOW_CTX_DAG_RUN_ID='scheduled__2023-11-02T00:00:00+00:00'
[2023-11-20T23:57:37.108+0000] {warnings.py:109} WARNING - /opt/***/dags/etl_scripts/transform.py:67: UserWarning: Could not infer format, so each element will be parsed individually, falling back to `dateutil`. To ensure parsing is consistent and as-expected, please specify a format.
  data['ts'] = pd.to_datetime(data.DateTime)

[2023-11-20T23:57:52.875+0000] {local_task_job_runner.py:228} INFO - Task exited with return code -9
[2023-11-20T23:57:53.402+0000] {taskinstance.py:2778} INFO - 0 downstream tasks scheduled from follow-on schedule check
[2023-11-21T00:52:20.325+0000] {taskinstance.py:1159} INFO - Dependencies all met for dep_context=non-requeueable deps ti=<TaskInstance: outcomes_dag.transform scheduled__2023-11-02T00:00:00+00:00 [queued]>
[2023-11-21T00:52:20.344+0000] {taskinstance.py:1159} INFO - Dependencies all met for dep_context=requeueable deps ti=<TaskInstance: outcomes_dag.transform scheduled__2023-11-02T00:00:00+00:00 [queued]>
[2023-11-21T00:52:20.346+0000] {taskinstance.py:1361} INFO - Starting attempt 1 of 1
[2023-11-21T00:52:20.381+0000] {taskinstance.py:1382} INFO - Executing <Task(PythonOperator): transform> on 2023-11-02 00:00:00+00:00
[2023-11-21T00:52:20.413+0000] {standard_task_runner.py:57} INFO - Started process 180 to run task
[2023-11-21T00:52:20.422+0000] {standard_task_runner.py:84} INFO - Running: ['***', 'tasks', 'run', 'outcomes_dag', 'transform', 'scheduled__2023-11-02T00:00:00+00:00', '--job-id', '25', '--raw', '--subdir', 'DAGS_FOLDER/outcomes_dag.py', '--cfg-path', '/tmp/tmpkilv55oy']
[2023-11-21T00:52:20.438+0000] {standard_task_runner.py:85} INFO - Job 25: Subtask transform
[2023-11-21T00:52:20.668+0000] {task_command.py:416} INFO - Running <TaskInstance: outcomes_dag.transform scheduled__2023-11-02T00:00:00+00:00 [running]> on host 39ee77aaeaf9
[2023-11-21T00:52:21.379+0000] {taskinstance.py:1662} INFO - Exporting env vars: AIRFLOW_CTX_DAG_OWNER='***' AIRFLOW_CTX_DAG_ID='outcomes_dag' AIRFLOW_CTX_TASK_ID='transform' AIRFLOW_CTX_EXECUTION_DATE='2023-11-02T00:00:00+00:00' AIRFLOW_CTX_TRY_NUMBER='1' AIRFLOW_CTX_DAG_RUN_ID='scheduled__2023-11-02T00:00:00+00:00'
[2023-11-21T00:52:22.295+0000] {warnings.py:109} WARNING - /opt/***/dags/etl_scripts/transform.py:67: UserWarning: Could not infer format, so each element will be parsed individually, falling back to `dateutil`. To ensure parsing is consistent and as-expected, please specify a format.
  data['ts'] = pd.to_datetime(data.DateTime)

[2023-11-21T00:52:41.800+0000] {taskinstance.py:1937} ERROR - Task failed with exception
Traceback (most recent call last):
  File "/home/airflow/.local/lib/python3.8/site-packages/airflow/operators/python.py", line 192, in execute
    return_value = self.execute_callable()
  File "/home/airflow/.local/lib/python3.8/site-packages/airflow/operators/python.py", line 209, in execute_callable
    return self.python_callable(*self.op_args, **self.op_kwargs)
  File "/opt/airflow/dags/etl_scripts/transform.py", line 21, in transform_data
    new_data = prep_data(new_data)
  File "/opt/airflow/dags/etl_scripts/transform.py", line 75, in prep_data
    data = data.drop_duplicates(subset=['animal_id'])
  File "/home/airflow/.local/lib/python3.8/site-packages/pandas/core/frame.py", line 6522, in drop_duplicates
    result = self[-self.duplicated(subset, keep=keep)]
  File "/home/airflow/.local/lib/python3.8/site-packages/pandas/core/frame.py", line 6654, in duplicated
    raise KeyError(Index(diff))
KeyError: Index(['animal_id'], dtype='object')
[2023-11-21T00:52:41.867+0000] {taskinstance.py:1400} INFO - Marking task as FAILED. dag_id=outcomes_dag, task_id=transform, execution_date=20231102T000000, start_date=20231121T005220, end_date=20231121T005241
[2023-11-21T00:52:41.934+0000] {standard_task_runner.py:104} ERROR - Failed to execute job 25 for task transform (Index(['animal_id'], dtype='object'); 180)
[2023-11-21T00:52:42.027+0000] {local_task_job_runner.py:228} INFO - Task exited with return code 1
[2023-11-21T00:52:42.231+0000] {taskinstance.py:2778} INFO - 0 downstream tasks scheduled from follow-on schedule check
[2023-11-21T00:59:48.143+0000] {taskinstance.py:1159} INFO - Dependencies all met for dep_context=non-requeueable deps ti=<TaskInstance: outcomes_dag.transform scheduled__2023-11-02T00:00:00+00:00 [queued]>
[2023-11-21T00:59:48.153+0000] {taskinstance.py:1159} INFO - Dependencies all met for dep_context=requeueable deps ti=<TaskInstance: outcomes_dag.transform scheduled__2023-11-02T00:00:00+00:00 [queued]>
[2023-11-21T00:59:48.154+0000] {taskinstance.py:1361} INFO - Starting attempt 1 of 1
[2023-11-21T00:59:48.395+0000] {taskinstance.py:1382} INFO - Executing <Task(PythonOperator): transform> on 2023-11-02 00:00:00+00:00
[2023-11-21T00:59:48.423+0000] {standard_task_runner.py:57} INFO - Started process 171 to run task
[2023-11-21T00:59:48.469+0000] {standard_task_runner.py:84} INFO - Running: ['***', 'tasks', 'run', 'outcomes_dag', 'transform', 'scheduled__2023-11-02T00:00:00+00:00', '--job-id', '23', '--raw', '--subdir', 'DAGS_FOLDER/outcomes_dag.py', '--cfg-path', '/tmp/tmpdcgrsfac']
[2023-11-21T00:59:48.494+0000] {standard_task_runner.py:85} INFO - Job 23: Subtask transform
[2023-11-21T00:59:48.682+0000] {task_command.py:416} INFO - Running <TaskInstance: outcomes_dag.transform scheduled__2023-11-02T00:00:00+00:00 [running]> on host bf1573643830
[2023-11-21T00:59:51.167+0000] {taskinstance.py:1662} INFO - Exporting env vars: AIRFLOW_CTX_DAG_OWNER='***' AIRFLOW_CTX_DAG_ID='outcomes_dag' AIRFLOW_CTX_TASK_ID='transform' AIRFLOW_CTX_EXECUTION_DATE='2023-11-02T00:00:00+00:00' AIRFLOW_CTX_TRY_NUMBER='1' AIRFLOW_CTX_DAG_RUN_ID='scheduled__2023-11-02T00:00:00+00:00'
[2023-11-21T00:59:52.940+0000] {warnings.py:109} WARNING - /opt/***/dags/etl_scripts/transform.py:67: UserWarning: Could not infer format, so each element will be parsed individually, falling back to `dateutil`. To ensure parsing is consistent and as-expected, please specify a format.
  data['ts'] = pd.to_datetime(data.DateTime)

[2023-11-21T01:00:02.626+0000] {local_task_job_runner.py:228} INFO - Task exited with return code -9
[2023-11-21T01:00:03.018+0000] {taskinstance.py:2778} INFO - 0 downstream tasks scheduled from follow-on schedule check
[2023-11-21T03:55:40.029+0000] {taskinstance.py:1159} INFO - Dependencies all met for dep_context=non-requeueable deps ti=<TaskInstance: outcomes_dag.transform scheduled__2023-11-02T00:00:00+00:00 [queued]>
[2023-11-21T03:55:40.054+0000] {taskinstance.py:1159} INFO - Dependencies all met for dep_context=requeueable deps ti=<TaskInstance: outcomes_dag.transform scheduled__2023-11-02T00:00:00+00:00 [queued]>
[2023-11-21T03:55:40.055+0000] {taskinstance.py:1361} INFO - Starting attempt 1 of 1
[2023-11-21T03:55:40.072+0000] {taskinstance.py:1382} INFO - Executing <Task(PythonOperator): transform> on 2023-11-02 00:00:00+00:00
[2023-11-21T03:55:40.079+0000] {standard_task_runner.py:57} INFO - Started process 528 to run task
[2023-11-21T03:55:40.085+0000] {standard_task_runner.py:84} INFO - Running: ['***', 'tasks', 'run', 'outcomes_dag', 'transform', 'scheduled__2023-11-02T00:00:00+00:00', '--job-id', '25', '--raw', '--subdir', 'DAGS_FOLDER/outcomes_dag.py', '--cfg-path', '/tmp/tmp3ssear4s']
[2023-11-21T03:55:40.090+0000] {standard_task_runner.py:85} INFO - Job 25: Subtask transform
[2023-11-21T03:55:40.153+0000] {task_command.py:416} INFO - Running <TaskInstance: outcomes_dag.transform scheduled__2023-11-02T00:00:00+00:00 [running]> on host a0f615083db8
[2023-11-21T03:55:42.777+0000] {taskinstance.py:1662} INFO - Exporting env vars: AIRFLOW_CTX_DAG_OWNER='***' AIRFLOW_CTX_DAG_ID='outcomes_dag' AIRFLOW_CTX_TASK_ID='transform' AIRFLOW_CTX_EXECUTION_DATE='2023-11-02T00:00:00+00:00' AIRFLOW_CTX_TRY_NUMBER='1' AIRFLOW_CTX_DAG_RUN_ID='scheduled__2023-11-02T00:00:00+00:00'
[2023-11-21T03:55:43.589+0000] {local_task_job_runner.py:228} INFO - Task exited with return code -9
[2023-11-21T03:55:44.192+0000] {taskinstance.py:2778} INFO - 0 downstream tasks scheduled from follow-on schedule check
[2023-11-21T04:16:34.249+0000] {taskinstance.py:1159} INFO - Dependencies all met for dep_context=non-requeueable deps ti=<TaskInstance: outcomes_dag.transform scheduled__2023-11-02T00:00:00+00:00 [queued]>
[2023-11-21T04:16:34.279+0000] {taskinstance.py:1159} INFO - Dependencies all met for dep_context=requeueable deps ti=<TaskInstance: outcomes_dag.transform scheduled__2023-11-02T00:00:00+00:00 [queued]>
[2023-11-21T04:16:34.279+0000] {taskinstance.py:1361} INFO - Starting attempt 1 of 1
[2023-11-21T04:16:34.329+0000] {taskinstance.py:1382} INFO - Executing <Task(PythonOperator): transform> on 2023-11-02 00:00:00+00:00
[2023-11-21T04:16:34.344+0000] {standard_task_runner.py:57} INFO - Started process 217 to run task
[2023-11-21T04:16:34.356+0000] {standard_task_runner.py:84} INFO - Running: ['***', 'tasks', 'run', 'outcomes_dag', 'transform', 'scheduled__2023-11-02T00:00:00+00:00', '--job-id', '26', '--raw', '--subdir', 'DAGS_FOLDER/outcomes_dag.py', '--cfg-path', '/tmp/tmphfl6jrmj']
[2023-11-21T04:16:34.385+0000] {standard_task_runner.py:85} INFO - Job 26: Subtask transform
[2023-11-21T04:16:34.551+0000] {task_command.py:416} INFO - Running <TaskInstance: outcomes_dag.transform scheduled__2023-11-02T00:00:00+00:00 [running]> on host dc3ce06c67c1
[2023-11-21T04:16:41.008+0000] {taskinstance.py:1662} INFO - Exporting env vars: AIRFLOW_CTX_DAG_OWNER='***' AIRFLOW_CTX_DAG_ID='outcomes_dag' AIRFLOW_CTX_TASK_ID='transform' AIRFLOW_CTX_EXECUTION_DATE='2023-11-02T00:00:00+00:00' AIRFLOW_CTX_TRY_NUMBER='1' AIRFLOW_CTX_DAG_RUN_ID='scheduled__2023-11-02T00:00:00+00:00'
[2023-11-21T04:16:42.324+0000] {warnings.py:109} WARNING - /opt/***/dags/etl_scripts/transform.py:67: UserWarning: Could not infer format, so each element will be parsed individually, falling back to `dateutil`. To ensure parsing is consistent and as-expected, please specify a format.
  data['ts'] = pd.to_datetime(data.DateTime)

[2023-11-21T04:17:06.803+0000] {local_task_job_runner.py:228} INFO - Task exited with return code -9
[2023-11-21T04:17:07.157+0000] {taskinstance.py:2778} INFO - 0 downstream tasks scheduled from follow-on schedule check
[2023-11-21T04:46:29.508+0000] {taskinstance.py:1159} INFO - Dependencies all met for dep_context=non-requeueable deps ti=<TaskInstance: outcomes_dag.transform scheduled__2023-11-02T00:00:00+00:00 [queued]>
[2023-11-21T04:46:29.535+0000] {taskinstance.py:1159} INFO - Dependencies all met for dep_context=requeueable deps ti=<TaskInstance: outcomes_dag.transform scheduled__2023-11-02T00:00:00+00:00 [queued]>
[2023-11-21T04:46:29.536+0000] {taskinstance.py:1361} INFO - Starting attempt 1 of 1
[2023-11-21T04:46:29.587+0000] {taskinstance.py:1382} INFO - Executing <Task(PythonOperator): transform> on 2023-11-02 00:00:00+00:00
[2023-11-21T04:46:29.609+0000] {standard_task_runner.py:57} INFO - Started process 184 to run task
[2023-11-21T04:46:29.621+0000] {standard_task_runner.py:84} INFO - Running: ['***', 'tasks', 'run', 'outcomes_dag', 'transform', 'scheduled__2023-11-02T00:00:00+00:00', '--job-id', '25', '--raw', '--subdir', 'DAGS_FOLDER/outcomes_dag.py', '--cfg-path', '/tmp/tmp9ky8l0z_']
[2023-11-21T04:46:29.636+0000] {standard_task_runner.py:85} INFO - Job 25: Subtask transform
[2023-11-21T04:46:29.793+0000] {task_command.py:416} INFO - Running <TaskInstance: outcomes_dag.transform scheduled__2023-11-02T00:00:00+00:00 [running]> on host de20a855d915
[2023-11-21T04:46:32.077+0000] {taskinstance.py:1662} INFO - Exporting env vars: AIRFLOW_CTX_DAG_OWNER='***' AIRFLOW_CTX_DAG_ID='outcomes_dag' AIRFLOW_CTX_TASK_ID='transform' AIRFLOW_CTX_EXECUTION_DATE='2023-11-02T00:00:00+00:00' AIRFLOW_CTX_TRY_NUMBER='1' AIRFLOW_CTX_DAG_RUN_ID='scheduled__2023-11-02T00:00:00+00:00'
[2023-11-21T04:46:33.891+0000] {warnings.py:109} WARNING - /opt/***/dags/etl_scripts/transform.py:67: UserWarning: Could not infer format, so each element will be parsed individually, falling back to `dateutil`. To ensure parsing is consistent and as-expected, please specify a format.
  data['ts'] = pd.to_datetime(data.DateTime)

[2023-11-21T04:46:53.835+0000] {local_task_job_runner.py:228} INFO - Task exited with return code -9
[2023-11-21T04:46:54.253+0000] {taskinstance.py:2778} INFO - 0 downstream tasks scheduled from follow-on schedule check
[2023-11-21T05:29:26.056+0000] {taskinstance.py:1159} INFO - Dependencies all met for dep_context=non-requeueable deps ti=<TaskInstance: outcomes_dag.transform scheduled__2023-11-02T00:00:00+00:00 [queued]>
[2023-11-21T05:29:26.373+0000] {taskinstance.py:1159} INFO - Dependencies all met for dep_context=requeueable deps ti=<TaskInstance: outcomes_dag.transform scheduled__2023-11-02T00:00:00+00:00 [queued]>
[2023-11-21T05:29:26.376+0000] {taskinstance.py:1361} INFO - Starting attempt 1 of 1
[2023-11-21T05:29:26.712+0000] {taskinstance.py:1382} INFO - Executing <Task(PythonOperator): transform> on 2023-11-02 00:00:00+00:00
[2023-11-21T05:29:26.740+0000] {standard_task_runner.py:57} INFO - Started process 205 to run task
[2023-11-21T05:29:26.804+0000] {standard_task_runner.py:84} INFO - Running: ['***', 'tasks', 'run', 'outcomes_dag', 'transform', 'scheduled__2023-11-02T00:00:00+00:00', '--job-id', '26', '--raw', '--subdir', 'DAGS_FOLDER/outcomes_dag.py', '--cfg-path', '/tmp/tmpqn0r8qb2']
[2023-11-21T05:29:26.839+0000] {standard_task_runner.py:85} INFO - Job 26: Subtask transform
[2023-11-21T05:29:28.205+0000] {task_command.py:416} INFO - Running <TaskInstance: outcomes_dag.transform scheduled__2023-11-02T00:00:00+00:00 [running]> on host 1df7871f6344
[2023-11-21T05:29:34.226+0000] {taskinstance.py:1662} INFO - Exporting env vars: AIRFLOW_CTX_DAG_OWNER='***' AIRFLOW_CTX_DAG_ID='outcomes_dag' AIRFLOW_CTX_TASK_ID='transform' AIRFLOW_CTX_EXECUTION_DATE='2023-11-02T00:00:00+00:00' AIRFLOW_CTX_TRY_NUMBER='1' AIRFLOW_CTX_DAG_RUN_ID='scheduled__2023-11-02T00:00:00+00:00'
[2023-11-21T05:29:37.454+0000] {warnings.py:109} WARNING - /opt/***/dags/etl_scripts/transform.py:67: UserWarning: Could not infer format, so each element will be parsed individually, falling back to `dateutil`. To ensure parsing is consistent and as-expected, please specify a format.
  data['ts'] = pd.to_datetime(data.DateTime)

[2023-11-21T05:30:06.262+0000] {python.py:194} INFO - Done. Returned value was: None
[2023-11-21T05:30:06.323+0000] {taskinstance.py:1400} INFO - Marking task as SUCCESS. dag_id=outcomes_dag, task_id=transform, execution_date=20231102T000000, start_date=20231121T052926, end_date=20231121T053006
[2023-11-21T05:30:06.639+0000] {local_task_job_runner.py:228} INFO - Task exited with return code 0
[2023-11-21T05:30:06.763+0000] {taskinstance.py:2778} INFO - 3 downstream tasks scheduled from follow-on schedule check
