[2023-11-20T22:18:47.480+0000] {taskinstance.py:1159} INFO - Dependencies all met for dep_context=non-requeueable deps ti=<TaskInstance: outcomes_dag.transform scheduled__2023-11-14T00:00:00+00:00 [queued]>
[2023-11-20T22:18:47.504+0000] {taskinstance.py:1159} INFO - Dependencies all met for dep_context=requeueable deps ti=<TaskInstance: outcomes_dag.transform scheduled__2023-11-14T00:00:00+00:00 [queued]>
[2023-11-20T22:18:47.506+0000] {taskinstance.py:1361} INFO - Starting attempt 1 of 1
[2023-11-20T22:18:47.605+0000] {taskinstance.py:1382} INFO - Executing <Task(PythonOperator): transform> on 2023-11-14 00:00:00+00:00
[2023-11-20T22:18:47.614+0000] {standard_task_runner.py:57} INFO - Started process 185 to run task
[2023-11-20T22:18:47.621+0000] {standard_task_runner.py:84} INFO - Running: ['***', 'tasks', 'run', 'outcomes_dag', 'transform', 'scheduled__2023-11-14T00:00:00+00:00', '--job-id', '22', '--raw', '--subdir', 'DAGS_FOLDER/outcomes_dag.py', '--cfg-path', '/tmp/tmpbas4khqz']
[2023-11-20T22:18:47.626+0000] {standard_task_runner.py:85} INFO - Job 22: Subtask transform
[2023-11-20T22:18:47.761+0000] {task_command.py:416} INFO - Running <TaskInstance: outcomes_dag.transform scheduled__2023-11-14T00:00:00+00:00 [running]> on host 3286f6d7d5f2
[2023-11-20T22:18:48.749+0000] {taskinstance.py:1662} INFO - Exporting env vars: AIRFLOW_CTX_DAG_OWNER='***' AIRFLOW_CTX_DAG_ID='outcomes_dag' AIRFLOW_CTX_TASK_ID='transform' AIRFLOW_CTX_EXECUTION_DATE='2023-11-14T00:00:00+00:00' AIRFLOW_CTX_TRY_NUMBER='1' AIRFLOW_CTX_DAG_RUN_ID='scheduled__2023-11-14T00:00:00+00:00'
[2023-11-20T22:18:50.187+0000] {warnings.py:109} WARNING - /opt/***/dags/etl_scripts/transform.py:67: UserWarning: Could not infer format, so each element will be parsed individually, falling back to `dateutil`. To ensure parsing is consistent and as-expected, please specify a format.
  data['ts'] = pd.to_datetime(data.DateTime)

[2023-11-20T22:19:20.133+0000] {python.py:194} INFO - Done. Returned value was: None
[2023-11-20T22:19:20.241+0000] {taskinstance.py:1400} INFO - Marking task as SUCCESS. dag_id=outcomes_dag, task_id=transform, execution_date=20231114T000000, start_date=20231120T221847, end_date=20231120T221920
[2023-11-20T22:19:20.353+0000] {local_task_job_runner.py:228} INFO - Task exited with return code 0
[2023-11-20T22:19:20.478+0000] {taskinstance.py:2778} INFO - 1 downstream tasks scheduled from follow-on schedule check
[2023-11-21T01:14:05.476+0000] {taskinstance.py:1159} INFO - Dependencies all met for dep_context=non-requeueable deps ti=<TaskInstance: outcomes_dag.transform scheduled__2023-11-14T00:00:00+00:00 [queued]>
[2023-11-21T01:14:05.563+0000] {taskinstance.py:1159} INFO - Dependencies all met for dep_context=requeueable deps ti=<TaskInstance: outcomes_dag.transform scheduled__2023-11-14T00:00:00+00:00 [queued]>
[2023-11-21T01:14:05.564+0000] {taskinstance.py:1361} INFO - Starting attempt 1 of 1
[2023-11-21T01:14:05.621+0000] {taskinstance.py:1382} INFO - Executing <Task(PythonOperator): transform> on 2023-11-14 00:00:00+00:00
[2023-11-21T01:14:05.648+0000] {standard_task_runner.py:57} INFO - Started process 201 to run task
[2023-11-21T01:14:05.664+0000] {standard_task_runner.py:84} INFO - Running: ['***', 'tasks', 'run', 'outcomes_dag', 'transform', 'scheduled__2023-11-14T00:00:00+00:00', '--job-id', '22', '--raw', '--subdir', 'DAGS_FOLDER/outcomes_dag.py', '--cfg-path', '/tmp/tmpb96x7uh_']
[2023-11-21T01:14:05.672+0000] {standard_task_runner.py:85} INFO - Job 22: Subtask transform
[2023-11-21T01:14:05.833+0000] {task_command.py:416} INFO - Running <TaskInstance: outcomes_dag.transform scheduled__2023-11-14T00:00:00+00:00 [running]> on host 9a73044c5577
[2023-11-21T01:14:13.679+0000] {taskinstance.py:1662} INFO - Exporting env vars: AIRFLOW_CTX_DAG_OWNER='***' AIRFLOW_CTX_DAG_ID='outcomes_dag' AIRFLOW_CTX_TASK_ID='transform' AIRFLOW_CTX_EXECUTION_DATE='2023-11-14T00:00:00+00:00' AIRFLOW_CTX_TRY_NUMBER='1' AIRFLOW_CTX_DAG_RUN_ID='scheduled__2023-11-14T00:00:00+00:00'
[2023-11-21T01:14:15.003+0000] {local_task_job_runner.py:228} INFO - Task exited with return code -9
[2023-11-21T01:14:15.997+0000] {taskinstance.py:2778} INFO - 0 downstream tasks scheduled from follow-on schedule check
