[2023-11-20T23:58:00.725+0000] {taskinstance.py:1159} INFO - Dependencies all met for dep_context=non-requeueable deps ti=<TaskInstance: outcomes_dag.load_outcome_types_dim scheduled__2023-11-11T00:00:00+00:00 [queued]>
[2023-11-20T23:58:00.922+0000] {taskinstance.py:1159} INFO - Dependencies all met for dep_context=requeueable deps ti=<TaskInstance: outcomes_dag.load_outcome_types_dim scheduled__2023-11-11T00:00:00+00:00 [queued]>
[2023-11-20T23:58:00.929+0000] {taskinstance.py:1361} INFO - Starting attempt 1 of 1
[2023-11-20T23:58:01.184+0000] {taskinstance.py:1382} INFO - Executing <Task(PythonOperator): load_outcome_types_dim> on 2023-11-11 00:00:00+00:00
[2023-11-20T23:58:01.256+0000] {standard_task_runner.py:57} INFO - Started process 267 to run task
[2023-11-20T23:58:01.290+0000] {standard_task_runner.py:84} INFO - Running: ['***', 'tasks', 'run', 'outcomes_dag', 'load_outcome_types_dim', 'scheduled__2023-11-11T00:00:00+00:00', '--job-id', '35', '--raw', '--subdir', 'DAGS_FOLDER/outcomes_dag.py', '--cfg-path', '/tmp/tmpnwwmnx9p']
[2023-11-20T23:58:01.306+0000] {standard_task_runner.py:85} INFO - Job 35: Subtask load_outcome_types_dim
[2023-11-20T23:58:01.540+0000] {task_command.py:416} INFO - Running <TaskInstance: outcomes_dag.load_outcome_types_dim scheduled__2023-11-11T00:00:00+00:00 [running]> on host 3aa39f73e581
[2023-11-20T23:58:07.420+0000] {taskinstance.py:1662} INFO - Exporting env vars: AIRFLOW_CTX_DAG_OWNER='***' AIRFLOW_CTX_DAG_ID='outcomes_dag' AIRFLOW_CTX_TASK_ID='load_outcome_types_dim' AIRFLOW_CTX_EXECUTION_DATE='2023-11-11T00:00:00+00:00' AIRFLOW_CTX_TRY_NUMBER='1' AIRFLOW_CTX_DAG_RUN_ID='scheduled__2023-11-11T00:00:00+00:00'
[2023-11-20T23:58:08.914+0000] {logging_mixin.py:154} INFO - dim_outcome_types loaded
[2023-11-20T23:58:08.918+0000] {python.py:194} INFO - Done. Returned value was: None
[2023-11-20T23:58:09.008+0000] {taskinstance.py:1400} INFO - Marking task as SUCCESS. dag_id=outcomes_dag, task_id=load_outcome_types_dim, execution_date=20231111T000000, start_date=20231120T235800, end_date=20231120T235809
[2023-11-20T23:58:09.292+0000] {local_task_job_runner.py:228} INFO - Task exited with return code 0
[2023-11-20T23:58:09.635+0000] {taskinstance.py:2778} INFO - 0 downstream tasks scheduled from follow-on schedule check
[2023-11-21T04:46:56.968+0000] {taskinstance.py:1159} INFO - Dependencies all met for dep_context=non-requeueable deps ti=<TaskInstance: outcomes_dag.load_outcome_types_dim scheduled__2023-11-11T00:00:00+00:00 [queued]>
[2023-11-21T04:46:57.003+0000] {taskinstance.py:1159} INFO - Dependencies all met for dep_context=requeueable deps ti=<TaskInstance: outcomes_dag.load_outcome_types_dim scheduled__2023-11-11T00:00:00+00:00 [queued]>
[2023-11-21T04:46:57.005+0000] {taskinstance.py:1361} INFO - Starting attempt 1 of 1
[2023-11-21T04:46:57.101+0000] {taskinstance.py:1382} INFO - Executing <Task(PythonOperator): load_outcome_types_dim> on 2023-11-11 00:00:00+00:00
[2023-11-21T04:46:57.114+0000] {standard_task_runner.py:57} INFO - Started process 228 to run task
[2023-11-21T04:46:57.120+0000] {standard_task_runner.py:84} INFO - Running: ['***', 'tasks', 'run', 'outcomes_dag', 'load_outcome_types_dim', 'scheduled__2023-11-11T00:00:00+00:00', '--job-id', '30', '--raw', '--subdir', 'DAGS_FOLDER/outcomes_dag.py', '--cfg-path', '/tmp/tmp8iouh6an']
[2023-11-21T04:46:57.127+0000] {standard_task_runner.py:85} INFO - Job 30: Subtask load_outcome_types_dim
[2023-11-21T04:46:57.288+0000] {task_command.py:416} INFO - Running <TaskInstance: outcomes_dag.load_outcome_types_dim scheduled__2023-11-11T00:00:00+00:00 [running]> on host de20a855d915
[2023-11-21T04:46:59.769+0000] {taskinstance.py:1662} INFO - Exporting env vars: AIRFLOW_CTX_DAG_OWNER='***' AIRFLOW_CTX_DAG_ID='outcomes_dag' AIRFLOW_CTX_TASK_ID='load_outcome_types_dim' AIRFLOW_CTX_EXECUTION_DATE='2023-11-11T00:00:00+00:00' AIRFLOW_CTX_TRY_NUMBER='1' AIRFLOW_CTX_DAG_RUN_ID='scheduled__2023-11-11T00:00:00+00:00'
[2023-11-21T04:47:00.196+0000] {logging_mixin.py:154} INFO - dim_outcome_types loaded
[2023-11-21T04:47:00.200+0000] {python.py:194} INFO - Done. Returned value was: None
[2023-11-21T04:47:00.347+0000] {taskinstance.py:1400} INFO - Marking task as SUCCESS. dag_id=outcomes_dag, task_id=load_outcome_types_dim, execution_date=20231111T000000, start_date=20231121T044656, end_date=20231121T044700
[2023-11-21T04:47:01.018+0000] {local_task_job_runner.py:228} INFO - Task exited with return code 0
[2023-11-21T04:47:01.232+0000] {taskinstance.py:2778} INFO - 0 downstream tasks scheduled from follow-on schedule check
