[2023-11-20T22:18:27.720+0000] {taskinstance.py:1159} INFO - Dependencies all met for dep_context=non-requeueable deps ti=<TaskInstance: outcomes_dag.extract scheduled__2023-11-14T00:00:00+00:00 [queued]>
[2023-11-20T22:18:27.799+0000] {taskinstance.py:1159} INFO - Dependencies all met for dep_context=requeueable deps ti=<TaskInstance: outcomes_dag.extract scheduled__2023-11-14T00:00:00+00:00 [queued]>
[2023-11-20T22:18:27.814+0000] {taskinstance.py:1361} INFO - Starting attempt 1 of 1
[2023-11-20T22:18:28.523+0000] {taskinstance.py:1382} INFO - Executing <Task(BashOperator): extract> on 2023-11-14 00:00:00+00:00
[2023-11-20T22:18:28.534+0000] {standard_task_runner.py:57} INFO - Started process 151 to run task
[2023-11-20T22:18:28.547+0000] {standard_task_runner.py:84} INFO - Running: ['***', 'tasks', 'run', 'outcomes_dag', 'extract', 'scheduled__2023-11-14T00:00:00+00:00', '--job-id', '14', '--raw', '--subdir', 'DAGS_FOLDER/outcomes_dag.py', '--cfg-path', '/tmp/tmpbty8klpf']
[2023-11-20T22:18:28.597+0000] {standard_task_runner.py:85} INFO - Job 14: Subtask extract
[2023-11-20T22:18:28.782+0000] {task_command.py:416} INFO - Running <TaskInstance: outcomes_dag.extract scheduled__2023-11-14T00:00:00+00:00 [running]> on host 3286f6d7d5f2
[2023-11-20T22:18:32.332+0000] {taskinstance.py:1662} INFO - Exporting env vars: AIRFLOW_CTX_DAG_OWNER='***' AIRFLOW_CTX_DAG_ID='outcomes_dag' AIRFLOW_CTX_TASK_ID='extract' AIRFLOW_CTX_EXECUTION_DATE='2023-11-14T00:00:00+00:00' AIRFLOW_CTX_TRY_NUMBER='1' AIRFLOW_CTX_DAG_RUN_ID='scheduled__2023-11-14T00:00:00+00:00'
[2023-11-20T22:18:32.461+0000] {subprocess.py:63} INFO - Tmp dir root location: /tmp
[2023-11-20T22:18:32.498+0000] {subprocess.py:75} INFO - Running command: ['/bin/bash', '-c', 'curl --create-dirs -o /opt/***/data/2023-11-14/downloads/outcomes_2023-11-14.csv https://data.austintexas.gov/api/views/9t4d-g238/rows.csv']
[2023-11-20T22:18:32.599+0000] {subprocess.py:86} INFO - Output:
[2023-11-20T22:18:33.355+0000] {subprocess.py:93} INFO -   % Total    % Received % Xferd  Average Speed   Time    Time     Time  Current
[2023-11-20T22:18:33.409+0000] {subprocess.py:93} INFO -                                  Dload  Upload   Total   Spent    Left  Speed
[2023-11-20T22:18:40.507+0000] {subprocess.py:93} INFO -   0     0    0     0    0     0      0      0 --:--:-- --:--:-- --:--:--     0  0     0    0     0    0     0      0      0 --:--:--  0:00:01 --:--:--     0100 15533    0 15533    0     0   8006      0 --:--:--  0:00:01 --:--:--  8019100 2094k    0 2094k    0     0   711k      0 --:--:--  0:00:02 --:--:--  712k100 7550k    0 7550k    0     0  1920k      0 --:--:--  0:00:03 --:--:-- 1921k100 11.3M    0 11.3M    0     0  2351k      0 --:--:--  0:00:04 --:--:-- 2352k100 14.8M    0 14.8M    0     0  2570k      0 --:--:--  0:00:05 --:--:-- 3145k100 18.5M    0 18.5M    0     0  2715k      0 --:--:--  0:00:06 --:--:-- 3758k100 19.0M    0 19.0M    0     0  2720k      0 --:--:--  0:00:07 --:--:-- 4124k
[2023-11-20T22:18:40.604+0000] {subprocess.py:97} INFO - Command exited with return code 0
[2023-11-20T22:18:40.885+0000] {taskinstance.py:1400} INFO - Marking task as SUCCESS. dag_id=outcomes_dag, task_id=extract, execution_date=20231114T000000, start_date=20231120T221827, end_date=20231120T221840
[2023-11-20T22:18:41.342+0000] {local_task_job_runner.py:228} INFO - Task exited with return code 0
[2023-11-20T22:18:41.685+0000] {taskinstance.py:2778} INFO - 1 downstream tasks scheduled from follow-on schedule check
[2023-11-20T23:57:05.890+0000] {taskinstance.py:1159} INFO - Dependencies all met for dep_context=non-requeueable deps ti=<TaskInstance: outcomes_dag.extract scheduled__2023-11-14T00:00:00+00:00 [queued]>
[2023-11-20T23:57:05.932+0000] {taskinstance.py:1159} INFO - Dependencies all met for dep_context=requeueable deps ti=<TaskInstance: outcomes_dag.extract scheduled__2023-11-14T00:00:00+00:00 [queued]>
[2023-11-20T23:57:05.934+0000] {taskinstance.py:1361} INFO - Starting attempt 1 of 1
[2023-11-20T23:57:06.013+0000] {taskinstance.py:1382} INFO - Executing <Task(BashOperator): extract> on 2023-11-14 00:00:00+00:00
[2023-11-20T23:57:06.024+0000] {standard_task_runner.py:57} INFO - Started process 132 to run task
[2023-11-20T23:57:06.078+0000] {standard_task_runner.py:84} INFO - Running: ['***', 'tasks', 'run', 'outcomes_dag', 'extract', 'scheduled__2023-11-14T00:00:00+00:00', '--job-id', '13', '--raw', '--subdir', 'DAGS_FOLDER/outcomes_dag.py', '--cfg-path', '/tmp/tmpc7_ttevh']
[2023-11-20T23:57:06.095+0000] {standard_task_runner.py:85} INFO - Job 13: Subtask extract
[2023-11-20T23:57:07.100+0000] {task_command.py:416} INFO - Running <TaskInstance: outcomes_dag.extract scheduled__2023-11-14T00:00:00+00:00 [running]> on host 3aa39f73e581
[2023-11-20T23:57:10.845+0000] {local_task_job_runner.py:228} INFO - Task exited with return code -9
[2023-11-20T23:57:11.356+0000] {taskinstance.py:2778} INFO - 0 downstream tasks scheduled from follow-on schedule check
[2023-11-21T00:51:36.427+0000] {taskinstance.py:1159} INFO - Dependencies all met for dep_context=non-requeueable deps ti=<TaskInstance: outcomes_dag.extract scheduled__2023-11-14T00:00:00+00:00 [queued]>
[2023-11-21T00:51:36.486+0000] {taskinstance.py:1159} INFO - Dependencies all met for dep_context=requeueable deps ti=<TaskInstance: outcomes_dag.extract scheduled__2023-11-14T00:00:00+00:00 [queued]>
[2023-11-21T00:51:36.489+0000] {taskinstance.py:1361} INFO - Starting attempt 1 of 1
[2023-11-21T00:51:36.517+0000] {taskinstance.py:1382} INFO - Executing <Task(BashOperator): extract> on 2023-11-14 00:00:00+00:00
[2023-11-21T00:51:36.567+0000] {standard_task_runner.py:57} INFO - Started process 115 to run task
[2023-11-21T00:51:36.627+0000] {standard_task_runner.py:84} INFO - Running: ['***', 'tasks', 'run', 'outcomes_dag', 'extract', 'scheduled__2023-11-14T00:00:00+00:00', '--job-id', '10', '--raw', '--subdir', 'DAGS_FOLDER/outcomes_dag.py', '--cfg-path', '/tmp/tmp0hm95z0s']
[2023-11-21T00:51:36.923+0000] {standard_task_runner.py:85} INFO - Job 10: Subtask extract
[2023-11-21T00:51:39.948+0000] {task_command.py:416} INFO - Running <TaskInstance: outcomes_dag.extract scheduled__2023-11-14T00:00:00+00:00 [running]> on host 39ee77aaeaf9
[2023-11-21T00:51:43.434+0000] {taskinstance.py:1662} INFO - Exporting env vars: AIRFLOW_CTX_DAG_OWNER='***' AIRFLOW_CTX_DAG_ID='outcomes_dag' AIRFLOW_CTX_TASK_ID='extract' AIRFLOW_CTX_EXECUTION_DATE='2023-11-14T00:00:00+00:00' AIRFLOW_CTX_TRY_NUMBER='1' AIRFLOW_CTX_DAG_RUN_ID='scheduled__2023-11-14T00:00:00+00:00'
[2023-11-21T00:51:43.604+0000] {subprocess.py:63} INFO - Tmp dir root location: /tmp
[2023-11-21T00:51:43.655+0000] {subprocess.py:75} INFO - Running command: ['/bin/bash', '-c', 'curl --create-dirs -o /opt/***/data/2023-11-14/downloads/outcomes_2023-11-14.csv https://data.austintexas.gov/api/views/9t4d-g238/rows.csv']
[2023-11-21T00:51:43.878+0000] {subprocess.py:86} INFO - Output:
[2023-11-21T00:51:44.716+0000] {subprocess.py:93} INFO -   % Total    % Received % Xferd  Average Speed   Time    Time     Time  Current
[2023-11-21T00:51:44.790+0000] {subprocess.py:93} INFO -                                  Dload  Upload   Total   Spent    Left  Speed
[2023-11-21T00:51:50.888+0000] {local_task_job_runner.py:228} INFO - Task exited with return code -9
[2023-11-21T00:51:52.642+0000] {taskinstance.py:2778} INFO - 0 downstream tasks scheduled from follow-on schedule check
[2023-11-21T01:13:38.311+0000] {taskinstance.py:1159} INFO - Dependencies all met for dep_context=non-requeueable deps ti=<TaskInstance: outcomes_dag.extract scheduled__2023-11-14T00:00:00+00:00 [queued]>
[2023-11-21T01:13:38.403+0000] {taskinstance.py:1159} INFO - Dependencies all met for dep_context=requeueable deps ti=<TaskInstance: outcomes_dag.extract scheduled__2023-11-14T00:00:00+00:00 [queued]>
[2023-11-21T01:13:38.433+0000] {taskinstance.py:1361} INFO - Starting attempt 1 of 1
[2023-11-21T01:13:39.155+0000] {taskinstance.py:1382} INFO - Executing <Task(BashOperator): extract> on 2023-11-14 00:00:00+00:00
[2023-11-21T01:13:39.186+0000] {standard_task_runner.py:57} INFO - Started process 148 to run task
[2023-11-21T01:13:39.246+0000] {standard_task_runner.py:84} INFO - Running: ['***', 'tasks', 'run', 'outcomes_dag', 'extract', 'scheduled__2023-11-14T00:00:00+00:00', '--job-id', '12', '--raw', '--subdir', 'DAGS_FOLDER/outcomes_dag.py', '--cfg-path', '/tmp/tmp1v4551us']
[2023-11-21T01:13:39.305+0000] {standard_task_runner.py:85} INFO - Job 12: Subtask extract
[2023-11-21T01:13:41.444+0000] {task_command.py:416} INFO - Running <TaskInstance: outcomes_dag.extract scheduled__2023-11-14T00:00:00+00:00 [running]> on host 9a73044c5577
[2023-11-21T01:13:46.516+0000] {taskinstance.py:1662} INFO - Exporting env vars: AIRFLOW_CTX_DAG_OWNER='***' AIRFLOW_CTX_DAG_ID='outcomes_dag' AIRFLOW_CTX_TASK_ID='extract' AIRFLOW_CTX_EXECUTION_DATE='2023-11-14T00:00:00+00:00' AIRFLOW_CTX_TRY_NUMBER='1' AIRFLOW_CTX_DAG_RUN_ID='scheduled__2023-11-14T00:00:00+00:00'
[2023-11-21T01:13:46.532+0000] {subprocess.py:63} INFO - Tmp dir root location: /tmp
[2023-11-21T01:13:46.534+0000] {subprocess.py:75} INFO - Running command: ['/bin/bash', '-c', 'curl --create-dirs -o /opt/***/data/2023-11-14/downloads/outcomes_2023-11-14.csv https://data.austintexas.gov/api/views/9t4d-g238/rows.csv']
[2023-11-21T01:13:46.645+0000] {subprocess.py:86} INFO - Output:
[2023-11-21T01:13:49.518+0000] {subprocess.py:93} INFO -   % Total    % Received % Xferd  Average Speed   Time    Time     Time  Current
[2023-11-21T01:13:49.551+0000] {subprocess.py:93} INFO -                                  Dload  Upload   Total   Spent    Left  Speed
[2023-11-21T01:13:56.414+0000] {subprocess.py:93} INFO -   0     0    0     0    0     0      0      0 --:--:-- --:--:-- --:--:--     0  0     0    0     0    0     0      0      0 --:--:--  0:00:01 --:--:--     0  0     0    0     0    0     0      0      0 --:--:--  0:00:01 --:--:--     0100 3742k    0 3742k    0     0  1286k      0 --:--:--  0:00:02 --:--:-- 1286k100 7774k    0 7774k    0     0  1961k      0 --:--:--  0:00:03 --:--:-- 1961k100 11.0M    0 11.0M    0     0  2333k      0 --:--:--  0:00:04 --:--:-- 2333k100 15.1M    0 15.1M    0     0  2647k      0 --:--:--  0:00:05 --:--:-- 3419k100 18.6M    0 18.6M    0     0  2786k      0 --:--:--  0:00:06 --:--:-- 3854k100 19.0M    0 19.0M    0     0  2821k      0 --:--:--  0:00:06 --:--:-- 3940k
[2023-11-21T01:13:56.504+0000] {subprocess.py:97} INFO - Command exited with return code 0
[2023-11-21T01:13:56.675+0000] {taskinstance.py:1400} INFO - Marking task as SUCCESS. dag_id=outcomes_dag, task_id=extract, execution_date=20231114T000000, start_date=20231121T011338, end_date=20231121T011356
[2023-11-21T01:13:56.991+0000] {local_task_job_runner.py:228} INFO - Task exited with return code 0
[2023-11-21T01:13:57.219+0000] {taskinstance.py:2778} INFO - 1 downstream tasks scheduled from follow-on schedule check
[2023-11-21T03:55:02.183+0000] {taskinstance.py:1159} INFO - Dependencies all met for dep_context=non-requeueable deps ti=<TaskInstance: outcomes_dag.extract scheduled__2023-11-14T00:00:00+00:00 [queued]>
[2023-11-21T03:55:02.285+0000] {taskinstance.py:1159} INFO - Dependencies all met for dep_context=requeueable deps ti=<TaskInstance: outcomes_dag.extract scheduled__2023-11-14T00:00:00+00:00 [queued]>
[2023-11-21T03:55:02.290+0000] {taskinstance.py:1361} INFO - Starting attempt 1 of 1
[2023-11-21T03:55:02.376+0000] {taskinstance.py:1382} INFO - Executing <Task(BashOperator): extract> on 2023-11-14 00:00:00+00:00
[2023-11-21T03:55:02.424+0000] {standard_task_runner.py:57} INFO - Started process 489 to run task
[2023-11-21T03:55:02.480+0000] {standard_task_runner.py:84} INFO - Running: ['***', 'tasks', 'run', 'outcomes_dag', 'extract', 'scheduled__2023-11-14T00:00:00+00:00', '--job-id', '17', '--raw', '--subdir', 'DAGS_FOLDER/outcomes_dag.py', '--cfg-path', '/tmp/tmpy7m8myhm']
[2023-11-21T03:55:02.564+0000] {standard_task_runner.py:85} INFO - Job 17: Subtask extract
[2023-11-21T03:55:05.060+0000] {task_command.py:416} INFO - Running <TaskInstance: outcomes_dag.extract scheduled__2023-11-14T00:00:00+00:00 [running]> on host a0f615083db8
[2023-11-21T04:15:48.156+0000] {taskinstance.py:1159} INFO - Dependencies all met for dep_context=non-requeueable deps ti=<TaskInstance: outcomes_dag.extract scheduled__2023-11-14T00:00:00+00:00 [queued]>
[2023-11-21T04:15:48.542+0000] {taskinstance.py:1159} INFO - Dependencies all met for dep_context=requeueable deps ti=<TaskInstance: outcomes_dag.extract scheduled__2023-11-14T00:00:00+00:00 [queued]>
[2023-11-21T04:15:48.547+0000] {taskinstance.py:1361} INFO - Starting attempt 1 of 1
[2023-11-21T04:15:49.482+0000] {taskinstance.py:1382} INFO - Executing <Task(BashOperator): extract> on 2023-11-14 00:00:00+00:00
[2023-11-21T04:15:49.759+0000] {standard_task_runner.py:57} INFO - Started process 170 to run task
[2023-11-21T04:15:49.934+0000] {standard_task_runner.py:84} INFO - Running: ['***', 'tasks', 'run', 'outcomes_dag', 'extract', 'scheduled__2023-11-14T00:00:00+00:00', '--job-id', '14', '--raw', '--subdir', 'DAGS_FOLDER/outcomes_dag.py', '--cfg-path', '/tmp/tmpeg1ln_iy']
[2023-11-21T04:15:50.008+0000] {standard_task_runner.py:85} INFO - Job 14: Subtask extract
[2023-11-21T04:15:54.067+0000] {task_command.py:416} INFO - Running <TaskInstance: outcomes_dag.extract scheduled__2023-11-14T00:00:00+00:00 [running]> on host dc3ce06c67c1
[2023-11-21T04:16:00.713+0000] {local_task_job_runner.py:228} INFO - Task exited with return code -9
[2023-11-21T04:16:02.512+0000] {taskinstance.py:2778} INFO - 0 downstream tasks scheduled from follow-on schedule check
[2023-11-21T04:45:56.221+0000] {taskinstance.py:1159} INFO - Dependencies all met for dep_context=non-requeueable deps ti=<TaskInstance: outcomes_dag.extract scheduled__2023-11-14T00:00:00+00:00 [queued]>
[2023-11-21T04:45:56.347+0000] {taskinstance.py:1159} INFO - Dependencies all met for dep_context=requeueable deps ti=<TaskInstance: outcomes_dag.extract scheduled__2023-11-14T00:00:00+00:00 [queued]>
[2023-11-21T04:45:56.378+0000] {taskinstance.py:1361} INFO - Starting attempt 1 of 1
[2023-11-21T04:45:56.721+0000] {taskinstance.py:1382} INFO - Executing <Task(BashOperator): extract> on 2023-11-14 00:00:00+00:00
[2023-11-21T04:45:56.814+0000] {standard_task_runner.py:57} INFO - Started process 129 to run task
[2023-11-21T04:45:56.919+0000] {standard_task_runner.py:84} INFO - Running: ['***', 'tasks', 'run', 'outcomes_dag', 'extract', 'scheduled__2023-11-14T00:00:00+00:00', '--job-id', '10', '--raw', '--subdir', 'DAGS_FOLDER/outcomes_dag.py', '--cfg-path', '/tmp/tmpd5e5qmh0']
[2023-11-21T04:45:56.961+0000] {standard_task_runner.py:85} INFO - Job 10: Subtask extract
[2023-11-21T04:45:57.345+0000] {task_command.py:416} INFO - Running <TaskInstance: outcomes_dag.extract scheduled__2023-11-14T00:00:00+00:00 [running]> on host de20a855d915
[2023-11-21T04:46:05.198+0000] {taskinstance.py:1662} INFO - Exporting env vars: AIRFLOW_CTX_DAG_OWNER='***' AIRFLOW_CTX_DAG_ID='outcomes_dag' AIRFLOW_CTX_TASK_ID='extract' AIRFLOW_CTX_EXECUTION_DATE='2023-11-14T00:00:00+00:00' AIRFLOW_CTX_TRY_NUMBER='1' AIRFLOW_CTX_DAG_RUN_ID='scheduled__2023-11-14T00:00:00+00:00'
[2023-11-21T04:46:05.534+0000] {subprocess.py:63} INFO - Tmp dir root location: /tmp
[2023-11-21T04:46:05.545+0000] {subprocess.py:75} INFO - Running command: ['/bin/bash', '-c', 'curl --create-dirs -o /opt/***/data/2023-11-14/downloads/outcomes_2023-11-14.csv https://data.austintexas.gov/api/views/9t4d-g238/rows.csv']
[2023-11-21T04:46:05.738+0000] {subprocess.py:86} INFO - Output:
[2023-11-21T04:46:07.072+0000] {local_task_job_runner.py:228} INFO - Task exited with return code -9
[2023-11-21T04:46:08.318+0000] {taskinstance.py:2778} INFO - 0 downstream tasks scheduled from follow-on schedule check
[2023-11-21T04:56:01.124+0000] {taskinstance.py:1159} INFO - Dependencies all met for dep_context=non-requeueable deps ti=<TaskInstance: outcomes_dag.extract scheduled__2023-11-14T00:00:00+00:00 [queued]>
[2023-11-21T04:56:01.420+0000] {taskinstance.py:1159} INFO - Dependencies all met for dep_context=requeueable deps ti=<TaskInstance: outcomes_dag.extract scheduled__2023-11-14T00:00:00+00:00 [queued]>
[2023-11-21T04:56:01.424+0000] {taskinstance.py:1361} INFO - Starting attempt 1 of 1
[2023-11-21T04:56:01.699+0000] {taskinstance.py:1382} INFO - Executing <Task(BashOperator): extract> on 2023-11-14 00:00:00+00:00
[2023-11-21T04:56:01.761+0000] {standard_task_runner.py:57} INFO - Started process 198 to run task
[2023-11-21T04:56:01.863+0000] {standard_task_runner.py:84} INFO - Running: ['***', 'tasks', 'run', 'outcomes_dag', 'extract', 'scheduled__2023-11-14T00:00:00+00:00', '--job-id', '13', '--raw', '--subdir', 'DAGS_FOLDER/outcomes_dag.py', '--cfg-path', '/tmp/tmpe8wb80e_']
[2023-11-21T04:56:01.910+0000] {standard_task_runner.py:85} INFO - Job 13: Subtask extract
[2023-11-21T04:56:02.951+0000] {task_command.py:416} INFO - Running <TaskInstance: outcomes_dag.extract scheduled__2023-11-14T00:00:00+00:00 [running]> on host 921d770aa62c
[2023-11-21T04:56:05.423+0000] {local_task_job_runner.py:228} INFO - Task exited with return code -9
[2023-11-21T04:56:06.661+0000] {taskinstance.py:2778} INFO - 0 downstream tasks scheduled from follow-on schedule check
[2023-11-21T05:28:35.876+0000] {taskinstance.py:1159} INFO - Dependencies all met for dep_context=non-requeueable deps ti=<TaskInstance: outcomes_dag.extract scheduled__2023-11-14T00:00:00+00:00 [queued]>
[2023-11-21T05:28:36.064+0000] {taskinstance.py:1159} INFO - Dependencies all met for dep_context=requeueable deps ti=<TaskInstance: outcomes_dag.extract scheduled__2023-11-14T00:00:00+00:00 [queued]>
[2023-11-21T05:28:36.068+0000] {taskinstance.py:1361} INFO - Starting attempt 1 of 1
[2023-11-21T05:28:36.902+0000] {taskinstance.py:1382} INFO - Executing <Task(BashOperator): extract> on 2023-11-14 00:00:00+00:00
[2023-11-21T05:28:37.061+0000] {standard_task_runner.py:57} INFO - Started process 143 to run task
[2023-11-21T05:28:37.125+0000] {standard_task_runner.py:84} INFO - Running: ['***', 'tasks', 'run', 'outcomes_dag', 'extract', 'scheduled__2023-11-14T00:00:00+00:00', '--job-id', '11', '--raw', '--subdir', 'DAGS_FOLDER/outcomes_dag.py', '--cfg-path', '/tmp/tmpq9ozdzcq']
[2023-11-21T05:28:37.189+0000] {standard_task_runner.py:85} INFO - Job 11: Subtask extract
[2023-11-21T05:28:37.578+0000] {task_command.py:416} INFO - Running <TaskInstance: outcomes_dag.extract scheduled__2023-11-14T00:00:00+00:00 [running]> on host 1df7871f6344
[2023-11-21T05:28:43.900+0000] {local_task_job_runner.py:228} INFO - Task exited with return code -9
[2023-11-21T05:28:45.871+0000] {taskinstance.py:2778} INFO - 0 downstream tasks scheduled from follow-on schedule check
