[2023-11-16T06:18:10.130+0000] {processor.py:157} INFO - Started process (PID=36) to work on /home/airflow/.local/lib/python3.8/site-packages/airflow/example_dags/example_skip_dag.py
[2023-11-16T06:18:10.133+0000] {processor.py:829} INFO - Processing file /home/airflow/.local/lib/python3.8/site-packages/airflow/example_dags/example_skip_dag.py for tasks to queue
[2023-11-16T06:18:10.141+0000] {logging_mixin.py:154} INFO - [2023-11-16T06:18:10.140+0000] {dagbag.py:536} INFO - Filling up the DagBag from /home/airflow/.local/lib/python3.8/site-packages/airflow/example_dags/example_skip_dag.py
[2023-11-16T06:18:10.156+0000] {processor.py:839} INFO - DAG(s) dict_keys(['example_skip_dag']) retrieved from /home/airflow/.local/lib/python3.8/site-packages/airflow/example_dags/example_skip_dag.py
[2023-11-16T06:18:10.184+0000] {logging_mixin.py:154} INFO - [2023-11-16T06:18:10.183+0000] {dag.py:2941} INFO - Sync 1 DAGs
[2023-11-16T06:18:10.235+0000] {logging_mixin.py:154} INFO - [2023-11-16T06:18:10.235+0000] {dag.py:3722} INFO - Setting next_dagrun for example_skip_dag to 2023-11-15T06:18:10.231586+00:00, run_after=2023-11-16T06:18:10.231586+00:00
[2023-11-16T06:18:10.256+0000] {processor.py:179} INFO - Processing /home/airflow/.local/lib/python3.8/site-packages/airflow/example_dags/example_skip_dag.py took 0.134 seconds
[2023-11-16T06:18:40.489+0000] {processor.py:157} INFO - Started process (PID=90) to work on /home/airflow/.local/lib/python3.8/site-packages/airflow/example_dags/example_skip_dag.py
[2023-11-16T06:18:40.491+0000] {processor.py:829} INFO - Processing file /home/airflow/.local/lib/python3.8/site-packages/airflow/example_dags/example_skip_dag.py for tasks to queue
[2023-11-16T06:18:40.494+0000] {logging_mixin.py:154} INFO - [2023-11-16T06:18:40.494+0000] {dagbag.py:536} INFO - Filling up the DagBag from /home/airflow/.local/lib/python3.8/site-packages/airflow/example_dags/example_skip_dag.py
[2023-11-16T06:18:40.510+0000] {processor.py:839} INFO - DAG(s) dict_keys(['example_skip_dag']) retrieved from /home/airflow/.local/lib/python3.8/site-packages/airflow/example_dags/example_skip_dag.py
[2023-11-16T06:18:40.532+0000] {logging_mixin.py:154} INFO - [2023-11-16T06:18:40.532+0000] {dag.py:2941} INFO - Sync 1 DAGs
[2023-11-16T06:18:40.557+0000] {logging_mixin.py:154} INFO - [2023-11-16T06:18:40.557+0000] {dag.py:3722} INFO - Setting next_dagrun for example_skip_dag to 2023-11-15T06:18:40.556592+00:00, run_after=2023-11-16T06:18:40.556592+00:00
[2023-11-16T06:18:40.569+0000] {processor.py:179} INFO - Processing /home/airflow/.local/lib/python3.8/site-packages/airflow/example_dags/example_skip_dag.py took 0.088 seconds
[2023-11-16T06:19:10.655+0000] {processor.py:157} INFO - Started process (PID=144) to work on /home/airflow/.local/lib/python3.8/site-packages/airflow/example_dags/example_skip_dag.py
[2023-11-16T06:19:10.657+0000] {processor.py:829} INFO - Processing file /home/airflow/.local/lib/python3.8/site-packages/airflow/example_dags/example_skip_dag.py for tasks to queue
[2023-11-16T06:19:10.659+0000] {logging_mixin.py:154} INFO - [2023-11-16T06:19:10.659+0000] {dagbag.py:536} INFO - Filling up the DagBag from /home/airflow/.local/lib/python3.8/site-packages/airflow/example_dags/example_skip_dag.py
[2023-11-16T06:19:10.669+0000] {processor.py:839} INFO - DAG(s) dict_keys(['example_skip_dag']) retrieved from /home/airflow/.local/lib/python3.8/site-packages/airflow/example_dags/example_skip_dag.py
[2023-11-16T06:19:10.693+0000] {logging_mixin.py:154} INFO - [2023-11-16T06:19:10.693+0000] {dag.py:2941} INFO - Sync 1 DAGs
[2023-11-16T06:19:10.710+0000] {logging_mixin.py:154} INFO - [2023-11-16T06:19:10.710+0000] {dag.py:3722} INFO - Setting next_dagrun for example_skip_dag to 2023-11-15T06:19:10.710400+00:00, run_after=2023-11-16T06:19:10.710400+00:00
[2023-11-16T06:19:10.722+0000] {processor.py:179} INFO - Processing /home/airflow/.local/lib/python3.8/site-packages/airflow/example_dags/example_skip_dag.py took 0.072 seconds
[2023-11-16T06:19:41.066+0000] {processor.py:157} INFO - Started process (PID=198) to work on /home/airflow/.local/lib/python3.8/site-packages/airflow/example_dags/example_skip_dag.py
[2023-11-16T06:19:41.067+0000] {processor.py:829} INFO - Processing file /home/airflow/.local/lib/python3.8/site-packages/airflow/example_dags/example_skip_dag.py for tasks to queue
[2023-11-16T06:19:41.069+0000] {logging_mixin.py:154} INFO - [2023-11-16T06:19:41.069+0000] {dagbag.py:536} INFO - Filling up the DagBag from /home/airflow/.local/lib/python3.8/site-packages/airflow/example_dags/example_skip_dag.py
[2023-11-16T06:19:41.075+0000] {processor.py:839} INFO - DAG(s) dict_keys(['example_skip_dag']) retrieved from /home/airflow/.local/lib/python3.8/site-packages/airflow/example_dags/example_skip_dag.py
[2023-11-16T06:19:41.101+0000] {logging_mixin.py:154} INFO - [2023-11-16T06:19:41.101+0000] {dag.py:2941} INFO - Sync 1 DAGs
[2023-11-16T06:19:41.118+0000] {logging_mixin.py:154} INFO - [2023-11-16T06:19:41.118+0000] {dag.py:3722} INFO - Setting next_dagrun for example_skip_dag to 2023-11-15T06:19:41.118453+00:00, run_after=2023-11-16T06:19:41.118453+00:00
[2023-11-16T06:19:41.129+0000] {processor.py:179} INFO - Processing /home/airflow/.local/lib/python3.8/site-packages/airflow/example_dags/example_skip_dag.py took 0.067 seconds
[2023-11-16T06:20:11.391+0000] {processor.py:157} INFO - Started process (PID=252) to work on /home/airflow/.local/lib/python3.8/site-packages/airflow/example_dags/example_skip_dag.py
[2023-11-16T06:20:11.393+0000] {processor.py:829} INFO - Processing file /home/airflow/.local/lib/python3.8/site-packages/airflow/example_dags/example_skip_dag.py for tasks to queue
[2023-11-16T06:20:11.395+0000] {logging_mixin.py:154} INFO - [2023-11-16T06:20:11.395+0000] {dagbag.py:536} INFO - Filling up the DagBag from /home/airflow/.local/lib/python3.8/site-packages/airflow/example_dags/example_skip_dag.py
[2023-11-16T06:20:11.402+0000] {processor.py:839} INFO - DAG(s) dict_keys(['example_skip_dag']) retrieved from /home/airflow/.local/lib/python3.8/site-packages/airflow/example_dags/example_skip_dag.py
[2023-11-16T06:20:11.437+0000] {logging_mixin.py:154} INFO - [2023-11-16T06:20:11.436+0000] {dag.py:2941} INFO - Sync 1 DAGs
[2023-11-16T06:20:11.452+0000] {logging_mixin.py:154} INFO - [2023-11-16T06:20:11.452+0000] {dag.py:3722} INFO - Setting next_dagrun for example_skip_dag to 2023-11-15T06:20:11.452484+00:00, run_after=2023-11-16T06:20:11.452484+00:00
[2023-11-16T06:20:11.462+0000] {processor.py:179} INFO - Processing /home/airflow/.local/lib/python3.8/site-packages/airflow/example_dags/example_skip_dag.py took 0.074 seconds
[2023-11-16T06:20:42.255+0000] {processor.py:157} INFO - Started process (PID=306) to work on /home/airflow/.local/lib/python3.8/site-packages/airflow/example_dags/example_skip_dag.py
[2023-11-16T06:20:42.257+0000] {processor.py:829} INFO - Processing file /home/airflow/.local/lib/python3.8/site-packages/airflow/example_dags/example_skip_dag.py for tasks to queue
[2023-11-16T06:20:42.262+0000] {logging_mixin.py:154} INFO - [2023-11-16T06:20:42.262+0000] {dagbag.py:536} INFO - Filling up the DagBag from /home/airflow/.local/lib/python3.8/site-packages/airflow/example_dags/example_skip_dag.py
[2023-11-16T06:20:42.274+0000] {processor.py:839} INFO - DAG(s) dict_keys(['example_skip_dag']) retrieved from /home/airflow/.local/lib/python3.8/site-packages/airflow/example_dags/example_skip_dag.py
[2023-11-16T06:20:42.296+0000] {logging_mixin.py:154} INFO - [2023-11-16T06:20:42.295+0000] {dag.py:2941} INFO - Sync 1 DAGs
[2023-11-16T06:20:42.312+0000] {logging_mixin.py:154} INFO - [2023-11-16T06:20:42.311+0000] {dag.py:3722} INFO - Setting next_dagrun for example_skip_dag to 2023-11-15T06:20:42.311028+00:00, run_after=2023-11-16T06:20:42.311028+00:00
[2023-11-16T06:20:42.322+0000] {processor.py:179} INFO - Processing /home/airflow/.local/lib/python3.8/site-packages/airflow/example_dags/example_skip_dag.py took 0.072 seconds
[2023-11-16T06:21:12.405+0000] {processor.py:157} INFO - Started process (PID=360) to work on /home/airflow/.local/lib/python3.8/site-packages/airflow/example_dags/example_skip_dag.py
[2023-11-16T06:21:12.406+0000] {processor.py:829} INFO - Processing file /home/airflow/.local/lib/python3.8/site-packages/airflow/example_dags/example_skip_dag.py for tasks to queue
[2023-11-16T06:21:12.410+0000] {logging_mixin.py:154} INFO - [2023-11-16T06:21:12.410+0000] {dagbag.py:536} INFO - Filling up the DagBag from /home/airflow/.local/lib/python3.8/site-packages/airflow/example_dags/example_skip_dag.py
[2023-11-16T06:21:12.420+0000] {processor.py:839} INFO - DAG(s) dict_keys(['example_skip_dag']) retrieved from /home/airflow/.local/lib/python3.8/site-packages/airflow/example_dags/example_skip_dag.py
[2023-11-16T06:21:12.440+0000] {logging_mixin.py:154} INFO - [2023-11-16T06:21:12.439+0000] {dag.py:2941} INFO - Sync 1 DAGs
[2023-11-16T06:21:12.455+0000] {logging_mixin.py:154} INFO - [2023-11-16T06:21:12.455+0000] {dag.py:3722} INFO - Setting next_dagrun for example_skip_dag to 2023-11-15T06:21:12.454753+00:00, run_after=2023-11-16T06:21:12.454753+00:00
[2023-11-16T06:21:12.464+0000] {processor.py:179} INFO - Processing /home/airflow/.local/lib/python3.8/site-packages/airflow/example_dags/example_skip_dag.py took 0.063 seconds
[2023-11-16T06:21:42.600+0000] {processor.py:157} INFO - Started process (PID=414) to work on /home/airflow/.local/lib/python3.8/site-packages/airflow/example_dags/example_skip_dag.py
[2023-11-16T06:21:42.602+0000] {processor.py:829} INFO - Processing file /home/airflow/.local/lib/python3.8/site-packages/airflow/example_dags/example_skip_dag.py for tasks to queue
[2023-11-16T06:21:42.606+0000] {logging_mixin.py:154} INFO - [2023-11-16T06:21:42.605+0000] {dagbag.py:536} INFO - Filling up the DagBag from /home/airflow/.local/lib/python3.8/site-packages/airflow/example_dags/example_skip_dag.py
[2023-11-16T06:21:42.616+0000] {processor.py:839} INFO - DAG(s) dict_keys(['example_skip_dag']) retrieved from /home/airflow/.local/lib/python3.8/site-packages/airflow/example_dags/example_skip_dag.py
[2023-11-16T06:21:42.638+0000] {logging_mixin.py:154} INFO - [2023-11-16T06:21:42.638+0000] {dag.py:2941} INFO - Sync 1 DAGs
[2023-11-16T06:21:42.671+0000] {logging_mixin.py:154} INFO - [2023-11-16T06:21:42.671+0000] {dag.py:3722} INFO - Setting next_dagrun for example_skip_dag to 2023-11-15T06:21:42.671031+00:00, run_after=2023-11-16T06:21:42.671031+00:00
[2023-11-16T06:21:42.682+0000] {processor.py:179} INFO - Processing /home/airflow/.local/lib/python3.8/site-packages/airflow/example_dags/example_skip_dag.py took 0.086 seconds
[2023-11-16T06:22:12.876+0000] {processor.py:157} INFO - Started process (PID=468) to work on /home/airflow/.local/lib/python3.8/site-packages/airflow/example_dags/example_skip_dag.py
[2023-11-16T06:22:12.878+0000] {processor.py:829} INFO - Processing file /home/airflow/.local/lib/python3.8/site-packages/airflow/example_dags/example_skip_dag.py for tasks to queue
[2023-11-16T06:22:12.880+0000] {logging_mixin.py:154} INFO - [2023-11-16T06:22:12.880+0000] {dagbag.py:536} INFO - Filling up the DagBag from /home/airflow/.local/lib/python3.8/site-packages/airflow/example_dags/example_skip_dag.py
[2023-11-16T06:22:12.890+0000] {processor.py:839} INFO - DAG(s) dict_keys(['example_skip_dag']) retrieved from /home/airflow/.local/lib/python3.8/site-packages/airflow/example_dags/example_skip_dag.py
[2023-11-16T06:22:12.909+0000] {logging_mixin.py:154} INFO - [2023-11-16T06:22:12.909+0000] {dag.py:2941} INFO - Sync 1 DAGs
[2023-11-16T06:22:12.925+0000] {logging_mixin.py:154} INFO - [2023-11-16T06:22:12.924+0000] {dag.py:3722} INFO - Setting next_dagrun for example_skip_dag to 2023-11-15T06:22:12.924666+00:00, run_after=2023-11-16T06:22:12.924666+00:00
[2023-11-16T06:22:12.934+0000] {processor.py:179} INFO - Processing /home/airflow/.local/lib/python3.8/site-packages/airflow/example_dags/example_skip_dag.py took 0.062 seconds
[2023-11-16T06:22:43.016+0000] {processor.py:157} INFO - Started process (PID=522) to work on /home/airflow/.local/lib/python3.8/site-packages/airflow/example_dags/example_skip_dag.py
[2023-11-16T06:22:43.018+0000] {processor.py:829} INFO - Processing file /home/airflow/.local/lib/python3.8/site-packages/airflow/example_dags/example_skip_dag.py for tasks to queue
[2023-11-16T06:22:43.021+0000] {logging_mixin.py:154} INFO - [2023-11-16T06:22:43.021+0000] {dagbag.py:536} INFO - Filling up the DagBag from /home/airflow/.local/lib/python3.8/site-packages/airflow/example_dags/example_skip_dag.py
[2023-11-16T06:22:43.029+0000] {processor.py:839} INFO - DAG(s) dict_keys(['example_skip_dag']) retrieved from /home/airflow/.local/lib/python3.8/site-packages/airflow/example_dags/example_skip_dag.py
[2023-11-16T06:22:43.055+0000] {logging_mixin.py:154} INFO - [2023-11-16T06:22:43.055+0000] {dag.py:2941} INFO - Sync 1 DAGs
[2023-11-16T06:22:43.075+0000] {logging_mixin.py:154} INFO - [2023-11-16T06:22:43.075+0000] {dag.py:3722} INFO - Setting next_dagrun for example_skip_dag to 2023-11-15T06:22:43.074995+00:00, run_after=2023-11-16T06:22:43.074995+00:00
[2023-11-16T06:22:43.089+0000] {processor.py:179} INFO - Processing /home/airflow/.local/lib/python3.8/site-packages/airflow/example_dags/example_skip_dag.py took 0.076 seconds
[2023-11-16T06:23:14.083+0000] {processor.py:157} INFO - Started process (PID=576) to work on /home/airflow/.local/lib/python3.8/site-packages/airflow/example_dags/example_skip_dag.py
[2023-11-16T06:23:14.087+0000] {processor.py:829} INFO - Processing file /home/airflow/.local/lib/python3.8/site-packages/airflow/example_dags/example_skip_dag.py for tasks to queue
[2023-11-16T06:23:14.095+0000] {logging_mixin.py:154} INFO - [2023-11-16T06:23:14.095+0000] {dagbag.py:536} INFO - Filling up the DagBag from /home/airflow/.local/lib/python3.8/site-packages/airflow/example_dags/example_skip_dag.py
[2023-11-16T06:23:14.105+0000] {processor.py:839} INFO - DAG(s) dict_keys(['example_skip_dag']) retrieved from /home/airflow/.local/lib/python3.8/site-packages/airflow/example_dags/example_skip_dag.py
[2023-11-16T06:23:14.126+0000] {logging_mixin.py:154} INFO - [2023-11-16T06:23:14.126+0000] {dag.py:2941} INFO - Sync 1 DAGs
[2023-11-16T06:23:14.155+0000] {logging_mixin.py:154} INFO - [2023-11-16T06:23:14.155+0000] {dag.py:3722} INFO - Setting next_dagrun for example_skip_dag to 2023-11-15T06:23:14.152538+00:00, run_after=2023-11-16T06:23:14.152538+00:00
[2023-11-16T06:23:14.183+0000] {processor.py:179} INFO - Processing /home/airflow/.local/lib/python3.8/site-packages/airflow/example_dags/example_skip_dag.py took 0.103 seconds
[2023-11-16T06:23:44.565+0000] {processor.py:157} INFO - Started process (PID=630) to work on /home/airflow/.local/lib/python3.8/site-packages/airflow/example_dags/example_skip_dag.py
[2023-11-16T06:23:44.566+0000] {processor.py:829} INFO - Processing file /home/airflow/.local/lib/python3.8/site-packages/airflow/example_dags/example_skip_dag.py for tasks to queue
[2023-11-16T06:23:44.570+0000] {logging_mixin.py:154} INFO - [2023-11-16T06:23:44.570+0000] {dagbag.py:536} INFO - Filling up the DagBag from /home/airflow/.local/lib/python3.8/site-packages/airflow/example_dags/example_skip_dag.py
[2023-11-16T06:23:44.581+0000] {processor.py:839} INFO - DAG(s) dict_keys(['example_skip_dag']) retrieved from /home/airflow/.local/lib/python3.8/site-packages/airflow/example_dags/example_skip_dag.py
[2023-11-16T06:23:44.604+0000] {logging_mixin.py:154} INFO - [2023-11-16T06:23:44.604+0000] {dag.py:2941} INFO - Sync 1 DAGs
[2023-11-16T06:23:44.621+0000] {logging_mixin.py:154} INFO - [2023-11-16T06:23:44.621+0000] {dag.py:3722} INFO - Setting next_dagrun for example_skip_dag to 2023-11-15T06:23:44.620993+00:00, run_after=2023-11-16T06:23:44.620993+00:00
[2023-11-16T06:23:44.632+0000] {processor.py:179} INFO - Processing /home/airflow/.local/lib/python3.8/site-packages/airflow/example_dags/example_skip_dag.py took 0.072 seconds
[2023-11-16T06:24:14.731+0000] {processor.py:157} INFO - Started process (PID=684) to work on /home/airflow/.local/lib/python3.8/site-packages/airflow/example_dags/example_skip_dag.py
[2023-11-16T06:24:14.736+0000] {processor.py:829} INFO - Processing file /home/airflow/.local/lib/python3.8/site-packages/airflow/example_dags/example_skip_dag.py for tasks to queue
[2023-11-16T06:24:14.749+0000] {logging_mixin.py:154} INFO - [2023-11-16T06:24:14.748+0000] {dagbag.py:536} INFO - Filling up the DagBag from /home/airflow/.local/lib/python3.8/site-packages/airflow/example_dags/example_skip_dag.py
[2023-11-16T06:24:14.762+0000] {processor.py:839} INFO - DAG(s) dict_keys(['example_skip_dag']) retrieved from /home/airflow/.local/lib/python3.8/site-packages/airflow/example_dags/example_skip_dag.py
[2023-11-16T06:24:14.783+0000] {logging_mixin.py:154} INFO - [2023-11-16T06:24:14.782+0000] {dag.py:2941} INFO - Sync 1 DAGs
[2023-11-16T06:24:14.799+0000] {logging_mixin.py:154} INFO - [2023-11-16T06:24:14.799+0000] {dag.py:3722} INFO - Setting next_dagrun for example_skip_dag to 2023-11-15T06:24:14.799118+00:00, run_after=2023-11-16T06:24:14.799118+00:00
[2023-11-16T06:24:14.812+0000] {processor.py:179} INFO - Processing /home/airflow/.local/lib/python3.8/site-packages/airflow/example_dags/example_skip_dag.py took 0.085 seconds
[2023-11-16T06:24:44.978+0000] {processor.py:157} INFO - Started process (PID=738) to work on /home/airflow/.local/lib/python3.8/site-packages/airflow/example_dags/example_skip_dag.py
[2023-11-16T06:24:44.980+0000] {processor.py:829} INFO - Processing file /home/airflow/.local/lib/python3.8/site-packages/airflow/example_dags/example_skip_dag.py for tasks to queue
[2023-11-16T06:24:44.985+0000] {logging_mixin.py:154} INFO - [2023-11-16T06:24:44.984+0000] {dagbag.py:536} INFO - Filling up the DagBag from /home/airflow/.local/lib/python3.8/site-packages/airflow/example_dags/example_skip_dag.py
[2023-11-16T06:24:44.992+0000] {processor.py:839} INFO - DAG(s) dict_keys(['example_skip_dag']) retrieved from /home/airflow/.local/lib/python3.8/site-packages/airflow/example_dags/example_skip_dag.py
[2023-11-16T06:24:45.031+0000] {logging_mixin.py:154} INFO - [2023-11-16T06:24:45.031+0000] {dag.py:2941} INFO - Sync 1 DAGs
[2023-11-16T06:24:45.049+0000] {logging_mixin.py:154} INFO - [2023-11-16T06:24:45.049+0000] {dag.py:3722} INFO - Setting next_dagrun for example_skip_dag to 2023-11-15T06:24:45.049331+00:00, run_after=2023-11-16T06:24:45.049331+00:00
[2023-11-16T06:24:45.060+0000] {processor.py:179} INFO - Processing /home/airflow/.local/lib/python3.8/site-packages/airflow/example_dags/example_skip_dag.py took 0.090 seconds
[2023-11-16T06:25:15.213+0000] {processor.py:157} INFO - Started process (PID=792) to work on /home/airflow/.local/lib/python3.8/site-packages/airflow/example_dags/example_skip_dag.py
[2023-11-16T06:25:15.216+0000] {processor.py:829} INFO - Processing file /home/airflow/.local/lib/python3.8/site-packages/airflow/example_dags/example_skip_dag.py for tasks to queue
[2023-11-16T06:25:15.224+0000] {logging_mixin.py:154} INFO - [2023-11-16T06:25:15.223+0000] {dagbag.py:536} INFO - Filling up the DagBag from /home/airflow/.local/lib/python3.8/site-packages/airflow/example_dags/example_skip_dag.py
[2023-11-16T06:25:15.246+0000] {processor.py:839} INFO - DAG(s) dict_keys(['example_skip_dag']) retrieved from /home/airflow/.local/lib/python3.8/site-packages/airflow/example_dags/example_skip_dag.py
[2023-11-16T06:25:15.278+0000] {logging_mixin.py:154} INFO - [2023-11-16T06:25:15.278+0000] {dag.py:2941} INFO - Sync 1 DAGs
[2023-11-16T06:25:15.303+0000] {logging_mixin.py:154} INFO - [2023-11-16T06:25:15.303+0000] {dag.py:3722} INFO - Setting next_dagrun for example_skip_dag to 2023-11-15T06:25:15.302842+00:00, run_after=2023-11-16T06:25:15.302842+00:00
[2023-11-16T06:25:15.319+0000] {processor.py:179} INFO - Processing /home/airflow/.local/lib/python3.8/site-packages/airflow/example_dags/example_skip_dag.py took 0.111 seconds
[2023-11-16T06:25:46.017+0000] {processor.py:157} INFO - Started process (PID=846) to work on /home/airflow/.local/lib/python3.8/site-packages/airflow/example_dags/example_skip_dag.py
[2023-11-16T06:25:46.018+0000] {processor.py:829} INFO - Processing file /home/airflow/.local/lib/python3.8/site-packages/airflow/example_dags/example_skip_dag.py for tasks to queue
[2023-11-16T06:25:46.022+0000] {logging_mixin.py:154} INFO - [2023-11-16T06:25:46.022+0000] {dagbag.py:536} INFO - Filling up the DagBag from /home/airflow/.local/lib/python3.8/site-packages/airflow/example_dags/example_skip_dag.py
[2023-11-16T06:25:46.033+0000] {processor.py:839} INFO - DAG(s) dict_keys(['example_skip_dag']) retrieved from /home/airflow/.local/lib/python3.8/site-packages/airflow/example_dags/example_skip_dag.py
[2023-11-16T06:25:46.080+0000] {logging_mixin.py:154} INFO - [2023-11-16T06:25:46.080+0000] {dag.py:2941} INFO - Sync 1 DAGs
[2023-11-16T06:25:46.098+0000] {logging_mixin.py:154} INFO - [2023-11-16T06:25:46.097+0000] {dag.py:3722} INFO - Setting next_dagrun for example_skip_dag to 2023-11-15T06:25:46.097613+00:00, run_after=2023-11-16T06:25:46.097613+00:00
[2023-11-16T06:25:46.108+0000] {processor.py:179} INFO - Processing /home/airflow/.local/lib/python3.8/site-packages/airflow/example_dags/example_skip_dag.py took 0.096 seconds
[2023-11-16T06:26:16.487+0000] {processor.py:157} INFO - Started process (PID=900) to work on /home/airflow/.local/lib/python3.8/site-packages/airflow/example_dags/example_skip_dag.py
[2023-11-16T06:26:16.489+0000] {processor.py:829} INFO - Processing file /home/airflow/.local/lib/python3.8/site-packages/airflow/example_dags/example_skip_dag.py for tasks to queue
[2023-11-16T06:26:16.494+0000] {logging_mixin.py:154} INFO - [2023-11-16T06:26:16.493+0000] {dagbag.py:536} INFO - Filling up the DagBag from /home/airflow/.local/lib/python3.8/site-packages/airflow/example_dags/example_skip_dag.py
[2023-11-16T06:26:16.505+0000] {processor.py:839} INFO - DAG(s) dict_keys(['example_skip_dag']) retrieved from /home/airflow/.local/lib/python3.8/site-packages/airflow/example_dags/example_skip_dag.py
[2023-11-16T06:26:16.541+0000] {logging_mixin.py:154} INFO - [2023-11-16T06:26:16.541+0000] {dag.py:2941} INFO - Sync 1 DAGs
[2023-11-16T06:26:16.560+0000] {logging_mixin.py:154} INFO - [2023-11-16T06:26:16.560+0000] {dag.py:3722} INFO - Setting next_dagrun for example_skip_dag to 2023-11-15T06:26:16.559700+00:00, run_after=2023-11-16T06:26:16.559700+00:00
[2023-11-16T06:26:16.573+0000] {processor.py:179} INFO - Processing /home/airflow/.local/lib/python3.8/site-packages/airflow/example_dags/example_skip_dag.py took 0.091 seconds
[2023-11-16T06:26:46.893+0000] {processor.py:157} INFO - Started process (PID=954) to work on /home/airflow/.local/lib/python3.8/site-packages/airflow/example_dags/example_skip_dag.py
[2023-11-16T06:26:46.894+0000] {processor.py:829} INFO - Processing file /home/airflow/.local/lib/python3.8/site-packages/airflow/example_dags/example_skip_dag.py for tasks to queue
[2023-11-16T06:26:46.899+0000] {logging_mixin.py:154} INFO - [2023-11-16T06:26:46.899+0000] {dagbag.py:536} INFO - Filling up the DagBag from /home/airflow/.local/lib/python3.8/site-packages/airflow/example_dags/example_skip_dag.py
[2023-11-16T06:26:46.918+0000] {processor.py:839} INFO - DAG(s) dict_keys(['example_skip_dag']) retrieved from /home/airflow/.local/lib/python3.8/site-packages/airflow/example_dags/example_skip_dag.py
[2023-11-16T06:26:46.952+0000] {logging_mixin.py:154} INFO - [2023-11-16T06:26:46.952+0000] {dag.py:2941} INFO - Sync 1 DAGs
[2023-11-16T06:26:46.983+0000] {logging_mixin.py:154} INFO - [2023-11-16T06:26:46.983+0000] {dag.py:3722} INFO - Setting next_dagrun for example_skip_dag to 2023-11-15T06:26:46.983115+00:00, run_after=2023-11-16T06:26:46.983115+00:00
[2023-11-16T06:26:47.277+0000] {processor.py:179} INFO - Processing /home/airflow/.local/lib/python3.8/site-packages/airflow/example_dags/example_skip_dag.py took 0.387 seconds
[2023-11-16T06:27:18.005+0000] {processor.py:157} INFO - Started process (PID=1008) to work on /home/airflow/.local/lib/python3.8/site-packages/airflow/example_dags/example_skip_dag.py
[2023-11-16T06:27:18.007+0000] {processor.py:829} INFO - Processing file /home/airflow/.local/lib/python3.8/site-packages/airflow/example_dags/example_skip_dag.py for tasks to queue
[2023-11-16T06:27:18.010+0000] {logging_mixin.py:154} INFO - [2023-11-16T06:27:18.009+0000] {dagbag.py:536} INFO - Filling up the DagBag from /home/airflow/.local/lib/python3.8/site-packages/airflow/example_dags/example_skip_dag.py
[2023-11-16T06:27:18.018+0000] {processor.py:839} INFO - DAG(s) dict_keys(['example_skip_dag']) retrieved from /home/airflow/.local/lib/python3.8/site-packages/airflow/example_dags/example_skip_dag.py
[2023-11-16T06:27:18.057+0000] {logging_mixin.py:154} INFO - [2023-11-16T06:27:18.057+0000] {dag.py:2941} INFO - Sync 1 DAGs
[2023-11-16T06:27:18.084+0000] {logging_mixin.py:154} INFO - [2023-11-16T06:27:18.084+0000] {dag.py:3722} INFO - Setting next_dagrun for example_skip_dag to 2023-11-15T06:27:18.083695+00:00, run_after=2023-11-16T06:27:18.083695+00:00
[2023-11-16T06:27:18.115+0000] {processor.py:179} INFO - Processing /home/airflow/.local/lib/python3.8/site-packages/airflow/example_dags/example_skip_dag.py took 0.122 seconds
[2023-11-16T06:27:48.528+0000] {processor.py:157} INFO - Started process (PID=1062) to work on /home/airflow/.local/lib/python3.8/site-packages/airflow/example_dags/example_skip_dag.py
[2023-11-16T06:27:48.529+0000] {processor.py:829} INFO - Processing file /home/airflow/.local/lib/python3.8/site-packages/airflow/example_dags/example_skip_dag.py for tasks to queue
[2023-11-16T06:27:48.533+0000] {logging_mixin.py:154} INFO - [2023-11-16T06:27:48.533+0000] {dagbag.py:536} INFO - Filling up the DagBag from /home/airflow/.local/lib/python3.8/site-packages/airflow/example_dags/example_skip_dag.py
[2023-11-16T06:27:48.545+0000] {processor.py:839} INFO - DAG(s) dict_keys(['example_skip_dag']) retrieved from /home/airflow/.local/lib/python3.8/site-packages/airflow/example_dags/example_skip_dag.py
[2023-11-16T06:27:48.579+0000] {logging_mixin.py:154} INFO - [2023-11-16T06:27:48.579+0000] {dag.py:2941} INFO - Sync 1 DAGs
[2023-11-16T06:27:48.602+0000] {logging_mixin.py:154} INFO - [2023-11-16T06:27:48.601+0000] {dag.py:3722} INFO - Setting next_dagrun for example_skip_dag to 2023-11-15T06:27:48.601466+00:00, run_after=2023-11-16T06:27:48.601466+00:00
[2023-11-16T06:27:48.614+0000] {processor.py:179} INFO - Processing /home/airflow/.local/lib/python3.8/site-packages/airflow/example_dags/example_skip_dag.py took 0.091 seconds
[2023-11-16T06:28:19.027+0000] {processor.py:157} INFO - Started process (PID=1116) to work on /home/airflow/.local/lib/python3.8/site-packages/airflow/example_dags/example_skip_dag.py
[2023-11-16T06:28:19.028+0000] {processor.py:829} INFO - Processing file /home/airflow/.local/lib/python3.8/site-packages/airflow/example_dags/example_skip_dag.py for tasks to queue
[2023-11-16T06:28:19.034+0000] {logging_mixin.py:154} INFO - [2023-11-16T06:28:19.034+0000] {dagbag.py:536} INFO - Filling up the DagBag from /home/airflow/.local/lib/python3.8/site-packages/airflow/example_dags/example_skip_dag.py
[2023-11-16T06:28:19.045+0000] {processor.py:839} INFO - DAG(s) dict_keys(['example_skip_dag']) retrieved from /home/airflow/.local/lib/python3.8/site-packages/airflow/example_dags/example_skip_dag.py
[2023-11-16T06:28:19.073+0000] {logging_mixin.py:154} INFO - [2023-11-16T06:28:19.073+0000] {dag.py:2941} INFO - Sync 1 DAGs
[2023-11-16T06:28:19.090+0000] {logging_mixin.py:154} INFO - [2023-11-16T06:28:19.090+0000] {dag.py:3722} INFO - Setting next_dagrun for example_skip_dag to 2023-11-15T06:28:19.090250+00:00, run_after=2023-11-16T06:28:19.090250+00:00
[2023-11-16T06:28:19.101+0000] {processor.py:179} INFO - Processing /home/airflow/.local/lib/python3.8/site-packages/airflow/example_dags/example_skip_dag.py took 0.078 seconds
[2023-11-16T06:28:49.244+0000] {processor.py:157} INFO - Started process (PID=1170) to work on /home/airflow/.local/lib/python3.8/site-packages/airflow/example_dags/example_skip_dag.py
[2023-11-16T06:28:49.245+0000] {processor.py:829} INFO - Processing file /home/airflow/.local/lib/python3.8/site-packages/airflow/example_dags/example_skip_dag.py for tasks to queue
[2023-11-16T06:28:49.248+0000] {logging_mixin.py:154} INFO - [2023-11-16T06:28:49.248+0000] {dagbag.py:536} INFO - Filling up the DagBag from /home/airflow/.local/lib/python3.8/site-packages/airflow/example_dags/example_skip_dag.py
[2023-11-16T06:28:49.257+0000] {processor.py:839} INFO - DAG(s) dict_keys(['example_skip_dag']) retrieved from /home/airflow/.local/lib/python3.8/site-packages/airflow/example_dags/example_skip_dag.py
[2023-11-16T06:28:49.279+0000] {logging_mixin.py:154} INFO - [2023-11-16T06:28:49.279+0000] {dag.py:2941} INFO - Sync 1 DAGs
[2023-11-16T06:28:49.492+0000] {logging_mixin.py:154} INFO - [2023-11-16T06:28:49.492+0000] {dag.py:3722} INFO - Setting next_dagrun for example_skip_dag to 2023-11-15T06:28:49.491911+00:00, run_after=2023-11-16T06:28:49.491911+00:00
[2023-11-16T06:28:49.510+0000] {processor.py:179} INFO - Processing /home/airflow/.local/lib/python3.8/site-packages/airflow/example_dags/example_skip_dag.py took 0.271 seconds
[2023-11-16T06:29:19.845+0000] {processor.py:157} INFO - Started process (PID=1224) to work on /home/airflow/.local/lib/python3.8/site-packages/airflow/example_dags/example_skip_dag.py
[2023-11-16T06:29:19.846+0000] {processor.py:829} INFO - Processing file /home/airflow/.local/lib/python3.8/site-packages/airflow/example_dags/example_skip_dag.py for tasks to queue
[2023-11-16T06:29:19.848+0000] {logging_mixin.py:154} INFO - [2023-11-16T06:29:19.847+0000] {dagbag.py:536} INFO - Filling up the DagBag from /home/airflow/.local/lib/python3.8/site-packages/airflow/example_dags/example_skip_dag.py
[2023-11-16T06:29:19.858+0000] {processor.py:839} INFO - DAG(s) dict_keys(['example_skip_dag']) retrieved from /home/airflow/.local/lib/python3.8/site-packages/airflow/example_dags/example_skip_dag.py
[2023-11-16T06:29:19.891+0000] {logging_mixin.py:154} INFO - [2023-11-16T06:29:19.890+0000] {dag.py:2941} INFO - Sync 1 DAGs
[2023-11-16T06:29:20.102+0000] {logging_mixin.py:154} INFO - [2023-11-16T06:29:20.102+0000] {dag.py:3722} INFO - Setting next_dagrun for example_skip_dag to 2023-11-15T06:29:20.102521+00:00, run_after=2023-11-16T06:29:20.102521+00:00
[2023-11-16T06:29:20.111+0000] {processor.py:179} INFO - Processing /home/airflow/.local/lib/python3.8/site-packages/airflow/example_dags/example_skip_dag.py took 0.270 seconds
[2023-11-16T06:29:51.064+0000] {processor.py:157} INFO - Started process (PID=1278) to work on /home/airflow/.local/lib/python3.8/site-packages/airflow/example_dags/example_skip_dag.py
[2023-11-16T06:29:51.067+0000] {processor.py:829} INFO - Processing file /home/airflow/.local/lib/python3.8/site-packages/airflow/example_dags/example_skip_dag.py for tasks to queue
[2023-11-16T06:29:51.073+0000] {logging_mixin.py:154} INFO - [2023-11-16T06:29:51.072+0000] {dagbag.py:536} INFO - Filling up the DagBag from /home/airflow/.local/lib/python3.8/site-packages/airflow/example_dags/example_skip_dag.py
[2023-11-16T06:29:51.089+0000] {processor.py:839} INFO - DAG(s) dict_keys(['example_skip_dag']) retrieved from /home/airflow/.local/lib/python3.8/site-packages/airflow/example_dags/example_skip_dag.py
[2023-11-16T06:29:51.126+0000] {logging_mixin.py:154} INFO - [2023-11-16T06:29:51.126+0000] {dag.py:2941} INFO - Sync 1 DAGs
[2023-11-16T06:29:51.150+0000] {logging_mixin.py:154} INFO - [2023-11-16T06:29:51.149+0000] {dag.py:3722} INFO - Setting next_dagrun for example_skip_dag to 2023-11-15T06:29:51.149379+00:00, run_after=2023-11-16T06:29:51.149379+00:00
[2023-11-16T06:29:51.371+0000] {processor.py:179} INFO - Processing /home/airflow/.local/lib/python3.8/site-packages/airflow/example_dags/example_skip_dag.py took 0.318 seconds
[2023-11-16T06:30:21.977+0000] {processor.py:157} INFO - Started process (PID=1332) to work on /home/airflow/.local/lib/python3.8/site-packages/airflow/example_dags/example_skip_dag.py
[2023-11-16T06:30:21.979+0000] {processor.py:829} INFO - Processing file /home/airflow/.local/lib/python3.8/site-packages/airflow/example_dags/example_skip_dag.py for tasks to queue
[2023-11-16T06:30:21.984+0000] {logging_mixin.py:154} INFO - [2023-11-16T06:30:21.984+0000] {dagbag.py:536} INFO - Filling up the DagBag from /home/airflow/.local/lib/python3.8/site-packages/airflow/example_dags/example_skip_dag.py
[2023-11-16T06:30:21.996+0000] {processor.py:839} INFO - DAG(s) dict_keys(['example_skip_dag']) retrieved from /home/airflow/.local/lib/python3.8/site-packages/airflow/example_dags/example_skip_dag.py
[2023-11-16T06:30:22.020+0000] {logging_mixin.py:154} INFO - [2023-11-16T06:30:22.019+0000] {dag.py:2941} INFO - Sync 1 DAGs
[2023-11-16T06:30:22.049+0000] {logging_mixin.py:154} INFO - [2023-11-16T06:30:22.048+0000] {dag.py:3722} INFO - Setting next_dagrun for example_skip_dag to 2023-11-15T06:30:22.048609+00:00, run_after=2023-11-16T06:30:22.048609+00:00
[2023-11-16T06:30:22.059+0000] {processor.py:179} INFO - Processing /home/airflow/.local/lib/python3.8/site-packages/airflow/example_dags/example_skip_dag.py took 0.087 seconds
[2023-11-16T06:30:52.953+0000] {processor.py:157} INFO - Started process (PID=1386) to work on /home/airflow/.local/lib/python3.8/site-packages/airflow/example_dags/example_skip_dag.py
[2023-11-16T06:30:52.955+0000] {processor.py:829} INFO - Processing file /home/airflow/.local/lib/python3.8/site-packages/airflow/example_dags/example_skip_dag.py for tasks to queue
[2023-11-16T06:30:52.957+0000] {logging_mixin.py:154} INFO - [2023-11-16T06:30:52.957+0000] {dagbag.py:536} INFO - Filling up the DagBag from /home/airflow/.local/lib/python3.8/site-packages/airflow/example_dags/example_skip_dag.py
[2023-11-16T06:30:52.972+0000] {processor.py:839} INFO - DAG(s) dict_keys(['example_skip_dag']) retrieved from /home/airflow/.local/lib/python3.8/site-packages/airflow/example_dags/example_skip_dag.py
[2023-11-16T06:30:53.005+0000] {logging_mixin.py:154} INFO - [2023-11-16T06:30:53.004+0000] {dag.py:2941} INFO - Sync 1 DAGs
[2023-11-16T06:30:53.024+0000] {logging_mixin.py:154} INFO - [2023-11-16T06:30:53.024+0000] {dag.py:3722} INFO - Setting next_dagrun for example_skip_dag to 2023-11-15T06:30:53.023760+00:00, run_after=2023-11-16T06:30:53.023760+00:00
[2023-11-16T06:30:53.039+0000] {processor.py:179} INFO - Processing /home/airflow/.local/lib/python3.8/site-packages/airflow/example_dags/example_skip_dag.py took 0.089 seconds
[2023-11-16T06:31:23.911+0000] {processor.py:157} INFO - Started process (PID=1440) to work on /home/airflow/.local/lib/python3.8/site-packages/airflow/example_dags/example_skip_dag.py
[2023-11-16T06:31:23.913+0000] {processor.py:829} INFO - Processing file /home/airflow/.local/lib/python3.8/site-packages/airflow/example_dags/example_skip_dag.py for tasks to queue
[2023-11-16T06:31:23.919+0000] {logging_mixin.py:154} INFO - [2023-11-16T06:31:23.918+0000] {dagbag.py:536} INFO - Filling up the DagBag from /home/airflow/.local/lib/python3.8/site-packages/airflow/example_dags/example_skip_dag.py
[2023-11-16T06:31:23.930+0000] {processor.py:839} INFO - DAG(s) dict_keys(['example_skip_dag']) retrieved from /home/airflow/.local/lib/python3.8/site-packages/airflow/example_dags/example_skip_dag.py
[2023-11-16T06:31:23.964+0000] {logging_mixin.py:154} INFO - [2023-11-16T06:31:23.964+0000] {dag.py:2941} INFO - Sync 1 DAGs
[2023-11-16T06:31:23.982+0000] {logging_mixin.py:154} INFO - [2023-11-16T06:31:23.982+0000] {dag.py:3722} INFO - Setting next_dagrun for example_skip_dag to 2023-11-15T06:31:23.981855+00:00, run_after=2023-11-16T06:31:23.981855+00:00
[2023-11-16T06:31:23.992+0000] {processor.py:179} INFO - Processing /home/airflow/.local/lib/python3.8/site-packages/airflow/example_dags/example_skip_dag.py took 0.091 seconds
[2023-11-16T06:42:46.469+0000] {processor.py:157} INFO - Started process (PID=36) to work on /home/airflow/.local/lib/python3.8/site-packages/airflow/example_dags/example_skip_dag.py
[2023-11-16T06:42:46.471+0000] {processor.py:829} INFO - Processing file /home/airflow/.local/lib/python3.8/site-packages/airflow/example_dags/example_skip_dag.py for tasks to queue
[2023-11-16T06:42:46.474+0000] {logging_mixin.py:154} INFO - [2023-11-16T06:42:46.473+0000] {dagbag.py:536} INFO - Filling up the DagBag from /home/airflow/.local/lib/python3.8/site-packages/airflow/example_dags/example_skip_dag.py
[2023-11-16T06:42:46.488+0000] {processor.py:839} INFO - DAG(s) dict_keys(['example_skip_dag']) retrieved from /home/airflow/.local/lib/python3.8/site-packages/airflow/example_dags/example_skip_dag.py
[2023-11-16T06:42:46.511+0000] {logging_mixin.py:154} INFO - [2023-11-16T06:42:46.511+0000] {dag.py:2941} INFO - Sync 1 DAGs
[2023-11-16T06:42:46.527+0000] {logging_mixin.py:154} INFO - [2023-11-16T06:42:46.527+0000] {dag.py:3722} INFO - Setting next_dagrun for example_skip_dag to 2023-11-15T06:42:46.527346+00:00, run_after=2023-11-16T06:42:46.527346+00:00
[2023-11-16T06:42:46.558+0000] {processor.py:179} INFO - Processing /home/airflow/.local/lib/python3.8/site-packages/airflow/example_dags/example_skip_dag.py took 0.093 seconds
[2023-11-16T06:43:17.370+0000] {processor.py:157} INFO - Started process (PID=90) to work on /home/airflow/.local/lib/python3.8/site-packages/airflow/example_dags/example_skip_dag.py
[2023-11-16T06:43:17.371+0000] {processor.py:829} INFO - Processing file /home/airflow/.local/lib/python3.8/site-packages/airflow/example_dags/example_skip_dag.py for tasks to queue
[2023-11-16T06:43:17.374+0000] {logging_mixin.py:154} INFO - [2023-11-16T06:43:17.374+0000] {dagbag.py:536} INFO - Filling up the DagBag from /home/airflow/.local/lib/python3.8/site-packages/airflow/example_dags/example_skip_dag.py
[2023-11-16T06:43:17.385+0000] {processor.py:839} INFO - DAG(s) dict_keys(['example_skip_dag']) retrieved from /home/airflow/.local/lib/python3.8/site-packages/airflow/example_dags/example_skip_dag.py
[2023-11-16T06:43:17.420+0000] {logging_mixin.py:154} INFO - [2023-11-16T06:43:17.420+0000] {dag.py:2941} INFO - Sync 1 DAGs
[2023-11-16T06:43:17.453+0000] {logging_mixin.py:154} INFO - [2023-11-16T06:43:17.452+0000] {dag.py:3722} INFO - Setting next_dagrun for example_skip_dag to 2023-11-15T06:43:17.452625+00:00, run_after=2023-11-16T06:43:17.452625+00:00
[2023-11-16T06:43:17.464+0000] {processor.py:179} INFO - Processing /home/airflow/.local/lib/python3.8/site-packages/airflow/example_dags/example_skip_dag.py took 0.099 seconds
[2023-11-16T06:43:47.860+0000] {processor.py:157} INFO - Started process (PID=144) to work on /home/airflow/.local/lib/python3.8/site-packages/airflow/example_dags/example_skip_dag.py
[2023-11-16T06:43:47.861+0000] {processor.py:829} INFO - Processing file /home/airflow/.local/lib/python3.8/site-packages/airflow/example_dags/example_skip_dag.py for tasks to queue
[2023-11-16T06:43:47.863+0000] {logging_mixin.py:154} INFO - [2023-11-16T06:43:47.863+0000] {dagbag.py:536} INFO - Filling up the DagBag from /home/airflow/.local/lib/python3.8/site-packages/airflow/example_dags/example_skip_dag.py
[2023-11-16T06:43:47.870+0000] {processor.py:839} INFO - DAG(s) dict_keys(['example_skip_dag']) retrieved from /home/airflow/.local/lib/python3.8/site-packages/airflow/example_dags/example_skip_dag.py
[2023-11-16T06:43:47.907+0000] {logging_mixin.py:154} INFO - [2023-11-16T06:43:47.907+0000] {dag.py:2941} INFO - Sync 1 DAGs
[2023-11-16T06:43:47.924+0000] {logging_mixin.py:154} INFO - [2023-11-16T06:43:47.923+0000] {dag.py:3722} INFO - Setting next_dagrun for example_skip_dag to 2023-11-15T06:43:47.923678+00:00, run_after=2023-11-16T06:43:47.923678+00:00
[2023-11-16T06:43:47.934+0000] {processor.py:179} INFO - Processing /home/airflow/.local/lib/python3.8/site-packages/airflow/example_dags/example_skip_dag.py took 0.076 seconds
[2023-11-16T06:44:18.760+0000] {processor.py:157} INFO - Started process (PID=198) to work on /home/airflow/.local/lib/python3.8/site-packages/airflow/example_dags/example_skip_dag.py
[2023-11-16T06:44:18.761+0000] {processor.py:829} INFO - Processing file /home/airflow/.local/lib/python3.8/site-packages/airflow/example_dags/example_skip_dag.py for tasks to queue
[2023-11-16T06:44:18.765+0000] {logging_mixin.py:154} INFO - [2023-11-16T06:44:18.764+0000] {dagbag.py:536} INFO - Filling up the DagBag from /home/airflow/.local/lib/python3.8/site-packages/airflow/example_dags/example_skip_dag.py
[2023-11-16T06:44:18.774+0000] {processor.py:839} INFO - DAG(s) dict_keys(['example_skip_dag']) retrieved from /home/airflow/.local/lib/python3.8/site-packages/airflow/example_dags/example_skip_dag.py
[2023-11-16T06:44:18.792+0000] {logging_mixin.py:154} INFO - [2023-11-16T06:44:18.792+0000] {dag.py:2941} INFO - Sync 1 DAGs
[2023-11-16T06:44:18.807+0000] {logging_mixin.py:154} INFO - [2023-11-16T06:44:18.807+0000] {dag.py:3722} INFO - Setting next_dagrun for example_skip_dag to 2023-11-15T06:44:18.807061+00:00, run_after=2023-11-16T06:44:18.807061+00:00
[2023-11-16T06:44:18.817+0000] {processor.py:179} INFO - Processing /home/airflow/.local/lib/python3.8/site-packages/airflow/example_dags/example_skip_dag.py took 0.061 seconds
[2023-11-16T06:44:49.560+0000] {processor.py:157} INFO - Started process (PID=253) to work on /home/airflow/.local/lib/python3.8/site-packages/airflow/example_dags/example_skip_dag.py
[2023-11-16T06:44:49.561+0000] {processor.py:829} INFO - Processing file /home/airflow/.local/lib/python3.8/site-packages/airflow/example_dags/example_skip_dag.py for tasks to queue
[2023-11-16T06:44:49.564+0000] {logging_mixin.py:154} INFO - [2023-11-16T06:44:49.564+0000] {dagbag.py:536} INFO - Filling up the DagBag from /home/airflow/.local/lib/python3.8/site-packages/airflow/example_dags/example_skip_dag.py
[2023-11-16T06:44:49.574+0000] {processor.py:839} INFO - DAG(s) dict_keys(['example_skip_dag']) retrieved from /home/airflow/.local/lib/python3.8/site-packages/airflow/example_dags/example_skip_dag.py
[2023-11-16T06:44:49.593+0000] {logging_mixin.py:154} INFO - [2023-11-16T06:44:49.593+0000] {dag.py:2941} INFO - Sync 1 DAGs
[2023-11-16T06:44:49.608+0000] {logging_mixin.py:154} INFO - [2023-11-16T06:44:49.607+0000] {dag.py:3722} INFO - Setting next_dagrun for example_skip_dag to 2023-11-15T06:44:49.607703+00:00, run_after=2023-11-16T06:44:49.607703+00:00
[2023-11-16T06:44:49.617+0000] {processor.py:179} INFO - Processing /home/airflow/.local/lib/python3.8/site-packages/airflow/example_dags/example_skip_dag.py took 0.062 seconds
[2023-11-16T06:45:19.674+0000] {processor.py:157} INFO - Started process (PID=307) to work on /home/airflow/.local/lib/python3.8/site-packages/airflow/example_dags/example_skip_dag.py
[2023-11-16T06:45:19.676+0000] {processor.py:829} INFO - Processing file /home/airflow/.local/lib/python3.8/site-packages/airflow/example_dags/example_skip_dag.py for tasks to queue
[2023-11-16T06:45:19.678+0000] {logging_mixin.py:154} INFO - [2023-11-16T06:45:19.678+0000] {dagbag.py:536} INFO - Filling up the DagBag from /home/airflow/.local/lib/python3.8/site-packages/airflow/example_dags/example_skip_dag.py
[2023-11-16T06:45:19.688+0000] {processor.py:839} INFO - DAG(s) dict_keys(['example_skip_dag']) retrieved from /home/airflow/.local/lib/python3.8/site-packages/airflow/example_dags/example_skip_dag.py
[2023-11-16T06:45:19.708+0000] {logging_mixin.py:154} INFO - [2023-11-16T06:45:19.707+0000] {dag.py:2941} INFO - Sync 1 DAGs
[2023-11-16T06:45:19.722+0000] {logging_mixin.py:154} INFO - [2023-11-16T06:45:19.722+0000] {dag.py:3722} INFO - Setting next_dagrun for example_skip_dag to 2023-11-15T06:45:19.722324+00:00, run_after=2023-11-16T06:45:19.722324+00:00
[2023-11-16T06:45:19.732+0000] {processor.py:179} INFO - Processing /home/airflow/.local/lib/python3.8/site-packages/airflow/example_dags/example_skip_dag.py took 0.062 seconds
[2023-11-16T06:45:49.961+0000] {processor.py:157} INFO - Started process (PID=361) to work on /home/airflow/.local/lib/python3.8/site-packages/airflow/example_dags/example_skip_dag.py
[2023-11-16T06:45:49.962+0000] {processor.py:829} INFO - Processing file /home/airflow/.local/lib/python3.8/site-packages/airflow/example_dags/example_skip_dag.py for tasks to queue
[2023-11-16T06:45:49.964+0000] {logging_mixin.py:154} INFO - [2023-11-16T06:45:49.964+0000] {dagbag.py:536} INFO - Filling up the DagBag from /home/airflow/.local/lib/python3.8/site-packages/airflow/example_dags/example_skip_dag.py
[2023-11-16T06:45:49.972+0000] {processor.py:839} INFO - DAG(s) dict_keys(['example_skip_dag']) retrieved from /home/airflow/.local/lib/python3.8/site-packages/airflow/example_dags/example_skip_dag.py
[2023-11-16T06:45:49.989+0000] {logging_mixin.py:154} INFO - [2023-11-16T06:45:49.989+0000] {dag.py:2941} INFO - Sync 1 DAGs
[2023-11-16T06:45:50.003+0000] {logging_mixin.py:154} INFO - [2023-11-16T06:45:50.003+0000] {dag.py:3722} INFO - Setting next_dagrun for example_skip_dag to 2023-11-15T06:45:50.003236+00:00, run_after=2023-11-16T06:45:50.003236+00:00
[2023-11-16T06:45:50.013+0000] {processor.py:179} INFO - Processing /home/airflow/.local/lib/python3.8/site-packages/airflow/example_dags/example_skip_dag.py took 0.055 seconds
[2023-11-16T06:46:20.216+0000] {processor.py:157} INFO - Started process (PID=415) to work on /home/airflow/.local/lib/python3.8/site-packages/airflow/example_dags/example_skip_dag.py
[2023-11-16T06:46:20.218+0000] {processor.py:829} INFO - Processing file /home/airflow/.local/lib/python3.8/site-packages/airflow/example_dags/example_skip_dag.py for tasks to queue
[2023-11-16T06:46:20.220+0000] {logging_mixin.py:154} INFO - [2023-11-16T06:46:20.220+0000] {dagbag.py:536} INFO - Filling up the DagBag from /home/airflow/.local/lib/python3.8/site-packages/airflow/example_dags/example_skip_dag.py
[2023-11-16T06:46:20.230+0000] {processor.py:839} INFO - DAG(s) dict_keys(['example_skip_dag']) retrieved from /home/airflow/.local/lib/python3.8/site-packages/airflow/example_dags/example_skip_dag.py
[2023-11-16T06:46:20.249+0000] {logging_mixin.py:154} INFO - [2023-11-16T06:46:20.249+0000] {dag.py:2941} INFO - Sync 1 DAGs
[2023-11-16T06:46:20.264+0000] {logging_mixin.py:154} INFO - [2023-11-16T06:46:20.264+0000] {dag.py:3722} INFO - Setting next_dagrun for example_skip_dag to 2023-11-15T06:46:20.264061+00:00, run_after=2023-11-16T06:46:20.264061+00:00
[2023-11-16T06:46:20.273+0000] {processor.py:179} INFO - Processing /home/airflow/.local/lib/python3.8/site-packages/airflow/example_dags/example_skip_dag.py took 0.061 seconds
[2023-11-16T06:46:50.383+0000] {processor.py:157} INFO - Started process (PID=469) to work on /home/airflow/.local/lib/python3.8/site-packages/airflow/example_dags/example_skip_dag.py
[2023-11-16T06:46:50.384+0000] {processor.py:829} INFO - Processing file /home/airflow/.local/lib/python3.8/site-packages/airflow/example_dags/example_skip_dag.py for tasks to queue
[2023-11-16T06:46:50.385+0000] {logging_mixin.py:154} INFO - [2023-11-16T06:46:50.385+0000] {dagbag.py:536} INFO - Filling up the DagBag from /home/airflow/.local/lib/python3.8/site-packages/airflow/example_dags/example_skip_dag.py
[2023-11-16T06:46:50.391+0000] {processor.py:839} INFO - DAG(s) dict_keys(['example_skip_dag']) retrieved from /home/airflow/.local/lib/python3.8/site-packages/airflow/example_dags/example_skip_dag.py
[2023-11-16T06:46:50.413+0000] {logging_mixin.py:154} INFO - [2023-11-16T06:46:50.412+0000] {dag.py:2941} INFO - Sync 1 DAGs
[2023-11-16T06:46:50.427+0000] {logging_mixin.py:154} INFO - [2023-11-16T06:46:50.427+0000] {dag.py:3722} INFO - Setting next_dagrun for example_skip_dag to 2023-11-15T06:46:50.427208+00:00, run_after=2023-11-16T06:46:50.427208+00:00
[2023-11-16T06:46:50.437+0000] {processor.py:179} INFO - Processing /home/airflow/.local/lib/python3.8/site-packages/airflow/example_dags/example_skip_dag.py took 0.056 seconds
[2023-11-16T06:47:20.588+0000] {processor.py:157} INFO - Started process (PID=524) to work on /home/airflow/.local/lib/python3.8/site-packages/airflow/example_dags/example_skip_dag.py
[2023-11-16T06:47:20.589+0000] {processor.py:829} INFO - Processing file /home/airflow/.local/lib/python3.8/site-packages/airflow/example_dags/example_skip_dag.py for tasks to queue
[2023-11-16T06:47:20.592+0000] {logging_mixin.py:154} INFO - [2023-11-16T06:47:20.591+0000] {dagbag.py:536} INFO - Filling up the DagBag from /home/airflow/.local/lib/python3.8/site-packages/airflow/example_dags/example_skip_dag.py
[2023-11-16T06:47:20.599+0000] {processor.py:839} INFO - DAG(s) dict_keys(['example_skip_dag']) retrieved from /home/airflow/.local/lib/python3.8/site-packages/airflow/example_dags/example_skip_dag.py
[2023-11-16T06:47:20.622+0000] {logging_mixin.py:154} INFO - [2023-11-16T06:47:20.622+0000] {dag.py:2941} INFO - Sync 1 DAGs
[2023-11-16T06:47:20.661+0000] {logging_mixin.py:154} INFO - [2023-11-16T06:47:20.661+0000] {dag.py:3722} INFO - Setting next_dagrun for example_skip_dag to 2023-11-15T06:47:20.660539+00:00, run_after=2023-11-16T06:47:20.660539+00:00
[2023-11-16T06:47:20.684+0000] {processor.py:179} INFO - Processing /home/airflow/.local/lib/python3.8/site-packages/airflow/example_dags/example_skip_dag.py took 0.100 seconds
[2023-11-16T06:47:50.890+0000] {processor.py:157} INFO - Started process (PID=578) to work on /home/airflow/.local/lib/python3.8/site-packages/airflow/example_dags/example_skip_dag.py
[2023-11-16T06:47:50.891+0000] {processor.py:829} INFO - Processing file /home/airflow/.local/lib/python3.8/site-packages/airflow/example_dags/example_skip_dag.py for tasks to queue
[2023-11-16T06:47:50.894+0000] {logging_mixin.py:154} INFO - [2023-11-16T06:47:50.894+0000] {dagbag.py:536} INFO - Filling up the DagBag from /home/airflow/.local/lib/python3.8/site-packages/airflow/example_dags/example_skip_dag.py
[2023-11-16T06:47:50.902+0000] {processor.py:839} INFO - DAG(s) dict_keys(['example_skip_dag']) retrieved from /home/airflow/.local/lib/python3.8/site-packages/airflow/example_dags/example_skip_dag.py
[2023-11-16T06:47:50.921+0000] {logging_mixin.py:154} INFO - [2023-11-16T06:47:50.921+0000] {dag.py:2941} INFO - Sync 1 DAGs
[2023-11-16T06:47:50.943+0000] {logging_mixin.py:154} INFO - [2023-11-16T06:47:50.943+0000] {dag.py:3722} INFO - Setting next_dagrun for example_skip_dag to 2023-11-15T06:47:50.943344+00:00, run_after=2023-11-16T06:47:50.943344+00:00
[2023-11-16T06:47:50.955+0000] {processor.py:179} INFO - Processing /home/airflow/.local/lib/python3.8/site-packages/airflow/example_dags/example_skip_dag.py took 0.068 seconds
[2023-11-16T06:48:21.083+0000] {processor.py:157} INFO - Started process (PID=632) to work on /home/airflow/.local/lib/python3.8/site-packages/airflow/example_dags/example_skip_dag.py
[2023-11-16T06:48:21.084+0000] {processor.py:829} INFO - Processing file /home/airflow/.local/lib/python3.8/site-packages/airflow/example_dags/example_skip_dag.py for tasks to queue
[2023-11-16T06:48:21.086+0000] {logging_mixin.py:154} INFO - [2023-11-16T06:48:21.086+0000] {dagbag.py:536} INFO - Filling up the DagBag from /home/airflow/.local/lib/python3.8/site-packages/airflow/example_dags/example_skip_dag.py
[2023-11-16T06:48:21.093+0000] {processor.py:839} INFO - DAG(s) dict_keys(['example_skip_dag']) retrieved from /home/airflow/.local/lib/python3.8/site-packages/airflow/example_dags/example_skip_dag.py
[2023-11-16T06:48:21.111+0000] {logging_mixin.py:154} INFO - [2023-11-16T06:48:21.111+0000] {dag.py:2941} INFO - Sync 1 DAGs
[2023-11-16T06:48:21.147+0000] {logging_mixin.py:154} INFO - [2023-11-16T06:48:21.147+0000] {dag.py:3722} INFO - Setting next_dagrun for example_skip_dag to 2023-11-15T06:48:21.146895+00:00, run_after=2023-11-16T06:48:21.146895+00:00
[2023-11-16T06:48:21.160+0000] {processor.py:179} INFO - Processing /home/airflow/.local/lib/python3.8/site-packages/airflow/example_dags/example_skip_dag.py took 0.080 seconds
[2023-11-16T06:48:51.493+0000] {processor.py:157} INFO - Started process (PID=686) to work on /home/airflow/.local/lib/python3.8/site-packages/airflow/example_dags/example_skip_dag.py
[2023-11-16T06:48:51.495+0000] {processor.py:829} INFO - Processing file /home/airflow/.local/lib/python3.8/site-packages/airflow/example_dags/example_skip_dag.py for tasks to queue
[2023-11-16T06:48:51.499+0000] {logging_mixin.py:154} INFO - [2023-11-16T06:48:51.498+0000] {dagbag.py:536} INFO - Filling up the DagBag from /home/airflow/.local/lib/python3.8/site-packages/airflow/example_dags/example_skip_dag.py
[2023-11-16T06:48:51.518+0000] {processor.py:839} INFO - DAG(s) dict_keys(['example_skip_dag']) retrieved from /home/airflow/.local/lib/python3.8/site-packages/airflow/example_dags/example_skip_dag.py
[2023-11-16T06:48:51.554+0000] {logging_mixin.py:154} INFO - [2023-11-16T06:48:51.553+0000] {dag.py:2941} INFO - Sync 1 DAGs
[2023-11-16T06:48:51.575+0000] {logging_mixin.py:154} INFO - [2023-11-16T06:48:51.575+0000] {dag.py:3722} INFO - Setting next_dagrun for example_skip_dag to 2023-11-15T06:48:51.575106+00:00, run_after=2023-11-16T06:48:51.575106+00:00
[2023-11-16T06:48:51.586+0000] {processor.py:179} INFO - Processing /home/airflow/.local/lib/python3.8/site-packages/airflow/example_dags/example_skip_dag.py took 0.097 seconds
[2023-11-16T06:49:21.769+0000] {processor.py:157} INFO - Started process (PID=740) to work on /home/airflow/.local/lib/python3.8/site-packages/airflow/example_dags/example_skip_dag.py
[2023-11-16T06:49:21.770+0000] {processor.py:829} INFO - Processing file /home/airflow/.local/lib/python3.8/site-packages/airflow/example_dags/example_skip_dag.py for tasks to queue
[2023-11-16T06:49:21.775+0000] {logging_mixin.py:154} INFO - [2023-11-16T06:49:21.775+0000] {dagbag.py:536} INFO - Filling up the DagBag from /home/airflow/.local/lib/python3.8/site-packages/airflow/example_dags/example_skip_dag.py
[2023-11-16T06:49:21.785+0000] {processor.py:839} INFO - DAG(s) dict_keys(['example_skip_dag']) retrieved from /home/airflow/.local/lib/python3.8/site-packages/airflow/example_dags/example_skip_dag.py
[2023-11-16T06:49:21.806+0000] {logging_mixin.py:154} INFO - [2023-11-16T06:49:21.806+0000] {dag.py:2941} INFO - Sync 1 DAGs
[2023-11-16T06:49:21.830+0000] {logging_mixin.py:154} INFO - [2023-11-16T06:49:21.830+0000] {dag.py:3722} INFO - Setting next_dagrun for example_skip_dag to 2023-11-15T06:49:21.830593+00:00, run_after=2023-11-16T06:49:21.830593+00:00
[2023-11-16T06:49:21.841+0000] {processor.py:179} INFO - Processing /home/airflow/.local/lib/python3.8/site-packages/airflow/example_dags/example_skip_dag.py took 0.078 seconds
[2023-11-16T06:49:52.036+0000] {processor.py:157} INFO - Started process (PID=794) to work on /home/airflow/.local/lib/python3.8/site-packages/airflow/example_dags/example_skip_dag.py
[2023-11-16T06:49:52.038+0000] {processor.py:829} INFO - Processing file /home/airflow/.local/lib/python3.8/site-packages/airflow/example_dags/example_skip_dag.py for tasks to queue
[2023-11-16T06:49:52.044+0000] {logging_mixin.py:154} INFO - [2023-11-16T06:49:52.043+0000] {dagbag.py:536} INFO - Filling up the DagBag from /home/airflow/.local/lib/python3.8/site-packages/airflow/example_dags/example_skip_dag.py
[2023-11-16T06:49:52.062+0000] {processor.py:839} INFO - DAG(s) dict_keys(['example_skip_dag']) retrieved from /home/airflow/.local/lib/python3.8/site-packages/airflow/example_dags/example_skip_dag.py
[2023-11-16T06:49:52.093+0000] {logging_mixin.py:154} INFO - [2023-11-16T06:49:52.093+0000] {dag.py:2941} INFO - Sync 1 DAGs
[2023-11-16T06:49:52.108+0000] {logging_mixin.py:154} INFO - [2023-11-16T06:49:52.108+0000] {dag.py:3722} INFO - Setting next_dagrun for example_skip_dag to 2023-11-15T06:49:52.108347+00:00, run_after=2023-11-16T06:49:52.108347+00:00
[2023-11-16T06:49:52.118+0000] {processor.py:179} INFO - Processing /home/airflow/.local/lib/python3.8/site-packages/airflow/example_dags/example_skip_dag.py took 0.086 seconds
[2023-11-16T06:50:23.014+0000] {processor.py:157} INFO - Started process (PID=848) to work on /home/airflow/.local/lib/python3.8/site-packages/airflow/example_dags/example_skip_dag.py
[2023-11-16T06:50:23.015+0000] {processor.py:829} INFO - Processing file /home/airflow/.local/lib/python3.8/site-packages/airflow/example_dags/example_skip_dag.py for tasks to queue
[2023-11-16T06:50:23.020+0000] {logging_mixin.py:154} INFO - [2023-11-16T06:50:23.019+0000] {dagbag.py:536} INFO - Filling up the DagBag from /home/airflow/.local/lib/python3.8/site-packages/airflow/example_dags/example_skip_dag.py
[2023-11-16T06:50:23.030+0000] {processor.py:839} INFO - DAG(s) dict_keys(['example_skip_dag']) retrieved from /home/airflow/.local/lib/python3.8/site-packages/airflow/example_dags/example_skip_dag.py
[2023-11-16T06:50:23.072+0000] {logging_mixin.py:154} INFO - [2023-11-16T06:50:23.071+0000] {dag.py:2941} INFO - Sync 1 DAGs
[2023-11-16T06:50:23.091+0000] {logging_mixin.py:154} INFO - [2023-11-16T06:50:23.090+0000] {dag.py:3722} INFO - Setting next_dagrun for example_skip_dag to 2023-11-15T06:50:23.090630+00:00, run_after=2023-11-16T06:50:23.090630+00:00
[2023-11-16T06:50:23.103+0000] {processor.py:179} INFO - Processing /home/airflow/.local/lib/python3.8/site-packages/airflow/example_dags/example_skip_dag.py took 0.095 seconds
[2023-11-16T06:50:53.200+0000] {processor.py:157} INFO - Started process (PID=902) to work on /home/airflow/.local/lib/python3.8/site-packages/airflow/example_dags/example_skip_dag.py
[2023-11-16T06:50:53.203+0000] {processor.py:829} INFO - Processing file /home/airflow/.local/lib/python3.8/site-packages/airflow/example_dags/example_skip_dag.py for tasks to queue
[2023-11-16T06:50:53.214+0000] {logging_mixin.py:154} INFO - [2023-11-16T06:50:53.212+0000] {dagbag.py:536} INFO - Filling up the DagBag from /home/airflow/.local/lib/python3.8/site-packages/airflow/example_dags/example_skip_dag.py
[2023-11-16T06:50:53.230+0000] {processor.py:839} INFO - DAG(s) dict_keys(['example_skip_dag']) retrieved from /home/airflow/.local/lib/python3.8/site-packages/airflow/example_dags/example_skip_dag.py
[2023-11-16T06:50:53.251+0000] {logging_mixin.py:154} INFO - [2023-11-16T06:50:53.251+0000] {dag.py:2941} INFO - Sync 1 DAGs
[2023-11-16T06:50:53.270+0000] {logging_mixin.py:154} INFO - [2023-11-16T06:50:53.270+0000] {dag.py:3722} INFO - Setting next_dagrun for example_skip_dag to 2023-11-15T06:50:53.269980+00:00, run_after=2023-11-16T06:50:53.269980+00:00
[2023-11-16T06:50:53.484+0000] {processor.py:179} INFO - Processing /home/airflow/.local/lib/python3.8/site-packages/airflow/example_dags/example_skip_dag.py took 0.301 seconds
[2023-11-16T06:51:23.609+0000] {processor.py:157} INFO - Started process (PID=956) to work on /home/airflow/.local/lib/python3.8/site-packages/airflow/example_dags/example_skip_dag.py
[2023-11-16T06:51:23.610+0000] {processor.py:829} INFO - Processing file /home/airflow/.local/lib/python3.8/site-packages/airflow/example_dags/example_skip_dag.py for tasks to queue
[2023-11-16T06:51:23.614+0000] {logging_mixin.py:154} INFO - [2023-11-16T06:51:23.613+0000] {dagbag.py:536} INFO - Filling up the DagBag from /home/airflow/.local/lib/python3.8/site-packages/airflow/example_dags/example_skip_dag.py
[2023-11-16T06:51:23.622+0000] {processor.py:839} INFO - DAG(s) dict_keys(['example_skip_dag']) retrieved from /home/airflow/.local/lib/python3.8/site-packages/airflow/example_dags/example_skip_dag.py
[2023-11-16T06:51:23.662+0000] {logging_mixin.py:154} INFO - [2023-11-16T06:51:23.662+0000] {dag.py:2941} INFO - Sync 1 DAGs
[2023-11-16T06:51:23.679+0000] {logging_mixin.py:154} INFO - [2023-11-16T06:51:23.679+0000] {dag.py:3722} INFO - Setting next_dagrun for example_skip_dag to 2023-11-15T06:51:23.678864+00:00, run_after=2023-11-16T06:51:23.678864+00:00
[2023-11-16T06:51:23.690+0000] {processor.py:179} INFO - Processing /home/airflow/.local/lib/python3.8/site-packages/airflow/example_dags/example_skip_dag.py took 0.086 seconds
[2023-11-16T06:51:54.632+0000] {processor.py:157} INFO - Started process (PID=1010) to work on /home/airflow/.local/lib/python3.8/site-packages/airflow/example_dags/example_skip_dag.py
[2023-11-16T06:51:54.634+0000] {processor.py:829} INFO - Processing file /home/airflow/.local/lib/python3.8/site-packages/airflow/example_dags/example_skip_dag.py for tasks to queue
[2023-11-16T06:51:54.640+0000] {logging_mixin.py:154} INFO - [2023-11-16T06:51:54.640+0000] {dagbag.py:536} INFO - Filling up the DagBag from /home/airflow/.local/lib/python3.8/site-packages/airflow/example_dags/example_skip_dag.py
[2023-11-16T06:51:54.651+0000] {processor.py:839} INFO - DAG(s) dict_keys(['example_skip_dag']) retrieved from /home/airflow/.local/lib/python3.8/site-packages/airflow/example_dags/example_skip_dag.py
[2023-11-16T06:51:54.672+0000] {logging_mixin.py:154} INFO - [2023-11-16T06:51:54.672+0000] {dag.py:2941} INFO - Sync 1 DAGs
[2023-11-16T06:51:54.691+0000] {logging_mixin.py:154} INFO - [2023-11-16T06:51:54.690+0000] {dag.py:3722} INFO - Setting next_dagrun for example_skip_dag to 2023-11-15T06:51:54.690707+00:00, run_after=2023-11-16T06:51:54.690707+00:00
[2023-11-16T06:51:54.701+0000] {processor.py:179} INFO - Processing /home/airflow/.local/lib/python3.8/site-packages/airflow/example_dags/example_skip_dag.py took 0.078 seconds
[2023-11-16T06:52:25.615+0000] {processor.py:157} INFO - Started process (PID=1064) to work on /home/airflow/.local/lib/python3.8/site-packages/airflow/example_dags/example_skip_dag.py
[2023-11-16T06:52:25.616+0000] {processor.py:829} INFO - Processing file /home/airflow/.local/lib/python3.8/site-packages/airflow/example_dags/example_skip_dag.py for tasks to queue
[2023-11-16T06:52:25.618+0000] {logging_mixin.py:154} INFO - [2023-11-16T06:52:25.618+0000] {dagbag.py:536} INFO - Filling up the DagBag from /home/airflow/.local/lib/python3.8/site-packages/airflow/example_dags/example_skip_dag.py
[2023-11-16T06:52:25.637+0000] {processor.py:839} INFO - DAG(s) dict_keys(['example_skip_dag']) retrieved from /home/airflow/.local/lib/python3.8/site-packages/airflow/example_dags/example_skip_dag.py
[2023-11-16T06:52:25.663+0000] {logging_mixin.py:154} INFO - [2023-11-16T06:52:25.663+0000] {dag.py:2941} INFO - Sync 1 DAGs
[2023-11-16T06:52:25.681+0000] {logging_mixin.py:154} INFO - [2023-11-16T06:52:25.681+0000] {dag.py:3722} INFO - Setting next_dagrun for example_skip_dag to 2023-11-15T06:52:25.681522+00:00, run_after=2023-11-16T06:52:25.681522+00:00
[2023-11-16T06:52:25.692+0000] {processor.py:179} INFO - Processing /home/airflow/.local/lib/python3.8/site-packages/airflow/example_dags/example_skip_dag.py took 0.081 seconds
[2023-11-16T06:52:56.120+0000] {processor.py:157} INFO - Started process (PID=1118) to work on /home/airflow/.local/lib/python3.8/site-packages/airflow/example_dags/example_skip_dag.py
[2023-11-16T06:52:56.121+0000] {processor.py:829} INFO - Processing file /home/airflow/.local/lib/python3.8/site-packages/airflow/example_dags/example_skip_dag.py for tasks to queue
[2023-11-16T06:52:56.124+0000] {logging_mixin.py:154} INFO - [2023-11-16T06:52:56.124+0000] {dagbag.py:536} INFO - Filling up the DagBag from /home/airflow/.local/lib/python3.8/site-packages/airflow/example_dags/example_skip_dag.py
[2023-11-16T06:52:56.132+0000] {processor.py:839} INFO - DAG(s) dict_keys(['example_skip_dag']) retrieved from /home/airflow/.local/lib/python3.8/site-packages/airflow/example_dags/example_skip_dag.py
[2023-11-16T06:52:56.153+0000] {logging_mixin.py:154} INFO - [2023-11-16T06:52:56.153+0000] {dag.py:2941} INFO - Sync 1 DAGs
[2023-11-16T06:52:56.169+0000] {logging_mixin.py:154} INFO - [2023-11-16T06:52:56.169+0000] {dag.py:3722} INFO - Setting next_dagrun for example_skip_dag to 2023-11-15T06:52:56.168842+00:00, run_after=2023-11-16T06:52:56.168842+00:00
[2023-11-16T06:52:56.178+0000] {processor.py:179} INFO - Processing /home/airflow/.local/lib/python3.8/site-packages/airflow/example_dags/example_skip_dag.py took 0.063 seconds
[2023-11-16T06:53:27.159+0000] {processor.py:157} INFO - Started process (PID=1172) to work on /home/airflow/.local/lib/python3.8/site-packages/airflow/example_dags/example_skip_dag.py
[2023-11-16T06:53:27.161+0000] {processor.py:829} INFO - Processing file /home/airflow/.local/lib/python3.8/site-packages/airflow/example_dags/example_skip_dag.py for tasks to queue
[2023-11-16T06:53:27.171+0000] {logging_mixin.py:154} INFO - [2023-11-16T06:53:27.169+0000] {dagbag.py:536} INFO - Filling up the DagBag from /home/airflow/.local/lib/python3.8/site-packages/airflow/example_dags/example_skip_dag.py
[2023-11-16T06:53:27.182+0000] {processor.py:839} INFO - DAG(s) dict_keys(['example_skip_dag']) retrieved from /home/airflow/.local/lib/python3.8/site-packages/airflow/example_dags/example_skip_dag.py
[2023-11-16T06:53:27.208+0000] {logging_mixin.py:154} INFO - [2023-11-16T06:53:27.208+0000] {dag.py:2941} INFO - Sync 1 DAGs
[2023-11-16T06:53:27.440+0000] {logging_mixin.py:154} INFO - [2023-11-16T06:53:27.440+0000] {dag.py:3722} INFO - Setting next_dagrun for example_skip_dag to 2023-11-15T06:53:27.440089+00:00, run_after=2023-11-16T06:53:27.440089+00:00
[2023-11-16T06:53:27.450+0000] {processor.py:179} INFO - Processing /home/airflow/.local/lib/python3.8/site-packages/airflow/example_dags/example_skip_dag.py took 0.295 seconds
[2023-11-16T06:53:58.178+0000] {processor.py:157} INFO - Started process (PID=1226) to work on /home/airflow/.local/lib/python3.8/site-packages/airflow/example_dags/example_skip_dag.py
[2023-11-16T06:53:58.179+0000] {processor.py:829} INFO - Processing file /home/airflow/.local/lib/python3.8/site-packages/airflow/example_dags/example_skip_dag.py for tasks to queue
[2023-11-16T06:53:58.182+0000] {logging_mixin.py:154} INFO - [2023-11-16T06:53:58.182+0000] {dagbag.py:536} INFO - Filling up the DagBag from /home/airflow/.local/lib/python3.8/site-packages/airflow/example_dags/example_skip_dag.py
[2023-11-16T06:53:58.190+0000] {processor.py:839} INFO - DAG(s) dict_keys(['example_skip_dag']) retrieved from /home/airflow/.local/lib/python3.8/site-packages/airflow/example_dags/example_skip_dag.py
[2023-11-16T06:53:58.221+0000] {logging_mixin.py:154} INFO - [2023-11-16T06:53:58.221+0000] {dag.py:2941} INFO - Sync 1 DAGs
[2023-11-16T06:53:58.248+0000] {logging_mixin.py:154} INFO - [2023-11-16T06:53:58.248+0000] {dag.py:3722} INFO - Setting next_dagrun for example_skip_dag to 2023-11-15T06:53:58.248352+00:00, run_after=2023-11-16T06:53:58.248352+00:00
[2023-11-16T06:53:58.492+0000] {processor.py:179} INFO - Processing /home/airflow/.local/lib/python3.8/site-packages/airflow/example_dags/example_skip_dag.py took 0.317 seconds
[2023-11-16T06:54:29.328+0000] {processor.py:157} INFO - Started process (PID=1280) to work on /home/airflow/.local/lib/python3.8/site-packages/airflow/example_dags/example_skip_dag.py
[2023-11-16T06:54:29.330+0000] {processor.py:829} INFO - Processing file /home/airflow/.local/lib/python3.8/site-packages/airflow/example_dags/example_skip_dag.py for tasks to queue
[2023-11-16T06:54:29.334+0000] {logging_mixin.py:154} INFO - [2023-11-16T06:54:29.333+0000] {dagbag.py:536} INFO - Filling up the DagBag from /home/airflow/.local/lib/python3.8/site-packages/airflow/example_dags/example_skip_dag.py
[2023-11-16T06:54:29.360+0000] {processor.py:839} INFO - DAG(s) dict_keys(['example_skip_dag']) retrieved from /home/airflow/.local/lib/python3.8/site-packages/airflow/example_dags/example_skip_dag.py
[2023-11-16T06:54:29.383+0000] {logging_mixin.py:154} INFO - [2023-11-16T06:54:29.382+0000] {dag.py:2941} INFO - Sync 1 DAGs
[2023-11-16T06:54:29.400+0000] {logging_mixin.py:154} INFO - [2023-11-16T06:54:29.400+0000] {dag.py:3722} INFO - Setting next_dagrun for example_skip_dag to 2023-11-15T06:54:29.399859+00:00, run_after=2023-11-16T06:54:29.399859+00:00
[2023-11-16T06:54:29.410+0000] {processor.py:179} INFO - Processing /home/airflow/.local/lib/python3.8/site-packages/airflow/example_dags/example_skip_dag.py took 0.088 seconds
[2023-11-16T06:54:59.918+0000] {processor.py:157} INFO - Started process (PID=1334) to work on /home/airflow/.local/lib/python3.8/site-packages/airflow/example_dags/example_skip_dag.py
[2023-11-16T06:54:59.920+0000] {processor.py:829} INFO - Processing file /home/airflow/.local/lib/python3.8/site-packages/airflow/example_dags/example_skip_dag.py for tasks to queue
[2023-11-16T06:54:59.935+0000] {logging_mixin.py:154} INFO - [2023-11-16T06:54:59.933+0000] {dagbag.py:536} INFO - Filling up the DagBag from /home/airflow/.local/lib/python3.8/site-packages/airflow/example_dags/example_skip_dag.py
[2023-11-16T06:54:59.944+0000] {processor.py:839} INFO - DAG(s) dict_keys(['example_skip_dag']) retrieved from /home/airflow/.local/lib/python3.8/site-packages/airflow/example_dags/example_skip_dag.py
[2023-11-16T06:54:59.963+0000] {logging_mixin.py:154} INFO - [2023-11-16T06:54:59.963+0000] {dag.py:2941} INFO - Sync 1 DAGs
[2023-11-16T06:55:00.016+0000] {logging_mixin.py:154} INFO - [2023-11-16T06:55:00.016+0000] {dag.py:3722} INFO - Setting next_dagrun for example_skip_dag to 2023-11-15T06:55:00.014217+00:00, run_after=2023-11-16T06:55:00.014217+00:00
[2023-11-16T06:55:00.053+0000] {processor.py:179} INFO - Processing /home/airflow/.local/lib/python3.8/site-packages/airflow/example_dags/example_skip_dag.py took 0.148 seconds
[2023-11-16T06:55:30.806+0000] {processor.py:157} INFO - Started process (PID=1388) to work on /home/airflow/.local/lib/python3.8/site-packages/airflow/example_dags/example_skip_dag.py
[2023-11-16T06:55:30.809+0000] {processor.py:829} INFO - Processing file /home/airflow/.local/lib/python3.8/site-packages/airflow/example_dags/example_skip_dag.py for tasks to queue
[2023-11-16T06:55:30.813+0000] {logging_mixin.py:154} INFO - [2023-11-16T06:55:30.812+0000] {dagbag.py:536} INFO - Filling up the DagBag from /home/airflow/.local/lib/python3.8/site-packages/airflow/example_dags/example_skip_dag.py
[2023-11-16T06:55:30.838+0000] {processor.py:839} INFO - DAG(s) dict_keys(['example_skip_dag']) retrieved from /home/airflow/.local/lib/python3.8/site-packages/airflow/example_dags/example_skip_dag.py
[2023-11-16T06:55:31.109+0000] {logging_mixin.py:154} INFO - [2023-11-16T06:55:31.109+0000] {dag.py:2941} INFO - Sync 1 DAGs
[2023-11-16T06:55:31.122+0000] {logging_mixin.py:154} INFO - [2023-11-16T06:55:31.121+0000] {dag.py:3722} INFO - Setting next_dagrun for example_skip_dag to 2023-11-15T06:55:31.121807+00:00, run_after=2023-11-16T06:55:31.121807+00:00
[2023-11-16T06:55:31.131+0000] {processor.py:179} INFO - Processing /home/airflow/.local/lib/python3.8/site-packages/airflow/example_dags/example_skip_dag.py took 0.333 seconds
[2023-11-16T06:56:01.747+0000] {processor.py:157} INFO - Started process (PID=1442) to work on /home/airflow/.local/lib/python3.8/site-packages/airflow/example_dags/example_skip_dag.py
[2023-11-16T06:56:01.748+0000] {processor.py:829} INFO - Processing file /home/airflow/.local/lib/python3.8/site-packages/airflow/example_dags/example_skip_dag.py for tasks to queue
[2023-11-16T06:56:01.751+0000] {logging_mixin.py:154} INFO - [2023-11-16T06:56:01.750+0000] {dagbag.py:536} INFO - Filling up the DagBag from /home/airflow/.local/lib/python3.8/site-packages/airflow/example_dags/example_skip_dag.py
[2023-11-16T06:56:01.758+0000] {processor.py:839} INFO - DAG(s) dict_keys(['example_skip_dag']) retrieved from /home/airflow/.local/lib/python3.8/site-packages/airflow/example_dags/example_skip_dag.py
[2023-11-16T06:56:01.778+0000] {logging_mixin.py:154} INFO - [2023-11-16T06:56:01.777+0000] {dag.py:2941} INFO - Sync 1 DAGs
[2023-11-16T06:56:01.807+0000] {logging_mixin.py:154} INFO - [2023-11-16T06:56:01.807+0000] {dag.py:3722} INFO - Setting next_dagrun for example_skip_dag to 2023-11-15T06:56:01.807433+00:00, run_after=2023-11-16T06:56:01.807433+00:00
[2023-11-16T06:56:01.819+0000] {processor.py:179} INFO - Processing /home/airflow/.local/lib/python3.8/site-packages/airflow/example_dags/example_skip_dag.py took 0.078 seconds
[2023-11-16T06:56:32.670+0000] {processor.py:157} INFO - Started process (PID=1496) to work on /home/airflow/.local/lib/python3.8/site-packages/airflow/example_dags/example_skip_dag.py
[2023-11-16T06:56:32.672+0000] {processor.py:829} INFO - Processing file /home/airflow/.local/lib/python3.8/site-packages/airflow/example_dags/example_skip_dag.py for tasks to queue
[2023-11-16T06:56:32.676+0000] {logging_mixin.py:154} INFO - [2023-11-16T06:56:32.676+0000] {dagbag.py:536} INFO - Filling up the DagBag from /home/airflow/.local/lib/python3.8/site-packages/airflow/example_dags/example_skip_dag.py
[2023-11-16T06:56:32.686+0000] {processor.py:839} INFO - DAG(s) dict_keys(['example_skip_dag']) retrieved from /home/airflow/.local/lib/python3.8/site-packages/airflow/example_dags/example_skip_dag.py
[2023-11-16T06:56:32.707+0000] {logging_mixin.py:154} INFO - [2023-11-16T06:56:32.707+0000] {dag.py:2941} INFO - Sync 1 DAGs
[2023-11-16T06:56:32.734+0000] {logging_mixin.py:154} INFO - [2023-11-16T06:56:32.734+0000] {dag.py:3722} INFO - Setting next_dagrun for example_skip_dag to 2023-11-15T06:56:32.734067+00:00, run_after=2023-11-16T06:56:32.734067+00:00
[2023-11-16T06:56:32.747+0000] {processor.py:179} INFO - Processing /home/airflow/.local/lib/python3.8/site-packages/airflow/example_dags/example_skip_dag.py took 0.082 seconds
[2023-11-16T06:57:03.723+0000] {processor.py:157} INFO - Started process (PID=1550) to work on /home/airflow/.local/lib/python3.8/site-packages/airflow/example_dags/example_skip_dag.py
[2023-11-16T06:57:03.724+0000] {processor.py:829} INFO - Processing file /home/airflow/.local/lib/python3.8/site-packages/airflow/example_dags/example_skip_dag.py for tasks to queue
[2023-11-16T06:57:03.728+0000] {logging_mixin.py:154} INFO - [2023-11-16T06:57:03.728+0000] {dagbag.py:536} INFO - Filling up the DagBag from /home/airflow/.local/lib/python3.8/site-packages/airflow/example_dags/example_skip_dag.py
[2023-11-16T06:57:03.737+0000] {processor.py:839} INFO - DAG(s) dict_keys(['example_skip_dag']) retrieved from /home/airflow/.local/lib/python3.8/site-packages/airflow/example_dags/example_skip_dag.py
[2023-11-16T06:57:03.775+0000] {logging_mixin.py:154} INFO - [2023-11-16T06:57:03.775+0000] {dag.py:2941} INFO - Sync 1 DAGs
[2023-11-16T06:57:03.793+0000] {logging_mixin.py:154} INFO - [2023-11-16T06:57:03.793+0000] {dag.py:3722} INFO - Setting next_dagrun for example_skip_dag to 2023-11-15T06:57:03.793289+00:00, run_after=2023-11-16T06:57:03.793289+00:00
[2023-11-16T06:57:03.806+0000] {processor.py:179} INFO - Processing /home/airflow/.local/lib/python3.8/site-packages/airflow/example_dags/example_skip_dag.py took 0.089 seconds
[2023-11-16T06:57:34.633+0000] {processor.py:157} INFO - Started process (PID=1604) to work on /home/airflow/.local/lib/python3.8/site-packages/airflow/example_dags/example_skip_dag.py
[2023-11-16T06:57:34.635+0000] {processor.py:829} INFO - Processing file /home/airflow/.local/lib/python3.8/site-packages/airflow/example_dags/example_skip_dag.py for tasks to queue
[2023-11-16T06:57:34.639+0000] {logging_mixin.py:154} INFO - [2023-11-16T06:57:34.639+0000] {dagbag.py:536} INFO - Filling up the DagBag from /home/airflow/.local/lib/python3.8/site-packages/airflow/example_dags/example_skip_dag.py
[2023-11-16T06:57:34.648+0000] {processor.py:839} INFO - DAG(s) dict_keys(['example_skip_dag']) retrieved from /home/airflow/.local/lib/python3.8/site-packages/airflow/example_dags/example_skip_dag.py
[2023-11-16T06:57:34.670+0000] {logging_mixin.py:154} INFO - [2023-11-16T06:57:34.670+0000] {dag.py:2941} INFO - Sync 1 DAGs
[2023-11-16T06:57:34.702+0000] {logging_mixin.py:154} INFO - [2023-11-16T06:57:34.701+0000] {dag.py:3722} INFO - Setting next_dagrun for example_skip_dag to 2023-11-15T06:57:34.701557+00:00, run_after=2023-11-16T06:57:34.701557+00:00
[2023-11-16T06:57:34.713+0000] {processor.py:179} INFO - Processing /home/airflow/.local/lib/python3.8/site-packages/airflow/example_dags/example_skip_dag.py took 0.088 seconds
[2023-11-16T06:58:05.745+0000] {processor.py:157} INFO - Started process (PID=1658) to work on /home/airflow/.local/lib/python3.8/site-packages/airflow/example_dags/example_skip_dag.py
[2023-11-16T06:58:05.746+0000] {processor.py:829} INFO - Processing file /home/airflow/.local/lib/python3.8/site-packages/airflow/example_dags/example_skip_dag.py for tasks to queue
[2023-11-16T06:58:05.749+0000] {logging_mixin.py:154} INFO - [2023-11-16T06:58:05.749+0000] {dagbag.py:536} INFO - Filling up the DagBag from /home/airflow/.local/lib/python3.8/site-packages/airflow/example_dags/example_skip_dag.py
[2023-11-16T06:58:05.756+0000] {processor.py:839} INFO - DAG(s) dict_keys(['example_skip_dag']) retrieved from /home/airflow/.local/lib/python3.8/site-packages/airflow/example_dags/example_skip_dag.py
[2023-11-16T06:58:05.788+0000] {logging_mixin.py:154} INFO - [2023-11-16T06:58:05.787+0000] {dag.py:2941} INFO - Sync 1 DAGs
[2023-11-16T06:58:05.804+0000] {logging_mixin.py:154} INFO - [2023-11-16T06:58:05.803+0000] {dag.py:3722} INFO - Setting next_dagrun for example_skip_dag to 2023-11-15T06:58:05.803593+00:00, run_after=2023-11-16T06:58:05.803593+00:00
[2023-11-16T06:58:05.814+0000] {processor.py:179} INFO - Processing /home/airflow/.local/lib/python3.8/site-packages/airflow/example_dags/example_skip_dag.py took 0.074 seconds
[2023-11-16T06:58:36.754+0000] {processor.py:157} INFO - Started process (PID=1712) to work on /home/airflow/.local/lib/python3.8/site-packages/airflow/example_dags/example_skip_dag.py
[2023-11-16T06:58:36.755+0000] {processor.py:829} INFO - Processing file /home/airflow/.local/lib/python3.8/site-packages/airflow/example_dags/example_skip_dag.py for tasks to queue
[2023-11-16T06:58:36.760+0000] {logging_mixin.py:154} INFO - [2023-11-16T06:58:36.759+0000] {dagbag.py:536} INFO - Filling up the DagBag from /home/airflow/.local/lib/python3.8/site-packages/airflow/example_dags/example_skip_dag.py
[2023-11-16T06:58:36.785+0000] {processor.py:839} INFO - DAG(s) dict_keys(['example_skip_dag']) retrieved from /home/airflow/.local/lib/python3.8/site-packages/airflow/example_dags/example_skip_dag.py
[2023-11-16T06:58:36.807+0000] {logging_mixin.py:154} INFO - [2023-11-16T06:58:36.807+0000] {dag.py:2941} INFO - Sync 1 DAGs
[2023-11-16T06:58:36.823+0000] {logging_mixin.py:154} INFO - [2023-11-16T06:58:36.823+0000] {dag.py:3722} INFO - Setting next_dagrun for example_skip_dag to 2023-11-15T06:58:36.822751+00:00, run_after=2023-11-16T06:58:36.822751+00:00
[2023-11-16T06:58:36.832+0000] {processor.py:179} INFO - Processing /home/airflow/.local/lib/python3.8/site-packages/airflow/example_dags/example_skip_dag.py took 0.084 seconds
[2023-11-16T06:59:07.871+0000] {processor.py:157} INFO - Started process (PID=1766) to work on /home/airflow/.local/lib/python3.8/site-packages/airflow/example_dags/example_skip_dag.py
[2023-11-16T06:59:07.873+0000] {processor.py:829} INFO - Processing file /home/airflow/.local/lib/python3.8/site-packages/airflow/example_dags/example_skip_dag.py for tasks to queue
[2023-11-16T06:59:07.876+0000] {logging_mixin.py:154} INFO - [2023-11-16T06:59:07.875+0000] {dagbag.py:536} INFO - Filling up the DagBag from /home/airflow/.local/lib/python3.8/site-packages/airflow/example_dags/example_skip_dag.py
[2023-11-16T06:59:07.904+0000] {processor.py:839} INFO - DAG(s) dict_keys(['example_skip_dag']) retrieved from /home/airflow/.local/lib/python3.8/site-packages/airflow/example_dags/example_skip_dag.py
[2023-11-16T06:59:07.932+0000] {logging_mixin.py:154} INFO - [2023-11-16T06:59:07.932+0000] {dag.py:2941} INFO - Sync 1 DAGs
[2023-11-16T06:59:07.950+0000] {logging_mixin.py:154} INFO - [2023-11-16T06:59:07.950+0000] {dag.py:3722} INFO - Setting next_dagrun for example_skip_dag to 2023-11-15T06:59:07.950130+00:00, run_after=2023-11-16T06:59:07.950130+00:00
[2023-11-16T06:59:07.960+0000] {processor.py:179} INFO - Processing /home/airflow/.local/lib/python3.8/site-packages/airflow/example_dags/example_skip_dag.py took 0.094 seconds
[2023-11-16T06:59:38.811+0000] {processor.py:157} INFO - Started process (PID=1819) to work on /home/airflow/.local/lib/python3.8/site-packages/airflow/example_dags/example_skip_dag.py
[2023-11-16T06:59:38.812+0000] {processor.py:829} INFO - Processing file /home/airflow/.local/lib/python3.8/site-packages/airflow/example_dags/example_skip_dag.py for tasks to queue
[2023-11-16T06:59:38.815+0000] {logging_mixin.py:154} INFO - [2023-11-16T06:59:38.815+0000] {dagbag.py:536} INFO - Filling up the DagBag from /home/airflow/.local/lib/python3.8/site-packages/airflow/example_dags/example_skip_dag.py
[2023-11-16T06:59:38.822+0000] {processor.py:839} INFO - DAG(s) dict_keys(['example_skip_dag']) retrieved from /home/airflow/.local/lib/python3.8/site-packages/airflow/example_dags/example_skip_dag.py
[2023-11-16T06:59:38.854+0000] {logging_mixin.py:154} INFO - [2023-11-16T06:59:38.854+0000] {dag.py:2941} INFO - Sync 1 DAGs
[2023-11-16T06:59:38.881+0000] {logging_mixin.py:154} INFO - [2023-11-16T06:59:38.881+0000] {dag.py:3722} INFO - Setting next_dagrun for example_skip_dag to 2023-11-15T06:59:38.881413+00:00, run_after=2023-11-16T06:59:38.881413+00:00
[2023-11-16T06:59:38.892+0000] {processor.py:179} INFO - Processing /home/airflow/.local/lib/python3.8/site-packages/airflow/example_dags/example_skip_dag.py took 0.087 seconds
[2023-11-16T07:00:09.048+0000] {processor.py:157} INFO - Started process (PID=1873) to work on /home/airflow/.local/lib/python3.8/site-packages/airflow/example_dags/example_skip_dag.py
[2023-11-16T07:00:09.048+0000] {processor.py:829} INFO - Processing file /home/airflow/.local/lib/python3.8/site-packages/airflow/example_dags/example_skip_dag.py for tasks to queue
[2023-11-16T07:00:09.050+0000] {logging_mixin.py:154} INFO - [2023-11-16T07:00:09.050+0000] {dagbag.py:536} INFO - Filling up the DagBag from /home/airflow/.local/lib/python3.8/site-packages/airflow/example_dags/example_skip_dag.py
[2023-11-16T07:00:09.057+0000] {processor.py:839} INFO - DAG(s) dict_keys(['example_skip_dag']) retrieved from /home/airflow/.local/lib/python3.8/site-packages/airflow/example_dags/example_skip_dag.py
[2023-11-16T07:00:09.073+0000] {logging_mixin.py:154} INFO - [2023-11-16T07:00:09.073+0000] {dag.py:2941} INFO - Sync 1 DAGs
[2023-11-16T07:00:09.086+0000] {logging_mixin.py:154} INFO - [2023-11-16T07:00:09.086+0000] {dag.py:3722} INFO - Setting next_dagrun for example_skip_dag to 2023-11-15T07:00:09.086527+00:00, run_after=2023-11-16T07:00:09.086527+00:00
[2023-11-16T07:00:09.097+0000] {processor.py:179} INFO - Processing /home/airflow/.local/lib/python3.8/site-packages/airflow/example_dags/example_skip_dag.py took 0.052 seconds
[2023-11-16T07:00:39.201+0000] {processor.py:157} INFO - Started process (PID=1927) to work on /home/airflow/.local/lib/python3.8/site-packages/airflow/example_dags/example_skip_dag.py
[2023-11-16T07:00:39.202+0000] {processor.py:829} INFO - Processing file /home/airflow/.local/lib/python3.8/site-packages/airflow/example_dags/example_skip_dag.py for tasks to queue
[2023-11-16T07:00:39.204+0000] {logging_mixin.py:154} INFO - [2023-11-16T07:00:39.204+0000] {dagbag.py:536} INFO - Filling up the DagBag from /home/airflow/.local/lib/python3.8/site-packages/airflow/example_dags/example_skip_dag.py
[2023-11-16T07:00:39.209+0000] {processor.py:839} INFO - DAG(s) dict_keys(['example_skip_dag']) retrieved from /home/airflow/.local/lib/python3.8/site-packages/airflow/example_dags/example_skip_dag.py
[2023-11-16T07:00:39.234+0000] {logging_mixin.py:154} INFO - [2023-11-16T07:00:39.233+0000] {dag.py:2941} INFO - Sync 1 DAGs
[2023-11-16T07:00:39.250+0000] {logging_mixin.py:154} INFO - [2023-11-16T07:00:39.249+0000] {dag.py:3722} INFO - Setting next_dagrun for example_skip_dag to 2023-11-15T07:00:39.249506+00:00, run_after=2023-11-16T07:00:39.249506+00:00
[2023-11-16T07:00:39.260+0000] {processor.py:179} INFO - Processing /home/airflow/.local/lib/python3.8/site-packages/airflow/example_dags/example_skip_dag.py took 0.061 seconds
[2023-11-16T07:01:10.253+0000] {processor.py:157} INFO - Started process (PID=1981) to work on /home/airflow/.local/lib/python3.8/site-packages/airflow/example_dags/example_skip_dag.py
[2023-11-16T07:01:10.254+0000] {processor.py:829} INFO - Processing file /home/airflow/.local/lib/python3.8/site-packages/airflow/example_dags/example_skip_dag.py for tasks to queue
[2023-11-16T07:01:10.258+0000] {logging_mixin.py:154} INFO - [2023-11-16T07:01:10.257+0000] {dagbag.py:536} INFO - Filling up the DagBag from /home/airflow/.local/lib/python3.8/site-packages/airflow/example_dags/example_skip_dag.py
[2023-11-16T07:01:10.284+0000] {processor.py:839} INFO - DAG(s) dict_keys(['example_skip_dag']) retrieved from /home/airflow/.local/lib/python3.8/site-packages/airflow/example_dags/example_skip_dag.py
[2023-11-16T07:01:10.308+0000] {logging_mixin.py:154} INFO - [2023-11-16T07:01:10.308+0000] {dag.py:2941} INFO - Sync 1 DAGs
[2023-11-16T07:01:10.323+0000] {logging_mixin.py:154} INFO - [2023-11-16T07:01:10.323+0000] {dag.py:3722} INFO - Setting next_dagrun for example_skip_dag to 2023-11-15T07:01:10.323469+00:00, run_after=2023-11-16T07:01:10.323469+00:00
[2023-11-16T07:01:10.333+0000] {processor.py:179} INFO - Processing /home/airflow/.local/lib/python3.8/site-packages/airflow/example_dags/example_skip_dag.py took 0.085 seconds
[2023-11-16T07:01:41.207+0000] {processor.py:157} INFO - Started process (PID=2035) to work on /home/airflow/.local/lib/python3.8/site-packages/airflow/example_dags/example_skip_dag.py
[2023-11-16T07:01:41.209+0000] {processor.py:829} INFO - Processing file /home/airflow/.local/lib/python3.8/site-packages/airflow/example_dags/example_skip_dag.py for tasks to queue
[2023-11-16T07:01:41.212+0000] {logging_mixin.py:154} INFO - [2023-11-16T07:01:41.212+0000] {dagbag.py:536} INFO - Filling up the DagBag from /home/airflow/.local/lib/python3.8/site-packages/airflow/example_dags/example_skip_dag.py
[2023-11-16T07:01:41.222+0000] {processor.py:839} INFO - DAG(s) dict_keys(['example_skip_dag']) retrieved from /home/airflow/.local/lib/python3.8/site-packages/airflow/example_dags/example_skip_dag.py
[2023-11-16T07:01:41.251+0000] {logging_mixin.py:154} INFO - [2023-11-16T07:01:41.251+0000] {dag.py:2941} INFO - Sync 1 DAGs
[2023-11-16T07:01:41.270+0000] {logging_mixin.py:154} INFO - [2023-11-16T07:01:41.270+0000] {dag.py:3722} INFO - Setting next_dagrun for example_skip_dag to 2023-11-15T07:01:41.269817+00:00, run_after=2023-11-16T07:01:41.269817+00:00
[2023-11-16T07:01:41.283+0000] {processor.py:179} INFO - Processing /home/airflow/.local/lib/python3.8/site-packages/airflow/example_dags/example_skip_dag.py took 0.080 seconds
[2023-11-16T07:02:12.243+0000] {processor.py:157} INFO - Started process (PID=2088) to work on /home/airflow/.local/lib/python3.8/site-packages/airflow/example_dags/example_skip_dag.py
[2023-11-16T07:02:12.245+0000] {processor.py:829} INFO - Processing file /home/airflow/.local/lib/python3.8/site-packages/airflow/example_dags/example_skip_dag.py for tasks to queue
[2023-11-16T07:02:12.248+0000] {logging_mixin.py:154} INFO - [2023-11-16T07:02:12.248+0000] {dagbag.py:536} INFO - Filling up the DagBag from /home/airflow/.local/lib/python3.8/site-packages/airflow/example_dags/example_skip_dag.py
[2023-11-16T07:02:12.257+0000] {processor.py:839} INFO - DAG(s) dict_keys(['example_skip_dag']) retrieved from /home/airflow/.local/lib/python3.8/site-packages/airflow/example_dags/example_skip_dag.py
[2023-11-16T07:02:12.280+0000] {logging_mixin.py:154} INFO - [2023-11-16T07:02:12.280+0000] {dag.py:2941} INFO - Sync 1 DAGs
[2023-11-16T07:02:12.297+0000] {logging_mixin.py:154} INFO - [2023-11-16T07:02:12.297+0000] {dag.py:3722} INFO - Setting next_dagrun for example_skip_dag to 2023-11-15T07:02:12.296951+00:00, run_after=2023-11-16T07:02:12.296951+00:00
[2023-11-16T07:02:12.307+0000] {processor.py:179} INFO - Processing /home/airflow/.local/lib/python3.8/site-packages/airflow/example_dags/example_skip_dag.py took 0.070 seconds
[2023-11-16T07:02:42.377+0000] {processor.py:157} INFO - Started process (PID=2141) to work on /home/airflow/.local/lib/python3.8/site-packages/airflow/example_dags/example_skip_dag.py
[2023-11-16T07:02:42.379+0000] {processor.py:829} INFO - Processing file /home/airflow/.local/lib/python3.8/site-packages/airflow/example_dags/example_skip_dag.py for tasks to queue
[2023-11-16T07:02:42.382+0000] {logging_mixin.py:154} INFO - [2023-11-16T07:02:42.382+0000] {dagbag.py:536} INFO - Filling up the DagBag from /home/airflow/.local/lib/python3.8/site-packages/airflow/example_dags/example_skip_dag.py
[2023-11-16T07:02:42.389+0000] {processor.py:839} INFO - DAG(s) dict_keys(['example_skip_dag']) retrieved from /home/airflow/.local/lib/python3.8/site-packages/airflow/example_dags/example_skip_dag.py
[2023-11-16T07:02:42.406+0000] {logging_mixin.py:154} INFO - [2023-11-16T07:02:42.405+0000] {dag.py:2941} INFO - Sync 1 DAGs
[2023-11-16T07:02:42.421+0000] {logging_mixin.py:154} INFO - [2023-11-16T07:02:42.421+0000] {dag.py:3722} INFO - Setting next_dagrun for example_skip_dag to 2023-11-15T07:02:42.421046+00:00, run_after=2023-11-16T07:02:42.421046+00:00
[2023-11-16T07:02:42.430+0000] {processor.py:179} INFO - Processing /home/airflow/.local/lib/python3.8/site-packages/airflow/example_dags/example_skip_dag.py took 0.059 seconds
[2023-11-16T07:03:12.512+0000] {processor.py:157} INFO - Started process (PID=2195) to work on /home/airflow/.local/lib/python3.8/site-packages/airflow/example_dags/example_skip_dag.py
[2023-11-16T07:03:12.513+0000] {processor.py:829} INFO - Processing file /home/airflow/.local/lib/python3.8/site-packages/airflow/example_dags/example_skip_dag.py for tasks to queue
[2023-11-16T07:03:12.518+0000] {logging_mixin.py:154} INFO - [2023-11-16T07:03:12.517+0000] {dagbag.py:536} INFO - Filling up the DagBag from /home/airflow/.local/lib/python3.8/site-packages/airflow/example_dags/example_skip_dag.py
[2023-11-16T07:03:12.528+0000] {processor.py:839} INFO - DAG(s) dict_keys(['example_skip_dag']) retrieved from /home/airflow/.local/lib/python3.8/site-packages/airflow/example_dags/example_skip_dag.py
[2023-11-16T07:03:12.550+0000] {logging_mixin.py:154} INFO - [2023-11-16T07:03:12.550+0000] {dag.py:2941} INFO - Sync 1 DAGs
[2023-11-16T07:03:12.567+0000] {logging_mixin.py:154} INFO - [2023-11-16T07:03:12.567+0000] {dag.py:3722} INFO - Setting next_dagrun for example_skip_dag to 2023-11-15T07:03:12.566822+00:00, run_after=2023-11-16T07:03:12.566822+00:00
[2023-11-16T07:03:12.577+0000] {processor.py:179} INFO - Processing /home/airflow/.local/lib/python3.8/site-packages/airflow/example_dags/example_skip_dag.py took 0.071 seconds
[2023-11-16T07:03:42.641+0000] {processor.py:157} INFO - Started process (PID=2249) to work on /home/airflow/.local/lib/python3.8/site-packages/airflow/example_dags/example_skip_dag.py
[2023-11-16T07:03:42.642+0000] {processor.py:829} INFO - Processing file /home/airflow/.local/lib/python3.8/site-packages/airflow/example_dags/example_skip_dag.py for tasks to queue
[2023-11-16T07:03:42.648+0000] {logging_mixin.py:154} INFO - [2023-11-16T07:03:42.647+0000] {dagbag.py:536} INFO - Filling up the DagBag from /home/airflow/.local/lib/python3.8/site-packages/airflow/example_dags/example_skip_dag.py
[2023-11-16T07:03:42.661+0000] {processor.py:839} INFO - DAG(s) dict_keys(['example_skip_dag']) retrieved from /home/airflow/.local/lib/python3.8/site-packages/airflow/example_dags/example_skip_dag.py
[2023-11-16T07:03:42.686+0000] {logging_mixin.py:154} INFO - [2023-11-16T07:03:42.686+0000] {dag.py:2941} INFO - Sync 1 DAGs
[2023-11-16T07:03:42.715+0000] {logging_mixin.py:154} INFO - [2023-11-16T07:03:42.715+0000] {dag.py:3722} INFO - Setting next_dagrun for example_skip_dag to 2023-11-15T07:03:42.714170+00:00, run_after=2023-11-16T07:03:42.714170+00:00
[2023-11-16T07:03:42.758+0000] {processor.py:179} INFO - Processing /home/airflow/.local/lib/python3.8/site-packages/airflow/example_dags/example_skip_dag.py took 0.123 seconds
[2023-11-16T07:04:12.868+0000] {processor.py:157} INFO - Started process (PID=2310) to work on /home/airflow/.local/lib/python3.8/site-packages/airflow/example_dags/example_skip_dag.py
[2023-11-16T07:04:12.869+0000] {processor.py:829} INFO - Processing file /home/airflow/.local/lib/python3.8/site-packages/airflow/example_dags/example_skip_dag.py for tasks to queue
[2023-11-16T07:04:12.875+0000] {logging_mixin.py:154} INFO - [2023-11-16T07:04:12.875+0000] {dagbag.py:536} INFO - Filling up the DagBag from /home/airflow/.local/lib/python3.8/site-packages/airflow/example_dags/example_skip_dag.py
[2023-11-16T07:04:12.897+0000] {processor.py:839} INFO - DAG(s) dict_keys(['example_skip_dag']) retrieved from /home/airflow/.local/lib/python3.8/site-packages/airflow/example_dags/example_skip_dag.py
[2023-11-16T07:04:12.931+0000] {logging_mixin.py:154} INFO - [2023-11-16T07:04:12.931+0000] {dag.py:2941} INFO - Sync 1 DAGs
[2023-11-16T07:04:12.948+0000] {logging_mixin.py:154} INFO - [2023-11-16T07:04:12.948+0000] {dag.py:3722} INFO - Setting next_dagrun for example_skip_dag to 2023-11-15T07:04:12.948513+00:00, run_after=2023-11-16T07:04:12.948513+00:00
[2023-11-16T07:04:12.959+0000] {processor.py:179} INFO - Processing /home/airflow/.local/lib/python3.8/site-packages/airflow/example_dags/example_skip_dag.py took 0.101 seconds
[2023-11-16T07:04:44.036+0000] {processor.py:157} INFO - Started process (PID=2364) to work on /home/airflow/.local/lib/python3.8/site-packages/airflow/example_dags/example_skip_dag.py
[2023-11-16T07:04:44.037+0000] {processor.py:829} INFO - Processing file /home/airflow/.local/lib/python3.8/site-packages/airflow/example_dags/example_skip_dag.py for tasks to queue
[2023-11-16T07:04:44.041+0000] {logging_mixin.py:154} INFO - [2023-11-16T07:04:44.040+0000] {dagbag.py:536} INFO - Filling up the DagBag from /home/airflow/.local/lib/python3.8/site-packages/airflow/example_dags/example_skip_dag.py
[2023-11-16T07:04:44.050+0000] {processor.py:839} INFO - DAG(s) dict_keys(['example_skip_dag']) retrieved from /home/airflow/.local/lib/python3.8/site-packages/airflow/example_dags/example_skip_dag.py
[2023-11-16T07:04:44.086+0000] {logging_mixin.py:154} INFO - [2023-11-16T07:04:44.086+0000] {dag.py:2941} INFO - Sync 1 DAGs
[2023-11-16T07:04:44.104+0000] {logging_mixin.py:154} INFO - [2023-11-16T07:04:44.104+0000] {dag.py:3722} INFO - Setting next_dagrun for example_skip_dag to 2023-11-15T07:04:44.103815+00:00, run_after=2023-11-16T07:04:44.103815+00:00
[2023-11-16T07:04:44.114+0000] {processor.py:179} INFO - Processing /home/airflow/.local/lib/python3.8/site-packages/airflow/example_dags/example_skip_dag.py took 0.084 seconds
[2023-11-16T07:05:15.109+0000] {processor.py:157} INFO - Started process (PID=2418) to work on /home/airflow/.local/lib/python3.8/site-packages/airflow/example_dags/example_skip_dag.py
[2023-11-16T07:05:15.110+0000] {processor.py:829} INFO - Processing file /home/airflow/.local/lib/python3.8/site-packages/airflow/example_dags/example_skip_dag.py for tasks to queue
[2023-11-16T07:05:15.114+0000] {logging_mixin.py:154} INFO - [2023-11-16T07:05:15.113+0000] {dagbag.py:536} INFO - Filling up the DagBag from /home/airflow/.local/lib/python3.8/site-packages/airflow/example_dags/example_skip_dag.py
[2023-11-16T07:05:15.136+0000] {processor.py:839} INFO - DAG(s) dict_keys(['example_skip_dag']) retrieved from /home/airflow/.local/lib/python3.8/site-packages/airflow/example_dags/example_skip_dag.py
[2023-11-16T07:05:15.160+0000] {logging_mixin.py:154} INFO - [2023-11-16T07:05:15.160+0000] {dag.py:2941} INFO - Sync 1 DAGs
[2023-11-16T07:05:15.179+0000] {logging_mixin.py:154} INFO - [2023-11-16T07:05:15.179+0000] {dag.py:3722} INFO - Setting next_dagrun for example_skip_dag to 2023-11-15T07:05:15.179101+00:00, run_after=2023-11-16T07:05:15.179101+00:00
[2023-11-16T07:05:15.193+0000] {processor.py:179} INFO - Processing /home/airflow/.local/lib/python3.8/site-packages/airflow/example_dags/example_skip_dag.py took 0.091 seconds
[2023-11-16T07:05:46.177+0000] {processor.py:157} INFO - Started process (PID=2472) to work on /home/airflow/.local/lib/python3.8/site-packages/airflow/example_dags/example_skip_dag.py
[2023-11-16T07:05:46.179+0000] {processor.py:829} INFO - Processing file /home/airflow/.local/lib/python3.8/site-packages/airflow/example_dags/example_skip_dag.py for tasks to queue
[2023-11-16T07:05:46.184+0000] {logging_mixin.py:154} INFO - [2023-11-16T07:05:46.183+0000] {dagbag.py:536} INFO - Filling up the DagBag from /home/airflow/.local/lib/python3.8/site-packages/airflow/example_dags/example_skip_dag.py
[2023-11-16T07:05:46.193+0000] {processor.py:839} INFO - DAG(s) dict_keys(['example_skip_dag']) retrieved from /home/airflow/.local/lib/python3.8/site-packages/airflow/example_dags/example_skip_dag.py
[2023-11-16T07:05:46.221+0000] {logging_mixin.py:154} INFO - [2023-11-16T07:05:46.221+0000] {dag.py:2941} INFO - Sync 1 DAGs
[2023-11-16T07:05:46.256+0000] {logging_mixin.py:154} INFO - [2023-11-16T07:05:46.256+0000] {dag.py:3722} INFO - Setting next_dagrun for example_skip_dag to 2023-11-15T07:05:46.256168+00:00, run_after=2023-11-16T07:05:46.256168+00:00
[2023-11-16T07:05:46.272+0000] {processor.py:179} INFO - Processing /home/airflow/.local/lib/python3.8/site-packages/airflow/example_dags/example_skip_dag.py took 0.105 seconds
