[2023-11-16T06:18:10.437+0000] {processor.py:157} INFO - Started process (PID=41) to work on /home/airflow/.local/lib/python3.8/site-packages/airflow/example_dags/example_kubernetes_executor.py
[2023-11-16T06:18:10.439+0000] {processor.py:829} INFO - Processing file /home/airflow/.local/lib/python3.8/site-packages/airflow/example_dags/example_kubernetes_executor.py for tasks to queue
[2023-11-16T06:18:10.441+0000] {logging_mixin.py:154} INFO - [2023-11-16T06:18:10.441+0000] {dagbag.py:536} INFO - Filling up the DagBag from /home/airflow/.local/lib/python3.8/site-packages/airflow/example_dags/example_kubernetes_executor.py
[2023-11-16T06:18:10.467+0000] {processor.py:839} INFO - DAG(s) dict_keys(['example_kubernetes_executor']) retrieved from /home/airflow/.local/lib/python3.8/site-packages/airflow/example_dags/example_kubernetes_executor.py
[2023-11-16T06:18:10.480+0000] {logging_mixin.py:154} INFO - [2023-11-16T06:18:10.480+0000] {dag.py:2941} INFO - Sync 1 DAGs
[2023-11-16T06:18:10.489+0000] {logging_mixin.py:154} INFO - [2023-11-16T06:18:10.489+0000] {dag.py:3722} INFO - Setting next_dagrun for example_kubernetes_executor to None, run_after=None
[2023-11-16T06:18:10.504+0000] {processor.py:179} INFO - Processing /home/airflow/.local/lib/python3.8/site-packages/airflow/example_dags/example_kubernetes_executor.py took 0.069 seconds
[2023-11-16T06:18:40.694+0000] {processor.py:157} INFO - Started process (PID=95) to work on /home/airflow/.local/lib/python3.8/site-packages/airflow/example_dags/example_kubernetes_executor.py
[2023-11-16T06:18:40.695+0000] {processor.py:829} INFO - Processing file /home/airflow/.local/lib/python3.8/site-packages/airflow/example_dags/example_kubernetes_executor.py for tasks to queue
[2023-11-16T06:18:40.696+0000] {logging_mixin.py:154} INFO - [2023-11-16T06:18:40.696+0000] {dagbag.py:536} INFO - Filling up the DagBag from /home/airflow/.local/lib/python3.8/site-packages/airflow/example_dags/example_kubernetes_executor.py
[2023-11-16T06:18:40.706+0000] {processor.py:839} INFO - DAG(s) dict_keys(['example_kubernetes_executor']) retrieved from /home/airflow/.local/lib/python3.8/site-packages/airflow/example_dags/example_kubernetes_executor.py
[2023-11-16T06:18:40.737+0000] {logging_mixin.py:154} INFO - [2023-11-16T06:18:40.737+0000] {dag.py:2941} INFO - Sync 1 DAGs
[2023-11-16T06:18:40.745+0000] {logging_mixin.py:154} INFO - [2023-11-16T06:18:40.745+0000] {dag.py:3722} INFO - Setting next_dagrun for example_kubernetes_executor to None, run_after=None
[2023-11-16T06:18:40.755+0000] {processor.py:179} INFO - Processing /home/airflow/.local/lib/python3.8/site-packages/airflow/example_dags/example_kubernetes_executor.py took 0.064 seconds
[2023-11-16T06:19:10.861+0000] {processor.py:157} INFO - Started process (PID=149) to work on /home/airflow/.local/lib/python3.8/site-packages/airflow/example_dags/example_kubernetes_executor.py
[2023-11-16T06:19:10.861+0000] {processor.py:829} INFO - Processing file /home/airflow/.local/lib/python3.8/site-packages/airflow/example_dags/example_kubernetes_executor.py for tasks to queue
[2023-11-16T06:19:10.863+0000] {logging_mixin.py:154} INFO - [2023-11-16T06:19:10.862+0000] {dagbag.py:536} INFO - Filling up the DagBag from /home/airflow/.local/lib/python3.8/site-packages/airflow/example_dags/example_kubernetes_executor.py
[2023-11-16T06:19:10.872+0000] {processor.py:839} INFO - DAG(s) dict_keys(['example_kubernetes_executor']) retrieved from /home/airflow/.local/lib/python3.8/site-packages/airflow/example_dags/example_kubernetes_executor.py
[2023-11-16T06:19:10.893+0000] {logging_mixin.py:154} INFO - [2023-11-16T06:19:10.893+0000] {dag.py:2941} INFO - Sync 1 DAGs
[2023-11-16T06:19:10.901+0000] {logging_mixin.py:154} INFO - [2023-11-16T06:19:10.901+0000] {dag.py:3722} INFO - Setting next_dagrun for example_kubernetes_executor to None, run_after=None
[2023-11-16T06:19:10.912+0000] {processor.py:179} INFO - Processing /home/airflow/.local/lib/python3.8/site-packages/airflow/example_dags/example_kubernetes_executor.py took 0.053 seconds
[2023-11-16T06:19:41.254+0000] {processor.py:157} INFO - Started process (PID=203) to work on /home/airflow/.local/lib/python3.8/site-packages/airflow/example_dags/example_kubernetes_executor.py
[2023-11-16T06:19:41.255+0000] {processor.py:829} INFO - Processing file /home/airflow/.local/lib/python3.8/site-packages/airflow/example_dags/example_kubernetes_executor.py for tasks to queue
[2023-11-16T06:19:41.257+0000] {logging_mixin.py:154} INFO - [2023-11-16T06:19:41.256+0000] {dagbag.py:536} INFO - Filling up the DagBag from /home/airflow/.local/lib/python3.8/site-packages/airflow/example_dags/example_kubernetes_executor.py
[2023-11-16T06:19:41.266+0000] {processor.py:839} INFO - DAG(s) dict_keys(['example_kubernetes_executor']) retrieved from /home/airflow/.local/lib/python3.8/site-packages/airflow/example_dags/example_kubernetes_executor.py
[2023-11-16T06:19:41.288+0000] {logging_mixin.py:154} INFO - [2023-11-16T06:19:41.288+0000] {dag.py:2941} INFO - Sync 1 DAGs
[2023-11-16T06:19:41.296+0000] {logging_mixin.py:154} INFO - [2023-11-16T06:19:41.296+0000] {dag.py:3722} INFO - Setting next_dagrun for example_kubernetes_executor to None, run_after=None
[2023-11-16T06:19:41.306+0000] {processor.py:179} INFO - Processing /home/airflow/.local/lib/python3.8/site-packages/airflow/example_dags/example_kubernetes_executor.py took 0.054 seconds
[2023-11-16T06:20:11.577+0000] {processor.py:157} INFO - Started process (PID=257) to work on /home/airflow/.local/lib/python3.8/site-packages/airflow/example_dags/example_kubernetes_executor.py
[2023-11-16T06:20:11.578+0000] {processor.py:829} INFO - Processing file /home/airflow/.local/lib/python3.8/site-packages/airflow/example_dags/example_kubernetes_executor.py for tasks to queue
[2023-11-16T06:20:11.579+0000] {logging_mixin.py:154} INFO - [2023-11-16T06:20:11.579+0000] {dagbag.py:536} INFO - Filling up the DagBag from /home/airflow/.local/lib/python3.8/site-packages/airflow/example_dags/example_kubernetes_executor.py
[2023-11-16T06:20:11.588+0000] {processor.py:839} INFO - DAG(s) dict_keys(['example_kubernetes_executor']) retrieved from /home/airflow/.local/lib/python3.8/site-packages/airflow/example_dags/example_kubernetes_executor.py
[2023-11-16T06:20:11.611+0000] {logging_mixin.py:154} INFO - [2023-11-16T06:20:11.611+0000] {dag.py:2941} INFO - Sync 1 DAGs
[2023-11-16T06:20:11.619+0000] {logging_mixin.py:154} INFO - [2023-11-16T06:20:11.619+0000] {dag.py:3722} INFO - Setting next_dagrun for example_kubernetes_executor to None, run_after=None
[2023-11-16T06:20:11.628+0000] {processor.py:179} INFO - Processing /home/airflow/.local/lib/python3.8/site-packages/airflow/example_dags/example_kubernetes_executor.py took 0.053 seconds
[2023-11-16T06:20:42.471+0000] {processor.py:157} INFO - Started process (PID=311) to work on /home/airflow/.local/lib/python3.8/site-packages/airflow/example_dags/example_kubernetes_executor.py
[2023-11-16T06:20:42.472+0000] {processor.py:829} INFO - Processing file /home/airflow/.local/lib/python3.8/site-packages/airflow/example_dags/example_kubernetes_executor.py for tasks to queue
[2023-11-16T06:20:42.473+0000] {logging_mixin.py:154} INFO - [2023-11-16T06:20:42.473+0000] {dagbag.py:536} INFO - Filling up the DagBag from /home/airflow/.local/lib/python3.8/site-packages/airflow/example_dags/example_kubernetes_executor.py
[2023-11-16T06:20:42.482+0000] {processor.py:839} INFO - DAG(s) dict_keys(['example_kubernetes_executor']) retrieved from /home/airflow/.local/lib/python3.8/site-packages/airflow/example_dags/example_kubernetes_executor.py
[2023-11-16T06:20:42.508+0000] {logging_mixin.py:154} INFO - [2023-11-16T06:20:42.508+0000] {dag.py:2941} INFO - Sync 1 DAGs
[2023-11-16T06:20:42.516+0000] {logging_mixin.py:154} INFO - [2023-11-16T06:20:42.516+0000] {dag.py:3722} INFO - Setting next_dagrun for example_kubernetes_executor to None, run_after=None
[2023-11-16T06:20:42.525+0000] {processor.py:179} INFO - Processing /home/airflow/.local/lib/python3.8/site-packages/airflow/example_dags/example_kubernetes_executor.py took 0.058 seconds
[2023-11-16T06:21:12.577+0000] {processor.py:157} INFO - Started process (PID=365) to work on /home/airflow/.local/lib/python3.8/site-packages/airflow/example_dags/example_kubernetes_executor.py
[2023-11-16T06:21:12.577+0000] {processor.py:829} INFO - Processing file /home/airflow/.local/lib/python3.8/site-packages/airflow/example_dags/example_kubernetes_executor.py for tasks to queue
[2023-11-16T06:21:12.579+0000] {logging_mixin.py:154} INFO - [2023-11-16T06:21:12.579+0000] {dagbag.py:536} INFO - Filling up the DagBag from /home/airflow/.local/lib/python3.8/site-packages/airflow/example_dags/example_kubernetes_executor.py
[2023-11-16T06:21:12.588+0000] {processor.py:839} INFO - DAG(s) dict_keys(['example_kubernetes_executor']) retrieved from /home/airflow/.local/lib/python3.8/site-packages/airflow/example_dags/example_kubernetes_executor.py
[2023-11-16T06:21:12.608+0000] {logging_mixin.py:154} INFO - [2023-11-16T06:21:12.608+0000] {dag.py:2941} INFO - Sync 1 DAGs
[2023-11-16T06:21:12.615+0000] {logging_mixin.py:154} INFO - [2023-11-16T06:21:12.615+0000] {dag.py:3722} INFO - Setting next_dagrun for example_kubernetes_executor to None, run_after=None
[2023-11-16T06:21:12.624+0000] {processor.py:179} INFO - Processing /home/airflow/.local/lib/python3.8/site-packages/airflow/example_dags/example_kubernetes_executor.py took 0.050 seconds
[2023-11-16T06:21:42.798+0000] {processor.py:157} INFO - Started process (PID=419) to work on /home/airflow/.local/lib/python3.8/site-packages/airflow/example_dags/example_kubernetes_executor.py
[2023-11-16T06:21:42.798+0000] {processor.py:829} INFO - Processing file /home/airflow/.local/lib/python3.8/site-packages/airflow/example_dags/example_kubernetes_executor.py for tasks to queue
[2023-11-16T06:21:42.800+0000] {logging_mixin.py:154} INFO - [2023-11-16T06:21:42.800+0000] {dagbag.py:536} INFO - Filling up the DagBag from /home/airflow/.local/lib/python3.8/site-packages/airflow/example_dags/example_kubernetes_executor.py
[2023-11-16T06:21:42.816+0000] {processor.py:839} INFO - DAG(s) dict_keys(['example_kubernetes_executor']) retrieved from /home/airflow/.local/lib/python3.8/site-packages/airflow/example_dags/example_kubernetes_executor.py
[2023-11-16T06:21:42.844+0000] {logging_mixin.py:154} INFO - [2023-11-16T06:21:42.844+0000] {dag.py:2941} INFO - Sync 1 DAGs
[2023-11-16T06:21:42.852+0000] {logging_mixin.py:154} INFO - [2023-11-16T06:21:42.852+0000] {dag.py:3722} INFO - Setting next_dagrun for example_kubernetes_executor to None, run_after=None
[2023-11-16T06:21:42.863+0000] {processor.py:179} INFO - Processing /home/airflow/.local/lib/python3.8/site-packages/airflow/example_dags/example_kubernetes_executor.py took 0.068 seconds
[2023-11-16T06:22:13.047+0000] {processor.py:157} INFO - Started process (PID=473) to work on /home/airflow/.local/lib/python3.8/site-packages/airflow/example_dags/example_kubernetes_executor.py
[2023-11-16T06:22:13.048+0000] {processor.py:829} INFO - Processing file /home/airflow/.local/lib/python3.8/site-packages/airflow/example_dags/example_kubernetes_executor.py for tasks to queue
[2023-11-16T06:22:13.049+0000] {logging_mixin.py:154} INFO - [2023-11-16T06:22:13.049+0000] {dagbag.py:536} INFO - Filling up the DagBag from /home/airflow/.local/lib/python3.8/site-packages/airflow/example_dags/example_kubernetes_executor.py
[2023-11-16T06:22:13.058+0000] {processor.py:839} INFO - DAG(s) dict_keys(['example_kubernetes_executor']) retrieved from /home/airflow/.local/lib/python3.8/site-packages/airflow/example_dags/example_kubernetes_executor.py
[2023-11-16T06:22:13.079+0000] {logging_mixin.py:154} INFO - [2023-11-16T06:22:13.079+0000] {dag.py:2941} INFO - Sync 1 DAGs
[2023-11-16T06:22:13.087+0000] {logging_mixin.py:154} INFO - [2023-11-16T06:22:13.087+0000] {dag.py:3722} INFO - Setting next_dagrun for example_kubernetes_executor to None, run_after=None
[2023-11-16T06:22:13.097+0000] {processor.py:179} INFO - Processing /home/airflow/.local/lib/python3.8/site-packages/airflow/example_dags/example_kubernetes_executor.py took 0.052 seconds
[2023-11-16T06:22:43.242+0000] {processor.py:157} INFO - Started process (PID=527) to work on /home/airflow/.local/lib/python3.8/site-packages/airflow/example_dags/example_kubernetes_executor.py
[2023-11-16T06:22:43.243+0000] {processor.py:829} INFO - Processing file /home/airflow/.local/lib/python3.8/site-packages/airflow/example_dags/example_kubernetes_executor.py for tasks to queue
[2023-11-16T06:22:43.244+0000] {logging_mixin.py:154} INFO - [2023-11-16T06:22:43.244+0000] {dagbag.py:536} INFO - Filling up the DagBag from /home/airflow/.local/lib/python3.8/site-packages/airflow/example_dags/example_kubernetes_executor.py
[2023-11-16T06:22:43.254+0000] {processor.py:839} INFO - DAG(s) dict_keys(['example_kubernetes_executor']) retrieved from /home/airflow/.local/lib/python3.8/site-packages/airflow/example_dags/example_kubernetes_executor.py
[2023-11-16T06:22:43.287+0000] {logging_mixin.py:154} INFO - [2023-11-16T06:22:43.286+0000] {dag.py:2941} INFO - Sync 1 DAGs
[2023-11-16T06:22:43.312+0000] {logging_mixin.py:154} INFO - [2023-11-16T06:22:43.312+0000] {dag.py:3722} INFO - Setting next_dagrun for example_kubernetes_executor to None, run_after=None
[2023-11-16T06:22:43.342+0000] {processor.py:179} INFO - Processing /home/airflow/.local/lib/python3.8/site-packages/airflow/example_dags/example_kubernetes_executor.py took 0.102 seconds
[2023-11-16T06:23:14.372+0000] {processor.py:157} INFO - Started process (PID=581) to work on /home/airflow/.local/lib/python3.8/site-packages/airflow/example_dags/example_kubernetes_executor.py
[2023-11-16T06:23:14.374+0000] {processor.py:829} INFO - Processing file /home/airflow/.local/lib/python3.8/site-packages/airflow/example_dags/example_kubernetes_executor.py for tasks to queue
[2023-11-16T06:23:14.376+0000] {logging_mixin.py:154} INFO - [2023-11-16T06:23:14.375+0000] {dagbag.py:536} INFO - Filling up the DagBag from /home/airflow/.local/lib/python3.8/site-packages/airflow/example_dags/example_kubernetes_executor.py
[2023-11-16T06:23:14.389+0000] {processor.py:839} INFO - DAG(s) dict_keys(['example_kubernetes_executor']) retrieved from /home/airflow/.local/lib/python3.8/site-packages/airflow/example_dags/example_kubernetes_executor.py
[2023-11-16T06:23:14.418+0000] {logging_mixin.py:154} INFO - [2023-11-16T06:23:14.418+0000] {dag.py:2941} INFO - Sync 1 DAGs
[2023-11-16T06:23:14.427+0000] {logging_mixin.py:154} INFO - [2023-11-16T06:23:14.427+0000] {dag.py:3722} INFO - Setting next_dagrun for example_kubernetes_executor to None, run_after=None
[2023-11-16T06:23:14.470+0000] {processor.py:179} INFO - Processing /home/airflow/.local/lib/python3.8/site-packages/airflow/example_dags/example_kubernetes_executor.py took 0.100 seconds
[2023-11-16T06:23:44.748+0000] {processor.py:157} INFO - Started process (PID=635) to work on /home/airflow/.local/lib/python3.8/site-packages/airflow/example_dags/example_kubernetes_executor.py
[2023-11-16T06:23:44.749+0000] {processor.py:829} INFO - Processing file /home/airflow/.local/lib/python3.8/site-packages/airflow/example_dags/example_kubernetes_executor.py for tasks to queue
[2023-11-16T06:23:44.753+0000] {logging_mixin.py:154} INFO - [2023-11-16T06:23:44.752+0000] {dagbag.py:536} INFO - Filling up the DagBag from /home/airflow/.local/lib/python3.8/site-packages/airflow/example_dags/example_kubernetes_executor.py
[2023-11-16T06:23:44.765+0000] {processor.py:839} INFO - DAG(s) dict_keys(['example_kubernetes_executor']) retrieved from /home/airflow/.local/lib/python3.8/site-packages/airflow/example_dags/example_kubernetes_executor.py
[2023-11-16T06:23:44.788+0000] {logging_mixin.py:154} INFO - [2023-11-16T06:23:44.788+0000] {dag.py:2941} INFO - Sync 1 DAGs
[2023-11-16T06:23:44.795+0000] {logging_mixin.py:154} INFO - [2023-11-16T06:23:44.795+0000] {dag.py:3722} INFO - Setting next_dagrun for example_kubernetes_executor to None, run_after=None
[2023-11-16T06:23:44.804+0000] {processor.py:179} INFO - Processing /home/airflow/.local/lib/python3.8/site-packages/airflow/example_dags/example_kubernetes_executor.py took 0.058 seconds
[2023-11-16T06:24:14.974+0000] {processor.py:157} INFO - Started process (PID=689) to work on /home/airflow/.local/lib/python3.8/site-packages/airflow/example_dags/example_kubernetes_executor.py
[2023-11-16T06:24:14.975+0000] {processor.py:829} INFO - Processing file /home/airflow/.local/lib/python3.8/site-packages/airflow/example_dags/example_kubernetes_executor.py for tasks to queue
[2023-11-16T06:24:14.976+0000] {logging_mixin.py:154} INFO - [2023-11-16T06:24:14.976+0000] {dagbag.py:536} INFO - Filling up the DagBag from /home/airflow/.local/lib/python3.8/site-packages/airflow/example_dags/example_kubernetes_executor.py
[2023-11-16T06:24:14.986+0000] {processor.py:839} INFO - DAG(s) dict_keys(['example_kubernetes_executor']) retrieved from /home/airflow/.local/lib/python3.8/site-packages/airflow/example_dags/example_kubernetes_executor.py
[2023-11-16T06:24:15.009+0000] {logging_mixin.py:154} INFO - [2023-11-16T06:24:15.009+0000] {dag.py:2941} INFO - Sync 1 DAGs
[2023-11-16T06:24:15.017+0000] {logging_mixin.py:154} INFO - [2023-11-16T06:24:15.017+0000] {dag.py:3722} INFO - Setting next_dagrun for example_kubernetes_executor to None, run_after=None
[2023-11-16T06:24:15.026+0000] {processor.py:179} INFO - Processing /home/airflow/.local/lib/python3.8/site-packages/airflow/example_dags/example_kubernetes_executor.py took 0.055 seconds
[2023-11-16T06:24:45.185+0000] {processor.py:157} INFO - Started process (PID=743) to work on /home/airflow/.local/lib/python3.8/site-packages/airflow/example_dags/example_kubernetes_executor.py
[2023-11-16T06:24:45.185+0000] {processor.py:829} INFO - Processing file /home/airflow/.local/lib/python3.8/site-packages/airflow/example_dags/example_kubernetes_executor.py for tasks to queue
[2023-11-16T06:24:45.187+0000] {logging_mixin.py:154} INFO - [2023-11-16T06:24:45.187+0000] {dagbag.py:536} INFO - Filling up the DagBag from /home/airflow/.local/lib/python3.8/site-packages/airflow/example_dags/example_kubernetes_executor.py
[2023-11-16T06:24:45.196+0000] {processor.py:839} INFO - DAG(s) dict_keys(['example_kubernetes_executor']) retrieved from /home/airflow/.local/lib/python3.8/site-packages/airflow/example_dags/example_kubernetes_executor.py
[2023-11-16T06:24:45.221+0000] {logging_mixin.py:154} INFO - [2023-11-16T06:24:45.221+0000] {dag.py:2941} INFO - Sync 1 DAGs
[2023-11-16T06:24:45.229+0000] {logging_mixin.py:154} INFO - [2023-11-16T06:24:45.229+0000] {dag.py:3722} INFO - Setting next_dagrun for example_kubernetes_executor to None, run_after=None
[2023-11-16T06:24:45.239+0000] {processor.py:179} INFO - Processing /home/airflow/.local/lib/python3.8/site-packages/airflow/example_dags/example_kubernetes_executor.py took 0.056 seconds
[2023-11-16T06:25:15.529+0000] {processor.py:157} INFO - Started process (PID=797) to work on /home/airflow/.local/lib/python3.8/site-packages/airflow/example_dags/example_kubernetes_executor.py
[2023-11-16T06:25:15.531+0000] {processor.py:829} INFO - Processing file /home/airflow/.local/lib/python3.8/site-packages/airflow/example_dags/example_kubernetes_executor.py for tasks to queue
[2023-11-16T06:25:15.533+0000] {logging_mixin.py:154} INFO - [2023-11-16T06:25:15.533+0000] {dagbag.py:536} INFO - Filling up the DagBag from /home/airflow/.local/lib/python3.8/site-packages/airflow/example_dags/example_kubernetes_executor.py
[2023-11-16T06:25:15.543+0000] {processor.py:839} INFO - DAG(s) dict_keys(['example_kubernetes_executor']) retrieved from /home/airflow/.local/lib/python3.8/site-packages/airflow/example_dags/example_kubernetes_executor.py
[2023-11-16T06:25:15.569+0000] {logging_mixin.py:154} INFO - [2023-11-16T06:25:15.569+0000] {dag.py:2941} INFO - Sync 1 DAGs
[2023-11-16T06:25:15.593+0000] {logging_mixin.py:154} INFO - [2023-11-16T06:25:15.592+0000] {dag.py:3722} INFO - Setting next_dagrun for example_kubernetes_executor to None, run_after=None
[2023-11-16T06:25:15.607+0000] {processor.py:179} INFO - Processing /home/airflow/.local/lib/python3.8/site-packages/airflow/example_dags/example_kubernetes_executor.py took 0.080 seconds
[2023-11-16T06:25:46.230+0000] {processor.py:157} INFO - Started process (PID=851) to work on /home/airflow/.local/lib/python3.8/site-packages/airflow/example_dags/example_kubernetes_executor.py
[2023-11-16T06:25:46.230+0000] {processor.py:829} INFO - Processing file /home/airflow/.local/lib/python3.8/site-packages/airflow/example_dags/example_kubernetes_executor.py for tasks to queue
[2023-11-16T06:25:46.232+0000] {logging_mixin.py:154} INFO - [2023-11-16T06:25:46.232+0000] {dagbag.py:536} INFO - Filling up the DagBag from /home/airflow/.local/lib/python3.8/site-packages/airflow/example_dags/example_kubernetes_executor.py
[2023-11-16T06:25:46.242+0000] {processor.py:839} INFO - DAG(s) dict_keys(['example_kubernetes_executor']) retrieved from /home/airflow/.local/lib/python3.8/site-packages/airflow/example_dags/example_kubernetes_executor.py
[2023-11-16T06:25:46.264+0000] {logging_mixin.py:154} INFO - [2023-11-16T06:25:46.264+0000] {dag.py:2941} INFO - Sync 1 DAGs
[2023-11-16T06:25:46.272+0000] {logging_mixin.py:154} INFO - [2023-11-16T06:25:46.272+0000] {dag.py:3722} INFO - Setting next_dagrun for example_kubernetes_executor to None, run_after=None
[2023-11-16T06:25:46.281+0000] {processor.py:179} INFO - Processing /home/airflow/.local/lib/python3.8/site-packages/airflow/example_dags/example_kubernetes_executor.py took 0.054 seconds
[2023-11-16T06:26:16.699+0000] {processor.py:157} INFO - Started process (PID=905) to work on /home/airflow/.local/lib/python3.8/site-packages/airflow/example_dags/example_kubernetes_executor.py
[2023-11-16T06:26:16.700+0000] {processor.py:829} INFO - Processing file /home/airflow/.local/lib/python3.8/site-packages/airflow/example_dags/example_kubernetes_executor.py for tasks to queue
[2023-11-16T06:26:16.701+0000] {logging_mixin.py:154} INFO - [2023-11-16T06:26:16.701+0000] {dagbag.py:536} INFO - Filling up the DagBag from /home/airflow/.local/lib/python3.8/site-packages/airflow/example_dags/example_kubernetes_executor.py
[2023-11-16T06:26:16.710+0000] {processor.py:839} INFO - DAG(s) dict_keys(['example_kubernetes_executor']) retrieved from /home/airflow/.local/lib/python3.8/site-packages/airflow/example_dags/example_kubernetes_executor.py
[2023-11-16T06:26:16.735+0000] {logging_mixin.py:154} INFO - [2023-11-16T06:26:16.735+0000] {dag.py:2941} INFO - Sync 1 DAGs
[2023-11-16T06:26:16.743+0000] {logging_mixin.py:154} INFO - [2023-11-16T06:26:16.743+0000] {dag.py:3722} INFO - Setting next_dagrun for example_kubernetes_executor to None, run_after=None
[2023-11-16T06:26:16.753+0000] {processor.py:179} INFO - Processing /home/airflow/.local/lib/python3.8/site-packages/airflow/example_dags/example_kubernetes_executor.py took 0.057 seconds
[2023-11-16T06:26:47.532+0000] {processor.py:157} INFO - Started process (PID=959) to work on /home/airflow/.local/lib/python3.8/site-packages/airflow/example_dags/example_kubernetes_executor.py
[2023-11-16T06:26:47.533+0000] {processor.py:829} INFO - Processing file /home/airflow/.local/lib/python3.8/site-packages/airflow/example_dags/example_kubernetes_executor.py for tasks to queue
[2023-11-16T06:26:47.534+0000] {logging_mixin.py:154} INFO - [2023-11-16T06:26:47.534+0000] {dagbag.py:536} INFO - Filling up the DagBag from /home/airflow/.local/lib/python3.8/site-packages/airflow/example_dags/example_kubernetes_executor.py
[2023-11-16T06:26:47.543+0000] {processor.py:839} INFO - DAG(s) dict_keys(['example_kubernetes_executor']) retrieved from /home/airflow/.local/lib/python3.8/site-packages/airflow/example_dags/example_kubernetes_executor.py
[2023-11-16T06:26:47.583+0000] {logging_mixin.py:154} INFO - [2023-11-16T06:26:47.583+0000] {dag.py:2941} INFO - Sync 1 DAGs
[2023-11-16T06:26:47.601+0000] {logging_mixin.py:154} INFO - [2023-11-16T06:26:47.601+0000] {dag.py:3722} INFO - Setting next_dagrun for example_kubernetes_executor to None, run_after=None
[2023-11-16T06:26:47.614+0000] {processor.py:179} INFO - Processing /home/airflow/.local/lib/python3.8/site-packages/airflow/example_dags/example_kubernetes_executor.py took 0.086 seconds
[2023-11-16T06:27:18.475+0000] {processor.py:157} INFO - Started process (PID=1013) to work on /home/airflow/.local/lib/python3.8/site-packages/airflow/example_dags/example_kubernetes_executor.py
[2023-11-16T06:27:18.476+0000] {processor.py:829} INFO - Processing file /home/airflow/.local/lib/python3.8/site-packages/airflow/example_dags/example_kubernetes_executor.py for tasks to queue
[2023-11-16T06:27:18.478+0000] {logging_mixin.py:154} INFO - [2023-11-16T06:27:18.478+0000] {dagbag.py:536} INFO - Filling up the DagBag from /home/airflow/.local/lib/python3.8/site-packages/airflow/example_dags/example_kubernetes_executor.py
[2023-11-16T06:27:18.487+0000] {processor.py:839} INFO - DAG(s) dict_keys(['example_kubernetes_executor']) retrieved from /home/airflow/.local/lib/python3.8/site-packages/airflow/example_dags/example_kubernetes_executor.py
[2023-11-16T06:27:18.514+0000] {logging_mixin.py:154} INFO - [2023-11-16T06:27:18.513+0000] {dag.py:2941} INFO - Sync 1 DAGs
[2023-11-16T06:27:18.634+0000] {logging_mixin.py:154} INFO - [2023-11-16T06:27:18.634+0000] {dag.py:3722} INFO - Setting next_dagrun for example_kubernetes_executor to None, run_after=None
[2023-11-16T06:27:18.643+0000] {processor.py:179} INFO - Processing /home/airflow/.local/lib/python3.8/site-packages/airflow/example_dags/example_kubernetes_executor.py took 0.171 seconds
[2023-11-16T06:27:48.732+0000] {processor.py:157} INFO - Started process (PID=1067) to work on /home/airflow/.local/lib/python3.8/site-packages/airflow/example_dags/example_kubernetes_executor.py
[2023-11-16T06:27:48.733+0000] {processor.py:829} INFO - Processing file /home/airflow/.local/lib/python3.8/site-packages/airflow/example_dags/example_kubernetes_executor.py for tasks to queue
[2023-11-16T06:27:48.735+0000] {logging_mixin.py:154} INFO - [2023-11-16T06:27:48.735+0000] {dagbag.py:536} INFO - Filling up the DagBag from /home/airflow/.local/lib/python3.8/site-packages/airflow/example_dags/example_kubernetes_executor.py
[2023-11-16T06:27:48.744+0000] {processor.py:839} INFO - DAG(s) dict_keys(['example_kubernetes_executor']) retrieved from /home/airflow/.local/lib/python3.8/site-packages/airflow/example_dags/example_kubernetes_executor.py
[2023-11-16T06:27:48.766+0000] {logging_mixin.py:154} INFO - [2023-11-16T06:27:48.766+0000] {dag.py:2941} INFO - Sync 1 DAGs
[2023-11-16T06:27:48.774+0000] {logging_mixin.py:154} INFO - [2023-11-16T06:27:48.774+0000] {dag.py:3722} INFO - Setting next_dagrun for example_kubernetes_executor to None, run_after=None
[2023-11-16T06:27:48.937+0000] {processor.py:179} INFO - Processing /home/airflow/.local/lib/python3.8/site-packages/airflow/example_dags/example_kubernetes_executor.py took 0.207 seconds
[2023-11-16T06:28:19.217+0000] {processor.py:157} INFO - Started process (PID=1121) to work on /home/airflow/.local/lib/python3.8/site-packages/airflow/example_dags/example_kubernetes_executor.py
[2023-11-16T06:28:19.218+0000] {processor.py:829} INFO - Processing file /home/airflow/.local/lib/python3.8/site-packages/airflow/example_dags/example_kubernetes_executor.py for tasks to queue
[2023-11-16T06:28:19.219+0000] {logging_mixin.py:154} INFO - [2023-11-16T06:28:19.219+0000] {dagbag.py:536} INFO - Filling up the DagBag from /home/airflow/.local/lib/python3.8/site-packages/airflow/example_dags/example_kubernetes_executor.py
[2023-11-16T06:28:19.229+0000] {processor.py:839} INFO - DAG(s) dict_keys(['example_kubernetes_executor']) retrieved from /home/airflow/.local/lib/python3.8/site-packages/airflow/example_dags/example_kubernetes_executor.py
[2023-11-16T06:28:19.250+0000] {logging_mixin.py:154} INFO - [2023-11-16T06:28:19.250+0000] {dag.py:2941} INFO - Sync 1 DAGs
[2023-11-16T06:28:19.257+0000] {logging_mixin.py:154} INFO - [2023-11-16T06:28:19.257+0000] {dag.py:3722} INFO - Setting next_dagrun for example_kubernetes_executor to None, run_after=None
[2023-11-16T06:28:19.267+0000] {processor.py:179} INFO - Processing /home/airflow/.local/lib/python3.8/site-packages/airflow/example_dags/example_kubernetes_executor.py took 0.052 seconds
[2023-11-16T06:28:49.912+0000] {processor.py:157} INFO - Started process (PID=1175) to work on /home/airflow/.local/lib/python3.8/site-packages/airflow/example_dags/example_kubernetes_executor.py
[2023-11-16T06:28:49.912+0000] {processor.py:829} INFO - Processing file /home/airflow/.local/lib/python3.8/site-packages/airflow/example_dags/example_kubernetes_executor.py for tasks to queue
[2023-11-16T06:28:49.914+0000] {logging_mixin.py:154} INFO - [2023-11-16T06:28:49.914+0000] {dagbag.py:536} INFO - Filling up the DagBag from /home/airflow/.local/lib/python3.8/site-packages/airflow/example_dags/example_kubernetes_executor.py
[2023-11-16T06:28:49.922+0000] {processor.py:839} INFO - DAG(s) dict_keys(['example_kubernetes_executor']) retrieved from /home/airflow/.local/lib/python3.8/site-packages/airflow/example_dags/example_kubernetes_executor.py
[2023-11-16T06:28:49.942+0000] {logging_mixin.py:154} INFO - [2023-11-16T06:28:49.942+0000] {dag.py:2941} INFO - Sync 1 DAGs
[2023-11-16T06:28:49.948+0000] {logging_mixin.py:154} INFO - [2023-11-16T06:28:49.948+0000] {dag.py:3722} INFO - Setting next_dagrun for example_kubernetes_executor to None, run_after=None
[2023-11-16T06:28:49.956+0000] {processor.py:179} INFO - Processing /home/airflow/.local/lib/python3.8/site-packages/airflow/example_dags/example_kubernetes_executor.py took 0.046 seconds
[2023-11-16T06:29:20.430+0000] {processor.py:157} INFO - Started process (PID=1229) to work on /home/airflow/.local/lib/python3.8/site-packages/airflow/example_dags/example_kubernetes_executor.py
[2023-11-16T06:29:20.431+0000] {processor.py:829} INFO - Processing file /home/airflow/.local/lib/python3.8/site-packages/airflow/example_dags/example_kubernetes_executor.py for tasks to queue
[2023-11-16T06:29:20.433+0000] {logging_mixin.py:154} INFO - [2023-11-16T06:29:20.433+0000] {dagbag.py:536} INFO - Filling up the DagBag from /home/airflow/.local/lib/python3.8/site-packages/airflow/example_dags/example_kubernetes_executor.py
[2023-11-16T06:29:20.441+0000] {processor.py:839} INFO - DAG(s) dict_keys(['example_kubernetes_executor']) retrieved from /home/airflow/.local/lib/python3.8/site-packages/airflow/example_dags/example_kubernetes_executor.py
[2023-11-16T06:29:20.560+0000] {logging_mixin.py:154} INFO - [2023-11-16T06:29:20.560+0000] {dag.py:2941} INFO - Sync 1 DAGs
[2023-11-16T06:29:20.566+0000] {logging_mixin.py:154} INFO - [2023-11-16T06:29:20.566+0000] {dag.py:3722} INFO - Setting next_dagrun for example_kubernetes_executor to None, run_after=None
[2023-11-16T06:29:20.575+0000] {processor.py:179} INFO - Processing /home/airflow/.local/lib/python3.8/site-packages/airflow/example_dags/example_kubernetes_executor.py took 0.146 seconds
[2023-11-16T06:29:51.601+0000] {processor.py:157} INFO - Started process (PID=1283) to work on /home/airflow/.local/lib/python3.8/site-packages/airflow/example_dags/example_kubernetes_executor.py
[2023-11-16T06:29:51.602+0000] {processor.py:829} INFO - Processing file /home/airflow/.local/lib/python3.8/site-packages/airflow/example_dags/example_kubernetes_executor.py for tasks to queue
[2023-11-16T06:29:51.603+0000] {logging_mixin.py:154} INFO - [2023-11-16T06:29:51.603+0000] {dagbag.py:536} INFO - Filling up the DagBag from /home/airflow/.local/lib/python3.8/site-packages/airflow/example_dags/example_kubernetes_executor.py
[2023-11-16T06:29:51.610+0000] {processor.py:839} INFO - DAG(s) dict_keys(['example_kubernetes_executor']) retrieved from /home/airflow/.local/lib/python3.8/site-packages/airflow/example_dags/example_kubernetes_executor.py
[2023-11-16T06:29:51.735+0000] {logging_mixin.py:154} INFO - [2023-11-16T06:29:51.735+0000] {dag.py:2941} INFO - Sync 1 DAGs
[2023-11-16T06:29:51.743+0000] {logging_mixin.py:154} INFO - [2023-11-16T06:29:51.743+0000] {dag.py:3722} INFO - Setting next_dagrun for example_kubernetes_executor to None, run_after=None
[2023-11-16T06:29:51.769+0000] {processor.py:179} INFO - Processing /home/airflow/.local/lib/python3.8/site-packages/airflow/example_dags/example_kubernetes_executor.py took 0.171 seconds
[2023-11-16T06:30:22.179+0000] {processor.py:157} INFO - Started process (PID=1337) to work on /home/airflow/.local/lib/python3.8/site-packages/airflow/example_dags/example_kubernetes_executor.py
[2023-11-16T06:30:22.180+0000] {processor.py:829} INFO - Processing file /home/airflow/.local/lib/python3.8/site-packages/airflow/example_dags/example_kubernetes_executor.py for tasks to queue
[2023-11-16T06:30:22.182+0000] {logging_mixin.py:154} INFO - [2023-11-16T06:30:22.182+0000] {dagbag.py:536} INFO - Filling up the DagBag from /home/airflow/.local/lib/python3.8/site-packages/airflow/example_dags/example_kubernetes_executor.py
[2023-11-16T06:30:22.191+0000] {processor.py:839} INFO - DAG(s) dict_keys(['example_kubernetes_executor']) retrieved from /home/airflow/.local/lib/python3.8/site-packages/airflow/example_dags/example_kubernetes_executor.py
[2023-11-16T06:30:22.216+0000] {logging_mixin.py:154} INFO - [2023-11-16T06:30:22.216+0000] {dag.py:2941} INFO - Sync 1 DAGs
[2023-11-16T06:30:22.224+0000] {logging_mixin.py:154} INFO - [2023-11-16T06:30:22.224+0000] {dag.py:3722} INFO - Setting next_dagrun for example_kubernetes_executor to None, run_after=None
[2023-11-16T06:30:22.233+0000] {processor.py:179} INFO - Processing /home/airflow/.local/lib/python3.8/site-packages/airflow/example_dags/example_kubernetes_executor.py took 0.056 seconds
[2023-11-16T06:30:53.195+0000] {processor.py:157} INFO - Started process (PID=1391) to work on /home/airflow/.local/lib/python3.8/site-packages/airflow/example_dags/example_kubernetes_executor.py
[2023-11-16T06:30:53.195+0000] {processor.py:829} INFO - Processing file /home/airflow/.local/lib/python3.8/site-packages/airflow/example_dags/example_kubernetes_executor.py for tasks to queue
[2023-11-16T06:30:53.198+0000] {logging_mixin.py:154} INFO - [2023-11-16T06:30:53.198+0000] {dagbag.py:536} INFO - Filling up the DagBag from /home/airflow/.local/lib/python3.8/site-packages/airflow/example_dags/example_kubernetes_executor.py
[2023-11-16T06:30:53.208+0000] {processor.py:839} INFO - DAG(s) dict_keys(['example_kubernetes_executor']) retrieved from /home/airflow/.local/lib/python3.8/site-packages/airflow/example_dags/example_kubernetes_executor.py
[2023-11-16T06:30:53.235+0000] {logging_mixin.py:154} INFO - [2023-11-16T06:30:53.235+0000] {dag.py:2941} INFO - Sync 1 DAGs
[2023-11-16T06:30:53.243+0000] {logging_mixin.py:154} INFO - [2023-11-16T06:30:53.243+0000] {dag.py:3722} INFO - Setting next_dagrun for example_kubernetes_executor to None, run_after=None
[2023-11-16T06:30:53.256+0000] {processor.py:179} INFO - Processing /home/airflow/.local/lib/python3.8/site-packages/airflow/example_dags/example_kubernetes_executor.py took 0.063 seconds
[2023-11-16T06:31:24.120+0000] {processor.py:157} INFO - Started process (PID=1445) to work on /home/airflow/.local/lib/python3.8/site-packages/airflow/example_dags/example_kubernetes_executor.py
[2023-11-16T06:31:24.121+0000] {processor.py:829} INFO - Processing file /home/airflow/.local/lib/python3.8/site-packages/airflow/example_dags/example_kubernetes_executor.py for tasks to queue
[2023-11-16T06:31:24.123+0000] {logging_mixin.py:154} INFO - [2023-11-16T06:31:24.123+0000] {dagbag.py:536} INFO - Filling up the DagBag from /home/airflow/.local/lib/python3.8/site-packages/airflow/example_dags/example_kubernetes_executor.py
[2023-11-16T06:31:24.132+0000] {processor.py:839} INFO - DAG(s) dict_keys(['example_kubernetes_executor']) retrieved from /home/airflow/.local/lib/python3.8/site-packages/airflow/example_dags/example_kubernetes_executor.py
[2023-11-16T06:31:24.156+0000] {logging_mixin.py:154} INFO - [2023-11-16T06:31:24.155+0000] {dag.py:2941} INFO - Sync 1 DAGs
[2023-11-16T06:31:24.162+0000] {logging_mixin.py:154} INFO - [2023-11-16T06:31:24.162+0000] {dag.py:3722} INFO - Setting next_dagrun for example_kubernetes_executor to None, run_after=None
[2023-11-16T06:31:24.172+0000] {processor.py:179} INFO - Processing /home/airflow/.local/lib/python3.8/site-packages/airflow/example_dags/example_kubernetes_executor.py took 0.053 seconds
[2023-11-16T06:42:46.764+0000] {processor.py:157} INFO - Started process (PID=41) to work on /home/airflow/.local/lib/python3.8/site-packages/airflow/example_dags/example_kubernetes_executor.py
[2023-11-16T06:42:46.765+0000] {processor.py:829} INFO - Processing file /home/airflow/.local/lib/python3.8/site-packages/airflow/example_dags/example_kubernetes_executor.py for tasks to queue
[2023-11-16T06:42:46.767+0000] {logging_mixin.py:154} INFO - [2023-11-16T06:42:46.767+0000] {dagbag.py:536} INFO - Filling up the DagBag from /home/airflow/.local/lib/python3.8/site-packages/airflow/example_dags/example_kubernetes_executor.py
[2023-11-16T06:42:46.779+0000] {processor.py:839} INFO - DAG(s) dict_keys(['example_kubernetes_executor']) retrieved from /home/airflow/.local/lib/python3.8/site-packages/airflow/example_dags/example_kubernetes_executor.py
[2023-11-16T06:42:46.787+0000] {logging_mixin.py:154} INFO - [2023-11-16T06:42:46.787+0000] {dag.py:2941} INFO - Sync 1 DAGs
[2023-11-16T06:42:46.795+0000] {logging_mixin.py:154} INFO - [2023-11-16T06:42:46.795+0000] {dag.py:3722} INFO - Setting next_dagrun for example_kubernetes_executor to None, run_after=None
[2023-11-16T06:42:46.813+0000] {processor.py:179} INFO - Processing /home/airflow/.local/lib/python3.8/site-packages/airflow/example_dags/example_kubernetes_executor.py took 0.051 seconds
[2023-11-16T06:43:17.580+0000] {processor.py:157} INFO - Started process (PID=95) to work on /home/airflow/.local/lib/python3.8/site-packages/airflow/example_dags/example_kubernetes_executor.py
[2023-11-16T06:43:17.581+0000] {processor.py:829} INFO - Processing file /home/airflow/.local/lib/python3.8/site-packages/airflow/example_dags/example_kubernetes_executor.py for tasks to queue
[2023-11-16T06:43:17.582+0000] {logging_mixin.py:154} INFO - [2023-11-16T06:43:17.582+0000] {dagbag.py:536} INFO - Filling up the DagBag from /home/airflow/.local/lib/python3.8/site-packages/airflow/example_dags/example_kubernetes_executor.py
[2023-11-16T06:43:17.592+0000] {processor.py:839} INFO - DAG(s) dict_keys(['example_kubernetes_executor']) retrieved from /home/airflow/.local/lib/python3.8/site-packages/airflow/example_dags/example_kubernetes_executor.py
[2023-11-16T06:43:17.630+0000] {logging_mixin.py:154} INFO - [2023-11-16T06:43:17.630+0000] {dag.py:2941} INFO - Sync 1 DAGs
[2023-11-16T06:43:17.639+0000] {logging_mixin.py:154} INFO - [2023-11-16T06:43:17.639+0000] {dag.py:3722} INFO - Setting next_dagrun for example_kubernetes_executor to None, run_after=None
[2023-11-16T06:43:17.649+0000] {processor.py:179} INFO - Processing /home/airflow/.local/lib/python3.8/site-packages/airflow/example_dags/example_kubernetes_executor.py took 0.072 seconds
[2023-11-16T06:43:48.050+0000] {processor.py:157} INFO - Started process (PID=149) to work on /home/airflow/.local/lib/python3.8/site-packages/airflow/example_dags/example_kubernetes_executor.py
[2023-11-16T06:43:48.051+0000] {processor.py:829} INFO - Processing file /home/airflow/.local/lib/python3.8/site-packages/airflow/example_dags/example_kubernetes_executor.py for tasks to queue
[2023-11-16T06:43:48.052+0000] {logging_mixin.py:154} INFO - [2023-11-16T06:43:48.052+0000] {dagbag.py:536} INFO - Filling up the DagBag from /home/airflow/.local/lib/python3.8/site-packages/airflow/example_dags/example_kubernetes_executor.py
[2023-11-16T06:43:48.061+0000] {processor.py:839} INFO - DAG(s) dict_keys(['example_kubernetes_executor']) retrieved from /home/airflow/.local/lib/python3.8/site-packages/airflow/example_dags/example_kubernetes_executor.py
[2023-11-16T06:43:48.083+0000] {logging_mixin.py:154} INFO - [2023-11-16T06:43:48.083+0000] {dag.py:2941} INFO - Sync 1 DAGs
[2023-11-16T06:43:48.092+0000] {logging_mixin.py:154} INFO - [2023-11-16T06:43:48.092+0000] {dag.py:3722} INFO - Setting next_dagrun for example_kubernetes_executor to None, run_after=None
[2023-11-16T06:43:48.101+0000] {processor.py:179} INFO - Processing /home/airflow/.local/lib/python3.8/site-packages/airflow/example_dags/example_kubernetes_executor.py took 0.053 seconds
[2023-11-16T06:44:18.947+0000] {processor.py:157} INFO - Started process (PID=203) to work on /home/airflow/.local/lib/python3.8/site-packages/airflow/example_dags/example_kubernetes_executor.py
[2023-11-16T06:44:18.948+0000] {processor.py:829} INFO - Processing file /home/airflow/.local/lib/python3.8/site-packages/airflow/example_dags/example_kubernetes_executor.py for tasks to queue
[2023-11-16T06:44:18.949+0000] {logging_mixin.py:154} INFO - [2023-11-16T06:44:18.949+0000] {dagbag.py:536} INFO - Filling up the DagBag from /home/airflow/.local/lib/python3.8/site-packages/airflow/example_dags/example_kubernetes_executor.py
[2023-11-16T06:44:18.958+0000] {processor.py:839} INFO - DAG(s) dict_keys(['example_kubernetes_executor']) retrieved from /home/airflow/.local/lib/python3.8/site-packages/airflow/example_dags/example_kubernetes_executor.py
[2023-11-16T06:44:18.983+0000] {logging_mixin.py:154} INFO - [2023-11-16T06:44:18.983+0000] {dag.py:2941} INFO - Sync 1 DAGs
[2023-11-16T06:44:18.990+0000] {logging_mixin.py:154} INFO - [2023-11-16T06:44:18.990+0000] {dag.py:3722} INFO - Setting next_dagrun for example_kubernetes_executor to None, run_after=None
[2023-11-16T06:44:18.999+0000] {processor.py:179} INFO - Processing /home/airflow/.local/lib/python3.8/site-packages/airflow/example_dags/example_kubernetes_executor.py took 0.055 seconds
[2023-11-16T06:44:49.747+0000] {processor.py:157} INFO - Started process (PID=258) to work on /home/airflow/.local/lib/python3.8/site-packages/airflow/example_dags/example_kubernetes_executor.py
[2023-11-16T06:44:49.748+0000] {processor.py:829} INFO - Processing file /home/airflow/.local/lib/python3.8/site-packages/airflow/example_dags/example_kubernetes_executor.py for tasks to queue
[2023-11-16T06:44:49.749+0000] {logging_mixin.py:154} INFO - [2023-11-16T06:44:49.749+0000] {dagbag.py:536} INFO - Filling up the DagBag from /home/airflow/.local/lib/python3.8/site-packages/airflow/example_dags/example_kubernetes_executor.py
[2023-11-16T06:44:49.758+0000] {processor.py:839} INFO - DAG(s) dict_keys(['example_kubernetes_executor']) retrieved from /home/airflow/.local/lib/python3.8/site-packages/airflow/example_dags/example_kubernetes_executor.py
[2023-11-16T06:44:49.780+0000] {logging_mixin.py:154} INFO - [2023-11-16T06:44:49.779+0000] {dag.py:2941} INFO - Sync 1 DAGs
[2023-11-16T06:44:49.786+0000] {logging_mixin.py:154} INFO - [2023-11-16T06:44:49.786+0000] {dag.py:3722} INFO - Setting next_dagrun for example_kubernetes_executor to None, run_after=None
[2023-11-16T06:44:49.795+0000] {processor.py:179} INFO - Processing /home/airflow/.local/lib/python3.8/site-packages/airflow/example_dags/example_kubernetes_executor.py took 0.050 seconds
[2023-11-16T06:45:19.912+0000] {processor.py:157} INFO - Started process (PID=312) to work on /home/airflow/.local/lib/python3.8/site-packages/airflow/example_dags/example_kubernetes_executor.py
[2023-11-16T06:45:19.912+0000] {processor.py:829} INFO - Processing file /home/airflow/.local/lib/python3.8/site-packages/airflow/example_dags/example_kubernetes_executor.py for tasks to queue
[2023-11-16T06:45:19.914+0000] {logging_mixin.py:154} INFO - [2023-11-16T06:45:19.914+0000] {dagbag.py:536} INFO - Filling up the DagBag from /home/airflow/.local/lib/python3.8/site-packages/airflow/example_dags/example_kubernetes_executor.py
[2023-11-16T06:45:19.922+0000] {processor.py:839} INFO - DAG(s) dict_keys(['example_kubernetes_executor']) retrieved from /home/airflow/.local/lib/python3.8/site-packages/airflow/example_dags/example_kubernetes_executor.py
[2023-11-16T06:45:19.942+0000] {logging_mixin.py:154} INFO - [2023-11-16T06:45:19.942+0000] {dag.py:2941} INFO - Sync 1 DAGs
[2023-11-16T06:45:19.949+0000] {logging_mixin.py:154} INFO - [2023-11-16T06:45:19.949+0000] {dag.py:3722} INFO - Setting next_dagrun for example_kubernetes_executor to None, run_after=None
[2023-11-16T06:45:19.957+0000] {processor.py:179} INFO - Processing /home/airflow/.local/lib/python3.8/site-packages/airflow/example_dags/example_kubernetes_executor.py took 0.047 seconds
[2023-11-16T06:45:50.145+0000] {processor.py:157} INFO - Started process (PID=366) to work on /home/airflow/.local/lib/python3.8/site-packages/airflow/example_dags/example_kubernetes_executor.py
[2023-11-16T06:45:50.146+0000] {processor.py:829} INFO - Processing file /home/airflow/.local/lib/python3.8/site-packages/airflow/example_dags/example_kubernetes_executor.py for tasks to queue
[2023-11-16T06:45:50.147+0000] {logging_mixin.py:154} INFO - [2023-11-16T06:45:50.147+0000] {dagbag.py:536} INFO - Filling up the DagBag from /home/airflow/.local/lib/python3.8/site-packages/airflow/example_dags/example_kubernetes_executor.py
[2023-11-16T06:45:50.156+0000] {processor.py:839} INFO - DAG(s) dict_keys(['example_kubernetes_executor']) retrieved from /home/airflow/.local/lib/python3.8/site-packages/airflow/example_dags/example_kubernetes_executor.py
[2023-11-16T06:45:50.177+0000] {logging_mixin.py:154} INFO - [2023-11-16T06:45:50.177+0000] {dag.py:2941} INFO - Sync 1 DAGs
[2023-11-16T06:45:50.183+0000] {logging_mixin.py:154} INFO - [2023-11-16T06:45:50.183+0000] {dag.py:3722} INFO - Setting next_dagrun for example_kubernetes_executor to None, run_after=None
[2023-11-16T06:45:50.193+0000] {processor.py:179} INFO - Processing /home/airflow/.local/lib/python3.8/site-packages/airflow/example_dags/example_kubernetes_executor.py took 0.050 seconds
[2023-11-16T06:46:20.393+0000] {processor.py:157} INFO - Started process (PID=420) to work on /home/airflow/.local/lib/python3.8/site-packages/airflow/example_dags/example_kubernetes_executor.py
[2023-11-16T06:46:20.393+0000] {processor.py:829} INFO - Processing file /home/airflow/.local/lib/python3.8/site-packages/airflow/example_dags/example_kubernetes_executor.py for tasks to queue
[2023-11-16T06:46:20.395+0000] {logging_mixin.py:154} INFO - [2023-11-16T06:46:20.395+0000] {dagbag.py:536} INFO - Filling up the DagBag from /home/airflow/.local/lib/python3.8/site-packages/airflow/example_dags/example_kubernetes_executor.py
[2023-11-16T06:46:20.405+0000] {processor.py:839} INFO - DAG(s) dict_keys(['example_kubernetes_executor']) retrieved from /home/airflow/.local/lib/python3.8/site-packages/airflow/example_dags/example_kubernetes_executor.py
[2023-11-16T06:46:20.429+0000] {logging_mixin.py:154} INFO - [2023-11-16T06:46:20.429+0000] {dag.py:2941} INFO - Sync 1 DAGs
[2023-11-16T06:46:20.436+0000] {logging_mixin.py:154} INFO - [2023-11-16T06:46:20.436+0000] {dag.py:3722} INFO - Setting next_dagrun for example_kubernetes_executor to None, run_after=None
[2023-11-16T06:46:20.448+0000] {processor.py:179} INFO - Processing /home/airflow/.local/lib/python3.8/site-packages/airflow/example_dags/example_kubernetes_executor.py took 0.057 seconds
[2023-11-16T06:46:50.581+0000] {processor.py:157} INFO - Started process (PID=474) to work on /home/airflow/.local/lib/python3.8/site-packages/airflow/example_dags/example_kubernetes_executor.py
[2023-11-16T06:46:50.582+0000] {processor.py:829} INFO - Processing file /home/airflow/.local/lib/python3.8/site-packages/airflow/example_dags/example_kubernetes_executor.py for tasks to queue
[2023-11-16T06:46:50.583+0000] {logging_mixin.py:154} INFO - [2023-11-16T06:46:50.583+0000] {dagbag.py:536} INFO - Filling up the DagBag from /home/airflow/.local/lib/python3.8/site-packages/airflow/example_dags/example_kubernetes_executor.py
[2023-11-16T06:46:50.593+0000] {processor.py:839} INFO - DAG(s) dict_keys(['example_kubernetes_executor']) retrieved from /home/airflow/.local/lib/python3.8/site-packages/airflow/example_dags/example_kubernetes_executor.py
[2023-11-16T06:46:50.615+0000] {logging_mixin.py:154} INFO - [2023-11-16T06:46:50.615+0000] {dag.py:2941} INFO - Sync 1 DAGs
[2023-11-16T06:46:50.623+0000] {logging_mixin.py:154} INFO - [2023-11-16T06:46:50.623+0000] {dag.py:3722} INFO - Setting next_dagrun for example_kubernetes_executor to None, run_after=None
[2023-11-16T06:46:50.631+0000] {processor.py:179} INFO - Processing /home/airflow/.local/lib/python3.8/site-packages/airflow/example_dags/example_kubernetes_executor.py took 0.052 seconds
[2023-11-16T06:47:20.897+0000] {processor.py:157} INFO - Started process (PID=529) to work on /home/airflow/.local/lib/python3.8/site-packages/airflow/example_dags/example_kubernetes_executor.py
[2023-11-16T06:47:20.898+0000] {processor.py:829} INFO - Processing file /home/airflow/.local/lib/python3.8/site-packages/airflow/example_dags/example_kubernetes_executor.py for tasks to queue
[2023-11-16T06:47:20.900+0000] {logging_mixin.py:154} INFO - [2023-11-16T06:47:20.900+0000] {dagbag.py:536} INFO - Filling up the DagBag from /home/airflow/.local/lib/python3.8/site-packages/airflow/example_dags/example_kubernetes_executor.py
[2023-11-16T06:47:20.911+0000] {processor.py:839} INFO - DAG(s) dict_keys(['example_kubernetes_executor']) retrieved from /home/airflow/.local/lib/python3.8/site-packages/airflow/example_dags/example_kubernetes_executor.py
[2023-11-16T06:47:20.939+0000] {logging_mixin.py:154} INFO - [2023-11-16T06:47:20.939+0000] {dag.py:2941} INFO - Sync 1 DAGs
[2023-11-16T06:47:20.947+0000] {logging_mixin.py:154} INFO - [2023-11-16T06:47:20.947+0000] {dag.py:3722} INFO - Setting next_dagrun for example_kubernetes_executor to None, run_after=None
[2023-11-16T06:47:20.963+0000] {processor.py:179} INFO - Processing /home/airflow/.local/lib/python3.8/site-packages/airflow/example_dags/example_kubernetes_executor.py took 0.069 seconds
[2023-11-16T06:47:51.146+0000] {processor.py:157} INFO - Started process (PID=583) to work on /home/airflow/.local/lib/python3.8/site-packages/airflow/example_dags/example_kubernetes_executor.py
[2023-11-16T06:47:51.147+0000] {processor.py:829} INFO - Processing file /home/airflow/.local/lib/python3.8/site-packages/airflow/example_dags/example_kubernetes_executor.py for tasks to queue
[2023-11-16T06:47:51.148+0000] {logging_mixin.py:154} INFO - [2023-11-16T06:47:51.148+0000] {dagbag.py:536} INFO - Filling up the DagBag from /home/airflow/.local/lib/python3.8/site-packages/airflow/example_dags/example_kubernetes_executor.py
[2023-11-16T06:47:51.157+0000] {processor.py:839} INFO - DAG(s) dict_keys(['example_kubernetes_executor']) retrieved from /home/airflow/.local/lib/python3.8/site-packages/airflow/example_dags/example_kubernetes_executor.py
[2023-11-16T06:47:51.180+0000] {logging_mixin.py:154} INFO - [2023-11-16T06:47:51.180+0000] {dag.py:2941} INFO - Sync 1 DAGs
[2023-11-16T06:47:51.186+0000] {logging_mixin.py:154} INFO - [2023-11-16T06:47:51.186+0000] {dag.py:3722} INFO - Setting next_dagrun for example_kubernetes_executor to None, run_after=None
[2023-11-16T06:47:51.195+0000] {processor.py:179} INFO - Processing /home/airflow/.local/lib/python3.8/site-packages/airflow/example_dags/example_kubernetes_executor.py took 0.051 seconds
[2023-11-16T06:48:21.290+0000] {processor.py:157} INFO - Started process (PID=637) to work on /home/airflow/.local/lib/python3.8/site-packages/airflow/example_dags/example_kubernetes_executor.py
[2023-11-16T06:48:21.291+0000] {processor.py:829} INFO - Processing file /home/airflow/.local/lib/python3.8/site-packages/airflow/example_dags/example_kubernetes_executor.py for tasks to queue
[2023-11-16T06:48:21.293+0000] {logging_mixin.py:154} INFO - [2023-11-16T06:48:21.292+0000] {dagbag.py:536} INFO - Filling up the DagBag from /home/airflow/.local/lib/python3.8/site-packages/airflow/example_dags/example_kubernetes_executor.py
[2023-11-16T06:48:21.302+0000] {processor.py:839} INFO - DAG(s) dict_keys(['example_kubernetes_executor']) retrieved from /home/airflow/.local/lib/python3.8/site-packages/airflow/example_dags/example_kubernetes_executor.py
[2023-11-16T06:48:21.325+0000] {logging_mixin.py:154} INFO - [2023-11-16T06:48:21.324+0000] {dag.py:2941} INFO - Sync 1 DAGs
[2023-11-16T06:48:21.333+0000] {logging_mixin.py:154} INFO - [2023-11-16T06:48:21.332+0000] {dag.py:3722} INFO - Setting next_dagrun for example_kubernetes_executor to None, run_after=None
[2023-11-16T06:48:21.342+0000] {processor.py:179} INFO - Processing /home/airflow/.local/lib/python3.8/site-packages/airflow/example_dags/example_kubernetes_executor.py took 0.054 seconds
[2023-11-16T06:48:51.717+0000] {processor.py:157} INFO - Started process (PID=691) to work on /home/airflow/.local/lib/python3.8/site-packages/airflow/example_dags/example_kubernetes_executor.py
[2023-11-16T06:48:51.718+0000] {processor.py:829} INFO - Processing file /home/airflow/.local/lib/python3.8/site-packages/airflow/example_dags/example_kubernetes_executor.py for tasks to queue
[2023-11-16T06:48:51.720+0000] {logging_mixin.py:154} INFO - [2023-11-16T06:48:51.719+0000] {dagbag.py:536} INFO - Filling up the DagBag from /home/airflow/.local/lib/python3.8/site-packages/airflow/example_dags/example_kubernetes_executor.py
[2023-11-16T06:48:51.729+0000] {processor.py:839} INFO - DAG(s) dict_keys(['example_kubernetes_executor']) retrieved from /home/airflow/.local/lib/python3.8/site-packages/airflow/example_dags/example_kubernetes_executor.py
[2023-11-16T06:48:51.754+0000] {logging_mixin.py:154} INFO - [2023-11-16T06:48:51.754+0000] {dag.py:2941} INFO - Sync 1 DAGs
[2023-11-16T06:48:51.767+0000] {logging_mixin.py:154} INFO - [2023-11-16T06:48:51.767+0000] {dag.py:3722} INFO - Setting next_dagrun for example_kubernetes_executor to None, run_after=None
[2023-11-16T06:48:51.783+0000] {processor.py:179} INFO - Processing /home/airflow/.local/lib/python3.8/site-packages/airflow/example_dags/example_kubernetes_executor.py took 0.068 seconds
[2023-11-16T06:49:21.957+0000] {processor.py:157} INFO - Started process (PID=745) to work on /home/airflow/.local/lib/python3.8/site-packages/airflow/example_dags/example_kubernetes_executor.py
[2023-11-16T06:49:21.958+0000] {processor.py:829} INFO - Processing file /home/airflow/.local/lib/python3.8/site-packages/airflow/example_dags/example_kubernetes_executor.py for tasks to queue
[2023-11-16T06:49:21.960+0000] {logging_mixin.py:154} INFO - [2023-11-16T06:49:21.960+0000] {dagbag.py:536} INFO - Filling up the DagBag from /home/airflow/.local/lib/python3.8/site-packages/airflow/example_dags/example_kubernetes_executor.py
[2023-11-16T06:49:21.977+0000] {processor.py:839} INFO - DAG(s) dict_keys(['example_kubernetes_executor']) retrieved from /home/airflow/.local/lib/python3.8/site-packages/airflow/example_dags/example_kubernetes_executor.py
[2023-11-16T06:49:21.999+0000] {logging_mixin.py:154} INFO - [2023-11-16T06:49:21.999+0000] {dag.py:2941} INFO - Sync 1 DAGs
[2023-11-16T06:49:22.008+0000] {logging_mixin.py:154} INFO - [2023-11-16T06:49:22.008+0000] {dag.py:3722} INFO - Setting next_dagrun for example_kubernetes_executor to None, run_after=None
[2023-11-16T06:49:22.018+0000] {processor.py:179} INFO - Processing /home/airflow/.local/lib/python3.8/site-packages/airflow/example_dags/example_kubernetes_executor.py took 0.064 seconds
[2023-11-16T06:49:52.245+0000] {processor.py:157} INFO - Started process (PID=799) to work on /home/airflow/.local/lib/python3.8/site-packages/airflow/example_dags/example_kubernetes_executor.py
[2023-11-16T06:49:52.246+0000] {processor.py:829} INFO - Processing file /home/airflow/.local/lib/python3.8/site-packages/airflow/example_dags/example_kubernetes_executor.py for tasks to queue
[2023-11-16T06:49:52.247+0000] {logging_mixin.py:154} INFO - [2023-11-16T06:49:52.247+0000] {dagbag.py:536} INFO - Filling up the DagBag from /home/airflow/.local/lib/python3.8/site-packages/airflow/example_dags/example_kubernetes_executor.py
[2023-11-16T06:49:52.256+0000] {processor.py:839} INFO - DAG(s) dict_keys(['example_kubernetes_executor']) retrieved from /home/airflow/.local/lib/python3.8/site-packages/airflow/example_dags/example_kubernetes_executor.py
[2023-11-16T06:49:52.279+0000] {logging_mixin.py:154} INFO - [2023-11-16T06:49:52.279+0000] {dag.py:2941} INFO - Sync 1 DAGs
[2023-11-16T06:49:52.293+0000] {logging_mixin.py:154} INFO - [2023-11-16T06:49:52.293+0000] {dag.py:3722} INFO - Setting next_dagrun for example_kubernetes_executor to None, run_after=None
[2023-11-16T06:49:52.306+0000] {processor.py:179} INFO - Processing /home/airflow/.local/lib/python3.8/site-packages/airflow/example_dags/example_kubernetes_executor.py took 0.063 seconds
[2023-11-16T06:50:23.228+0000] {processor.py:157} INFO - Started process (PID=853) to work on /home/airflow/.local/lib/python3.8/site-packages/airflow/example_dags/example_kubernetes_executor.py
[2023-11-16T06:50:23.229+0000] {processor.py:829} INFO - Processing file /home/airflow/.local/lib/python3.8/site-packages/airflow/example_dags/example_kubernetes_executor.py for tasks to queue
[2023-11-16T06:50:23.231+0000] {logging_mixin.py:154} INFO - [2023-11-16T06:50:23.230+0000] {dagbag.py:536} INFO - Filling up the DagBag from /home/airflow/.local/lib/python3.8/site-packages/airflow/example_dags/example_kubernetes_executor.py
[2023-11-16T06:50:23.240+0000] {processor.py:839} INFO - DAG(s) dict_keys(['example_kubernetes_executor']) retrieved from /home/airflow/.local/lib/python3.8/site-packages/airflow/example_dags/example_kubernetes_executor.py
[2023-11-16T06:50:23.262+0000] {logging_mixin.py:154} INFO - [2023-11-16T06:50:23.262+0000] {dag.py:2941} INFO - Sync 1 DAGs
[2023-11-16T06:50:23.278+0000] {logging_mixin.py:154} INFO - [2023-11-16T06:50:23.278+0000] {dag.py:3722} INFO - Setting next_dagrun for example_kubernetes_executor to None, run_after=None
[2023-11-16T06:50:23.292+0000] {processor.py:179} INFO - Processing /home/airflow/.local/lib/python3.8/site-packages/airflow/example_dags/example_kubernetes_executor.py took 0.066 seconds
[2023-11-16T06:50:53.668+0000] {processor.py:157} INFO - Started process (PID=907) to work on /home/airflow/.local/lib/python3.8/site-packages/airflow/example_dags/example_kubernetes_executor.py
[2023-11-16T06:50:53.669+0000] {processor.py:829} INFO - Processing file /home/airflow/.local/lib/python3.8/site-packages/airflow/example_dags/example_kubernetes_executor.py for tasks to queue
[2023-11-16T06:50:53.671+0000] {logging_mixin.py:154} INFO - [2023-11-16T06:50:53.671+0000] {dagbag.py:536} INFO - Filling up the DagBag from /home/airflow/.local/lib/python3.8/site-packages/airflow/example_dags/example_kubernetes_executor.py
[2023-11-16T06:50:53.678+0000] {processor.py:839} INFO - DAG(s) dict_keys(['example_kubernetes_executor']) retrieved from /home/airflow/.local/lib/python3.8/site-packages/airflow/example_dags/example_kubernetes_executor.py
[2023-11-16T06:50:53.702+0000] {logging_mixin.py:154} INFO - [2023-11-16T06:50:53.702+0000] {dag.py:2941} INFO - Sync 1 DAGs
[2023-11-16T06:50:53.709+0000] {logging_mixin.py:154} INFO - [2023-11-16T06:50:53.709+0000] {dag.py:3722} INFO - Setting next_dagrun for example_kubernetes_executor to None, run_after=None
[2023-11-16T06:50:53.719+0000] {processor.py:179} INFO - Processing /home/airflow/.local/lib/python3.8/site-packages/airflow/example_dags/example_kubernetes_executor.py took 0.053 seconds
[2023-11-16T06:51:23.819+0000] {processor.py:157} INFO - Started process (PID=960) to work on /home/airflow/.local/lib/python3.8/site-packages/airflow/example_dags/example_kubernetes_executor.py
[2023-11-16T06:51:23.820+0000] {processor.py:829} INFO - Processing file /home/airflow/.local/lib/python3.8/site-packages/airflow/example_dags/example_kubernetes_executor.py for tasks to queue
[2023-11-16T06:51:23.822+0000] {logging_mixin.py:154} INFO - [2023-11-16T06:51:23.822+0000] {dagbag.py:536} INFO - Filling up the DagBag from /home/airflow/.local/lib/python3.8/site-packages/airflow/example_dags/example_kubernetes_executor.py
[2023-11-16T06:51:23.832+0000] {processor.py:839} INFO - DAG(s) dict_keys(['example_kubernetes_executor']) retrieved from /home/airflow/.local/lib/python3.8/site-packages/airflow/example_dags/example_kubernetes_executor.py
[2023-11-16T06:51:23.854+0000] {logging_mixin.py:154} INFO - [2023-11-16T06:51:23.853+0000] {dag.py:2941} INFO - Sync 1 DAGs
[2023-11-16T06:51:23.864+0000] {logging_mixin.py:154} INFO - [2023-11-16T06:51:23.863+0000] {dag.py:3722} INFO - Setting next_dagrun for example_kubernetes_executor to None, run_after=None
[2023-11-16T06:51:23.876+0000] {processor.py:179} INFO - Processing /home/airflow/.local/lib/python3.8/site-packages/airflow/example_dags/example_kubernetes_executor.py took 0.059 seconds
[2023-11-16T06:51:54.827+0000] {processor.py:157} INFO - Started process (PID=1015) to work on /home/airflow/.local/lib/python3.8/site-packages/airflow/example_dags/example_kubernetes_executor.py
[2023-11-16T06:51:54.828+0000] {processor.py:829} INFO - Processing file /home/airflow/.local/lib/python3.8/site-packages/airflow/example_dags/example_kubernetes_executor.py for tasks to queue
[2023-11-16T06:51:54.830+0000] {logging_mixin.py:154} INFO - [2023-11-16T06:51:54.830+0000] {dagbag.py:536} INFO - Filling up the DagBag from /home/airflow/.local/lib/python3.8/site-packages/airflow/example_dags/example_kubernetes_executor.py
[2023-11-16T06:51:54.840+0000] {processor.py:839} INFO - DAG(s) dict_keys(['example_kubernetes_executor']) retrieved from /home/airflow/.local/lib/python3.8/site-packages/airflow/example_dags/example_kubernetes_executor.py
[2023-11-16T06:51:54.862+0000] {logging_mixin.py:154} INFO - [2023-11-16T06:51:54.862+0000] {dag.py:2941} INFO - Sync 1 DAGs
[2023-11-16T06:51:54.870+0000] {logging_mixin.py:154} INFO - [2023-11-16T06:51:54.870+0000] {dag.py:3722} INFO - Setting next_dagrun for example_kubernetes_executor to None, run_after=None
[2023-11-16T06:51:54.880+0000] {processor.py:179} INFO - Processing /home/airflow/.local/lib/python3.8/site-packages/airflow/example_dags/example_kubernetes_executor.py took 0.055 seconds
[2023-11-16T06:52:25.819+0000] {processor.py:157} INFO - Started process (PID=1069) to work on /home/airflow/.local/lib/python3.8/site-packages/airflow/example_dags/example_kubernetes_executor.py
[2023-11-16T06:52:25.820+0000] {processor.py:829} INFO - Processing file /home/airflow/.local/lib/python3.8/site-packages/airflow/example_dags/example_kubernetes_executor.py for tasks to queue
[2023-11-16T06:52:25.821+0000] {logging_mixin.py:154} INFO - [2023-11-16T06:52:25.821+0000] {dagbag.py:536} INFO - Filling up the DagBag from /home/airflow/.local/lib/python3.8/site-packages/airflow/example_dags/example_kubernetes_executor.py
[2023-11-16T06:52:25.831+0000] {processor.py:839} INFO - DAG(s) dict_keys(['example_kubernetes_executor']) retrieved from /home/airflow/.local/lib/python3.8/site-packages/airflow/example_dags/example_kubernetes_executor.py
[2023-11-16T06:52:25.855+0000] {logging_mixin.py:154} INFO - [2023-11-16T06:52:25.855+0000] {dag.py:2941} INFO - Sync 1 DAGs
[2023-11-16T06:52:25.869+0000] {logging_mixin.py:154} INFO - [2023-11-16T06:52:25.869+0000] {dag.py:3722} INFO - Setting next_dagrun for example_kubernetes_executor to None, run_after=None
[2023-11-16T06:52:25.882+0000] {processor.py:179} INFO - Processing /home/airflow/.local/lib/python3.8/site-packages/airflow/example_dags/example_kubernetes_executor.py took 0.065 seconds
[2023-11-16T06:52:56.291+0000] {processor.py:157} INFO - Started process (PID=1123) to work on /home/airflow/.local/lib/python3.8/site-packages/airflow/example_dags/example_kubernetes_executor.py
[2023-11-16T06:52:56.292+0000] {processor.py:829} INFO - Processing file /home/airflow/.local/lib/python3.8/site-packages/airflow/example_dags/example_kubernetes_executor.py for tasks to queue
[2023-11-16T06:52:56.294+0000] {logging_mixin.py:154} INFO - [2023-11-16T06:52:56.294+0000] {dagbag.py:536} INFO - Filling up the DagBag from /home/airflow/.local/lib/python3.8/site-packages/airflow/example_dags/example_kubernetes_executor.py
[2023-11-16T06:52:56.303+0000] {processor.py:839} INFO - DAG(s) dict_keys(['example_kubernetes_executor']) retrieved from /home/airflow/.local/lib/python3.8/site-packages/airflow/example_dags/example_kubernetes_executor.py
[2023-11-16T06:52:56.327+0000] {logging_mixin.py:154} INFO - [2023-11-16T06:52:56.326+0000] {dag.py:2941} INFO - Sync 1 DAGs
[2023-11-16T06:52:56.338+0000] {logging_mixin.py:154} INFO - [2023-11-16T06:52:56.338+0000] {dag.py:3722} INFO - Setting next_dagrun for example_kubernetes_executor to None, run_after=None
[2023-11-16T06:52:56.348+0000] {processor.py:179} INFO - Processing /home/airflow/.local/lib/python3.8/site-packages/airflow/example_dags/example_kubernetes_executor.py took 0.059 seconds
[2023-11-16T06:53:27.745+0000] {processor.py:157} INFO - Started process (PID=1177) to work on /home/airflow/.local/lib/python3.8/site-packages/airflow/example_dags/example_kubernetes_executor.py
[2023-11-16T06:53:27.746+0000] {processor.py:829} INFO - Processing file /home/airflow/.local/lib/python3.8/site-packages/airflow/example_dags/example_kubernetes_executor.py for tasks to queue
[2023-11-16T06:53:27.747+0000] {logging_mixin.py:154} INFO - [2023-11-16T06:53:27.747+0000] {dagbag.py:536} INFO - Filling up the DagBag from /home/airflow/.local/lib/python3.8/site-packages/airflow/example_dags/example_kubernetes_executor.py
[2023-11-16T06:53:27.755+0000] {processor.py:839} INFO - DAG(s) dict_keys(['example_kubernetes_executor']) retrieved from /home/airflow/.local/lib/python3.8/site-packages/airflow/example_dags/example_kubernetes_executor.py
[2023-11-16T06:53:27.875+0000] {logging_mixin.py:154} INFO - [2023-11-16T06:53:27.875+0000] {dag.py:2941} INFO - Sync 1 DAGs
[2023-11-16T06:53:27.880+0000] {logging_mixin.py:154} INFO - [2023-11-16T06:53:27.880+0000] {dag.py:3722} INFO - Setting next_dagrun for example_kubernetes_executor to None, run_after=None
[2023-11-16T06:53:27.889+0000] {processor.py:179} INFO - Processing /home/airflow/.local/lib/python3.8/site-packages/airflow/example_dags/example_kubernetes_executor.py took 0.146 seconds
[2023-11-16T06:53:58.794+0000] {processor.py:157} INFO - Started process (PID=1231) to work on /home/airflow/.local/lib/python3.8/site-packages/airflow/example_dags/example_kubernetes_executor.py
[2023-11-16T06:53:58.795+0000] {processor.py:829} INFO - Processing file /home/airflow/.local/lib/python3.8/site-packages/airflow/example_dags/example_kubernetes_executor.py for tasks to queue
[2023-11-16T06:53:58.796+0000] {logging_mixin.py:154} INFO - [2023-11-16T06:53:58.796+0000] {dagbag.py:536} INFO - Filling up the DagBag from /home/airflow/.local/lib/python3.8/site-packages/airflow/example_dags/example_kubernetes_executor.py
[2023-11-16T06:53:58.803+0000] {processor.py:839} INFO - DAG(s) dict_keys(['example_kubernetes_executor']) retrieved from /home/airflow/.local/lib/python3.8/site-packages/airflow/example_dags/example_kubernetes_executor.py
[2023-11-16T06:53:58.904+0000] {logging_mixin.py:154} INFO - [2023-11-16T06:53:58.904+0000] {dag.py:2941} INFO - Sync 1 DAGs
[2023-11-16T06:53:58.909+0000] {logging_mixin.py:154} INFO - [2023-11-16T06:53:58.909+0000] {dag.py:3722} INFO - Setting next_dagrun for example_kubernetes_executor to None, run_after=None
[2023-11-16T06:53:58.916+0000] {processor.py:179} INFO - Processing /home/airflow/.local/lib/python3.8/site-packages/airflow/example_dags/example_kubernetes_executor.py took 0.124 seconds
[2023-11-16T06:54:29.529+0000] {processor.py:157} INFO - Started process (PID=1285) to work on /home/airflow/.local/lib/python3.8/site-packages/airflow/example_dags/example_kubernetes_executor.py
[2023-11-16T06:54:29.530+0000] {processor.py:829} INFO - Processing file /home/airflow/.local/lib/python3.8/site-packages/airflow/example_dags/example_kubernetes_executor.py for tasks to queue
[2023-11-16T06:54:29.531+0000] {logging_mixin.py:154} INFO - [2023-11-16T06:54:29.531+0000] {dagbag.py:536} INFO - Filling up the DagBag from /home/airflow/.local/lib/python3.8/site-packages/airflow/example_dags/example_kubernetes_executor.py
[2023-11-16T06:54:29.540+0000] {processor.py:839} INFO - DAG(s) dict_keys(['example_kubernetes_executor']) retrieved from /home/airflow/.local/lib/python3.8/site-packages/airflow/example_dags/example_kubernetes_executor.py
[2023-11-16T06:54:29.571+0000] {logging_mixin.py:154} INFO - [2023-11-16T06:54:29.571+0000] {dag.py:2941} INFO - Sync 1 DAGs
[2023-11-16T06:54:29.818+0000] {logging_mixin.py:154} INFO - [2023-11-16T06:54:29.818+0000] {dag.py:3722} INFO - Setting next_dagrun for example_kubernetes_executor to None, run_after=None
[2023-11-16T06:54:29.829+0000] {processor.py:179} INFO - Processing /home/airflow/.local/lib/python3.8/site-packages/airflow/example_dags/example_kubernetes_executor.py took 0.302 seconds
[2023-11-16T06:55:00.313+0000] {processor.py:157} INFO - Started process (PID=1339) to work on /home/airflow/.local/lib/python3.8/site-packages/airflow/example_dags/example_kubernetes_executor.py
[2023-11-16T06:55:00.314+0000] {processor.py:829} INFO - Processing file /home/airflow/.local/lib/python3.8/site-packages/airflow/example_dags/example_kubernetes_executor.py for tasks to queue
[2023-11-16T06:55:00.316+0000] {logging_mixin.py:154} INFO - [2023-11-16T06:55:00.316+0000] {dagbag.py:536} INFO - Filling up the DagBag from /home/airflow/.local/lib/python3.8/site-packages/airflow/example_dags/example_kubernetes_executor.py
[2023-11-16T06:55:00.326+0000] {processor.py:839} INFO - DAG(s) dict_keys(['example_kubernetes_executor']) retrieved from /home/airflow/.local/lib/python3.8/site-packages/airflow/example_dags/example_kubernetes_executor.py
[2023-11-16T06:55:00.350+0000] {logging_mixin.py:154} INFO - [2023-11-16T06:55:00.349+0000] {dag.py:2941} INFO - Sync 1 DAGs
[2023-11-16T06:55:00.356+0000] {logging_mixin.py:154} INFO - [2023-11-16T06:55:00.356+0000] {dag.py:3722} INFO - Setting next_dagrun for example_kubernetes_executor to None, run_after=None
[2023-11-16T06:55:00.366+0000] {processor.py:179} INFO - Processing /home/airflow/.local/lib/python3.8/site-packages/airflow/example_dags/example_kubernetes_executor.py took 0.056 seconds
[2023-11-16T06:55:31.447+0000] {processor.py:157} INFO - Started process (PID=1393) to work on /home/airflow/.local/lib/python3.8/site-packages/airflow/example_dags/example_kubernetes_executor.py
[2023-11-16T06:55:31.447+0000] {processor.py:829} INFO - Processing file /home/airflow/.local/lib/python3.8/site-packages/airflow/example_dags/example_kubernetes_executor.py for tasks to queue
[2023-11-16T06:55:31.449+0000] {logging_mixin.py:154} INFO - [2023-11-16T06:55:31.448+0000] {dagbag.py:536} INFO - Filling up the DagBag from /home/airflow/.local/lib/python3.8/site-packages/airflow/example_dags/example_kubernetes_executor.py
[2023-11-16T06:55:31.553+0000] {processor.py:839} INFO - DAG(s) dict_keys(['example_kubernetes_executor']) retrieved from /home/airflow/.local/lib/python3.8/site-packages/airflow/example_dags/example_kubernetes_executor.py
[2023-11-16T06:55:31.573+0000] {logging_mixin.py:154} INFO - [2023-11-16T06:55:31.573+0000] {dag.py:2941} INFO - Sync 1 DAGs
[2023-11-16T06:55:31.579+0000] {logging_mixin.py:154} INFO - [2023-11-16T06:55:31.579+0000] {dag.py:3722} INFO - Setting next_dagrun for example_kubernetes_executor to None, run_after=None
[2023-11-16T06:55:31.589+0000] {processor.py:179} INFO - Processing /home/airflow/.local/lib/python3.8/site-packages/airflow/example_dags/example_kubernetes_executor.py took 0.145 seconds
[2023-11-16T06:56:01.940+0000] {processor.py:157} INFO - Started process (PID=1447) to work on /home/airflow/.local/lib/python3.8/site-packages/airflow/example_dags/example_kubernetes_executor.py
[2023-11-16T06:56:01.941+0000] {processor.py:829} INFO - Processing file /home/airflow/.local/lib/python3.8/site-packages/airflow/example_dags/example_kubernetes_executor.py for tasks to queue
[2023-11-16T06:56:01.942+0000] {logging_mixin.py:154} INFO - [2023-11-16T06:56:01.942+0000] {dagbag.py:536} INFO - Filling up the DagBag from /home/airflow/.local/lib/python3.8/site-packages/airflow/example_dags/example_kubernetes_executor.py
[2023-11-16T06:56:01.951+0000] {processor.py:839} INFO - DAG(s) dict_keys(['example_kubernetes_executor']) retrieved from /home/airflow/.local/lib/python3.8/site-packages/airflow/example_dags/example_kubernetes_executor.py
[2023-11-16T06:56:01.974+0000] {logging_mixin.py:154} INFO - [2023-11-16T06:56:01.974+0000] {dag.py:2941} INFO - Sync 1 DAGs
[2023-11-16T06:56:01.981+0000] {logging_mixin.py:154} INFO - [2023-11-16T06:56:01.981+0000] {dag.py:3722} INFO - Setting next_dagrun for example_kubernetes_executor to None, run_after=None
[2023-11-16T06:56:01.990+0000] {processor.py:179} INFO - Processing /home/airflow/.local/lib/python3.8/site-packages/airflow/example_dags/example_kubernetes_executor.py took 0.052 seconds
[2023-11-16T06:56:32.878+0000] {processor.py:157} INFO - Started process (PID=1501) to work on /home/airflow/.local/lib/python3.8/site-packages/airflow/example_dags/example_kubernetes_executor.py
[2023-11-16T06:56:32.879+0000] {processor.py:829} INFO - Processing file /home/airflow/.local/lib/python3.8/site-packages/airflow/example_dags/example_kubernetes_executor.py for tasks to queue
[2023-11-16T06:56:32.880+0000] {logging_mixin.py:154} INFO - [2023-11-16T06:56:32.880+0000] {dagbag.py:536} INFO - Filling up the DagBag from /home/airflow/.local/lib/python3.8/site-packages/airflow/example_dags/example_kubernetes_executor.py
[2023-11-16T06:56:32.889+0000] {processor.py:839} INFO - DAG(s) dict_keys(['example_kubernetes_executor']) retrieved from /home/airflow/.local/lib/python3.8/site-packages/airflow/example_dags/example_kubernetes_executor.py
[2023-11-16T06:56:32.913+0000] {logging_mixin.py:154} INFO - [2023-11-16T06:56:32.913+0000] {dag.py:2941} INFO - Sync 1 DAGs
[2023-11-16T06:56:32.920+0000] {logging_mixin.py:154} INFO - [2023-11-16T06:56:32.920+0000] {dag.py:3722} INFO - Setting next_dagrun for example_kubernetes_executor to None, run_after=None
[2023-11-16T06:56:32.930+0000] {processor.py:179} INFO - Processing /home/airflow/.local/lib/python3.8/site-packages/airflow/example_dags/example_kubernetes_executor.py took 0.054 seconds
[2023-11-16T06:57:03.929+0000] {processor.py:157} INFO - Started process (PID=1555) to work on /home/airflow/.local/lib/python3.8/site-packages/airflow/example_dags/example_kubernetes_executor.py
[2023-11-16T06:57:03.930+0000] {processor.py:829} INFO - Processing file /home/airflow/.local/lib/python3.8/site-packages/airflow/example_dags/example_kubernetes_executor.py for tasks to queue
[2023-11-16T06:57:03.933+0000] {logging_mixin.py:154} INFO - [2023-11-16T06:57:03.933+0000] {dagbag.py:536} INFO - Filling up the DagBag from /home/airflow/.local/lib/python3.8/site-packages/airflow/example_dags/example_kubernetes_executor.py
[2023-11-16T06:57:03.943+0000] {processor.py:839} INFO - DAG(s) dict_keys(['example_kubernetes_executor']) retrieved from /home/airflow/.local/lib/python3.8/site-packages/airflow/example_dags/example_kubernetes_executor.py
[2023-11-16T06:57:03.966+0000] {logging_mixin.py:154} INFO - [2023-11-16T06:57:03.966+0000] {dag.py:2941} INFO - Sync 1 DAGs
[2023-11-16T06:57:03.973+0000] {logging_mixin.py:154} INFO - [2023-11-16T06:57:03.973+0000] {dag.py:3722} INFO - Setting next_dagrun for example_kubernetes_executor to None, run_after=None
[2023-11-16T06:57:03.983+0000] {processor.py:179} INFO - Processing /home/airflow/.local/lib/python3.8/site-packages/airflow/example_dags/example_kubernetes_executor.py took 0.057 seconds
[2023-11-16T06:57:34.841+0000] {processor.py:157} INFO - Started process (PID=1609) to work on /home/airflow/.local/lib/python3.8/site-packages/airflow/example_dags/example_kubernetes_executor.py
[2023-11-16T06:57:34.842+0000] {processor.py:829} INFO - Processing file /home/airflow/.local/lib/python3.8/site-packages/airflow/example_dags/example_kubernetes_executor.py for tasks to queue
[2023-11-16T06:57:34.843+0000] {logging_mixin.py:154} INFO - [2023-11-16T06:57:34.843+0000] {dagbag.py:536} INFO - Filling up the DagBag from /home/airflow/.local/lib/python3.8/site-packages/airflow/example_dags/example_kubernetes_executor.py
[2023-11-16T06:57:34.853+0000] {processor.py:839} INFO - DAG(s) dict_keys(['example_kubernetes_executor']) retrieved from /home/airflow/.local/lib/python3.8/site-packages/airflow/example_dags/example_kubernetes_executor.py
[2023-11-16T06:57:34.880+0000] {logging_mixin.py:154} INFO - [2023-11-16T06:57:34.880+0000] {dag.py:2941} INFO - Sync 1 DAGs
[2023-11-16T06:57:34.897+0000] {logging_mixin.py:154} INFO - [2023-11-16T06:57:34.897+0000] {dag.py:3722} INFO - Setting next_dagrun for example_kubernetes_executor to None, run_after=None
[2023-11-16T06:57:34.908+0000] {processor.py:179} INFO - Processing /home/airflow/.local/lib/python3.8/site-packages/airflow/example_dags/example_kubernetes_executor.py took 0.069 seconds
[2023-11-16T06:58:05.947+0000] {processor.py:157} INFO - Started process (PID=1663) to work on /home/airflow/.local/lib/python3.8/site-packages/airflow/example_dags/example_kubernetes_executor.py
[2023-11-16T06:58:05.948+0000] {processor.py:829} INFO - Processing file /home/airflow/.local/lib/python3.8/site-packages/airflow/example_dags/example_kubernetes_executor.py for tasks to queue
[2023-11-16T06:58:05.949+0000] {logging_mixin.py:154} INFO - [2023-11-16T06:58:05.949+0000] {dagbag.py:536} INFO - Filling up the DagBag from /home/airflow/.local/lib/python3.8/site-packages/airflow/example_dags/example_kubernetes_executor.py
[2023-11-16T06:58:05.958+0000] {processor.py:839} INFO - DAG(s) dict_keys(['example_kubernetes_executor']) retrieved from /home/airflow/.local/lib/python3.8/site-packages/airflow/example_dags/example_kubernetes_executor.py
[2023-11-16T06:58:05.982+0000] {logging_mixin.py:154} INFO - [2023-11-16T06:58:05.982+0000] {dag.py:2941} INFO - Sync 1 DAGs
[2023-11-16T06:58:05.988+0000] {logging_mixin.py:154} INFO - [2023-11-16T06:58:05.988+0000] {dag.py:3722} INFO - Setting next_dagrun for example_kubernetes_executor to None, run_after=None
[2023-11-16T06:58:05.999+0000] {processor.py:179} INFO - Processing /home/airflow/.local/lib/python3.8/site-packages/airflow/example_dags/example_kubernetes_executor.py took 0.054 seconds
[2023-11-16T06:58:36.955+0000] {processor.py:157} INFO - Started process (PID=1717) to work on /home/airflow/.local/lib/python3.8/site-packages/airflow/example_dags/example_kubernetes_executor.py
[2023-11-16T06:58:36.956+0000] {processor.py:829} INFO - Processing file /home/airflow/.local/lib/python3.8/site-packages/airflow/example_dags/example_kubernetes_executor.py for tasks to queue
[2023-11-16T06:58:36.959+0000] {logging_mixin.py:154} INFO - [2023-11-16T06:58:36.959+0000] {dagbag.py:536} INFO - Filling up the DagBag from /home/airflow/.local/lib/python3.8/site-packages/airflow/example_dags/example_kubernetes_executor.py
[2023-11-16T06:58:36.972+0000] {processor.py:839} INFO - DAG(s) dict_keys(['example_kubernetes_executor']) retrieved from /home/airflow/.local/lib/python3.8/site-packages/airflow/example_dags/example_kubernetes_executor.py
[2023-11-16T06:58:36.998+0000] {logging_mixin.py:154} INFO - [2023-11-16T06:58:36.998+0000] {dag.py:2941} INFO - Sync 1 DAGs
[2023-11-16T06:58:37.006+0000] {logging_mixin.py:154} INFO - [2023-11-16T06:58:37.005+0000] {dag.py:3722} INFO - Setting next_dagrun for example_kubernetes_executor to None, run_after=None
[2023-11-16T06:58:37.016+0000] {processor.py:179} INFO - Processing /home/airflow/.local/lib/python3.8/site-packages/airflow/example_dags/example_kubernetes_executor.py took 0.064 seconds
[2023-11-16T06:59:08.085+0000] {processor.py:157} INFO - Started process (PID=1771) to work on /home/airflow/.local/lib/python3.8/site-packages/airflow/example_dags/example_kubernetes_executor.py
[2023-11-16T06:59:08.086+0000] {processor.py:829} INFO - Processing file /home/airflow/.local/lib/python3.8/site-packages/airflow/example_dags/example_kubernetes_executor.py for tasks to queue
[2023-11-16T06:59:08.088+0000] {logging_mixin.py:154} INFO - [2023-11-16T06:59:08.088+0000] {dagbag.py:536} INFO - Filling up the DagBag from /home/airflow/.local/lib/python3.8/site-packages/airflow/example_dags/example_kubernetes_executor.py
[2023-11-16T06:59:08.098+0000] {processor.py:839} INFO - DAG(s) dict_keys(['example_kubernetes_executor']) retrieved from /home/airflow/.local/lib/python3.8/site-packages/airflow/example_dags/example_kubernetes_executor.py
[2023-11-16T06:59:08.133+0000] {logging_mixin.py:154} INFO - [2023-11-16T06:59:08.133+0000] {dag.py:2941} INFO - Sync 1 DAGs
[2023-11-16T06:59:08.141+0000] {logging_mixin.py:154} INFO - [2023-11-16T06:59:08.141+0000] {dag.py:3722} INFO - Setting next_dagrun for example_kubernetes_executor to None, run_after=None
[2023-11-16T06:59:08.155+0000] {processor.py:179} INFO - Processing /home/airflow/.local/lib/python3.8/site-packages/airflow/example_dags/example_kubernetes_executor.py took 0.072 seconds
[2023-11-16T06:59:39.014+0000] {processor.py:157} INFO - Started process (PID=1824) to work on /home/airflow/.local/lib/python3.8/site-packages/airflow/example_dags/example_kubernetes_executor.py
[2023-11-16T06:59:39.014+0000] {processor.py:829} INFO - Processing file /home/airflow/.local/lib/python3.8/site-packages/airflow/example_dags/example_kubernetes_executor.py for tasks to queue
[2023-11-16T06:59:39.016+0000] {logging_mixin.py:154} INFO - [2023-11-16T06:59:39.016+0000] {dagbag.py:536} INFO - Filling up the DagBag from /home/airflow/.local/lib/python3.8/site-packages/airflow/example_dags/example_kubernetes_executor.py
[2023-11-16T06:59:39.025+0000] {processor.py:839} INFO - DAG(s) dict_keys(['example_kubernetes_executor']) retrieved from /home/airflow/.local/lib/python3.8/site-packages/airflow/example_dags/example_kubernetes_executor.py
[2023-11-16T06:59:39.050+0000] {logging_mixin.py:154} INFO - [2023-11-16T06:59:39.050+0000] {dag.py:2941} INFO - Sync 1 DAGs
[2023-11-16T06:59:39.058+0000] {logging_mixin.py:154} INFO - [2023-11-16T06:59:39.057+0000] {dag.py:3722} INFO - Setting next_dagrun for example_kubernetes_executor to None, run_after=None
[2023-11-16T06:59:39.067+0000] {processor.py:179} INFO - Processing /home/airflow/.local/lib/python3.8/site-packages/airflow/example_dags/example_kubernetes_executor.py took 0.055 seconds
[2023-11-16T07:00:09.226+0000] {processor.py:157} INFO - Started process (PID=1878) to work on /home/airflow/.local/lib/python3.8/site-packages/airflow/example_dags/example_kubernetes_executor.py
[2023-11-16T07:00:09.227+0000] {processor.py:829} INFO - Processing file /home/airflow/.local/lib/python3.8/site-packages/airflow/example_dags/example_kubernetes_executor.py for tasks to queue
[2023-11-16T07:00:09.229+0000] {logging_mixin.py:154} INFO - [2023-11-16T07:00:09.229+0000] {dagbag.py:536} INFO - Filling up the DagBag from /home/airflow/.local/lib/python3.8/site-packages/airflow/example_dags/example_kubernetes_executor.py
[2023-11-16T07:00:09.238+0000] {processor.py:839} INFO - DAG(s) dict_keys(['example_kubernetes_executor']) retrieved from /home/airflow/.local/lib/python3.8/site-packages/airflow/example_dags/example_kubernetes_executor.py
[2023-11-16T07:00:09.267+0000] {logging_mixin.py:154} INFO - [2023-11-16T07:00:09.267+0000] {dag.py:2941} INFO - Sync 1 DAGs
[2023-11-16T07:00:09.283+0000] {logging_mixin.py:154} INFO - [2023-11-16T07:00:09.283+0000] {dag.py:3722} INFO - Setting next_dagrun for example_kubernetes_executor to None, run_after=None
[2023-11-16T07:00:09.292+0000] {processor.py:179} INFO - Processing /home/airflow/.local/lib/python3.8/site-packages/airflow/example_dags/example_kubernetes_executor.py took 0.069 seconds
[2023-11-16T07:00:39.357+0000] {processor.py:157} INFO - Started process (PID=1932) to work on /home/airflow/.local/lib/python3.8/site-packages/airflow/example_dags/example_kubernetes_executor.py
[2023-11-16T07:00:39.358+0000] {processor.py:829} INFO - Processing file /home/airflow/.local/lib/python3.8/site-packages/airflow/example_dags/example_kubernetes_executor.py for tasks to queue
[2023-11-16T07:00:39.359+0000] {logging_mixin.py:154} INFO - [2023-11-16T07:00:39.359+0000] {dagbag.py:536} INFO - Filling up the DagBag from /home/airflow/.local/lib/python3.8/site-packages/airflow/example_dags/example_kubernetes_executor.py
[2023-11-16T07:00:39.368+0000] {processor.py:839} INFO - DAG(s) dict_keys(['example_kubernetes_executor']) retrieved from /home/airflow/.local/lib/python3.8/site-packages/airflow/example_dags/example_kubernetes_executor.py
[2023-11-16T07:00:39.392+0000] {logging_mixin.py:154} INFO - [2023-11-16T07:00:39.392+0000] {dag.py:2941} INFO - Sync 1 DAGs
[2023-11-16T07:00:39.399+0000] {logging_mixin.py:154} INFO - [2023-11-16T07:00:39.399+0000] {dag.py:3722} INFO - Setting next_dagrun for example_kubernetes_executor to None, run_after=None
[2023-11-16T07:00:39.409+0000] {processor.py:179} INFO - Processing /home/airflow/.local/lib/python3.8/site-packages/airflow/example_dags/example_kubernetes_executor.py took 0.054 seconds
[2023-11-16T07:01:10.455+0000] {processor.py:157} INFO - Started process (PID=1986) to work on /home/airflow/.local/lib/python3.8/site-packages/airflow/example_dags/example_kubernetes_executor.py
[2023-11-16T07:01:10.457+0000] {processor.py:829} INFO - Processing file /home/airflow/.local/lib/python3.8/site-packages/airflow/example_dags/example_kubernetes_executor.py for tasks to queue
[2023-11-16T07:01:10.458+0000] {logging_mixin.py:154} INFO - [2023-11-16T07:01:10.458+0000] {dagbag.py:536} INFO - Filling up the DagBag from /home/airflow/.local/lib/python3.8/site-packages/airflow/example_dags/example_kubernetes_executor.py
[2023-11-16T07:01:10.467+0000] {processor.py:839} INFO - DAG(s) dict_keys(['example_kubernetes_executor']) retrieved from /home/airflow/.local/lib/python3.8/site-packages/airflow/example_dags/example_kubernetes_executor.py
[2023-11-16T07:01:10.492+0000] {logging_mixin.py:154} INFO - [2023-11-16T07:01:10.492+0000] {dag.py:2941} INFO - Sync 1 DAGs
[2023-11-16T07:01:10.499+0000] {logging_mixin.py:154} INFO - [2023-11-16T07:01:10.499+0000] {dag.py:3722} INFO - Setting next_dagrun for example_kubernetes_executor to None, run_after=None
[2023-11-16T07:01:10.510+0000] {processor.py:179} INFO - Processing /home/airflow/.local/lib/python3.8/site-packages/airflow/example_dags/example_kubernetes_executor.py took 0.056 seconds
[2023-11-16T07:01:41.413+0000] {processor.py:157} INFO - Started process (PID=2040) to work on /home/airflow/.local/lib/python3.8/site-packages/airflow/example_dags/example_kubernetes_executor.py
[2023-11-16T07:01:41.414+0000] {processor.py:829} INFO - Processing file /home/airflow/.local/lib/python3.8/site-packages/airflow/example_dags/example_kubernetes_executor.py for tasks to queue
[2023-11-16T07:01:41.416+0000] {logging_mixin.py:154} INFO - [2023-11-16T07:01:41.416+0000] {dagbag.py:536} INFO - Filling up the DagBag from /home/airflow/.local/lib/python3.8/site-packages/airflow/example_dags/example_kubernetes_executor.py
[2023-11-16T07:01:41.425+0000] {processor.py:839} INFO - DAG(s) dict_keys(['example_kubernetes_executor']) retrieved from /home/airflow/.local/lib/python3.8/site-packages/airflow/example_dags/example_kubernetes_executor.py
[2023-11-16T07:01:41.449+0000] {logging_mixin.py:154} INFO - [2023-11-16T07:01:41.448+0000] {dag.py:2941} INFO - Sync 1 DAGs
[2023-11-16T07:01:41.455+0000] {logging_mixin.py:154} INFO - [2023-11-16T07:01:41.455+0000] {dag.py:3722} INFO - Setting next_dagrun for example_kubernetes_executor to None, run_after=None
[2023-11-16T07:01:41.466+0000] {processor.py:179} INFO - Processing /home/airflow/.local/lib/python3.8/site-packages/airflow/example_dags/example_kubernetes_executor.py took 0.055 seconds
[2023-11-16T07:02:12.457+0000] {processor.py:157} INFO - Started process (PID=2093) to work on /home/airflow/.local/lib/python3.8/site-packages/airflow/example_dags/example_kubernetes_executor.py
[2023-11-16T07:02:12.459+0000] {processor.py:829} INFO - Processing file /home/airflow/.local/lib/python3.8/site-packages/airflow/example_dags/example_kubernetes_executor.py for tasks to queue
[2023-11-16T07:02:12.461+0000] {logging_mixin.py:154} INFO - [2023-11-16T07:02:12.461+0000] {dagbag.py:536} INFO - Filling up the DagBag from /home/airflow/.local/lib/python3.8/site-packages/airflow/example_dags/example_kubernetes_executor.py
[2023-11-16T07:02:12.476+0000] {processor.py:839} INFO - DAG(s) dict_keys(['example_kubernetes_executor']) retrieved from /home/airflow/.local/lib/python3.8/site-packages/airflow/example_dags/example_kubernetes_executor.py
[2023-11-16T07:02:12.540+0000] {logging_mixin.py:154} INFO - [2023-11-16T07:02:12.540+0000] {dag.py:2941} INFO - Sync 1 DAGs
[2023-11-16T07:02:12.552+0000] {logging_mixin.py:154} INFO - [2023-11-16T07:02:12.552+0000] {dag.py:3722} INFO - Setting next_dagrun for example_kubernetes_executor to None, run_after=None
[2023-11-16T07:02:12.567+0000] {processor.py:179} INFO - Processing /home/airflow/.local/lib/python3.8/site-packages/airflow/example_dags/example_kubernetes_executor.py took 0.115 seconds
[2023-11-16T07:02:42.640+0000] {processor.py:157} INFO - Started process (PID=2153) to work on /home/airflow/.local/lib/python3.8/site-packages/airflow/example_dags/example_kubernetes_executor.py
[2023-11-16T07:02:42.641+0000] {processor.py:829} INFO - Processing file /home/airflow/.local/lib/python3.8/site-packages/airflow/example_dags/example_kubernetes_executor.py for tasks to queue
[2023-11-16T07:02:42.643+0000] {logging_mixin.py:154} INFO - [2023-11-16T07:02:42.642+0000] {dagbag.py:536} INFO - Filling up the DagBag from /home/airflow/.local/lib/python3.8/site-packages/airflow/example_dags/example_kubernetes_executor.py
[2023-11-16T07:02:42.653+0000] {processor.py:839} INFO - DAG(s) dict_keys(['example_kubernetes_executor']) retrieved from /home/airflow/.local/lib/python3.8/site-packages/airflow/example_dags/example_kubernetes_executor.py
[2023-11-16T07:02:42.680+0000] {logging_mixin.py:154} INFO - [2023-11-16T07:02:42.679+0000] {dag.py:2941} INFO - Sync 1 DAGs
[2023-11-16T07:02:42.692+0000] {logging_mixin.py:154} INFO - [2023-11-16T07:02:42.691+0000] {dag.py:3722} INFO - Setting next_dagrun for example_kubernetes_executor to None, run_after=None
[2023-11-16T07:02:42.701+0000] {processor.py:179} INFO - Processing /home/airflow/.local/lib/python3.8/site-packages/airflow/example_dags/example_kubernetes_executor.py took 0.063 seconds
[2023-11-16T07:03:12.781+0000] {processor.py:157} INFO - Started process (PID=2207) to work on /home/airflow/.local/lib/python3.8/site-packages/airflow/example_dags/example_kubernetes_executor.py
[2023-11-16T07:03:12.782+0000] {processor.py:829} INFO - Processing file /home/airflow/.local/lib/python3.8/site-packages/airflow/example_dags/example_kubernetes_executor.py for tasks to queue
[2023-11-16T07:03:12.784+0000] {logging_mixin.py:154} INFO - [2023-11-16T07:03:12.783+0000] {dagbag.py:536} INFO - Filling up the DagBag from /home/airflow/.local/lib/python3.8/site-packages/airflow/example_dags/example_kubernetes_executor.py
[2023-11-16T07:03:12.793+0000] {processor.py:839} INFO - DAG(s) dict_keys(['example_kubernetes_executor']) retrieved from /home/airflow/.local/lib/python3.8/site-packages/airflow/example_dags/example_kubernetes_executor.py
[2023-11-16T07:03:12.818+0000] {logging_mixin.py:154} INFO - [2023-11-16T07:03:12.818+0000] {dag.py:2941} INFO - Sync 1 DAGs
[2023-11-16T07:03:12.825+0000] {logging_mixin.py:154} INFO - [2023-11-16T07:03:12.825+0000] {dag.py:3722} INFO - Setting next_dagrun for example_kubernetes_executor to None, run_after=None
[2023-11-16T07:03:12.835+0000] {processor.py:179} INFO - Processing /home/airflow/.local/lib/python3.8/site-packages/airflow/example_dags/example_kubernetes_executor.py took 0.056 seconds
[2023-11-16T07:03:42.926+0000] {processor.py:157} INFO - Started process (PID=2261) to work on /home/airflow/.local/lib/python3.8/site-packages/airflow/example_dags/example_kubernetes_executor.py
[2023-11-16T07:03:42.928+0000] {processor.py:829} INFO - Processing file /home/airflow/.local/lib/python3.8/site-packages/airflow/example_dags/example_kubernetes_executor.py for tasks to queue
[2023-11-16T07:03:42.929+0000] {logging_mixin.py:154} INFO - [2023-11-16T07:03:42.929+0000] {dagbag.py:536} INFO - Filling up the DagBag from /home/airflow/.local/lib/python3.8/site-packages/airflow/example_dags/example_kubernetes_executor.py
[2023-11-16T07:03:42.939+0000] {processor.py:839} INFO - DAG(s) dict_keys(['example_kubernetes_executor']) retrieved from /home/airflow/.local/lib/python3.8/site-packages/airflow/example_dags/example_kubernetes_executor.py
[2023-11-16T07:03:42.964+0000] {logging_mixin.py:154} INFO - [2023-11-16T07:03:42.963+0000] {dag.py:2941} INFO - Sync 1 DAGs
[2023-11-16T07:03:42.971+0000] {logging_mixin.py:154} INFO - [2023-11-16T07:03:42.971+0000] {dag.py:3722} INFO - Setting next_dagrun for example_kubernetes_executor to None, run_after=None
[2023-11-16T07:03:42.981+0000] {processor.py:179} INFO - Processing /home/airflow/.local/lib/python3.8/site-packages/airflow/example_dags/example_kubernetes_executor.py took 0.057 seconds
[2023-11-16T07:04:13.150+0000] {processor.py:157} INFO - Started process (PID=2315) to work on /home/airflow/.local/lib/python3.8/site-packages/airflow/example_dags/example_kubernetes_executor.py
[2023-11-16T07:04:13.151+0000] {processor.py:829} INFO - Processing file /home/airflow/.local/lib/python3.8/site-packages/airflow/example_dags/example_kubernetes_executor.py for tasks to queue
[2023-11-16T07:04:13.153+0000] {logging_mixin.py:154} INFO - [2023-11-16T07:04:13.153+0000] {dagbag.py:536} INFO - Filling up the DagBag from /home/airflow/.local/lib/python3.8/site-packages/airflow/example_dags/example_kubernetes_executor.py
[2023-11-16T07:04:13.162+0000] {processor.py:839} INFO - DAG(s) dict_keys(['example_kubernetes_executor']) retrieved from /home/airflow/.local/lib/python3.8/site-packages/airflow/example_dags/example_kubernetes_executor.py
[2023-11-16T07:04:13.185+0000] {logging_mixin.py:154} INFO - [2023-11-16T07:04:13.185+0000] {dag.py:2941} INFO - Sync 1 DAGs
[2023-11-16T07:04:13.192+0000] {logging_mixin.py:154} INFO - [2023-11-16T07:04:13.192+0000] {dag.py:3722} INFO - Setting next_dagrun for example_kubernetes_executor to None, run_after=None
[2023-11-16T07:04:13.201+0000] {processor.py:179} INFO - Processing /home/airflow/.local/lib/python3.8/site-packages/airflow/example_dags/example_kubernetes_executor.py took 0.053 seconds
[2023-11-16T07:04:44.235+0000] {processor.py:157} INFO - Started process (PID=2369) to work on /home/airflow/.local/lib/python3.8/site-packages/airflow/example_dags/example_kubernetes_executor.py
[2023-11-16T07:04:44.236+0000] {processor.py:829} INFO - Processing file /home/airflow/.local/lib/python3.8/site-packages/airflow/example_dags/example_kubernetes_executor.py for tasks to queue
[2023-11-16T07:04:44.238+0000] {logging_mixin.py:154} INFO - [2023-11-16T07:04:44.237+0000] {dagbag.py:536} INFO - Filling up the DagBag from /home/airflow/.local/lib/python3.8/site-packages/airflow/example_dags/example_kubernetes_executor.py
[2023-11-16T07:04:44.246+0000] {processor.py:839} INFO - DAG(s) dict_keys(['example_kubernetes_executor']) retrieved from /home/airflow/.local/lib/python3.8/site-packages/airflow/example_dags/example_kubernetes_executor.py
[2023-11-16T07:04:44.287+0000] {logging_mixin.py:154} INFO - [2023-11-16T07:04:44.287+0000] {dag.py:2941} INFO - Sync 1 DAGs
[2023-11-16T07:04:44.294+0000] {logging_mixin.py:154} INFO - [2023-11-16T07:04:44.294+0000] {dag.py:3722} INFO - Setting next_dagrun for example_kubernetes_executor to None, run_after=None
[2023-11-16T07:04:44.304+0000] {processor.py:179} INFO - Processing /home/airflow/.local/lib/python3.8/site-packages/airflow/example_dags/example_kubernetes_executor.py took 0.070 seconds
[2023-11-16T07:05:15.349+0000] {processor.py:157} INFO - Started process (PID=2423) to work on /home/airflow/.local/lib/python3.8/site-packages/airflow/example_dags/example_kubernetes_executor.py
[2023-11-16T07:05:15.350+0000] {processor.py:829} INFO - Processing file /home/airflow/.local/lib/python3.8/site-packages/airflow/example_dags/example_kubernetes_executor.py for tasks to queue
[2023-11-16T07:05:15.351+0000] {logging_mixin.py:154} INFO - [2023-11-16T07:05:15.351+0000] {dagbag.py:536} INFO - Filling up the DagBag from /home/airflow/.local/lib/python3.8/site-packages/airflow/example_dags/example_kubernetes_executor.py
[2023-11-16T07:05:15.361+0000] {processor.py:839} INFO - DAG(s) dict_keys(['example_kubernetes_executor']) retrieved from /home/airflow/.local/lib/python3.8/site-packages/airflow/example_dags/example_kubernetes_executor.py
[2023-11-16T07:05:15.395+0000] {logging_mixin.py:154} INFO - [2023-11-16T07:05:15.395+0000] {dag.py:2941} INFO - Sync 1 DAGs
[2023-11-16T07:05:15.402+0000] {logging_mixin.py:154} INFO - [2023-11-16T07:05:15.402+0000] {dag.py:3722} INFO - Setting next_dagrun for example_kubernetes_executor to None, run_after=None
[2023-11-16T07:05:15.411+0000] {processor.py:179} INFO - Processing /home/airflow/.local/lib/python3.8/site-packages/airflow/example_dags/example_kubernetes_executor.py took 0.065 seconds
[2023-11-16T07:05:46.414+0000] {processor.py:157} INFO - Started process (PID=2477) to work on /home/airflow/.local/lib/python3.8/site-packages/airflow/example_dags/example_kubernetes_executor.py
[2023-11-16T07:05:46.415+0000] {processor.py:829} INFO - Processing file /home/airflow/.local/lib/python3.8/site-packages/airflow/example_dags/example_kubernetes_executor.py for tasks to queue
[2023-11-16T07:05:46.416+0000] {logging_mixin.py:154} INFO - [2023-11-16T07:05:46.416+0000] {dagbag.py:536} INFO - Filling up the DagBag from /home/airflow/.local/lib/python3.8/site-packages/airflow/example_dags/example_kubernetes_executor.py
[2023-11-16T07:05:46.426+0000] {processor.py:839} INFO - DAG(s) dict_keys(['example_kubernetes_executor']) retrieved from /home/airflow/.local/lib/python3.8/site-packages/airflow/example_dags/example_kubernetes_executor.py
[2023-11-16T07:05:46.450+0000] {logging_mixin.py:154} INFO - [2023-11-16T07:05:46.450+0000] {dag.py:2941} INFO - Sync 1 DAGs
[2023-11-16T07:05:46.457+0000] {logging_mixin.py:154} INFO - [2023-11-16T07:05:46.457+0000] {dag.py:3722} INFO - Setting next_dagrun for example_kubernetes_executor to None, run_after=None
[2023-11-16T07:05:46.467+0000] {processor.py:179} INFO - Processing /home/airflow/.local/lib/python3.8/site-packages/airflow/example_dags/example_kubernetes_executor.py took 0.055 seconds
