[2023-11-16T06:18:13.393+0000] {processor.py:157} INFO - Started process (PID=71) to work on /home/airflow/.local/lib/python3.8/site-packages/airflow/example_dags/example_branch_operator.py
[2023-11-16T06:18:13.395+0000] {processor.py:829} INFO - Processing file /home/airflow/.local/lib/python3.8/site-packages/airflow/example_dags/example_branch_operator.py for tasks to queue
[2023-11-16T06:18:13.398+0000] {logging_mixin.py:154} INFO - [2023-11-16T06:18:13.398+0000] {dagbag.py:536} INFO - Filling up the DagBag from /home/airflow/.local/lib/python3.8/site-packages/airflow/example_dags/example_branch_operator.py
[2023-11-16T06:18:13.414+0000] {processor.py:839} INFO - DAG(s) dict_keys(['example_branch_operator']) retrieved from /home/airflow/.local/lib/python3.8/site-packages/airflow/example_dags/example_branch_operator.py
[2023-11-16T06:18:13.445+0000] {logging_mixin.py:154} INFO - [2023-11-16T06:18:13.445+0000] {dag.py:2941} INFO - Sync 1 DAGs
[2023-11-16T06:18:13.493+0000] {logging_mixin.py:154} INFO - [2023-11-16T06:18:13.492+0000] {dag.py:3722} INFO - Setting next_dagrun for example_branch_operator to 2023-11-15T00:00:00+00:00, run_after=2023-11-16T00:00:00+00:00
[2023-11-16T06:18:13.539+0000] {processor.py:179} INFO - Processing /home/airflow/.local/lib/python3.8/site-packages/airflow/example_dags/example_branch_operator.py took 0.150 seconds
[2023-11-16T06:18:43.805+0000] {processor.py:157} INFO - Started process (PID=125) to work on /home/airflow/.local/lib/python3.8/site-packages/airflow/example_dags/example_branch_operator.py
[2023-11-16T06:18:43.806+0000] {processor.py:829} INFO - Processing file /home/airflow/.local/lib/python3.8/site-packages/airflow/example_dags/example_branch_operator.py for tasks to queue
[2023-11-16T06:18:43.808+0000] {logging_mixin.py:154} INFO - [2023-11-16T06:18:43.807+0000] {dagbag.py:536} INFO - Filling up the DagBag from /home/airflow/.local/lib/python3.8/site-packages/airflow/example_dags/example_branch_operator.py
[2023-11-16T06:18:43.813+0000] {processor.py:839} INFO - DAG(s) dict_keys(['example_branch_operator']) retrieved from /home/airflow/.local/lib/python3.8/site-packages/airflow/example_dags/example_branch_operator.py
[2023-11-16T06:18:43.827+0000] {logging_mixin.py:154} INFO - [2023-11-16T06:18:43.827+0000] {dag.py:2941} INFO - Sync 1 DAGs
[2023-11-16T06:18:43.840+0000] {logging_mixin.py:154} INFO - [2023-11-16T06:18:43.840+0000] {dag.py:3722} INFO - Setting next_dagrun for example_branch_operator to 2023-11-15T00:00:00+00:00, run_after=2023-11-16T00:00:00+00:00
[2023-11-16T06:18:43.848+0000] {processor.py:179} INFO - Processing /home/airflow/.local/lib/python3.8/site-packages/airflow/example_dags/example_branch_operator.py took 0.045 seconds
[2023-11-16T06:19:13.918+0000] {processor.py:157} INFO - Started process (PID=179) to work on /home/airflow/.local/lib/python3.8/site-packages/airflow/example_dags/example_branch_operator.py
[2023-11-16T06:19:13.918+0000] {processor.py:829} INFO - Processing file /home/airflow/.local/lib/python3.8/site-packages/airflow/example_dags/example_branch_operator.py for tasks to queue
[2023-11-16T06:19:13.920+0000] {logging_mixin.py:154} INFO - [2023-11-16T06:19:13.920+0000] {dagbag.py:536} INFO - Filling up the DagBag from /home/airflow/.local/lib/python3.8/site-packages/airflow/example_dags/example_branch_operator.py
[2023-11-16T06:19:13.927+0000] {processor.py:839} INFO - DAG(s) dict_keys(['example_branch_operator']) retrieved from /home/airflow/.local/lib/python3.8/site-packages/airflow/example_dags/example_branch_operator.py
[2023-11-16T06:19:13.941+0000] {logging_mixin.py:154} INFO - [2023-11-16T06:19:13.941+0000] {dag.py:2941} INFO - Sync 1 DAGs
[2023-11-16T06:19:13.963+0000] {logging_mixin.py:154} INFO - [2023-11-16T06:19:13.962+0000] {dag.py:3722} INFO - Setting next_dagrun for example_branch_operator to 2023-11-15T00:00:00+00:00, run_after=2023-11-16T00:00:00+00:00
[2023-11-16T06:19:13.981+0000] {processor.py:179} INFO - Processing /home/airflow/.local/lib/python3.8/site-packages/airflow/example_dags/example_branch_operator.py took 0.066 seconds
[2023-11-16T06:19:44.176+0000] {processor.py:157} INFO - Started process (PID=233) to work on /home/airflow/.local/lib/python3.8/site-packages/airflow/example_dags/example_branch_operator.py
[2023-11-16T06:19:44.177+0000] {processor.py:829} INFO - Processing file /home/airflow/.local/lib/python3.8/site-packages/airflow/example_dags/example_branch_operator.py for tasks to queue
[2023-11-16T06:19:44.178+0000] {logging_mixin.py:154} INFO - [2023-11-16T06:19:44.178+0000] {dagbag.py:536} INFO - Filling up the DagBag from /home/airflow/.local/lib/python3.8/site-packages/airflow/example_dags/example_branch_operator.py
[2023-11-16T06:19:44.183+0000] {processor.py:839} INFO - DAG(s) dict_keys(['example_branch_operator']) retrieved from /home/airflow/.local/lib/python3.8/site-packages/airflow/example_dags/example_branch_operator.py
[2023-11-16T06:19:44.195+0000] {logging_mixin.py:154} INFO - [2023-11-16T06:19:44.195+0000] {dag.py:2941} INFO - Sync 1 DAGs
[2023-11-16T06:19:44.208+0000] {logging_mixin.py:154} INFO - [2023-11-16T06:19:44.207+0000] {dag.py:3722} INFO - Setting next_dagrun for example_branch_operator to 2023-11-15T00:00:00+00:00, run_after=2023-11-16T00:00:00+00:00
[2023-11-16T06:19:44.216+0000] {processor.py:179} INFO - Processing /home/airflow/.local/lib/python3.8/site-packages/airflow/example_dags/example_branch_operator.py took 0.042 seconds
[2023-11-16T06:20:14.483+0000] {processor.py:157} INFO - Started process (PID=287) to work on /home/airflow/.local/lib/python3.8/site-packages/airflow/example_dags/example_branch_operator.py
[2023-11-16T06:20:14.483+0000] {processor.py:829} INFO - Processing file /home/airflow/.local/lib/python3.8/site-packages/airflow/example_dags/example_branch_operator.py for tasks to queue
[2023-11-16T06:20:14.485+0000] {logging_mixin.py:154} INFO - [2023-11-16T06:20:14.485+0000] {dagbag.py:536} INFO - Filling up the DagBag from /home/airflow/.local/lib/python3.8/site-packages/airflow/example_dags/example_branch_operator.py
[2023-11-16T06:20:14.490+0000] {processor.py:839} INFO - DAG(s) dict_keys(['example_branch_operator']) retrieved from /home/airflow/.local/lib/python3.8/site-packages/airflow/example_dags/example_branch_operator.py
[2023-11-16T06:20:14.501+0000] {logging_mixin.py:154} INFO - [2023-11-16T06:20:14.501+0000] {dag.py:2941} INFO - Sync 1 DAGs
[2023-11-16T06:20:14.512+0000] {logging_mixin.py:154} INFO - [2023-11-16T06:20:14.511+0000] {dag.py:3722} INFO - Setting next_dagrun for example_branch_operator to 2023-11-15T00:00:00+00:00, run_after=2023-11-16T00:00:00+00:00
[2023-11-16T06:20:14.519+0000] {processor.py:179} INFO - Processing /home/airflow/.local/lib/python3.8/site-packages/airflow/example_dags/example_branch_operator.py took 0.038 seconds
[2023-11-16T06:20:45.529+0000] {processor.py:157} INFO - Started process (PID=341) to work on /home/airflow/.local/lib/python3.8/site-packages/airflow/example_dags/example_branch_operator.py
[2023-11-16T06:20:45.529+0000] {processor.py:829} INFO - Processing file /home/airflow/.local/lib/python3.8/site-packages/airflow/example_dags/example_branch_operator.py for tasks to queue
[2023-11-16T06:20:45.531+0000] {logging_mixin.py:154} INFO - [2023-11-16T06:20:45.531+0000] {dagbag.py:536} INFO - Filling up the DagBag from /home/airflow/.local/lib/python3.8/site-packages/airflow/example_dags/example_branch_operator.py
[2023-11-16T06:20:45.537+0000] {processor.py:839} INFO - DAG(s) dict_keys(['example_branch_operator']) retrieved from /home/airflow/.local/lib/python3.8/site-packages/airflow/example_dags/example_branch_operator.py
[2023-11-16T06:20:45.549+0000] {logging_mixin.py:154} INFO - [2023-11-16T06:20:45.549+0000] {dag.py:2941} INFO - Sync 1 DAGs
[2023-11-16T06:20:45.561+0000] {logging_mixin.py:154} INFO - [2023-11-16T06:20:45.560+0000] {dag.py:3722} INFO - Setting next_dagrun for example_branch_operator to 2023-11-15T00:00:00+00:00, run_after=2023-11-16T00:00:00+00:00
[2023-11-16T06:20:45.570+0000] {processor.py:179} INFO - Processing /home/airflow/.local/lib/python3.8/site-packages/airflow/example_dags/example_branch_operator.py took 0.043 seconds
[2023-11-16T06:21:15.606+0000] {processor.py:157} INFO - Started process (PID=395) to work on /home/airflow/.local/lib/python3.8/site-packages/airflow/example_dags/example_branch_operator.py
[2023-11-16T06:21:15.607+0000] {processor.py:829} INFO - Processing file /home/airflow/.local/lib/python3.8/site-packages/airflow/example_dags/example_branch_operator.py for tasks to queue
[2023-11-16T06:21:15.608+0000] {logging_mixin.py:154} INFO - [2023-11-16T06:21:15.608+0000] {dagbag.py:536} INFO - Filling up the DagBag from /home/airflow/.local/lib/python3.8/site-packages/airflow/example_dags/example_branch_operator.py
[2023-11-16T06:21:15.614+0000] {processor.py:839} INFO - DAG(s) dict_keys(['example_branch_operator']) retrieved from /home/airflow/.local/lib/python3.8/site-packages/airflow/example_dags/example_branch_operator.py
[2023-11-16T06:21:15.625+0000] {logging_mixin.py:154} INFO - [2023-11-16T06:21:15.625+0000] {dag.py:2941} INFO - Sync 1 DAGs
[2023-11-16T06:21:15.636+0000] {logging_mixin.py:154} INFO - [2023-11-16T06:21:15.635+0000] {dag.py:3722} INFO - Setting next_dagrun for example_branch_operator to 2023-11-15T00:00:00+00:00, run_after=2023-11-16T00:00:00+00:00
[2023-11-16T06:21:15.643+0000] {processor.py:179} INFO - Processing /home/airflow/.local/lib/python3.8/site-packages/airflow/example_dags/example_branch_operator.py took 0.039 seconds
[2023-11-16T06:21:45.737+0000] {processor.py:157} INFO - Started process (PID=449) to work on /home/airflow/.local/lib/python3.8/site-packages/airflow/example_dags/example_branch_operator.py
[2023-11-16T06:21:45.738+0000] {processor.py:829} INFO - Processing file /home/airflow/.local/lib/python3.8/site-packages/airflow/example_dags/example_branch_operator.py for tasks to queue
[2023-11-16T06:21:45.739+0000] {logging_mixin.py:154} INFO - [2023-11-16T06:21:45.739+0000] {dagbag.py:536} INFO - Filling up the DagBag from /home/airflow/.local/lib/python3.8/site-packages/airflow/example_dags/example_branch_operator.py
[2023-11-16T06:21:45.744+0000] {processor.py:839} INFO - DAG(s) dict_keys(['example_branch_operator']) retrieved from /home/airflow/.local/lib/python3.8/site-packages/airflow/example_dags/example_branch_operator.py
[2023-11-16T06:21:45.756+0000] {logging_mixin.py:154} INFO - [2023-11-16T06:21:45.756+0000] {dag.py:2941} INFO - Sync 1 DAGs
[2023-11-16T06:21:45.769+0000] {logging_mixin.py:154} INFO - [2023-11-16T06:21:45.768+0000] {dag.py:3722} INFO - Setting next_dagrun for example_branch_operator to 2023-11-15T00:00:00+00:00, run_after=2023-11-16T00:00:00+00:00
[2023-11-16T06:21:45.778+0000] {processor.py:179} INFO - Processing /home/airflow/.local/lib/python3.8/site-packages/airflow/example_dags/example_branch_operator.py took 0.042 seconds
[2023-11-16T06:22:15.998+0000] {processor.py:157} INFO - Started process (PID=503) to work on /home/airflow/.local/lib/python3.8/site-packages/airflow/example_dags/example_branch_operator.py
[2023-11-16T06:22:15.998+0000] {processor.py:829} INFO - Processing file /home/airflow/.local/lib/python3.8/site-packages/airflow/example_dags/example_branch_operator.py for tasks to queue
[2023-11-16T06:22:16.000+0000] {logging_mixin.py:154} INFO - [2023-11-16T06:22:16.000+0000] {dagbag.py:536} INFO - Filling up the DagBag from /home/airflow/.local/lib/python3.8/site-packages/airflow/example_dags/example_branch_operator.py
[2023-11-16T06:22:16.005+0000] {processor.py:839} INFO - DAG(s) dict_keys(['example_branch_operator']) retrieved from /home/airflow/.local/lib/python3.8/site-packages/airflow/example_dags/example_branch_operator.py
[2023-11-16T06:22:16.017+0000] {logging_mixin.py:154} INFO - [2023-11-16T06:22:16.017+0000] {dag.py:2941} INFO - Sync 1 DAGs
[2023-11-16T06:22:16.029+0000] {logging_mixin.py:154} INFO - [2023-11-16T06:22:16.029+0000] {dag.py:3722} INFO - Setting next_dagrun for example_branch_operator to 2023-11-15T00:00:00+00:00, run_after=2023-11-16T00:00:00+00:00
[2023-11-16T06:22:16.037+0000] {processor.py:179} INFO - Processing /home/airflow/.local/lib/python3.8/site-packages/airflow/example_dags/example_branch_operator.py took 0.042 seconds
[2023-11-16T06:22:46.184+0000] {processor.py:157} INFO - Started process (PID=557) to work on /home/airflow/.local/lib/python3.8/site-packages/airflow/example_dags/example_branch_operator.py
[2023-11-16T06:22:46.185+0000] {processor.py:829} INFO - Processing file /home/airflow/.local/lib/python3.8/site-packages/airflow/example_dags/example_branch_operator.py for tasks to queue
[2023-11-16T06:22:46.186+0000] {logging_mixin.py:154} INFO - [2023-11-16T06:22:46.186+0000] {dagbag.py:536} INFO - Filling up the DagBag from /home/airflow/.local/lib/python3.8/site-packages/airflow/example_dags/example_branch_operator.py
[2023-11-16T06:22:46.191+0000] {processor.py:839} INFO - DAG(s) dict_keys(['example_branch_operator']) retrieved from /home/airflow/.local/lib/python3.8/site-packages/airflow/example_dags/example_branch_operator.py
[2023-11-16T06:22:46.202+0000] {logging_mixin.py:154} INFO - [2023-11-16T06:22:46.202+0000] {dag.py:2941} INFO - Sync 1 DAGs
[2023-11-16T06:22:46.213+0000] {logging_mixin.py:154} INFO - [2023-11-16T06:22:46.213+0000] {dag.py:3722} INFO - Setting next_dagrun for example_branch_operator to 2023-11-15T00:00:00+00:00, run_after=2023-11-16T00:00:00+00:00
[2023-11-16T06:22:46.221+0000] {processor.py:179} INFO - Processing /home/airflow/.local/lib/python3.8/site-packages/airflow/example_dags/example_branch_operator.py took 0.039 seconds
[2023-11-16T06:23:16.571+0000] {processor.py:157} INFO - Started process (PID=611) to work on /home/airflow/.local/lib/python3.8/site-packages/airflow/example_dags/example_branch_operator.py
[2023-11-16T06:23:16.571+0000] {processor.py:829} INFO - Processing file /home/airflow/.local/lib/python3.8/site-packages/airflow/example_dags/example_branch_operator.py for tasks to queue
[2023-11-16T06:23:16.573+0000] {logging_mixin.py:154} INFO - [2023-11-16T06:23:16.573+0000] {dagbag.py:536} INFO - Filling up the DagBag from /home/airflow/.local/lib/python3.8/site-packages/airflow/example_dags/example_branch_operator.py
[2023-11-16T06:23:16.578+0000] {processor.py:839} INFO - DAG(s) dict_keys(['example_branch_operator']) retrieved from /home/airflow/.local/lib/python3.8/site-packages/airflow/example_dags/example_branch_operator.py
[2023-11-16T06:23:16.589+0000] {logging_mixin.py:154} INFO - [2023-11-16T06:23:16.589+0000] {dag.py:2941} INFO - Sync 1 DAGs
[2023-11-16T06:23:16.599+0000] {logging_mixin.py:154} INFO - [2023-11-16T06:23:16.599+0000] {dag.py:3722} INFO - Setting next_dagrun for example_branch_operator to 2023-11-15T00:00:00+00:00, run_after=2023-11-16T00:00:00+00:00
[2023-11-16T06:23:16.611+0000] {processor.py:179} INFO - Processing /home/airflow/.local/lib/python3.8/site-packages/airflow/example_dags/example_branch_operator.py took 0.042 seconds
[2023-11-16T06:23:46.738+0000] {processor.py:157} INFO - Started process (PID=665) to work on /home/airflow/.local/lib/python3.8/site-packages/airflow/example_dags/example_branch_operator.py
[2023-11-16T06:23:46.739+0000] {processor.py:829} INFO - Processing file /home/airflow/.local/lib/python3.8/site-packages/airflow/example_dags/example_branch_operator.py for tasks to queue
[2023-11-16T06:23:46.741+0000] {logging_mixin.py:154} INFO - [2023-11-16T06:23:46.741+0000] {dagbag.py:536} INFO - Filling up the DagBag from /home/airflow/.local/lib/python3.8/site-packages/airflow/example_dags/example_branch_operator.py
[2023-11-16T06:23:46.747+0000] {processor.py:839} INFO - DAG(s) dict_keys(['example_branch_operator']) retrieved from /home/airflow/.local/lib/python3.8/site-packages/airflow/example_dags/example_branch_operator.py
[2023-11-16T06:23:46.759+0000] {logging_mixin.py:154} INFO - [2023-11-16T06:23:46.759+0000] {dag.py:2941} INFO - Sync 1 DAGs
[2023-11-16T06:23:46.772+0000] {logging_mixin.py:154} INFO - [2023-11-16T06:23:46.772+0000] {dag.py:3722} INFO - Setting next_dagrun for example_branch_operator to 2023-11-15T00:00:00+00:00, run_after=2023-11-16T00:00:00+00:00
[2023-11-16T06:23:46.781+0000] {processor.py:179} INFO - Processing /home/airflow/.local/lib/python3.8/site-packages/airflow/example_dags/example_branch_operator.py took 0.045 seconds
[2023-11-16T06:24:17.043+0000] {processor.py:157} INFO - Started process (PID=719) to work on /home/airflow/.local/lib/python3.8/site-packages/airflow/example_dags/example_branch_operator.py
[2023-11-16T06:24:17.045+0000] {processor.py:829} INFO - Processing file /home/airflow/.local/lib/python3.8/site-packages/airflow/example_dags/example_branch_operator.py for tasks to queue
[2023-11-16T06:24:17.048+0000] {logging_mixin.py:154} INFO - [2023-11-16T06:24:17.048+0000] {dagbag.py:536} INFO - Filling up the DagBag from /home/airflow/.local/lib/python3.8/site-packages/airflow/example_dags/example_branch_operator.py
[2023-11-16T06:24:17.057+0000] {processor.py:839} INFO - DAG(s) dict_keys(['example_branch_operator']) retrieved from /home/airflow/.local/lib/python3.8/site-packages/airflow/example_dags/example_branch_operator.py
[2023-11-16T06:24:17.077+0000] {logging_mixin.py:154} INFO - [2023-11-16T06:24:17.077+0000] {dag.py:2941} INFO - Sync 1 DAGs
[2023-11-16T06:24:17.095+0000] {logging_mixin.py:154} INFO - [2023-11-16T06:24:17.095+0000] {dag.py:3722} INFO - Setting next_dagrun for example_branch_operator to 2023-11-15T00:00:00+00:00, run_after=2023-11-16T00:00:00+00:00
[2023-11-16T06:24:17.109+0000] {processor.py:179} INFO - Processing /home/airflow/.local/lib/python3.8/site-packages/airflow/example_dags/example_branch_operator.py took 0.070 seconds
[2023-11-16T06:24:47.129+0000] {processor.py:157} INFO - Started process (PID=773) to work on /home/airflow/.local/lib/python3.8/site-packages/airflow/example_dags/example_branch_operator.py
[2023-11-16T06:24:47.130+0000] {processor.py:829} INFO - Processing file /home/airflow/.local/lib/python3.8/site-packages/airflow/example_dags/example_branch_operator.py for tasks to queue
[2023-11-16T06:24:47.132+0000] {logging_mixin.py:154} INFO - [2023-11-16T06:24:47.132+0000] {dagbag.py:536} INFO - Filling up the DagBag from /home/airflow/.local/lib/python3.8/site-packages/airflow/example_dags/example_branch_operator.py
[2023-11-16T06:24:47.137+0000] {processor.py:839} INFO - DAG(s) dict_keys(['example_branch_operator']) retrieved from /home/airflow/.local/lib/python3.8/site-packages/airflow/example_dags/example_branch_operator.py
[2023-11-16T06:24:47.150+0000] {logging_mixin.py:154} INFO - [2023-11-16T06:24:47.150+0000] {dag.py:2941} INFO - Sync 1 DAGs
[2023-11-16T06:24:47.164+0000] {logging_mixin.py:154} INFO - [2023-11-16T06:24:47.164+0000] {dag.py:3722} INFO - Setting next_dagrun for example_branch_operator to 2023-11-15T00:00:00+00:00, run_after=2023-11-16T00:00:00+00:00
[2023-11-16T06:24:47.173+0000] {processor.py:179} INFO - Processing /home/airflow/.local/lib/python3.8/site-packages/airflow/example_dags/example_branch_operator.py took 0.046 seconds
[2023-11-16T06:25:18.072+0000] {processor.py:157} INFO - Started process (PID=827) to work on /home/airflow/.local/lib/python3.8/site-packages/airflow/example_dags/example_branch_operator.py
[2023-11-16T06:25:18.073+0000] {processor.py:829} INFO - Processing file /home/airflow/.local/lib/python3.8/site-packages/airflow/example_dags/example_branch_operator.py for tasks to queue
[2023-11-16T06:25:18.074+0000] {logging_mixin.py:154} INFO - [2023-11-16T06:25:18.074+0000] {dagbag.py:536} INFO - Filling up the DagBag from /home/airflow/.local/lib/python3.8/site-packages/airflow/example_dags/example_branch_operator.py
[2023-11-16T06:25:18.080+0000] {processor.py:839} INFO - DAG(s) dict_keys(['example_branch_operator']) retrieved from /home/airflow/.local/lib/python3.8/site-packages/airflow/example_dags/example_branch_operator.py
[2023-11-16T06:25:18.094+0000] {logging_mixin.py:154} INFO - [2023-11-16T06:25:18.094+0000] {dag.py:2941} INFO - Sync 1 DAGs
[2023-11-16T06:25:18.107+0000] {logging_mixin.py:154} INFO - [2023-11-16T06:25:18.107+0000] {dag.py:3722} INFO - Setting next_dagrun for example_branch_operator to 2023-11-15T00:00:00+00:00, run_after=2023-11-16T00:00:00+00:00
[2023-11-16T06:25:18.117+0000] {processor.py:179} INFO - Processing /home/airflow/.local/lib/python3.8/site-packages/airflow/example_dags/example_branch_operator.py took 0.047 seconds
[2023-11-16T06:25:48.274+0000] {processor.py:157} INFO - Started process (PID=881) to work on /home/airflow/.local/lib/python3.8/site-packages/airflow/example_dags/example_branch_operator.py
[2023-11-16T06:25:48.275+0000] {processor.py:829} INFO - Processing file /home/airflow/.local/lib/python3.8/site-packages/airflow/example_dags/example_branch_operator.py for tasks to queue
[2023-11-16T06:25:48.277+0000] {logging_mixin.py:154} INFO - [2023-11-16T06:25:48.277+0000] {dagbag.py:536} INFO - Filling up the DagBag from /home/airflow/.local/lib/python3.8/site-packages/airflow/example_dags/example_branch_operator.py
[2023-11-16T06:25:48.284+0000] {processor.py:839} INFO - DAG(s) dict_keys(['example_branch_operator']) retrieved from /home/airflow/.local/lib/python3.8/site-packages/airflow/example_dags/example_branch_operator.py
[2023-11-16T06:25:48.301+0000] {logging_mixin.py:154} INFO - [2023-11-16T06:25:48.301+0000] {dag.py:2941} INFO - Sync 1 DAGs
[2023-11-16T06:25:48.316+0000] {logging_mixin.py:154} INFO - [2023-11-16T06:25:48.316+0000] {dag.py:3722} INFO - Setting next_dagrun for example_branch_operator to 2023-11-15T00:00:00+00:00, run_after=2023-11-16T00:00:00+00:00
[2023-11-16T06:25:48.449+0000] {processor.py:179} INFO - Processing /home/airflow/.local/lib/python3.8/site-packages/airflow/example_dags/example_branch_operator.py took 0.177 seconds
[2023-11-16T06:26:18.834+0000] {processor.py:157} INFO - Started process (PID=935) to work on /home/airflow/.local/lib/python3.8/site-packages/airflow/example_dags/example_branch_operator.py
[2023-11-16T06:26:18.835+0000] {processor.py:829} INFO - Processing file /home/airflow/.local/lib/python3.8/site-packages/airflow/example_dags/example_branch_operator.py for tasks to queue
[2023-11-16T06:26:18.836+0000] {logging_mixin.py:154} INFO - [2023-11-16T06:26:18.836+0000] {dagbag.py:536} INFO - Filling up the DagBag from /home/airflow/.local/lib/python3.8/site-packages/airflow/example_dags/example_branch_operator.py
[2023-11-16T06:26:18.842+0000] {processor.py:839} INFO - DAG(s) dict_keys(['example_branch_operator']) retrieved from /home/airflow/.local/lib/python3.8/site-packages/airflow/example_dags/example_branch_operator.py
[2023-11-16T06:26:18.854+0000] {logging_mixin.py:154} INFO - [2023-11-16T06:26:18.854+0000] {dag.py:2941} INFO - Sync 1 DAGs
[2023-11-16T06:26:18.865+0000] {logging_mixin.py:154} INFO - [2023-11-16T06:26:18.865+0000] {dag.py:3722} INFO - Setting next_dagrun for example_branch_operator to 2023-11-15T00:00:00+00:00, run_after=2023-11-16T00:00:00+00:00
[2023-11-16T06:26:18.874+0000] {processor.py:179} INFO - Processing /home/airflow/.local/lib/python3.8/site-packages/airflow/example_dags/example_branch_operator.py took 0.042 seconds
[2023-11-16T06:26:49.908+0000] {processor.py:157} INFO - Started process (PID=989) to work on /home/airflow/.local/lib/python3.8/site-packages/airflow/example_dags/example_branch_operator.py
[2023-11-16T06:26:49.910+0000] {processor.py:829} INFO - Processing file /home/airflow/.local/lib/python3.8/site-packages/airflow/example_dags/example_branch_operator.py for tasks to queue
[2023-11-16T06:26:49.912+0000] {logging_mixin.py:154} INFO - [2023-11-16T06:26:49.912+0000] {dagbag.py:536} INFO - Filling up the DagBag from /home/airflow/.local/lib/python3.8/site-packages/airflow/example_dags/example_branch_operator.py
[2023-11-16T06:26:49.918+0000] {processor.py:839} INFO - DAG(s) dict_keys(['example_branch_operator']) retrieved from /home/airflow/.local/lib/python3.8/site-packages/airflow/example_dags/example_branch_operator.py
[2023-11-16T06:26:49.933+0000] {logging_mixin.py:154} INFO - [2023-11-16T06:26:49.933+0000] {dag.py:2941} INFO - Sync 1 DAGs
[2023-11-16T06:26:49.962+0000] {logging_mixin.py:154} INFO - [2023-11-16T06:26:49.961+0000] {dag.py:3722} INFO - Setting next_dagrun for example_branch_operator to 2023-11-15T00:00:00+00:00, run_after=2023-11-16T00:00:00+00:00
[2023-11-16T06:26:49.972+0000] {processor.py:179} INFO - Processing /home/airflow/.local/lib/python3.8/site-packages/airflow/example_dags/example_branch_operator.py took 0.066 seconds
[2023-11-16T06:27:20.560+0000] {processor.py:157} INFO - Started process (PID=1043) to work on /home/airflow/.local/lib/python3.8/site-packages/airflow/example_dags/example_branch_operator.py
[2023-11-16T06:27:20.561+0000] {processor.py:829} INFO - Processing file /home/airflow/.local/lib/python3.8/site-packages/airflow/example_dags/example_branch_operator.py for tasks to queue
[2023-11-16T06:27:20.562+0000] {logging_mixin.py:154} INFO - [2023-11-16T06:27:20.562+0000] {dagbag.py:536} INFO - Filling up the DagBag from /home/airflow/.local/lib/python3.8/site-packages/airflow/example_dags/example_branch_operator.py
[2023-11-16T06:27:20.568+0000] {processor.py:839} INFO - DAG(s) dict_keys(['example_branch_operator']) retrieved from /home/airflow/.local/lib/python3.8/site-packages/airflow/example_dags/example_branch_operator.py
[2023-11-16T06:27:20.579+0000] {logging_mixin.py:154} INFO - [2023-11-16T06:27:20.579+0000] {dag.py:2941} INFO - Sync 1 DAGs
[2023-11-16T06:27:20.591+0000] {logging_mixin.py:154} INFO - [2023-11-16T06:27:20.591+0000] {dag.py:3722} INFO - Setting next_dagrun for example_branch_operator to 2023-11-15T00:00:00+00:00, run_after=2023-11-16T00:00:00+00:00
[2023-11-16T06:27:20.600+0000] {processor.py:179} INFO - Processing /home/airflow/.local/lib/python3.8/site-packages/airflow/example_dags/example_branch_operator.py took 0.042 seconds
[2023-11-16T06:27:51.846+0000] {processor.py:157} INFO - Started process (PID=1097) to work on /home/airflow/.local/lib/python3.8/site-packages/airflow/example_dags/example_branch_operator.py
[2023-11-16T06:27:51.847+0000] {processor.py:829} INFO - Processing file /home/airflow/.local/lib/python3.8/site-packages/airflow/example_dags/example_branch_operator.py for tasks to queue
[2023-11-16T06:27:51.849+0000] {logging_mixin.py:154} INFO - [2023-11-16T06:27:51.848+0000] {dagbag.py:536} INFO - Filling up the DagBag from /home/airflow/.local/lib/python3.8/site-packages/airflow/example_dags/example_branch_operator.py
[2023-11-16T06:27:51.854+0000] {processor.py:839} INFO - DAG(s) dict_keys(['example_branch_operator']) retrieved from /home/airflow/.local/lib/python3.8/site-packages/airflow/example_dags/example_branch_operator.py
[2023-11-16T06:27:51.867+0000] {logging_mixin.py:154} INFO - [2023-11-16T06:27:51.867+0000] {dag.py:2941} INFO - Sync 1 DAGs
[2023-11-16T06:27:51.968+0000] {logging_mixin.py:154} INFO - [2023-11-16T06:27:51.968+0000] {dag.py:3722} INFO - Setting next_dagrun for example_branch_operator to 2023-11-15T00:00:00+00:00, run_after=2023-11-16T00:00:00+00:00
[2023-11-16T06:27:51.976+0000] {processor.py:179} INFO - Processing /home/airflow/.local/lib/python3.8/site-packages/airflow/example_dags/example_branch_operator.py took 0.133 seconds
[2023-11-16T06:28:23.113+0000] {processor.py:157} INFO - Started process (PID=1151) to work on /home/airflow/.local/lib/python3.8/site-packages/airflow/example_dags/example_branch_operator.py
[2023-11-16T06:28:23.114+0000] {processor.py:829} INFO - Processing file /home/airflow/.local/lib/python3.8/site-packages/airflow/example_dags/example_branch_operator.py for tasks to queue
[2023-11-16T06:28:23.115+0000] {logging_mixin.py:154} INFO - [2023-11-16T06:28:23.115+0000] {dagbag.py:536} INFO - Filling up the DagBag from /home/airflow/.local/lib/python3.8/site-packages/airflow/example_dags/example_branch_operator.py
[2023-11-16T06:28:23.121+0000] {processor.py:839} INFO - DAG(s) dict_keys(['example_branch_operator']) retrieved from /home/airflow/.local/lib/python3.8/site-packages/airflow/example_dags/example_branch_operator.py
[2023-11-16T06:28:23.133+0000] {logging_mixin.py:154} INFO - [2023-11-16T06:28:23.133+0000] {dag.py:2941} INFO - Sync 1 DAGs
[2023-11-16T06:28:23.249+0000] {logging_mixin.py:154} INFO - [2023-11-16T06:28:23.249+0000] {dag.py:3722} INFO - Setting next_dagrun for example_branch_operator to 2023-11-15T00:00:00+00:00, run_after=2023-11-16T00:00:00+00:00
[2023-11-16T06:28:23.263+0000] {processor.py:179} INFO - Processing /home/airflow/.local/lib/python3.8/site-packages/airflow/example_dags/example_branch_operator.py took 0.152 seconds
[2023-11-16T06:28:53.904+0000] {processor.py:157} INFO - Started process (PID=1205) to work on /home/airflow/.local/lib/python3.8/site-packages/airflow/example_dags/example_branch_operator.py
[2023-11-16T06:28:53.905+0000] {processor.py:829} INFO - Processing file /home/airflow/.local/lib/python3.8/site-packages/airflow/example_dags/example_branch_operator.py for tasks to queue
[2023-11-16T06:28:53.906+0000] {logging_mixin.py:154} INFO - [2023-11-16T06:28:53.906+0000] {dagbag.py:536} INFO - Filling up the DagBag from /home/airflow/.local/lib/python3.8/site-packages/airflow/example_dags/example_branch_operator.py
[2023-11-16T06:28:53.912+0000] {processor.py:839} INFO - DAG(s) dict_keys(['example_branch_operator']) retrieved from /home/airflow/.local/lib/python3.8/site-packages/airflow/example_dags/example_branch_operator.py
[2023-11-16T06:28:53.924+0000] {logging_mixin.py:154} INFO - [2023-11-16T06:28:53.924+0000] {dag.py:2941} INFO - Sync 1 DAGs
[2023-11-16T06:28:53.937+0000] {logging_mixin.py:154} INFO - [2023-11-16T06:28:53.937+0000] {dag.py:3722} INFO - Setting next_dagrun for example_branch_operator to 2023-11-15T00:00:00+00:00, run_after=2023-11-16T00:00:00+00:00
[2023-11-16T06:28:53.947+0000] {processor.py:179} INFO - Processing /home/airflow/.local/lib/python3.8/site-packages/airflow/example_dags/example_branch_operator.py took 0.045 seconds
[2023-11-16T06:29:24.191+0000] {processor.py:157} INFO - Started process (PID=1259) to work on /home/airflow/.local/lib/python3.8/site-packages/airflow/example_dags/example_branch_operator.py
[2023-11-16T06:29:24.192+0000] {processor.py:829} INFO - Processing file /home/airflow/.local/lib/python3.8/site-packages/airflow/example_dags/example_branch_operator.py for tasks to queue
[2023-11-16T06:29:24.193+0000] {logging_mixin.py:154} INFO - [2023-11-16T06:29:24.193+0000] {dagbag.py:536} INFO - Filling up the DagBag from /home/airflow/.local/lib/python3.8/site-packages/airflow/example_dags/example_branch_operator.py
[2023-11-16T06:29:24.199+0000] {processor.py:839} INFO - DAG(s) dict_keys(['example_branch_operator']) retrieved from /home/airflow/.local/lib/python3.8/site-packages/airflow/example_dags/example_branch_operator.py
[2023-11-16T06:29:24.211+0000] {logging_mixin.py:154} INFO - [2023-11-16T06:29:24.211+0000] {dag.py:2941} INFO - Sync 1 DAGs
[2023-11-16T06:29:24.224+0000] {logging_mixin.py:154} INFO - [2023-11-16T06:29:24.224+0000] {dag.py:3722} INFO - Setting next_dagrun for example_branch_operator to 2023-11-15T00:00:00+00:00, run_after=2023-11-16T00:00:00+00:00
[2023-11-16T06:29:24.233+0000] {processor.py:179} INFO - Processing /home/airflow/.local/lib/python3.8/site-packages/airflow/example_dags/example_branch_operator.py took 0.044 seconds
[2023-11-16T06:29:55.639+0000] {processor.py:157} INFO - Started process (PID=1313) to work on /home/airflow/.local/lib/python3.8/site-packages/airflow/example_dags/example_branch_operator.py
[2023-11-16T06:29:55.640+0000] {processor.py:829} INFO - Processing file /home/airflow/.local/lib/python3.8/site-packages/airflow/example_dags/example_branch_operator.py for tasks to queue
[2023-11-16T06:29:55.642+0000] {logging_mixin.py:154} INFO - [2023-11-16T06:29:55.642+0000] {dagbag.py:536} INFO - Filling up the DagBag from /home/airflow/.local/lib/python3.8/site-packages/airflow/example_dags/example_branch_operator.py
[2023-11-16T06:29:55.648+0000] {processor.py:839} INFO - DAG(s) dict_keys(['example_branch_operator']) retrieved from /home/airflow/.local/lib/python3.8/site-packages/airflow/example_dags/example_branch_operator.py
[2023-11-16T06:29:55.760+0000] {logging_mixin.py:154} INFO - [2023-11-16T06:29:55.760+0000] {dag.py:2941} INFO - Sync 1 DAGs
[2023-11-16T06:29:55.771+0000] {logging_mixin.py:154} INFO - [2023-11-16T06:29:55.771+0000] {dag.py:3722} INFO - Setting next_dagrun for example_branch_operator to 2023-11-15T00:00:00+00:00, run_after=2023-11-16T00:00:00+00:00
[2023-11-16T06:29:55.779+0000] {processor.py:179} INFO - Processing /home/airflow/.local/lib/python3.8/site-packages/airflow/example_dags/example_branch_operator.py took 0.142 seconds
[2023-11-16T06:30:26.166+0000] {processor.py:157} INFO - Started process (PID=1367) to work on /home/airflow/.local/lib/python3.8/site-packages/airflow/example_dags/example_branch_operator.py
[2023-11-16T06:30:26.167+0000] {processor.py:829} INFO - Processing file /home/airflow/.local/lib/python3.8/site-packages/airflow/example_dags/example_branch_operator.py for tasks to queue
[2023-11-16T06:30:26.169+0000] {logging_mixin.py:154} INFO - [2023-11-16T06:30:26.168+0000] {dagbag.py:536} INFO - Filling up the DagBag from /home/airflow/.local/lib/python3.8/site-packages/airflow/example_dags/example_branch_operator.py
[2023-11-16T06:30:26.175+0000] {processor.py:839} INFO - DAG(s) dict_keys(['example_branch_operator']) retrieved from /home/airflow/.local/lib/python3.8/site-packages/airflow/example_dags/example_branch_operator.py
[2023-11-16T06:30:26.187+0000] {logging_mixin.py:154} INFO - [2023-11-16T06:30:26.187+0000] {dag.py:2941} INFO - Sync 1 DAGs
[2023-11-16T06:30:26.199+0000] {logging_mixin.py:154} INFO - [2023-11-16T06:30:26.199+0000] {dag.py:3722} INFO - Setting next_dagrun for example_branch_operator to 2023-11-15T00:00:00+00:00, run_after=2023-11-16T00:00:00+00:00
[2023-11-16T06:30:26.207+0000] {processor.py:179} INFO - Processing /home/airflow/.local/lib/python3.8/site-packages/airflow/example_dags/example_branch_operator.py took 0.043 seconds
[2023-11-16T06:30:57.154+0000] {processor.py:157} INFO - Started process (PID=1421) to work on /home/airflow/.local/lib/python3.8/site-packages/airflow/example_dags/example_branch_operator.py
[2023-11-16T06:30:57.155+0000] {processor.py:829} INFO - Processing file /home/airflow/.local/lib/python3.8/site-packages/airflow/example_dags/example_branch_operator.py for tasks to queue
[2023-11-16T06:30:57.156+0000] {logging_mixin.py:154} INFO - [2023-11-16T06:30:57.156+0000] {dagbag.py:536} INFO - Filling up the DagBag from /home/airflow/.local/lib/python3.8/site-packages/airflow/example_dags/example_branch_operator.py
[2023-11-16T06:30:57.162+0000] {processor.py:839} INFO - DAG(s) dict_keys(['example_branch_operator']) retrieved from /home/airflow/.local/lib/python3.8/site-packages/airflow/example_dags/example_branch_operator.py
[2023-11-16T06:30:57.174+0000] {logging_mixin.py:154} INFO - [2023-11-16T06:30:57.174+0000] {dag.py:2941} INFO - Sync 1 DAGs
[2023-11-16T06:30:57.187+0000] {logging_mixin.py:154} INFO - [2023-11-16T06:30:57.187+0000] {dag.py:3722} INFO - Setting next_dagrun for example_branch_operator to 2023-11-15T00:00:00+00:00, run_after=2023-11-16T00:00:00+00:00
[2023-11-16T06:30:57.196+0000] {processor.py:179} INFO - Processing /home/airflow/.local/lib/python3.8/site-packages/airflow/example_dags/example_branch_operator.py took 0.044 seconds
[2023-11-16T06:42:48.341+0000] {processor.py:157} INFO - Started process (PID=71) to work on /home/airflow/.local/lib/python3.8/site-packages/airflow/example_dags/example_branch_operator.py
[2023-11-16T06:42:48.341+0000] {processor.py:829} INFO - Processing file /home/airflow/.local/lib/python3.8/site-packages/airflow/example_dags/example_branch_operator.py for tasks to queue
[2023-11-16T06:42:48.343+0000] {logging_mixin.py:154} INFO - [2023-11-16T06:42:48.343+0000] {dagbag.py:536} INFO - Filling up the DagBag from /home/airflow/.local/lib/python3.8/site-packages/airflow/example_dags/example_branch_operator.py
[2023-11-16T06:42:48.350+0000] {processor.py:839} INFO - DAG(s) dict_keys(['example_branch_operator']) retrieved from /home/airflow/.local/lib/python3.8/site-packages/airflow/example_dags/example_branch_operator.py
[2023-11-16T06:42:48.359+0000] {logging_mixin.py:154} INFO - [2023-11-16T06:42:48.359+0000] {dag.py:2941} INFO - Sync 1 DAGs
[2023-11-16T06:42:48.378+0000] {logging_mixin.py:154} INFO - [2023-11-16T06:42:48.378+0000] {dag.py:3722} INFO - Setting next_dagrun for example_branch_operator to 2023-11-15T00:00:00+00:00, run_after=2023-11-16T00:00:00+00:00
[2023-11-16T06:42:48.406+0000] {processor.py:179} INFO - Processing /home/airflow/.local/lib/python3.8/site-packages/airflow/example_dags/example_branch_operator.py took 0.068 seconds
[2023-11-16T06:43:18.614+0000] {processor.py:157} INFO - Started process (PID=125) to work on /home/airflow/.local/lib/python3.8/site-packages/airflow/example_dags/example_branch_operator.py
[2023-11-16T06:43:18.615+0000] {processor.py:829} INFO - Processing file /home/airflow/.local/lib/python3.8/site-packages/airflow/example_dags/example_branch_operator.py for tasks to queue
[2023-11-16T06:43:18.617+0000] {logging_mixin.py:154} INFO - [2023-11-16T06:43:18.616+0000] {dagbag.py:536} INFO - Filling up the DagBag from /home/airflow/.local/lib/python3.8/site-packages/airflow/example_dags/example_branch_operator.py
[2023-11-16T06:43:18.622+0000] {processor.py:839} INFO - DAG(s) dict_keys(['example_branch_operator']) retrieved from /home/airflow/.local/lib/python3.8/site-packages/airflow/example_dags/example_branch_operator.py
[2023-11-16T06:43:18.635+0000] {logging_mixin.py:154} INFO - [2023-11-16T06:43:18.635+0000] {dag.py:2941} INFO - Sync 1 DAGs
[2023-11-16T06:43:18.647+0000] {logging_mixin.py:154} INFO - [2023-11-16T06:43:18.647+0000] {dag.py:3722} INFO - Setting next_dagrun for example_branch_operator to 2023-11-15T00:00:00+00:00, run_after=2023-11-16T00:00:00+00:00
[2023-11-16T06:43:18.656+0000] {processor.py:179} INFO - Processing /home/airflow/.local/lib/python3.8/site-packages/airflow/example_dags/example_branch_operator.py took 0.044 seconds
[2023-11-16T06:43:48.930+0000] {processor.py:157} INFO - Started process (PID=179) to work on /home/airflow/.local/lib/python3.8/site-packages/airflow/example_dags/example_branch_operator.py
[2023-11-16T06:43:48.931+0000] {processor.py:829} INFO - Processing file /home/airflow/.local/lib/python3.8/site-packages/airflow/example_dags/example_branch_operator.py for tasks to queue
[2023-11-16T06:43:48.932+0000] {logging_mixin.py:154} INFO - [2023-11-16T06:43:48.932+0000] {dagbag.py:536} INFO - Filling up the DagBag from /home/airflow/.local/lib/python3.8/site-packages/airflow/example_dags/example_branch_operator.py
[2023-11-16T06:43:48.939+0000] {processor.py:839} INFO - DAG(s) dict_keys(['example_branch_operator']) retrieved from /home/airflow/.local/lib/python3.8/site-packages/airflow/example_dags/example_branch_operator.py
[2023-11-16T06:43:48.952+0000] {logging_mixin.py:154} INFO - [2023-11-16T06:43:48.952+0000] {dag.py:2941} INFO - Sync 1 DAGs
[2023-11-16T06:43:48.964+0000] {logging_mixin.py:154} INFO - [2023-11-16T06:43:48.964+0000] {dag.py:3722} INFO - Setting next_dagrun for example_branch_operator to 2023-11-15T00:00:00+00:00, run_after=2023-11-16T00:00:00+00:00
[2023-11-16T06:43:48.973+0000] {processor.py:179} INFO - Processing /home/airflow/.local/lib/python3.8/site-packages/airflow/example_dags/example_branch_operator.py took 0.045 seconds
[2023-11-16T06:44:19.791+0000] {processor.py:157} INFO - Started process (PID=233) to work on /home/airflow/.local/lib/python3.8/site-packages/airflow/example_dags/example_branch_operator.py
[2023-11-16T06:44:19.791+0000] {processor.py:829} INFO - Processing file /home/airflow/.local/lib/python3.8/site-packages/airflow/example_dags/example_branch_operator.py for tasks to queue
[2023-11-16T06:44:19.793+0000] {logging_mixin.py:154} INFO - [2023-11-16T06:44:19.793+0000] {dagbag.py:536} INFO - Filling up the DagBag from /home/airflow/.local/lib/python3.8/site-packages/airflow/example_dags/example_branch_operator.py
[2023-11-16T06:44:19.798+0000] {processor.py:839} INFO - DAG(s) dict_keys(['example_branch_operator']) retrieved from /home/airflow/.local/lib/python3.8/site-packages/airflow/example_dags/example_branch_operator.py
[2023-11-16T06:44:19.810+0000] {logging_mixin.py:154} INFO - [2023-11-16T06:44:19.810+0000] {dag.py:2941} INFO - Sync 1 DAGs
[2023-11-16T06:44:19.822+0000] {logging_mixin.py:154} INFO - [2023-11-16T06:44:19.822+0000] {dag.py:3722} INFO - Setting next_dagrun for example_branch_operator to 2023-11-15T00:00:00+00:00, run_after=2023-11-16T00:00:00+00:00
[2023-11-16T06:44:19.831+0000] {processor.py:179} INFO - Processing /home/airflow/.local/lib/python3.8/site-packages/airflow/example_dags/example_branch_operator.py took 0.043 seconds
[2023-11-16T06:44:50.631+0000] {processor.py:157} INFO - Started process (PID=288) to work on /home/airflow/.local/lib/python3.8/site-packages/airflow/example_dags/example_branch_operator.py
[2023-11-16T06:44:50.631+0000] {processor.py:829} INFO - Processing file /home/airflow/.local/lib/python3.8/site-packages/airflow/example_dags/example_branch_operator.py for tasks to queue
[2023-11-16T06:44:50.633+0000] {logging_mixin.py:154} INFO - [2023-11-16T06:44:50.632+0000] {dagbag.py:536} INFO - Filling up the DagBag from /home/airflow/.local/lib/python3.8/site-packages/airflow/example_dags/example_branch_operator.py
[2023-11-16T06:44:50.638+0000] {processor.py:839} INFO - DAG(s) dict_keys(['example_branch_operator']) retrieved from /home/airflow/.local/lib/python3.8/site-packages/airflow/example_dags/example_branch_operator.py
[2023-11-16T06:44:50.651+0000] {logging_mixin.py:154} INFO - [2023-11-16T06:44:50.651+0000] {dag.py:2941} INFO - Sync 1 DAGs
[2023-11-16T06:44:50.663+0000] {logging_mixin.py:154} INFO - [2023-11-16T06:44:50.663+0000] {dag.py:3722} INFO - Setting next_dagrun for example_branch_operator to 2023-11-15T00:00:00+00:00, run_after=2023-11-16T00:00:00+00:00
[2023-11-16T06:44:50.672+0000] {processor.py:179} INFO - Processing /home/airflow/.local/lib/python3.8/site-packages/airflow/example_dags/example_branch_operator.py took 0.044 seconds
[2023-11-16T06:45:20.810+0000] {processor.py:157} INFO - Started process (PID=342) to work on /home/airflow/.local/lib/python3.8/site-packages/airflow/example_dags/example_branch_operator.py
[2023-11-16T06:45:20.811+0000] {processor.py:829} INFO - Processing file /home/airflow/.local/lib/python3.8/site-packages/airflow/example_dags/example_branch_operator.py for tasks to queue
[2023-11-16T06:45:20.812+0000] {logging_mixin.py:154} INFO - [2023-11-16T06:45:20.812+0000] {dagbag.py:536} INFO - Filling up the DagBag from /home/airflow/.local/lib/python3.8/site-packages/airflow/example_dags/example_branch_operator.py
[2023-11-16T06:45:20.817+0000] {processor.py:839} INFO - DAG(s) dict_keys(['example_branch_operator']) retrieved from /home/airflow/.local/lib/python3.8/site-packages/airflow/example_dags/example_branch_operator.py
[2023-11-16T06:45:20.829+0000] {logging_mixin.py:154} INFO - [2023-11-16T06:45:20.829+0000] {dag.py:2941} INFO - Sync 1 DAGs
[2023-11-16T06:45:20.841+0000] {logging_mixin.py:154} INFO - [2023-11-16T06:45:20.841+0000] {dag.py:3722} INFO - Setting next_dagrun for example_branch_operator to 2023-11-15T00:00:00+00:00, run_after=2023-11-16T00:00:00+00:00
[2023-11-16T06:45:20.850+0000] {processor.py:179} INFO - Processing /home/airflow/.local/lib/python3.8/site-packages/airflow/example_dags/example_branch_operator.py took 0.042 seconds
[2023-11-16T06:45:51.111+0000] {processor.py:157} INFO - Started process (PID=396) to work on /home/airflow/.local/lib/python3.8/site-packages/airflow/example_dags/example_branch_operator.py
[2023-11-16T06:45:51.112+0000] {processor.py:829} INFO - Processing file /home/airflow/.local/lib/python3.8/site-packages/airflow/example_dags/example_branch_operator.py for tasks to queue
[2023-11-16T06:45:51.113+0000] {logging_mixin.py:154} INFO - [2023-11-16T06:45:51.113+0000] {dagbag.py:536} INFO - Filling up the DagBag from /home/airflow/.local/lib/python3.8/site-packages/airflow/example_dags/example_branch_operator.py
[2023-11-16T06:45:51.119+0000] {processor.py:839} INFO - DAG(s) dict_keys(['example_branch_operator']) retrieved from /home/airflow/.local/lib/python3.8/site-packages/airflow/example_dags/example_branch_operator.py
[2023-11-16T06:45:51.131+0000] {logging_mixin.py:154} INFO - [2023-11-16T06:45:51.131+0000] {dag.py:2941} INFO - Sync 1 DAGs
[2023-11-16T06:45:51.143+0000] {logging_mixin.py:154} INFO - [2023-11-16T06:45:51.143+0000] {dag.py:3722} INFO - Setting next_dagrun for example_branch_operator to 2023-11-15T00:00:00+00:00, run_after=2023-11-16T00:00:00+00:00
[2023-11-16T06:45:51.152+0000] {processor.py:179} INFO - Processing /home/airflow/.local/lib/python3.8/site-packages/airflow/example_dags/example_branch_operator.py took 0.043 seconds
[2023-11-16T06:46:21.366+0000] {processor.py:157} INFO - Started process (PID=450) to work on /home/airflow/.local/lib/python3.8/site-packages/airflow/example_dags/example_branch_operator.py
[2023-11-16T06:46:21.366+0000] {processor.py:829} INFO - Processing file /home/airflow/.local/lib/python3.8/site-packages/airflow/example_dags/example_branch_operator.py for tasks to queue
[2023-11-16T06:46:21.368+0000] {logging_mixin.py:154} INFO - [2023-11-16T06:46:21.368+0000] {dagbag.py:536} INFO - Filling up the DagBag from /home/airflow/.local/lib/python3.8/site-packages/airflow/example_dags/example_branch_operator.py
[2023-11-16T06:46:21.373+0000] {processor.py:839} INFO - DAG(s) dict_keys(['example_branch_operator']) retrieved from /home/airflow/.local/lib/python3.8/site-packages/airflow/example_dags/example_branch_operator.py
[2023-11-16T06:46:21.385+0000] {logging_mixin.py:154} INFO - [2023-11-16T06:46:21.385+0000] {dag.py:2941} INFO - Sync 1 DAGs
[2023-11-16T06:46:21.397+0000] {logging_mixin.py:154} INFO - [2023-11-16T06:46:21.397+0000] {dag.py:3722} INFO - Setting next_dagrun for example_branch_operator to 2023-11-15T00:00:00+00:00, run_after=2023-11-16T00:00:00+00:00
[2023-11-16T06:46:21.406+0000] {processor.py:179} INFO - Processing /home/airflow/.local/lib/python3.8/site-packages/airflow/example_dags/example_branch_operator.py took 0.042 seconds
[2023-11-16T06:46:51.499+0000] {processor.py:157} INFO - Started process (PID=504) to work on /home/airflow/.local/lib/python3.8/site-packages/airflow/example_dags/example_branch_operator.py
[2023-11-16T06:46:51.500+0000] {processor.py:829} INFO - Processing file /home/airflow/.local/lib/python3.8/site-packages/airflow/example_dags/example_branch_operator.py for tasks to queue
[2023-11-16T06:46:51.501+0000] {logging_mixin.py:154} INFO - [2023-11-16T06:46:51.501+0000] {dagbag.py:536} INFO - Filling up the DagBag from /home/airflow/.local/lib/python3.8/site-packages/airflow/example_dags/example_branch_operator.py
[2023-11-16T06:46:51.507+0000] {processor.py:839} INFO - DAG(s) dict_keys(['example_branch_operator']) retrieved from /home/airflow/.local/lib/python3.8/site-packages/airflow/example_dags/example_branch_operator.py
[2023-11-16T06:46:51.525+0000] {logging_mixin.py:154} INFO - [2023-11-16T06:46:51.525+0000] {dag.py:2941} INFO - Sync 1 DAGs
[2023-11-16T06:46:51.538+0000] {logging_mixin.py:154} INFO - [2023-11-16T06:46:51.537+0000] {dag.py:3722} INFO - Setting next_dagrun for example_branch_operator to 2023-11-15T00:00:00+00:00, run_after=2023-11-16T00:00:00+00:00
[2023-11-16T06:46:51.546+0000] {processor.py:179} INFO - Processing /home/airflow/.local/lib/python3.8/site-packages/airflow/example_dags/example_branch_operator.py took 0.049 seconds
[2023-11-16T06:47:21.870+0000] {processor.py:157} INFO - Started process (PID=559) to work on /home/airflow/.local/lib/python3.8/site-packages/airflow/example_dags/example_branch_operator.py
[2023-11-16T06:47:21.870+0000] {processor.py:829} INFO - Processing file /home/airflow/.local/lib/python3.8/site-packages/airflow/example_dags/example_branch_operator.py for tasks to queue
[2023-11-16T06:47:21.872+0000] {logging_mixin.py:154} INFO - [2023-11-16T06:47:21.872+0000] {dagbag.py:536} INFO - Filling up the DagBag from /home/airflow/.local/lib/python3.8/site-packages/airflow/example_dags/example_branch_operator.py
[2023-11-16T06:47:21.877+0000] {processor.py:839} INFO - DAG(s) dict_keys(['example_branch_operator']) retrieved from /home/airflow/.local/lib/python3.8/site-packages/airflow/example_dags/example_branch_operator.py
[2023-11-16T06:47:21.891+0000] {logging_mixin.py:154} INFO - [2023-11-16T06:47:21.890+0000] {dag.py:2941} INFO - Sync 1 DAGs
[2023-11-16T06:47:21.906+0000] {logging_mixin.py:154} INFO - [2023-11-16T06:47:21.905+0000] {dag.py:3722} INFO - Setting next_dagrun for example_branch_operator to 2023-11-15T00:00:00+00:00, run_after=2023-11-16T00:00:00+00:00
[2023-11-16T06:47:21.915+0000] {processor.py:179} INFO - Processing /home/airflow/.local/lib/python3.8/site-packages/airflow/example_dags/example_branch_operator.py took 0.047 seconds
[2023-11-16T06:47:52.241+0000] {processor.py:157} INFO - Started process (PID=613) to work on /home/airflow/.local/lib/python3.8/site-packages/airflow/example_dags/example_branch_operator.py
[2023-11-16T06:47:52.242+0000] {processor.py:829} INFO - Processing file /home/airflow/.local/lib/python3.8/site-packages/airflow/example_dags/example_branch_operator.py for tasks to queue
[2023-11-16T06:47:52.244+0000] {logging_mixin.py:154} INFO - [2023-11-16T06:47:52.243+0000] {dagbag.py:536} INFO - Filling up the DagBag from /home/airflow/.local/lib/python3.8/site-packages/airflow/example_dags/example_branch_operator.py
[2023-11-16T06:47:52.250+0000] {processor.py:839} INFO - DAG(s) dict_keys(['example_branch_operator']) retrieved from /home/airflow/.local/lib/python3.8/site-packages/airflow/example_dags/example_branch_operator.py
[2023-11-16T06:47:52.265+0000] {logging_mixin.py:154} INFO - [2023-11-16T06:47:52.265+0000] {dag.py:2941} INFO - Sync 1 DAGs
[2023-11-16T06:47:52.280+0000] {logging_mixin.py:154} INFO - [2023-11-16T06:47:52.279+0000] {dag.py:3722} INFO - Setting next_dagrun for example_branch_operator to 2023-11-15T00:00:00+00:00, run_after=2023-11-16T00:00:00+00:00
[2023-11-16T06:47:52.292+0000] {processor.py:179} INFO - Processing /home/airflow/.local/lib/python3.8/site-packages/airflow/example_dags/example_branch_operator.py took 0.054 seconds
[2023-11-16T06:48:23.351+0000] {processor.py:157} INFO - Started process (PID=667) to work on /home/airflow/.local/lib/python3.8/site-packages/airflow/example_dags/example_branch_operator.py
[2023-11-16T06:48:23.353+0000] {processor.py:829} INFO - Processing file /home/airflow/.local/lib/python3.8/site-packages/airflow/example_dags/example_branch_operator.py for tasks to queue
[2023-11-16T06:48:23.354+0000] {logging_mixin.py:154} INFO - [2023-11-16T06:48:23.354+0000] {dagbag.py:536} INFO - Filling up the DagBag from /home/airflow/.local/lib/python3.8/site-packages/airflow/example_dags/example_branch_operator.py
[2023-11-16T06:48:23.361+0000] {processor.py:839} INFO - DAG(s) dict_keys(['example_branch_operator']) retrieved from /home/airflow/.local/lib/python3.8/site-packages/airflow/example_dags/example_branch_operator.py
[2023-11-16T06:48:23.378+0000] {logging_mixin.py:154} INFO - [2023-11-16T06:48:23.378+0000] {dag.py:2941} INFO - Sync 1 DAGs
[2023-11-16T06:48:23.395+0000] {logging_mixin.py:154} INFO - [2023-11-16T06:48:23.395+0000] {dag.py:3722} INFO - Setting next_dagrun for example_branch_operator to 2023-11-15T00:00:00+00:00, run_after=2023-11-16T00:00:00+00:00
[2023-11-16T06:48:23.407+0000] {processor.py:179} INFO - Processing /home/airflow/.local/lib/python3.8/site-packages/airflow/example_dags/example_branch_operator.py took 0.058 seconds
[2023-11-16T06:48:53.766+0000] {processor.py:157} INFO - Started process (PID=721) to work on /home/airflow/.local/lib/python3.8/site-packages/airflow/example_dags/example_branch_operator.py
[2023-11-16T06:48:53.767+0000] {processor.py:829} INFO - Processing file /home/airflow/.local/lib/python3.8/site-packages/airflow/example_dags/example_branch_operator.py for tasks to queue
[2023-11-16T06:48:53.769+0000] {logging_mixin.py:154} INFO - [2023-11-16T06:48:53.769+0000] {dagbag.py:536} INFO - Filling up the DagBag from /home/airflow/.local/lib/python3.8/site-packages/airflow/example_dags/example_branch_operator.py
[2023-11-16T06:48:53.774+0000] {processor.py:839} INFO - DAG(s) dict_keys(['example_branch_operator']) retrieved from /home/airflow/.local/lib/python3.8/site-packages/airflow/example_dags/example_branch_operator.py
[2023-11-16T06:48:53.788+0000] {logging_mixin.py:154} INFO - [2023-11-16T06:48:53.788+0000] {dag.py:2941} INFO - Sync 1 DAGs
[2023-11-16T06:48:53.802+0000] {logging_mixin.py:154} INFO - [2023-11-16T06:48:53.801+0000] {dag.py:3722} INFO - Setting next_dagrun for example_branch_operator to 2023-11-15T00:00:00+00:00, run_after=2023-11-16T00:00:00+00:00
[2023-11-16T06:48:53.812+0000] {processor.py:179} INFO - Processing /home/airflow/.local/lib/python3.8/site-packages/airflow/example_dags/example_branch_operator.py took 0.048 seconds
[2023-11-16T06:49:24.001+0000] {processor.py:157} INFO - Started process (PID=775) to work on /home/airflow/.local/lib/python3.8/site-packages/airflow/example_dags/example_branch_operator.py
[2023-11-16T06:49:24.002+0000] {processor.py:829} INFO - Processing file /home/airflow/.local/lib/python3.8/site-packages/airflow/example_dags/example_branch_operator.py for tasks to queue
[2023-11-16T06:49:24.003+0000] {logging_mixin.py:154} INFO - [2023-11-16T06:49:24.003+0000] {dagbag.py:536} INFO - Filling up the DagBag from /home/airflow/.local/lib/python3.8/site-packages/airflow/example_dags/example_branch_operator.py
[2023-11-16T06:49:24.008+0000] {processor.py:839} INFO - DAG(s) dict_keys(['example_branch_operator']) retrieved from /home/airflow/.local/lib/python3.8/site-packages/airflow/example_dags/example_branch_operator.py
[2023-11-16T06:49:24.019+0000] {logging_mixin.py:154} INFO - [2023-11-16T06:49:24.019+0000] {dag.py:2941} INFO - Sync 1 DAGs
[2023-11-16T06:49:24.030+0000] {logging_mixin.py:154} INFO - [2023-11-16T06:49:24.030+0000] {dag.py:3722} INFO - Setting next_dagrun for example_branch_operator to 2023-11-15T00:00:00+00:00, run_after=2023-11-16T00:00:00+00:00
[2023-11-16T06:49:24.037+0000] {processor.py:179} INFO - Processing /home/airflow/.local/lib/python3.8/site-packages/airflow/example_dags/example_branch_operator.py took 0.038 seconds
[2023-11-16T06:49:54.113+0000] {processor.py:157} INFO - Started process (PID=829) to work on /home/airflow/.local/lib/python3.8/site-packages/airflow/example_dags/example_branch_operator.py
[2023-11-16T06:49:54.114+0000] {processor.py:829} INFO - Processing file /home/airflow/.local/lib/python3.8/site-packages/airflow/example_dags/example_branch_operator.py for tasks to queue
[2023-11-16T06:49:54.116+0000] {logging_mixin.py:154} INFO - [2023-11-16T06:49:54.116+0000] {dagbag.py:536} INFO - Filling up the DagBag from /home/airflow/.local/lib/python3.8/site-packages/airflow/example_dags/example_branch_operator.py
[2023-11-16T06:49:54.122+0000] {processor.py:839} INFO - DAG(s) dict_keys(['example_branch_operator']) retrieved from /home/airflow/.local/lib/python3.8/site-packages/airflow/example_dags/example_branch_operator.py
[2023-11-16T06:49:54.135+0000] {logging_mixin.py:154} INFO - [2023-11-16T06:49:54.134+0000] {dag.py:2941} INFO - Sync 1 DAGs
[2023-11-16T06:49:54.146+0000] {logging_mixin.py:154} INFO - [2023-11-16T06:49:54.146+0000] {dag.py:3722} INFO - Setting next_dagrun for example_branch_operator to 2023-11-15T00:00:00+00:00, run_after=2023-11-16T00:00:00+00:00
[2023-11-16T06:49:54.155+0000] {processor.py:179} INFO - Processing /home/airflow/.local/lib/python3.8/site-packages/airflow/example_dags/example_branch_operator.py took 0.043 seconds
[2023-11-16T06:50:25.176+0000] {processor.py:157} INFO - Started process (PID=883) to work on /home/airflow/.local/lib/python3.8/site-packages/airflow/example_dags/example_branch_operator.py
[2023-11-16T06:50:25.177+0000] {processor.py:829} INFO - Processing file /home/airflow/.local/lib/python3.8/site-packages/airflow/example_dags/example_branch_operator.py for tasks to queue
[2023-11-16T06:50:25.179+0000] {logging_mixin.py:154} INFO - [2023-11-16T06:50:25.178+0000] {dagbag.py:536} INFO - Filling up the DagBag from /home/airflow/.local/lib/python3.8/site-packages/airflow/example_dags/example_branch_operator.py
[2023-11-16T06:50:25.185+0000] {processor.py:839} INFO - DAG(s) dict_keys(['example_branch_operator']) retrieved from /home/airflow/.local/lib/python3.8/site-packages/airflow/example_dags/example_branch_operator.py
[2023-11-16T06:50:25.198+0000] {logging_mixin.py:154} INFO - [2023-11-16T06:50:25.198+0000] {dag.py:2941} INFO - Sync 1 DAGs
[2023-11-16T06:50:25.211+0000] {logging_mixin.py:154} INFO - [2023-11-16T06:50:25.211+0000] {dag.py:3722} INFO - Setting next_dagrun for example_branch_operator to 2023-11-15T00:00:00+00:00, run_after=2023-11-16T00:00:00+00:00
[2023-11-16T06:50:25.220+0000] {processor.py:179} INFO - Processing /home/airflow/.local/lib/python3.8/site-packages/airflow/example_dags/example_branch_operator.py took 0.046 seconds
[2023-11-16T06:50:55.620+0000] {processor.py:157} INFO - Started process (PID=937) to work on /home/airflow/.local/lib/python3.8/site-packages/airflow/example_dags/example_branch_operator.py
[2023-11-16T06:50:55.620+0000] {processor.py:829} INFO - Processing file /home/airflow/.local/lib/python3.8/site-packages/airflow/example_dags/example_branch_operator.py for tasks to queue
[2023-11-16T06:50:55.622+0000] {logging_mixin.py:154} INFO - [2023-11-16T06:50:55.621+0000] {dagbag.py:536} INFO - Filling up the DagBag from /home/airflow/.local/lib/python3.8/site-packages/airflow/example_dags/example_branch_operator.py
[2023-11-16T06:50:55.627+0000] {processor.py:839} INFO - DAG(s) dict_keys(['example_branch_operator']) retrieved from /home/airflow/.local/lib/python3.8/site-packages/airflow/example_dags/example_branch_operator.py
[2023-11-16T06:50:55.640+0000] {logging_mixin.py:154} INFO - [2023-11-16T06:50:55.640+0000] {dag.py:2941} INFO - Sync 1 DAGs
[2023-11-16T06:50:55.652+0000] {logging_mixin.py:154} INFO - [2023-11-16T06:50:55.651+0000] {dag.py:3722} INFO - Setting next_dagrun for example_branch_operator to 2023-11-15T00:00:00+00:00, run_after=2023-11-16T00:00:00+00:00
[2023-11-16T06:50:55.660+0000] {processor.py:179} INFO - Processing /home/airflow/.local/lib/python3.8/site-packages/airflow/example_dags/example_branch_operator.py took 0.042 seconds
[2023-11-16T06:51:26.703+0000] {processor.py:157} INFO - Started process (PID=991) to work on /home/airflow/.local/lib/python3.8/site-packages/airflow/example_dags/example_branch_operator.py
[2023-11-16T06:51:26.704+0000] {processor.py:829} INFO - Processing file /home/airflow/.local/lib/python3.8/site-packages/airflow/example_dags/example_branch_operator.py for tasks to queue
[2023-11-16T06:51:26.705+0000] {logging_mixin.py:154} INFO - [2023-11-16T06:51:26.705+0000] {dagbag.py:536} INFO - Filling up the DagBag from /home/airflow/.local/lib/python3.8/site-packages/airflow/example_dags/example_branch_operator.py
[2023-11-16T06:51:26.711+0000] {processor.py:839} INFO - DAG(s) dict_keys(['example_branch_operator']) retrieved from /home/airflow/.local/lib/python3.8/site-packages/airflow/example_dags/example_branch_operator.py
[2023-11-16T06:51:26.723+0000] {logging_mixin.py:154} INFO - [2023-11-16T06:51:26.723+0000] {dag.py:2941} INFO - Sync 1 DAGs
[2023-11-16T06:51:26.735+0000] {logging_mixin.py:154} INFO - [2023-11-16T06:51:26.735+0000] {dag.py:3722} INFO - Setting next_dagrun for example_branch_operator to 2023-11-15T00:00:00+00:00, run_after=2023-11-16T00:00:00+00:00
[2023-11-16T06:51:26.743+0000] {processor.py:179} INFO - Processing /home/airflow/.local/lib/python3.8/site-packages/airflow/example_dags/example_branch_operator.py took 0.042 seconds
[2023-11-16T06:51:57.699+0000] {processor.py:157} INFO - Started process (PID=1045) to work on /home/airflow/.local/lib/python3.8/site-packages/airflow/example_dags/example_branch_operator.py
[2023-11-16T06:51:57.700+0000] {processor.py:829} INFO - Processing file /home/airflow/.local/lib/python3.8/site-packages/airflow/example_dags/example_branch_operator.py for tasks to queue
[2023-11-16T06:51:57.702+0000] {logging_mixin.py:154} INFO - [2023-11-16T06:51:57.702+0000] {dagbag.py:536} INFO - Filling up the DagBag from /home/airflow/.local/lib/python3.8/site-packages/airflow/example_dags/example_branch_operator.py
[2023-11-16T06:51:57.707+0000] {processor.py:839} INFO - DAG(s) dict_keys(['example_branch_operator']) retrieved from /home/airflow/.local/lib/python3.8/site-packages/airflow/example_dags/example_branch_operator.py
[2023-11-16T06:51:57.721+0000] {logging_mixin.py:154} INFO - [2023-11-16T06:51:57.721+0000] {dag.py:2941} INFO - Sync 1 DAGs
[2023-11-16T06:51:57.733+0000] {logging_mixin.py:154} INFO - [2023-11-16T06:51:57.733+0000] {dag.py:3722} INFO - Setting next_dagrun for example_branch_operator to 2023-11-15T00:00:00+00:00, run_after=2023-11-16T00:00:00+00:00
[2023-11-16T06:51:57.742+0000] {processor.py:179} INFO - Processing /home/airflow/.local/lib/python3.8/site-packages/airflow/example_dags/example_branch_operator.py took 0.045 seconds
[2023-11-16T06:52:27.954+0000] {processor.py:157} INFO - Started process (PID=1099) to work on /home/airflow/.local/lib/python3.8/site-packages/airflow/example_dags/example_branch_operator.py
[2023-11-16T06:52:27.955+0000] {processor.py:829} INFO - Processing file /home/airflow/.local/lib/python3.8/site-packages/airflow/example_dags/example_branch_operator.py for tasks to queue
[2023-11-16T06:52:27.956+0000] {logging_mixin.py:154} INFO - [2023-11-16T06:52:27.956+0000] {dagbag.py:536} INFO - Filling up the DagBag from /home/airflow/.local/lib/python3.8/site-packages/airflow/example_dags/example_branch_operator.py
[2023-11-16T06:52:27.963+0000] {processor.py:839} INFO - DAG(s) dict_keys(['example_branch_operator']) retrieved from /home/airflow/.local/lib/python3.8/site-packages/airflow/example_dags/example_branch_operator.py
[2023-11-16T06:52:27.981+0000] {logging_mixin.py:154} INFO - [2023-11-16T06:52:27.981+0000] {dag.py:2941} INFO - Sync 1 DAGs
[2023-11-16T06:52:28.006+0000] {logging_mixin.py:154} INFO - [2023-11-16T06:52:28.005+0000] {dag.py:3722} INFO - Setting next_dagrun for example_branch_operator to 2023-11-15T00:00:00+00:00, run_after=2023-11-16T00:00:00+00:00
[2023-11-16T06:52:28.115+0000] {processor.py:179} INFO - Processing /home/airflow/.local/lib/python3.8/site-packages/airflow/example_dags/example_branch_operator.py took 0.164 seconds
[2023-11-16T06:52:58.223+0000] {processor.py:157} INFO - Started process (PID=1154) to work on /home/airflow/.local/lib/python3.8/site-packages/airflow/example_dags/example_branch_operator.py
[2023-11-16T06:52:58.224+0000] {processor.py:829} INFO - Processing file /home/airflow/.local/lib/python3.8/site-packages/airflow/example_dags/example_branch_operator.py for tasks to queue
[2023-11-16T06:52:58.225+0000] {logging_mixin.py:154} INFO - [2023-11-16T06:52:58.225+0000] {dagbag.py:536} INFO - Filling up the DagBag from /home/airflow/.local/lib/python3.8/site-packages/airflow/example_dags/example_branch_operator.py
[2023-11-16T06:52:58.230+0000] {processor.py:839} INFO - DAG(s) dict_keys(['example_branch_operator']) retrieved from /home/airflow/.local/lib/python3.8/site-packages/airflow/example_dags/example_branch_operator.py
[2023-11-16T06:52:58.242+0000] {logging_mixin.py:154} INFO - [2023-11-16T06:52:58.242+0000] {dag.py:2941} INFO - Sync 1 DAGs
[2023-11-16T06:52:58.254+0000] {logging_mixin.py:154} INFO - [2023-11-16T06:52:58.254+0000] {dag.py:3722} INFO - Setting next_dagrun for example_branch_operator to 2023-11-15T00:00:00+00:00, run_after=2023-11-16T00:00:00+00:00
[2023-11-16T06:52:58.264+0000] {processor.py:179} INFO - Processing /home/airflow/.local/lib/python3.8/site-packages/airflow/example_dags/example_branch_operator.py took 0.043 seconds
[2023-11-16T06:53:29.024+0000] {processor.py:157} INFO - Started process (PID=1207) to work on /home/airflow/.local/lib/python3.8/site-packages/airflow/example_dags/example_branch_operator.py
[2023-11-16T06:53:29.025+0000] {processor.py:829} INFO - Processing file /home/airflow/.local/lib/python3.8/site-packages/airflow/example_dags/example_branch_operator.py for tasks to queue
[2023-11-16T06:53:29.026+0000] {logging_mixin.py:154} INFO - [2023-11-16T06:53:29.026+0000] {dagbag.py:536} INFO - Filling up the DagBag from /home/airflow/.local/lib/python3.8/site-packages/airflow/example_dags/example_branch_operator.py
[2023-11-16T06:53:29.031+0000] {processor.py:839} INFO - DAG(s) dict_keys(['example_branch_operator']) retrieved from /home/airflow/.local/lib/python3.8/site-packages/airflow/example_dags/example_branch_operator.py
[2023-11-16T06:53:29.044+0000] {logging_mixin.py:154} INFO - [2023-11-16T06:53:29.044+0000] {dag.py:2941} INFO - Sync 1 DAGs
[2023-11-16T06:53:29.060+0000] {logging_mixin.py:154} INFO - [2023-11-16T06:53:29.059+0000] {dag.py:3722} INFO - Setting next_dagrun for example_branch_operator to 2023-11-15T00:00:00+00:00, run_after=2023-11-16T00:00:00+00:00
[2023-11-16T06:53:29.068+0000] {processor.py:179} INFO - Processing /home/airflow/.local/lib/python3.8/site-packages/airflow/example_dags/example_branch_operator.py took 0.046 seconds
[2023-11-16T06:54:01.186+0000] {processor.py:157} INFO - Started process (PID=1261) to work on /home/airflow/.local/lib/python3.8/site-packages/airflow/example_dags/example_branch_operator.py
[2023-11-16T06:54:01.187+0000] {processor.py:829} INFO - Processing file /home/airflow/.local/lib/python3.8/site-packages/airflow/example_dags/example_branch_operator.py for tasks to queue
[2023-11-16T06:54:01.188+0000] {logging_mixin.py:154} INFO - [2023-11-16T06:54:01.188+0000] {dagbag.py:536} INFO - Filling up the DagBag from /home/airflow/.local/lib/python3.8/site-packages/airflow/example_dags/example_branch_operator.py
[2023-11-16T06:54:01.193+0000] {processor.py:839} INFO - DAG(s) dict_keys(['example_branch_operator']) retrieved from /home/airflow/.local/lib/python3.8/site-packages/airflow/example_dags/example_branch_operator.py
[2023-11-16T06:54:01.204+0000] {logging_mixin.py:154} INFO - [2023-11-16T06:54:01.204+0000] {dag.py:2941} INFO - Sync 1 DAGs
[2023-11-16T06:54:01.214+0000] {logging_mixin.py:154} INFO - [2023-11-16T06:54:01.214+0000] {dag.py:3722} INFO - Setting next_dagrun for example_branch_operator to 2023-11-15T00:00:00+00:00, run_after=2023-11-16T00:00:00+00:00
[2023-11-16T06:54:01.222+0000] {processor.py:179} INFO - Processing /home/airflow/.local/lib/python3.8/site-packages/airflow/example_dags/example_branch_operator.py took 0.038 seconds
[2023-11-16T06:54:32.555+0000] {processor.py:157} INFO - Started process (PID=1315) to work on /home/airflow/.local/lib/python3.8/site-packages/airflow/example_dags/example_branch_operator.py
[2023-11-16T06:54:32.557+0000] {processor.py:829} INFO - Processing file /home/airflow/.local/lib/python3.8/site-packages/airflow/example_dags/example_branch_operator.py for tasks to queue
[2023-11-16T06:54:32.560+0000] {logging_mixin.py:154} INFO - [2023-11-16T06:54:32.560+0000] {dagbag.py:536} INFO - Filling up the DagBag from /home/airflow/.local/lib/python3.8/site-packages/airflow/example_dags/example_branch_operator.py
[2023-11-16T06:54:32.569+0000] {processor.py:839} INFO - DAG(s) dict_keys(['example_branch_operator']) retrieved from /home/airflow/.local/lib/python3.8/site-packages/airflow/example_dags/example_branch_operator.py
[2023-11-16T06:54:32.592+0000] {logging_mixin.py:154} INFO - [2023-11-16T06:54:32.592+0000] {dag.py:2941} INFO - Sync 1 DAGs
[2023-11-16T06:54:32.765+0000] {logging_mixin.py:154} INFO - [2023-11-16T06:54:32.765+0000] {dag.py:3722} INFO - Setting next_dagrun for example_branch_operator to 2023-11-15T00:00:00+00:00, run_after=2023-11-16T00:00:00+00:00
[2023-11-16T06:54:32.775+0000] {processor.py:179} INFO - Processing /home/airflow/.local/lib/python3.8/site-packages/airflow/example_dags/example_branch_operator.py took 0.228 seconds
[2023-11-16T06:55:03.407+0000] {processor.py:157} INFO - Started process (PID=1369) to work on /home/airflow/.local/lib/python3.8/site-packages/airflow/example_dags/example_branch_operator.py
[2023-11-16T06:55:03.408+0000] {processor.py:829} INFO - Processing file /home/airflow/.local/lib/python3.8/site-packages/airflow/example_dags/example_branch_operator.py for tasks to queue
[2023-11-16T06:55:03.409+0000] {logging_mixin.py:154} INFO - [2023-11-16T06:55:03.409+0000] {dagbag.py:536} INFO - Filling up the DagBag from /home/airflow/.local/lib/python3.8/site-packages/airflow/example_dags/example_branch_operator.py
[2023-11-16T06:55:03.415+0000] {processor.py:839} INFO - DAG(s) dict_keys(['example_branch_operator']) retrieved from /home/airflow/.local/lib/python3.8/site-packages/airflow/example_dags/example_branch_operator.py
[2023-11-16T06:55:03.428+0000] {logging_mixin.py:154} INFO - [2023-11-16T06:55:03.428+0000] {dag.py:2941} INFO - Sync 1 DAGs
[2023-11-16T06:55:03.541+0000] {logging_mixin.py:154} INFO - [2023-11-16T06:55:03.541+0000] {dag.py:3722} INFO - Setting next_dagrun for example_branch_operator to 2023-11-15T00:00:00+00:00, run_after=2023-11-16T00:00:00+00:00
[2023-11-16T06:55:03.550+0000] {processor.py:179} INFO - Processing /home/airflow/.local/lib/python3.8/site-packages/airflow/example_dags/example_branch_operator.py took 0.146 seconds
[2023-11-16T06:55:33.797+0000] {processor.py:157} INFO - Started process (PID=1423) to work on /home/airflow/.local/lib/python3.8/site-packages/airflow/example_dags/example_branch_operator.py
[2023-11-16T06:55:33.798+0000] {processor.py:829} INFO - Processing file /home/airflow/.local/lib/python3.8/site-packages/airflow/example_dags/example_branch_operator.py for tasks to queue
[2023-11-16T06:55:33.800+0000] {logging_mixin.py:154} INFO - [2023-11-16T06:55:33.800+0000] {dagbag.py:536} INFO - Filling up the DagBag from /home/airflow/.local/lib/python3.8/site-packages/airflow/example_dags/example_branch_operator.py
[2023-11-16T06:55:33.806+0000] {processor.py:839} INFO - DAG(s) dict_keys(['example_branch_operator']) retrieved from /home/airflow/.local/lib/python3.8/site-packages/airflow/example_dags/example_branch_operator.py
[2023-11-16T06:55:33.819+0000] {logging_mixin.py:154} INFO - [2023-11-16T06:55:33.819+0000] {dag.py:2941} INFO - Sync 1 DAGs
[2023-11-16T06:55:33.831+0000] {logging_mixin.py:154} INFO - [2023-11-16T06:55:33.831+0000] {dag.py:3722} INFO - Setting next_dagrun for example_branch_operator to 2023-11-15T00:00:00+00:00, run_after=2023-11-16T00:00:00+00:00
[2023-11-16T06:55:33.840+0000] {processor.py:179} INFO - Processing /home/airflow/.local/lib/python3.8/site-packages/airflow/example_dags/example_branch_operator.py took 0.046 seconds
[2023-11-16T06:56:03.924+0000] {processor.py:157} INFO - Started process (PID=1477) to work on /home/airflow/.local/lib/python3.8/site-packages/airflow/example_dags/example_branch_operator.py
[2023-11-16T06:56:03.925+0000] {processor.py:829} INFO - Processing file /home/airflow/.local/lib/python3.8/site-packages/airflow/example_dags/example_branch_operator.py for tasks to queue
[2023-11-16T06:56:03.927+0000] {logging_mixin.py:154} INFO - [2023-11-16T06:56:03.927+0000] {dagbag.py:536} INFO - Filling up the DagBag from /home/airflow/.local/lib/python3.8/site-packages/airflow/example_dags/example_branch_operator.py
[2023-11-16T06:56:03.933+0000] {processor.py:839} INFO - DAG(s) dict_keys(['example_branch_operator']) retrieved from /home/airflow/.local/lib/python3.8/site-packages/airflow/example_dags/example_branch_operator.py
[2023-11-16T06:56:03.946+0000] {logging_mixin.py:154} INFO - [2023-11-16T06:56:03.946+0000] {dag.py:2941} INFO - Sync 1 DAGs
[2023-11-16T06:56:03.963+0000] {logging_mixin.py:154} INFO - [2023-11-16T06:56:03.963+0000] {dag.py:3722} INFO - Setting next_dagrun for example_branch_operator to 2023-11-15T00:00:00+00:00, run_after=2023-11-16T00:00:00+00:00
[2023-11-16T06:56:03.971+0000] {processor.py:179} INFO - Processing /home/airflow/.local/lib/python3.8/site-packages/airflow/example_dags/example_branch_operator.py took 0.049 seconds
[2023-11-16T06:56:35.008+0000] {processor.py:157} INFO - Started process (PID=1531) to work on /home/airflow/.local/lib/python3.8/site-packages/airflow/example_dags/example_branch_operator.py
[2023-11-16T06:56:35.009+0000] {processor.py:829} INFO - Processing file /home/airflow/.local/lib/python3.8/site-packages/airflow/example_dags/example_branch_operator.py for tasks to queue
[2023-11-16T06:56:35.011+0000] {logging_mixin.py:154} INFO - [2023-11-16T06:56:35.011+0000] {dagbag.py:536} INFO - Filling up the DagBag from /home/airflow/.local/lib/python3.8/site-packages/airflow/example_dags/example_branch_operator.py
[2023-11-16T06:56:35.018+0000] {processor.py:839} INFO - DAG(s) dict_keys(['example_branch_operator']) retrieved from /home/airflow/.local/lib/python3.8/site-packages/airflow/example_dags/example_branch_operator.py
[2023-11-16T06:56:35.031+0000] {logging_mixin.py:154} INFO - [2023-11-16T06:56:35.030+0000] {dag.py:2941} INFO - Sync 1 DAGs
[2023-11-16T06:56:35.043+0000] {logging_mixin.py:154} INFO - [2023-11-16T06:56:35.043+0000] {dag.py:3722} INFO - Setting next_dagrun for example_branch_operator to 2023-11-15T00:00:00+00:00, run_after=2023-11-16T00:00:00+00:00
[2023-11-16T06:56:35.052+0000] {processor.py:179} INFO - Processing /home/airflow/.local/lib/python3.8/site-packages/airflow/example_dags/example_branch_operator.py took 0.046 seconds
[2023-11-16T06:57:05.942+0000] {processor.py:157} INFO - Started process (PID=1585) to work on /home/airflow/.local/lib/python3.8/site-packages/airflow/example_dags/example_branch_operator.py
[2023-11-16T06:57:05.943+0000] {processor.py:829} INFO - Processing file /home/airflow/.local/lib/python3.8/site-packages/airflow/example_dags/example_branch_operator.py for tasks to queue
[2023-11-16T06:57:05.944+0000] {logging_mixin.py:154} INFO - [2023-11-16T06:57:05.944+0000] {dagbag.py:536} INFO - Filling up the DagBag from /home/airflow/.local/lib/python3.8/site-packages/airflow/example_dags/example_branch_operator.py
[2023-11-16T06:57:05.951+0000] {processor.py:839} INFO - DAG(s) dict_keys(['example_branch_operator']) retrieved from /home/airflow/.local/lib/python3.8/site-packages/airflow/example_dags/example_branch_operator.py
[2023-11-16T06:57:05.963+0000] {logging_mixin.py:154} INFO - [2023-11-16T06:57:05.963+0000] {dag.py:2941} INFO - Sync 1 DAGs
[2023-11-16T06:57:05.977+0000] {logging_mixin.py:154} INFO - [2023-11-16T06:57:05.977+0000] {dag.py:3722} INFO - Setting next_dagrun for example_branch_operator to 2023-11-15T00:00:00+00:00, run_after=2023-11-16T00:00:00+00:00
[2023-11-16T06:57:05.986+0000] {processor.py:179} INFO - Processing /home/airflow/.local/lib/python3.8/site-packages/airflow/example_dags/example_branch_operator.py took 0.046 seconds
[2023-11-16T06:57:36.853+0000] {processor.py:157} INFO - Started process (PID=1639) to work on /home/airflow/.local/lib/python3.8/site-packages/airflow/example_dags/example_branch_operator.py
[2023-11-16T06:57:36.854+0000] {processor.py:829} INFO - Processing file /home/airflow/.local/lib/python3.8/site-packages/airflow/example_dags/example_branch_operator.py for tasks to queue
[2023-11-16T06:57:36.856+0000] {logging_mixin.py:154} INFO - [2023-11-16T06:57:36.855+0000] {dagbag.py:536} INFO - Filling up the DagBag from /home/airflow/.local/lib/python3.8/site-packages/airflow/example_dags/example_branch_operator.py
[2023-11-16T06:57:36.862+0000] {processor.py:839} INFO - DAG(s) dict_keys(['example_branch_operator']) retrieved from /home/airflow/.local/lib/python3.8/site-packages/airflow/example_dags/example_branch_operator.py
[2023-11-16T06:57:36.875+0000] {logging_mixin.py:154} INFO - [2023-11-16T06:57:36.875+0000] {dag.py:2941} INFO - Sync 1 DAGs
[2023-11-16T06:57:36.887+0000] {logging_mixin.py:154} INFO - [2023-11-16T06:57:36.887+0000] {dag.py:3722} INFO - Setting next_dagrun for example_branch_operator to 2023-11-15T00:00:00+00:00, run_after=2023-11-16T00:00:00+00:00
[2023-11-16T06:57:36.895+0000] {processor.py:179} INFO - Processing /home/airflow/.local/lib/python3.8/site-packages/airflow/example_dags/example_branch_operator.py took 0.044 seconds
[2023-11-16T06:58:07.904+0000] {processor.py:157} INFO - Started process (PID=1693) to work on /home/airflow/.local/lib/python3.8/site-packages/airflow/example_dags/example_branch_operator.py
[2023-11-16T06:58:07.905+0000] {processor.py:829} INFO - Processing file /home/airflow/.local/lib/python3.8/site-packages/airflow/example_dags/example_branch_operator.py for tasks to queue
[2023-11-16T06:58:07.906+0000] {logging_mixin.py:154} INFO - [2023-11-16T06:58:07.906+0000] {dagbag.py:536} INFO - Filling up the DagBag from /home/airflow/.local/lib/python3.8/site-packages/airflow/example_dags/example_branch_operator.py
[2023-11-16T06:58:07.912+0000] {processor.py:839} INFO - DAG(s) dict_keys(['example_branch_operator']) retrieved from /home/airflow/.local/lib/python3.8/site-packages/airflow/example_dags/example_branch_operator.py
[2023-11-16T06:58:07.925+0000] {logging_mixin.py:154} INFO - [2023-11-16T06:58:07.924+0000] {dag.py:2941} INFO - Sync 1 DAGs
[2023-11-16T06:58:07.937+0000] {logging_mixin.py:154} INFO - [2023-11-16T06:58:07.936+0000] {dag.py:3722} INFO - Setting next_dagrun for example_branch_operator to 2023-11-15T00:00:00+00:00, run_after=2023-11-16T00:00:00+00:00
[2023-11-16T06:58:07.947+0000] {processor.py:179} INFO - Processing /home/airflow/.local/lib/python3.8/site-packages/airflow/example_dags/example_branch_operator.py took 0.045 seconds
[2023-11-16T06:58:38.898+0000] {processor.py:157} INFO - Started process (PID=1747) to work on /home/airflow/.local/lib/python3.8/site-packages/airflow/example_dags/example_branch_operator.py
[2023-11-16T06:58:38.899+0000] {processor.py:829} INFO - Processing file /home/airflow/.local/lib/python3.8/site-packages/airflow/example_dags/example_branch_operator.py for tasks to queue
[2023-11-16T06:58:38.901+0000] {logging_mixin.py:154} INFO - [2023-11-16T06:58:38.900+0000] {dagbag.py:536} INFO - Filling up the DagBag from /home/airflow/.local/lib/python3.8/site-packages/airflow/example_dags/example_branch_operator.py
[2023-11-16T06:58:38.907+0000] {processor.py:839} INFO - DAG(s) dict_keys(['example_branch_operator']) retrieved from /home/airflow/.local/lib/python3.8/site-packages/airflow/example_dags/example_branch_operator.py
[2023-11-16T06:58:38.920+0000] {logging_mixin.py:154} INFO - [2023-11-16T06:58:38.920+0000] {dag.py:2941} INFO - Sync 1 DAGs
[2023-11-16T06:58:38.932+0000] {logging_mixin.py:154} INFO - [2023-11-16T06:58:38.932+0000] {dag.py:3722} INFO - Setting next_dagrun for example_branch_operator to 2023-11-15T00:00:00+00:00, run_after=2023-11-16T00:00:00+00:00
[2023-11-16T06:58:38.940+0000] {processor.py:179} INFO - Processing /home/airflow/.local/lib/python3.8/site-packages/airflow/example_dags/example_branch_operator.py took 0.044 seconds
[2023-11-16T06:59:09.002+0000] {processor.py:157} INFO - Started process (PID=1801) to work on /home/airflow/.local/lib/python3.8/site-packages/airflow/example_dags/example_branch_operator.py
[2023-11-16T06:59:09.003+0000] {processor.py:829} INFO - Processing file /home/airflow/.local/lib/python3.8/site-packages/airflow/example_dags/example_branch_operator.py for tasks to queue
[2023-11-16T06:59:09.004+0000] {logging_mixin.py:154} INFO - [2023-11-16T06:59:09.004+0000] {dagbag.py:536} INFO - Filling up the DagBag from /home/airflow/.local/lib/python3.8/site-packages/airflow/example_dags/example_branch_operator.py
[2023-11-16T06:59:09.010+0000] {processor.py:839} INFO - DAG(s) dict_keys(['example_branch_operator']) retrieved from /home/airflow/.local/lib/python3.8/site-packages/airflow/example_dags/example_branch_operator.py
[2023-11-16T06:59:09.022+0000] {logging_mixin.py:154} INFO - [2023-11-16T06:59:09.022+0000] {dag.py:2941} INFO - Sync 1 DAGs
[2023-11-16T06:59:09.033+0000] {logging_mixin.py:154} INFO - [2023-11-16T06:59:09.033+0000] {dag.py:3722} INFO - Setting next_dagrun for example_branch_operator to 2023-11-15T00:00:00+00:00, run_after=2023-11-16T00:00:00+00:00
[2023-11-16T06:59:09.043+0000] {processor.py:179} INFO - Processing /home/airflow/.local/lib/python3.8/site-packages/airflow/example_dags/example_branch_operator.py took 0.043 seconds
[2023-11-16T06:59:40.035+0000] {processor.py:157} INFO - Started process (PID=1854) to work on /home/airflow/.local/lib/python3.8/site-packages/airflow/example_dags/example_branch_operator.py
[2023-11-16T06:59:40.036+0000] {processor.py:829} INFO - Processing file /home/airflow/.local/lib/python3.8/site-packages/airflow/example_dags/example_branch_operator.py for tasks to queue
[2023-11-16T06:59:40.038+0000] {logging_mixin.py:154} INFO - [2023-11-16T06:59:40.038+0000] {dagbag.py:536} INFO - Filling up the DagBag from /home/airflow/.local/lib/python3.8/site-packages/airflow/example_dags/example_branch_operator.py
[2023-11-16T06:59:40.044+0000] {processor.py:839} INFO - DAG(s) dict_keys(['example_branch_operator']) retrieved from /home/airflow/.local/lib/python3.8/site-packages/airflow/example_dags/example_branch_operator.py
[2023-11-16T06:59:40.057+0000] {logging_mixin.py:154} INFO - [2023-11-16T06:59:40.057+0000] {dag.py:2941} INFO - Sync 1 DAGs
[2023-11-16T06:59:40.069+0000] {logging_mixin.py:154} INFO - [2023-11-16T06:59:40.069+0000] {dag.py:3722} INFO - Setting next_dagrun for example_branch_operator to 2023-11-15T00:00:00+00:00, run_after=2023-11-16T00:00:00+00:00
[2023-11-16T06:59:40.078+0000] {processor.py:179} INFO - Processing /home/airflow/.local/lib/python3.8/site-packages/airflow/example_dags/example_branch_operator.py took 0.045 seconds
[2023-11-16T07:00:10.192+0000] {processor.py:157} INFO - Started process (PID=1908) to work on /home/airflow/.local/lib/python3.8/site-packages/airflow/example_dags/example_branch_operator.py
[2023-11-16T07:00:10.193+0000] {processor.py:829} INFO - Processing file /home/airflow/.local/lib/python3.8/site-packages/airflow/example_dags/example_branch_operator.py for tasks to queue
[2023-11-16T07:00:10.194+0000] {logging_mixin.py:154} INFO - [2023-11-16T07:00:10.194+0000] {dagbag.py:536} INFO - Filling up the DagBag from /home/airflow/.local/lib/python3.8/site-packages/airflow/example_dags/example_branch_operator.py
[2023-11-16T07:00:10.200+0000] {processor.py:839} INFO - DAG(s) dict_keys(['example_branch_operator']) retrieved from /home/airflow/.local/lib/python3.8/site-packages/airflow/example_dags/example_branch_operator.py
[2023-11-16T07:00:10.213+0000] {logging_mixin.py:154} INFO - [2023-11-16T07:00:10.213+0000] {dag.py:2941} INFO - Sync 1 DAGs
[2023-11-16T07:00:10.225+0000] {logging_mixin.py:154} INFO - [2023-11-16T07:00:10.225+0000] {dag.py:3722} INFO - Setting next_dagrun for example_branch_operator to 2023-11-15T00:00:00+00:00, run_after=2023-11-16T00:00:00+00:00
[2023-11-16T07:00:10.237+0000] {processor.py:179} INFO - Processing /home/airflow/.local/lib/python3.8/site-packages/airflow/example_dags/example_branch_operator.py took 0.047 seconds
[2023-11-16T07:00:40.285+0000] {processor.py:157} INFO - Started process (PID=1962) to work on /home/airflow/.local/lib/python3.8/site-packages/airflow/example_dags/example_branch_operator.py
[2023-11-16T07:00:40.286+0000] {processor.py:829} INFO - Processing file /home/airflow/.local/lib/python3.8/site-packages/airflow/example_dags/example_branch_operator.py for tasks to queue
[2023-11-16T07:00:40.288+0000] {logging_mixin.py:154} INFO - [2023-11-16T07:00:40.288+0000] {dagbag.py:536} INFO - Filling up the DagBag from /home/airflow/.local/lib/python3.8/site-packages/airflow/example_dags/example_branch_operator.py
[2023-11-16T07:00:40.294+0000] {processor.py:839} INFO - DAG(s) dict_keys(['example_branch_operator']) retrieved from /home/airflow/.local/lib/python3.8/site-packages/airflow/example_dags/example_branch_operator.py
[2023-11-16T07:00:40.307+0000] {logging_mixin.py:154} INFO - [2023-11-16T07:00:40.307+0000] {dag.py:2941} INFO - Sync 1 DAGs
[2023-11-16T07:00:40.319+0000] {logging_mixin.py:154} INFO - [2023-11-16T07:00:40.319+0000] {dag.py:3722} INFO - Setting next_dagrun for example_branch_operator to 2023-11-15T00:00:00+00:00, run_after=2023-11-16T00:00:00+00:00
[2023-11-16T07:00:40.327+0000] {processor.py:179} INFO - Processing /home/airflow/.local/lib/python3.8/site-packages/airflow/example_dags/example_branch_operator.py took 0.044 seconds
[2023-11-16T07:01:11.337+0000] {processor.py:157} INFO - Started process (PID=2016) to work on /home/airflow/.local/lib/python3.8/site-packages/airflow/example_dags/example_branch_operator.py
[2023-11-16T07:01:11.338+0000] {processor.py:829} INFO - Processing file /home/airflow/.local/lib/python3.8/site-packages/airflow/example_dags/example_branch_operator.py for tasks to queue
[2023-11-16T07:01:11.340+0000] {logging_mixin.py:154} INFO - [2023-11-16T07:01:11.339+0000] {dagbag.py:536} INFO - Filling up the DagBag from /home/airflow/.local/lib/python3.8/site-packages/airflow/example_dags/example_branch_operator.py
[2023-11-16T07:01:11.346+0000] {processor.py:839} INFO - DAG(s) dict_keys(['example_branch_operator']) retrieved from /home/airflow/.local/lib/python3.8/site-packages/airflow/example_dags/example_branch_operator.py
[2023-11-16T07:01:11.359+0000] {logging_mixin.py:154} INFO - [2023-11-16T07:01:11.359+0000] {dag.py:2941} INFO - Sync 1 DAGs
[2023-11-16T07:01:11.372+0000] {logging_mixin.py:154} INFO - [2023-11-16T07:01:11.372+0000] {dag.py:3722} INFO - Setting next_dagrun for example_branch_operator to 2023-11-15T00:00:00+00:00, run_after=2023-11-16T00:00:00+00:00
[2023-11-16T07:01:11.380+0000] {processor.py:179} INFO - Processing /home/airflow/.local/lib/python3.8/site-packages/airflow/example_dags/example_branch_operator.py took 0.046 seconds
[2023-11-16T07:01:42.321+0000] {processor.py:157} INFO - Started process (PID=2070) to work on /home/airflow/.local/lib/python3.8/site-packages/airflow/example_dags/example_branch_operator.py
[2023-11-16T07:01:42.322+0000] {processor.py:829} INFO - Processing file /home/airflow/.local/lib/python3.8/site-packages/airflow/example_dags/example_branch_operator.py for tasks to queue
[2023-11-16T07:01:42.323+0000] {logging_mixin.py:154} INFO - [2023-11-16T07:01:42.323+0000] {dagbag.py:536} INFO - Filling up the DagBag from /home/airflow/.local/lib/python3.8/site-packages/airflow/example_dags/example_branch_operator.py
[2023-11-16T07:01:42.329+0000] {processor.py:839} INFO - DAG(s) dict_keys(['example_branch_operator']) retrieved from /home/airflow/.local/lib/python3.8/site-packages/airflow/example_dags/example_branch_operator.py
[2023-11-16T07:01:42.343+0000] {logging_mixin.py:154} INFO - [2023-11-16T07:01:42.342+0000] {dag.py:2941} INFO - Sync 1 DAGs
[2023-11-16T07:01:42.356+0000] {logging_mixin.py:154} INFO - [2023-11-16T07:01:42.356+0000] {dag.py:3722} INFO - Setting next_dagrun for example_branch_operator to 2023-11-15T00:00:00+00:00, run_after=2023-11-16T00:00:00+00:00
[2023-11-16T07:01:42.372+0000] {processor.py:179} INFO - Processing /home/airflow/.local/lib/python3.8/site-packages/airflow/example_dags/example_branch_operator.py took 0.053 seconds
[2023-11-16T07:02:13.451+0000] {processor.py:157} INFO - Started process (PID=2129) to work on /home/airflow/.local/lib/python3.8/site-packages/airflow/example_dags/example_branch_operator.py
[2023-11-16T07:02:13.452+0000] {processor.py:829} INFO - Processing file /home/airflow/.local/lib/python3.8/site-packages/airflow/example_dags/example_branch_operator.py for tasks to queue
[2023-11-16T07:02:13.454+0000] {logging_mixin.py:154} INFO - [2023-11-16T07:02:13.453+0000] {dagbag.py:536} INFO - Filling up the DagBag from /home/airflow/.local/lib/python3.8/site-packages/airflow/example_dags/example_branch_operator.py
[2023-11-16T07:02:13.459+0000] {processor.py:839} INFO - DAG(s) dict_keys(['example_branch_operator']) retrieved from /home/airflow/.local/lib/python3.8/site-packages/airflow/example_dags/example_branch_operator.py
[2023-11-16T07:02:13.473+0000] {logging_mixin.py:154} INFO - [2023-11-16T07:02:13.473+0000] {dag.py:2941} INFO - Sync 1 DAGs
[2023-11-16T07:02:13.486+0000] {logging_mixin.py:154} INFO - [2023-11-16T07:02:13.485+0000] {dag.py:3722} INFO - Setting next_dagrun for example_branch_operator to 2023-11-15T00:00:00+00:00, run_after=2023-11-16T00:00:00+00:00
[2023-11-16T07:02:13.495+0000] {processor.py:179} INFO - Processing /home/airflow/.local/lib/python3.8/site-packages/airflow/example_dags/example_branch_operator.py took 0.046 seconds
[2023-11-16T07:02:43.608+0000] {processor.py:157} INFO - Started process (PID=2183) to work on /home/airflow/.local/lib/python3.8/site-packages/airflow/example_dags/example_branch_operator.py
[2023-11-16T07:02:43.608+0000] {processor.py:829} INFO - Processing file /home/airflow/.local/lib/python3.8/site-packages/airflow/example_dags/example_branch_operator.py for tasks to queue
[2023-11-16T07:02:43.610+0000] {logging_mixin.py:154} INFO - [2023-11-16T07:02:43.610+0000] {dagbag.py:536} INFO - Filling up the DagBag from /home/airflow/.local/lib/python3.8/site-packages/airflow/example_dags/example_branch_operator.py
[2023-11-16T07:02:43.616+0000] {processor.py:839} INFO - DAG(s) dict_keys(['example_branch_operator']) retrieved from /home/airflow/.local/lib/python3.8/site-packages/airflow/example_dags/example_branch_operator.py
[2023-11-16T07:02:43.629+0000] {logging_mixin.py:154} INFO - [2023-11-16T07:02:43.629+0000] {dag.py:2941} INFO - Sync 1 DAGs
[2023-11-16T07:02:43.640+0000] {logging_mixin.py:154} INFO - [2023-11-16T07:02:43.640+0000] {dag.py:3722} INFO - Setting next_dagrun for example_branch_operator to 2023-11-15T00:00:00+00:00, run_after=2023-11-16T00:00:00+00:00
[2023-11-16T07:02:43.649+0000] {processor.py:179} INFO - Processing /home/airflow/.local/lib/python3.8/site-packages/airflow/example_dags/example_branch_operator.py took 0.043 seconds
[2023-11-16T07:03:13.790+0000] {processor.py:157} INFO - Started process (PID=2237) to work on /home/airflow/.local/lib/python3.8/site-packages/airflow/example_dags/example_branch_operator.py
[2023-11-16T07:03:13.791+0000] {processor.py:829} INFO - Processing file /home/airflow/.local/lib/python3.8/site-packages/airflow/example_dags/example_branch_operator.py for tasks to queue
[2023-11-16T07:03:13.792+0000] {logging_mixin.py:154} INFO - [2023-11-16T07:03:13.792+0000] {dagbag.py:536} INFO - Filling up the DagBag from /home/airflow/.local/lib/python3.8/site-packages/airflow/example_dags/example_branch_operator.py
[2023-11-16T07:03:13.798+0000] {processor.py:839} INFO - DAG(s) dict_keys(['example_branch_operator']) retrieved from /home/airflow/.local/lib/python3.8/site-packages/airflow/example_dags/example_branch_operator.py
[2023-11-16T07:03:13.811+0000] {logging_mixin.py:154} INFO - [2023-11-16T07:03:13.811+0000] {dag.py:2941} INFO - Sync 1 DAGs
[2023-11-16T07:03:13.823+0000] {logging_mixin.py:154} INFO - [2023-11-16T07:03:13.823+0000] {dag.py:3722} INFO - Setting next_dagrun for example_branch_operator to 2023-11-15T00:00:00+00:00, run_after=2023-11-16T00:00:00+00:00
[2023-11-16T07:03:13.832+0000] {processor.py:179} INFO - Processing /home/airflow/.local/lib/python3.8/site-packages/airflow/example_dags/example_branch_operator.py took 0.044 seconds
[2023-11-16T07:03:43.930+0000] {processor.py:157} INFO - Started process (PID=2291) to work on /home/airflow/.local/lib/python3.8/site-packages/airflow/example_dags/example_branch_operator.py
[2023-11-16T07:03:43.931+0000] {processor.py:829} INFO - Processing file /home/airflow/.local/lib/python3.8/site-packages/airflow/example_dags/example_branch_operator.py for tasks to queue
[2023-11-16T07:03:43.932+0000] {logging_mixin.py:154} INFO - [2023-11-16T07:03:43.932+0000] {dagbag.py:536} INFO - Filling up the DagBag from /home/airflow/.local/lib/python3.8/site-packages/airflow/example_dags/example_branch_operator.py
[2023-11-16T07:03:43.938+0000] {processor.py:839} INFO - DAG(s) dict_keys(['example_branch_operator']) retrieved from /home/airflow/.local/lib/python3.8/site-packages/airflow/example_dags/example_branch_operator.py
[2023-11-16T07:03:43.950+0000] {logging_mixin.py:154} INFO - [2023-11-16T07:03:43.950+0000] {dag.py:2941} INFO - Sync 1 DAGs
[2023-11-16T07:03:43.963+0000] {logging_mixin.py:154} INFO - [2023-11-16T07:03:43.963+0000] {dag.py:3722} INFO - Setting next_dagrun for example_branch_operator to 2023-11-15T00:00:00+00:00, run_after=2023-11-16T00:00:00+00:00
[2023-11-16T07:03:43.971+0000] {processor.py:179} INFO - Processing /home/airflow/.local/lib/python3.8/site-packages/airflow/example_dags/example_branch_operator.py took 0.044 seconds
[2023-11-16T07:04:14.119+0000] {processor.py:157} INFO - Started process (PID=2345) to work on /home/airflow/.local/lib/python3.8/site-packages/airflow/example_dags/example_branch_operator.py
[2023-11-16T07:04:14.120+0000] {processor.py:829} INFO - Processing file /home/airflow/.local/lib/python3.8/site-packages/airflow/example_dags/example_branch_operator.py for tasks to queue
[2023-11-16T07:04:14.122+0000] {logging_mixin.py:154} INFO - [2023-11-16T07:04:14.122+0000] {dagbag.py:536} INFO - Filling up the DagBag from /home/airflow/.local/lib/python3.8/site-packages/airflow/example_dags/example_branch_operator.py
[2023-11-16T07:04:14.128+0000] {processor.py:839} INFO - DAG(s) dict_keys(['example_branch_operator']) retrieved from /home/airflow/.local/lib/python3.8/site-packages/airflow/example_dags/example_branch_operator.py
[2023-11-16T07:04:14.141+0000] {logging_mixin.py:154} INFO - [2023-11-16T07:04:14.141+0000] {dag.py:2941} INFO - Sync 1 DAGs
[2023-11-16T07:04:14.154+0000] {logging_mixin.py:154} INFO - [2023-11-16T07:04:14.154+0000] {dag.py:3722} INFO - Setting next_dagrun for example_branch_operator to 2023-11-15T00:00:00+00:00, run_after=2023-11-16T00:00:00+00:00
[2023-11-16T07:04:14.164+0000] {processor.py:179} INFO - Processing /home/airflow/.local/lib/python3.8/site-packages/airflow/example_dags/example_branch_operator.py took 0.047 seconds
[2023-11-16T07:04:45.183+0000] {processor.py:157} INFO - Started process (PID=2399) to work on /home/airflow/.local/lib/python3.8/site-packages/airflow/example_dags/example_branch_operator.py
[2023-11-16T07:04:45.184+0000] {processor.py:829} INFO - Processing file /home/airflow/.local/lib/python3.8/site-packages/airflow/example_dags/example_branch_operator.py for tasks to queue
[2023-11-16T07:04:45.185+0000] {logging_mixin.py:154} INFO - [2023-11-16T07:04:45.185+0000] {dagbag.py:536} INFO - Filling up the DagBag from /home/airflow/.local/lib/python3.8/site-packages/airflow/example_dags/example_branch_operator.py
[2023-11-16T07:04:45.191+0000] {processor.py:839} INFO - DAG(s) dict_keys(['example_branch_operator']) retrieved from /home/airflow/.local/lib/python3.8/site-packages/airflow/example_dags/example_branch_operator.py
[2023-11-16T07:04:45.204+0000] {logging_mixin.py:154} INFO - [2023-11-16T07:04:45.203+0000] {dag.py:2941} INFO - Sync 1 DAGs
[2023-11-16T07:04:45.215+0000] {logging_mixin.py:154} INFO - [2023-11-16T07:04:45.215+0000] {dag.py:3722} INFO - Setting next_dagrun for example_branch_operator to 2023-11-15T00:00:00+00:00, run_after=2023-11-16T00:00:00+00:00
[2023-11-16T07:04:45.223+0000] {processor.py:179} INFO - Processing /home/airflow/.local/lib/python3.8/site-packages/airflow/example_dags/example_branch_operator.py took 0.042 seconds
[2023-11-16T07:05:16.264+0000] {processor.py:157} INFO - Started process (PID=2453) to work on /home/airflow/.local/lib/python3.8/site-packages/airflow/example_dags/example_branch_operator.py
[2023-11-16T07:05:16.265+0000] {processor.py:829} INFO - Processing file /home/airflow/.local/lib/python3.8/site-packages/airflow/example_dags/example_branch_operator.py for tasks to queue
[2023-11-16T07:05:16.267+0000] {logging_mixin.py:154} INFO - [2023-11-16T07:05:16.267+0000] {dagbag.py:536} INFO - Filling up the DagBag from /home/airflow/.local/lib/python3.8/site-packages/airflow/example_dags/example_branch_operator.py
[2023-11-16T07:05:16.274+0000] {processor.py:839} INFO - DAG(s) dict_keys(['example_branch_operator']) retrieved from /home/airflow/.local/lib/python3.8/site-packages/airflow/example_dags/example_branch_operator.py
[2023-11-16T07:05:16.287+0000] {logging_mixin.py:154} INFO - [2023-11-16T07:05:16.287+0000] {dag.py:2941} INFO - Sync 1 DAGs
[2023-11-16T07:05:16.300+0000] {logging_mixin.py:154} INFO - [2023-11-16T07:05:16.300+0000] {dag.py:3722} INFO - Setting next_dagrun for example_branch_operator to 2023-11-15T00:00:00+00:00, run_after=2023-11-16T00:00:00+00:00
[2023-11-16T07:05:16.309+0000] {processor.py:179} INFO - Processing /home/airflow/.local/lib/python3.8/site-packages/airflow/example_dags/example_branch_operator.py took 0.046 seconds
[2023-11-16T07:05:47.313+0000] {processor.py:157} INFO - Started process (PID=2507) to work on /home/airflow/.local/lib/python3.8/site-packages/airflow/example_dags/example_branch_operator.py
[2023-11-16T07:05:47.315+0000] {processor.py:829} INFO - Processing file /home/airflow/.local/lib/python3.8/site-packages/airflow/example_dags/example_branch_operator.py for tasks to queue
[2023-11-16T07:05:47.317+0000] {logging_mixin.py:154} INFO - [2023-11-16T07:05:47.317+0000] {dagbag.py:536} INFO - Filling up the DagBag from /home/airflow/.local/lib/python3.8/site-packages/airflow/example_dags/example_branch_operator.py
[2023-11-16T07:05:47.327+0000] {processor.py:839} INFO - DAG(s) dict_keys(['example_branch_operator']) retrieved from /home/airflow/.local/lib/python3.8/site-packages/airflow/example_dags/example_branch_operator.py
[2023-11-16T07:05:47.353+0000] {logging_mixin.py:154} INFO - [2023-11-16T07:05:47.352+0000] {dag.py:2941} INFO - Sync 1 DAGs
[2023-11-16T07:05:47.368+0000] {logging_mixin.py:154} INFO - [2023-11-16T07:05:47.367+0000] {dag.py:3722} INFO - Setting next_dagrun for example_branch_operator to 2023-11-15T00:00:00+00:00, run_after=2023-11-16T00:00:00+00:00
[2023-11-16T07:05:47.382+0000] {processor.py:179} INFO - Processing /home/airflow/.local/lib/python3.8/site-packages/airflow/example_dags/example_branch_operator.py took 0.074 seconds
