[2023-11-16T06:18:10.870+0000] {processor.py:157} INFO - Started process (PID=46) to work on /home/airflow/.local/lib/python3.8/site-packages/airflow/example_dags/example_params_ui_tutorial.py
[2023-11-16T06:18:10.872+0000] {processor.py:829} INFO - Processing file /home/airflow/.local/lib/python3.8/site-packages/airflow/example_dags/example_params_ui_tutorial.py for tasks to queue
[2023-11-16T06:18:10.875+0000] {logging_mixin.py:154} INFO - [2023-11-16T06:18:10.875+0000] {dagbag.py:536} INFO - Filling up the DagBag from /home/airflow/.local/lib/python3.8/site-packages/airflow/example_dags/example_params_ui_tutorial.py
[2023-11-16T06:18:10.959+0000] {processor.py:839} INFO - DAG(s) dict_keys(['example_params_ui_tutorial']) retrieved from /home/airflow/.local/lib/python3.8/site-packages/airflow/example_dags/example_params_ui_tutorial.py
[2023-11-16T06:18:10.977+0000] {logging_mixin.py:154} INFO - [2023-11-16T06:18:10.977+0000] {dag.py:2941} INFO - Sync 1 DAGs
[2023-11-16T06:18:10.994+0000] {logging_mixin.py:154} INFO - [2023-11-16T06:18:10.994+0000] {dag.py:3722} INFO - Setting next_dagrun for example_params_ui_tutorial to None, run_after=None
[2023-11-16T06:18:11.013+0000] {processor.py:179} INFO - Processing /home/airflow/.local/lib/python3.8/site-packages/airflow/example_dags/example_params_ui_tutorial.py took 0.146 seconds
[2023-11-16T06:18:41.889+0000] {processor.py:157} INFO - Started process (PID=100) to work on /home/airflow/.local/lib/python3.8/site-packages/airflow/example_dags/example_params_ui_tutorial.py
[2023-11-16T06:18:41.890+0000] {processor.py:829} INFO - Processing file /home/airflow/.local/lib/python3.8/site-packages/airflow/example_dags/example_params_ui_tutorial.py for tasks to queue
[2023-11-16T06:18:41.892+0000] {logging_mixin.py:154} INFO - [2023-11-16T06:18:41.891+0000] {dagbag.py:536} INFO - Filling up the DagBag from /home/airflow/.local/lib/python3.8/site-packages/airflow/example_dags/example_params_ui_tutorial.py
[2023-11-16T06:18:41.919+0000] {processor.py:839} INFO - DAG(s) dict_keys(['example_params_ui_tutorial']) retrieved from /home/airflow/.local/lib/python3.8/site-packages/airflow/example_dags/example_params_ui_tutorial.py
[2023-11-16T06:18:41.949+0000] {logging_mixin.py:154} INFO - [2023-11-16T06:18:41.949+0000] {dag.py:2941} INFO - Sync 1 DAGs
[2023-11-16T06:18:41.958+0000] {logging_mixin.py:154} INFO - [2023-11-16T06:18:41.958+0000] {dag.py:3722} INFO - Setting next_dagrun for example_params_ui_tutorial to None, run_after=None
[2023-11-16T06:18:41.968+0000] {processor.py:179} INFO - Processing /home/airflow/.local/lib/python3.8/site-packages/airflow/example_dags/example_params_ui_tutorial.py took 0.082 seconds
[2023-11-16T06:19:12.078+0000] {processor.py:157} INFO - Started process (PID=154) to work on /home/airflow/.local/lib/python3.8/site-packages/airflow/example_dags/example_params_ui_tutorial.py
[2023-11-16T06:19:12.080+0000] {processor.py:829} INFO - Processing file /home/airflow/.local/lib/python3.8/site-packages/airflow/example_dags/example_params_ui_tutorial.py for tasks to queue
[2023-11-16T06:19:12.083+0000] {logging_mixin.py:154} INFO - [2023-11-16T06:19:12.083+0000] {dagbag.py:536} INFO - Filling up the DagBag from /home/airflow/.local/lib/python3.8/site-packages/airflow/example_dags/example_params_ui_tutorial.py
[2023-11-16T06:19:12.117+0000] {processor.py:839} INFO - DAG(s) dict_keys(['example_params_ui_tutorial']) retrieved from /home/airflow/.local/lib/python3.8/site-packages/airflow/example_dags/example_params_ui_tutorial.py
[2023-11-16T06:19:12.143+0000] {logging_mixin.py:154} INFO - [2023-11-16T06:19:12.143+0000] {dag.py:2941} INFO - Sync 1 DAGs
[2023-11-16T06:19:12.151+0000] {logging_mixin.py:154} INFO - [2023-11-16T06:19:12.151+0000] {dag.py:3722} INFO - Setting next_dagrun for example_params_ui_tutorial to None, run_after=None
[2023-11-16T06:19:12.163+0000] {processor.py:179} INFO - Processing /home/airflow/.local/lib/python3.8/site-packages/airflow/example_dags/example_params_ui_tutorial.py took 0.087 seconds
[2023-11-16T06:19:42.453+0000] {processor.py:157} INFO - Started process (PID=208) to work on /home/airflow/.local/lib/python3.8/site-packages/airflow/example_dags/example_params_ui_tutorial.py
[2023-11-16T06:19:42.454+0000] {processor.py:829} INFO - Processing file /home/airflow/.local/lib/python3.8/site-packages/airflow/example_dags/example_params_ui_tutorial.py for tasks to queue
[2023-11-16T06:19:42.455+0000] {logging_mixin.py:154} INFO - [2023-11-16T06:19:42.455+0000] {dagbag.py:536} INFO - Filling up the DagBag from /home/airflow/.local/lib/python3.8/site-packages/airflow/example_dags/example_params_ui_tutorial.py
[2023-11-16T06:19:42.486+0000] {processor.py:839} INFO - DAG(s) dict_keys(['example_params_ui_tutorial']) retrieved from /home/airflow/.local/lib/python3.8/site-packages/airflow/example_dags/example_params_ui_tutorial.py
[2023-11-16T06:19:42.511+0000] {logging_mixin.py:154} INFO - [2023-11-16T06:19:42.511+0000] {dag.py:2941} INFO - Sync 1 DAGs
[2023-11-16T06:19:42.517+0000] {logging_mixin.py:154} INFO - [2023-11-16T06:19:42.517+0000] {dag.py:3722} INFO - Setting next_dagrun for example_params_ui_tutorial to None, run_after=None
[2023-11-16T06:19:42.526+0000] {processor.py:179} INFO - Processing /home/airflow/.local/lib/python3.8/site-packages/airflow/example_dags/example_params_ui_tutorial.py took 0.075 seconds
[2023-11-16T06:20:12.776+0000] {processor.py:157} INFO - Started process (PID=262) to work on /home/airflow/.local/lib/python3.8/site-packages/airflow/example_dags/example_params_ui_tutorial.py
[2023-11-16T06:20:12.777+0000] {processor.py:829} INFO - Processing file /home/airflow/.local/lib/python3.8/site-packages/airflow/example_dags/example_params_ui_tutorial.py for tasks to queue
[2023-11-16T06:20:12.779+0000] {logging_mixin.py:154} INFO - [2023-11-16T06:20:12.779+0000] {dagbag.py:536} INFO - Filling up the DagBag from /home/airflow/.local/lib/python3.8/site-packages/airflow/example_dags/example_params_ui_tutorial.py
[2023-11-16T06:20:12.809+0000] {processor.py:839} INFO - DAG(s) dict_keys(['example_params_ui_tutorial']) retrieved from /home/airflow/.local/lib/python3.8/site-packages/airflow/example_dags/example_params_ui_tutorial.py
[2023-11-16T06:20:12.834+0000] {logging_mixin.py:154} INFO - [2023-11-16T06:20:12.833+0000] {dag.py:2941} INFO - Sync 1 DAGs
[2023-11-16T06:20:12.840+0000] {logging_mixin.py:154} INFO - [2023-11-16T06:20:12.840+0000] {dag.py:3722} INFO - Setting next_dagrun for example_params_ui_tutorial to None, run_after=None
[2023-11-16T06:20:12.849+0000] {processor.py:179} INFO - Processing /home/airflow/.local/lib/python3.8/site-packages/airflow/example_dags/example_params_ui_tutorial.py took 0.075 seconds
[2023-11-16T06:20:43.688+0000] {processor.py:157} INFO - Started process (PID=316) to work on /home/airflow/.local/lib/python3.8/site-packages/airflow/example_dags/example_params_ui_tutorial.py
[2023-11-16T06:20:43.689+0000] {processor.py:829} INFO - Processing file /home/airflow/.local/lib/python3.8/site-packages/airflow/example_dags/example_params_ui_tutorial.py for tasks to queue
[2023-11-16T06:20:43.691+0000] {logging_mixin.py:154} INFO - [2023-11-16T06:20:43.691+0000] {dagbag.py:536} INFO - Filling up the DagBag from /home/airflow/.local/lib/python3.8/site-packages/airflow/example_dags/example_params_ui_tutorial.py
[2023-11-16T06:20:43.714+0000] {processor.py:839} INFO - DAG(s) dict_keys(['example_params_ui_tutorial']) retrieved from /home/airflow/.local/lib/python3.8/site-packages/airflow/example_dags/example_params_ui_tutorial.py
[2023-11-16T06:20:43.751+0000] {logging_mixin.py:154} INFO - [2023-11-16T06:20:43.751+0000] {dag.py:2941} INFO - Sync 1 DAGs
[2023-11-16T06:20:43.758+0000] {logging_mixin.py:154} INFO - [2023-11-16T06:20:43.758+0000] {dag.py:3722} INFO - Setting next_dagrun for example_params_ui_tutorial to None, run_after=None
[2023-11-16T06:20:43.771+0000] {processor.py:179} INFO - Processing /home/airflow/.local/lib/python3.8/site-packages/airflow/example_dags/example_params_ui_tutorial.py took 0.085 seconds
[2023-11-16T06:21:13.790+0000] {processor.py:157} INFO - Started process (PID=370) to work on /home/airflow/.local/lib/python3.8/site-packages/airflow/example_dags/example_params_ui_tutorial.py
[2023-11-16T06:21:13.791+0000] {processor.py:829} INFO - Processing file /home/airflow/.local/lib/python3.8/site-packages/airflow/example_dags/example_params_ui_tutorial.py for tasks to queue
[2023-11-16T06:21:13.793+0000] {logging_mixin.py:154} INFO - [2023-11-16T06:21:13.792+0000] {dagbag.py:536} INFO - Filling up the DagBag from /home/airflow/.local/lib/python3.8/site-packages/airflow/example_dags/example_params_ui_tutorial.py
[2023-11-16T06:21:13.815+0000] {processor.py:839} INFO - DAG(s) dict_keys(['example_params_ui_tutorial']) retrieved from /home/airflow/.local/lib/python3.8/site-packages/airflow/example_dags/example_params_ui_tutorial.py
[2023-11-16T06:21:13.846+0000] {logging_mixin.py:154} INFO - [2023-11-16T06:21:13.846+0000] {dag.py:2941} INFO - Sync 1 DAGs
[2023-11-16T06:21:13.853+0000] {logging_mixin.py:154} INFO - [2023-11-16T06:21:13.853+0000] {dag.py:3722} INFO - Setting next_dagrun for example_params_ui_tutorial to None, run_after=None
[2023-11-16T06:21:13.863+0000] {processor.py:179} INFO - Processing /home/airflow/.local/lib/python3.8/site-packages/airflow/example_dags/example_params_ui_tutorial.py took 0.075 seconds
[2023-11-16T06:21:44.021+0000] {processor.py:157} INFO - Started process (PID=424) to work on /home/airflow/.local/lib/python3.8/site-packages/airflow/example_dags/example_params_ui_tutorial.py
[2023-11-16T06:21:44.022+0000] {processor.py:829} INFO - Processing file /home/airflow/.local/lib/python3.8/site-packages/airflow/example_dags/example_params_ui_tutorial.py for tasks to queue
[2023-11-16T06:21:44.024+0000] {logging_mixin.py:154} INFO - [2023-11-16T06:21:44.024+0000] {dagbag.py:536} INFO - Filling up the DagBag from /home/airflow/.local/lib/python3.8/site-packages/airflow/example_dags/example_params_ui_tutorial.py
[2023-11-16T06:21:44.044+0000] {processor.py:839} INFO - DAG(s) dict_keys(['example_params_ui_tutorial']) retrieved from /home/airflow/.local/lib/python3.8/site-packages/airflow/example_dags/example_params_ui_tutorial.py
[2023-11-16T06:21:44.067+0000] {logging_mixin.py:154} INFO - [2023-11-16T06:21:44.067+0000] {dag.py:2941} INFO - Sync 1 DAGs
[2023-11-16T06:21:44.073+0000] {logging_mixin.py:154} INFO - [2023-11-16T06:21:44.073+0000] {dag.py:3722} INFO - Setting next_dagrun for example_params_ui_tutorial to None, run_after=None
[2023-11-16T06:21:44.083+0000] {processor.py:179} INFO - Processing /home/airflow/.local/lib/python3.8/site-packages/airflow/example_dags/example_params_ui_tutorial.py took 0.064 seconds
[2023-11-16T06:22:14.248+0000] {processor.py:157} INFO - Started process (PID=478) to work on /home/airflow/.local/lib/python3.8/site-packages/airflow/example_dags/example_params_ui_tutorial.py
[2023-11-16T06:22:14.249+0000] {processor.py:829} INFO - Processing file /home/airflow/.local/lib/python3.8/site-packages/airflow/example_dags/example_params_ui_tutorial.py for tasks to queue
[2023-11-16T06:22:14.251+0000] {logging_mixin.py:154} INFO - [2023-11-16T06:22:14.251+0000] {dagbag.py:536} INFO - Filling up the DagBag from /home/airflow/.local/lib/python3.8/site-packages/airflow/example_dags/example_params_ui_tutorial.py
[2023-11-16T06:22:14.271+0000] {processor.py:839} INFO - DAG(s) dict_keys(['example_params_ui_tutorial']) retrieved from /home/airflow/.local/lib/python3.8/site-packages/airflow/example_dags/example_params_ui_tutorial.py
[2023-11-16T06:22:14.301+0000] {logging_mixin.py:154} INFO - [2023-11-16T06:22:14.301+0000] {dag.py:2941} INFO - Sync 1 DAGs
[2023-11-16T06:22:14.309+0000] {logging_mixin.py:154} INFO - [2023-11-16T06:22:14.309+0000] {dag.py:3722} INFO - Setting next_dagrun for example_params_ui_tutorial to None, run_after=None
[2023-11-16T06:22:14.320+0000] {processor.py:179} INFO - Processing /home/airflow/.local/lib/python3.8/site-packages/airflow/example_dags/example_params_ui_tutorial.py took 0.074 seconds
[2023-11-16T06:22:44.438+0000] {processor.py:157} INFO - Started process (PID=532) to work on /home/airflow/.local/lib/python3.8/site-packages/airflow/example_dags/example_params_ui_tutorial.py
[2023-11-16T06:22:44.439+0000] {processor.py:829} INFO - Processing file /home/airflow/.local/lib/python3.8/site-packages/airflow/example_dags/example_params_ui_tutorial.py for tasks to queue
[2023-11-16T06:22:44.451+0000] {logging_mixin.py:154} INFO - [2023-11-16T06:22:44.451+0000] {dagbag.py:536} INFO - Filling up the DagBag from /home/airflow/.local/lib/python3.8/site-packages/airflow/example_dags/example_params_ui_tutorial.py
[2023-11-16T06:22:44.486+0000] {processor.py:839} INFO - DAG(s) dict_keys(['example_params_ui_tutorial']) retrieved from /home/airflow/.local/lib/python3.8/site-packages/airflow/example_dags/example_params_ui_tutorial.py
[2023-11-16T06:22:44.511+0000] {logging_mixin.py:154} INFO - [2023-11-16T06:22:44.511+0000] {dag.py:2941} INFO - Sync 1 DAGs
[2023-11-16T06:22:44.518+0000] {logging_mixin.py:154} INFO - [2023-11-16T06:22:44.517+0000] {dag.py:3722} INFO - Setting next_dagrun for example_params_ui_tutorial to None, run_after=None
[2023-11-16T06:22:44.527+0000] {processor.py:179} INFO - Processing /home/airflow/.local/lib/python3.8/site-packages/airflow/example_dags/example_params_ui_tutorial.py took 0.091 seconds
[2023-11-16T06:23:14.642+0000] {processor.py:157} INFO - Started process (PID=586) to work on /home/airflow/.local/lib/python3.8/site-packages/airflow/example_dags/example_params_ui_tutorial.py
[2023-11-16T06:23:14.643+0000] {processor.py:829} INFO - Processing file /home/airflow/.local/lib/python3.8/site-packages/airflow/example_dags/example_params_ui_tutorial.py for tasks to queue
[2023-11-16T06:23:14.645+0000] {logging_mixin.py:154} INFO - [2023-11-16T06:23:14.645+0000] {dagbag.py:536} INFO - Filling up the DagBag from /home/airflow/.local/lib/python3.8/site-packages/airflow/example_dags/example_params_ui_tutorial.py
[2023-11-16T06:23:14.670+0000] {processor.py:839} INFO - DAG(s) dict_keys(['example_params_ui_tutorial']) retrieved from /home/airflow/.local/lib/python3.8/site-packages/airflow/example_dags/example_params_ui_tutorial.py
[2023-11-16T06:23:14.706+0000] {logging_mixin.py:154} INFO - [2023-11-16T06:23:14.705+0000] {dag.py:2941} INFO - Sync 1 DAGs
[2023-11-16T06:23:14.715+0000] {logging_mixin.py:154} INFO - [2023-11-16T06:23:14.714+0000] {dag.py:3722} INFO - Setting next_dagrun for example_params_ui_tutorial to None, run_after=None
[2023-11-16T06:23:14.728+0000] {processor.py:179} INFO - Processing /home/airflow/.local/lib/python3.8/site-packages/airflow/example_dags/example_params_ui_tutorial.py took 0.089 seconds
[2023-11-16T06:23:44.910+0000] {processor.py:157} INFO - Started process (PID=640) to work on /home/airflow/.local/lib/python3.8/site-packages/airflow/example_dags/example_params_ui_tutorial.py
[2023-11-16T06:23:44.911+0000] {processor.py:829} INFO - Processing file /home/airflow/.local/lib/python3.8/site-packages/airflow/example_dags/example_params_ui_tutorial.py for tasks to queue
[2023-11-16T06:23:44.913+0000] {logging_mixin.py:154} INFO - [2023-11-16T06:23:44.912+0000] {dagbag.py:536} INFO - Filling up the DagBag from /home/airflow/.local/lib/python3.8/site-packages/airflow/example_dags/example_params_ui_tutorial.py
[2023-11-16T06:23:44.932+0000] {processor.py:839} INFO - DAG(s) dict_keys(['example_params_ui_tutorial']) retrieved from /home/airflow/.local/lib/python3.8/site-packages/airflow/example_dags/example_params_ui_tutorial.py
[2023-11-16T06:23:44.956+0000] {logging_mixin.py:154} INFO - [2023-11-16T06:23:44.956+0000] {dag.py:2941} INFO - Sync 1 DAGs
[2023-11-16T06:23:44.962+0000] {logging_mixin.py:154} INFO - [2023-11-16T06:23:44.962+0000] {dag.py:3722} INFO - Setting next_dagrun for example_params_ui_tutorial to None, run_after=None
[2023-11-16T06:23:44.971+0000] {processor.py:179} INFO - Processing /home/airflow/.local/lib/python3.8/site-packages/airflow/example_dags/example_params_ui_tutorial.py took 0.063 seconds
[2023-11-16T06:24:15.142+0000] {processor.py:157} INFO - Started process (PID=694) to work on /home/airflow/.local/lib/python3.8/site-packages/airflow/example_dags/example_params_ui_tutorial.py
[2023-11-16T06:24:15.143+0000] {processor.py:829} INFO - Processing file /home/airflow/.local/lib/python3.8/site-packages/airflow/example_dags/example_params_ui_tutorial.py for tasks to queue
[2023-11-16T06:24:15.145+0000] {logging_mixin.py:154} INFO - [2023-11-16T06:24:15.145+0000] {dagbag.py:536} INFO - Filling up the DagBag from /home/airflow/.local/lib/python3.8/site-packages/airflow/example_dags/example_params_ui_tutorial.py
[2023-11-16T06:24:15.166+0000] {processor.py:839} INFO - DAG(s) dict_keys(['example_params_ui_tutorial']) retrieved from /home/airflow/.local/lib/python3.8/site-packages/airflow/example_dags/example_params_ui_tutorial.py
[2023-11-16T06:24:15.189+0000] {logging_mixin.py:154} INFO - [2023-11-16T06:24:15.189+0000] {dag.py:2941} INFO - Sync 1 DAGs
[2023-11-16T06:24:15.196+0000] {logging_mixin.py:154} INFO - [2023-11-16T06:24:15.196+0000] {dag.py:3722} INFO - Setting next_dagrun for example_params_ui_tutorial to None, run_after=None
[2023-11-16T06:24:15.205+0000] {processor.py:179} INFO - Processing /home/airflow/.local/lib/python3.8/site-packages/airflow/example_dags/example_params_ui_tutorial.py took 0.065 seconds
[2023-11-16T06:24:45.352+0000] {processor.py:157} INFO - Started process (PID=748) to work on /home/airflow/.local/lib/python3.8/site-packages/airflow/example_dags/example_params_ui_tutorial.py
[2023-11-16T06:24:45.352+0000] {processor.py:829} INFO - Processing file /home/airflow/.local/lib/python3.8/site-packages/airflow/example_dags/example_params_ui_tutorial.py for tasks to queue
[2023-11-16T06:24:45.354+0000] {logging_mixin.py:154} INFO - [2023-11-16T06:24:45.354+0000] {dagbag.py:536} INFO - Filling up the DagBag from /home/airflow/.local/lib/python3.8/site-packages/airflow/example_dags/example_params_ui_tutorial.py
[2023-11-16T06:24:45.374+0000] {processor.py:839} INFO - DAG(s) dict_keys(['example_params_ui_tutorial']) retrieved from /home/airflow/.local/lib/python3.8/site-packages/airflow/example_dags/example_params_ui_tutorial.py
[2023-11-16T06:24:45.398+0000] {logging_mixin.py:154} INFO - [2023-11-16T06:24:45.398+0000] {dag.py:2941} INFO - Sync 1 DAGs
[2023-11-16T06:24:45.405+0000] {logging_mixin.py:154} INFO - [2023-11-16T06:24:45.405+0000] {dag.py:3722} INFO - Setting next_dagrun for example_params_ui_tutorial to None, run_after=None
[2023-11-16T06:24:45.414+0000] {processor.py:179} INFO - Processing /home/airflow/.local/lib/python3.8/site-packages/airflow/example_dags/example_params_ui_tutorial.py took 0.065 seconds
[2023-11-16T06:25:15.730+0000] {processor.py:157} INFO - Started process (PID=802) to work on /home/airflow/.local/lib/python3.8/site-packages/airflow/example_dags/example_params_ui_tutorial.py
[2023-11-16T06:25:15.731+0000] {processor.py:829} INFO - Processing file /home/airflow/.local/lib/python3.8/site-packages/airflow/example_dags/example_params_ui_tutorial.py for tasks to queue
[2023-11-16T06:25:15.733+0000] {logging_mixin.py:154} INFO - [2023-11-16T06:25:15.732+0000] {dagbag.py:536} INFO - Filling up the DagBag from /home/airflow/.local/lib/python3.8/site-packages/airflow/example_dags/example_params_ui_tutorial.py
[2023-11-16T06:25:15.753+0000] {processor.py:839} INFO - DAG(s) dict_keys(['example_params_ui_tutorial']) retrieved from /home/airflow/.local/lib/python3.8/site-packages/airflow/example_dags/example_params_ui_tutorial.py
[2023-11-16T06:25:15.779+0000] {logging_mixin.py:154} INFO - [2023-11-16T06:25:15.778+0000] {dag.py:2941} INFO - Sync 1 DAGs
[2023-11-16T06:25:15.786+0000] {logging_mixin.py:154} INFO - [2023-11-16T06:25:15.786+0000] {dag.py:3722} INFO - Setting next_dagrun for example_params_ui_tutorial to None, run_after=None
[2023-11-16T06:25:15.795+0000] {processor.py:179} INFO - Processing /home/airflow/.local/lib/python3.8/site-packages/airflow/example_dags/example_params_ui_tutorial.py took 0.067 seconds
[2023-11-16T06:25:46.411+0000] {processor.py:157} INFO - Started process (PID=856) to work on /home/airflow/.local/lib/python3.8/site-packages/airflow/example_dags/example_params_ui_tutorial.py
[2023-11-16T06:25:46.412+0000] {processor.py:829} INFO - Processing file /home/airflow/.local/lib/python3.8/site-packages/airflow/example_dags/example_params_ui_tutorial.py for tasks to queue
[2023-11-16T06:25:46.414+0000] {logging_mixin.py:154} INFO - [2023-11-16T06:25:46.414+0000] {dagbag.py:536} INFO - Filling up the DagBag from /home/airflow/.local/lib/python3.8/site-packages/airflow/example_dags/example_params_ui_tutorial.py
[2023-11-16T06:25:46.437+0000] {processor.py:839} INFO - DAG(s) dict_keys(['example_params_ui_tutorial']) retrieved from /home/airflow/.local/lib/python3.8/site-packages/airflow/example_dags/example_params_ui_tutorial.py
[2023-11-16T06:25:46.461+0000] {logging_mixin.py:154} INFO - [2023-11-16T06:25:46.461+0000] {dag.py:2941} INFO - Sync 1 DAGs
[2023-11-16T06:25:46.468+0000] {logging_mixin.py:154} INFO - [2023-11-16T06:25:46.468+0000] {dag.py:3722} INFO - Setting next_dagrun for example_params_ui_tutorial to None, run_after=None
[2023-11-16T06:25:46.477+0000] {processor.py:179} INFO - Processing /home/airflow/.local/lib/python3.8/site-packages/airflow/example_dags/example_params_ui_tutorial.py took 0.068 seconds
[2023-11-16T06:26:16.905+0000] {processor.py:157} INFO - Started process (PID=910) to work on /home/airflow/.local/lib/python3.8/site-packages/airflow/example_dags/example_params_ui_tutorial.py
[2023-11-16T06:26:16.906+0000] {processor.py:829} INFO - Processing file /home/airflow/.local/lib/python3.8/site-packages/airflow/example_dags/example_params_ui_tutorial.py for tasks to queue
[2023-11-16T06:26:16.908+0000] {logging_mixin.py:154} INFO - [2023-11-16T06:26:16.907+0000] {dagbag.py:536} INFO - Filling up the DagBag from /home/airflow/.local/lib/python3.8/site-packages/airflow/example_dags/example_params_ui_tutorial.py
[2023-11-16T06:26:16.929+0000] {processor.py:839} INFO - DAG(s) dict_keys(['example_params_ui_tutorial']) retrieved from /home/airflow/.local/lib/python3.8/site-packages/airflow/example_dags/example_params_ui_tutorial.py
[2023-11-16T06:26:16.971+0000] {logging_mixin.py:154} INFO - [2023-11-16T06:26:16.971+0000] {dag.py:2941} INFO - Sync 1 DAGs
[2023-11-16T06:26:16.980+0000] {logging_mixin.py:154} INFO - [2023-11-16T06:26:16.980+0000] {dag.py:3722} INFO - Setting next_dagrun for example_params_ui_tutorial to None, run_after=None
[2023-11-16T06:26:16.991+0000] {processor.py:179} INFO - Processing /home/airflow/.local/lib/python3.8/site-packages/airflow/example_dags/example_params_ui_tutorial.py took 0.089 seconds
[2023-11-16T06:26:47.754+0000] {processor.py:157} INFO - Started process (PID=964) to work on /home/airflow/.local/lib/python3.8/site-packages/airflow/example_dags/example_params_ui_tutorial.py
[2023-11-16T06:26:47.756+0000] {processor.py:829} INFO - Processing file /home/airflow/.local/lib/python3.8/site-packages/airflow/example_dags/example_params_ui_tutorial.py for tasks to queue
[2023-11-16T06:26:47.757+0000] {logging_mixin.py:154} INFO - [2023-11-16T06:26:47.757+0000] {dagbag.py:536} INFO - Filling up the DagBag from /home/airflow/.local/lib/python3.8/site-packages/airflow/example_dags/example_params_ui_tutorial.py
[2023-11-16T06:26:47.777+0000] {processor.py:839} INFO - DAG(s) dict_keys(['example_params_ui_tutorial']) retrieved from /home/airflow/.local/lib/python3.8/site-packages/airflow/example_dags/example_params_ui_tutorial.py
[2023-11-16T06:26:47.835+0000] {logging_mixin.py:154} INFO - [2023-11-16T06:26:47.835+0000] {dag.py:2941} INFO - Sync 1 DAGs
[2023-11-16T06:26:47.843+0000] {logging_mixin.py:154} INFO - [2023-11-16T06:26:47.842+0000] {dag.py:3722} INFO - Setting next_dagrun for example_params_ui_tutorial to None, run_after=None
[2023-11-16T06:26:47.859+0000] {processor.py:179} INFO - Processing /home/airflow/.local/lib/python3.8/site-packages/airflow/example_dags/example_params_ui_tutorial.py took 0.107 seconds
[2023-11-16T06:27:18.948+0000] {processor.py:157} INFO - Started process (PID=1018) to work on /home/airflow/.local/lib/python3.8/site-packages/airflow/example_dags/example_params_ui_tutorial.py
[2023-11-16T06:27:18.949+0000] {processor.py:829} INFO - Processing file /home/airflow/.local/lib/python3.8/site-packages/airflow/example_dags/example_params_ui_tutorial.py for tasks to queue
[2023-11-16T06:27:18.951+0000] {logging_mixin.py:154} INFO - [2023-11-16T06:27:18.951+0000] {dagbag.py:536} INFO - Filling up the DagBag from /home/airflow/.local/lib/python3.8/site-packages/airflow/example_dags/example_params_ui_tutorial.py
[2023-11-16T06:27:18.973+0000] {processor.py:839} INFO - DAG(s) dict_keys(['example_params_ui_tutorial']) retrieved from /home/airflow/.local/lib/python3.8/site-packages/airflow/example_dags/example_params_ui_tutorial.py
[2023-11-16T06:27:19.003+0000] {logging_mixin.py:154} INFO - [2023-11-16T06:27:19.003+0000] {dag.py:2941} INFO - Sync 1 DAGs
[2023-11-16T06:27:19.135+0000] {logging_mixin.py:154} INFO - [2023-11-16T06:27:19.135+0000] {dag.py:3722} INFO - Setting next_dagrun for example_params_ui_tutorial to None, run_after=None
[2023-11-16T06:27:19.145+0000] {processor.py:179} INFO - Processing /home/airflow/.local/lib/python3.8/site-packages/airflow/example_dags/example_params_ui_tutorial.py took 0.200 seconds
[2023-11-16T06:27:50.044+0000] {processor.py:157} INFO - Started process (PID=1072) to work on /home/airflow/.local/lib/python3.8/site-packages/airflow/example_dags/example_params_ui_tutorial.py
[2023-11-16T06:27:50.046+0000] {processor.py:829} INFO - Processing file /home/airflow/.local/lib/python3.8/site-packages/airflow/example_dags/example_params_ui_tutorial.py for tasks to queue
[2023-11-16T06:27:50.048+0000] {logging_mixin.py:154} INFO - [2023-11-16T06:27:50.048+0000] {dagbag.py:536} INFO - Filling up the DagBag from /home/airflow/.local/lib/python3.8/site-packages/airflow/example_dags/example_params_ui_tutorial.py
[2023-11-16T06:27:50.079+0000] {processor.py:839} INFO - DAG(s) dict_keys(['example_params_ui_tutorial']) retrieved from /home/airflow/.local/lib/python3.8/site-packages/airflow/example_dags/example_params_ui_tutorial.py
[2023-11-16T06:27:50.106+0000] {logging_mixin.py:154} INFO - [2023-11-16T06:27:50.106+0000] {dag.py:2941} INFO - Sync 1 DAGs
[2023-11-16T06:27:50.113+0000] {logging_mixin.py:154} INFO - [2023-11-16T06:27:50.113+0000] {dag.py:3722} INFO - Setting next_dagrun for example_params_ui_tutorial to None, run_after=None
[2023-11-16T06:27:50.226+0000] {processor.py:179} INFO - Processing /home/airflow/.local/lib/python3.8/site-packages/airflow/example_dags/example_params_ui_tutorial.py took 0.186 seconds
[2023-11-16T06:28:20.378+0000] {processor.py:157} INFO - Started process (PID=1126) to work on /home/airflow/.local/lib/python3.8/site-packages/airflow/example_dags/example_params_ui_tutorial.py
[2023-11-16T06:28:20.380+0000] {processor.py:829} INFO - Processing file /home/airflow/.local/lib/python3.8/site-packages/airflow/example_dags/example_params_ui_tutorial.py for tasks to queue
[2023-11-16T06:28:20.382+0000] {logging_mixin.py:154} INFO - [2023-11-16T06:28:20.382+0000] {dagbag.py:536} INFO - Filling up the DagBag from /home/airflow/.local/lib/python3.8/site-packages/airflow/example_dags/example_params_ui_tutorial.py
[2023-11-16T06:28:20.411+0000] {processor.py:839} INFO - DAG(s) dict_keys(['example_params_ui_tutorial']) retrieved from /home/airflow/.local/lib/python3.8/site-packages/airflow/example_dags/example_params_ui_tutorial.py
[2023-11-16T06:28:20.438+0000] {logging_mixin.py:154} INFO - [2023-11-16T06:28:20.437+0000] {dag.py:2941} INFO - Sync 1 DAGs
[2023-11-16T06:28:20.444+0000] {logging_mixin.py:154} INFO - [2023-11-16T06:28:20.444+0000] {dag.py:3722} INFO - Setting next_dagrun for example_params_ui_tutorial to None, run_after=None
[2023-11-16T06:28:20.454+0000] {processor.py:179} INFO - Processing /home/airflow/.local/lib/python3.8/site-packages/airflow/example_dags/example_params_ui_tutorial.py took 0.079 seconds
[2023-11-16T06:28:51.064+0000] {processor.py:157} INFO - Started process (PID=1180) to work on /home/airflow/.local/lib/python3.8/site-packages/airflow/example_dags/example_params_ui_tutorial.py
[2023-11-16T06:28:51.065+0000] {processor.py:829} INFO - Processing file /home/airflow/.local/lib/python3.8/site-packages/airflow/example_dags/example_params_ui_tutorial.py for tasks to queue
[2023-11-16T06:28:51.069+0000] {logging_mixin.py:154} INFO - [2023-11-16T06:28:51.069+0000] {dagbag.py:536} INFO - Filling up the DagBag from /home/airflow/.local/lib/python3.8/site-packages/airflow/example_dags/example_params_ui_tutorial.py
[2023-11-16T06:28:51.100+0000] {processor.py:839} INFO - DAG(s) dict_keys(['example_params_ui_tutorial']) retrieved from /home/airflow/.local/lib/python3.8/site-packages/airflow/example_dags/example_params_ui_tutorial.py
[2023-11-16T06:28:51.127+0000] {logging_mixin.py:154} INFO - [2023-11-16T06:28:51.127+0000] {dag.py:2941} INFO - Sync 1 DAGs
[2023-11-16T06:28:51.138+0000] {logging_mixin.py:154} INFO - [2023-11-16T06:28:51.138+0000] {dag.py:3722} INFO - Setting next_dagrun for example_params_ui_tutorial to None, run_after=None
[2023-11-16T06:28:51.152+0000] {processor.py:179} INFO - Processing /home/airflow/.local/lib/python3.8/site-packages/airflow/example_dags/example_params_ui_tutorial.py took 0.093 seconds
[2023-11-16T06:29:21.778+0000] {processor.py:157} INFO - Started process (PID=1234) to work on /home/airflow/.local/lib/python3.8/site-packages/airflow/example_dags/example_params_ui_tutorial.py
[2023-11-16T06:29:21.779+0000] {processor.py:829} INFO - Processing file /home/airflow/.local/lib/python3.8/site-packages/airflow/example_dags/example_params_ui_tutorial.py for tasks to queue
[2023-11-16T06:29:21.782+0000] {logging_mixin.py:154} INFO - [2023-11-16T06:29:21.781+0000] {dagbag.py:536} INFO - Filling up the DagBag from /home/airflow/.local/lib/python3.8/site-packages/airflow/example_dags/example_params_ui_tutorial.py
[2023-11-16T06:29:21.809+0000] {processor.py:839} INFO - DAG(s) dict_keys(['example_params_ui_tutorial']) retrieved from /home/airflow/.local/lib/python3.8/site-packages/airflow/example_dags/example_params_ui_tutorial.py
[2023-11-16T06:29:21.933+0000] {logging_mixin.py:154} INFO - [2023-11-16T06:29:21.933+0000] {dag.py:2941} INFO - Sync 1 DAGs
[2023-11-16T06:29:21.939+0000] {logging_mixin.py:154} INFO - [2023-11-16T06:29:21.939+0000] {dag.py:3722} INFO - Setting next_dagrun for example_params_ui_tutorial to None, run_after=None
[2023-11-16T06:29:21.948+0000] {processor.py:179} INFO - Processing /home/airflow/.local/lib/python3.8/site-packages/airflow/example_dags/example_params_ui_tutorial.py took 0.174 seconds
[2023-11-16T06:29:52.243+0000] {processor.py:157} INFO - Started process (PID=1288) to work on /home/airflow/.local/lib/python3.8/site-packages/airflow/example_dags/example_params_ui_tutorial.py
[2023-11-16T06:29:52.244+0000] {processor.py:829} INFO - Processing file /home/airflow/.local/lib/python3.8/site-packages/airflow/example_dags/example_params_ui_tutorial.py for tasks to queue
[2023-11-16T06:29:52.246+0000] {logging_mixin.py:154} INFO - [2023-11-16T06:29:52.245+0000] {dagbag.py:536} INFO - Filling up the DagBag from /home/airflow/.local/lib/python3.8/site-packages/airflow/example_dags/example_params_ui_tutorial.py
[2023-11-16T06:29:52.268+0000] {processor.py:839} INFO - DAG(s) dict_keys(['example_params_ui_tutorial']) retrieved from /home/airflow/.local/lib/python3.8/site-packages/airflow/example_dags/example_params_ui_tutorial.py
[2023-11-16T06:29:52.295+0000] {logging_mixin.py:154} INFO - [2023-11-16T06:29:52.295+0000] {dag.py:2941} INFO - Sync 1 DAGs
[2023-11-16T06:29:52.387+0000] {logging_mixin.py:154} INFO - [2023-11-16T06:29:52.387+0000] {dag.py:3722} INFO - Setting next_dagrun for example_params_ui_tutorial to None, run_after=None
[2023-11-16T06:29:52.395+0000] {processor.py:179} INFO - Processing /home/airflow/.local/lib/python3.8/site-packages/airflow/example_dags/example_params_ui_tutorial.py took 0.155 seconds
[2023-11-16T06:30:23.390+0000] {processor.py:157} INFO - Started process (PID=1342) to work on /home/airflow/.local/lib/python3.8/site-packages/airflow/example_dags/example_params_ui_tutorial.py
[2023-11-16T06:30:23.392+0000] {processor.py:829} INFO - Processing file /home/airflow/.local/lib/python3.8/site-packages/airflow/example_dags/example_params_ui_tutorial.py for tasks to queue
[2023-11-16T06:30:23.395+0000] {logging_mixin.py:154} INFO - [2023-11-16T06:30:23.395+0000] {dagbag.py:536} INFO - Filling up the DagBag from /home/airflow/.local/lib/python3.8/site-packages/airflow/example_dags/example_params_ui_tutorial.py
[2023-11-16T06:30:23.428+0000] {processor.py:839} INFO - DAG(s) dict_keys(['example_params_ui_tutorial']) retrieved from /home/airflow/.local/lib/python3.8/site-packages/airflow/example_dags/example_params_ui_tutorial.py
[2023-11-16T06:30:23.454+0000] {logging_mixin.py:154} INFO - [2023-11-16T06:30:23.454+0000] {dag.py:2941} INFO - Sync 1 DAGs
[2023-11-16T06:30:23.461+0000] {logging_mixin.py:154} INFO - [2023-11-16T06:30:23.461+0000] {dag.py:3722} INFO - Setting next_dagrun for example_params_ui_tutorial to None, run_after=None
[2023-11-16T06:30:23.471+0000] {processor.py:179} INFO - Processing /home/airflow/.local/lib/python3.8/site-packages/airflow/example_dags/example_params_ui_tutorial.py took 0.087 seconds
[2023-11-16T06:30:54.392+0000] {processor.py:157} INFO - Started process (PID=1396) to work on /home/airflow/.local/lib/python3.8/site-packages/airflow/example_dags/example_params_ui_tutorial.py
[2023-11-16T06:30:54.395+0000] {processor.py:829} INFO - Processing file /home/airflow/.local/lib/python3.8/site-packages/airflow/example_dags/example_params_ui_tutorial.py for tasks to queue
[2023-11-16T06:30:54.398+0000] {logging_mixin.py:154} INFO - [2023-11-16T06:30:54.397+0000] {dagbag.py:536} INFO - Filling up the DagBag from /home/airflow/.local/lib/python3.8/site-packages/airflow/example_dags/example_params_ui_tutorial.py
[2023-11-16T06:30:54.423+0000] {processor.py:839} INFO - DAG(s) dict_keys(['example_params_ui_tutorial']) retrieved from /home/airflow/.local/lib/python3.8/site-packages/airflow/example_dags/example_params_ui_tutorial.py
[2023-11-16T06:30:54.454+0000] {logging_mixin.py:154} INFO - [2023-11-16T06:30:54.454+0000] {dag.py:2941} INFO - Sync 1 DAGs
[2023-11-16T06:30:54.460+0000] {logging_mixin.py:154} INFO - [2023-11-16T06:30:54.460+0000] {dag.py:3722} INFO - Setting next_dagrun for example_params_ui_tutorial to None, run_after=None
[2023-11-16T06:30:54.469+0000] {processor.py:179} INFO - Processing /home/airflow/.local/lib/python3.8/site-packages/airflow/example_dags/example_params_ui_tutorial.py took 0.080 seconds
[2023-11-16T06:31:25.313+0000] {processor.py:157} INFO - Started process (PID=1450) to work on /home/airflow/.local/lib/python3.8/site-packages/airflow/example_dags/example_params_ui_tutorial.py
[2023-11-16T06:31:25.316+0000] {processor.py:829} INFO - Processing file /home/airflow/.local/lib/python3.8/site-packages/airflow/example_dags/example_params_ui_tutorial.py for tasks to queue
[2023-11-16T06:31:25.319+0000] {logging_mixin.py:154} INFO - [2023-11-16T06:31:25.319+0000] {dagbag.py:536} INFO - Filling up the DagBag from /home/airflow/.local/lib/python3.8/site-packages/airflow/example_dags/example_params_ui_tutorial.py
[2023-11-16T06:31:25.352+0000] {processor.py:839} INFO - DAG(s) dict_keys(['example_params_ui_tutorial']) retrieved from /home/airflow/.local/lib/python3.8/site-packages/airflow/example_dags/example_params_ui_tutorial.py
[2023-11-16T06:31:25.379+0000] {logging_mixin.py:154} INFO - [2023-11-16T06:31:25.379+0000] {dag.py:2941} INFO - Sync 1 DAGs
[2023-11-16T06:31:25.386+0000] {logging_mixin.py:154} INFO - [2023-11-16T06:31:25.386+0000] {dag.py:3722} INFO - Setting next_dagrun for example_params_ui_tutorial to None, run_after=None
[2023-11-16T06:31:25.395+0000] {processor.py:179} INFO - Processing /home/airflow/.local/lib/python3.8/site-packages/airflow/example_dags/example_params_ui_tutorial.py took 0.088 seconds
[2023-11-16T06:42:46.951+0000] {processor.py:157} INFO - Started process (PID=46) to work on /home/airflow/.local/lib/python3.8/site-packages/airflow/example_dags/example_params_ui_tutorial.py
[2023-11-16T06:42:46.953+0000] {processor.py:829} INFO - Processing file /home/airflow/.local/lib/python3.8/site-packages/airflow/example_dags/example_params_ui_tutorial.py for tasks to queue
[2023-11-16T06:42:46.956+0000] {logging_mixin.py:154} INFO - [2023-11-16T06:42:46.955+0000] {dagbag.py:536} INFO - Filling up the DagBag from /home/airflow/.local/lib/python3.8/site-packages/airflow/example_dags/example_params_ui_tutorial.py
[2023-11-16T06:42:46.984+0000] {processor.py:839} INFO - DAG(s) dict_keys(['example_params_ui_tutorial']) retrieved from /home/airflow/.local/lib/python3.8/site-packages/airflow/example_dags/example_params_ui_tutorial.py
[2023-11-16T06:42:46.995+0000] {logging_mixin.py:154} INFO - [2023-11-16T06:42:46.995+0000] {dag.py:2941} INFO - Sync 1 DAGs
[2023-11-16T06:42:47.006+0000] {logging_mixin.py:154} INFO - [2023-11-16T06:42:47.006+0000] {dag.py:3722} INFO - Setting next_dagrun for example_params_ui_tutorial to None, run_after=None
[2023-11-16T06:42:47.020+0000] {processor.py:179} INFO - Processing /home/airflow/.local/lib/python3.8/site-packages/airflow/example_dags/example_params_ui_tutorial.py took 0.074 seconds
[2023-11-16T06:43:17.806+0000] {processor.py:157} INFO - Started process (PID=100) to work on /home/airflow/.local/lib/python3.8/site-packages/airflow/example_dags/example_params_ui_tutorial.py
[2023-11-16T06:43:17.807+0000] {processor.py:829} INFO - Processing file /home/airflow/.local/lib/python3.8/site-packages/airflow/example_dags/example_params_ui_tutorial.py for tasks to queue
[2023-11-16T06:43:17.811+0000] {logging_mixin.py:154} INFO - [2023-11-16T06:43:17.810+0000] {dagbag.py:536} INFO - Filling up the DagBag from /home/airflow/.local/lib/python3.8/site-packages/airflow/example_dags/example_params_ui_tutorial.py
[2023-11-16T06:43:17.840+0000] {processor.py:839} INFO - DAG(s) dict_keys(['example_params_ui_tutorial']) retrieved from /home/airflow/.local/lib/python3.8/site-packages/airflow/example_dags/example_params_ui_tutorial.py
[2023-11-16T06:43:17.871+0000] {logging_mixin.py:154} INFO - [2023-11-16T06:43:17.871+0000] {dag.py:2941} INFO - Sync 1 DAGs
[2023-11-16T06:43:17.879+0000] {logging_mixin.py:154} INFO - [2023-11-16T06:43:17.879+0000] {dag.py:3722} INFO - Setting next_dagrun for example_params_ui_tutorial to None, run_after=None
[2023-11-16T06:43:17.890+0000] {processor.py:179} INFO - Processing /home/airflow/.local/lib/python3.8/site-packages/airflow/example_dags/example_params_ui_tutorial.py took 0.086 seconds
[2023-11-16T06:43:48.221+0000] {processor.py:157} INFO - Started process (PID=154) to work on /home/airflow/.local/lib/python3.8/site-packages/airflow/example_dags/example_params_ui_tutorial.py
[2023-11-16T06:43:48.222+0000] {processor.py:829} INFO - Processing file /home/airflow/.local/lib/python3.8/site-packages/airflow/example_dags/example_params_ui_tutorial.py for tasks to queue
[2023-11-16T06:43:48.223+0000] {logging_mixin.py:154} INFO - [2023-11-16T06:43:48.223+0000] {dagbag.py:536} INFO - Filling up the DagBag from /home/airflow/.local/lib/python3.8/site-packages/airflow/example_dags/example_params_ui_tutorial.py
[2023-11-16T06:43:48.246+0000] {processor.py:839} INFO - DAG(s) dict_keys(['example_params_ui_tutorial']) retrieved from /home/airflow/.local/lib/python3.8/site-packages/airflow/example_dags/example_params_ui_tutorial.py
[2023-11-16T06:43:48.269+0000] {logging_mixin.py:154} INFO - [2023-11-16T06:43:48.269+0000] {dag.py:2941} INFO - Sync 1 DAGs
[2023-11-16T06:43:48.275+0000] {logging_mixin.py:154} INFO - [2023-11-16T06:43:48.275+0000] {dag.py:3722} INFO - Setting next_dagrun for example_params_ui_tutorial to None, run_after=None
[2023-11-16T06:43:48.288+0000] {processor.py:179} INFO - Processing /home/airflow/.local/lib/python3.8/site-packages/airflow/example_dags/example_params_ui_tutorial.py took 0.069 seconds
[2023-11-16T06:44:19.109+0000] {processor.py:157} INFO - Started process (PID=208) to work on /home/airflow/.local/lib/python3.8/site-packages/airflow/example_dags/example_params_ui_tutorial.py
[2023-11-16T06:44:19.110+0000] {processor.py:829} INFO - Processing file /home/airflow/.local/lib/python3.8/site-packages/airflow/example_dags/example_params_ui_tutorial.py for tasks to queue
[2023-11-16T06:44:19.111+0000] {logging_mixin.py:154} INFO - [2023-11-16T06:44:19.111+0000] {dagbag.py:536} INFO - Filling up the DagBag from /home/airflow/.local/lib/python3.8/site-packages/airflow/example_dags/example_params_ui_tutorial.py
[2023-11-16T06:44:19.131+0000] {processor.py:839} INFO - DAG(s) dict_keys(['example_params_ui_tutorial']) retrieved from /home/airflow/.local/lib/python3.8/site-packages/airflow/example_dags/example_params_ui_tutorial.py
[2023-11-16T06:44:19.155+0000] {logging_mixin.py:154} INFO - [2023-11-16T06:44:19.155+0000] {dag.py:2941} INFO - Sync 1 DAGs
[2023-11-16T06:44:19.161+0000] {logging_mixin.py:154} INFO - [2023-11-16T06:44:19.161+0000] {dag.py:3722} INFO - Setting next_dagrun for example_params_ui_tutorial to None, run_after=None
[2023-11-16T06:44:19.170+0000] {processor.py:179} INFO - Processing /home/airflow/.local/lib/python3.8/site-packages/airflow/example_dags/example_params_ui_tutorial.py took 0.063 seconds
[2023-11-16T06:44:49.910+0000] {processor.py:157} INFO - Started process (PID=263) to work on /home/airflow/.local/lib/python3.8/site-packages/airflow/example_dags/example_params_ui_tutorial.py
[2023-11-16T06:44:49.911+0000] {processor.py:829} INFO - Processing file /home/airflow/.local/lib/python3.8/site-packages/airflow/example_dags/example_params_ui_tutorial.py for tasks to queue
[2023-11-16T06:44:49.912+0000] {logging_mixin.py:154} INFO - [2023-11-16T06:44:49.912+0000] {dagbag.py:536} INFO - Filling up the DagBag from /home/airflow/.local/lib/python3.8/site-packages/airflow/example_dags/example_params_ui_tutorial.py
[2023-11-16T06:44:49.932+0000] {processor.py:839} INFO - DAG(s) dict_keys(['example_params_ui_tutorial']) retrieved from /home/airflow/.local/lib/python3.8/site-packages/airflow/example_dags/example_params_ui_tutorial.py
[2023-11-16T06:44:49.956+0000] {logging_mixin.py:154} INFO - [2023-11-16T06:44:49.956+0000] {dag.py:2941} INFO - Sync 1 DAGs
[2023-11-16T06:44:49.962+0000] {logging_mixin.py:154} INFO - [2023-11-16T06:44:49.962+0000] {dag.py:3722} INFO - Setting next_dagrun for example_params_ui_tutorial to None, run_after=None
[2023-11-16T06:44:49.971+0000] {processor.py:179} INFO - Processing /home/airflow/.local/lib/python3.8/site-packages/airflow/example_dags/example_params_ui_tutorial.py took 0.063 seconds
[2023-11-16T06:45:20.076+0000] {processor.py:157} INFO - Started process (PID=317) to work on /home/airflow/.local/lib/python3.8/site-packages/airflow/example_dags/example_params_ui_tutorial.py
[2023-11-16T06:45:20.077+0000] {processor.py:829} INFO - Processing file /home/airflow/.local/lib/python3.8/site-packages/airflow/example_dags/example_params_ui_tutorial.py for tasks to queue
[2023-11-16T06:45:20.078+0000] {logging_mixin.py:154} INFO - [2023-11-16T06:45:20.078+0000] {dagbag.py:536} INFO - Filling up the DagBag from /home/airflow/.local/lib/python3.8/site-packages/airflow/example_dags/example_params_ui_tutorial.py
[2023-11-16T06:45:20.098+0000] {processor.py:839} INFO - DAG(s) dict_keys(['example_params_ui_tutorial']) retrieved from /home/airflow/.local/lib/python3.8/site-packages/airflow/example_dags/example_params_ui_tutorial.py
[2023-11-16T06:45:20.123+0000] {logging_mixin.py:154} INFO - [2023-11-16T06:45:20.123+0000] {dag.py:2941} INFO - Sync 1 DAGs
[2023-11-16T06:45:20.130+0000] {logging_mixin.py:154} INFO - [2023-11-16T06:45:20.130+0000] {dag.py:3722} INFO - Setting next_dagrun for example_params_ui_tutorial to None, run_after=None
[2023-11-16T06:45:20.138+0000] {processor.py:179} INFO - Processing /home/airflow/.local/lib/python3.8/site-packages/airflow/example_dags/example_params_ui_tutorial.py took 0.064 seconds
[2023-11-16T06:45:50.307+0000] {processor.py:157} INFO - Started process (PID=371) to work on /home/airflow/.local/lib/python3.8/site-packages/airflow/example_dags/example_params_ui_tutorial.py
[2023-11-16T06:45:50.307+0000] {processor.py:829} INFO - Processing file /home/airflow/.local/lib/python3.8/site-packages/airflow/example_dags/example_params_ui_tutorial.py for tasks to queue
[2023-11-16T06:45:50.308+0000] {logging_mixin.py:154} INFO - [2023-11-16T06:45:50.308+0000] {dagbag.py:536} INFO - Filling up the DagBag from /home/airflow/.local/lib/python3.8/site-packages/airflow/example_dags/example_params_ui_tutorial.py
[2023-11-16T06:45:50.327+0000] {processor.py:839} INFO - DAG(s) dict_keys(['example_params_ui_tutorial']) retrieved from /home/airflow/.local/lib/python3.8/site-packages/airflow/example_dags/example_params_ui_tutorial.py
[2023-11-16T06:45:50.350+0000] {logging_mixin.py:154} INFO - [2023-11-16T06:45:50.350+0000] {dag.py:2941} INFO - Sync 1 DAGs
[2023-11-16T06:45:50.356+0000] {logging_mixin.py:154} INFO - [2023-11-16T06:45:50.356+0000] {dag.py:3722} INFO - Setting next_dagrun for example_params_ui_tutorial to None, run_after=None
[2023-11-16T06:45:50.364+0000] {processor.py:179} INFO - Processing /home/airflow/.local/lib/python3.8/site-packages/airflow/example_dags/example_params_ui_tutorial.py took 0.060 seconds
[2023-11-16T06:46:20.574+0000] {processor.py:157} INFO - Started process (PID=425) to work on /home/airflow/.local/lib/python3.8/site-packages/airflow/example_dags/example_params_ui_tutorial.py
[2023-11-16T06:46:20.575+0000] {processor.py:829} INFO - Processing file /home/airflow/.local/lib/python3.8/site-packages/airflow/example_dags/example_params_ui_tutorial.py for tasks to queue
[2023-11-16T06:46:20.576+0000] {logging_mixin.py:154} INFO - [2023-11-16T06:46:20.576+0000] {dagbag.py:536} INFO - Filling up the DagBag from /home/airflow/.local/lib/python3.8/site-packages/airflow/example_dags/example_params_ui_tutorial.py
[2023-11-16T06:46:20.602+0000] {processor.py:839} INFO - DAG(s) dict_keys(['example_params_ui_tutorial']) retrieved from /home/airflow/.local/lib/python3.8/site-packages/airflow/example_dags/example_params_ui_tutorial.py
[2023-11-16T06:46:20.630+0000] {logging_mixin.py:154} INFO - [2023-11-16T06:46:20.630+0000] {dag.py:2941} INFO - Sync 1 DAGs
[2023-11-16T06:46:20.636+0000] {logging_mixin.py:154} INFO - [2023-11-16T06:46:20.636+0000] {dag.py:3722} INFO - Setting next_dagrun for example_params_ui_tutorial to None, run_after=None
[2023-11-16T06:46:20.645+0000] {processor.py:179} INFO - Processing /home/airflow/.local/lib/python3.8/site-packages/airflow/example_dags/example_params_ui_tutorial.py took 0.072 seconds
[2023-11-16T06:46:50.753+0000] {processor.py:157} INFO - Started process (PID=479) to work on /home/airflow/.local/lib/python3.8/site-packages/airflow/example_dags/example_params_ui_tutorial.py
[2023-11-16T06:46:50.755+0000] {processor.py:829} INFO - Processing file /home/airflow/.local/lib/python3.8/site-packages/airflow/example_dags/example_params_ui_tutorial.py for tasks to queue
[2023-11-16T06:46:50.757+0000] {logging_mixin.py:154} INFO - [2023-11-16T06:46:50.757+0000] {dagbag.py:536} INFO - Filling up the DagBag from /home/airflow/.local/lib/python3.8/site-packages/airflow/example_dags/example_params_ui_tutorial.py
[2023-11-16T06:46:50.793+0000] {processor.py:839} INFO - DAG(s) dict_keys(['example_params_ui_tutorial']) retrieved from /home/airflow/.local/lib/python3.8/site-packages/airflow/example_dags/example_params_ui_tutorial.py
[2023-11-16T06:46:50.817+0000] {logging_mixin.py:154} INFO - [2023-11-16T06:46:50.817+0000] {dag.py:2941} INFO - Sync 1 DAGs
[2023-11-16T06:46:50.823+0000] {logging_mixin.py:154} INFO - [2023-11-16T06:46:50.823+0000] {dag.py:3722} INFO - Setting next_dagrun for example_params_ui_tutorial to None, run_after=None
[2023-11-16T06:46:50.835+0000] {processor.py:179} INFO - Processing /home/airflow/.local/lib/python3.8/site-packages/airflow/example_dags/example_params_ui_tutorial.py took 0.085 seconds
[2023-11-16T06:47:21.116+0000] {processor.py:157} INFO - Started process (PID=534) to work on /home/airflow/.local/lib/python3.8/site-packages/airflow/example_dags/example_params_ui_tutorial.py
[2023-11-16T06:47:21.117+0000] {processor.py:829} INFO - Processing file /home/airflow/.local/lib/python3.8/site-packages/airflow/example_dags/example_params_ui_tutorial.py for tasks to queue
[2023-11-16T06:47:21.119+0000] {logging_mixin.py:154} INFO - [2023-11-16T06:47:21.119+0000] {dagbag.py:536} INFO - Filling up the DagBag from /home/airflow/.local/lib/python3.8/site-packages/airflow/example_dags/example_params_ui_tutorial.py
[2023-11-16T06:47:21.140+0000] {processor.py:839} INFO - DAG(s) dict_keys(['example_params_ui_tutorial']) retrieved from /home/airflow/.local/lib/python3.8/site-packages/airflow/example_dags/example_params_ui_tutorial.py
[2023-11-16T06:47:21.171+0000] {logging_mixin.py:154} INFO - [2023-11-16T06:47:21.171+0000] {dag.py:2941} INFO - Sync 1 DAGs
[2023-11-16T06:47:21.178+0000] {logging_mixin.py:154} INFO - [2023-11-16T06:47:21.178+0000] {dag.py:3722} INFO - Setting next_dagrun for example_params_ui_tutorial to None, run_after=None
[2023-11-16T06:47:21.187+0000] {processor.py:179} INFO - Processing /home/airflow/.local/lib/python3.8/site-packages/airflow/example_dags/example_params_ui_tutorial.py took 0.073 seconds
[2023-11-16T06:47:51.326+0000] {processor.py:157} INFO - Started process (PID=588) to work on /home/airflow/.local/lib/python3.8/site-packages/airflow/example_dags/example_params_ui_tutorial.py
[2023-11-16T06:47:51.327+0000] {processor.py:829} INFO - Processing file /home/airflow/.local/lib/python3.8/site-packages/airflow/example_dags/example_params_ui_tutorial.py for tasks to queue
[2023-11-16T06:47:51.329+0000] {logging_mixin.py:154} INFO - [2023-11-16T06:47:51.329+0000] {dagbag.py:536} INFO - Filling up the DagBag from /home/airflow/.local/lib/python3.8/site-packages/airflow/example_dags/example_params_ui_tutorial.py
[2023-11-16T06:47:51.359+0000] {processor.py:839} INFO - DAG(s) dict_keys(['example_params_ui_tutorial']) retrieved from /home/airflow/.local/lib/python3.8/site-packages/airflow/example_dags/example_params_ui_tutorial.py
[2023-11-16T06:47:51.386+0000] {logging_mixin.py:154} INFO - [2023-11-16T06:47:51.386+0000] {dag.py:2941} INFO - Sync 1 DAGs
[2023-11-16T06:47:51.396+0000] {logging_mixin.py:154} INFO - [2023-11-16T06:47:51.396+0000] {dag.py:3722} INFO - Setting next_dagrun for example_params_ui_tutorial to None, run_after=None
[2023-11-16T06:47:51.412+0000] {processor.py:179} INFO - Processing /home/airflow/.local/lib/python3.8/site-packages/airflow/example_dags/example_params_ui_tutorial.py took 0.089 seconds
[2023-11-16T06:48:21.454+0000] {processor.py:157} INFO - Started process (PID=642) to work on /home/airflow/.local/lib/python3.8/site-packages/airflow/example_dags/example_params_ui_tutorial.py
[2023-11-16T06:48:21.455+0000] {processor.py:829} INFO - Processing file /home/airflow/.local/lib/python3.8/site-packages/airflow/example_dags/example_params_ui_tutorial.py for tasks to queue
[2023-11-16T06:48:21.457+0000] {logging_mixin.py:154} INFO - [2023-11-16T06:48:21.456+0000] {dagbag.py:536} INFO - Filling up the DagBag from /home/airflow/.local/lib/python3.8/site-packages/airflow/example_dags/example_params_ui_tutorial.py
[2023-11-16T06:48:21.476+0000] {processor.py:839} INFO - DAG(s) dict_keys(['example_params_ui_tutorial']) retrieved from /home/airflow/.local/lib/python3.8/site-packages/airflow/example_dags/example_params_ui_tutorial.py
[2023-11-16T06:48:21.500+0000] {logging_mixin.py:154} INFO - [2023-11-16T06:48:21.500+0000] {dag.py:2941} INFO - Sync 1 DAGs
[2023-11-16T06:48:21.506+0000] {logging_mixin.py:154} INFO - [2023-11-16T06:48:21.506+0000] {dag.py:3722} INFO - Setting next_dagrun for example_params_ui_tutorial to None, run_after=None
[2023-11-16T06:48:21.515+0000] {processor.py:179} INFO - Processing /home/airflow/.local/lib/python3.8/site-packages/airflow/example_dags/example_params_ui_tutorial.py took 0.063 seconds
[2023-11-16T06:48:51.909+0000] {processor.py:157} INFO - Started process (PID=696) to work on /home/airflow/.local/lib/python3.8/site-packages/airflow/example_dags/example_params_ui_tutorial.py
[2023-11-16T06:48:51.910+0000] {processor.py:829} INFO - Processing file /home/airflow/.local/lib/python3.8/site-packages/airflow/example_dags/example_params_ui_tutorial.py for tasks to queue
[2023-11-16T06:48:51.911+0000] {logging_mixin.py:154} INFO - [2023-11-16T06:48:51.911+0000] {dagbag.py:536} INFO - Filling up the DagBag from /home/airflow/.local/lib/python3.8/site-packages/airflow/example_dags/example_params_ui_tutorial.py
[2023-11-16T06:48:51.930+0000] {processor.py:839} INFO - DAG(s) dict_keys(['example_params_ui_tutorial']) retrieved from /home/airflow/.local/lib/python3.8/site-packages/airflow/example_dags/example_params_ui_tutorial.py
[2023-11-16T06:48:51.955+0000] {logging_mixin.py:154} INFO - [2023-11-16T06:48:51.955+0000] {dag.py:2941} INFO - Sync 1 DAGs
[2023-11-16T06:48:51.961+0000] {logging_mixin.py:154} INFO - [2023-11-16T06:48:51.961+0000] {dag.py:3722} INFO - Setting next_dagrun for example_params_ui_tutorial to None, run_after=None
[2023-11-16T06:48:51.970+0000] {processor.py:179} INFO - Processing /home/airflow/.local/lib/python3.8/site-packages/airflow/example_dags/example_params_ui_tutorial.py took 0.063 seconds
[2023-11-16T06:49:22.093+0000] {processor.py:157} INFO - Started process (PID=750) to work on /home/airflow/.local/lib/python3.8/site-packages/airflow/example_dags/example_params_ui_tutorial.py
[2023-11-16T06:49:22.094+0000] {processor.py:829} INFO - Processing file /home/airflow/.local/lib/python3.8/site-packages/airflow/example_dags/example_params_ui_tutorial.py for tasks to queue
[2023-11-16T06:49:22.096+0000] {logging_mixin.py:154} INFO - [2023-11-16T06:49:22.095+0000] {dagbag.py:536} INFO - Filling up the DagBag from /home/airflow/.local/lib/python3.8/site-packages/airflow/example_dags/example_params_ui_tutorial.py
[2023-11-16T06:49:22.115+0000] {processor.py:839} INFO - DAG(s) dict_keys(['example_params_ui_tutorial']) retrieved from /home/airflow/.local/lib/python3.8/site-packages/airflow/example_dags/example_params_ui_tutorial.py
[2023-11-16T06:49:22.140+0000] {logging_mixin.py:154} INFO - [2023-11-16T06:49:22.139+0000] {dag.py:2941} INFO - Sync 1 DAGs
[2023-11-16T06:49:22.146+0000] {logging_mixin.py:154} INFO - [2023-11-16T06:49:22.146+0000] {dag.py:3722} INFO - Setting next_dagrun for example_params_ui_tutorial to None, run_after=None
[2023-11-16T06:49:22.154+0000] {processor.py:179} INFO - Processing /home/airflow/.local/lib/python3.8/site-packages/airflow/example_dags/example_params_ui_tutorial.py took 0.063 seconds
[2023-11-16T06:49:52.421+0000] {processor.py:157} INFO - Started process (PID=804) to work on /home/airflow/.local/lib/python3.8/site-packages/airflow/example_dags/example_params_ui_tutorial.py
[2023-11-16T06:49:52.422+0000] {processor.py:829} INFO - Processing file /home/airflow/.local/lib/python3.8/site-packages/airflow/example_dags/example_params_ui_tutorial.py for tasks to queue
[2023-11-16T06:49:52.424+0000] {logging_mixin.py:154} INFO - [2023-11-16T06:49:52.424+0000] {dagbag.py:536} INFO - Filling up the DagBag from /home/airflow/.local/lib/python3.8/site-packages/airflow/example_dags/example_params_ui_tutorial.py
[2023-11-16T06:49:52.443+0000] {processor.py:839} INFO - DAG(s) dict_keys(['example_params_ui_tutorial']) retrieved from /home/airflow/.local/lib/python3.8/site-packages/airflow/example_dags/example_params_ui_tutorial.py
[2023-11-16T06:49:52.467+0000] {logging_mixin.py:154} INFO - [2023-11-16T06:49:52.467+0000] {dag.py:2941} INFO - Sync 1 DAGs
[2023-11-16T06:49:52.474+0000] {logging_mixin.py:154} INFO - [2023-11-16T06:49:52.474+0000] {dag.py:3722} INFO - Setting next_dagrun for example_params_ui_tutorial to None, run_after=None
[2023-11-16T06:49:52.484+0000] {processor.py:179} INFO - Processing /home/airflow/.local/lib/python3.8/site-packages/airflow/example_dags/example_params_ui_tutorial.py took 0.064 seconds
[2023-11-16T06:50:23.424+0000] {processor.py:157} INFO - Started process (PID=858) to work on /home/airflow/.local/lib/python3.8/site-packages/airflow/example_dags/example_params_ui_tutorial.py
[2023-11-16T06:50:23.425+0000] {processor.py:829} INFO - Processing file /home/airflow/.local/lib/python3.8/site-packages/airflow/example_dags/example_params_ui_tutorial.py for tasks to queue
[2023-11-16T06:50:23.427+0000] {logging_mixin.py:154} INFO - [2023-11-16T06:50:23.426+0000] {dagbag.py:536} INFO - Filling up the DagBag from /home/airflow/.local/lib/python3.8/site-packages/airflow/example_dags/example_params_ui_tutorial.py
[2023-11-16T06:50:23.447+0000] {processor.py:839} INFO - DAG(s) dict_keys(['example_params_ui_tutorial']) retrieved from /home/airflow/.local/lib/python3.8/site-packages/airflow/example_dags/example_params_ui_tutorial.py
[2023-11-16T06:50:23.471+0000] {logging_mixin.py:154} INFO - [2023-11-16T06:50:23.471+0000] {dag.py:2941} INFO - Sync 1 DAGs
[2023-11-16T06:50:23.478+0000] {logging_mixin.py:154} INFO - [2023-11-16T06:50:23.477+0000] {dag.py:3722} INFO - Setting next_dagrun for example_params_ui_tutorial to None, run_after=None
[2023-11-16T06:50:23.488+0000] {processor.py:179} INFO - Processing /home/airflow/.local/lib/python3.8/site-packages/airflow/example_dags/example_params_ui_tutorial.py took 0.066 seconds
[2023-11-16T06:50:53.875+0000] {processor.py:157} INFO - Started process (PID=912) to work on /home/airflow/.local/lib/python3.8/site-packages/airflow/example_dags/example_params_ui_tutorial.py
[2023-11-16T06:50:53.876+0000] {processor.py:829} INFO - Processing file /home/airflow/.local/lib/python3.8/site-packages/airflow/example_dags/example_params_ui_tutorial.py for tasks to queue
[2023-11-16T06:50:53.877+0000] {logging_mixin.py:154} INFO - [2023-11-16T06:50:53.877+0000] {dagbag.py:536} INFO - Filling up the DagBag from /home/airflow/.local/lib/python3.8/site-packages/airflow/example_dags/example_params_ui_tutorial.py
[2023-11-16T06:50:53.896+0000] {processor.py:839} INFO - DAG(s) dict_keys(['example_params_ui_tutorial']) retrieved from /home/airflow/.local/lib/python3.8/site-packages/airflow/example_dags/example_params_ui_tutorial.py
[2023-11-16T06:50:53.922+0000] {logging_mixin.py:154} INFO - [2023-11-16T06:50:53.922+0000] {dag.py:2941} INFO - Sync 1 DAGs
[2023-11-16T06:50:53.930+0000] {logging_mixin.py:154} INFO - [2023-11-16T06:50:53.930+0000] {dag.py:3722} INFO - Setting next_dagrun for example_params_ui_tutorial to None, run_after=None
[2023-11-16T06:50:53.939+0000] {processor.py:179} INFO - Processing /home/airflow/.local/lib/python3.8/site-packages/airflow/example_dags/example_params_ui_tutorial.py took 0.065 seconds
[2023-11-16T06:51:24.290+0000] {processor.py:157} INFO - Started process (PID=966) to work on /home/airflow/.local/lib/python3.8/site-packages/airflow/example_dags/example_params_ui_tutorial.py
[2023-11-16T06:51:24.291+0000] {processor.py:829} INFO - Processing file /home/airflow/.local/lib/python3.8/site-packages/airflow/example_dags/example_params_ui_tutorial.py for tasks to queue
[2023-11-16T06:51:24.292+0000] {logging_mixin.py:154} INFO - [2023-11-16T06:51:24.292+0000] {dagbag.py:536} INFO - Filling up the DagBag from /home/airflow/.local/lib/python3.8/site-packages/airflow/example_dags/example_params_ui_tutorial.py
[2023-11-16T06:51:24.311+0000] {processor.py:839} INFO - DAG(s) dict_keys(['example_params_ui_tutorial']) retrieved from /home/airflow/.local/lib/python3.8/site-packages/airflow/example_dags/example_params_ui_tutorial.py
[2023-11-16T06:51:24.336+0000] {logging_mixin.py:154} INFO - [2023-11-16T06:51:24.335+0000] {dag.py:2941} INFO - Sync 1 DAGs
[2023-11-16T06:51:24.441+0000] {logging_mixin.py:154} INFO - [2023-11-16T06:51:24.440+0000] {dag.py:3722} INFO - Setting next_dagrun for example_params_ui_tutorial to None, run_after=None
[2023-11-16T06:51:24.450+0000] {processor.py:179} INFO - Processing /home/airflow/.local/lib/python3.8/site-packages/airflow/example_dags/example_params_ui_tutorial.py took 0.162 seconds
[2023-11-16T06:51:54.997+0000] {processor.py:157} INFO - Started process (PID=1020) to work on /home/airflow/.local/lib/python3.8/site-packages/airflow/example_dags/example_params_ui_tutorial.py
[2023-11-16T06:51:54.998+0000] {processor.py:829} INFO - Processing file /home/airflow/.local/lib/python3.8/site-packages/airflow/example_dags/example_params_ui_tutorial.py for tasks to queue
[2023-11-16T06:51:55.000+0000] {logging_mixin.py:154} INFO - [2023-11-16T06:51:54.999+0000] {dagbag.py:536} INFO - Filling up the DagBag from /home/airflow/.local/lib/python3.8/site-packages/airflow/example_dags/example_params_ui_tutorial.py
[2023-11-16T06:51:55.019+0000] {processor.py:839} INFO - DAG(s) dict_keys(['example_params_ui_tutorial']) retrieved from /home/airflow/.local/lib/python3.8/site-packages/airflow/example_dags/example_params_ui_tutorial.py
[2023-11-16T06:51:55.044+0000] {logging_mixin.py:154} INFO - [2023-11-16T06:51:55.043+0000] {dag.py:2941} INFO - Sync 1 DAGs
[2023-11-16T06:51:55.051+0000] {logging_mixin.py:154} INFO - [2023-11-16T06:51:55.051+0000] {dag.py:3722} INFO - Setting next_dagrun for example_params_ui_tutorial to None, run_after=None
[2023-11-16T06:51:55.064+0000] {processor.py:179} INFO - Processing /home/airflow/.local/lib/python3.8/site-packages/airflow/example_dags/example_params_ui_tutorial.py took 0.069 seconds
[2023-11-16T06:52:26.002+0000] {processor.py:157} INFO - Started process (PID=1074) to work on /home/airflow/.local/lib/python3.8/site-packages/airflow/example_dags/example_params_ui_tutorial.py
[2023-11-16T06:52:26.002+0000] {processor.py:829} INFO - Processing file /home/airflow/.local/lib/python3.8/site-packages/airflow/example_dags/example_params_ui_tutorial.py for tasks to queue
[2023-11-16T06:52:26.004+0000] {logging_mixin.py:154} INFO - [2023-11-16T06:52:26.004+0000] {dagbag.py:536} INFO - Filling up the DagBag from /home/airflow/.local/lib/python3.8/site-packages/airflow/example_dags/example_params_ui_tutorial.py
[2023-11-16T06:52:26.024+0000] {processor.py:839} INFO - DAG(s) dict_keys(['example_params_ui_tutorial']) retrieved from /home/airflow/.local/lib/python3.8/site-packages/airflow/example_dags/example_params_ui_tutorial.py
[2023-11-16T06:52:26.048+0000] {logging_mixin.py:154} INFO - [2023-11-16T06:52:26.048+0000] {dag.py:2941} INFO - Sync 1 DAGs
[2023-11-16T06:52:26.054+0000] {logging_mixin.py:154} INFO - [2023-11-16T06:52:26.054+0000] {dag.py:3722} INFO - Setting next_dagrun for example_params_ui_tutorial to None, run_after=None
[2023-11-16T06:52:26.063+0000] {processor.py:179} INFO - Processing /home/airflow/.local/lib/python3.8/site-packages/airflow/example_dags/example_params_ui_tutorial.py took 0.064 seconds
[2023-11-16T06:52:56.465+0000] {processor.py:157} INFO - Started process (PID=1129) to work on /home/airflow/.local/lib/python3.8/site-packages/airflow/example_dags/example_params_ui_tutorial.py
[2023-11-16T06:52:56.466+0000] {processor.py:829} INFO - Processing file /home/airflow/.local/lib/python3.8/site-packages/airflow/example_dags/example_params_ui_tutorial.py for tasks to queue
[2023-11-16T06:52:56.467+0000] {logging_mixin.py:154} INFO - [2023-11-16T06:52:56.467+0000] {dagbag.py:536} INFO - Filling up the DagBag from /home/airflow/.local/lib/python3.8/site-packages/airflow/example_dags/example_params_ui_tutorial.py
[2023-11-16T06:52:56.486+0000] {processor.py:839} INFO - DAG(s) dict_keys(['example_params_ui_tutorial']) retrieved from /home/airflow/.local/lib/python3.8/site-packages/airflow/example_dags/example_params_ui_tutorial.py
[2023-11-16T06:52:56.512+0000] {logging_mixin.py:154} INFO - [2023-11-16T06:52:56.512+0000] {dag.py:2941} INFO - Sync 1 DAGs
[2023-11-16T06:52:56.523+0000] {logging_mixin.py:154} INFO - [2023-11-16T06:52:56.523+0000] {dag.py:3722} INFO - Setting next_dagrun for example_params_ui_tutorial to None, run_after=None
[2023-11-16T06:52:56.535+0000] {processor.py:179} INFO - Processing /home/airflow/.local/lib/python3.8/site-packages/airflow/example_dags/example_params_ui_tutorial.py took 0.071 seconds
[2023-11-16T06:53:28.222+0000] {processor.py:157} INFO - Started process (PID=1182) to work on /home/airflow/.local/lib/python3.8/site-packages/airflow/example_dags/example_params_ui_tutorial.py
[2023-11-16T06:53:28.222+0000] {processor.py:829} INFO - Processing file /home/airflow/.local/lib/python3.8/site-packages/airflow/example_dags/example_params_ui_tutorial.py for tasks to queue
[2023-11-16T06:53:28.224+0000] {logging_mixin.py:154} INFO - [2023-11-16T06:53:28.223+0000] {dagbag.py:536} INFO - Filling up the DagBag from /home/airflow/.local/lib/python3.8/site-packages/airflow/example_dags/example_params_ui_tutorial.py
[2023-11-16T06:53:28.243+0000] {processor.py:839} INFO - DAG(s) dict_keys(['example_params_ui_tutorial']) retrieved from /home/airflow/.local/lib/python3.8/site-packages/airflow/example_dags/example_params_ui_tutorial.py
[2023-11-16T06:53:28.278+0000] {logging_mixin.py:154} INFO - [2023-11-16T06:53:28.278+0000] {dag.py:2941} INFO - Sync 1 DAGs
[2023-11-16T06:53:28.284+0000] {logging_mixin.py:154} INFO - [2023-11-16T06:53:28.284+0000] {dag.py:3722} INFO - Setting next_dagrun for example_params_ui_tutorial to None, run_after=None
[2023-11-16T06:53:28.292+0000] {processor.py:179} INFO - Processing /home/airflow/.local/lib/python3.8/site-packages/airflow/example_dags/example_params_ui_tutorial.py took 0.072 seconds
[2023-11-16T06:53:59.226+0000] {processor.py:157} INFO - Started process (PID=1236) to work on /home/airflow/.local/lib/python3.8/site-packages/airflow/example_dags/example_params_ui_tutorial.py
[2023-11-16T06:53:59.227+0000] {processor.py:829} INFO - Processing file /home/airflow/.local/lib/python3.8/site-packages/airflow/example_dags/example_params_ui_tutorial.py for tasks to queue
[2023-11-16T06:53:59.228+0000] {logging_mixin.py:154} INFO - [2023-11-16T06:53:59.228+0000] {dagbag.py:536} INFO - Filling up the DagBag from /home/airflow/.local/lib/python3.8/site-packages/airflow/example_dags/example_params_ui_tutorial.py
[2023-11-16T06:53:59.246+0000] {processor.py:839} INFO - DAG(s) dict_keys(['example_params_ui_tutorial']) retrieved from /home/airflow/.local/lib/python3.8/site-packages/airflow/example_dags/example_params_ui_tutorial.py
[2023-11-16T06:53:59.272+0000] {logging_mixin.py:154} INFO - [2023-11-16T06:53:59.272+0000] {dag.py:2941} INFO - Sync 1 DAGs
[2023-11-16T06:53:59.372+0000] {logging_mixin.py:154} INFO - [2023-11-16T06:53:59.372+0000] {dag.py:3722} INFO - Setting next_dagrun for example_params_ui_tutorial to None, run_after=None
[2023-11-16T06:53:59.380+0000] {processor.py:179} INFO - Processing /home/airflow/.local/lib/python3.8/site-packages/airflow/example_dags/example_params_ui_tutorial.py took 0.156 seconds
[2023-11-16T06:54:30.026+0000] {processor.py:157} INFO - Started process (PID=1290) to work on /home/airflow/.local/lib/python3.8/site-packages/airflow/example_dags/example_params_ui_tutorial.py
[2023-11-16T06:54:30.027+0000] {processor.py:829} INFO - Processing file /home/airflow/.local/lib/python3.8/site-packages/airflow/example_dags/example_params_ui_tutorial.py for tasks to queue
[2023-11-16T06:54:30.029+0000] {logging_mixin.py:154} INFO - [2023-11-16T06:54:30.028+0000] {dagbag.py:536} INFO - Filling up the DagBag from /home/airflow/.local/lib/python3.8/site-packages/airflow/example_dags/example_params_ui_tutorial.py
[2023-11-16T06:54:30.047+0000] {processor.py:839} INFO - DAG(s) dict_keys(['example_params_ui_tutorial']) retrieved from /home/airflow/.local/lib/python3.8/site-packages/airflow/example_dags/example_params_ui_tutorial.py
[2023-11-16T06:54:30.073+0000] {logging_mixin.py:154} INFO - [2023-11-16T06:54:30.073+0000] {dag.py:2941} INFO - Sync 1 DAGs
[2023-11-16T06:54:30.081+0000] {logging_mixin.py:154} INFO - [2023-11-16T06:54:30.080+0000] {dag.py:3722} INFO - Setting next_dagrun for example_params_ui_tutorial to None, run_after=None
[2023-11-16T06:54:30.205+0000] {processor.py:179} INFO - Processing /home/airflow/.local/lib/python3.8/site-packages/airflow/example_dags/example_params_ui_tutorial.py took 0.181 seconds
[2023-11-16T06:55:00.440+0000] {processor.py:157} INFO - Started process (PID=1344) to work on /home/airflow/.local/lib/python3.8/site-packages/airflow/example_dags/example_params_ui_tutorial.py
[2023-11-16T06:55:00.441+0000] {processor.py:829} INFO - Processing file /home/airflow/.local/lib/python3.8/site-packages/airflow/example_dags/example_params_ui_tutorial.py for tasks to queue
[2023-11-16T06:55:00.443+0000] {logging_mixin.py:154} INFO - [2023-11-16T06:55:00.442+0000] {dagbag.py:536} INFO - Filling up the DagBag from /home/airflow/.local/lib/python3.8/site-packages/airflow/example_dags/example_params_ui_tutorial.py
[2023-11-16T06:55:00.462+0000] {processor.py:839} INFO - DAG(s) dict_keys(['example_params_ui_tutorial']) retrieved from /home/airflow/.local/lib/python3.8/site-packages/airflow/example_dags/example_params_ui_tutorial.py
[2023-11-16T06:55:00.487+0000] {logging_mixin.py:154} INFO - [2023-11-16T06:55:00.487+0000] {dag.py:2941} INFO - Sync 1 DAGs
[2023-11-16T06:55:00.495+0000] {logging_mixin.py:154} INFO - [2023-11-16T06:55:00.495+0000] {dag.py:3722} INFO - Setting next_dagrun for example_params_ui_tutorial to None, run_after=None
[2023-11-16T06:55:00.505+0000] {processor.py:179} INFO - Processing /home/airflow/.local/lib/python3.8/site-packages/airflow/example_dags/example_params_ui_tutorial.py took 0.066 seconds
[2023-11-16T06:55:31.948+0000] {processor.py:157} INFO - Started process (PID=1398) to work on /home/airflow/.local/lib/python3.8/site-packages/airflow/example_dags/example_params_ui_tutorial.py
[2023-11-16T06:55:31.949+0000] {processor.py:829} INFO - Processing file /home/airflow/.local/lib/python3.8/site-packages/airflow/example_dags/example_params_ui_tutorial.py for tasks to queue
[2023-11-16T06:55:31.950+0000] {logging_mixin.py:154} INFO - [2023-11-16T06:55:31.950+0000] {dagbag.py:536} INFO - Filling up the DagBag from /home/airflow/.local/lib/python3.8/site-packages/airflow/example_dags/example_params_ui_tutorial.py
[2023-11-16T06:55:31.973+0000] {processor.py:839} INFO - DAG(s) dict_keys(['example_params_ui_tutorial']) retrieved from /home/airflow/.local/lib/python3.8/site-packages/airflow/example_dags/example_params_ui_tutorial.py
[2023-11-16T06:55:31.997+0000] {logging_mixin.py:154} INFO - [2023-11-16T06:55:31.997+0000] {dag.py:2941} INFO - Sync 1 DAGs
[2023-11-16T06:55:32.003+0000] {logging_mixin.py:154} INFO - [2023-11-16T06:55:32.003+0000] {dag.py:3722} INFO - Setting next_dagrun for example_params_ui_tutorial to None, run_after=None
[2023-11-16T06:55:32.011+0000] {processor.py:179} INFO - Processing /home/airflow/.local/lib/python3.8/site-packages/airflow/example_dags/example_params_ui_tutorial.py took 0.065 seconds
[2023-11-16T06:56:02.110+0000] {processor.py:157} INFO - Started process (PID=1452) to work on /home/airflow/.local/lib/python3.8/site-packages/airflow/example_dags/example_params_ui_tutorial.py
[2023-11-16T06:56:02.110+0000] {processor.py:829} INFO - Processing file /home/airflow/.local/lib/python3.8/site-packages/airflow/example_dags/example_params_ui_tutorial.py for tasks to queue
[2023-11-16T06:56:02.112+0000] {logging_mixin.py:154} INFO - [2023-11-16T06:56:02.112+0000] {dagbag.py:536} INFO - Filling up the DagBag from /home/airflow/.local/lib/python3.8/site-packages/airflow/example_dags/example_params_ui_tutorial.py
[2023-11-16T06:56:02.131+0000] {processor.py:839} INFO - DAG(s) dict_keys(['example_params_ui_tutorial']) retrieved from /home/airflow/.local/lib/python3.8/site-packages/airflow/example_dags/example_params_ui_tutorial.py
[2023-11-16T06:56:02.155+0000] {logging_mixin.py:154} INFO - [2023-11-16T06:56:02.154+0000] {dag.py:2941} INFO - Sync 1 DAGs
[2023-11-16T06:56:02.160+0000] {logging_mixin.py:154} INFO - [2023-11-16T06:56:02.160+0000] {dag.py:3722} INFO - Setting next_dagrun for example_params_ui_tutorial to None, run_after=None
[2023-11-16T06:56:02.168+0000] {processor.py:179} INFO - Processing /home/airflow/.local/lib/python3.8/site-packages/airflow/example_dags/example_params_ui_tutorial.py took 0.060 seconds
[2023-11-16T06:56:33.074+0000] {processor.py:157} INFO - Started process (PID=1506) to work on /home/airflow/.local/lib/python3.8/site-packages/airflow/example_dags/example_params_ui_tutorial.py
[2023-11-16T06:56:33.074+0000] {processor.py:829} INFO - Processing file /home/airflow/.local/lib/python3.8/site-packages/airflow/example_dags/example_params_ui_tutorial.py for tasks to queue
[2023-11-16T06:56:33.076+0000] {logging_mixin.py:154} INFO - [2023-11-16T06:56:33.076+0000] {dagbag.py:536} INFO - Filling up the DagBag from /home/airflow/.local/lib/python3.8/site-packages/airflow/example_dags/example_params_ui_tutorial.py
[2023-11-16T06:56:33.095+0000] {processor.py:839} INFO - DAG(s) dict_keys(['example_params_ui_tutorial']) retrieved from /home/airflow/.local/lib/python3.8/site-packages/airflow/example_dags/example_params_ui_tutorial.py
[2023-11-16T06:56:33.119+0000] {logging_mixin.py:154} INFO - [2023-11-16T06:56:33.119+0000] {dag.py:2941} INFO - Sync 1 DAGs
[2023-11-16T06:56:33.125+0000] {logging_mixin.py:154} INFO - [2023-11-16T06:56:33.125+0000] {dag.py:3722} INFO - Setting next_dagrun for example_params_ui_tutorial to None, run_after=None
[2023-11-16T06:56:33.134+0000] {processor.py:179} INFO - Processing /home/airflow/.local/lib/python3.8/site-packages/airflow/example_dags/example_params_ui_tutorial.py took 0.062 seconds
[2023-11-16T06:57:04.110+0000] {processor.py:157} INFO - Started process (PID=1560) to work on /home/airflow/.local/lib/python3.8/site-packages/airflow/example_dags/example_params_ui_tutorial.py
[2023-11-16T06:57:04.111+0000] {processor.py:829} INFO - Processing file /home/airflow/.local/lib/python3.8/site-packages/airflow/example_dags/example_params_ui_tutorial.py for tasks to queue
[2023-11-16T06:57:04.113+0000] {logging_mixin.py:154} INFO - [2023-11-16T06:57:04.113+0000] {dagbag.py:536} INFO - Filling up the DagBag from /home/airflow/.local/lib/python3.8/site-packages/airflow/example_dags/example_params_ui_tutorial.py
[2023-11-16T06:57:04.134+0000] {processor.py:839} INFO - DAG(s) dict_keys(['example_params_ui_tutorial']) retrieved from /home/airflow/.local/lib/python3.8/site-packages/airflow/example_dags/example_params_ui_tutorial.py
[2023-11-16T06:57:04.158+0000] {logging_mixin.py:154} INFO - [2023-11-16T06:57:04.158+0000] {dag.py:2941} INFO - Sync 1 DAGs
[2023-11-16T06:57:04.165+0000] {logging_mixin.py:154} INFO - [2023-11-16T06:57:04.165+0000] {dag.py:3722} INFO - Setting next_dagrun for example_params_ui_tutorial to None, run_after=None
[2023-11-16T06:57:04.175+0000] {processor.py:179} INFO - Processing /home/airflow/.local/lib/python3.8/site-packages/airflow/example_dags/example_params_ui_tutorial.py took 0.067 seconds
[2023-11-16T06:57:34.992+0000] {processor.py:157} INFO - Started process (PID=1614) to work on /home/airflow/.local/lib/python3.8/site-packages/airflow/example_dags/example_params_ui_tutorial.py
[2023-11-16T06:57:34.993+0000] {processor.py:829} INFO - Processing file /home/airflow/.local/lib/python3.8/site-packages/airflow/example_dags/example_params_ui_tutorial.py for tasks to queue
[2023-11-16T06:57:34.994+0000] {logging_mixin.py:154} INFO - [2023-11-16T06:57:34.994+0000] {dagbag.py:536} INFO - Filling up the DagBag from /home/airflow/.local/lib/python3.8/site-packages/airflow/example_dags/example_params_ui_tutorial.py
[2023-11-16T06:57:35.014+0000] {processor.py:839} INFO - DAG(s) dict_keys(['example_params_ui_tutorial']) retrieved from /home/airflow/.local/lib/python3.8/site-packages/airflow/example_dags/example_params_ui_tutorial.py
[2023-11-16T06:57:35.040+0000] {logging_mixin.py:154} INFO - [2023-11-16T06:57:35.040+0000] {dag.py:2941} INFO - Sync 1 DAGs
[2023-11-16T06:57:35.047+0000] {logging_mixin.py:154} INFO - [2023-11-16T06:57:35.047+0000] {dag.py:3722} INFO - Setting next_dagrun for example_params_ui_tutorial to None, run_after=None
[2023-11-16T06:57:35.057+0000] {processor.py:179} INFO - Processing /home/airflow/.local/lib/python3.8/site-packages/airflow/example_dags/example_params_ui_tutorial.py took 0.068 seconds
[2023-11-16T06:58:06.109+0000] {processor.py:157} INFO - Started process (PID=1668) to work on /home/airflow/.local/lib/python3.8/site-packages/airflow/example_dags/example_params_ui_tutorial.py
[2023-11-16T06:58:06.110+0000] {processor.py:829} INFO - Processing file /home/airflow/.local/lib/python3.8/site-packages/airflow/example_dags/example_params_ui_tutorial.py for tasks to queue
[2023-11-16T06:58:06.111+0000] {logging_mixin.py:154} INFO - [2023-11-16T06:58:06.111+0000] {dagbag.py:536} INFO - Filling up the DagBag from /home/airflow/.local/lib/python3.8/site-packages/airflow/example_dags/example_params_ui_tutorial.py
[2023-11-16T06:58:06.132+0000] {processor.py:839} INFO - DAG(s) dict_keys(['example_params_ui_tutorial']) retrieved from /home/airflow/.local/lib/python3.8/site-packages/airflow/example_dags/example_params_ui_tutorial.py
[2023-11-16T06:58:06.155+0000] {logging_mixin.py:154} INFO - [2023-11-16T06:58:06.155+0000] {dag.py:2941} INFO - Sync 1 DAGs
[2023-11-16T06:58:06.161+0000] {logging_mixin.py:154} INFO - [2023-11-16T06:58:06.161+0000] {dag.py:3722} INFO - Setting next_dagrun for example_params_ui_tutorial to None, run_after=None
[2023-11-16T06:58:06.171+0000] {processor.py:179} INFO - Processing /home/airflow/.local/lib/python3.8/site-packages/airflow/example_dags/example_params_ui_tutorial.py took 0.064 seconds
[2023-11-16T06:58:37.130+0000] {processor.py:157} INFO - Started process (PID=1722) to work on /home/airflow/.local/lib/python3.8/site-packages/airflow/example_dags/example_params_ui_tutorial.py
[2023-11-16T06:58:37.131+0000] {processor.py:829} INFO - Processing file /home/airflow/.local/lib/python3.8/site-packages/airflow/example_dags/example_params_ui_tutorial.py for tasks to queue
[2023-11-16T06:58:37.132+0000] {logging_mixin.py:154} INFO - [2023-11-16T06:58:37.132+0000] {dagbag.py:536} INFO - Filling up the DagBag from /home/airflow/.local/lib/python3.8/site-packages/airflow/example_dags/example_params_ui_tutorial.py
[2023-11-16T06:58:37.153+0000] {processor.py:839} INFO - DAG(s) dict_keys(['example_params_ui_tutorial']) retrieved from /home/airflow/.local/lib/python3.8/site-packages/airflow/example_dags/example_params_ui_tutorial.py
[2023-11-16T06:58:37.177+0000] {logging_mixin.py:154} INFO - [2023-11-16T06:58:37.177+0000] {dag.py:2941} INFO - Sync 1 DAGs
[2023-11-16T06:58:37.183+0000] {logging_mixin.py:154} INFO - [2023-11-16T06:58:37.183+0000] {dag.py:3722} INFO - Setting next_dagrun for example_params_ui_tutorial to None, run_after=None
[2023-11-16T06:58:37.192+0000] {processor.py:179} INFO - Processing /home/airflow/.local/lib/python3.8/site-packages/airflow/example_dags/example_params_ui_tutorial.py took 0.064 seconds
[2023-11-16T06:59:08.260+0000] {processor.py:157} INFO - Started process (PID=1776) to work on /home/airflow/.local/lib/python3.8/site-packages/airflow/example_dags/example_params_ui_tutorial.py
[2023-11-16T06:59:08.261+0000] {processor.py:829} INFO - Processing file /home/airflow/.local/lib/python3.8/site-packages/airflow/example_dags/example_params_ui_tutorial.py for tasks to queue
[2023-11-16T06:59:08.263+0000] {logging_mixin.py:154} INFO - [2023-11-16T06:59:08.263+0000] {dagbag.py:536} INFO - Filling up the DagBag from /home/airflow/.local/lib/python3.8/site-packages/airflow/example_dags/example_params_ui_tutorial.py
[2023-11-16T06:59:08.283+0000] {processor.py:839} INFO - DAG(s) dict_keys(['example_params_ui_tutorial']) retrieved from /home/airflow/.local/lib/python3.8/site-packages/airflow/example_dags/example_params_ui_tutorial.py
[2023-11-16T06:59:08.307+0000] {logging_mixin.py:154} INFO - [2023-11-16T06:59:08.307+0000] {dag.py:2941} INFO - Sync 1 DAGs
[2023-11-16T06:59:08.313+0000] {logging_mixin.py:154} INFO - [2023-11-16T06:59:08.313+0000] {dag.py:3722} INFO - Setting next_dagrun for example_params_ui_tutorial to None, run_after=None
[2023-11-16T06:59:08.321+0000] {processor.py:179} INFO - Processing /home/airflow/.local/lib/python3.8/site-packages/airflow/example_dags/example_params_ui_tutorial.py took 0.063 seconds
[2023-11-16T06:59:39.183+0000] {processor.py:157} INFO - Started process (PID=1829) to work on /home/airflow/.local/lib/python3.8/site-packages/airflow/example_dags/example_params_ui_tutorial.py
[2023-11-16T06:59:39.183+0000] {processor.py:829} INFO - Processing file /home/airflow/.local/lib/python3.8/site-packages/airflow/example_dags/example_params_ui_tutorial.py for tasks to queue
[2023-11-16T06:59:39.185+0000] {logging_mixin.py:154} INFO - [2023-11-16T06:59:39.185+0000] {dagbag.py:536} INFO - Filling up the DagBag from /home/airflow/.local/lib/python3.8/site-packages/airflow/example_dags/example_params_ui_tutorial.py
[2023-11-16T06:59:39.210+0000] {processor.py:839} INFO - DAG(s) dict_keys(['example_params_ui_tutorial']) retrieved from /home/airflow/.local/lib/python3.8/site-packages/airflow/example_dags/example_params_ui_tutorial.py
[2023-11-16T06:59:39.234+0000] {logging_mixin.py:154} INFO - [2023-11-16T06:59:39.234+0000] {dag.py:2941} INFO - Sync 1 DAGs
[2023-11-16T06:59:39.241+0000] {logging_mixin.py:154} INFO - [2023-11-16T06:59:39.241+0000] {dag.py:3722} INFO - Setting next_dagrun for example_params_ui_tutorial to None, run_after=None
[2023-11-16T06:59:39.249+0000] {processor.py:179} INFO - Processing /home/airflow/.local/lib/python3.8/site-packages/airflow/example_dags/example_params_ui_tutorial.py took 0.069 seconds
[2023-11-16T07:00:09.408+0000] {processor.py:157} INFO - Started process (PID=1883) to work on /home/airflow/.local/lib/python3.8/site-packages/airflow/example_dags/example_params_ui_tutorial.py
[2023-11-16T07:00:09.409+0000] {processor.py:829} INFO - Processing file /home/airflow/.local/lib/python3.8/site-packages/airflow/example_dags/example_params_ui_tutorial.py for tasks to queue
[2023-11-16T07:00:09.410+0000] {logging_mixin.py:154} INFO - [2023-11-16T07:00:09.410+0000] {dagbag.py:536} INFO - Filling up the DagBag from /home/airflow/.local/lib/python3.8/site-packages/airflow/example_dags/example_params_ui_tutorial.py
[2023-11-16T07:00:09.429+0000] {processor.py:839} INFO - DAG(s) dict_keys(['example_params_ui_tutorial']) retrieved from /home/airflow/.local/lib/python3.8/site-packages/airflow/example_dags/example_params_ui_tutorial.py
[2023-11-16T07:00:09.452+0000] {logging_mixin.py:154} INFO - [2023-11-16T07:00:09.452+0000] {dag.py:2941} INFO - Sync 1 DAGs
[2023-11-16T07:00:09.458+0000] {logging_mixin.py:154} INFO - [2023-11-16T07:00:09.458+0000] {dag.py:3722} INFO - Setting next_dagrun for example_params_ui_tutorial to None, run_after=None
[2023-11-16T07:00:09.466+0000] {processor.py:179} INFO - Processing /home/airflow/.local/lib/python3.8/site-packages/airflow/example_dags/example_params_ui_tutorial.py took 0.060 seconds
[2023-11-16T07:00:39.514+0000] {processor.py:157} INFO - Started process (PID=1937) to work on /home/airflow/.local/lib/python3.8/site-packages/airflow/example_dags/example_params_ui_tutorial.py
[2023-11-16T07:00:39.515+0000] {processor.py:829} INFO - Processing file /home/airflow/.local/lib/python3.8/site-packages/airflow/example_dags/example_params_ui_tutorial.py for tasks to queue
[2023-11-16T07:00:39.517+0000] {logging_mixin.py:154} INFO - [2023-11-16T07:00:39.516+0000] {dagbag.py:536} INFO - Filling up the DagBag from /home/airflow/.local/lib/python3.8/site-packages/airflow/example_dags/example_params_ui_tutorial.py
[2023-11-16T07:00:39.536+0000] {processor.py:839} INFO - DAG(s) dict_keys(['example_params_ui_tutorial']) retrieved from /home/airflow/.local/lib/python3.8/site-packages/airflow/example_dags/example_params_ui_tutorial.py
[2023-11-16T07:00:39.561+0000] {logging_mixin.py:154} INFO - [2023-11-16T07:00:39.561+0000] {dag.py:2941} INFO - Sync 1 DAGs
[2023-11-16T07:00:39.567+0000] {logging_mixin.py:154} INFO - [2023-11-16T07:00:39.567+0000] {dag.py:3722} INFO - Setting next_dagrun for example_params_ui_tutorial to None, run_after=None
[2023-11-16T07:00:39.574+0000] {processor.py:179} INFO - Processing /home/airflow/.local/lib/python3.8/site-packages/airflow/example_dags/example_params_ui_tutorial.py took 0.062 seconds
[2023-11-16T07:01:10.619+0000] {processor.py:157} INFO - Started process (PID=1991) to work on /home/airflow/.local/lib/python3.8/site-packages/airflow/example_dags/example_params_ui_tutorial.py
[2023-11-16T07:01:10.620+0000] {processor.py:829} INFO - Processing file /home/airflow/.local/lib/python3.8/site-packages/airflow/example_dags/example_params_ui_tutorial.py for tasks to queue
[2023-11-16T07:01:10.622+0000] {logging_mixin.py:154} INFO - [2023-11-16T07:01:10.621+0000] {dagbag.py:536} INFO - Filling up the DagBag from /home/airflow/.local/lib/python3.8/site-packages/airflow/example_dags/example_params_ui_tutorial.py
[2023-11-16T07:01:10.642+0000] {processor.py:839} INFO - DAG(s) dict_keys(['example_params_ui_tutorial']) retrieved from /home/airflow/.local/lib/python3.8/site-packages/airflow/example_dags/example_params_ui_tutorial.py
[2023-11-16T07:01:10.666+0000] {logging_mixin.py:154} INFO - [2023-11-16T07:01:10.666+0000] {dag.py:2941} INFO - Sync 1 DAGs
[2023-11-16T07:01:10.672+0000] {logging_mixin.py:154} INFO - [2023-11-16T07:01:10.672+0000] {dag.py:3722} INFO - Setting next_dagrun for example_params_ui_tutorial to None, run_after=None
[2023-11-16T07:01:10.682+0000] {processor.py:179} INFO - Processing /home/airflow/.local/lib/python3.8/site-packages/airflow/example_dags/example_params_ui_tutorial.py took 0.065 seconds
[2023-11-16T07:01:41.594+0000] {processor.py:157} INFO - Started process (PID=2045) to work on /home/airflow/.local/lib/python3.8/site-packages/airflow/example_dags/example_params_ui_tutorial.py
[2023-11-16T07:01:41.595+0000] {processor.py:829} INFO - Processing file /home/airflow/.local/lib/python3.8/site-packages/airflow/example_dags/example_params_ui_tutorial.py for tasks to queue
[2023-11-16T07:01:41.597+0000] {logging_mixin.py:154} INFO - [2023-11-16T07:01:41.597+0000] {dagbag.py:536} INFO - Filling up the DagBag from /home/airflow/.local/lib/python3.8/site-packages/airflow/example_dags/example_params_ui_tutorial.py
[2023-11-16T07:01:41.618+0000] {processor.py:839} INFO - DAG(s) dict_keys(['example_params_ui_tutorial']) retrieved from /home/airflow/.local/lib/python3.8/site-packages/airflow/example_dags/example_params_ui_tutorial.py
[2023-11-16T07:01:41.644+0000] {logging_mixin.py:154} INFO - [2023-11-16T07:01:41.644+0000] {dag.py:2941} INFO - Sync 1 DAGs
[2023-11-16T07:01:41.651+0000] {logging_mixin.py:154} INFO - [2023-11-16T07:01:41.651+0000] {dag.py:3722} INFO - Setting next_dagrun for example_params_ui_tutorial to None, run_after=None
[2023-11-16T07:01:41.660+0000] {processor.py:179} INFO - Processing /home/airflow/.local/lib/python3.8/site-packages/airflow/example_dags/example_params_ui_tutorial.py took 0.068 seconds
[2023-11-16T07:02:12.685+0000] {processor.py:157} INFO - Started process (PID=2104) to work on /home/airflow/.local/lib/python3.8/site-packages/airflow/example_dags/example_params_ui_tutorial.py
[2023-11-16T07:02:12.686+0000] {processor.py:829} INFO - Processing file /home/airflow/.local/lib/python3.8/site-packages/airflow/example_dags/example_params_ui_tutorial.py for tasks to queue
[2023-11-16T07:02:12.688+0000] {logging_mixin.py:154} INFO - [2023-11-16T07:02:12.688+0000] {dagbag.py:536} INFO - Filling up the DagBag from /home/airflow/.local/lib/python3.8/site-packages/airflow/example_dags/example_params_ui_tutorial.py
[2023-11-16T07:02:12.708+0000] {processor.py:839} INFO - DAG(s) dict_keys(['example_params_ui_tutorial']) retrieved from /home/airflow/.local/lib/python3.8/site-packages/airflow/example_dags/example_params_ui_tutorial.py
[2023-11-16T07:02:12.733+0000] {logging_mixin.py:154} INFO - [2023-11-16T07:02:12.733+0000] {dag.py:2941} INFO - Sync 1 DAGs
[2023-11-16T07:02:12.739+0000] {logging_mixin.py:154} INFO - [2023-11-16T07:02:12.739+0000] {dag.py:3722} INFO - Setting next_dagrun for example_params_ui_tutorial to None, run_after=None
[2023-11-16T07:02:12.749+0000] {processor.py:179} INFO - Processing /home/airflow/.local/lib/python3.8/site-packages/airflow/example_dags/example_params_ui_tutorial.py took 0.065 seconds
[2023-11-16T07:02:42.817+0000] {processor.py:157} INFO - Started process (PID=2158) to work on /home/airflow/.local/lib/python3.8/site-packages/airflow/example_dags/example_params_ui_tutorial.py
[2023-11-16T07:02:42.818+0000] {processor.py:829} INFO - Processing file /home/airflow/.local/lib/python3.8/site-packages/airflow/example_dags/example_params_ui_tutorial.py for tasks to queue
[2023-11-16T07:02:42.820+0000] {logging_mixin.py:154} INFO - [2023-11-16T07:02:42.820+0000] {dagbag.py:536} INFO - Filling up the DagBag from /home/airflow/.local/lib/python3.8/site-packages/airflow/example_dags/example_params_ui_tutorial.py
[2023-11-16T07:02:42.839+0000] {processor.py:839} INFO - DAG(s) dict_keys(['example_params_ui_tutorial']) retrieved from /home/airflow/.local/lib/python3.8/site-packages/airflow/example_dags/example_params_ui_tutorial.py
[2023-11-16T07:02:42.862+0000] {logging_mixin.py:154} INFO - [2023-11-16T07:02:42.862+0000] {dag.py:2941} INFO - Sync 1 DAGs
[2023-11-16T07:02:42.867+0000] {logging_mixin.py:154} INFO - [2023-11-16T07:02:42.867+0000] {dag.py:3722} INFO - Setting next_dagrun for example_params_ui_tutorial to None, run_after=None
[2023-11-16T07:02:42.875+0000] {processor.py:179} INFO - Processing /home/airflow/.local/lib/python3.8/site-packages/airflow/example_dags/example_params_ui_tutorial.py took 0.059 seconds
[2023-11-16T07:03:12.958+0000] {processor.py:157} INFO - Started process (PID=2212) to work on /home/airflow/.local/lib/python3.8/site-packages/airflow/example_dags/example_params_ui_tutorial.py
[2023-11-16T07:03:12.959+0000] {processor.py:829} INFO - Processing file /home/airflow/.local/lib/python3.8/site-packages/airflow/example_dags/example_params_ui_tutorial.py for tasks to queue
[2023-11-16T07:03:12.961+0000] {logging_mixin.py:154} INFO - [2023-11-16T07:03:12.960+0000] {dagbag.py:536} INFO - Filling up the DagBag from /home/airflow/.local/lib/python3.8/site-packages/airflow/example_dags/example_params_ui_tutorial.py
[2023-11-16T07:03:12.979+0000] {processor.py:839} INFO - DAG(s) dict_keys(['example_params_ui_tutorial']) retrieved from /home/airflow/.local/lib/python3.8/site-packages/airflow/example_dags/example_params_ui_tutorial.py
[2023-11-16T07:03:13.003+0000] {logging_mixin.py:154} INFO - [2023-11-16T07:03:13.003+0000] {dag.py:2941} INFO - Sync 1 DAGs
[2023-11-16T07:03:13.009+0000] {logging_mixin.py:154} INFO - [2023-11-16T07:03:13.009+0000] {dag.py:3722} INFO - Setting next_dagrun for example_params_ui_tutorial to None, run_after=None
[2023-11-16T07:03:13.017+0000] {processor.py:179} INFO - Processing /home/airflow/.local/lib/python3.8/site-packages/airflow/example_dags/example_params_ui_tutorial.py took 0.061 seconds
[2023-11-16T07:03:43.102+0000] {processor.py:157} INFO - Started process (PID=2266) to work on /home/airflow/.local/lib/python3.8/site-packages/airflow/example_dags/example_params_ui_tutorial.py
[2023-11-16T07:03:43.103+0000] {processor.py:829} INFO - Processing file /home/airflow/.local/lib/python3.8/site-packages/airflow/example_dags/example_params_ui_tutorial.py for tasks to queue
[2023-11-16T07:03:43.105+0000] {logging_mixin.py:154} INFO - [2023-11-16T07:03:43.105+0000] {dagbag.py:536} INFO - Filling up the DagBag from /home/airflow/.local/lib/python3.8/site-packages/airflow/example_dags/example_params_ui_tutorial.py
[2023-11-16T07:03:43.126+0000] {processor.py:839} INFO - DAG(s) dict_keys(['example_params_ui_tutorial']) retrieved from /home/airflow/.local/lib/python3.8/site-packages/airflow/example_dags/example_params_ui_tutorial.py
[2023-11-16T07:03:43.151+0000] {logging_mixin.py:154} INFO - [2023-11-16T07:03:43.151+0000] {dag.py:2941} INFO - Sync 1 DAGs
[2023-11-16T07:03:43.157+0000] {logging_mixin.py:154} INFO - [2023-11-16T07:03:43.157+0000] {dag.py:3722} INFO - Setting next_dagrun for example_params_ui_tutorial to None, run_after=None
[2023-11-16T07:03:43.167+0000] {processor.py:179} INFO - Processing /home/airflow/.local/lib/python3.8/site-packages/airflow/example_dags/example_params_ui_tutorial.py took 0.067 seconds
[2023-11-16T07:04:13.320+0000] {processor.py:157} INFO - Started process (PID=2320) to work on /home/airflow/.local/lib/python3.8/site-packages/airflow/example_dags/example_params_ui_tutorial.py
[2023-11-16T07:04:13.321+0000] {processor.py:829} INFO - Processing file /home/airflow/.local/lib/python3.8/site-packages/airflow/example_dags/example_params_ui_tutorial.py for tasks to queue
[2023-11-16T07:04:13.322+0000] {logging_mixin.py:154} INFO - [2023-11-16T07:04:13.322+0000] {dagbag.py:536} INFO - Filling up the DagBag from /home/airflow/.local/lib/python3.8/site-packages/airflow/example_dags/example_params_ui_tutorial.py
[2023-11-16T07:04:13.343+0000] {processor.py:839} INFO - DAG(s) dict_keys(['example_params_ui_tutorial']) retrieved from /home/airflow/.local/lib/python3.8/site-packages/airflow/example_dags/example_params_ui_tutorial.py
[2023-11-16T07:04:13.368+0000] {logging_mixin.py:154} INFO - [2023-11-16T07:04:13.368+0000] {dag.py:2941} INFO - Sync 1 DAGs
[2023-11-16T07:04:13.375+0000] {logging_mixin.py:154} INFO - [2023-11-16T07:04:13.375+0000] {dag.py:3722} INFO - Setting next_dagrun for example_params_ui_tutorial to None, run_after=None
[2023-11-16T07:04:13.386+0000] {processor.py:179} INFO - Processing /home/airflow/.local/lib/python3.8/site-packages/airflow/example_dags/example_params_ui_tutorial.py took 0.068 seconds
[2023-11-16T07:04:44.408+0000] {processor.py:157} INFO - Started process (PID=2374) to work on /home/airflow/.local/lib/python3.8/site-packages/airflow/example_dags/example_params_ui_tutorial.py
[2023-11-16T07:04:44.409+0000] {processor.py:829} INFO - Processing file /home/airflow/.local/lib/python3.8/site-packages/airflow/example_dags/example_params_ui_tutorial.py for tasks to queue
[2023-11-16T07:04:44.410+0000] {logging_mixin.py:154} INFO - [2023-11-16T07:04:44.410+0000] {dagbag.py:536} INFO - Filling up the DagBag from /home/airflow/.local/lib/python3.8/site-packages/airflow/example_dags/example_params_ui_tutorial.py
[2023-11-16T07:04:44.431+0000] {processor.py:839} INFO - DAG(s) dict_keys(['example_params_ui_tutorial']) retrieved from /home/airflow/.local/lib/python3.8/site-packages/airflow/example_dags/example_params_ui_tutorial.py
[2023-11-16T07:04:44.455+0000] {logging_mixin.py:154} INFO - [2023-11-16T07:04:44.455+0000] {dag.py:2941} INFO - Sync 1 DAGs
[2023-11-16T07:04:44.461+0000] {logging_mixin.py:154} INFO - [2023-11-16T07:04:44.461+0000] {dag.py:3722} INFO - Setting next_dagrun for example_params_ui_tutorial to None, run_after=None
[2023-11-16T07:04:44.469+0000] {processor.py:179} INFO - Processing /home/airflow/.local/lib/python3.8/site-packages/airflow/example_dags/example_params_ui_tutorial.py took 0.063 seconds
[2023-11-16T07:05:15.519+0000] {processor.py:157} INFO - Started process (PID=2428) to work on /home/airflow/.local/lib/python3.8/site-packages/airflow/example_dags/example_params_ui_tutorial.py
[2023-11-16T07:05:15.520+0000] {processor.py:829} INFO - Processing file /home/airflow/.local/lib/python3.8/site-packages/airflow/example_dags/example_params_ui_tutorial.py for tasks to queue
[2023-11-16T07:05:15.522+0000] {logging_mixin.py:154} INFO - [2023-11-16T07:05:15.522+0000] {dagbag.py:536} INFO - Filling up the DagBag from /home/airflow/.local/lib/python3.8/site-packages/airflow/example_dags/example_params_ui_tutorial.py
[2023-11-16T07:05:15.542+0000] {processor.py:839} INFO - DAG(s) dict_keys(['example_params_ui_tutorial']) retrieved from /home/airflow/.local/lib/python3.8/site-packages/airflow/example_dags/example_params_ui_tutorial.py
[2023-11-16T07:05:15.565+0000] {logging_mixin.py:154} INFO - [2023-11-16T07:05:15.565+0000] {dag.py:2941} INFO - Sync 1 DAGs
[2023-11-16T07:05:15.572+0000] {logging_mixin.py:154} INFO - [2023-11-16T07:05:15.572+0000] {dag.py:3722} INFO - Setting next_dagrun for example_params_ui_tutorial to None, run_after=None
[2023-11-16T07:05:15.581+0000] {processor.py:179} INFO - Processing /home/airflow/.local/lib/python3.8/site-packages/airflow/example_dags/example_params_ui_tutorial.py took 0.064 seconds
[2023-11-16T07:05:46.581+0000] {processor.py:157} INFO - Started process (PID=2482) to work on /home/airflow/.local/lib/python3.8/site-packages/airflow/example_dags/example_params_ui_tutorial.py
[2023-11-16T07:05:46.582+0000] {processor.py:829} INFO - Processing file /home/airflow/.local/lib/python3.8/site-packages/airflow/example_dags/example_params_ui_tutorial.py for tasks to queue
[2023-11-16T07:05:46.583+0000] {logging_mixin.py:154} INFO - [2023-11-16T07:05:46.583+0000] {dagbag.py:536} INFO - Filling up the DagBag from /home/airflow/.local/lib/python3.8/site-packages/airflow/example_dags/example_params_ui_tutorial.py
[2023-11-16T07:05:46.604+0000] {processor.py:839} INFO - DAG(s) dict_keys(['example_params_ui_tutorial']) retrieved from /home/airflow/.local/lib/python3.8/site-packages/airflow/example_dags/example_params_ui_tutorial.py
[2023-11-16T07:05:46.627+0000] {logging_mixin.py:154} INFO - [2023-11-16T07:05:46.627+0000] {dag.py:2941} INFO - Sync 1 DAGs
[2023-11-16T07:05:46.633+0000] {logging_mixin.py:154} INFO - [2023-11-16T07:05:46.632+0000] {dag.py:3722} INFO - Setting next_dagrun for example_params_ui_tutorial to None, run_after=None
[2023-11-16T07:05:46.642+0000] {processor.py:179} INFO - Processing /home/airflow/.local/lib/python3.8/site-packages/airflow/example_dags/example_params_ui_tutorial.py took 0.063 seconds
