[2023-11-16T06:18:13.853+0000] {processor.py:157} INFO - Started process (PID=75) to work on /home/airflow/.local/lib/python3.8/site-packages/airflow/example_dags/example_xcom.py
[2023-11-16T06:18:13.856+0000] {processor.py:829} INFO - Processing file /home/airflow/.local/lib/python3.8/site-packages/airflow/example_dags/example_xcom.py for tasks to queue
[2023-11-16T06:18:13.859+0000] {logging_mixin.py:154} INFO - [2023-11-16T06:18:13.858+0000] {dagbag.py:536} INFO - Filling up the DagBag from /home/airflow/.local/lib/python3.8/site-packages/airflow/example_dags/example_xcom.py
[2023-11-16T06:18:13.868+0000] {processor.py:839} INFO - DAG(s) dict_keys(['example_xcom']) retrieved from /home/airflow/.local/lib/python3.8/site-packages/airflow/example_dags/example_xcom.py
[2023-11-16T06:18:13.883+0000] {logging_mixin.py:154} INFO - [2023-11-16T06:18:13.883+0000] {dag.py:2941} INFO - Sync 1 DAGs
[2023-11-16T06:18:13.901+0000] {logging_mixin.py:154} INFO - [2023-11-16T06:18:13.901+0000] {dag.py:3722} INFO - Setting next_dagrun for example_xcom to 2021-01-01T00:00:00+00:00, run_after=2021-01-01T00:00:00+00:00
[2023-11-16T06:18:13.917+0000] {processor.py:179} INFO - Processing /home/airflow/.local/lib/python3.8/site-packages/airflow/example_dags/example_xcom.py took 0.069 seconds
[2023-11-16T06:18:44.221+0000] {processor.py:157} INFO - Started process (PID=129) to work on /home/airflow/.local/lib/python3.8/site-packages/airflow/example_dags/example_xcom.py
[2023-11-16T06:18:44.222+0000] {processor.py:829} INFO - Processing file /home/airflow/.local/lib/python3.8/site-packages/airflow/example_dags/example_xcom.py for tasks to queue
[2023-11-16T06:18:44.224+0000] {logging_mixin.py:154} INFO - [2023-11-16T06:18:44.223+0000] {dagbag.py:536} INFO - Filling up the DagBag from /home/airflow/.local/lib/python3.8/site-packages/airflow/example_dags/example_xcom.py
[2023-11-16T06:18:44.229+0000] {processor.py:839} INFO - DAG(s) dict_keys(['example_xcom']) retrieved from /home/airflow/.local/lib/python3.8/site-packages/airflow/example_dags/example_xcom.py
[2023-11-16T06:18:44.246+0000] {logging_mixin.py:154} INFO - [2023-11-16T06:18:44.246+0000] {dag.py:2941} INFO - Sync 1 DAGs
[2023-11-16T06:18:44.263+0000] {logging_mixin.py:154} INFO - [2023-11-16T06:18:44.263+0000] {dag.py:3722} INFO - Setting next_dagrun for example_xcom to 2021-01-01T00:00:00+00:00, run_after=2021-01-01T00:00:00+00:00
[2023-11-16T06:18:44.273+0000] {processor.py:179} INFO - Processing /home/airflow/.local/lib/python3.8/site-packages/airflow/example_dags/example_xcom.py took 0.055 seconds
[2023-11-16T06:19:15.056+0000] {processor.py:157} INFO - Started process (PID=183) to work on /home/airflow/.local/lib/python3.8/site-packages/airflow/example_dags/example_xcom.py
[2023-11-16T06:19:15.058+0000] {processor.py:829} INFO - Processing file /home/airflow/.local/lib/python3.8/site-packages/airflow/example_dags/example_xcom.py for tasks to queue
[2023-11-16T06:19:15.061+0000] {logging_mixin.py:154} INFO - [2023-11-16T06:19:15.061+0000] {dagbag.py:536} INFO - Filling up the DagBag from /home/airflow/.local/lib/python3.8/site-packages/airflow/example_dags/example_xcom.py
[2023-11-16T06:19:15.070+0000] {processor.py:839} INFO - DAG(s) dict_keys(['example_xcom']) retrieved from /home/airflow/.local/lib/python3.8/site-packages/airflow/example_dags/example_xcom.py
[2023-11-16T06:19:15.089+0000] {logging_mixin.py:154} INFO - [2023-11-16T06:19:15.089+0000] {dag.py:2941} INFO - Sync 1 DAGs
[2023-11-16T06:19:15.103+0000] {logging_mixin.py:154} INFO - [2023-11-16T06:19:15.103+0000] {dag.py:3722} INFO - Setting next_dagrun for example_xcom to 2021-01-01T00:00:00+00:00, run_after=2021-01-01T00:00:00+00:00
[2023-11-16T06:19:15.114+0000] {processor.py:179} INFO - Processing /home/airflow/.local/lib/python3.8/site-packages/airflow/example_dags/example_xcom.py took 0.063 seconds
[2023-11-16T06:19:45.310+0000] {processor.py:157} INFO - Started process (PID=236) to work on /home/airflow/.local/lib/python3.8/site-packages/airflow/example_dags/example_xcom.py
[2023-11-16T06:19:45.311+0000] {processor.py:829} INFO - Processing file /home/airflow/.local/lib/python3.8/site-packages/airflow/example_dags/example_xcom.py for tasks to queue
[2023-11-16T06:19:45.313+0000] {logging_mixin.py:154} INFO - [2023-11-16T06:19:45.313+0000] {dagbag.py:536} INFO - Filling up the DagBag from /home/airflow/.local/lib/python3.8/site-packages/airflow/example_dags/example_xcom.py
[2023-11-16T06:19:45.323+0000] {processor.py:839} INFO - DAG(s) dict_keys(['example_xcom']) retrieved from /home/airflow/.local/lib/python3.8/site-packages/airflow/example_dags/example_xcom.py
[2023-11-16T06:19:45.353+0000] {logging_mixin.py:154} INFO - [2023-11-16T06:19:45.353+0000] {dag.py:2941} INFO - Sync 1 DAGs
[2023-11-16T06:19:45.370+0000] {logging_mixin.py:154} INFO - [2023-11-16T06:19:45.369+0000] {dag.py:3722} INFO - Setting next_dagrun for example_xcom to 2021-01-01T00:00:00+00:00, run_after=2021-01-01T00:00:00+00:00
[2023-11-16T06:19:45.380+0000] {processor.py:179} INFO - Processing /home/airflow/.local/lib/python3.8/site-packages/airflow/example_dags/example_xcom.py took 0.074 seconds
[2023-11-16T06:20:15.621+0000] {processor.py:157} INFO - Started process (PID=291) to work on /home/airflow/.local/lib/python3.8/site-packages/airflow/example_dags/example_xcom.py
[2023-11-16T06:20:15.623+0000] {processor.py:829} INFO - Processing file /home/airflow/.local/lib/python3.8/site-packages/airflow/example_dags/example_xcom.py for tasks to queue
[2023-11-16T06:20:15.625+0000] {logging_mixin.py:154} INFO - [2023-11-16T06:20:15.625+0000] {dagbag.py:536} INFO - Filling up the DagBag from /home/airflow/.local/lib/python3.8/site-packages/airflow/example_dags/example_xcom.py
[2023-11-16T06:20:15.633+0000] {processor.py:839} INFO - DAG(s) dict_keys(['example_xcom']) retrieved from /home/airflow/.local/lib/python3.8/site-packages/airflow/example_dags/example_xcom.py
[2023-11-16T06:20:15.651+0000] {logging_mixin.py:154} INFO - [2023-11-16T06:20:15.651+0000] {dag.py:2941} INFO - Sync 1 DAGs
[2023-11-16T06:20:15.665+0000] {logging_mixin.py:154} INFO - [2023-11-16T06:20:15.665+0000] {dag.py:3722} INFO - Setting next_dagrun for example_xcom to 2021-01-01T00:00:00+00:00, run_after=2021-01-01T00:00:00+00:00
[2023-11-16T06:20:15.676+0000] {processor.py:179} INFO - Processing /home/airflow/.local/lib/python3.8/site-packages/airflow/example_dags/example_xcom.py took 0.059 seconds
[2023-11-16T06:20:46.665+0000] {processor.py:157} INFO - Started process (PID=345) to work on /home/airflow/.local/lib/python3.8/site-packages/airflow/example_dags/example_xcom.py
[2023-11-16T06:20:46.667+0000] {processor.py:829} INFO - Processing file /home/airflow/.local/lib/python3.8/site-packages/airflow/example_dags/example_xcom.py for tasks to queue
[2023-11-16T06:20:46.670+0000] {logging_mixin.py:154} INFO - [2023-11-16T06:20:46.669+0000] {dagbag.py:536} INFO - Filling up the DagBag from /home/airflow/.local/lib/python3.8/site-packages/airflow/example_dags/example_xcom.py
[2023-11-16T06:20:46.676+0000] {processor.py:839} INFO - DAG(s) dict_keys(['example_xcom']) retrieved from /home/airflow/.local/lib/python3.8/site-packages/airflow/example_dags/example_xcom.py
[2023-11-16T06:20:46.695+0000] {logging_mixin.py:154} INFO - [2023-11-16T06:20:46.695+0000] {dag.py:2941} INFO - Sync 1 DAGs
[2023-11-16T06:20:46.712+0000] {logging_mixin.py:154} INFO - [2023-11-16T06:20:46.712+0000] {dag.py:3722} INFO - Setting next_dagrun for example_xcom to 2021-01-01T00:00:00+00:00, run_after=2021-01-01T00:00:00+00:00
[2023-11-16T06:20:46.726+0000] {processor.py:179} INFO - Processing /home/airflow/.local/lib/python3.8/site-packages/airflow/example_dags/example_xcom.py took 0.063 seconds
[2023-11-16T06:21:17.759+0000] {processor.py:157} INFO - Started process (PID=399) to work on /home/airflow/.local/lib/python3.8/site-packages/airflow/example_dags/example_xcom.py
[2023-11-16T06:21:17.761+0000] {processor.py:829} INFO - Processing file /home/airflow/.local/lib/python3.8/site-packages/airflow/example_dags/example_xcom.py for tasks to queue
[2023-11-16T06:21:17.764+0000] {logging_mixin.py:154} INFO - [2023-11-16T06:21:17.763+0000] {dagbag.py:536} INFO - Filling up the DagBag from /home/airflow/.local/lib/python3.8/site-packages/airflow/example_dags/example_xcom.py
[2023-11-16T06:21:17.773+0000] {processor.py:839} INFO - DAG(s) dict_keys(['example_xcom']) retrieved from /home/airflow/.local/lib/python3.8/site-packages/airflow/example_dags/example_xcom.py
[2023-11-16T06:21:17.791+0000] {logging_mixin.py:154} INFO - [2023-11-16T06:21:17.791+0000] {dag.py:2941} INFO - Sync 1 DAGs
[2023-11-16T06:21:17.804+0000] {logging_mixin.py:154} INFO - [2023-11-16T06:21:17.804+0000] {dag.py:3722} INFO - Setting next_dagrun for example_xcom to 2021-01-01T00:00:00+00:00, run_after=2021-01-01T00:00:00+00:00
[2023-11-16T06:21:17.814+0000] {processor.py:179} INFO - Processing /home/airflow/.local/lib/python3.8/site-packages/airflow/example_dags/example_xcom.py took 0.059 seconds
[2023-11-16T06:21:47.863+0000] {processor.py:157} INFO - Started process (PID=452) to work on /home/airflow/.local/lib/python3.8/site-packages/airflow/example_dags/example_xcom.py
[2023-11-16T06:21:47.865+0000] {processor.py:829} INFO - Processing file /home/airflow/.local/lib/python3.8/site-packages/airflow/example_dags/example_xcom.py for tasks to queue
[2023-11-16T06:21:47.868+0000] {logging_mixin.py:154} INFO - [2023-11-16T06:21:47.868+0000] {dagbag.py:536} INFO - Filling up the DagBag from /home/airflow/.local/lib/python3.8/site-packages/airflow/example_dags/example_xcom.py
[2023-11-16T06:21:47.878+0000] {processor.py:839} INFO - DAG(s) dict_keys(['example_xcom']) retrieved from /home/airflow/.local/lib/python3.8/site-packages/airflow/example_dags/example_xcom.py
[2023-11-16T06:21:47.898+0000] {logging_mixin.py:154} INFO - [2023-11-16T06:21:47.898+0000] {dag.py:2941} INFO - Sync 1 DAGs
[2023-11-16T06:21:47.912+0000] {logging_mixin.py:154} INFO - [2023-11-16T06:21:47.912+0000] {dag.py:3722} INFO - Setting next_dagrun for example_xcom to 2021-01-01T00:00:00+00:00, run_after=2021-01-01T00:00:00+00:00
[2023-11-16T06:21:47.923+0000] {processor.py:179} INFO - Processing /home/airflow/.local/lib/python3.8/site-packages/airflow/example_dags/example_xcom.py took 0.065 seconds
[2023-11-16T06:22:18.088+0000] {processor.py:157} INFO - Started process (PID=506) to work on /home/airflow/.local/lib/python3.8/site-packages/airflow/example_dags/example_xcom.py
[2023-11-16T06:22:18.091+0000] {processor.py:829} INFO - Processing file /home/airflow/.local/lib/python3.8/site-packages/airflow/example_dags/example_xcom.py for tasks to queue
[2023-11-16T06:22:18.094+0000] {logging_mixin.py:154} INFO - [2023-11-16T06:22:18.094+0000] {dagbag.py:536} INFO - Filling up the DagBag from /home/airflow/.local/lib/python3.8/site-packages/airflow/example_dags/example_xcom.py
[2023-11-16T06:22:18.104+0000] {processor.py:839} INFO - DAG(s) dict_keys(['example_xcom']) retrieved from /home/airflow/.local/lib/python3.8/site-packages/airflow/example_dags/example_xcom.py
[2023-11-16T06:22:18.122+0000] {logging_mixin.py:154} INFO - [2023-11-16T06:22:18.122+0000] {dag.py:2941} INFO - Sync 1 DAGs
[2023-11-16T06:22:18.136+0000] {logging_mixin.py:154} INFO - [2023-11-16T06:22:18.136+0000] {dag.py:3722} INFO - Setting next_dagrun for example_xcom to 2021-01-01T00:00:00+00:00, run_after=2021-01-01T00:00:00+00:00
[2023-11-16T06:22:18.145+0000] {processor.py:179} INFO - Processing /home/airflow/.local/lib/python3.8/site-packages/airflow/example_dags/example_xcom.py took 0.063 seconds
[2023-11-16T06:22:48.337+0000] {processor.py:157} INFO - Started process (PID=560) to work on /home/airflow/.local/lib/python3.8/site-packages/airflow/example_dags/example_xcom.py
[2023-11-16T06:22:48.340+0000] {processor.py:829} INFO - Processing file /home/airflow/.local/lib/python3.8/site-packages/airflow/example_dags/example_xcom.py for tasks to queue
[2023-11-16T06:22:48.345+0000] {logging_mixin.py:154} INFO - [2023-11-16T06:22:48.344+0000] {dagbag.py:536} INFO - Filling up the DagBag from /home/airflow/.local/lib/python3.8/site-packages/airflow/example_dags/example_xcom.py
[2023-11-16T06:22:48.359+0000] {processor.py:839} INFO - DAG(s) dict_keys(['example_xcom']) retrieved from /home/airflow/.local/lib/python3.8/site-packages/airflow/example_dags/example_xcom.py
[2023-11-16T06:22:48.378+0000] {logging_mixin.py:154} INFO - [2023-11-16T06:22:48.378+0000] {dag.py:2941} INFO - Sync 1 DAGs
[2023-11-16T06:22:48.394+0000] {logging_mixin.py:154} INFO - [2023-11-16T06:22:48.394+0000] {dag.py:3722} INFO - Setting next_dagrun for example_xcom to 2021-01-01T00:00:00+00:00, run_after=2021-01-01T00:00:00+00:00
[2023-11-16T06:22:48.404+0000] {processor.py:179} INFO - Processing /home/airflow/.local/lib/python3.8/site-packages/airflow/example_dags/example_xcom.py took 0.074 seconds
[2023-11-16T06:23:18.757+0000] {processor.py:157} INFO - Started process (PID=614) to work on /home/airflow/.local/lib/python3.8/site-packages/airflow/example_dags/example_xcom.py
[2023-11-16T06:23:18.759+0000] {processor.py:829} INFO - Processing file /home/airflow/.local/lib/python3.8/site-packages/airflow/example_dags/example_xcom.py for tasks to queue
[2023-11-16T06:23:18.764+0000] {logging_mixin.py:154} INFO - [2023-11-16T06:23:18.764+0000] {dagbag.py:536} INFO - Filling up the DagBag from /home/airflow/.local/lib/python3.8/site-packages/airflow/example_dags/example_xcom.py
[2023-11-16T06:23:18.776+0000] {processor.py:839} INFO - DAG(s) dict_keys(['example_xcom']) retrieved from /home/airflow/.local/lib/python3.8/site-packages/airflow/example_dags/example_xcom.py
[2023-11-16T06:23:18.796+0000] {logging_mixin.py:154} INFO - [2023-11-16T06:23:18.796+0000] {dag.py:2941} INFO - Sync 1 DAGs
[2023-11-16T06:23:18.823+0000] {logging_mixin.py:154} INFO - [2023-11-16T06:23:18.823+0000] {dag.py:3722} INFO - Setting next_dagrun for example_xcom to 2021-01-01T00:00:00+00:00, run_after=2021-01-01T00:00:00+00:00
[2023-11-16T06:23:18.834+0000] {processor.py:179} INFO - Processing /home/airflow/.local/lib/python3.8/site-packages/airflow/example_dags/example_xcom.py took 0.085 seconds
[2023-11-16T06:23:48.909+0000] {processor.py:157} INFO - Started process (PID=668) to work on /home/airflow/.local/lib/python3.8/site-packages/airflow/example_dags/example_xcom.py
[2023-11-16T06:23:48.912+0000] {processor.py:829} INFO - Processing file /home/airflow/.local/lib/python3.8/site-packages/airflow/example_dags/example_xcom.py for tasks to queue
[2023-11-16T06:23:48.917+0000] {logging_mixin.py:154} INFO - [2023-11-16T06:23:48.917+0000] {dagbag.py:536} INFO - Filling up the DagBag from /home/airflow/.local/lib/python3.8/site-packages/airflow/example_dags/example_xcom.py
[2023-11-16T06:23:48.930+0000] {processor.py:839} INFO - DAG(s) dict_keys(['example_xcom']) retrieved from /home/airflow/.local/lib/python3.8/site-packages/airflow/example_dags/example_xcom.py
[2023-11-16T06:23:48.950+0000] {logging_mixin.py:154} INFO - [2023-11-16T06:23:48.950+0000] {dag.py:2941} INFO - Sync 1 DAGs
[2023-11-16T06:23:48.966+0000] {logging_mixin.py:154} INFO - [2023-11-16T06:23:48.966+0000] {dag.py:3722} INFO - Setting next_dagrun for example_xcom to 2021-01-01T00:00:00+00:00, run_after=2021-01-01T00:00:00+00:00
[2023-11-16T06:23:48.976+0000] {processor.py:179} INFO - Processing /home/airflow/.local/lib/python3.8/site-packages/airflow/example_dags/example_xcom.py took 0.076 seconds
[2023-11-16T06:24:19.177+0000] {processor.py:157} INFO - Started process (PID=722) to work on /home/airflow/.local/lib/python3.8/site-packages/airflow/example_dags/example_xcom.py
[2023-11-16T06:24:19.179+0000] {processor.py:829} INFO - Processing file /home/airflow/.local/lib/python3.8/site-packages/airflow/example_dags/example_xcom.py for tasks to queue
[2023-11-16T06:24:19.182+0000] {logging_mixin.py:154} INFO - [2023-11-16T06:24:19.181+0000] {dagbag.py:536} INFO - Filling up the DagBag from /home/airflow/.local/lib/python3.8/site-packages/airflow/example_dags/example_xcom.py
[2023-11-16T06:24:19.191+0000] {processor.py:839} INFO - DAG(s) dict_keys(['example_xcom']) retrieved from /home/airflow/.local/lib/python3.8/site-packages/airflow/example_dags/example_xcom.py
[2023-11-16T06:24:19.211+0000] {logging_mixin.py:154} INFO - [2023-11-16T06:24:19.211+0000] {dag.py:2941} INFO - Sync 1 DAGs
[2023-11-16T06:24:19.229+0000] {logging_mixin.py:154} INFO - [2023-11-16T06:24:19.229+0000] {dag.py:3722} INFO - Setting next_dagrun for example_xcom to 2021-01-01T00:00:00+00:00, run_after=2021-01-01T00:00:00+00:00
[2023-11-16T06:24:19.244+0000] {processor.py:179} INFO - Processing /home/airflow/.local/lib/python3.8/site-packages/airflow/example_dags/example_xcom.py took 0.071 seconds
[2023-11-16T06:24:49.299+0000] {processor.py:157} INFO - Started process (PID=776) to work on /home/airflow/.local/lib/python3.8/site-packages/airflow/example_dags/example_xcom.py
[2023-11-16T06:24:49.303+0000] {processor.py:829} INFO - Processing file /home/airflow/.local/lib/python3.8/site-packages/airflow/example_dags/example_xcom.py for tasks to queue
[2023-11-16T06:24:49.308+0000] {logging_mixin.py:154} INFO - [2023-11-16T06:24:49.307+0000] {dagbag.py:536} INFO - Filling up the DagBag from /home/airflow/.local/lib/python3.8/site-packages/airflow/example_dags/example_xcom.py
[2023-11-16T06:24:49.323+0000] {processor.py:839} INFO - DAG(s) dict_keys(['example_xcom']) retrieved from /home/airflow/.local/lib/python3.8/site-packages/airflow/example_dags/example_xcom.py
[2023-11-16T06:24:49.378+0000] {logging_mixin.py:154} INFO - [2023-11-16T06:24:49.378+0000] {dag.py:2941} INFO - Sync 1 DAGs
[2023-11-16T06:24:49.401+0000] {logging_mixin.py:154} INFO - [2023-11-16T06:24:49.401+0000] {dag.py:3722} INFO - Setting next_dagrun for example_xcom to 2021-01-01T00:00:00+00:00, run_after=2021-01-01T00:00:00+00:00
[2023-11-16T06:24:49.451+0000] {processor.py:179} INFO - Processing /home/airflow/.local/lib/python3.8/site-packages/airflow/example_dags/example_xcom.py took 0.161 seconds
[2023-11-16T06:25:20.164+0000] {processor.py:157} INFO - Started process (PID=830) to work on /home/airflow/.local/lib/python3.8/site-packages/airflow/example_dags/example_xcom.py
[2023-11-16T06:25:20.166+0000] {processor.py:829} INFO - Processing file /home/airflow/.local/lib/python3.8/site-packages/airflow/example_dags/example_xcom.py for tasks to queue
[2023-11-16T06:25:20.167+0000] {logging_mixin.py:154} INFO - [2023-11-16T06:25:20.167+0000] {dagbag.py:536} INFO - Filling up the DagBag from /home/airflow/.local/lib/python3.8/site-packages/airflow/example_dags/example_xcom.py
[2023-11-16T06:25:20.173+0000] {processor.py:839} INFO - DAG(s) dict_keys(['example_xcom']) retrieved from /home/airflow/.local/lib/python3.8/site-packages/airflow/example_dags/example_xcom.py
[2023-11-16T06:25:20.190+0000] {logging_mixin.py:154} INFO - [2023-11-16T06:25:20.190+0000] {dag.py:2941} INFO - Sync 1 DAGs
[2023-11-16T06:25:20.211+0000] {logging_mixin.py:154} INFO - [2023-11-16T06:25:20.211+0000] {dag.py:3722} INFO - Setting next_dagrun for example_xcom to 2021-01-01T00:00:00+00:00, run_after=2021-01-01T00:00:00+00:00
[2023-11-16T06:25:20.226+0000] {processor.py:179} INFO - Processing /home/airflow/.local/lib/python3.8/site-packages/airflow/example_dags/example_xcom.py took 0.065 seconds
[2023-11-16T06:25:50.508+0000] {processor.py:157} INFO - Started process (PID=884) to work on /home/airflow/.local/lib/python3.8/site-packages/airflow/example_dags/example_xcom.py
[2023-11-16T06:25:50.511+0000] {processor.py:829} INFO - Processing file /home/airflow/.local/lib/python3.8/site-packages/airflow/example_dags/example_xcom.py for tasks to queue
[2023-11-16T06:25:50.515+0000] {logging_mixin.py:154} INFO - [2023-11-16T06:25:50.515+0000] {dagbag.py:536} INFO - Filling up the DagBag from /home/airflow/.local/lib/python3.8/site-packages/airflow/example_dags/example_xcom.py
[2023-11-16T06:25:50.526+0000] {processor.py:839} INFO - DAG(s) dict_keys(['example_xcom']) retrieved from /home/airflow/.local/lib/python3.8/site-packages/airflow/example_dags/example_xcom.py
[2023-11-16T06:25:50.553+0000] {logging_mixin.py:154} INFO - [2023-11-16T06:25:50.553+0000] {dag.py:2941} INFO - Sync 1 DAGs
[2023-11-16T06:25:50.567+0000] {logging_mixin.py:154} INFO - [2023-11-16T06:25:50.567+0000] {dag.py:3722} INFO - Setting next_dagrun for example_xcom to 2021-01-01T00:00:00+00:00, run_after=2021-01-01T00:00:00+00:00
[2023-11-16T06:25:50.686+0000] {processor.py:179} INFO - Processing /home/airflow/.local/lib/python3.8/site-packages/airflow/example_dags/example_xcom.py took 0.185 seconds
[2023-11-16T06:26:20.961+0000] {processor.py:157} INFO - Started process (PID=938) to work on /home/airflow/.local/lib/python3.8/site-packages/airflow/example_dags/example_xcom.py
[2023-11-16T06:26:20.967+0000] {processor.py:829} INFO - Processing file /home/airflow/.local/lib/python3.8/site-packages/airflow/example_dags/example_xcom.py for tasks to queue
[2023-11-16T06:26:20.972+0000] {logging_mixin.py:154} INFO - [2023-11-16T06:26:20.972+0000] {dagbag.py:536} INFO - Filling up the DagBag from /home/airflow/.local/lib/python3.8/site-packages/airflow/example_dags/example_xcom.py
[2023-11-16T06:26:20.982+0000] {processor.py:839} INFO - DAG(s) dict_keys(['example_xcom']) retrieved from /home/airflow/.local/lib/python3.8/site-packages/airflow/example_dags/example_xcom.py
[2023-11-16T06:26:21.003+0000] {logging_mixin.py:154} INFO - [2023-11-16T06:26:21.003+0000] {dag.py:2941} INFO - Sync 1 DAGs
[2023-11-16T06:26:21.022+0000] {logging_mixin.py:154} INFO - [2023-11-16T06:26:21.022+0000] {dag.py:3722} INFO - Setting next_dagrun for example_xcom to 2021-01-01T00:00:00+00:00, run_after=2021-01-01T00:00:00+00:00
[2023-11-16T06:26:21.036+0000] {processor.py:179} INFO - Processing /home/airflow/.local/lib/python3.8/site-packages/airflow/example_dags/example_xcom.py took 0.080 seconds
[2023-11-16T06:26:51.075+0000] {processor.py:157} INFO - Started process (PID=992) to work on /home/airflow/.local/lib/python3.8/site-packages/airflow/example_dags/example_xcom.py
[2023-11-16T06:26:51.076+0000] {processor.py:829} INFO - Processing file /home/airflow/.local/lib/python3.8/site-packages/airflow/example_dags/example_xcom.py for tasks to queue
[2023-11-16T06:26:51.079+0000] {logging_mixin.py:154} INFO - [2023-11-16T06:26:51.079+0000] {dagbag.py:536} INFO - Filling up the DagBag from /home/airflow/.local/lib/python3.8/site-packages/airflow/example_dags/example_xcom.py
[2023-11-16T06:26:51.089+0000] {processor.py:839} INFO - DAG(s) dict_keys(['example_xcom']) retrieved from /home/airflow/.local/lib/python3.8/site-packages/airflow/example_dags/example_xcom.py
[2023-11-16T06:26:51.109+0000] {logging_mixin.py:154} INFO - [2023-11-16T06:26:51.108+0000] {dag.py:2941} INFO - Sync 1 DAGs
[2023-11-16T06:26:51.123+0000] {logging_mixin.py:154} INFO - [2023-11-16T06:26:51.123+0000] {dag.py:3722} INFO - Setting next_dagrun for example_xcom to 2021-01-01T00:00:00+00:00, run_after=2021-01-01T00:00:00+00:00
[2023-11-16T06:26:51.134+0000] {processor.py:179} INFO - Processing /home/airflow/.local/lib/python3.8/site-packages/airflow/example_dags/example_xcom.py took 0.064 seconds
[2023-11-16T06:27:21.700+0000] {processor.py:157} INFO - Started process (PID=1046) to work on /home/airflow/.local/lib/python3.8/site-packages/airflow/example_dags/example_xcom.py
[2023-11-16T06:27:21.702+0000] {processor.py:829} INFO - Processing file /home/airflow/.local/lib/python3.8/site-packages/airflow/example_dags/example_xcom.py for tasks to queue
[2023-11-16T06:27:21.707+0000] {logging_mixin.py:154} INFO - [2023-11-16T06:27:21.707+0000] {dagbag.py:536} INFO - Filling up the DagBag from /home/airflow/.local/lib/python3.8/site-packages/airflow/example_dags/example_xcom.py
[2023-11-16T06:27:21.721+0000] {processor.py:839} INFO - DAG(s) dict_keys(['example_xcom']) retrieved from /home/airflow/.local/lib/python3.8/site-packages/airflow/example_dags/example_xcom.py
[2023-11-16T06:27:21.742+0000] {logging_mixin.py:154} INFO - [2023-11-16T06:27:21.742+0000] {dag.py:2941} INFO - Sync 1 DAGs
[2023-11-16T06:27:21.759+0000] {logging_mixin.py:154} INFO - [2023-11-16T06:27:21.759+0000] {dag.py:3722} INFO - Setting next_dagrun for example_xcom to 2021-01-01T00:00:00+00:00, run_after=2021-01-01T00:00:00+00:00
[2023-11-16T06:27:21.769+0000] {processor.py:179} INFO - Processing /home/airflow/.local/lib/python3.8/site-packages/airflow/example_dags/example_xcom.py took 0.078 seconds
[2023-11-16T06:27:52.112+0000] {processor.py:157} INFO - Started process (PID=1100) to work on /home/airflow/.local/lib/python3.8/site-packages/airflow/example_dags/example_xcom.py
[2023-11-16T06:27:52.113+0000] {processor.py:829} INFO - Processing file /home/airflow/.local/lib/python3.8/site-packages/airflow/example_dags/example_xcom.py for tasks to queue
[2023-11-16T06:27:52.114+0000] {logging_mixin.py:154} INFO - [2023-11-16T06:27:52.114+0000] {dagbag.py:536} INFO - Filling up the DagBag from /home/airflow/.local/lib/python3.8/site-packages/airflow/example_dags/example_xcom.py
[2023-11-16T06:27:52.118+0000] {processor.py:839} INFO - DAG(s) dict_keys(['example_xcom']) retrieved from /home/airflow/.local/lib/python3.8/site-packages/airflow/example_dags/example_xcom.py
[2023-11-16T06:27:52.130+0000] {logging_mixin.py:154} INFO - [2023-11-16T06:27:52.130+0000] {dag.py:2941} INFO - Sync 1 DAGs
[2023-11-16T06:27:52.232+0000] {logging_mixin.py:154} INFO - [2023-11-16T06:27:52.232+0000] {dag.py:3722} INFO - Setting next_dagrun for example_xcom to 2021-01-01T00:00:00+00:00, run_after=2021-01-01T00:00:00+00:00
[2023-11-16T06:27:52.241+0000] {processor.py:179} INFO - Processing /home/airflow/.local/lib/python3.8/site-packages/airflow/example_dags/example_xcom.py took 0.131 seconds
[2023-11-16T06:28:23.415+0000] {processor.py:157} INFO - Started process (PID=1154) to work on /home/airflow/.local/lib/python3.8/site-packages/airflow/example_dags/example_xcom.py
[2023-11-16T06:28:23.415+0000] {processor.py:829} INFO - Processing file /home/airflow/.local/lib/python3.8/site-packages/airflow/example_dags/example_xcom.py for tasks to queue
[2023-11-16T06:28:23.417+0000] {logging_mixin.py:154} INFO - [2023-11-16T06:28:23.417+0000] {dagbag.py:536} INFO - Filling up the DagBag from /home/airflow/.local/lib/python3.8/site-packages/airflow/example_dags/example_xcom.py
[2023-11-16T06:28:23.421+0000] {processor.py:839} INFO - DAG(s) dict_keys(['example_xcom']) retrieved from /home/airflow/.local/lib/python3.8/site-packages/airflow/example_dags/example_xcom.py
[2023-11-16T06:28:23.434+0000] {logging_mixin.py:154} INFO - [2023-11-16T06:28:23.434+0000] {dag.py:2941} INFO - Sync 1 DAGs
[2023-11-16T06:28:23.546+0000] {logging_mixin.py:154} INFO - [2023-11-16T06:28:23.546+0000] {dag.py:3722} INFO - Setting next_dagrun for example_xcom to 2021-01-01T00:00:00+00:00, run_after=2021-01-01T00:00:00+00:00
[2023-11-16T06:28:23.555+0000] {processor.py:179} INFO - Processing /home/airflow/.local/lib/python3.8/site-packages/airflow/example_dags/example_xcom.py took 0.143 seconds
[2023-11-16T06:28:53.983+0000] {processor.py:157} INFO - Started process (PID=1208) to work on /home/airflow/.local/lib/python3.8/site-packages/airflow/example_dags/example_xcom.py
[2023-11-16T06:28:53.984+0000] {processor.py:829} INFO - Processing file /home/airflow/.local/lib/python3.8/site-packages/airflow/example_dags/example_xcom.py for tasks to queue
[2023-11-16T06:28:53.985+0000] {logging_mixin.py:154} INFO - [2023-11-16T06:28:53.985+0000] {dagbag.py:536} INFO - Filling up the DagBag from /home/airflow/.local/lib/python3.8/site-packages/airflow/example_dags/example_xcom.py
[2023-11-16T06:28:53.989+0000] {processor.py:839} INFO - DAG(s) dict_keys(['example_xcom']) retrieved from /home/airflow/.local/lib/python3.8/site-packages/airflow/example_dags/example_xcom.py
[2023-11-16T06:28:54.001+0000] {logging_mixin.py:154} INFO - [2023-11-16T06:28:54.001+0000] {dag.py:2941} INFO - Sync 1 DAGs
[2023-11-16T06:28:54.013+0000] {logging_mixin.py:154} INFO - [2023-11-16T06:28:54.013+0000] {dag.py:3722} INFO - Setting next_dagrun for example_xcom to 2021-01-01T00:00:00+00:00, run_after=2021-01-01T00:00:00+00:00
[2023-11-16T06:28:54.023+0000] {processor.py:179} INFO - Processing /home/airflow/.local/lib/python3.8/site-packages/airflow/example_dags/example_xcom.py took 0.042 seconds
[2023-11-16T06:29:24.271+0000] {processor.py:157} INFO - Started process (PID=1262) to work on /home/airflow/.local/lib/python3.8/site-packages/airflow/example_dags/example_xcom.py
[2023-11-16T06:29:24.272+0000] {processor.py:829} INFO - Processing file /home/airflow/.local/lib/python3.8/site-packages/airflow/example_dags/example_xcom.py for tasks to queue
[2023-11-16T06:29:24.273+0000] {logging_mixin.py:154} INFO - [2023-11-16T06:29:24.273+0000] {dagbag.py:536} INFO - Filling up the DagBag from /home/airflow/.local/lib/python3.8/site-packages/airflow/example_dags/example_xcom.py
[2023-11-16T06:29:24.278+0000] {processor.py:839} INFO - DAG(s) dict_keys(['example_xcom']) retrieved from /home/airflow/.local/lib/python3.8/site-packages/airflow/example_dags/example_xcom.py
[2023-11-16T06:29:24.289+0000] {logging_mixin.py:154} INFO - [2023-11-16T06:29:24.289+0000] {dag.py:2941} INFO - Sync 1 DAGs
[2023-11-16T06:29:24.301+0000] {logging_mixin.py:154} INFO - [2023-11-16T06:29:24.301+0000] {dag.py:3722} INFO - Setting next_dagrun for example_xcom to 2021-01-01T00:00:00+00:00, run_after=2021-01-01T00:00:00+00:00
[2023-11-16T06:29:24.310+0000] {processor.py:179} INFO - Processing /home/airflow/.local/lib/python3.8/site-packages/airflow/example_dags/example_xcom.py took 0.041 seconds
[2023-11-16T06:29:55.804+0000] {processor.py:157} INFO - Started process (PID=1316) to work on /home/airflow/.local/lib/python3.8/site-packages/airflow/example_dags/example_xcom.py
[2023-11-16T06:29:55.805+0000] {processor.py:829} INFO - Processing file /home/airflow/.local/lib/python3.8/site-packages/airflow/example_dags/example_xcom.py for tasks to queue
[2023-11-16T06:29:55.806+0000] {logging_mixin.py:154} INFO - [2023-11-16T06:29:55.806+0000] {dagbag.py:536} INFO - Filling up the DagBag from /home/airflow/.local/lib/python3.8/site-packages/airflow/example_dags/example_xcom.py
[2023-11-16T06:29:55.811+0000] {processor.py:839} INFO - DAG(s) dict_keys(['example_xcom']) retrieved from /home/airflow/.local/lib/python3.8/site-packages/airflow/example_dags/example_xcom.py
[2023-11-16T06:29:55.917+0000] {logging_mixin.py:154} INFO - [2023-11-16T06:29:55.917+0000] {dag.py:2941} INFO - Sync 1 DAGs
[2023-11-16T06:29:55.926+0000] {logging_mixin.py:154} INFO - [2023-11-16T06:29:55.926+0000] {dag.py:3722} INFO - Setting next_dagrun for example_xcom to 2021-01-01T00:00:00+00:00, run_after=2021-01-01T00:00:00+00:00
[2023-11-16T06:29:55.934+0000] {processor.py:179} INFO - Processing /home/airflow/.local/lib/python3.8/site-packages/airflow/example_dags/example_xcom.py took 0.132 seconds
[2023-11-16T06:30:26.232+0000] {processor.py:157} INFO - Started process (PID=1370) to work on /home/airflow/.local/lib/python3.8/site-packages/airflow/example_dags/example_xcom.py
[2023-11-16T06:30:26.233+0000] {processor.py:829} INFO - Processing file /home/airflow/.local/lib/python3.8/site-packages/airflow/example_dags/example_xcom.py for tasks to queue
[2023-11-16T06:30:26.234+0000] {logging_mixin.py:154} INFO - [2023-11-16T06:30:26.234+0000] {dagbag.py:536} INFO - Filling up the DagBag from /home/airflow/.local/lib/python3.8/site-packages/airflow/example_dags/example_xcom.py
[2023-11-16T06:30:26.239+0000] {processor.py:839} INFO - DAG(s) dict_keys(['example_xcom']) retrieved from /home/airflow/.local/lib/python3.8/site-packages/airflow/example_dags/example_xcom.py
[2023-11-16T06:30:26.250+0000] {logging_mixin.py:154} INFO - [2023-11-16T06:30:26.250+0000] {dag.py:2941} INFO - Sync 1 DAGs
[2023-11-16T06:30:26.260+0000] {logging_mixin.py:154} INFO - [2023-11-16T06:30:26.260+0000] {dag.py:3722} INFO - Setting next_dagrun for example_xcom to 2021-01-01T00:00:00+00:00, run_after=2021-01-01T00:00:00+00:00
[2023-11-16T06:30:26.269+0000] {processor.py:179} INFO - Processing /home/airflow/.local/lib/python3.8/site-packages/airflow/example_dags/example_xcom.py took 0.039 seconds
[2023-11-16T06:30:57.239+0000] {processor.py:157} INFO - Started process (PID=1424) to work on /home/airflow/.local/lib/python3.8/site-packages/airflow/example_dags/example_xcom.py
[2023-11-16T06:30:57.240+0000] {processor.py:829} INFO - Processing file /home/airflow/.local/lib/python3.8/site-packages/airflow/example_dags/example_xcom.py for tasks to queue
[2023-11-16T06:30:57.242+0000] {logging_mixin.py:154} INFO - [2023-11-16T06:30:57.242+0000] {dagbag.py:536} INFO - Filling up the DagBag from /home/airflow/.local/lib/python3.8/site-packages/airflow/example_dags/example_xcom.py
[2023-11-16T06:30:57.247+0000] {processor.py:839} INFO - DAG(s) dict_keys(['example_xcom']) retrieved from /home/airflow/.local/lib/python3.8/site-packages/airflow/example_dags/example_xcom.py
[2023-11-16T06:30:57.262+0000] {logging_mixin.py:154} INFO - [2023-11-16T06:30:57.261+0000] {dag.py:2941} INFO - Sync 1 DAGs
[2023-11-16T06:30:57.280+0000] {logging_mixin.py:154} INFO - [2023-11-16T06:30:57.279+0000] {dag.py:3722} INFO - Setting next_dagrun for example_xcom to 2021-01-01T00:00:00+00:00, run_after=2021-01-01T00:00:00+00:00
[2023-11-16T06:30:57.291+0000] {processor.py:179} INFO - Processing /home/airflow/.local/lib/python3.8/site-packages/airflow/example_dags/example_xcom.py took 0.053 seconds
[2023-11-16T06:42:48.687+0000] {processor.py:157} INFO - Started process (PID=75) to work on /home/airflow/.local/lib/python3.8/site-packages/airflow/example_dags/example_xcom.py
[2023-11-16T06:42:48.688+0000] {processor.py:829} INFO - Processing file /home/airflow/.local/lib/python3.8/site-packages/airflow/example_dags/example_xcom.py for tasks to queue
[2023-11-16T06:42:48.690+0000] {logging_mixin.py:154} INFO - [2023-11-16T06:42:48.690+0000] {dagbag.py:536} INFO - Filling up the DagBag from /home/airflow/.local/lib/python3.8/site-packages/airflow/example_dags/example_xcom.py
[2023-11-16T06:42:48.699+0000] {processor.py:839} INFO - DAG(s) dict_keys(['example_xcom']) retrieved from /home/airflow/.local/lib/python3.8/site-packages/airflow/example_dags/example_xcom.py
[2023-11-16T06:42:48.710+0000] {logging_mixin.py:154} INFO - [2023-11-16T06:42:48.709+0000] {dag.py:2941} INFO - Sync 1 DAGs
[2023-11-16T06:42:48.731+0000] {logging_mixin.py:154} INFO - [2023-11-16T06:42:48.730+0000] {dag.py:3722} INFO - Setting next_dagrun for example_xcom to 2021-01-01T00:00:00+00:00, run_after=2021-01-01T00:00:00+00:00
[2023-11-16T06:42:48.746+0000] {processor.py:179} INFO - Processing /home/airflow/.local/lib/python3.8/site-packages/airflow/example_dags/example_xcom.py took 0.062 seconds
[2023-11-16T06:43:19.037+0000] {processor.py:157} INFO - Started process (PID=129) to work on /home/airflow/.local/lib/python3.8/site-packages/airflow/example_dags/example_xcom.py
[2023-11-16T06:43:19.038+0000] {processor.py:829} INFO - Processing file /home/airflow/.local/lib/python3.8/site-packages/airflow/example_dags/example_xcom.py for tasks to queue
[2023-11-16T06:43:19.040+0000] {logging_mixin.py:154} INFO - [2023-11-16T06:43:19.040+0000] {dagbag.py:536} INFO - Filling up the DagBag from /home/airflow/.local/lib/python3.8/site-packages/airflow/example_dags/example_xcom.py
[2023-11-16T06:43:19.045+0000] {processor.py:839} INFO - DAG(s) dict_keys(['example_xcom']) retrieved from /home/airflow/.local/lib/python3.8/site-packages/airflow/example_dags/example_xcom.py
[2023-11-16T06:43:19.059+0000] {logging_mixin.py:154} INFO - [2023-11-16T06:43:19.059+0000] {dag.py:2941} INFO - Sync 1 DAGs
[2023-11-16T06:43:19.072+0000] {logging_mixin.py:154} INFO - [2023-11-16T06:43:19.072+0000] {dag.py:3722} INFO - Setting next_dagrun for example_xcom to 2021-01-01T00:00:00+00:00, run_after=2021-01-01T00:00:00+00:00
[2023-11-16T06:43:19.082+0000] {processor.py:179} INFO - Processing /home/airflow/.local/lib/python3.8/site-packages/airflow/example_dags/example_xcom.py took 0.046 seconds
[2023-11-16T06:43:50.035+0000] {processor.py:157} INFO - Started process (PID=183) to work on /home/airflow/.local/lib/python3.8/site-packages/airflow/example_dags/example_xcom.py
[2023-11-16T06:43:50.036+0000] {processor.py:829} INFO - Processing file /home/airflow/.local/lib/python3.8/site-packages/airflow/example_dags/example_xcom.py for tasks to queue
[2023-11-16T06:43:50.038+0000] {logging_mixin.py:154} INFO - [2023-11-16T06:43:50.038+0000] {dagbag.py:536} INFO - Filling up the DagBag from /home/airflow/.local/lib/python3.8/site-packages/airflow/example_dags/example_xcom.py
[2023-11-16T06:43:50.045+0000] {processor.py:839} INFO - DAG(s) dict_keys(['example_xcom']) retrieved from /home/airflow/.local/lib/python3.8/site-packages/airflow/example_dags/example_xcom.py
[2023-11-16T06:43:50.061+0000] {logging_mixin.py:154} INFO - [2023-11-16T06:43:50.061+0000] {dag.py:2941} INFO - Sync 1 DAGs
[2023-11-16T06:43:50.073+0000] {logging_mixin.py:154} INFO - [2023-11-16T06:43:50.073+0000] {dag.py:3722} INFO - Setting next_dagrun for example_xcom to 2021-01-01T00:00:00+00:00, run_after=2021-01-01T00:00:00+00:00
[2023-11-16T06:43:50.083+0000] {processor.py:179} INFO - Processing /home/airflow/.local/lib/python3.8/site-packages/airflow/example_dags/example_xcom.py took 0.052 seconds
[2023-11-16T06:44:20.901+0000] {processor.py:157} INFO - Started process (PID=237) to work on /home/airflow/.local/lib/python3.8/site-packages/airflow/example_dags/example_xcom.py
[2023-11-16T06:44:20.902+0000] {processor.py:829} INFO - Processing file /home/airflow/.local/lib/python3.8/site-packages/airflow/example_dags/example_xcom.py for tasks to queue
[2023-11-16T06:44:20.904+0000] {logging_mixin.py:154} INFO - [2023-11-16T06:44:20.904+0000] {dagbag.py:536} INFO - Filling up the DagBag from /home/airflow/.local/lib/python3.8/site-packages/airflow/example_dags/example_xcom.py
[2023-11-16T06:44:20.911+0000] {processor.py:839} INFO - DAG(s) dict_keys(['example_xcom']) retrieved from /home/airflow/.local/lib/python3.8/site-packages/airflow/example_dags/example_xcom.py
[2023-11-16T06:44:20.928+0000] {logging_mixin.py:154} INFO - [2023-11-16T06:44:20.928+0000] {dag.py:2941} INFO - Sync 1 DAGs
[2023-11-16T06:44:20.941+0000] {logging_mixin.py:154} INFO - [2023-11-16T06:44:20.941+0000] {dag.py:3722} INFO - Setting next_dagrun for example_xcom to 2021-01-01T00:00:00+00:00, run_after=2021-01-01T00:00:00+00:00
[2023-11-16T06:44:20.951+0000] {processor.py:179} INFO - Processing /home/airflow/.local/lib/python3.8/site-packages/airflow/example_dags/example_xcom.py took 0.054 seconds
[2023-11-16T06:44:51.748+0000] {processor.py:157} INFO - Started process (PID=292) to work on /home/airflow/.local/lib/python3.8/site-packages/airflow/example_dags/example_xcom.py
[2023-11-16T06:44:51.749+0000] {processor.py:829} INFO - Processing file /home/airflow/.local/lib/python3.8/site-packages/airflow/example_dags/example_xcom.py for tasks to queue
[2023-11-16T06:44:51.752+0000] {logging_mixin.py:154} INFO - [2023-11-16T06:44:51.752+0000] {dagbag.py:536} INFO - Filling up the DagBag from /home/airflow/.local/lib/python3.8/site-packages/airflow/example_dags/example_xcom.py
[2023-11-16T06:44:51.760+0000] {processor.py:839} INFO - DAG(s) dict_keys(['example_xcom']) retrieved from /home/airflow/.local/lib/python3.8/site-packages/airflow/example_dags/example_xcom.py
[2023-11-16T06:44:51.777+0000] {logging_mixin.py:154} INFO - [2023-11-16T06:44:51.777+0000] {dag.py:2941} INFO - Sync 1 DAGs
[2023-11-16T06:44:51.790+0000] {logging_mixin.py:154} INFO - [2023-11-16T06:44:51.790+0000] {dag.py:3722} INFO - Setting next_dagrun for example_xcom to 2021-01-01T00:00:00+00:00, run_after=2021-01-01T00:00:00+00:00
[2023-11-16T06:44:51.800+0000] {processor.py:179} INFO - Processing /home/airflow/.local/lib/python3.8/site-packages/airflow/example_dags/example_xcom.py took 0.056 seconds
[2023-11-16T06:45:21.894+0000] {processor.py:157} INFO - Started process (PID=345) to work on /home/airflow/.local/lib/python3.8/site-packages/airflow/example_dags/example_xcom.py
[2023-11-16T06:45:21.896+0000] {processor.py:829} INFO - Processing file /home/airflow/.local/lib/python3.8/site-packages/airflow/example_dags/example_xcom.py for tasks to queue
[2023-11-16T06:45:21.899+0000] {logging_mixin.py:154} INFO - [2023-11-16T06:45:21.898+0000] {dagbag.py:536} INFO - Filling up the DagBag from /home/airflow/.local/lib/python3.8/site-packages/airflow/example_dags/example_xcom.py
[2023-11-16T06:45:21.907+0000] {processor.py:839} INFO - DAG(s) dict_keys(['example_xcom']) retrieved from /home/airflow/.local/lib/python3.8/site-packages/airflow/example_dags/example_xcom.py
[2023-11-16T06:45:21.924+0000] {logging_mixin.py:154} INFO - [2023-11-16T06:45:21.924+0000] {dag.py:2941} INFO - Sync 1 DAGs
[2023-11-16T06:45:21.937+0000] {logging_mixin.py:154} INFO - [2023-11-16T06:45:21.937+0000] {dag.py:3722} INFO - Setting next_dagrun for example_xcom to 2021-01-01T00:00:00+00:00, run_after=2021-01-01T00:00:00+00:00
[2023-11-16T06:45:21.946+0000] {processor.py:179} INFO - Processing /home/airflow/.local/lib/python3.8/site-packages/airflow/example_dags/example_xcom.py took 0.057 seconds
[2023-11-16T06:45:52.217+0000] {processor.py:157} INFO - Started process (PID=399) to work on /home/airflow/.local/lib/python3.8/site-packages/airflow/example_dags/example_xcom.py
[2023-11-16T06:45:52.219+0000] {processor.py:829} INFO - Processing file /home/airflow/.local/lib/python3.8/site-packages/airflow/example_dags/example_xcom.py for tasks to queue
[2023-11-16T06:45:52.223+0000] {logging_mixin.py:154} INFO - [2023-11-16T06:45:52.222+0000] {dagbag.py:536} INFO - Filling up the DagBag from /home/airflow/.local/lib/python3.8/site-packages/airflow/example_dags/example_xcom.py
[2023-11-16T06:45:52.232+0000] {processor.py:839} INFO - DAG(s) dict_keys(['example_xcom']) retrieved from /home/airflow/.local/lib/python3.8/site-packages/airflow/example_dags/example_xcom.py
[2023-11-16T06:45:52.250+0000] {logging_mixin.py:154} INFO - [2023-11-16T06:45:52.250+0000] {dag.py:2941} INFO - Sync 1 DAGs
[2023-11-16T06:45:52.265+0000] {logging_mixin.py:154} INFO - [2023-11-16T06:45:52.264+0000] {dag.py:3722} INFO - Setting next_dagrun for example_xcom to 2021-01-01T00:00:00+00:00, run_after=2021-01-01T00:00:00+00:00
[2023-11-16T06:45:52.274+0000] {processor.py:179} INFO - Processing /home/airflow/.local/lib/python3.8/site-packages/airflow/example_dags/example_xcom.py took 0.063 seconds
[2023-11-16T06:46:22.473+0000] {processor.py:157} INFO - Started process (PID=453) to work on /home/airflow/.local/lib/python3.8/site-packages/airflow/example_dags/example_xcom.py
[2023-11-16T06:46:22.475+0000] {processor.py:829} INFO - Processing file /home/airflow/.local/lib/python3.8/site-packages/airflow/example_dags/example_xcom.py for tasks to queue
[2023-11-16T06:46:22.478+0000] {logging_mixin.py:154} INFO - [2023-11-16T06:46:22.478+0000] {dagbag.py:536} INFO - Filling up the DagBag from /home/airflow/.local/lib/python3.8/site-packages/airflow/example_dags/example_xcom.py
[2023-11-16T06:46:22.487+0000] {processor.py:839} INFO - DAG(s) dict_keys(['example_xcom']) retrieved from /home/airflow/.local/lib/python3.8/site-packages/airflow/example_dags/example_xcom.py
[2023-11-16T06:46:22.506+0000] {logging_mixin.py:154} INFO - [2023-11-16T06:46:22.506+0000] {dag.py:2941} INFO - Sync 1 DAGs
[2023-11-16T06:46:22.519+0000] {logging_mixin.py:154} INFO - [2023-11-16T06:46:22.519+0000] {dag.py:3722} INFO - Setting next_dagrun for example_xcom to 2021-01-01T00:00:00+00:00, run_after=2021-01-01T00:00:00+00:00
[2023-11-16T06:46:22.529+0000] {processor.py:179} INFO - Processing /home/airflow/.local/lib/python3.8/site-packages/airflow/example_dags/example_xcom.py took 0.063 seconds
[2023-11-16T06:46:52.617+0000] {processor.py:157} INFO - Started process (PID=507) to work on /home/airflow/.local/lib/python3.8/site-packages/airflow/example_dags/example_xcom.py
[2023-11-16T06:46:52.619+0000] {processor.py:829} INFO - Processing file /home/airflow/.local/lib/python3.8/site-packages/airflow/example_dags/example_xcom.py for tasks to queue
[2023-11-16T06:46:52.622+0000] {logging_mixin.py:154} INFO - [2023-11-16T06:46:52.622+0000] {dagbag.py:536} INFO - Filling up the DagBag from /home/airflow/.local/lib/python3.8/site-packages/airflow/example_dags/example_xcom.py
[2023-11-16T06:46:52.631+0000] {processor.py:839} INFO - DAG(s) dict_keys(['example_xcom']) retrieved from /home/airflow/.local/lib/python3.8/site-packages/airflow/example_dags/example_xcom.py
[2023-11-16T06:46:52.649+0000] {logging_mixin.py:154} INFO - [2023-11-16T06:46:52.649+0000] {dag.py:2941} INFO - Sync 1 DAGs
[2023-11-16T06:46:52.662+0000] {logging_mixin.py:154} INFO - [2023-11-16T06:46:52.662+0000] {dag.py:3722} INFO - Setting next_dagrun for example_xcom to 2021-01-01T00:00:00+00:00, run_after=2021-01-01T00:00:00+00:00
[2023-11-16T06:46:52.671+0000] {processor.py:179} INFO - Processing /home/airflow/.local/lib/python3.8/site-packages/airflow/example_dags/example_xcom.py took 0.061 seconds
[2023-11-16T06:47:22.988+0000] {processor.py:157} INFO - Started process (PID=562) to work on /home/airflow/.local/lib/python3.8/site-packages/airflow/example_dags/example_xcom.py
[2023-11-16T06:47:22.991+0000] {processor.py:829} INFO - Processing file /home/airflow/.local/lib/python3.8/site-packages/airflow/example_dags/example_xcom.py for tasks to queue
[2023-11-16T06:47:22.995+0000] {logging_mixin.py:154} INFO - [2023-11-16T06:47:22.994+0000] {dagbag.py:536} INFO - Filling up the DagBag from /home/airflow/.local/lib/python3.8/site-packages/airflow/example_dags/example_xcom.py
[2023-11-16T06:47:23.003+0000] {processor.py:839} INFO - DAG(s) dict_keys(['example_xcom']) retrieved from /home/airflow/.local/lib/python3.8/site-packages/airflow/example_dags/example_xcom.py
[2023-11-16T06:47:23.021+0000] {logging_mixin.py:154} INFO - [2023-11-16T06:47:23.021+0000] {dag.py:2941} INFO - Sync 1 DAGs
[2023-11-16T06:47:23.035+0000] {logging_mixin.py:154} INFO - [2023-11-16T06:47:23.035+0000] {dag.py:3722} INFO - Setting next_dagrun for example_xcom to 2021-01-01T00:00:00+00:00, run_after=2021-01-01T00:00:00+00:00
[2023-11-16T06:47:23.044+0000] {processor.py:179} INFO - Processing /home/airflow/.local/lib/python3.8/site-packages/airflow/example_dags/example_xcom.py took 0.061 seconds
[2023-11-16T06:47:53.381+0000] {processor.py:157} INFO - Started process (PID=616) to work on /home/airflow/.local/lib/python3.8/site-packages/airflow/example_dags/example_xcom.py
[2023-11-16T06:47:53.383+0000] {processor.py:829} INFO - Processing file /home/airflow/.local/lib/python3.8/site-packages/airflow/example_dags/example_xcom.py for tasks to queue
[2023-11-16T06:47:53.387+0000] {logging_mixin.py:154} INFO - [2023-11-16T06:47:53.386+0000] {dagbag.py:536} INFO - Filling up the DagBag from /home/airflow/.local/lib/python3.8/site-packages/airflow/example_dags/example_xcom.py
[2023-11-16T06:47:53.395+0000] {processor.py:839} INFO - DAG(s) dict_keys(['example_xcom']) retrieved from /home/airflow/.local/lib/python3.8/site-packages/airflow/example_dags/example_xcom.py
[2023-11-16T06:47:53.414+0000] {logging_mixin.py:154} INFO - [2023-11-16T06:47:53.414+0000] {dag.py:2941} INFO - Sync 1 DAGs
[2023-11-16T06:47:53.427+0000] {logging_mixin.py:154} INFO - [2023-11-16T06:47:53.427+0000] {dag.py:3722} INFO - Setting next_dagrun for example_xcom to 2021-01-01T00:00:00+00:00, run_after=2021-01-01T00:00:00+00:00
[2023-11-16T06:47:53.436+0000] {processor.py:179} INFO - Processing /home/airflow/.local/lib/python3.8/site-packages/airflow/example_dags/example_xcom.py took 0.061 seconds
[2023-11-16T06:48:23.483+0000] {processor.py:157} INFO - Started process (PID=670) to work on /home/airflow/.local/lib/python3.8/site-packages/airflow/example_dags/example_xcom.py
[2023-11-16T06:48:23.484+0000] {processor.py:829} INFO - Processing file /home/airflow/.local/lib/python3.8/site-packages/airflow/example_dags/example_xcom.py for tasks to queue
[2023-11-16T06:48:23.486+0000] {logging_mixin.py:154} INFO - [2023-11-16T06:48:23.486+0000] {dagbag.py:536} INFO - Filling up the DagBag from /home/airflow/.local/lib/python3.8/site-packages/airflow/example_dags/example_xcom.py
[2023-11-16T06:48:23.491+0000] {processor.py:839} INFO - DAG(s) dict_keys(['example_xcom']) retrieved from /home/airflow/.local/lib/python3.8/site-packages/airflow/example_dags/example_xcom.py
[2023-11-16T06:48:23.507+0000] {logging_mixin.py:154} INFO - [2023-11-16T06:48:23.507+0000] {dag.py:2941} INFO - Sync 1 DAGs
[2023-11-16T06:48:23.523+0000] {logging_mixin.py:154} INFO - [2023-11-16T06:48:23.523+0000] {dag.py:3722} INFO - Setting next_dagrun for example_xcom to 2021-01-01T00:00:00+00:00, run_after=2021-01-01T00:00:00+00:00
[2023-11-16T06:48:23.537+0000] {processor.py:179} INFO - Processing /home/airflow/.local/lib/python3.8/site-packages/airflow/example_dags/example_xcom.py took 0.057 seconds
[2023-11-16T06:48:53.858+0000] {processor.py:157} INFO - Started process (PID=724) to work on /home/airflow/.local/lib/python3.8/site-packages/airflow/example_dags/example_xcom.py
[2023-11-16T06:48:53.859+0000] {processor.py:829} INFO - Processing file /home/airflow/.local/lib/python3.8/site-packages/airflow/example_dags/example_xcom.py for tasks to queue
[2023-11-16T06:48:53.862+0000] {logging_mixin.py:154} INFO - [2023-11-16T06:48:53.861+0000] {dagbag.py:536} INFO - Filling up the DagBag from /home/airflow/.local/lib/python3.8/site-packages/airflow/example_dags/example_xcom.py
[2023-11-16T06:48:53.868+0000] {processor.py:839} INFO - DAG(s) dict_keys(['example_xcom']) retrieved from /home/airflow/.local/lib/python3.8/site-packages/airflow/example_dags/example_xcom.py
[2023-11-16T06:48:53.884+0000] {logging_mixin.py:154} INFO - [2023-11-16T06:48:53.884+0000] {dag.py:2941} INFO - Sync 1 DAGs
[2023-11-16T06:48:53.897+0000] {logging_mixin.py:154} INFO - [2023-11-16T06:48:53.897+0000] {dag.py:3722} INFO - Setting next_dagrun for example_xcom to 2021-01-01T00:00:00+00:00, run_after=2021-01-01T00:00:00+00:00
[2023-11-16T06:48:53.908+0000] {processor.py:179} INFO - Processing /home/airflow/.local/lib/python3.8/site-packages/airflow/example_dags/example_xcom.py took 0.053 seconds
[2023-11-16T06:49:24.096+0000] {processor.py:157} INFO - Started process (PID=778) to work on /home/airflow/.local/lib/python3.8/site-packages/airflow/example_dags/example_xcom.py
[2023-11-16T06:49:24.097+0000] {processor.py:829} INFO - Processing file /home/airflow/.local/lib/python3.8/site-packages/airflow/example_dags/example_xcom.py for tasks to queue
[2023-11-16T06:49:24.098+0000] {logging_mixin.py:154} INFO - [2023-11-16T06:49:24.098+0000] {dagbag.py:536} INFO - Filling up the DagBag from /home/airflow/.local/lib/python3.8/site-packages/airflow/example_dags/example_xcom.py
[2023-11-16T06:49:24.102+0000] {processor.py:839} INFO - DAG(s) dict_keys(['example_xcom']) retrieved from /home/airflow/.local/lib/python3.8/site-packages/airflow/example_dags/example_xcom.py
[2023-11-16T06:49:24.113+0000] {logging_mixin.py:154} INFO - [2023-11-16T06:49:24.113+0000] {dag.py:2941} INFO - Sync 1 DAGs
[2023-11-16T06:49:24.123+0000] {logging_mixin.py:154} INFO - [2023-11-16T06:49:24.123+0000] {dag.py:3722} INFO - Setting next_dagrun for example_xcom to 2021-01-01T00:00:00+00:00, run_after=2021-01-01T00:00:00+00:00
[2023-11-16T06:49:24.130+0000] {processor.py:179} INFO - Processing /home/airflow/.local/lib/python3.8/site-packages/airflow/example_dags/example_xcom.py took 0.036 seconds
[2023-11-16T06:49:54.174+0000] {processor.py:157} INFO - Started process (PID=832) to work on /home/airflow/.local/lib/python3.8/site-packages/airflow/example_dags/example_xcom.py
[2023-11-16T06:49:54.174+0000] {processor.py:829} INFO - Processing file /home/airflow/.local/lib/python3.8/site-packages/airflow/example_dags/example_xcom.py for tasks to queue
[2023-11-16T06:49:54.176+0000] {logging_mixin.py:154} INFO - [2023-11-16T06:49:54.175+0000] {dagbag.py:536} INFO - Filling up the DagBag from /home/airflow/.local/lib/python3.8/site-packages/airflow/example_dags/example_xcom.py
[2023-11-16T06:49:54.180+0000] {processor.py:839} INFO - DAG(s) dict_keys(['example_xcom']) retrieved from /home/airflow/.local/lib/python3.8/site-packages/airflow/example_dags/example_xcom.py
[2023-11-16T06:49:54.191+0000] {logging_mixin.py:154} INFO - [2023-11-16T06:49:54.191+0000] {dag.py:2941} INFO - Sync 1 DAGs
[2023-11-16T06:49:54.201+0000] {logging_mixin.py:154} INFO - [2023-11-16T06:49:54.201+0000] {dag.py:3722} INFO - Setting next_dagrun for example_xcom to 2021-01-01T00:00:00+00:00, run_after=2021-01-01T00:00:00+00:00
[2023-11-16T06:49:54.210+0000] {processor.py:179} INFO - Processing /home/airflow/.local/lib/python3.8/site-packages/airflow/example_dags/example_xcom.py took 0.038 seconds
[2023-11-16T06:50:25.250+0000] {processor.py:157} INFO - Started process (PID=886) to work on /home/airflow/.local/lib/python3.8/site-packages/airflow/example_dags/example_xcom.py
[2023-11-16T06:50:25.251+0000] {processor.py:829} INFO - Processing file /home/airflow/.local/lib/python3.8/site-packages/airflow/example_dags/example_xcom.py for tasks to queue
[2023-11-16T06:50:25.253+0000] {logging_mixin.py:154} INFO - [2023-11-16T06:50:25.252+0000] {dagbag.py:536} INFO - Filling up the DagBag from /home/airflow/.local/lib/python3.8/site-packages/airflow/example_dags/example_xcom.py
[2023-11-16T06:50:25.257+0000] {processor.py:839} INFO - DAG(s) dict_keys(['example_xcom']) retrieved from /home/airflow/.local/lib/python3.8/site-packages/airflow/example_dags/example_xcom.py
[2023-11-16T06:50:25.269+0000] {logging_mixin.py:154} INFO - [2023-11-16T06:50:25.269+0000] {dag.py:2941} INFO - Sync 1 DAGs
[2023-11-16T06:50:25.281+0000] {logging_mixin.py:154} INFO - [2023-11-16T06:50:25.280+0000] {dag.py:3722} INFO - Setting next_dagrun for example_xcom to 2021-01-01T00:00:00+00:00, run_after=2021-01-01T00:00:00+00:00
[2023-11-16T06:50:25.290+0000] {processor.py:179} INFO - Processing /home/airflow/.local/lib/python3.8/site-packages/airflow/example_dags/example_xcom.py took 0.041 seconds
[2023-11-16T06:50:55.685+0000] {processor.py:157} INFO - Started process (PID=940) to work on /home/airflow/.local/lib/python3.8/site-packages/airflow/example_dags/example_xcom.py
[2023-11-16T06:50:55.686+0000] {processor.py:829} INFO - Processing file /home/airflow/.local/lib/python3.8/site-packages/airflow/example_dags/example_xcom.py for tasks to queue
[2023-11-16T06:50:55.688+0000] {logging_mixin.py:154} INFO - [2023-11-16T06:50:55.688+0000] {dagbag.py:536} INFO - Filling up the DagBag from /home/airflow/.local/lib/python3.8/site-packages/airflow/example_dags/example_xcom.py
[2023-11-16T06:50:55.692+0000] {processor.py:839} INFO - DAG(s) dict_keys(['example_xcom']) retrieved from /home/airflow/.local/lib/python3.8/site-packages/airflow/example_dags/example_xcom.py
[2023-11-16T06:50:55.703+0000] {logging_mixin.py:154} INFO - [2023-11-16T06:50:55.703+0000] {dag.py:2941} INFO - Sync 1 DAGs
[2023-11-16T06:50:55.715+0000] {logging_mixin.py:154} INFO - [2023-11-16T06:50:55.715+0000] {dag.py:3722} INFO - Setting next_dagrun for example_xcom to 2021-01-01T00:00:00+00:00, run_after=2021-01-01T00:00:00+00:00
[2023-11-16T06:50:55.726+0000] {processor.py:179} INFO - Processing /home/airflow/.local/lib/python3.8/site-packages/airflow/example_dags/example_xcom.py took 0.043 seconds
[2023-11-16T06:51:26.768+0000] {processor.py:157} INFO - Started process (PID=994) to work on /home/airflow/.local/lib/python3.8/site-packages/airflow/example_dags/example_xcom.py
[2023-11-16T06:51:26.769+0000] {processor.py:829} INFO - Processing file /home/airflow/.local/lib/python3.8/site-packages/airflow/example_dags/example_xcom.py for tasks to queue
[2023-11-16T06:51:26.770+0000] {logging_mixin.py:154} INFO - [2023-11-16T06:51:26.770+0000] {dagbag.py:536} INFO - Filling up the DagBag from /home/airflow/.local/lib/python3.8/site-packages/airflow/example_dags/example_xcom.py
[2023-11-16T06:51:26.775+0000] {processor.py:839} INFO - DAG(s) dict_keys(['example_xcom']) retrieved from /home/airflow/.local/lib/python3.8/site-packages/airflow/example_dags/example_xcom.py
[2023-11-16T06:51:26.786+0000] {logging_mixin.py:154} INFO - [2023-11-16T06:51:26.786+0000] {dag.py:2941} INFO - Sync 1 DAGs
[2023-11-16T06:51:26.796+0000] {logging_mixin.py:154} INFO - [2023-11-16T06:51:26.796+0000] {dag.py:3722} INFO - Setting next_dagrun for example_xcom to 2021-01-01T00:00:00+00:00, run_after=2021-01-01T00:00:00+00:00
[2023-11-16T06:51:26.805+0000] {processor.py:179} INFO - Processing /home/airflow/.local/lib/python3.8/site-packages/airflow/example_dags/example_xcom.py took 0.039 seconds
[2023-11-16T06:51:57.772+0000] {processor.py:157} INFO - Started process (PID=1048) to work on /home/airflow/.local/lib/python3.8/site-packages/airflow/example_dags/example_xcom.py
[2023-11-16T06:51:57.772+0000] {processor.py:829} INFO - Processing file /home/airflow/.local/lib/python3.8/site-packages/airflow/example_dags/example_xcom.py for tasks to queue
[2023-11-16T06:51:57.774+0000] {logging_mixin.py:154} INFO - [2023-11-16T06:51:57.774+0000] {dagbag.py:536} INFO - Filling up the DagBag from /home/airflow/.local/lib/python3.8/site-packages/airflow/example_dags/example_xcom.py
[2023-11-16T06:51:57.778+0000] {processor.py:839} INFO - DAG(s) dict_keys(['example_xcom']) retrieved from /home/airflow/.local/lib/python3.8/site-packages/airflow/example_dags/example_xcom.py
[2023-11-16T06:51:57.790+0000] {logging_mixin.py:154} INFO - [2023-11-16T06:51:57.790+0000] {dag.py:2941} INFO - Sync 1 DAGs
[2023-11-16T06:51:57.802+0000] {logging_mixin.py:154} INFO - [2023-11-16T06:51:57.802+0000] {dag.py:3722} INFO - Setting next_dagrun for example_xcom to 2021-01-01T00:00:00+00:00, run_after=2021-01-01T00:00:00+00:00
[2023-11-16T06:51:57.811+0000] {processor.py:179} INFO - Processing /home/airflow/.local/lib/python3.8/site-packages/airflow/example_dags/example_xcom.py took 0.041 seconds
[2023-11-16T06:52:28.132+0000] {processor.py:157} INFO - Started process (PID=1102) to work on /home/airflow/.local/lib/python3.8/site-packages/airflow/example_dags/example_xcom.py
[2023-11-16T06:52:28.133+0000] {processor.py:829} INFO - Processing file /home/airflow/.local/lib/python3.8/site-packages/airflow/example_dags/example_xcom.py for tasks to queue
[2023-11-16T06:52:28.134+0000] {logging_mixin.py:154} INFO - [2023-11-16T06:52:28.134+0000] {dagbag.py:536} INFO - Filling up the DagBag from /home/airflow/.local/lib/python3.8/site-packages/airflow/example_dags/example_xcom.py
[2023-11-16T06:52:28.139+0000] {processor.py:839} INFO - DAG(s) dict_keys(['example_xcom']) retrieved from /home/airflow/.local/lib/python3.8/site-packages/airflow/example_dags/example_xcom.py
[2023-11-16T06:52:28.152+0000] {logging_mixin.py:154} INFO - [2023-11-16T06:52:28.152+0000] {dag.py:2941} INFO - Sync 1 DAGs
[2023-11-16T06:52:28.166+0000] {logging_mixin.py:154} INFO - [2023-11-16T06:52:28.166+0000] {dag.py:3722} INFO - Setting next_dagrun for example_xcom to 2021-01-01T00:00:00+00:00, run_after=2021-01-01T00:00:00+00:00
[2023-11-16T06:52:28.294+0000] {processor.py:179} INFO - Processing /home/airflow/.local/lib/python3.8/site-packages/airflow/example_dags/example_xcom.py took 0.164 seconds
[2023-11-16T06:52:58.309+0000] {processor.py:157} INFO - Started process (PID=1156) to work on /home/airflow/.local/lib/python3.8/site-packages/airflow/example_dags/example_xcom.py
[2023-11-16T06:52:58.309+0000] {processor.py:829} INFO - Processing file /home/airflow/.local/lib/python3.8/site-packages/airflow/example_dags/example_xcom.py for tasks to queue
[2023-11-16T06:52:58.311+0000] {logging_mixin.py:154} INFO - [2023-11-16T06:52:58.310+0000] {dagbag.py:536} INFO - Filling up the DagBag from /home/airflow/.local/lib/python3.8/site-packages/airflow/example_dags/example_xcom.py
[2023-11-16T06:52:58.315+0000] {processor.py:839} INFO - DAG(s) dict_keys(['example_xcom']) retrieved from /home/airflow/.local/lib/python3.8/site-packages/airflow/example_dags/example_xcom.py
[2023-11-16T06:52:58.325+0000] {logging_mixin.py:154} INFO - [2023-11-16T06:52:58.325+0000] {dag.py:2941} INFO - Sync 1 DAGs
[2023-11-16T06:52:58.334+0000] {logging_mixin.py:154} INFO - [2023-11-16T06:52:58.334+0000] {dag.py:3722} INFO - Setting next_dagrun for example_xcom to 2021-01-01T00:00:00+00:00, run_after=2021-01-01T00:00:00+00:00
[2023-11-16T06:52:58.343+0000] {processor.py:179} INFO - Processing /home/airflow/.local/lib/python3.8/site-packages/airflow/example_dags/example_xcom.py took 0.036 seconds
[2023-11-16T06:53:29.141+0000] {processor.py:157} INFO - Started process (PID=1210) to work on /home/airflow/.local/lib/python3.8/site-packages/airflow/example_dags/example_xcom.py
[2023-11-16T06:53:29.141+0000] {processor.py:829} INFO - Processing file /home/airflow/.local/lib/python3.8/site-packages/airflow/example_dags/example_xcom.py for tasks to queue
[2023-11-16T06:53:29.143+0000] {logging_mixin.py:154} INFO - [2023-11-16T06:53:29.143+0000] {dagbag.py:536} INFO - Filling up the DagBag from /home/airflow/.local/lib/python3.8/site-packages/airflow/example_dags/example_xcom.py
[2023-11-16T06:53:29.149+0000] {processor.py:839} INFO - DAG(s) dict_keys(['example_xcom']) retrieved from /home/airflow/.local/lib/python3.8/site-packages/airflow/example_dags/example_xcom.py
[2023-11-16T06:53:29.161+0000] {logging_mixin.py:154} INFO - [2023-11-16T06:53:29.161+0000] {dag.py:2941} INFO - Sync 1 DAGs
[2023-11-16T06:53:29.173+0000] {logging_mixin.py:154} INFO - [2023-11-16T06:53:29.173+0000] {dag.py:3722} INFO - Setting next_dagrun for example_xcom to 2021-01-01T00:00:00+00:00, run_after=2021-01-01T00:00:00+00:00
[2023-11-16T06:53:29.184+0000] {processor.py:179} INFO - Processing /home/airflow/.local/lib/python3.8/site-packages/airflow/example_dags/example_xcom.py took 0.045 seconds
[2023-11-16T06:54:01.280+0000] {processor.py:157} INFO - Started process (PID=1264) to work on /home/airflow/.local/lib/python3.8/site-packages/airflow/example_dags/example_xcom.py
[2023-11-16T06:54:01.280+0000] {processor.py:829} INFO - Processing file /home/airflow/.local/lib/python3.8/site-packages/airflow/example_dags/example_xcom.py for tasks to queue
[2023-11-16T06:54:01.282+0000] {logging_mixin.py:154} INFO - [2023-11-16T06:54:01.282+0000] {dagbag.py:536} INFO - Filling up the DagBag from /home/airflow/.local/lib/python3.8/site-packages/airflow/example_dags/example_xcom.py
[2023-11-16T06:54:01.286+0000] {processor.py:839} INFO - DAG(s) dict_keys(['example_xcom']) retrieved from /home/airflow/.local/lib/python3.8/site-packages/airflow/example_dags/example_xcom.py
[2023-11-16T06:54:01.298+0000] {logging_mixin.py:154} INFO - [2023-11-16T06:54:01.297+0000] {dag.py:2941} INFO - Sync 1 DAGs
[2023-11-16T06:54:01.308+0000] {logging_mixin.py:154} INFO - [2023-11-16T06:54:01.308+0000] {dag.py:3722} INFO - Setting next_dagrun for example_xcom to 2021-01-01T00:00:00+00:00, run_after=2021-01-01T00:00:00+00:00
[2023-11-16T06:54:01.316+0000] {processor.py:179} INFO - Processing /home/airflow/.local/lib/python3.8/site-packages/airflow/example_dags/example_xcom.py took 0.038 seconds
[2023-11-16T06:54:32.922+0000] {processor.py:157} INFO - Started process (PID=1318) to work on /home/airflow/.local/lib/python3.8/site-packages/airflow/example_dags/example_xcom.py
[2023-11-16T06:54:32.923+0000] {processor.py:829} INFO - Processing file /home/airflow/.local/lib/python3.8/site-packages/airflow/example_dags/example_xcom.py for tasks to queue
[2023-11-16T06:54:32.924+0000] {logging_mixin.py:154} INFO - [2023-11-16T06:54:32.924+0000] {dagbag.py:536} INFO - Filling up the DagBag from /home/airflow/.local/lib/python3.8/site-packages/airflow/example_dags/example_xcom.py
[2023-11-16T06:54:32.929+0000] {processor.py:839} INFO - DAG(s) dict_keys(['example_xcom']) retrieved from /home/airflow/.local/lib/python3.8/site-packages/airflow/example_dags/example_xcom.py
[2023-11-16T06:54:32.941+0000] {logging_mixin.py:154} INFO - [2023-11-16T06:54:32.941+0000] {dag.py:2941} INFO - Sync 1 DAGs
[2023-11-16T06:54:33.043+0000] {logging_mixin.py:154} INFO - [2023-11-16T06:54:33.043+0000] {dag.py:3722} INFO - Setting next_dagrun for example_xcom to 2021-01-01T00:00:00+00:00, run_after=2021-01-01T00:00:00+00:00
[2023-11-16T06:54:33.052+0000] {processor.py:179} INFO - Processing /home/airflow/.local/lib/python3.8/site-packages/airflow/example_dags/example_xcom.py took 0.132 seconds
[2023-11-16T06:55:03.698+0000] {processor.py:157} INFO - Started process (PID=1372) to work on /home/airflow/.local/lib/python3.8/site-packages/airflow/example_dags/example_xcom.py
[2023-11-16T06:55:03.699+0000] {processor.py:829} INFO - Processing file /home/airflow/.local/lib/python3.8/site-packages/airflow/example_dags/example_xcom.py for tasks to queue
[2023-11-16T06:55:03.700+0000] {logging_mixin.py:154} INFO - [2023-11-16T06:55:03.700+0000] {dagbag.py:536} INFO - Filling up the DagBag from /home/airflow/.local/lib/python3.8/site-packages/airflow/example_dags/example_xcom.py
[2023-11-16T06:55:03.705+0000] {processor.py:839} INFO - DAG(s) dict_keys(['example_xcom']) retrieved from /home/airflow/.local/lib/python3.8/site-packages/airflow/example_dags/example_xcom.py
[2023-11-16T06:55:03.716+0000] {logging_mixin.py:154} INFO - [2023-11-16T06:55:03.716+0000] {dag.py:2941} INFO - Sync 1 DAGs
[2023-11-16T06:55:03.817+0000] {logging_mixin.py:154} INFO - [2023-11-16T06:55:03.817+0000] {dag.py:3722} INFO - Setting next_dagrun for example_xcom to 2021-01-01T00:00:00+00:00, run_after=2021-01-01T00:00:00+00:00
[2023-11-16T06:55:03.825+0000] {processor.py:179} INFO - Processing /home/airflow/.local/lib/python3.8/site-packages/airflow/example_dags/example_xcom.py took 0.129 seconds
[2023-11-16T06:55:33.862+0000] {processor.py:157} INFO - Started process (PID=1426) to work on /home/airflow/.local/lib/python3.8/site-packages/airflow/example_dags/example_xcom.py
[2023-11-16T06:55:33.864+0000] {processor.py:829} INFO - Processing file /home/airflow/.local/lib/python3.8/site-packages/airflow/example_dags/example_xcom.py for tasks to queue
[2023-11-16T06:55:33.866+0000] {logging_mixin.py:154} INFO - [2023-11-16T06:55:33.866+0000] {dagbag.py:536} INFO - Filling up the DagBag from /home/airflow/.local/lib/python3.8/site-packages/airflow/example_dags/example_xcom.py
[2023-11-16T06:55:33.870+0000] {processor.py:839} INFO - DAG(s) dict_keys(['example_xcom']) retrieved from /home/airflow/.local/lib/python3.8/site-packages/airflow/example_dags/example_xcom.py
[2023-11-16T06:55:33.883+0000] {logging_mixin.py:154} INFO - [2023-11-16T06:55:33.882+0000] {dag.py:2941} INFO - Sync 1 DAGs
[2023-11-16T06:55:33.894+0000] {logging_mixin.py:154} INFO - [2023-11-16T06:55:33.894+0000] {dag.py:3722} INFO - Setting next_dagrun for example_xcom to 2021-01-01T00:00:00+00:00, run_after=2021-01-01T00:00:00+00:00
[2023-11-16T06:55:33.904+0000] {processor.py:179} INFO - Processing /home/airflow/.local/lib/python3.8/site-packages/airflow/example_dags/example_xcom.py took 0.044 seconds
[2023-11-16T06:56:03.995+0000] {processor.py:157} INFO - Started process (PID=1480) to work on /home/airflow/.local/lib/python3.8/site-packages/airflow/example_dags/example_xcom.py
[2023-11-16T06:56:03.996+0000] {processor.py:829} INFO - Processing file /home/airflow/.local/lib/python3.8/site-packages/airflow/example_dags/example_xcom.py for tasks to queue
[2023-11-16T06:56:03.998+0000] {logging_mixin.py:154} INFO - [2023-11-16T06:56:03.998+0000] {dagbag.py:536} INFO - Filling up the DagBag from /home/airflow/.local/lib/python3.8/site-packages/airflow/example_dags/example_xcom.py
[2023-11-16T06:56:04.003+0000] {processor.py:839} INFO - DAG(s) dict_keys(['example_xcom']) retrieved from /home/airflow/.local/lib/python3.8/site-packages/airflow/example_dags/example_xcom.py
[2023-11-16T06:56:04.015+0000] {logging_mixin.py:154} INFO - [2023-11-16T06:56:04.015+0000] {dag.py:2941} INFO - Sync 1 DAGs
[2023-11-16T06:56:04.026+0000] {logging_mixin.py:154} INFO - [2023-11-16T06:56:04.025+0000] {dag.py:3722} INFO - Setting next_dagrun for example_xcom to 2021-01-01T00:00:00+00:00, run_after=2021-01-01T00:00:00+00:00
[2023-11-16T06:56:04.050+0000] {processor.py:179} INFO - Processing /home/airflow/.local/lib/python3.8/site-packages/airflow/example_dags/example_xcom.py took 0.057 seconds
[2023-11-16T06:56:35.075+0000] {processor.py:157} INFO - Started process (PID=1534) to work on /home/airflow/.local/lib/python3.8/site-packages/airflow/example_dags/example_xcom.py
[2023-11-16T06:56:35.076+0000] {processor.py:829} INFO - Processing file /home/airflow/.local/lib/python3.8/site-packages/airflow/example_dags/example_xcom.py for tasks to queue
[2023-11-16T06:56:35.078+0000] {logging_mixin.py:154} INFO - [2023-11-16T06:56:35.077+0000] {dagbag.py:536} INFO - Filling up the DagBag from /home/airflow/.local/lib/python3.8/site-packages/airflow/example_dags/example_xcom.py
[2023-11-16T06:56:35.084+0000] {processor.py:839} INFO - DAG(s) dict_keys(['example_xcom']) retrieved from /home/airflow/.local/lib/python3.8/site-packages/airflow/example_dags/example_xcom.py
[2023-11-16T06:56:35.099+0000] {logging_mixin.py:154} INFO - [2023-11-16T06:56:35.099+0000] {dag.py:2941} INFO - Sync 1 DAGs
[2023-11-16T06:56:35.110+0000] {logging_mixin.py:154} INFO - [2023-11-16T06:56:35.110+0000] {dag.py:3722} INFO - Setting next_dagrun for example_xcom to 2021-01-01T00:00:00+00:00, run_after=2021-01-01T00:00:00+00:00
[2023-11-16T06:56:35.120+0000] {processor.py:179} INFO - Processing /home/airflow/.local/lib/python3.8/site-packages/airflow/example_dags/example_xcom.py took 0.046 seconds
[2023-11-16T06:57:06.024+0000] {processor.py:157} INFO - Started process (PID=1588) to work on /home/airflow/.local/lib/python3.8/site-packages/airflow/example_dags/example_xcom.py
[2023-11-16T06:57:06.025+0000] {processor.py:829} INFO - Processing file /home/airflow/.local/lib/python3.8/site-packages/airflow/example_dags/example_xcom.py for tasks to queue
[2023-11-16T06:57:06.027+0000] {logging_mixin.py:154} INFO - [2023-11-16T06:57:06.026+0000] {dagbag.py:536} INFO - Filling up the DagBag from /home/airflow/.local/lib/python3.8/site-packages/airflow/example_dags/example_xcom.py
[2023-11-16T06:57:06.032+0000] {processor.py:839} INFO - DAG(s) dict_keys(['example_xcom']) retrieved from /home/airflow/.local/lib/python3.8/site-packages/airflow/example_dags/example_xcom.py
[2023-11-16T06:57:06.043+0000] {logging_mixin.py:154} INFO - [2023-11-16T06:57:06.043+0000] {dag.py:2941} INFO - Sync 1 DAGs
[2023-11-16T06:57:06.056+0000] {logging_mixin.py:154} INFO - [2023-11-16T06:57:06.056+0000] {dag.py:3722} INFO - Setting next_dagrun for example_xcom to 2021-01-01T00:00:00+00:00, run_after=2021-01-01T00:00:00+00:00
[2023-11-16T06:57:06.066+0000] {processor.py:179} INFO - Processing /home/airflow/.local/lib/python3.8/site-packages/airflow/example_dags/example_xcom.py took 0.044 seconds
[2023-11-16T06:57:36.917+0000] {processor.py:157} INFO - Started process (PID=1642) to work on /home/airflow/.local/lib/python3.8/site-packages/airflow/example_dags/example_xcom.py
[2023-11-16T06:57:36.918+0000] {processor.py:829} INFO - Processing file /home/airflow/.local/lib/python3.8/site-packages/airflow/example_dags/example_xcom.py for tasks to queue
[2023-11-16T06:57:36.919+0000] {logging_mixin.py:154} INFO - [2023-11-16T06:57:36.919+0000] {dagbag.py:536} INFO - Filling up the DagBag from /home/airflow/.local/lib/python3.8/site-packages/airflow/example_dags/example_xcom.py
[2023-11-16T06:57:36.923+0000] {processor.py:839} INFO - DAG(s) dict_keys(['example_xcom']) retrieved from /home/airflow/.local/lib/python3.8/site-packages/airflow/example_dags/example_xcom.py
[2023-11-16T06:57:36.934+0000] {logging_mixin.py:154} INFO - [2023-11-16T06:57:36.934+0000] {dag.py:2941} INFO - Sync 1 DAGs
[2023-11-16T06:57:36.944+0000] {logging_mixin.py:154} INFO - [2023-11-16T06:57:36.944+0000] {dag.py:3722} INFO - Setting next_dagrun for example_xcom to 2021-01-01T00:00:00+00:00, run_after=2021-01-01T00:00:00+00:00
[2023-11-16T06:57:36.953+0000] {processor.py:179} INFO - Processing /home/airflow/.local/lib/python3.8/site-packages/airflow/example_dags/example_xcom.py took 0.038 seconds
[2023-11-16T06:58:08.010+0000] {processor.py:157} INFO - Started process (PID=1696) to work on /home/airflow/.local/lib/python3.8/site-packages/airflow/example_dags/example_xcom.py
[2023-11-16T06:58:08.011+0000] {processor.py:829} INFO - Processing file /home/airflow/.local/lib/python3.8/site-packages/airflow/example_dags/example_xcom.py for tasks to queue
[2023-11-16T06:58:08.012+0000] {logging_mixin.py:154} INFO - [2023-11-16T06:58:08.012+0000] {dagbag.py:536} INFO - Filling up the DagBag from /home/airflow/.local/lib/python3.8/site-packages/airflow/example_dags/example_xcom.py
[2023-11-16T06:58:08.018+0000] {processor.py:839} INFO - DAG(s) dict_keys(['example_xcom']) retrieved from /home/airflow/.local/lib/python3.8/site-packages/airflow/example_dags/example_xcom.py
[2023-11-16T06:58:08.030+0000] {logging_mixin.py:154} INFO - [2023-11-16T06:58:08.030+0000] {dag.py:2941} INFO - Sync 1 DAGs
[2023-11-16T06:58:08.041+0000] {logging_mixin.py:154} INFO - [2023-11-16T06:58:08.041+0000] {dag.py:3722} INFO - Setting next_dagrun for example_xcom to 2021-01-01T00:00:00+00:00, run_after=2021-01-01T00:00:00+00:00
[2023-11-16T06:58:08.050+0000] {processor.py:179} INFO - Processing /home/airflow/.local/lib/python3.8/site-packages/airflow/example_dags/example_xcom.py took 0.042 seconds
[2023-11-16T06:58:38.964+0000] {processor.py:157} INFO - Started process (PID=1750) to work on /home/airflow/.local/lib/python3.8/site-packages/airflow/example_dags/example_xcom.py
[2023-11-16T06:58:38.965+0000] {processor.py:829} INFO - Processing file /home/airflow/.local/lib/python3.8/site-packages/airflow/example_dags/example_xcom.py for tasks to queue
[2023-11-16T06:58:38.966+0000] {logging_mixin.py:154} INFO - [2023-11-16T06:58:38.966+0000] {dagbag.py:536} INFO - Filling up the DagBag from /home/airflow/.local/lib/python3.8/site-packages/airflow/example_dags/example_xcom.py
[2023-11-16T06:58:38.970+0000] {processor.py:839} INFO - DAG(s) dict_keys(['example_xcom']) retrieved from /home/airflow/.local/lib/python3.8/site-packages/airflow/example_dags/example_xcom.py
[2023-11-16T06:58:38.981+0000] {logging_mixin.py:154} INFO - [2023-11-16T06:58:38.981+0000] {dag.py:2941} INFO - Sync 1 DAGs
[2023-11-16T06:58:38.992+0000] {logging_mixin.py:154} INFO - [2023-11-16T06:58:38.991+0000] {dag.py:3722} INFO - Setting next_dagrun for example_xcom to 2021-01-01T00:00:00+00:00, run_after=2021-01-01T00:00:00+00:00
[2023-11-16T06:58:39.000+0000] {processor.py:179} INFO - Processing /home/airflow/.local/lib/python3.8/site-packages/airflow/example_dags/example_xcom.py took 0.038 seconds
[2023-11-16T06:59:09.102+0000] {processor.py:157} INFO - Started process (PID=1804) to work on /home/airflow/.local/lib/python3.8/site-packages/airflow/example_dags/example_xcom.py
[2023-11-16T06:59:09.103+0000] {processor.py:829} INFO - Processing file /home/airflow/.local/lib/python3.8/site-packages/airflow/example_dags/example_xcom.py for tasks to queue
[2023-11-16T06:59:09.105+0000] {logging_mixin.py:154} INFO - [2023-11-16T06:59:09.104+0000] {dagbag.py:536} INFO - Filling up the DagBag from /home/airflow/.local/lib/python3.8/site-packages/airflow/example_dags/example_xcom.py
[2023-11-16T06:59:09.109+0000] {processor.py:839} INFO - DAG(s) dict_keys(['example_xcom']) retrieved from /home/airflow/.local/lib/python3.8/site-packages/airflow/example_dags/example_xcom.py
[2023-11-16T06:59:09.121+0000] {logging_mixin.py:154} INFO - [2023-11-16T06:59:09.120+0000] {dag.py:2941} INFO - Sync 1 DAGs
[2023-11-16T06:59:09.132+0000] {logging_mixin.py:154} INFO - [2023-11-16T06:59:09.132+0000] {dag.py:3722} INFO - Setting next_dagrun for example_xcom to 2021-01-01T00:00:00+00:00, run_after=2021-01-01T00:00:00+00:00
[2023-11-16T06:59:09.141+0000] {processor.py:179} INFO - Processing /home/airflow/.local/lib/python3.8/site-packages/airflow/example_dags/example_xcom.py took 0.041 seconds
[2023-11-16T06:59:40.113+0000] {processor.py:157} INFO - Started process (PID=1857) to work on /home/airflow/.local/lib/python3.8/site-packages/airflow/example_dags/example_xcom.py
[2023-11-16T06:59:40.114+0000] {processor.py:829} INFO - Processing file /home/airflow/.local/lib/python3.8/site-packages/airflow/example_dags/example_xcom.py for tasks to queue
[2023-11-16T06:59:40.116+0000] {logging_mixin.py:154} INFO - [2023-11-16T06:59:40.116+0000] {dagbag.py:536} INFO - Filling up the DagBag from /home/airflow/.local/lib/python3.8/site-packages/airflow/example_dags/example_xcom.py
[2023-11-16T06:59:40.120+0000] {processor.py:839} INFO - DAG(s) dict_keys(['example_xcom']) retrieved from /home/airflow/.local/lib/python3.8/site-packages/airflow/example_dags/example_xcom.py
[2023-11-16T06:59:40.132+0000] {logging_mixin.py:154} INFO - [2023-11-16T06:59:40.132+0000] {dag.py:2941} INFO - Sync 1 DAGs
[2023-11-16T06:59:40.143+0000] {logging_mixin.py:154} INFO - [2023-11-16T06:59:40.143+0000] {dag.py:3722} INFO - Setting next_dagrun for example_xcom to 2021-01-01T00:00:00+00:00, run_after=2021-01-01T00:00:00+00:00
[2023-11-16T06:59:40.152+0000] {processor.py:179} INFO - Processing /home/airflow/.local/lib/python3.8/site-packages/airflow/example_dags/example_xcom.py took 0.041 seconds
[2023-11-16T07:00:10.258+0000] {processor.py:157} INFO - Started process (PID=1911) to work on /home/airflow/.local/lib/python3.8/site-packages/airflow/example_dags/example_xcom.py
[2023-11-16T07:00:10.260+0000] {processor.py:829} INFO - Processing file /home/airflow/.local/lib/python3.8/site-packages/airflow/example_dags/example_xcom.py for tasks to queue
[2023-11-16T07:00:10.261+0000] {logging_mixin.py:154} INFO - [2023-11-16T07:00:10.261+0000] {dagbag.py:536} INFO - Filling up the DagBag from /home/airflow/.local/lib/python3.8/site-packages/airflow/example_dags/example_xcom.py
[2023-11-16T07:00:10.266+0000] {processor.py:839} INFO - DAG(s) dict_keys(['example_xcom']) retrieved from /home/airflow/.local/lib/python3.8/site-packages/airflow/example_dags/example_xcom.py
[2023-11-16T07:00:10.278+0000] {logging_mixin.py:154} INFO - [2023-11-16T07:00:10.278+0000] {dag.py:2941} INFO - Sync 1 DAGs
[2023-11-16T07:00:10.288+0000] {logging_mixin.py:154} INFO - [2023-11-16T07:00:10.288+0000] {dag.py:3722} INFO - Setting next_dagrun for example_xcom to 2021-01-01T00:00:00+00:00, run_after=2021-01-01T00:00:00+00:00
[2023-11-16T07:00:10.296+0000] {processor.py:179} INFO - Processing /home/airflow/.local/lib/python3.8/site-packages/airflow/example_dags/example_xcom.py took 0.040 seconds
[2023-11-16T07:00:40.387+0000] {processor.py:157} INFO - Started process (PID=1965) to work on /home/airflow/.local/lib/python3.8/site-packages/airflow/example_dags/example_xcom.py
[2023-11-16T07:00:40.388+0000] {processor.py:829} INFO - Processing file /home/airflow/.local/lib/python3.8/site-packages/airflow/example_dags/example_xcom.py for tasks to queue
[2023-11-16T07:00:40.389+0000] {logging_mixin.py:154} INFO - [2023-11-16T07:00:40.389+0000] {dagbag.py:536} INFO - Filling up the DagBag from /home/airflow/.local/lib/python3.8/site-packages/airflow/example_dags/example_xcom.py
[2023-11-16T07:00:40.394+0000] {processor.py:839} INFO - DAG(s) dict_keys(['example_xcom']) retrieved from /home/airflow/.local/lib/python3.8/site-packages/airflow/example_dags/example_xcom.py
[2023-11-16T07:00:40.406+0000] {logging_mixin.py:154} INFO - [2023-11-16T07:00:40.406+0000] {dag.py:2941} INFO - Sync 1 DAGs
[2023-11-16T07:00:40.417+0000] {logging_mixin.py:154} INFO - [2023-11-16T07:00:40.417+0000] {dag.py:3722} INFO - Setting next_dagrun for example_xcom to 2021-01-01T00:00:00+00:00, run_after=2021-01-01T00:00:00+00:00
[2023-11-16T07:00:40.426+0000] {processor.py:179} INFO - Processing /home/airflow/.local/lib/python3.8/site-packages/airflow/example_dags/example_xcom.py took 0.041 seconds
[2023-11-16T07:01:11.407+0000] {processor.py:157} INFO - Started process (PID=2019) to work on /home/airflow/.local/lib/python3.8/site-packages/airflow/example_dags/example_xcom.py
[2023-11-16T07:01:11.408+0000] {processor.py:829} INFO - Processing file /home/airflow/.local/lib/python3.8/site-packages/airflow/example_dags/example_xcom.py for tasks to queue
[2023-11-16T07:01:11.409+0000] {logging_mixin.py:154} INFO - [2023-11-16T07:01:11.409+0000] {dagbag.py:536} INFO - Filling up the DagBag from /home/airflow/.local/lib/python3.8/site-packages/airflow/example_dags/example_xcom.py
[2023-11-16T07:01:11.414+0000] {processor.py:839} INFO - DAG(s) dict_keys(['example_xcom']) retrieved from /home/airflow/.local/lib/python3.8/site-packages/airflow/example_dags/example_xcom.py
[2023-11-16T07:01:11.425+0000] {logging_mixin.py:154} INFO - [2023-11-16T07:01:11.425+0000] {dag.py:2941} INFO - Sync 1 DAGs
[2023-11-16T07:01:11.437+0000] {logging_mixin.py:154} INFO - [2023-11-16T07:01:11.436+0000] {dag.py:3722} INFO - Setting next_dagrun for example_xcom to 2021-01-01T00:00:00+00:00, run_after=2021-01-01T00:00:00+00:00
[2023-11-16T07:01:11.445+0000] {processor.py:179} INFO - Processing /home/airflow/.local/lib/python3.8/site-packages/airflow/example_dags/example_xcom.py took 0.040 seconds
[2023-11-16T07:01:42.415+0000] {processor.py:157} INFO - Started process (PID=2078) to work on /home/airflow/.local/lib/python3.8/site-packages/airflow/example_dags/example_xcom.py
[2023-11-16T07:01:42.416+0000] {processor.py:829} INFO - Processing file /home/airflow/.local/lib/python3.8/site-packages/airflow/example_dags/example_xcom.py for tasks to queue
[2023-11-16T07:01:42.422+0000] {logging_mixin.py:154} INFO - [2023-11-16T07:01:42.421+0000] {dagbag.py:536} INFO - Filling up the DagBag from /home/airflow/.local/lib/python3.8/site-packages/airflow/example_dags/example_xcom.py
[2023-11-16T07:01:42.434+0000] {processor.py:839} INFO - DAG(s) dict_keys(['example_xcom']) retrieved from /home/airflow/.local/lib/python3.8/site-packages/airflow/example_dags/example_xcom.py
[2023-11-16T07:01:42.461+0000] {logging_mixin.py:154} INFO - [2023-11-16T07:01:42.461+0000] {dag.py:2941} INFO - Sync 1 DAGs
[2023-11-16T07:01:42.474+0000] {logging_mixin.py:154} INFO - [2023-11-16T07:01:42.474+0000] {dag.py:3722} INFO - Setting next_dagrun for example_xcom to 2021-01-01T00:00:00+00:00, run_after=2021-01-01T00:00:00+00:00
[2023-11-16T07:01:42.485+0000] {processor.py:179} INFO - Processing /home/airflow/.local/lib/python3.8/site-packages/airflow/example_dags/example_xcom.py took 0.073 seconds
[2023-11-16T07:02:13.523+0000] {processor.py:157} INFO - Started process (PID=2132) to work on /home/airflow/.local/lib/python3.8/site-packages/airflow/example_dags/example_xcom.py
[2023-11-16T07:02:13.525+0000] {processor.py:829} INFO - Processing file /home/airflow/.local/lib/python3.8/site-packages/airflow/example_dags/example_xcom.py for tasks to queue
[2023-11-16T07:02:13.526+0000] {logging_mixin.py:154} INFO - [2023-11-16T07:02:13.526+0000] {dagbag.py:536} INFO - Filling up the DagBag from /home/airflow/.local/lib/python3.8/site-packages/airflow/example_dags/example_xcom.py
[2023-11-16T07:02:13.531+0000] {processor.py:839} INFO - DAG(s) dict_keys(['example_xcom']) retrieved from /home/airflow/.local/lib/python3.8/site-packages/airflow/example_dags/example_xcom.py
[2023-11-16T07:02:13.543+0000] {logging_mixin.py:154} INFO - [2023-11-16T07:02:13.543+0000] {dag.py:2941} INFO - Sync 1 DAGs
[2023-11-16T07:02:13.554+0000] {logging_mixin.py:154} INFO - [2023-11-16T07:02:13.553+0000] {dag.py:3722} INFO - Setting next_dagrun for example_xcom to 2021-01-01T00:00:00+00:00, run_after=2021-01-01T00:00:00+00:00
[2023-11-16T07:02:13.564+0000] {processor.py:179} INFO - Processing /home/airflow/.local/lib/python3.8/site-packages/airflow/example_dags/example_xcom.py took 0.043 seconds
[2023-11-16T07:02:43.672+0000] {processor.py:157} INFO - Started process (PID=2186) to work on /home/airflow/.local/lib/python3.8/site-packages/airflow/example_dags/example_xcom.py
[2023-11-16T07:02:43.673+0000] {processor.py:829} INFO - Processing file /home/airflow/.local/lib/python3.8/site-packages/airflow/example_dags/example_xcom.py for tasks to queue
[2023-11-16T07:02:43.674+0000] {logging_mixin.py:154} INFO - [2023-11-16T07:02:43.674+0000] {dagbag.py:536} INFO - Filling up the DagBag from /home/airflow/.local/lib/python3.8/site-packages/airflow/example_dags/example_xcom.py
[2023-11-16T07:02:43.679+0000] {processor.py:839} INFO - DAG(s) dict_keys(['example_xcom']) retrieved from /home/airflow/.local/lib/python3.8/site-packages/airflow/example_dags/example_xcom.py
[2023-11-16T07:02:43.690+0000] {logging_mixin.py:154} INFO - [2023-11-16T07:02:43.690+0000] {dag.py:2941} INFO - Sync 1 DAGs
[2023-11-16T07:02:43.700+0000] {logging_mixin.py:154} INFO - [2023-11-16T07:02:43.700+0000] {dag.py:3722} INFO - Setting next_dagrun for example_xcom to 2021-01-01T00:00:00+00:00, run_after=2021-01-01T00:00:00+00:00
[2023-11-16T07:02:43.708+0000] {processor.py:179} INFO - Processing /home/airflow/.local/lib/python3.8/site-packages/airflow/example_dags/example_xcom.py took 0.038 seconds
[2023-11-16T07:03:13.885+0000] {processor.py:157} INFO - Started process (PID=2240) to work on /home/airflow/.local/lib/python3.8/site-packages/airflow/example_dags/example_xcom.py
[2023-11-16T07:03:13.886+0000] {processor.py:829} INFO - Processing file /home/airflow/.local/lib/python3.8/site-packages/airflow/example_dags/example_xcom.py for tasks to queue
[2023-11-16T07:03:13.888+0000] {logging_mixin.py:154} INFO - [2023-11-16T07:03:13.887+0000] {dagbag.py:536} INFO - Filling up the DagBag from /home/airflow/.local/lib/python3.8/site-packages/airflow/example_dags/example_xcom.py
[2023-11-16T07:03:13.892+0000] {processor.py:839} INFO - DAG(s) dict_keys(['example_xcom']) retrieved from /home/airflow/.local/lib/python3.8/site-packages/airflow/example_dags/example_xcom.py
[2023-11-16T07:03:13.905+0000] {logging_mixin.py:154} INFO - [2023-11-16T07:03:13.905+0000] {dag.py:2941} INFO - Sync 1 DAGs
[2023-11-16T07:03:13.917+0000] {logging_mixin.py:154} INFO - [2023-11-16T07:03:13.917+0000] {dag.py:3722} INFO - Setting next_dagrun for example_xcom to 2021-01-01T00:00:00+00:00, run_after=2021-01-01T00:00:00+00:00
[2023-11-16T07:03:13.926+0000] {processor.py:179} INFO - Processing /home/airflow/.local/lib/python3.8/site-packages/airflow/example_dags/example_xcom.py took 0.043 seconds
[2023-11-16T07:03:44.001+0000] {processor.py:157} INFO - Started process (PID=2294) to work on /home/airflow/.local/lib/python3.8/site-packages/airflow/example_dags/example_xcom.py
[2023-11-16T07:03:44.001+0000] {processor.py:829} INFO - Processing file /home/airflow/.local/lib/python3.8/site-packages/airflow/example_dags/example_xcom.py for tasks to queue
[2023-11-16T07:03:44.003+0000] {logging_mixin.py:154} INFO - [2023-11-16T07:03:44.003+0000] {dagbag.py:536} INFO - Filling up the DagBag from /home/airflow/.local/lib/python3.8/site-packages/airflow/example_dags/example_xcom.py
[2023-11-16T07:03:44.008+0000] {processor.py:839} INFO - DAG(s) dict_keys(['example_xcom']) retrieved from /home/airflow/.local/lib/python3.8/site-packages/airflow/example_dags/example_xcom.py
[2023-11-16T07:03:44.020+0000] {logging_mixin.py:154} INFO - [2023-11-16T07:03:44.020+0000] {dag.py:2941} INFO - Sync 1 DAGs
[2023-11-16T07:03:44.031+0000] {logging_mixin.py:154} INFO - [2023-11-16T07:03:44.031+0000] {dag.py:3722} INFO - Setting next_dagrun for example_xcom to 2021-01-01T00:00:00+00:00, run_after=2021-01-01T00:00:00+00:00
[2023-11-16T07:03:44.040+0000] {processor.py:179} INFO - Processing /home/airflow/.local/lib/python3.8/site-packages/airflow/example_dags/example_xcom.py took 0.041 seconds
[2023-11-16T07:04:14.190+0000] {processor.py:157} INFO - Started process (PID=2348) to work on /home/airflow/.local/lib/python3.8/site-packages/airflow/example_dags/example_xcom.py
[2023-11-16T07:04:14.191+0000] {processor.py:829} INFO - Processing file /home/airflow/.local/lib/python3.8/site-packages/airflow/example_dags/example_xcom.py for tasks to queue
[2023-11-16T07:04:14.193+0000] {logging_mixin.py:154} INFO - [2023-11-16T07:04:14.193+0000] {dagbag.py:536} INFO - Filling up the DagBag from /home/airflow/.local/lib/python3.8/site-packages/airflow/example_dags/example_xcom.py
[2023-11-16T07:04:14.198+0000] {processor.py:839} INFO - DAG(s) dict_keys(['example_xcom']) retrieved from /home/airflow/.local/lib/python3.8/site-packages/airflow/example_dags/example_xcom.py
[2023-11-16T07:04:14.209+0000] {logging_mixin.py:154} INFO - [2023-11-16T07:04:14.209+0000] {dag.py:2941} INFO - Sync 1 DAGs
[2023-11-16T07:04:14.220+0000] {logging_mixin.py:154} INFO - [2023-11-16T07:04:14.220+0000] {dag.py:3722} INFO - Setting next_dagrun for example_xcom to 2021-01-01T00:00:00+00:00, run_after=2021-01-01T00:00:00+00:00
[2023-11-16T07:04:14.230+0000] {processor.py:179} INFO - Processing /home/airflow/.local/lib/python3.8/site-packages/airflow/example_dags/example_xcom.py took 0.042 seconds
[2023-11-16T07:04:45.283+0000] {processor.py:157} INFO - Started process (PID=2402) to work on /home/airflow/.local/lib/python3.8/site-packages/airflow/example_dags/example_xcom.py
[2023-11-16T07:04:45.284+0000] {processor.py:829} INFO - Processing file /home/airflow/.local/lib/python3.8/site-packages/airflow/example_dags/example_xcom.py for tasks to queue
[2023-11-16T07:04:45.286+0000] {logging_mixin.py:154} INFO - [2023-11-16T07:04:45.285+0000] {dagbag.py:536} INFO - Filling up the DagBag from /home/airflow/.local/lib/python3.8/site-packages/airflow/example_dags/example_xcom.py
[2023-11-16T07:04:45.290+0000] {processor.py:839} INFO - DAG(s) dict_keys(['example_xcom']) retrieved from /home/airflow/.local/lib/python3.8/site-packages/airflow/example_dags/example_xcom.py
[2023-11-16T07:04:45.302+0000] {logging_mixin.py:154} INFO - [2023-11-16T07:04:45.302+0000] {dag.py:2941} INFO - Sync 1 DAGs
[2023-11-16T07:04:45.312+0000] {logging_mixin.py:154} INFO - [2023-11-16T07:04:45.312+0000] {dag.py:3722} INFO - Setting next_dagrun for example_xcom to 2021-01-01T00:00:00+00:00, run_after=2021-01-01T00:00:00+00:00
[2023-11-16T07:04:45.321+0000] {processor.py:179} INFO - Processing /home/airflow/.local/lib/python3.8/site-packages/airflow/example_dags/example_xcom.py took 0.040 seconds
[2023-11-16T07:05:16.333+0000] {processor.py:157} INFO - Started process (PID=2456) to work on /home/airflow/.local/lib/python3.8/site-packages/airflow/example_dags/example_xcom.py
[2023-11-16T07:05:16.334+0000] {processor.py:829} INFO - Processing file /home/airflow/.local/lib/python3.8/site-packages/airflow/example_dags/example_xcom.py for tasks to queue
[2023-11-16T07:05:16.335+0000] {logging_mixin.py:154} INFO - [2023-11-16T07:05:16.335+0000] {dagbag.py:536} INFO - Filling up the DagBag from /home/airflow/.local/lib/python3.8/site-packages/airflow/example_dags/example_xcom.py
[2023-11-16T07:05:16.340+0000] {processor.py:839} INFO - DAG(s) dict_keys(['example_xcom']) retrieved from /home/airflow/.local/lib/python3.8/site-packages/airflow/example_dags/example_xcom.py
[2023-11-16T07:05:16.352+0000] {logging_mixin.py:154} INFO - [2023-11-16T07:05:16.352+0000] {dag.py:2941} INFO - Sync 1 DAGs
[2023-11-16T07:05:16.362+0000] {logging_mixin.py:154} INFO - [2023-11-16T07:05:16.362+0000] {dag.py:3722} INFO - Setting next_dagrun for example_xcom to 2021-01-01T00:00:00+00:00, run_after=2021-01-01T00:00:00+00:00
[2023-11-16T07:05:16.371+0000] {processor.py:179} INFO - Processing /home/airflow/.local/lib/python3.8/site-packages/airflow/example_dags/example_xcom.py took 0.040 seconds
[2023-11-16T07:05:47.419+0000] {processor.py:157} INFO - Started process (PID=2510) to work on /home/airflow/.local/lib/python3.8/site-packages/airflow/example_dags/example_xcom.py
[2023-11-16T07:05:47.420+0000] {processor.py:829} INFO - Processing file /home/airflow/.local/lib/python3.8/site-packages/airflow/example_dags/example_xcom.py for tasks to queue
[2023-11-16T07:05:47.422+0000] {logging_mixin.py:154} INFO - [2023-11-16T07:05:47.421+0000] {dagbag.py:536} INFO - Filling up the DagBag from /home/airflow/.local/lib/python3.8/site-packages/airflow/example_dags/example_xcom.py
[2023-11-16T07:05:47.427+0000] {processor.py:839} INFO - DAG(s) dict_keys(['example_xcom']) retrieved from /home/airflow/.local/lib/python3.8/site-packages/airflow/example_dags/example_xcom.py
[2023-11-16T07:05:47.440+0000] {logging_mixin.py:154} INFO - [2023-11-16T07:05:47.440+0000] {dag.py:2941} INFO - Sync 1 DAGs
[2023-11-16T07:05:47.451+0000] {logging_mixin.py:154} INFO - [2023-11-16T07:05:47.451+0000] {dag.py:3722} INFO - Setting next_dagrun for example_xcom to 2021-01-01T00:00:00+00:00, run_after=2021-01-01T00:00:00+00:00
[2023-11-16T07:05:47.460+0000] {processor.py:179} INFO - Processing /home/airflow/.local/lib/python3.8/site-packages/airflow/example_dags/example_xcom.py took 0.044 seconds
