[2023-11-16T06:18:13.204+0000] {processor.py:157} INFO - Started process (PID=69) to work on /home/airflow/.local/lib/python3.8/site-packages/airflow/example_dags/example_params_trigger_ui.py
[2023-11-16T06:18:13.206+0000] {processor.py:829} INFO - Processing file /home/airflow/.local/lib/python3.8/site-packages/airflow/example_dags/example_params_trigger_ui.py for tasks to queue
[2023-11-16T06:18:13.210+0000] {logging_mixin.py:154} INFO - [2023-11-16T06:18:13.209+0000] {dagbag.py:536} INFO - Filling up the DagBag from /home/airflow/.local/lib/python3.8/site-packages/airflow/example_dags/example_params_trigger_ui.py
[2023-11-16T06:18:13.252+0000] {processor.py:839} INFO - DAG(s) dict_keys(['example_params_trigger_ui']) retrieved from /home/airflow/.local/lib/python3.8/site-packages/airflow/example_dags/example_params_trigger_ui.py
[2023-11-16T06:18:13.293+0000] {logging_mixin.py:154} INFO - [2023-11-16T06:18:13.292+0000] {dag.py:2941} INFO - Sync 1 DAGs
[2023-11-16T06:18:13.321+0000] {logging_mixin.py:154} INFO - [2023-11-16T06:18:13.321+0000] {dag.py:3722} INFO - Setting next_dagrun for example_params_trigger_ui to None, run_after=None
[2023-11-16T06:18:13.361+0000] {processor.py:179} INFO - Processing /home/airflow/.local/lib/python3.8/site-packages/airflow/example_dags/example_params_trigger_ui.py took 0.163 seconds
[2023-11-16T06:18:43.738+0000] {processor.py:157} INFO - Started process (PID=123) to work on /home/airflow/.local/lib/python3.8/site-packages/airflow/example_dags/example_params_trigger_ui.py
[2023-11-16T06:18:43.739+0000] {processor.py:829} INFO - Processing file /home/airflow/.local/lib/python3.8/site-packages/airflow/example_dags/example_params_trigger_ui.py for tasks to queue
[2023-11-16T06:18:43.741+0000] {logging_mixin.py:154} INFO - [2023-11-16T06:18:43.741+0000] {dagbag.py:536} INFO - Filling up the DagBag from /home/airflow/.local/lib/python3.8/site-packages/airflow/example_dags/example_params_trigger_ui.py
[2023-11-16T06:18:43.751+0000] {processor.py:839} INFO - DAG(s) dict_keys(['example_params_trigger_ui']) retrieved from /home/airflow/.local/lib/python3.8/site-packages/airflow/example_dags/example_params_trigger_ui.py
[2023-11-16T06:18:43.776+0000] {logging_mixin.py:154} INFO - [2023-11-16T06:18:43.776+0000] {dag.py:2941} INFO - Sync 1 DAGs
[2023-11-16T06:18:43.783+0000] {logging_mixin.py:154} INFO - [2023-11-16T06:18:43.782+0000] {dag.py:3722} INFO - Setting next_dagrun for example_params_trigger_ui to None, run_after=None
[2023-11-16T06:18:43.792+0000] {processor.py:179} INFO - Processing /home/airflow/.local/lib/python3.8/site-packages/airflow/example_dags/example_params_trigger_ui.py took 0.056 seconds
[2023-11-16T06:19:13.867+0000] {processor.py:157} INFO - Started process (PID=177) to work on /home/airflow/.local/lib/python3.8/site-packages/airflow/example_dags/example_params_trigger_ui.py
[2023-11-16T06:19:13.868+0000] {processor.py:829} INFO - Processing file /home/airflow/.local/lib/python3.8/site-packages/airflow/example_dags/example_params_trigger_ui.py for tasks to queue
[2023-11-16T06:19:13.870+0000] {logging_mixin.py:154} INFO - [2023-11-16T06:19:13.870+0000] {dagbag.py:536} INFO - Filling up the DagBag from /home/airflow/.local/lib/python3.8/site-packages/airflow/example_dags/example_params_trigger_ui.py
[2023-11-16T06:19:13.880+0000] {processor.py:839} INFO - DAG(s) dict_keys(['example_params_trigger_ui']) retrieved from /home/airflow/.local/lib/python3.8/site-packages/airflow/example_dags/example_params_trigger_ui.py
[2023-11-16T06:19:13.904+0000] {logging_mixin.py:154} INFO - [2023-11-16T06:19:13.904+0000] {dag.py:2941} INFO - Sync 1 DAGs
[2023-11-16T06:19:13.911+0000] {logging_mixin.py:154} INFO - [2023-11-16T06:19:13.911+0000] {dag.py:3722} INFO - Setting next_dagrun for example_params_trigger_ui to None, run_after=None
[2023-11-16T06:19:13.921+0000] {processor.py:179} INFO - Processing /home/airflow/.local/lib/python3.8/site-packages/airflow/example_dags/example_params_trigger_ui.py took 0.057 seconds
[2023-11-16T06:19:44.116+0000] {processor.py:157} INFO - Started process (PID=231) to work on /home/airflow/.local/lib/python3.8/site-packages/airflow/example_dags/example_params_trigger_ui.py
[2023-11-16T06:19:44.117+0000] {processor.py:829} INFO - Processing file /home/airflow/.local/lib/python3.8/site-packages/airflow/example_dags/example_params_trigger_ui.py for tasks to queue
[2023-11-16T06:19:44.119+0000] {logging_mixin.py:154} INFO - [2023-11-16T06:19:44.119+0000] {dagbag.py:536} INFO - Filling up the DagBag from /home/airflow/.local/lib/python3.8/site-packages/airflow/example_dags/example_params_trigger_ui.py
[2023-11-16T06:19:44.128+0000] {processor.py:839} INFO - DAG(s) dict_keys(['example_params_trigger_ui']) retrieved from /home/airflow/.local/lib/python3.8/site-packages/airflow/example_dags/example_params_trigger_ui.py
[2023-11-16T06:19:44.151+0000] {logging_mixin.py:154} INFO - [2023-11-16T06:19:44.151+0000] {dag.py:2941} INFO - Sync 1 DAGs
[2023-11-16T06:19:44.156+0000] {logging_mixin.py:154} INFO - [2023-11-16T06:19:44.156+0000] {dag.py:3722} INFO - Setting next_dagrun for example_params_trigger_ui to None, run_after=None
[2023-11-16T06:19:44.165+0000] {processor.py:179} INFO - Processing /home/airflow/.local/lib/python3.8/site-packages/airflow/example_dags/example_params_trigger_ui.py took 0.050 seconds
[2023-11-16T06:20:14.421+0000] {processor.py:157} INFO - Started process (PID=285) to work on /home/airflow/.local/lib/python3.8/site-packages/airflow/example_dags/example_params_trigger_ui.py
[2023-11-16T06:20:14.422+0000] {processor.py:829} INFO - Processing file /home/airflow/.local/lib/python3.8/site-packages/airflow/example_dags/example_params_trigger_ui.py for tasks to queue
[2023-11-16T06:20:14.423+0000] {logging_mixin.py:154} INFO - [2023-11-16T06:20:14.423+0000] {dagbag.py:536} INFO - Filling up the DagBag from /home/airflow/.local/lib/python3.8/site-packages/airflow/example_dags/example_params_trigger_ui.py
[2023-11-16T06:20:14.433+0000] {processor.py:839} INFO - DAG(s) dict_keys(['example_params_trigger_ui']) retrieved from /home/airflow/.local/lib/python3.8/site-packages/airflow/example_dags/example_params_trigger_ui.py
[2023-11-16T06:20:14.456+0000] {logging_mixin.py:154} INFO - [2023-11-16T06:20:14.456+0000] {dag.py:2941} INFO - Sync 1 DAGs
[2023-11-16T06:20:14.462+0000] {logging_mixin.py:154} INFO - [2023-11-16T06:20:14.462+0000] {dag.py:3722} INFO - Setting next_dagrun for example_params_trigger_ui to None, run_after=None
[2023-11-16T06:20:14.471+0000] {processor.py:179} INFO - Processing /home/airflow/.local/lib/python3.8/site-packages/airflow/example_dags/example_params_trigger_ui.py took 0.052 seconds
[2023-11-16T06:20:45.456+0000] {processor.py:157} INFO - Started process (PID=339) to work on /home/airflow/.local/lib/python3.8/site-packages/airflow/example_dags/example_params_trigger_ui.py
[2023-11-16T06:20:45.457+0000] {processor.py:829} INFO - Processing file /home/airflow/.local/lib/python3.8/site-packages/airflow/example_dags/example_params_trigger_ui.py for tasks to queue
[2023-11-16T06:20:45.458+0000] {logging_mixin.py:154} INFO - [2023-11-16T06:20:45.458+0000] {dagbag.py:536} INFO - Filling up the DagBag from /home/airflow/.local/lib/python3.8/site-packages/airflow/example_dags/example_params_trigger_ui.py
[2023-11-16T06:20:45.469+0000] {processor.py:839} INFO - DAG(s) dict_keys(['example_params_trigger_ui']) retrieved from /home/airflow/.local/lib/python3.8/site-packages/airflow/example_dags/example_params_trigger_ui.py
[2023-11-16T06:20:45.499+0000] {logging_mixin.py:154} INFO - [2023-11-16T06:20:45.498+0000] {dag.py:2941} INFO - Sync 1 DAGs
[2023-11-16T06:20:45.506+0000] {logging_mixin.py:154} INFO - [2023-11-16T06:20:45.506+0000] {dag.py:3722} INFO - Setting next_dagrun for example_params_trigger_ui to None, run_after=None
[2023-11-16T06:20:45.515+0000] {processor.py:179} INFO - Processing /home/airflow/.local/lib/python3.8/site-packages/airflow/example_dags/example_params_trigger_ui.py took 0.062 seconds
[2023-11-16T06:21:15.558+0000] {processor.py:157} INFO - Started process (PID=393) to work on /home/airflow/.local/lib/python3.8/site-packages/airflow/example_dags/example_params_trigger_ui.py
[2023-11-16T06:21:15.559+0000] {processor.py:829} INFO - Processing file /home/airflow/.local/lib/python3.8/site-packages/airflow/example_dags/example_params_trigger_ui.py for tasks to queue
[2023-11-16T06:21:15.561+0000] {logging_mixin.py:154} INFO - [2023-11-16T06:21:15.560+0000] {dagbag.py:536} INFO - Filling up the DagBag from /home/airflow/.local/lib/python3.8/site-packages/airflow/example_dags/example_params_trigger_ui.py
[2023-11-16T06:21:15.570+0000] {processor.py:839} INFO - DAG(s) dict_keys(['example_params_trigger_ui']) retrieved from /home/airflow/.local/lib/python3.8/site-packages/airflow/example_dags/example_params_trigger_ui.py
[2023-11-16T06:21:15.591+0000] {logging_mixin.py:154} INFO - [2023-11-16T06:21:15.591+0000] {dag.py:2941} INFO - Sync 1 DAGs
[2023-11-16T06:21:15.598+0000] {logging_mixin.py:154} INFO - [2023-11-16T06:21:15.598+0000] {dag.py:3722} INFO - Setting next_dagrun for example_params_trigger_ui to None, run_after=None
[2023-11-16T06:21:15.607+0000] {processor.py:179} INFO - Processing /home/airflow/.local/lib/python3.8/site-packages/airflow/example_dags/example_params_trigger_ui.py took 0.051 seconds
[2023-11-16T06:21:45.710+0000] {processor.py:157} INFO - Started process (PID=448) to work on /home/airflow/.local/lib/python3.8/site-packages/airflow/example_dags/example_params_trigger_ui.py
[2023-11-16T06:21:45.711+0000] {processor.py:829} INFO - Processing file /home/airflow/.local/lib/python3.8/site-packages/airflow/example_dags/example_params_trigger_ui.py for tasks to queue
[2023-11-16T06:21:45.712+0000] {logging_mixin.py:154} INFO - [2023-11-16T06:21:45.712+0000] {dagbag.py:536} INFO - Filling up the DagBag from /home/airflow/.local/lib/python3.8/site-packages/airflow/example_dags/example_params_trigger_ui.py
[2023-11-16T06:21:45.721+0000] {processor.py:839} INFO - DAG(s) dict_keys(['example_params_trigger_ui']) retrieved from /home/airflow/.local/lib/python3.8/site-packages/airflow/example_dags/example_params_trigger_ui.py
[2023-11-16T06:21:45.745+0000] {logging_mixin.py:154} INFO - [2023-11-16T06:21:45.745+0000] {dag.py:2941} INFO - Sync 1 DAGs
[2023-11-16T06:21:45.751+0000] {logging_mixin.py:154} INFO - [2023-11-16T06:21:45.751+0000] {dag.py:3722} INFO - Setting next_dagrun for example_params_trigger_ui to None, run_after=None
[2023-11-16T06:21:45.760+0000] {processor.py:179} INFO - Processing /home/airflow/.local/lib/python3.8/site-packages/airflow/example_dags/example_params_trigger_ui.py took 0.051 seconds
[2023-11-16T06:22:15.935+0000] {processor.py:157} INFO - Started process (PID=501) to work on /home/airflow/.local/lib/python3.8/site-packages/airflow/example_dags/example_params_trigger_ui.py
[2023-11-16T06:22:15.936+0000] {processor.py:829} INFO - Processing file /home/airflow/.local/lib/python3.8/site-packages/airflow/example_dags/example_params_trigger_ui.py for tasks to queue
[2023-11-16T06:22:15.937+0000] {logging_mixin.py:154} INFO - [2023-11-16T06:22:15.937+0000] {dagbag.py:536} INFO - Filling up the DagBag from /home/airflow/.local/lib/python3.8/site-packages/airflow/example_dags/example_params_trigger_ui.py
[2023-11-16T06:22:15.947+0000] {processor.py:839} INFO - DAG(s) dict_keys(['example_params_trigger_ui']) retrieved from /home/airflow/.local/lib/python3.8/site-packages/airflow/example_dags/example_params_trigger_ui.py
[2023-11-16T06:22:15.970+0000] {logging_mixin.py:154} INFO - [2023-11-16T06:22:15.970+0000] {dag.py:2941} INFO - Sync 1 DAGs
[2023-11-16T06:22:15.977+0000] {logging_mixin.py:154} INFO - [2023-11-16T06:22:15.977+0000] {dag.py:3722} INFO - Setting next_dagrun for example_params_trigger_ui to None, run_after=None
[2023-11-16T06:22:15.985+0000] {processor.py:179} INFO - Processing /home/airflow/.local/lib/python3.8/site-packages/airflow/example_dags/example_params_trigger_ui.py took 0.052 seconds
[2023-11-16T06:22:46.121+0000] {processor.py:157} INFO - Started process (PID=555) to work on /home/airflow/.local/lib/python3.8/site-packages/airflow/example_dags/example_params_trigger_ui.py
[2023-11-16T06:22:46.122+0000] {processor.py:829} INFO - Processing file /home/airflow/.local/lib/python3.8/site-packages/airflow/example_dags/example_params_trigger_ui.py for tasks to queue
[2023-11-16T06:22:46.124+0000] {logging_mixin.py:154} INFO - [2023-11-16T06:22:46.123+0000] {dagbag.py:536} INFO - Filling up the DagBag from /home/airflow/.local/lib/python3.8/site-packages/airflow/example_dags/example_params_trigger_ui.py
[2023-11-16T06:22:46.134+0000] {processor.py:839} INFO - DAG(s) dict_keys(['example_params_trigger_ui']) retrieved from /home/airflow/.local/lib/python3.8/site-packages/airflow/example_dags/example_params_trigger_ui.py
[2023-11-16T06:22:46.157+0000] {logging_mixin.py:154} INFO - [2023-11-16T06:22:46.157+0000] {dag.py:2941} INFO - Sync 1 DAGs
[2023-11-16T06:22:46.163+0000] {logging_mixin.py:154} INFO - [2023-11-16T06:22:46.163+0000] {dag.py:3722} INFO - Setting next_dagrun for example_params_trigger_ui to None, run_after=None
[2023-11-16T06:22:46.173+0000] {processor.py:179} INFO - Processing /home/airflow/.local/lib/python3.8/site-packages/airflow/example_dags/example_params_trigger_ui.py took 0.054 seconds
[2023-11-16T06:23:16.509+0000] {processor.py:157} INFO - Started process (PID=609) to work on /home/airflow/.local/lib/python3.8/site-packages/airflow/example_dags/example_params_trigger_ui.py
[2023-11-16T06:23:16.510+0000] {processor.py:829} INFO - Processing file /home/airflow/.local/lib/python3.8/site-packages/airflow/example_dags/example_params_trigger_ui.py for tasks to queue
[2023-11-16T06:23:16.512+0000] {logging_mixin.py:154} INFO - [2023-11-16T06:23:16.511+0000] {dagbag.py:536} INFO - Filling up the DagBag from /home/airflow/.local/lib/python3.8/site-packages/airflow/example_dags/example_params_trigger_ui.py
[2023-11-16T06:23:16.521+0000] {processor.py:839} INFO - DAG(s) dict_keys(['example_params_trigger_ui']) retrieved from /home/airflow/.local/lib/python3.8/site-packages/airflow/example_dags/example_params_trigger_ui.py
[2023-11-16T06:23:16.544+0000] {logging_mixin.py:154} INFO - [2023-11-16T06:23:16.544+0000] {dag.py:2941} INFO - Sync 1 DAGs
[2023-11-16T06:23:16.550+0000] {logging_mixin.py:154} INFO - [2023-11-16T06:23:16.550+0000] {dag.py:3722} INFO - Setting next_dagrun for example_params_trigger_ui to None, run_after=None
[2023-11-16T06:23:16.559+0000] {processor.py:179} INFO - Processing /home/airflow/.local/lib/python3.8/site-packages/airflow/example_dags/example_params_trigger_ui.py took 0.051 seconds
[2023-11-16T06:23:46.678+0000] {processor.py:157} INFO - Started process (PID=663) to work on /home/airflow/.local/lib/python3.8/site-packages/airflow/example_dags/example_params_trigger_ui.py
[2023-11-16T06:23:46.679+0000] {processor.py:829} INFO - Processing file /home/airflow/.local/lib/python3.8/site-packages/airflow/example_dags/example_params_trigger_ui.py for tasks to queue
[2023-11-16T06:23:46.681+0000] {logging_mixin.py:154} INFO - [2023-11-16T06:23:46.681+0000] {dagbag.py:536} INFO - Filling up the DagBag from /home/airflow/.local/lib/python3.8/site-packages/airflow/example_dags/example_params_trigger_ui.py
[2023-11-16T06:23:46.691+0000] {processor.py:839} INFO - DAG(s) dict_keys(['example_params_trigger_ui']) retrieved from /home/airflow/.local/lib/python3.8/site-packages/airflow/example_dags/example_params_trigger_ui.py
[2023-11-16T06:23:46.715+0000] {logging_mixin.py:154} INFO - [2023-11-16T06:23:46.715+0000] {dag.py:2941} INFO - Sync 1 DAGs
[2023-11-16T06:23:46.722+0000] {logging_mixin.py:154} INFO - [2023-11-16T06:23:46.722+0000] {dag.py:3722} INFO - Setting next_dagrun for example_params_trigger_ui to None, run_after=None
[2023-11-16T06:23:46.731+0000] {processor.py:179} INFO - Processing /home/airflow/.local/lib/python3.8/site-packages/airflow/example_dags/example_params_trigger_ui.py took 0.055 seconds
[2023-11-16T06:24:16.912+0000] {processor.py:157} INFO - Started process (PID=717) to work on /home/airflow/.local/lib/python3.8/site-packages/airflow/example_dags/example_params_trigger_ui.py
[2023-11-16T06:24:16.913+0000] {processor.py:829} INFO - Processing file /home/airflow/.local/lib/python3.8/site-packages/airflow/example_dags/example_params_trigger_ui.py for tasks to queue
[2023-11-16T06:24:16.917+0000] {logging_mixin.py:154} INFO - [2023-11-16T06:24:16.917+0000] {dagbag.py:536} INFO - Filling up the DagBag from /home/airflow/.local/lib/python3.8/site-packages/airflow/example_dags/example_params_trigger_ui.py
[2023-11-16T06:24:16.931+0000] {processor.py:839} INFO - DAG(s) dict_keys(['example_params_trigger_ui']) retrieved from /home/airflow/.local/lib/python3.8/site-packages/airflow/example_dags/example_params_trigger_ui.py
[2023-11-16T06:24:16.973+0000] {logging_mixin.py:154} INFO - [2023-11-16T06:24:16.973+0000] {dag.py:2941} INFO - Sync 1 DAGs
[2023-11-16T06:24:16.987+0000] {logging_mixin.py:154} INFO - [2023-11-16T06:24:16.987+0000] {dag.py:3722} INFO - Setting next_dagrun for example_params_trigger_ui to None, run_after=None
[2023-11-16T06:24:17.039+0000] {processor.py:179} INFO - Processing /home/airflow/.local/lib/python3.8/site-packages/airflow/example_dags/example_params_trigger_ui.py took 0.130 seconds
[2023-11-16T06:24:47.064+0000] {processor.py:157} INFO - Started process (PID=772) to work on /home/airflow/.local/lib/python3.8/site-packages/airflow/example_dags/example_params_trigger_ui.py
[2023-11-16T06:24:47.065+0000] {processor.py:829} INFO - Processing file /home/airflow/.local/lib/python3.8/site-packages/airflow/example_dags/example_params_trigger_ui.py for tasks to queue
[2023-11-16T06:24:47.067+0000] {logging_mixin.py:154} INFO - [2023-11-16T06:24:47.066+0000] {dagbag.py:536} INFO - Filling up the DagBag from /home/airflow/.local/lib/python3.8/site-packages/airflow/example_dags/example_params_trigger_ui.py
[2023-11-16T06:24:47.075+0000] {processor.py:839} INFO - DAG(s) dict_keys(['example_params_trigger_ui']) retrieved from /home/airflow/.local/lib/python3.8/site-packages/airflow/example_dags/example_params_trigger_ui.py
[2023-11-16T06:24:47.098+0000] {logging_mixin.py:154} INFO - [2023-11-16T06:24:47.098+0000] {dag.py:2941} INFO - Sync 1 DAGs
[2023-11-16T06:24:47.104+0000] {logging_mixin.py:154} INFO - [2023-11-16T06:24:47.104+0000] {dag.py:3722} INFO - Setting next_dagrun for example_params_trigger_ui to None, run_after=None
[2023-11-16T06:24:47.115+0000] {processor.py:179} INFO - Processing /home/airflow/.local/lib/python3.8/site-packages/airflow/example_dags/example_params_trigger_ui.py took 0.053 seconds
[2023-11-16T06:25:17.917+0000] {processor.py:157} INFO - Started process (PID=825) to work on /home/airflow/.local/lib/python3.8/site-packages/airflow/example_dags/example_params_trigger_ui.py
[2023-11-16T06:25:17.918+0000] {processor.py:829} INFO - Processing file /home/airflow/.local/lib/python3.8/site-packages/airflow/example_dags/example_params_trigger_ui.py for tasks to queue
[2023-11-16T06:25:17.920+0000] {logging_mixin.py:154} INFO - [2023-11-16T06:25:17.919+0000] {dagbag.py:536} INFO - Filling up the DagBag from /home/airflow/.local/lib/python3.8/site-packages/airflow/example_dags/example_params_trigger_ui.py
[2023-11-16T06:25:17.930+0000] {processor.py:839} INFO - DAG(s) dict_keys(['example_params_trigger_ui']) retrieved from /home/airflow/.local/lib/python3.8/site-packages/airflow/example_dags/example_params_trigger_ui.py
[2023-11-16T06:25:17.960+0000] {logging_mixin.py:154} INFO - [2023-11-16T06:25:17.960+0000] {dag.py:2941} INFO - Sync 1 DAGs
[2023-11-16T06:25:17.970+0000] {logging_mixin.py:154} INFO - [2023-11-16T06:25:17.970+0000] {dag.py:3722} INFO - Setting next_dagrun for example_params_trigger_ui to None, run_after=None
[2023-11-16T06:25:17.982+0000] {processor.py:179} INFO - Processing /home/airflow/.local/lib/python3.8/site-packages/airflow/example_dags/example_params_trigger_ui.py took 0.067 seconds
[2023-11-16T06:25:48.202+0000] {processor.py:157} INFO - Started process (PID=879) to work on /home/airflow/.local/lib/python3.8/site-packages/airflow/example_dags/example_params_trigger_ui.py
[2023-11-16T06:25:48.204+0000] {processor.py:829} INFO - Processing file /home/airflow/.local/lib/python3.8/site-packages/airflow/example_dags/example_params_trigger_ui.py for tasks to queue
[2023-11-16T06:25:48.205+0000] {logging_mixin.py:154} INFO - [2023-11-16T06:25:48.205+0000] {dagbag.py:536} INFO - Filling up the DagBag from /home/airflow/.local/lib/python3.8/site-packages/airflow/example_dags/example_params_trigger_ui.py
[2023-11-16T06:25:48.215+0000] {processor.py:839} INFO - DAG(s) dict_keys(['example_params_trigger_ui']) retrieved from /home/airflow/.local/lib/python3.8/site-packages/airflow/example_dags/example_params_trigger_ui.py
[2023-11-16T06:25:48.239+0000] {logging_mixin.py:154} INFO - [2023-11-16T06:25:48.239+0000] {dag.py:2941} INFO - Sync 1 DAGs
[2023-11-16T06:25:48.245+0000] {logging_mixin.py:154} INFO - [2023-11-16T06:25:48.245+0000] {dag.py:3722} INFO - Setting next_dagrun for example_params_trigger_ui to None, run_after=None
[2023-11-16T06:25:48.361+0000] {processor.py:179} INFO - Processing /home/airflow/.local/lib/python3.8/site-packages/airflow/example_dags/example_params_trigger_ui.py took 0.162 seconds
[2023-11-16T06:26:18.766+0000] {processor.py:157} INFO - Started process (PID=933) to work on /home/airflow/.local/lib/python3.8/site-packages/airflow/example_dags/example_params_trigger_ui.py
[2023-11-16T06:26:18.766+0000] {processor.py:829} INFO - Processing file /home/airflow/.local/lib/python3.8/site-packages/airflow/example_dags/example_params_trigger_ui.py for tasks to queue
[2023-11-16T06:26:18.768+0000] {logging_mixin.py:154} INFO - [2023-11-16T06:26:18.768+0000] {dagbag.py:536} INFO - Filling up the DagBag from /home/airflow/.local/lib/python3.8/site-packages/airflow/example_dags/example_params_trigger_ui.py
[2023-11-16T06:26:18.778+0000] {processor.py:839} INFO - DAG(s) dict_keys(['example_params_trigger_ui']) retrieved from /home/airflow/.local/lib/python3.8/site-packages/airflow/example_dags/example_params_trigger_ui.py
[2023-11-16T06:26:18.803+0000] {logging_mixin.py:154} INFO - [2023-11-16T06:26:18.802+0000] {dag.py:2941} INFO - Sync 1 DAGs
[2023-11-16T06:26:18.809+0000] {logging_mixin.py:154} INFO - [2023-11-16T06:26:18.809+0000] {dag.py:3722} INFO - Setting next_dagrun for example_params_trigger_ui to None, run_after=None
[2023-11-16T06:26:18.820+0000] {processor.py:179} INFO - Processing /home/airflow/.local/lib/python3.8/site-packages/airflow/example_dags/example_params_trigger_ui.py took 0.057 seconds
[2023-11-16T06:26:49.779+0000] {processor.py:157} INFO - Started process (PID=987) to work on /home/airflow/.local/lib/python3.8/site-packages/airflow/example_dags/example_params_trigger_ui.py
[2023-11-16T06:26:49.780+0000] {processor.py:829} INFO - Processing file /home/airflow/.local/lib/python3.8/site-packages/airflow/example_dags/example_params_trigger_ui.py for tasks to queue
[2023-11-16T06:26:49.782+0000] {logging_mixin.py:154} INFO - [2023-11-16T06:26:49.782+0000] {dagbag.py:536} INFO - Filling up the DagBag from /home/airflow/.local/lib/python3.8/site-packages/airflow/example_dags/example_params_trigger_ui.py
[2023-11-16T06:26:49.815+0000] {processor.py:839} INFO - DAG(s) dict_keys(['example_params_trigger_ui']) retrieved from /home/airflow/.local/lib/python3.8/site-packages/airflow/example_dags/example_params_trigger_ui.py
[2023-11-16T06:26:49.849+0000] {logging_mixin.py:154} INFO - [2023-11-16T06:26:49.849+0000] {dag.py:2941} INFO - Sync 1 DAGs
[2023-11-16T06:26:49.862+0000] {logging_mixin.py:154} INFO - [2023-11-16T06:26:49.861+0000] {dag.py:3722} INFO - Setting next_dagrun for example_params_trigger_ui to None, run_after=None
[2023-11-16T06:26:49.874+0000] {processor.py:179} INFO - Processing /home/airflow/.local/lib/python3.8/site-packages/airflow/example_dags/example_params_trigger_ui.py took 0.097 seconds
[2023-11-16T06:27:20.499+0000] {processor.py:157} INFO - Started process (PID=1041) to work on /home/airflow/.local/lib/python3.8/site-packages/airflow/example_dags/example_params_trigger_ui.py
[2023-11-16T06:27:20.499+0000] {processor.py:829} INFO - Processing file /home/airflow/.local/lib/python3.8/site-packages/airflow/example_dags/example_params_trigger_ui.py for tasks to queue
[2023-11-16T06:27:20.501+0000] {logging_mixin.py:154} INFO - [2023-11-16T06:27:20.500+0000] {dagbag.py:536} INFO - Filling up the DagBag from /home/airflow/.local/lib/python3.8/site-packages/airflow/example_dags/example_params_trigger_ui.py
[2023-11-16T06:27:20.510+0000] {processor.py:839} INFO - DAG(s) dict_keys(['example_params_trigger_ui']) retrieved from /home/airflow/.local/lib/python3.8/site-packages/airflow/example_dags/example_params_trigger_ui.py
[2023-11-16T06:27:20.532+0000] {logging_mixin.py:154} INFO - [2023-11-16T06:27:20.532+0000] {dag.py:2941} INFO - Sync 1 DAGs
[2023-11-16T06:27:20.538+0000] {logging_mixin.py:154} INFO - [2023-11-16T06:27:20.538+0000] {dag.py:3722} INFO - Setting next_dagrun for example_params_trigger_ui to None, run_after=None
[2023-11-16T06:27:20.546+0000] {processor.py:179} INFO - Processing /home/airflow/.local/lib/python3.8/site-packages/airflow/example_dags/example_params_trigger_ui.py took 0.049 seconds
[2023-11-16T06:27:51.692+0000] {processor.py:157} INFO - Started process (PID=1095) to work on /home/airflow/.local/lib/python3.8/site-packages/airflow/example_dags/example_params_trigger_ui.py
[2023-11-16T06:27:51.692+0000] {processor.py:829} INFO - Processing file /home/airflow/.local/lib/python3.8/site-packages/airflow/example_dags/example_params_trigger_ui.py for tasks to queue
[2023-11-16T06:27:51.694+0000] {logging_mixin.py:154} INFO - [2023-11-16T06:27:51.694+0000] {dagbag.py:536} INFO - Filling up the DagBag from /home/airflow/.local/lib/python3.8/site-packages/airflow/example_dags/example_params_trigger_ui.py
[2023-11-16T06:27:51.703+0000] {processor.py:839} INFO - DAG(s) dict_keys(['example_params_trigger_ui']) retrieved from /home/airflow/.local/lib/python3.8/site-packages/airflow/example_dags/example_params_trigger_ui.py
[2023-11-16T06:27:51.816+0000] {logging_mixin.py:154} INFO - [2023-11-16T06:27:51.816+0000] {dag.py:2941} INFO - Sync 1 DAGs
[2023-11-16T06:27:51.822+0000] {logging_mixin.py:154} INFO - [2023-11-16T06:27:51.821+0000] {dag.py:3722} INFO - Setting next_dagrun for example_params_trigger_ui to None, run_after=None
[2023-11-16T06:27:51.830+0000] {processor.py:179} INFO - Processing /home/airflow/.local/lib/python3.8/site-packages/airflow/example_dags/example_params_trigger_ui.py took 0.141 seconds
[2023-11-16T06:28:22.955+0000] {processor.py:157} INFO - Started process (PID=1149) to work on /home/airflow/.local/lib/python3.8/site-packages/airflow/example_dags/example_params_trigger_ui.py
[2023-11-16T06:28:22.956+0000] {processor.py:829} INFO - Processing file /home/airflow/.local/lib/python3.8/site-packages/airflow/example_dags/example_params_trigger_ui.py for tasks to queue
[2023-11-16T06:28:22.957+0000] {logging_mixin.py:154} INFO - [2023-11-16T06:28:22.957+0000] {dagbag.py:536} INFO - Filling up the DagBag from /home/airflow/.local/lib/python3.8/site-packages/airflow/example_dags/example_params_trigger_ui.py
[2023-11-16T06:28:22.966+0000] {processor.py:839} INFO - DAG(s) dict_keys(['example_params_trigger_ui']) retrieved from /home/airflow/.local/lib/python3.8/site-packages/airflow/example_dags/example_params_trigger_ui.py
[2023-11-16T06:28:22.990+0000] {logging_mixin.py:154} INFO - [2023-11-16T06:28:22.989+0000] {dag.py:2941} INFO - Sync 1 DAGs
[2023-11-16T06:28:23.089+0000] {logging_mixin.py:154} INFO - [2023-11-16T06:28:23.089+0000] {dag.py:3722} INFO - Setting next_dagrun for example_params_trigger_ui to None, run_after=None
[2023-11-16T06:28:23.098+0000] {processor.py:179} INFO - Processing /home/airflow/.local/lib/python3.8/site-packages/airflow/example_dags/example_params_trigger_ui.py took 0.146 seconds
[2023-11-16T06:28:53.840+0000] {processor.py:157} INFO - Started process (PID=1203) to work on /home/airflow/.local/lib/python3.8/site-packages/airflow/example_dags/example_params_trigger_ui.py
[2023-11-16T06:28:53.841+0000] {processor.py:829} INFO - Processing file /home/airflow/.local/lib/python3.8/site-packages/airflow/example_dags/example_params_trigger_ui.py for tasks to queue
[2023-11-16T06:28:53.842+0000] {logging_mixin.py:154} INFO - [2023-11-16T06:28:53.842+0000] {dagbag.py:536} INFO - Filling up the DagBag from /home/airflow/.local/lib/python3.8/site-packages/airflow/example_dags/example_params_trigger_ui.py
[2023-11-16T06:28:53.852+0000] {processor.py:839} INFO - DAG(s) dict_keys(['example_params_trigger_ui']) retrieved from /home/airflow/.local/lib/python3.8/site-packages/airflow/example_dags/example_params_trigger_ui.py
[2023-11-16T06:28:53.874+0000] {logging_mixin.py:154} INFO - [2023-11-16T06:28:53.874+0000] {dag.py:2941} INFO - Sync 1 DAGs
[2023-11-16T06:28:53.881+0000] {logging_mixin.py:154} INFO - [2023-11-16T06:28:53.881+0000] {dag.py:3722} INFO - Setting next_dagrun for example_params_trigger_ui to None, run_after=None
[2023-11-16T06:28:53.891+0000] {processor.py:179} INFO - Processing /home/airflow/.local/lib/python3.8/site-packages/airflow/example_dags/example_params_trigger_ui.py took 0.053 seconds
[2023-11-16T06:29:24.119+0000] {processor.py:157} INFO - Started process (PID=1257) to work on /home/airflow/.local/lib/python3.8/site-packages/airflow/example_dags/example_params_trigger_ui.py
[2023-11-16T06:29:24.120+0000] {processor.py:829} INFO - Processing file /home/airflow/.local/lib/python3.8/site-packages/airflow/example_dags/example_params_trigger_ui.py for tasks to queue
[2023-11-16T06:29:24.121+0000] {logging_mixin.py:154} INFO - [2023-11-16T06:29:24.121+0000] {dagbag.py:536} INFO - Filling up the DagBag from /home/airflow/.local/lib/python3.8/site-packages/airflow/example_dags/example_params_trigger_ui.py
[2023-11-16T06:29:24.132+0000] {processor.py:839} INFO - DAG(s) dict_keys(['example_params_trigger_ui']) retrieved from /home/airflow/.local/lib/python3.8/site-packages/airflow/example_dags/example_params_trigger_ui.py
[2023-11-16T06:29:24.157+0000] {logging_mixin.py:154} INFO - [2023-11-16T06:29:24.157+0000] {dag.py:2941} INFO - Sync 1 DAGs
[2023-11-16T06:29:24.165+0000] {logging_mixin.py:154} INFO - [2023-11-16T06:29:24.164+0000] {dag.py:3722} INFO - Setting next_dagrun for example_params_trigger_ui to None, run_after=None
[2023-11-16T06:29:24.177+0000] {processor.py:179} INFO - Processing /home/airflow/.local/lib/python3.8/site-packages/airflow/example_dags/example_params_trigger_ui.py took 0.060 seconds
[2023-11-16T06:29:55.494+0000] {processor.py:157} INFO - Started process (PID=1311) to work on /home/airflow/.local/lib/python3.8/site-packages/airflow/example_dags/example_params_trigger_ui.py
[2023-11-16T06:29:55.495+0000] {processor.py:829} INFO - Processing file /home/airflow/.local/lib/python3.8/site-packages/airflow/example_dags/example_params_trigger_ui.py for tasks to queue
[2023-11-16T06:29:55.496+0000] {logging_mixin.py:154} INFO - [2023-11-16T06:29:55.496+0000] {dagbag.py:536} INFO - Filling up the DagBag from /home/airflow/.local/lib/python3.8/site-packages/airflow/example_dags/example_params_trigger_ui.py
[2023-11-16T06:29:55.602+0000] {processor.py:839} INFO - DAG(s) dict_keys(['example_params_trigger_ui']) retrieved from /home/airflow/.local/lib/python3.8/site-packages/airflow/example_dags/example_params_trigger_ui.py
[2023-11-16T06:29:55.625+0000] {logging_mixin.py:154} INFO - [2023-11-16T06:29:55.624+0000] {dag.py:2941} INFO - Sync 1 DAGs
[2023-11-16T06:29:55.630+0000] {logging_mixin.py:154} INFO - [2023-11-16T06:29:55.630+0000] {dag.py:3722} INFO - Setting next_dagrun for example_params_trigger_ui to None, run_after=None
[2023-11-16T06:29:55.640+0000] {processor.py:179} INFO - Processing /home/airflow/.local/lib/python3.8/site-packages/airflow/example_dags/example_params_trigger_ui.py took 0.148 seconds
[2023-11-16T06:30:26.118+0000] {processor.py:157} INFO - Started process (PID=1365) to work on /home/airflow/.local/lib/python3.8/site-packages/airflow/example_dags/example_params_trigger_ui.py
[2023-11-16T06:30:26.119+0000] {processor.py:829} INFO - Processing file /home/airflow/.local/lib/python3.8/site-packages/airflow/example_dags/example_params_trigger_ui.py for tasks to queue
[2023-11-16T06:30:26.121+0000] {logging_mixin.py:154} INFO - [2023-11-16T06:30:26.120+0000] {dagbag.py:536} INFO - Filling up the DagBag from /home/airflow/.local/lib/python3.8/site-packages/airflow/example_dags/example_params_trigger_ui.py
[2023-11-16T06:30:26.131+0000] {processor.py:839} INFO - DAG(s) dict_keys(['example_params_trigger_ui']) retrieved from /home/airflow/.local/lib/python3.8/site-packages/airflow/example_dags/example_params_trigger_ui.py
[2023-11-16T06:30:26.153+0000] {logging_mixin.py:154} INFO - [2023-11-16T06:30:26.152+0000] {dag.py:2941} INFO - Sync 1 DAGs
[2023-11-16T06:30:26.159+0000] {logging_mixin.py:154} INFO - [2023-11-16T06:30:26.159+0000] {dag.py:3722} INFO - Setting next_dagrun for example_params_trigger_ui to None, run_after=None
[2023-11-16T06:30:26.168+0000] {processor.py:179} INFO - Processing /home/airflow/.local/lib/python3.8/site-packages/airflow/example_dags/example_params_trigger_ui.py took 0.052 seconds
[2023-11-16T06:30:57.086+0000] {processor.py:157} INFO - Started process (PID=1419) to work on /home/airflow/.local/lib/python3.8/site-packages/airflow/example_dags/example_params_trigger_ui.py
[2023-11-16T06:30:57.087+0000] {processor.py:829} INFO - Processing file /home/airflow/.local/lib/python3.8/site-packages/airflow/example_dags/example_params_trigger_ui.py for tasks to queue
[2023-11-16T06:30:57.089+0000] {logging_mixin.py:154} INFO - [2023-11-16T06:30:57.089+0000] {dagbag.py:536} INFO - Filling up the DagBag from /home/airflow/.local/lib/python3.8/site-packages/airflow/example_dags/example_params_trigger_ui.py
[2023-11-16T06:30:57.100+0000] {processor.py:839} INFO - DAG(s) dict_keys(['example_params_trigger_ui']) retrieved from /home/airflow/.local/lib/python3.8/site-packages/airflow/example_dags/example_params_trigger_ui.py
[2023-11-16T06:30:57.124+0000] {logging_mixin.py:154} INFO - [2023-11-16T06:30:57.123+0000] {dag.py:2941} INFO - Sync 1 DAGs
[2023-11-16T06:30:57.131+0000] {logging_mixin.py:154} INFO - [2023-11-16T06:30:57.131+0000] {dag.py:3722} INFO - Setting next_dagrun for example_params_trigger_ui to None, run_after=None
[2023-11-16T06:30:57.140+0000] {processor.py:179} INFO - Processing /home/airflow/.local/lib/python3.8/site-packages/airflow/example_dags/example_params_trigger_ui.py took 0.057 seconds
[2023-11-16T06:42:48.228+0000] {processor.py:157} INFO - Started process (PID=69) to work on /home/airflow/.local/lib/python3.8/site-packages/airflow/example_dags/example_params_trigger_ui.py
[2023-11-16T06:42:48.229+0000] {processor.py:829} INFO - Processing file /home/airflow/.local/lib/python3.8/site-packages/airflow/example_dags/example_params_trigger_ui.py for tasks to queue
[2023-11-16T06:42:48.233+0000] {logging_mixin.py:154} INFO - [2023-11-16T06:42:48.232+0000] {dagbag.py:536} INFO - Filling up the DagBag from /home/airflow/.local/lib/python3.8/site-packages/airflow/example_dags/example_params_trigger_ui.py
[2023-11-16T06:42:48.257+0000] {processor.py:839} INFO - DAG(s) dict_keys(['example_params_trigger_ui']) retrieved from /home/airflow/.local/lib/python3.8/site-packages/airflow/example_dags/example_params_trigger_ui.py
[2023-11-16T06:42:48.282+0000] {logging_mixin.py:154} INFO - [2023-11-16T06:42:48.281+0000] {dag.py:2941} INFO - Sync 1 DAGs
[2023-11-16T06:42:48.295+0000] {logging_mixin.py:154} INFO - [2023-11-16T06:42:48.294+0000] {dag.py:3722} INFO - Setting next_dagrun for example_params_trigger_ui to None, run_after=None
[2023-11-16T06:42:48.318+0000] {processor.py:179} INFO - Processing /home/airflow/.local/lib/python3.8/site-packages/airflow/example_dags/example_params_trigger_ui.py took 0.103 seconds
[2023-11-16T06:43:18.549+0000] {processor.py:157} INFO - Started process (PID=123) to work on /home/airflow/.local/lib/python3.8/site-packages/airflow/example_dags/example_params_trigger_ui.py
[2023-11-16T06:43:18.550+0000] {processor.py:829} INFO - Processing file /home/airflow/.local/lib/python3.8/site-packages/airflow/example_dags/example_params_trigger_ui.py for tasks to queue
[2023-11-16T06:43:18.552+0000] {logging_mixin.py:154} INFO - [2023-11-16T06:43:18.552+0000] {dagbag.py:536} INFO - Filling up the DagBag from /home/airflow/.local/lib/python3.8/site-packages/airflow/example_dags/example_params_trigger_ui.py
[2023-11-16T06:43:18.561+0000] {processor.py:839} INFO - DAG(s) dict_keys(['example_params_trigger_ui']) retrieved from /home/airflow/.local/lib/python3.8/site-packages/airflow/example_dags/example_params_trigger_ui.py
[2023-11-16T06:43:18.585+0000] {logging_mixin.py:154} INFO - [2023-11-16T06:43:18.585+0000] {dag.py:2941} INFO - Sync 1 DAGs
[2023-11-16T06:43:18.592+0000] {logging_mixin.py:154} INFO - [2023-11-16T06:43:18.592+0000] {dag.py:3722} INFO - Setting next_dagrun for example_params_trigger_ui to None, run_after=None
[2023-11-16T06:43:18.601+0000] {processor.py:179} INFO - Processing /home/airflow/.local/lib/python3.8/site-packages/airflow/example_dags/example_params_trigger_ui.py took 0.054 seconds
[2023-11-16T06:43:48.865+0000] {processor.py:157} INFO - Started process (PID=177) to work on /home/airflow/.local/lib/python3.8/site-packages/airflow/example_dags/example_params_trigger_ui.py
[2023-11-16T06:43:48.866+0000] {processor.py:829} INFO - Processing file /home/airflow/.local/lib/python3.8/site-packages/airflow/example_dags/example_params_trigger_ui.py for tasks to queue
[2023-11-16T06:43:48.867+0000] {logging_mixin.py:154} INFO - [2023-11-16T06:43:48.867+0000] {dagbag.py:536} INFO - Filling up the DagBag from /home/airflow/.local/lib/python3.8/site-packages/airflow/example_dags/example_params_trigger_ui.py
[2023-11-16T06:43:48.878+0000] {processor.py:839} INFO - DAG(s) dict_keys(['example_params_trigger_ui']) retrieved from /home/airflow/.local/lib/python3.8/site-packages/airflow/example_dags/example_params_trigger_ui.py
[2023-11-16T06:43:48.902+0000] {logging_mixin.py:154} INFO - [2023-11-16T06:43:48.901+0000] {dag.py:2941} INFO - Sync 1 DAGs
[2023-11-16T06:43:48.909+0000] {logging_mixin.py:154} INFO - [2023-11-16T06:43:48.909+0000] {dag.py:3722} INFO - Setting next_dagrun for example_params_trigger_ui to None, run_after=None
[2023-11-16T06:43:48.918+0000] {processor.py:179} INFO - Processing /home/airflow/.local/lib/python3.8/site-packages/airflow/example_dags/example_params_trigger_ui.py took 0.055 seconds
[2023-11-16T06:44:19.728+0000] {processor.py:157} INFO - Started process (PID=231) to work on /home/airflow/.local/lib/python3.8/site-packages/airflow/example_dags/example_params_trigger_ui.py
[2023-11-16T06:44:19.729+0000] {processor.py:829} INFO - Processing file /home/airflow/.local/lib/python3.8/site-packages/airflow/example_dags/example_params_trigger_ui.py for tasks to queue
[2023-11-16T06:44:19.731+0000] {logging_mixin.py:154} INFO - [2023-11-16T06:44:19.730+0000] {dagbag.py:536} INFO - Filling up the DagBag from /home/airflow/.local/lib/python3.8/site-packages/airflow/example_dags/example_params_trigger_ui.py
[2023-11-16T06:44:19.740+0000] {processor.py:839} INFO - DAG(s) dict_keys(['example_params_trigger_ui']) retrieved from /home/airflow/.local/lib/python3.8/site-packages/airflow/example_dags/example_params_trigger_ui.py
[2023-11-16T06:44:19.762+0000] {logging_mixin.py:154} INFO - [2023-11-16T06:44:19.762+0000] {dag.py:2941} INFO - Sync 1 DAGs
[2023-11-16T06:44:19.769+0000] {logging_mixin.py:154} INFO - [2023-11-16T06:44:19.769+0000] {dag.py:3722} INFO - Setting next_dagrun for example_params_trigger_ui to None, run_after=None
[2023-11-16T06:44:19.778+0000] {processor.py:179} INFO - Processing /home/airflow/.local/lib/python3.8/site-packages/airflow/example_dags/example_params_trigger_ui.py took 0.052 seconds
[2023-11-16T06:44:50.559+0000] {processor.py:157} INFO - Started process (PID=286) to work on /home/airflow/.local/lib/python3.8/site-packages/airflow/example_dags/example_params_trigger_ui.py
[2023-11-16T06:44:50.560+0000] {processor.py:829} INFO - Processing file /home/airflow/.local/lib/python3.8/site-packages/airflow/example_dags/example_params_trigger_ui.py for tasks to queue
[2023-11-16T06:44:50.561+0000] {logging_mixin.py:154} INFO - [2023-11-16T06:44:50.561+0000] {dagbag.py:536} INFO - Filling up the DagBag from /home/airflow/.local/lib/python3.8/site-packages/airflow/example_dags/example_params_trigger_ui.py
[2023-11-16T06:44:50.570+0000] {processor.py:839} INFO - DAG(s) dict_keys(['example_params_trigger_ui']) retrieved from /home/airflow/.local/lib/python3.8/site-packages/airflow/example_dags/example_params_trigger_ui.py
[2023-11-16T06:44:50.601+0000] {logging_mixin.py:154} INFO - [2023-11-16T06:44:50.601+0000] {dag.py:2941} INFO - Sync 1 DAGs
[2023-11-16T06:44:50.608+0000] {logging_mixin.py:154} INFO - [2023-11-16T06:44:50.608+0000] {dag.py:3722} INFO - Setting next_dagrun for example_params_trigger_ui to None, run_after=None
[2023-11-16T06:44:50.618+0000] {processor.py:179} INFO - Processing /home/airflow/.local/lib/python3.8/site-packages/airflow/example_dags/example_params_trigger_ui.py took 0.060 seconds
[2023-11-16T06:45:20.746+0000] {processor.py:157} INFO - Started process (PID=340) to work on /home/airflow/.local/lib/python3.8/site-packages/airflow/example_dags/example_params_trigger_ui.py
[2023-11-16T06:45:20.747+0000] {processor.py:829} INFO - Processing file /home/airflow/.local/lib/python3.8/site-packages/airflow/example_dags/example_params_trigger_ui.py for tasks to queue
[2023-11-16T06:45:20.749+0000] {logging_mixin.py:154} INFO - [2023-11-16T06:45:20.749+0000] {dagbag.py:536} INFO - Filling up the DagBag from /home/airflow/.local/lib/python3.8/site-packages/airflow/example_dags/example_params_trigger_ui.py
[2023-11-16T06:45:20.758+0000] {processor.py:839} INFO - DAG(s) dict_keys(['example_params_trigger_ui']) retrieved from /home/airflow/.local/lib/python3.8/site-packages/airflow/example_dags/example_params_trigger_ui.py
[2023-11-16T06:45:20.782+0000] {logging_mixin.py:154} INFO - [2023-11-16T06:45:20.781+0000] {dag.py:2941} INFO - Sync 1 DAGs
[2023-11-16T06:45:20.788+0000] {logging_mixin.py:154} INFO - [2023-11-16T06:45:20.788+0000] {dag.py:3722} INFO - Setting next_dagrun for example_params_trigger_ui to None, run_after=None
[2023-11-16T06:45:20.797+0000] {processor.py:179} INFO - Processing /home/airflow/.local/lib/python3.8/site-packages/airflow/example_dags/example_params_trigger_ui.py took 0.053 seconds
[2023-11-16T06:45:51.042+0000] {processor.py:157} INFO - Started process (PID=394) to work on /home/airflow/.local/lib/python3.8/site-packages/airflow/example_dags/example_params_trigger_ui.py
[2023-11-16T06:45:51.043+0000] {processor.py:829} INFO - Processing file /home/airflow/.local/lib/python3.8/site-packages/airflow/example_dags/example_params_trigger_ui.py for tasks to queue
[2023-11-16T06:45:51.045+0000] {logging_mixin.py:154} INFO - [2023-11-16T06:45:51.045+0000] {dagbag.py:536} INFO - Filling up the DagBag from /home/airflow/.local/lib/python3.8/site-packages/airflow/example_dags/example_params_trigger_ui.py
[2023-11-16T06:45:51.055+0000] {processor.py:839} INFO - DAG(s) dict_keys(['example_params_trigger_ui']) retrieved from /home/airflow/.local/lib/python3.8/site-packages/airflow/example_dags/example_params_trigger_ui.py
[2023-11-16T06:45:51.081+0000] {logging_mixin.py:154} INFO - [2023-11-16T06:45:51.081+0000] {dag.py:2941} INFO - Sync 1 DAGs
[2023-11-16T06:45:51.089+0000] {logging_mixin.py:154} INFO - [2023-11-16T06:45:51.088+0000] {dag.py:3722} INFO - Setting next_dagrun for example_params_trigger_ui to None, run_after=None
[2023-11-16T06:45:51.098+0000] {processor.py:179} INFO - Processing /home/airflow/.local/lib/python3.8/site-packages/airflow/example_dags/example_params_trigger_ui.py took 0.059 seconds
[2023-11-16T06:46:21.303+0000] {processor.py:157} INFO - Started process (PID=448) to work on /home/airflow/.local/lib/python3.8/site-packages/airflow/example_dags/example_params_trigger_ui.py
[2023-11-16T06:46:21.304+0000] {processor.py:829} INFO - Processing file /home/airflow/.local/lib/python3.8/site-packages/airflow/example_dags/example_params_trigger_ui.py for tasks to queue
[2023-11-16T06:46:21.305+0000] {logging_mixin.py:154} INFO - [2023-11-16T06:46:21.305+0000] {dagbag.py:536} INFO - Filling up the DagBag from /home/airflow/.local/lib/python3.8/site-packages/airflow/example_dags/example_params_trigger_ui.py
[2023-11-16T06:46:21.314+0000] {processor.py:839} INFO - DAG(s) dict_keys(['example_params_trigger_ui']) retrieved from /home/airflow/.local/lib/python3.8/site-packages/airflow/example_dags/example_params_trigger_ui.py
[2023-11-16T06:46:21.337+0000] {logging_mixin.py:154} INFO - [2023-11-16T06:46:21.337+0000] {dag.py:2941} INFO - Sync 1 DAGs
[2023-11-16T06:46:21.344+0000] {logging_mixin.py:154} INFO - [2023-11-16T06:46:21.344+0000] {dag.py:3722} INFO - Setting next_dagrun for example_params_trigger_ui to None, run_after=None
[2023-11-16T06:46:21.353+0000] {processor.py:179} INFO - Processing /home/airflow/.local/lib/python3.8/site-packages/airflow/example_dags/example_params_trigger_ui.py took 0.052 seconds
[2023-11-16T06:46:51.437+0000] {processor.py:157} INFO - Started process (PID=502) to work on /home/airflow/.local/lib/python3.8/site-packages/airflow/example_dags/example_params_trigger_ui.py
[2023-11-16T06:46:51.438+0000] {processor.py:829} INFO - Processing file /home/airflow/.local/lib/python3.8/site-packages/airflow/example_dags/example_params_trigger_ui.py for tasks to queue
[2023-11-16T06:46:51.440+0000] {logging_mixin.py:154} INFO - [2023-11-16T06:46:51.439+0000] {dagbag.py:536} INFO - Filling up the DagBag from /home/airflow/.local/lib/python3.8/site-packages/airflow/example_dags/example_params_trigger_ui.py
[2023-11-16T06:46:51.449+0000] {processor.py:839} INFO - DAG(s) dict_keys(['example_params_trigger_ui']) retrieved from /home/airflow/.local/lib/python3.8/site-packages/airflow/example_dags/example_params_trigger_ui.py
[2023-11-16T06:46:51.471+0000] {logging_mixin.py:154} INFO - [2023-11-16T06:46:51.471+0000] {dag.py:2941} INFO - Sync 1 DAGs
[2023-11-16T06:46:51.478+0000] {logging_mixin.py:154} INFO - [2023-11-16T06:46:51.478+0000] {dag.py:3722} INFO - Setting next_dagrun for example_params_trigger_ui to None, run_after=None
[2023-11-16T06:46:51.486+0000] {processor.py:179} INFO - Processing /home/airflow/.local/lib/python3.8/site-packages/airflow/example_dags/example_params_trigger_ui.py took 0.051 seconds
[2023-11-16T06:47:21.807+0000] {processor.py:157} INFO - Started process (PID=557) to work on /home/airflow/.local/lib/python3.8/site-packages/airflow/example_dags/example_params_trigger_ui.py
[2023-11-16T06:47:21.808+0000] {processor.py:829} INFO - Processing file /home/airflow/.local/lib/python3.8/site-packages/airflow/example_dags/example_params_trigger_ui.py for tasks to queue
[2023-11-16T06:47:21.809+0000] {logging_mixin.py:154} INFO - [2023-11-16T06:47:21.809+0000] {dagbag.py:536} INFO - Filling up the DagBag from /home/airflow/.local/lib/python3.8/site-packages/airflow/example_dags/example_params_trigger_ui.py
[2023-11-16T06:47:21.818+0000] {processor.py:839} INFO - DAG(s) dict_keys(['example_params_trigger_ui']) retrieved from /home/airflow/.local/lib/python3.8/site-packages/airflow/example_dags/example_params_trigger_ui.py
[2023-11-16T06:47:21.841+0000] {logging_mixin.py:154} INFO - [2023-11-16T06:47:21.841+0000] {dag.py:2941} INFO - Sync 1 DAGs
[2023-11-16T06:47:21.848+0000] {logging_mixin.py:154} INFO - [2023-11-16T06:47:21.848+0000] {dag.py:3722} INFO - Setting next_dagrun for example_params_trigger_ui to None, run_after=None
[2023-11-16T06:47:21.857+0000] {processor.py:179} INFO - Processing /home/airflow/.local/lib/python3.8/site-packages/airflow/example_dags/example_params_trigger_ui.py took 0.052 seconds
[2023-11-16T06:47:52.157+0000] {processor.py:157} INFO - Started process (PID=611) to work on /home/airflow/.local/lib/python3.8/site-packages/airflow/example_dags/example_params_trigger_ui.py
[2023-11-16T06:47:52.158+0000] {processor.py:829} INFO - Processing file /home/airflow/.local/lib/python3.8/site-packages/airflow/example_dags/example_params_trigger_ui.py for tasks to queue
[2023-11-16T06:47:52.160+0000] {logging_mixin.py:154} INFO - [2023-11-16T06:47:52.160+0000] {dagbag.py:536} INFO - Filling up the DagBag from /home/airflow/.local/lib/python3.8/site-packages/airflow/example_dags/example_params_trigger_ui.py
[2023-11-16T06:47:52.177+0000] {processor.py:839} INFO - DAG(s) dict_keys(['example_params_trigger_ui']) retrieved from /home/airflow/.local/lib/python3.8/site-packages/airflow/example_dags/example_params_trigger_ui.py
[2023-11-16T06:47:52.206+0000] {logging_mixin.py:154} INFO - [2023-11-16T06:47:52.206+0000] {dag.py:2941} INFO - Sync 1 DAGs
[2023-11-16T06:47:52.214+0000] {logging_mixin.py:154} INFO - [2023-11-16T06:47:52.214+0000] {dag.py:3722} INFO - Setting next_dagrun for example_params_trigger_ui to None, run_after=None
[2023-11-16T06:47:52.226+0000] {processor.py:179} INFO - Processing /home/airflow/.local/lib/python3.8/site-packages/airflow/example_dags/example_params_trigger_ui.py took 0.071 seconds
[2023-11-16T06:48:23.258+0000] {processor.py:157} INFO - Started process (PID=665) to work on /home/airflow/.local/lib/python3.8/site-packages/airflow/example_dags/example_params_trigger_ui.py
[2023-11-16T06:48:23.259+0000] {processor.py:829} INFO - Processing file /home/airflow/.local/lib/python3.8/site-packages/airflow/example_dags/example_params_trigger_ui.py for tasks to queue
[2023-11-16T06:48:23.260+0000] {logging_mixin.py:154} INFO - [2023-11-16T06:48:23.260+0000] {dagbag.py:536} INFO - Filling up the DagBag from /home/airflow/.local/lib/python3.8/site-packages/airflow/example_dags/example_params_trigger_ui.py
[2023-11-16T06:48:23.272+0000] {processor.py:839} INFO - DAG(s) dict_keys(['example_params_trigger_ui']) retrieved from /home/airflow/.local/lib/python3.8/site-packages/airflow/example_dags/example_params_trigger_ui.py
[2023-11-16T06:48:23.302+0000] {logging_mixin.py:154} INFO - [2023-11-16T06:48:23.302+0000] {dag.py:2941} INFO - Sync 1 DAGs
[2023-11-16T06:48:23.318+0000] {logging_mixin.py:154} INFO - [2023-11-16T06:48:23.318+0000] {dag.py:3722} INFO - Setting next_dagrun for example_params_trigger_ui to None, run_after=None
[2023-11-16T06:48:23.332+0000] {processor.py:179} INFO - Processing /home/airflow/.local/lib/python3.8/site-packages/airflow/example_dags/example_params_trigger_ui.py took 0.076 seconds
[2023-11-16T06:48:53.697+0000] {processor.py:157} INFO - Started process (PID=719) to work on /home/airflow/.local/lib/python3.8/site-packages/airflow/example_dags/example_params_trigger_ui.py
[2023-11-16T06:48:53.698+0000] {processor.py:829} INFO - Processing file /home/airflow/.local/lib/python3.8/site-packages/airflow/example_dags/example_params_trigger_ui.py for tasks to queue
[2023-11-16T06:48:53.699+0000] {logging_mixin.py:154} INFO - [2023-11-16T06:48:53.699+0000] {dagbag.py:536} INFO - Filling up the DagBag from /home/airflow/.local/lib/python3.8/site-packages/airflow/example_dags/example_params_trigger_ui.py
[2023-11-16T06:48:53.709+0000] {processor.py:839} INFO - DAG(s) dict_keys(['example_params_trigger_ui']) retrieved from /home/airflow/.local/lib/python3.8/site-packages/airflow/example_dags/example_params_trigger_ui.py
[2023-11-16T06:48:53.735+0000] {logging_mixin.py:154} INFO - [2023-11-16T06:48:53.735+0000] {dag.py:2941} INFO - Sync 1 DAGs
[2023-11-16T06:48:53.742+0000] {logging_mixin.py:154} INFO - [2023-11-16T06:48:53.742+0000] {dag.py:3722} INFO - Setting next_dagrun for example_params_trigger_ui to None, run_after=None
[2023-11-16T06:48:53.752+0000] {processor.py:179} INFO - Processing /home/airflow/.local/lib/python3.8/site-packages/airflow/example_dags/example_params_trigger_ui.py took 0.058 seconds
[2023-11-16T06:49:23.940+0000] {processor.py:157} INFO - Started process (PID=773) to work on /home/airflow/.local/lib/python3.8/site-packages/airflow/example_dags/example_params_trigger_ui.py
[2023-11-16T06:49:23.941+0000] {processor.py:829} INFO - Processing file /home/airflow/.local/lib/python3.8/site-packages/airflow/example_dags/example_params_trigger_ui.py for tasks to queue
[2023-11-16T06:49:23.943+0000] {logging_mixin.py:154} INFO - [2023-11-16T06:49:23.943+0000] {dagbag.py:536} INFO - Filling up the DagBag from /home/airflow/.local/lib/python3.8/site-packages/airflow/example_dags/example_params_trigger_ui.py
[2023-11-16T06:49:23.952+0000] {processor.py:839} INFO - DAG(s) dict_keys(['example_params_trigger_ui']) retrieved from /home/airflow/.local/lib/python3.8/site-packages/airflow/example_dags/example_params_trigger_ui.py
[2023-11-16T06:49:23.976+0000] {logging_mixin.py:154} INFO - [2023-11-16T06:49:23.976+0000] {dag.py:2941} INFO - Sync 1 DAGs
[2023-11-16T06:49:23.982+0000] {logging_mixin.py:154} INFO - [2023-11-16T06:49:23.982+0000] {dag.py:3722} INFO - Setting next_dagrun for example_params_trigger_ui to None, run_after=None
[2023-11-16T06:49:23.991+0000] {processor.py:179} INFO - Processing /home/airflow/.local/lib/python3.8/site-packages/airflow/example_dags/example_params_trigger_ui.py took 0.052 seconds
[2023-11-16T06:49:54.049+0000] {processor.py:157} INFO - Started process (PID=827) to work on /home/airflow/.local/lib/python3.8/site-packages/airflow/example_dags/example_params_trigger_ui.py
[2023-11-16T06:49:54.050+0000] {processor.py:829} INFO - Processing file /home/airflow/.local/lib/python3.8/site-packages/airflow/example_dags/example_params_trigger_ui.py for tasks to queue
[2023-11-16T06:49:54.051+0000] {logging_mixin.py:154} INFO - [2023-11-16T06:49:54.051+0000] {dagbag.py:536} INFO - Filling up the DagBag from /home/airflow/.local/lib/python3.8/site-packages/airflow/example_dags/example_params_trigger_ui.py
[2023-11-16T06:49:54.061+0000] {processor.py:839} INFO - DAG(s) dict_keys(['example_params_trigger_ui']) retrieved from /home/airflow/.local/lib/python3.8/site-packages/airflow/example_dags/example_params_trigger_ui.py
[2023-11-16T06:49:54.084+0000] {logging_mixin.py:154} INFO - [2023-11-16T06:49:54.084+0000] {dag.py:2941} INFO - Sync 1 DAGs
[2023-11-16T06:49:54.090+0000] {logging_mixin.py:154} INFO - [2023-11-16T06:49:54.090+0000] {dag.py:3722} INFO - Setting next_dagrun for example_params_trigger_ui to None, run_after=None
[2023-11-16T06:49:54.099+0000] {processor.py:179} INFO - Processing /home/airflow/.local/lib/python3.8/site-packages/airflow/example_dags/example_params_trigger_ui.py took 0.053 seconds
[2023-11-16T06:50:25.111+0000] {processor.py:157} INFO - Started process (PID=881) to work on /home/airflow/.local/lib/python3.8/site-packages/airflow/example_dags/example_params_trigger_ui.py
[2023-11-16T06:50:25.112+0000] {processor.py:829} INFO - Processing file /home/airflow/.local/lib/python3.8/site-packages/airflow/example_dags/example_params_trigger_ui.py for tasks to queue
[2023-11-16T06:50:25.113+0000] {logging_mixin.py:154} INFO - [2023-11-16T06:50:25.113+0000] {dagbag.py:536} INFO - Filling up the DagBag from /home/airflow/.local/lib/python3.8/site-packages/airflow/example_dags/example_params_trigger_ui.py
[2023-11-16T06:50:25.123+0000] {processor.py:839} INFO - DAG(s) dict_keys(['example_params_trigger_ui']) retrieved from /home/airflow/.local/lib/python3.8/site-packages/airflow/example_dags/example_params_trigger_ui.py
[2023-11-16T06:50:25.147+0000] {logging_mixin.py:154} INFO - [2023-11-16T06:50:25.147+0000] {dag.py:2941} INFO - Sync 1 DAGs
[2023-11-16T06:50:25.154+0000] {logging_mixin.py:154} INFO - [2023-11-16T06:50:25.154+0000] {dag.py:3722} INFO - Setting next_dagrun for example_params_trigger_ui to None, run_after=None
[2023-11-16T06:50:25.163+0000] {processor.py:179} INFO - Processing /home/airflow/.local/lib/python3.8/site-packages/airflow/example_dags/example_params_trigger_ui.py took 0.054 seconds
[2023-11-16T06:50:55.556+0000] {processor.py:157} INFO - Started process (PID=935) to work on /home/airflow/.local/lib/python3.8/site-packages/airflow/example_dags/example_params_trigger_ui.py
[2023-11-16T06:50:55.557+0000] {processor.py:829} INFO - Processing file /home/airflow/.local/lib/python3.8/site-packages/airflow/example_dags/example_params_trigger_ui.py for tasks to queue
[2023-11-16T06:50:55.558+0000] {logging_mixin.py:154} INFO - [2023-11-16T06:50:55.558+0000] {dagbag.py:536} INFO - Filling up the DagBag from /home/airflow/.local/lib/python3.8/site-packages/airflow/example_dags/example_params_trigger_ui.py
[2023-11-16T06:50:55.567+0000] {processor.py:839} INFO - DAG(s) dict_keys(['example_params_trigger_ui']) retrieved from /home/airflow/.local/lib/python3.8/site-packages/airflow/example_dags/example_params_trigger_ui.py
[2023-11-16T06:50:55.591+0000] {logging_mixin.py:154} INFO - [2023-11-16T06:50:55.591+0000] {dag.py:2941} INFO - Sync 1 DAGs
[2023-11-16T06:50:55.598+0000] {logging_mixin.py:154} INFO - [2023-11-16T06:50:55.598+0000] {dag.py:3722} INFO - Setting next_dagrun for example_params_trigger_ui to None, run_after=None
[2023-11-16T06:50:55.607+0000] {processor.py:179} INFO - Processing /home/airflow/.local/lib/python3.8/site-packages/airflow/example_dags/example_params_trigger_ui.py took 0.053 seconds
[2023-11-16T06:51:26.638+0000] {processor.py:157} INFO - Started process (PID=989) to work on /home/airflow/.local/lib/python3.8/site-packages/airflow/example_dags/example_params_trigger_ui.py
[2023-11-16T06:51:26.639+0000] {processor.py:829} INFO - Processing file /home/airflow/.local/lib/python3.8/site-packages/airflow/example_dags/example_params_trigger_ui.py for tasks to queue
[2023-11-16T06:51:26.641+0000] {logging_mixin.py:154} INFO - [2023-11-16T06:51:26.640+0000] {dagbag.py:536} INFO - Filling up the DagBag from /home/airflow/.local/lib/python3.8/site-packages/airflow/example_dags/example_params_trigger_ui.py
[2023-11-16T06:51:26.650+0000] {processor.py:839} INFO - DAG(s) dict_keys(['example_params_trigger_ui']) retrieved from /home/airflow/.local/lib/python3.8/site-packages/airflow/example_dags/example_params_trigger_ui.py
[2023-11-16T06:51:26.675+0000] {logging_mixin.py:154} INFO - [2023-11-16T06:51:26.675+0000] {dag.py:2941} INFO - Sync 1 DAGs
[2023-11-16T06:51:26.681+0000] {logging_mixin.py:154} INFO - [2023-11-16T06:51:26.681+0000] {dag.py:3722} INFO - Setting next_dagrun for example_params_trigger_ui to None, run_after=None
[2023-11-16T06:51:26.690+0000] {processor.py:179} INFO - Processing /home/airflow/.local/lib/python3.8/site-packages/airflow/example_dags/example_params_trigger_ui.py took 0.054 seconds
[2023-11-16T06:51:57.628+0000] {processor.py:157} INFO - Started process (PID=1043) to work on /home/airflow/.local/lib/python3.8/site-packages/airflow/example_dags/example_params_trigger_ui.py
[2023-11-16T06:51:57.629+0000] {processor.py:829} INFO - Processing file /home/airflow/.local/lib/python3.8/site-packages/airflow/example_dags/example_params_trigger_ui.py for tasks to queue
[2023-11-16T06:51:57.630+0000] {logging_mixin.py:154} INFO - [2023-11-16T06:51:57.630+0000] {dagbag.py:536} INFO - Filling up the DagBag from /home/airflow/.local/lib/python3.8/site-packages/airflow/example_dags/example_params_trigger_ui.py
[2023-11-16T06:51:57.644+0000] {processor.py:839} INFO - DAG(s) dict_keys(['example_params_trigger_ui']) retrieved from /home/airflow/.local/lib/python3.8/site-packages/airflow/example_dags/example_params_trigger_ui.py
[2023-11-16T06:51:57.669+0000] {logging_mixin.py:154} INFO - [2023-11-16T06:51:57.669+0000] {dag.py:2941} INFO - Sync 1 DAGs
[2023-11-16T06:51:57.676+0000] {logging_mixin.py:154} INFO - [2023-11-16T06:51:57.676+0000] {dag.py:3722} INFO - Setting next_dagrun for example_params_trigger_ui to None, run_after=None
[2023-11-16T06:51:57.686+0000] {processor.py:179} INFO - Processing /home/airflow/.local/lib/python3.8/site-packages/airflow/example_dags/example_params_trigger_ui.py took 0.061 seconds
[2023-11-16T06:52:27.771+0000] {processor.py:157} INFO - Started process (PID=1097) to work on /home/airflow/.local/lib/python3.8/site-packages/airflow/example_dags/example_params_trigger_ui.py
[2023-11-16T06:52:27.772+0000] {processor.py:829} INFO - Processing file /home/airflow/.local/lib/python3.8/site-packages/airflow/example_dags/example_params_trigger_ui.py for tasks to queue
[2023-11-16T06:52:27.773+0000] {logging_mixin.py:154} INFO - [2023-11-16T06:52:27.773+0000] {dagbag.py:536} INFO - Filling up the DagBag from /home/airflow/.local/lib/python3.8/site-packages/airflow/example_dags/example_params_trigger_ui.py
[2023-11-16T06:52:27.782+0000] {processor.py:839} INFO - DAG(s) dict_keys(['example_params_trigger_ui']) retrieved from /home/airflow/.local/lib/python3.8/site-packages/airflow/example_dags/example_params_trigger_ui.py
[2023-11-16T06:52:27.807+0000] {logging_mixin.py:154} INFO - [2023-11-16T06:52:27.807+0000] {dag.py:2941} INFO - Sync 1 DAGs
[2023-11-16T06:52:27.814+0000] {logging_mixin.py:154} INFO - [2023-11-16T06:52:27.814+0000] {dag.py:3722} INFO - Setting next_dagrun for example_params_trigger_ui to None, run_after=None
[2023-11-16T06:52:27.944+0000] {processor.py:179} INFO - Processing /home/airflow/.local/lib/python3.8/site-packages/airflow/example_dags/example_params_trigger_ui.py took 0.175 seconds
[2023-11-16T06:52:58.146+0000] {processor.py:157} INFO - Started process (PID=1151) to work on /home/airflow/.local/lib/python3.8/site-packages/airflow/example_dags/example_params_trigger_ui.py
[2023-11-16T06:52:58.146+0000] {processor.py:829} INFO - Processing file /home/airflow/.local/lib/python3.8/site-packages/airflow/example_dags/example_params_trigger_ui.py for tasks to queue
[2023-11-16T06:52:58.148+0000] {logging_mixin.py:154} INFO - [2023-11-16T06:52:58.148+0000] {dagbag.py:536} INFO - Filling up the DagBag from /home/airflow/.local/lib/python3.8/site-packages/airflow/example_dags/example_params_trigger_ui.py
[2023-11-16T06:52:58.157+0000] {processor.py:839} INFO - DAG(s) dict_keys(['example_params_trigger_ui']) retrieved from /home/airflow/.local/lib/python3.8/site-packages/airflow/example_dags/example_params_trigger_ui.py
[2023-11-16T06:52:58.180+0000] {logging_mixin.py:154} INFO - [2023-11-16T06:52:58.180+0000] {dag.py:2941} INFO - Sync 1 DAGs
[2023-11-16T06:52:58.187+0000] {logging_mixin.py:154} INFO - [2023-11-16T06:52:58.186+0000] {dag.py:3722} INFO - Setting next_dagrun for example_params_trigger_ui to None, run_after=None
[2023-11-16T06:52:58.196+0000] {processor.py:179} INFO - Processing /home/airflow/.local/lib/python3.8/site-packages/airflow/example_dags/example_params_trigger_ui.py took 0.052 seconds
[2023-11-16T06:53:28.957+0000] {processor.py:157} INFO - Started process (PID=1205) to work on /home/airflow/.local/lib/python3.8/site-packages/airflow/example_dags/example_params_trigger_ui.py
[2023-11-16T06:53:28.958+0000] {processor.py:829} INFO - Processing file /home/airflow/.local/lib/python3.8/site-packages/airflow/example_dags/example_params_trigger_ui.py for tasks to queue
[2023-11-16T06:53:28.959+0000] {logging_mixin.py:154} INFO - [2023-11-16T06:53:28.959+0000] {dagbag.py:536} INFO - Filling up the DagBag from /home/airflow/.local/lib/python3.8/site-packages/airflow/example_dags/example_params_trigger_ui.py
[2023-11-16T06:53:28.971+0000] {processor.py:839} INFO - DAG(s) dict_keys(['example_params_trigger_ui']) retrieved from /home/airflow/.local/lib/python3.8/site-packages/airflow/example_dags/example_params_trigger_ui.py
[2023-11-16T06:53:28.996+0000] {logging_mixin.py:154} INFO - [2023-11-16T06:53:28.996+0000] {dag.py:2941} INFO - Sync 1 DAGs
[2023-11-16T06:53:29.003+0000] {logging_mixin.py:154} INFO - [2023-11-16T06:53:29.002+0000] {dag.py:3722} INFO - Setting next_dagrun for example_params_trigger_ui to None, run_after=None
[2023-11-16T06:53:29.011+0000] {processor.py:179} INFO - Processing /home/airflow/.local/lib/python3.8/site-packages/airflow/example_dags/example_params_trigger_ui.py took 0.056 seconds
[2023-11-16T06:54:01.118+0000] {processor.py:157} INFO - Started process (PID=1259) to work on /home/airflow/.local/lib/python3.8/site-packages/airflow/example_dags/example_params_trigger_ui.py
[2023-11-16T06:54:01.119+0000] {processor.py:829} INFO - Processing file /home/airflow/.local/lib/python3.8/site-packages/airflow/example_dags/example_params_trigger_ui.py for tasks to queue
[2023-11-16T06:54:01.120+0000] {logging_mixin.py:154} INFO - [2023-11-16T06:54:01.120+0000] {dagbag.py:536} INFO - Filling up the DagBag from /home/airflow/.local/lib/python3.8/site-packages/airflow/example_dags/example_params_trigger_ui.py
[2023-11-16T06:54:01.130+0000] {processor.py:839} INFO - DAG(s) dict_keys(['example_params_trigger_ui']) retrieved from /home/airflow/.local/lib/python3.8/site-packages/airflow/example_dags/example_params_trigger_ui.py
[2023-11-16T06:54:01.159+0000] {logging_mixin.py:154} INFO - [2023-11-16T06:54:01.159+0000] {dag.py:2941} INFO - Sync 1 DAGs
[2023-11-16T06:54:01.166+0000] {logging_mixin.py:154} INFO - [2023-11-16T06:54:01.165+0000] {dag.py:3722} INFO - Setting next_dagrun for example_params_trigger_ui to None, run_after=None
[2023-11-16T06:54:01.174+0000] {processor.py:179} INFO - Processing /home/airflow/.local/lib/python3.8/site-packages/airflow/example_dags/example_params_trigger_ui.py took 0.058 seconds
[2023-11-16T06:54:32.212+0000] {processor.py:157} INFO - Started process (PID=1313) to work on /home/airflow/.local/lib/python3.8/site-packages/airflow/example_dags/example_params_trigger_ui.py
[2023-11-16T06:54:32.213+0000] {processor.py:829} INFO - Processing file /home/airflow/.local/lib/python3.8/site-packages/airflow/example_dags/example_params_trigger_ui.py for tasks to queue
[2023-11-16T06:54:32.218+0000] {logging_mixin.py:154} INFO - [2023-11-16T06:54:32.218+0000] {dagbag.py:536} INFO - Filling up the DagBag from /home/airflow/.local/lib/python3.8/site-packages/airflow/example_dags/example_params_trigger_ui.py
[2023-11-16T06:54:32.302+0000] {processor.py:839} INFO - DAG(s) dict_keys(['example_params_trigger_ui']) retrieved from /home/airflow/.local/lib/python3.8/site-packages/airflow/example_dags/example_params_trigger_ui.py
[2023-11-16T06:54:32.489+0000] {logging_mixin.py:154} INFO - [2023-11-16T06:54:32.489+0000] {dag.py:2941} INFO - Sync 1 DAGs
[2023-11-16T06:54:32.497+0000] {logging_mixin.py:154} INFO - [2023-11-16T06:54:32.497+0000] {dag.py:3722} INFO - Setting next_dagrun for example_params_trigger_ui to None, run_after=None
[2023-11-16T06:54:32.513+0000] {processor.py:179} INFO - Processing /home/airflow/.local/lib/python3.8/site-packages/airflow/example_dags/example_params_trigger_ui.py took 0.311 seconds
[2023-11-16T06:55:03.254+0000] {processor.py:157} INFO - Started process (PID=1367) to work on /home/airflow/.local/lib/python3.8/site-packages/airflow/example_dags/example_params_trigger_ui.py
[2023-11-16T06:55:03.255+0000] {processor.py:829} INFO - Processing file /home/airflow/.local/lib/python3.8/site-packages/airflow/example_dags/example_params_trigger_ui.py for tasks to queue
[2023-11-16T06:55:03.256+0000] {logging_mixin.py:154} INFO - [2023-11-16T06:55:03.256+0000] {dagbag.py:536} INFO - Filling up the DagBag from /home/airflow/.local/lib/python3.8/site-packages/airflow/example_dags/example_params_trigger_ui.py
[2023-11-16T06:55:03.266+0000] {processor.py:839} INFO - DAG(s) dict_keys(['example_params_trigger_ui']) retrieved from /home/airflow/.local/lib/python3.8/site-packages/airflow/example_dags/example_params_trigger_ui.py
[2023-11-16T06:55:03.289+0000] {logging_mixin.py:154} INFO - [2023-11-16T06:55:03.289+0000] {dag.py:2941} INFO - Sync 1 DAGs
[2023-11-16T06:55:03.391+0000] {logging_mixin.py:154} INFO - [2023-11-16T06:55:03.391+0000] {dag.py:3722} INFO - Setting next_dagrun for example_params_trigger_ui to None, run_after=None
[2023-11-16T06:55:03.401+0000] {processor.py:179} INFO - Processing /home/airflow/.local/lib/python3.8/site-packages/airflow/example_dags/example_params_trigger_ui.py took 0.149 seconds
[2023-11-16T06:55:33.740+0000] {processor.py:157} INFO - Started process (PID=1421) to work on /home/airflow/.local/lib/python3.8/site-packages/airflow/example_dags/example_params_trigger_ui.py
[2023-11-16T06:55:33.741+0000] {processor.py:829} INFO - Processing file /home/airflow/.local/lib/python3.8/site-packages/airflow/example_dags/example_params_trigger_ui.py for tasks to queue
[2023-11-16T06:55:33.743+0000] {logging_mixin.py:154} INFO - [2023-11-16T06:55:33.743+0000] {dagbag.py:536} INFO - Filling up the DagBag from /home/airflow/.local/lib/python3.8/site-packages/airflow/example_dags/example_params_trigger_ui.py
[2023-11-16T06:55:33.754+0000] {processor.py:839} INFO - DAG(s) dict_keys(['example_params_trigger_ui']) retrieved from /home/airflow/.local/lib/python3.8/site-packages/airflow/example_dags/example_params_trigger_ui.py
[2023-11-16T06:55:33.776+0000] {logging_mixin.py:154} INFO - [2023-11-16T06:55:33.776+0000] {dag.py:2941} INFO - Sync 1 DAGs
[2023-11-16T06:55:33.783+0000] {logging_mixin.py:154} INFO - [2023-11-16T06:55:33.783+0000] {dag.py:3722} INFO - Setting next_dagrun for example_params_trigger_ui to None, run_after=None
[2023-11-16T06:55:33.793+0000] {processor.py:179} INFO - Processing /home/airflow/.local/lib/python3.8/site-packages/airflow/example_dags/example_params_trigger_ui.py took 0.055 seconds
[2023-11-16T06:56:03.869+0000] {processor.py:157} INFO - Started process (PID=1475) to work on /home/airflow/.local/lib/python3.8/site-packages/airflow/example_dags/example_params_trigger_ui.py
[2023-11-16T06:56:03.870+0000] {processor.py:829} INFO - Processing file /home/airflow/.local/lib/python3.8/site-packages/airflow/example_dags/example_params_trigger_ui.py for tasks to queue
[2023-11-16T06:56:03.872+0000] {logging_mixin.py:154} INFO - [2023-11-16T06:56:03.871+0000] {dagbag.py:536} INFO - Filling up the DagBag from /home/airflow/.local/lib/python3.8/site-packages/airflow/example_dags/example_params_trigger_ui.py
[2023-11-16T06:56:03.882+0000] {processor.py:839} INFO - DAG(s) dict_keys(['example_params_trigger_ui']) retrieved from /home/airflow/.local/lib/python3.8/site-packages/airflow/example_dags/example_params_trigger_ui.py
[2023-11-16T06:56:03.904+0000] {logging_mixin.py:154} INFO - [2023-11-16T06:56:03.904+0000] {dag.py:2941} INFO - Sync 1 DAGs
[2023-11-16T06:56:03.910+0000] {logging_mixin.py:154} INFO - [2023-11-16T06:56:03.910+0000] {dag.py:3722} INFO - Setting next_dagrun for example_params_trigger_ui to None, run_after=None
[2023-11-16T06:56:03.921+0000] {processor.py:179} INFO - Processing /home/airflow/.local/lib/python3.8/site-packages/airflow/example_dags/example_params_trigger_ui.py took 0.054 seconds
[2023-11-16T06:56:34.939+0000] {processor.py:157} INFO - Started process (PID=1529) to work on /home/airflow/.local/lib/python3.8/site-packages/airflow/example_dags/example_params_trigger_ui.py
[2023-11-16T06:56:34.940+0000] {processor.py:829} INFO - Processing file /home/airflow/.local/lib/python3.8/site-packages/airflow/example_dags/example_params_trigger_ui.py for tasks to queue
[2023-11-16T06:56:34.944+0000] {logging_mixin.py:154} INFO - [2023-11-16T06:56:34.944+0000] {dagbag.py:536} INFO - Filling up the DagBag from /home/airflow/.local/lib/python3.8/site-packages/airflow/example_dags/example_params_trigger_ui.py
[2023-11-16T06:56:34.965+0000] {processor.py:839} INFO - DAG(s) dict_keys(['example_params_trigger_ui']) retrieved from /home/airflow/.local/lib/python3.8/site-packages/airflow/example_dags/example_params_trigger_ui.py
[2023-11-16T06:56:34.991+0000] {logging_mixin.py:154} INFO - [2023-11-16T06:56:34.991+0000] {dag.py:2941} INFO - Sync 1 DAGs
[2023-11-16T06:56:34.999+0000] {logging_mixin.py:154} INFO - [2023-11-16T06:56:34.999+0000] {dag.py:3722} INFO - Setting next_dagrun for example_params_trigger_ui to None, run_after=None
[2023-11-16T06:56:35.008+0000] {processor.py:179} INFO - Processing /home/airflow/.local/lib/python3.8/site-packages/airflow/example_dags/example_params_trigger_ui.py took 0.074 seconds
[2023-11-16T06:57:05.875+0000] {processor.py:157} INFO - Started process (PID=1583) to work on /home/airflow/.local/lib/python3.8/site-packages/airflow/example_dags/example_params_trigger_ui.py
[2023-11-16T06:57:05.876+0000] {processor.py:829} INFO - Processing file /home/airflow/.local/lib/python3.8/site-packages/airflow/example_dags/example_params_trigger_ui.py for tasks to queue
[2023-11-16T06:57:05.877+0000] {logging_mixin.py:154} INFO - [2023-11-16T06:57:05.877+0000] {dagbag.py:536} INFO - Filling up the DagBag from /home/airflow/.local/lib/python3.8/site-packages/airflow/example_dags/example_params_trigger_ui.py
[2023-11-16T06:57:05.888+0000] {processor.py:839} INFO - DAG(s) dict_keys(['example_params_trigger_ui']) retrieved from /home/airflow/.local/lib/python3.8/site-packages/airflow/example_dags/example_params_trigger_ui.py
[2023-11-16T06:57:05.911+0000] {logging_mixin.py:154} INFO - [2023-11-16T06:57:05.911+0000] {dag.py:2941} INFO - Sync 1 DAGs
[2023-11-16T06:57:05.918+0000] {logging_mixin.py:154} INFO - [2023-11-16T06:57:05.918+0000] {dag.py:3722} INFO - Setting next_dagrun for example_params_trigger_ui to None, run_after=None
[2023-11-16T06:57:05.929+0000] {processor.py:179} INFO - Processing /home/airflow/.local/lib/python3.8/site-packages/airflow/example_dags/example_params_trigger_ui.py took 0.056 seconds
[2023-11-16T06:57:36.802+0000] {processor.py:157} INFO - Started process (PID=1637) to work on /home/airflow/.local/lib/python3.8/site-packages/airflow/example_dags/example_params_trigger_ui.py
[2023-11-16T06:57:36.803+0000] {processor.py:829} INFO - Processing file /home/airflow/.local/lib/python3.8/site-packages/airflow/example_dags/example_params_trigger_ui.py for tasks to queue
[2023-11-16T06:57:36.805+0000] {logging_mixin.py:154} INFO - [2023-11-16T06:57:36.805+0000] {dagbag.py:536} INFO - Filling up the DagBag from /home/airflow/.local/lib/python3.8/site-packages/airflow/example_dags/example_params_trigger_ui.py
[2023-11-16T06:57:36.815+0000] {processor.py:839} INFO - DAG(s) dict_keys(['example_params_trigger_ui']) retrieved from /home/airflow/.local/lib/python3.8/site-packages/airflow/example_dags/example_params_trigger_ui.py
[2023-11-16T06:57:36.837+0000] {logging_mixin.py:154} INFO - [2023-11-16T06:57:36.837+0000] {dag.py:2941} INFO - Sync 1 DAGs
[2023-11-16T06:57:36.843+0000] {logging_mixin.py:154} INFO - [2023-11-16T06:57:36.843+0000] {dag.py:3722} INFO - Setting next_dagrun for example_params_trigger_ui to None, run_after=None
[2023-11-16T06:57:36.852+0000] {processor.py:179} INFO - Processing /home/airflow/.local/lib/python3.8/site-packages/airflow/example_dags/example_params_trigger_ui.py took 0.052 seconds
[2023-11-16T06:58:07.846+0000] {processor.py:157} INFO - Started process (PID=1691) to work on /home/airflow/.local/lib/python3.8/site-packages/airflow/example_dags/example_params_trigger_ui.py
[2023-11-16T06:58:07.847+0000] {processor.py:829} INFO - Processing file /home/airflow/.local/lib/python3.8/site-packages/airflow/example_dags/example_params_trigger_ui.py for tasks to queue
[2023-11-16T06:58:07.849+0000] {logging_mixin.py:154} INFO - [2023-11-16T06:58:07.848+0000] {dagbag.py:536} INFO - Filling up the DagBag from /home/airflow/.local/lib/python3.8/site-packages/airflow/example_dags/example_params_trigger_ui.py
[2023-11-16T06:58:07.859+0000] {processor.py:839} INFO - DAG(s) dict_keys(['example_params_trigger_ui']) retrieved from /home/airflow/.local/lib/python3.8/site-packages/airflow/example_dags/example_params_trigger_ui.py
[2023-11-16T06:58:07.883+0000] {logging_mixin.py:154} INFO - [2023-11-16T06:58:07.883+0000] {dag.py:2941} INFO - Sync 1 DAGs
[2023-11-16T06:58:07.889+0000] {logging_mixin.py:154} INFO - [2023-11-16T06:58:07.889+0000] {dag.py:3722} INFO - Setting next_dagrun for example_params_trigger_ui to None, run_after=None
[2023-11-16T06:58:07.898+0000] {processor.py:179} INFO - Processing /home/airflow/.local/lib/python3.8/site-packages/airflow/example_dags/example_params_trigger_ui.py took 0.055 seconds
[2023-11-16T06:58:38.849+0000] {processor.py:157} INFO - Started process (PID=1745) to work on /home/airflow/.local/lib/python3.8/site-packages/airflow/example_dags/example_params_trigger_ui.py
[2023-11-16T06:58:38.850+0000] {processor.py:829} INFO - Processing file /home/airflow/.local/lib/python3.8/site-packages/airflow/example_dags/example_params_trigger_ui.py for tasks to queue
[2023-11-16T06:58:38.852+0000] {logging_mixin.py:154} INFO - [2023-11-16T06:58:38.852+0000] {dagbag.py:536} INFO - Filling up the DagBag from /home/airflow/.local/lib/python3.8/site-packages/airflow/example_dags/example_params_trigger_ui.py
[2023-11-16T06:58:38.862+0000] {processor.py:839} INFO - DAG(s) dict_keys(['example_params_trigger_ui']) retrieved from /home/airflow/.local/lib/python3.8/site-packages/airflow/example_dags/example_params_trigger_ui.py
[2023-11-16T06:58:38.884+0000] {logging_mixin.py:154} INFO - [2023-11-16T06:58:38.884+0000] {dag.py:2941} INFO - Sync 1 DAGs
[2023-11-16T06:58:38.891+0000] {logging_mixin.py:154} INFO - [2023-11-16T06:58:38.891+0000] {dag.py:3722} INFO - Setting next_dagrun for example_params_trigger_ui to None, run_after=None
[2023-11-16T06:58:38.900+0000] {processor.py:179} INFO - Processing /home/airflow/.local/lib/python3.8/site-packages/airflow/example_dags/example_params_trigger_ui.py took 0.052 seconds
[2023-11-16T06:59:08.941+0000] {processor.py:157} INFO - Started process (PID=1800) to work on /home/airflow/.local/lib/python3.8/site-packages/airflow/example_dags/example_params_trigger_ui.py
[2023-11-16T06:59:08.942+0000] {processor.py:829} INFO - Processing file /home/airflow/.local/lib/python3.8/site-packages/airflow/example_dags/example_params_trigger_ui.py for tasks to queue
[2023-11-16T06:59:08.943+0000] {logging_mixin.py:154} INFO - [2023-11-16T06:59:08.943+0000] {dagbag.py:536} INFO - Filling up the DagBag from /home/airflow/.local/lib/python3.8/site-packages/airflow/example_dags/example_params_trigger_ui.py
[2023-11-16T06:59:08.953+0000] {processor.py:839} INFO - DAG(s) dict_keys(['example_params_trigger_ui']) retrieved from /home/airflow/.local/lib/python3.8/site-packages/airflow/example_dags/example_params_trigger_ui.py
[2023-11-16T06:59:08.976+0000] {logging_mixin.py:154} INFO - [2023-11-16T06:59:08.976+0000] {dag.py:2941} INFO - Sync 1 DAGs
[2023-11-16T06:59:08.981+0000] {logging_mixin.py:154} INFO - [2023-11-16T06:59:08.981+0000] {dag.py:3722} INFO - Setting next_dagrun for example_params_trigger_ui to None, run_after=None
[2023-11-16T06:59:08.990+0000] {processor.py:179} INFO - Processing /home/airflow/.local/lib/python3.8/site-packages/airflow/example_dags/example_params_trigger_ui.py took 0.050 seconds
[2023-11-16T06:59:39.949+0000] {processor.py:157} INFO - Started process (PID=1852) to work on /home/airflow/.local/lib/python3.8/site-packages/airflow/example_dags/example_params_trigger_ui.py
[2023-11-16T06:59:39.950+0000] {processor.py:829} INFO - Processing file /home/airflow/.local/lib/python3.8/site-packages/airflow/example_dags/example_params_trigger_ui.py for tasks to queue
[2023-11-16T06:59:39.952+0000] {logging_mixin.py:154} INFO - [2023-11-16T06:59:39.952+0000] {dagbag.py:536} INFO - Filling up the DagBag from /home/airflow/.local/lib/python3.8/site-packages/airflow/example_dags/example_params_trigger_ui.py
[2023-11-16T06:59:39.963+0000] {processor.py:839} INFO - DAG(s) dict_keys(['example_params_trigger_ui']) retrieved from /home/airflow/.local/lib/python3.8/site-packages/airflow/example_dags/example_params_trigger_ui.py
[2023-11-16T06:59:39.995+0000] {logging_mixin.py:154} INFO - [2023-11-16T06:59:39.995+0000] {dag.py:2941} INFO - Sync 1 DAGs
[2023-11-16T06:59:40.009+0000] {logging_mixin.py:154} INFO - [2023-11-16T06:59:40.009+0000] {dag.py:3722} INFO - Setting next_dagrun for example_params_trigger_ui to None, run_after=None
[2023-11-16T06:59:40.021+0000] {processor.py:179} INFO - Processing /home/airflow/.local/lib/python3.8/site-packages/airflow/example_dags/example_params_trigger_ui.py took 0.074 seconds
[2023-11-16T07:00:10.129+0000] {processor.py:157} INFO - Started process (PID=1906) to work on /home/airflow/.local/lib/python3.8/site-packages/airflow/example_dags/example_params_trigger_ui.py
[2023-11-16T07:00:10.130+0000] {processor.py:829} INFO - Processing file /home/airflow/.local/lib/python3.8/site-packages/airflow/example_dags/example_params_trigger_ui.py for tasks to queue
[2023-11-16T07:00:10.131+0000] {logging_mixin.py:154} INFO - [2023-11-16T07:00:10.131+0000] {dagbag.py:536} INFO - Filling up the DagBag from /home/airflow/.local/lib/python3.8/site-packages/airflow/example_dags/example_params_trigger_ui.py
[2023-11-16T07:00:10.141+0000] {processor.py:839} INFO - DAG(s) dict_keys(['example_params_trigger_ui']) retrieved from /home/airflow/.local/lib/python3.8/site-packages/airflow/example_dags/example_params_trigger_ui.py
[2023-11-16T07:00:10.164+0000] {logging_mixin.py:154} INFO - [2023-11-16T07:00:10.164+0000] {dag.py:2941} INFO - Sync 1 DAGs
[2023-11-16T07:00:10.170+0000] {logging_mixin.py:154} INFO - [2023-11-16T07:00:10.170+0000] {dag.py:3722} INFO - Setting next_dagrun for example_params_trigger_ui to None, run_after=None
[2023-11-16T07:00:10.179+0000] {processor.py:179} INFO - Processing /home/airflow/.local/lib/python3.8/site-packages/airflow/example_dags/example_params_trigger_ui.py took 0.052 seconds
[2023-11-16T07:00:40.213+0000] {processor.py:157} INFO - Started process (PID=1960) to work on /home/airflow/.local/lib/python3.8/site-packages/airflow/example_dags/example_params_trigger_ui.py
[2023-11-16T07:00:40.213+0000] {processor.py:829} INFO - Processing file /home/airflow/.local/lib/python3.8/site-packages/airflow/example_dags/example_params_trigger_ui.py for tasks to queue
[2023-11-16T07:00:40.215+0000] {logging_mixin.py:154} INFO - [2023-11-16T07:00:40.215+0000] {dagbag.py:536} INFO - Filling up the DagBag from /home/airflow/.local/lib/python3.8/site-packages/airflow/example_dags/example_params_trigger_ui.py
[2023-11-16T07:00:40.224+0000] {processor.py:839} INFO - DAG(s) dict_keys(['example_params_trigger_ui']) retrieved from /home/airflow/.local/lib/python3.8/site-packages/airflow/example_dags/example_params_trigger_ui.py
[2023-11-16T07:00:40.253+0000] {logging_mixin.py:154} INFO - [2023-11-16T07:00:40.253+0000] {dag.py:2941} INFO - Sync 1 DAGs
[2023-11-16T07:00:40.261+0000] {logging_mixin.py:154} INFO - [2023-11-16T07:00:40.261+0000] {dag.py:3722} INFO - Setting next_dagrun for example_params_trigger_ui to None, run_after=None
[2023-11-16T07:00:40.271+0000] {processor.py:179} INFO - Processing /home/airflow/.local/lib/python3.8/site-packages/airflow/example_dags/example_params_trigger_ui.py took 0.060 seconds
[2023-11-16T07:01:11.272+0000] {processor.py:157} INFO - Started process (PID=2014) to work on /home/airflow/.local/lib/python3.8/site-packages/airflow/example_dags/example_params_trigger_ui.py
[2023-11-16T07:01:11.273+0000] {processor.py:829} INFO - Processing file /home/airflow/.local/lib/python3.8/site-packages/airflow/example_dags/example_params_trigger_ui.py for tasks to queue
[2023-11-16T07:01:11.275+0000] {logging_mixin.py:154} INFO - [2023-11-16T07:01:11.274+0000] {dagbag.py:536} INFO - Filling up the DagBag from /home/airflow/.local/lib/python3.8/site-packages/airflow/example_dags/example_params_trigger_ui.py
[2023-11-16T07:01:11.284+0000] {processor.py:839} INFO - DAG(s) dict_keys(['example_params_trigger_ui']) retrieved from /home/airflow/.local/lib/python3.8/site-packages/airflow/example_dags/example_params_trigger_ui.py
[2023-11-16T07:01:11.307+0000] {logging_mixin.py:154} INFO - [2023-11-16T07:01:11.307+0000] {dag.py:2941} INFO - Sync 1 DAGs
[2023-11-16T07:01:11.314+0000] {logging_mixin.py:154} INFO - [2023-11-16T07:01:11.314+0000] {dag.py:3722} INFO - Setting next_dagrun for example_params_trigger_ui to None, run_after=None
[2023-11-16T07:01:11.323+0000] {processor.py:179} INFO - Processing /home/airflow/.local/lib/python3.8/site-packages/airflow/example_dags/example_params_trigger_ui.py took 0.052 seconds
[2023-11-16T07:01:42.252+0000] {processor.py:157} INFO - Started process (PID=2068) to work on /home/airflow/.local/lib/python3.8/site-packages/airflow/example_dags/example_params_trigger_ui.py
[2023-11-16T07:01:42.252+0000] {processor.py:829} INFO - Processing file /home/airflow/.local/lib/python3.8/site-packages/airflow/example_dags/example_params_trigger_ui.py for tasks to queue
[2023-11-16T07:01:42.254+0000] {logging_mixin.py:154} INFO - [2023-11-16T07:01:42.254+0000] {dagbag.py:536} INFO - Filling up the DagBag from /home/airflow/.local/lib/python3.8/site-packages/airflow/example_dags/example_params_trigger_ui.py
[2023-11-16T07:01:42.264+0000] {processor.py:839} INFO - DAG(s) dict_keys(['example_params_trigger_ui']) retrieved from /home/airflow/.local/lib/python3.8/site-packages/airflow/example_dags/example_params_trigger_ui.py
[2023-11-16T07:01:42.291+0000] {logging_mixin.py:154} INFO - [2023-11-16T07:01:42.291+0000] {dag.py:2941} INFO - Sync 1 DAGs
[2023-11-16T07:01:42.298+0000] {logging_mixin.py:154} INFO - [2023-11-16T07:01:42.298+0000] {dag.py:3722} INFO - Setting next_dagrun for example_params_trigger_ui to None, run_after=None
[2023-11-16T07:01:42.307+0000] {processor.py:179} INFO - Processing /home/airflow/.local/lib/python3.8/site-packages/airflow/example_dags/example_params_trigger_ui.py took 0.058 seconds
[2023-11-16T07:02:13.385+0000] {processor.py:157} INFO - Started process (PID=2127) to work on /home/airflow/.local/lib/python3.8/site-packages/airflow/example_dags/example_params_trigger_ui.py
[2023-11-16T07:02:13.386+0000] {processor.py:829} INFO - Processing file /home/airflow/.local/lib/python3.8/site-packages/airflow/example_dags/example_params_trigger_ui.py for tasks to queue
[2023-11-16T07:02:13.387+0000] {logging_mixin.py:154} INFO - [2023-11-16T07:02:13.387+0000] {dagbag.py:536} INFO - Filling up the DagBag from /home/airflow/.local/lib/python3.8/site-packages/airflow/example_dags/example_params_trigger_ui.py
[2023-11-16T07:02:13.397+0000] {processor.py:839} INFO - DAG(s) dict_keys(['example_params_trigger_ui']) retrieved from /home/airflow/.local/lib/python3.8/site-packages/airflow/example_dags/example_params_trigger_ui.py
[2023-11-16T07:02:13.421+0000] {logging_mixin.py:154} INFO - [2023-11-16T07:02:13.421+0000] {dag.py:2941} INFO - Sync 1 DAGs
[2023-11-16T07:02:13.428+0000] {logging_mixin.py:154} INFO - [2023-11-16T07:02:13.428+0000] {dag.py:3722} INFO - Setting next_dagrun for example_params_trigger_ui to None, run_after=None
[2023-11-16T07:02:13.438+0000] {processor.py:179} INFO - Processing /home/airflow/.local/lib/python3.8/site-packages/airflow/example_dags/example_params_trigger_ui.py took 0.055 seconds
[2023-11-16T07:02:43.545+0000] {processor.py:157} INFO - Started process (PID=2181) to work on /home/airflow/.local/lib/python3.8/site-packages/airflow/example_dags/example_params_trigger_ui.py
[2023-11-16T07:02:43.546+0000] {processor.py:829} INFO - Processing file /home/airflow/.local/lib/python3.8/site-packages/airflow/example_dags/example_params_trigger_ui.py for tasks to queue
[2023-11-16T07:02:43.547+0000] {logging_mixin.py:154} INFO - [2023-11-16T07:02:43.547+0000] {dagbag.py:536} INFO - Filling up the DagBag from /home/airflow/.local/lib/python3.8/site-packages/airflow/example_dags/example_params_trigger_ui.py
[2023-11-16T07:02:43.557+0000] {processor.py:839} INFO - DAG(s) dict_keys(['example_params_trigger_ui']) retrieved from /home/airflow/.local/lib/python3.8/site-packages/airflow/example_dags/example_params_trigger_ui.py
[2023-11-16T07:02:43.580+0000] {logging_mixin.py:154} INFO - [2023-11-16T07:02:43.580+0000] {dag.py:2941} INFO - Sync 1 DAGs
[2023-11-16T07:02:43.586+0000] {logging_mixin.py:154} INFO - [2023-11-16T07:02:43.586+0000] {dag.py:3722} INFO - Setting next_dagrun for example_params_trigger_ui to None, run_after=None
[2023-11-16T07:02:43.595+0000] {processor.py:179} INFO - Processing /home/airflow/.local/lib/python3.8/site-packages/airflow/example_dags/example_params_trigger_ui.py took 0.052 seconds
[2023-11-16T07:03:13.724+0000] {processor.py:157} INFO - Started process (PID=2235) to work on /home/airflow/.local/lib/python3.8/site-packages/airflow/example_dags/example_params_trigger_ui.py
[2023-11-16T07:03:13.725+0000] {processor.py:829} INFO - Processing file /home/airflow/.local/lib/python3.8/site-packages/airflow/example_dags/example_params_trigger_ui.py for tasks to queue
[2023-11-16T07:03:13.727+0000] {logging_mixin.py:154} INFO - [2023-11-16T07:03:13.727+0000] {dagbag.py:536} INFO - Filling up the DagBag from /home/airflow/.local/lib/python3.8/site-packages/airflow/example_dags/example_params_trigger_ui.py
[2023-11-16T07:03:13.737+0000] {processor.py:839} INFO - DAG(s) dict_keys(['example_params_trigger_ui']) retrieved from /home/airflow/.local/lib/python3.8/site-packages/airflow/example_dags/example_params_trigger_ui.py
[2023-11-16T07:03:13.759+0000] {logging_mixin.py:154} INFO - [2023-11-16T07:03:13.759+0000] {dag.py:2941} INFO - Sync 1 DAGs
[2023-11-16T07:03:13.765+0000] {logging_mixin.py:154} INFO - [2023-11-16T07:03:13.765+0000] {dag.py:3722} INFO - Setting next_dagrun for example_params_trigger_ui to None, run_after=None
[2023-11-16T07:03:13.774+0000] {processor.py:179} INFO - Processing /home/airflow/.local/lib/python3.8/site-packages/airflow/example_dags/example_params_trigger_ui.py took 0.051 seconds
[2023-11-16T07:03:43.866+0000] {processor.py:157} INFO - Started process (PID=2289) to work on /home/airflow/.local/lib/python3.8/site-packages/airflow/example_dags/example_params_trigger_ui.py
[2023-11-16T07:03:43.866+0000] {processor.py:829} INFO - Processing file /home/airflow/.local/lib/python3.8/site-packages/airflow/example_dags/example_params_trigger_ui.py for tasks to queue
[2023-11-16T07:03:43.868+0000] {logging_mixin.py:154} INFO - [2023-11-16T07:03:43.868+0000] {dagbag.py:536} INFO - Filling up the DagBag from /home/airflow/.local/lib/python3.8/site-packages/airflow/example_dags/example_params_trigger_ui.py
[2023-11-16T07:03:43.878+0000] {processor.py:839} INFO - DAG(s) dict_keys(['example_params_trigger_ui']) retrieved from /home/airflow/.local/lib/python3.8/site-packages/airflow/example_dags/example_params_trigger_ui.py
[2023-11-16T07:03:43.901+0000] {logging_mixin.py:154} INFO - [2023-11-16T07:03:43.901+0000] {dag.py:2941} INFO - Sync 1 DAGs
[2023-11-16T07:03:43.908+0000] {logging_mixin.py:154} INFO - [2023-11-16T07:03:43.908+0000] {dag.py:3722} INFO - Setting next_dagrun for example_params_trigger_ui to None, run_after=None
[2023-11-16T07:03:43.917+0000] {processor.py:179} INFO - Processing /home/airflow/.local/lib/python3.8/site-packages/airflow/example_dags/example_params_trigger_ui.py took 0.053 seconds
[2023-11-16T07:04:14.046+0000] {processor.py:157} INFO - Started process (PID=2343) to work on /home/airflow/.local/lib/python3.8/site-packages/airflow/example_dags/example_params_trigger_ui.py
[2023-11-16T07:04:14.048+0000] {processor.py:829} INFO - Processing file /home/airflow/.local/lib/python3.8/site-packages/airflow/example_dags/example_params_trigger_ui.py for tasks to queue
[2023-11-16T07:04:14.051+0000] {logging_mixin.py:154} INFO - [2023-11-16T07:04:14.051+0000] {dagbag.py:536} INFO - Filling up the DagBag from /home/airflow/.local/lib/python3.8/site-packages/airflow/example_dags/example_params_trigger_ui.py
[2023-11-16T07:04:14.062+0000] {processor.py:839} INFO - DAG(s) dict_keys(['example_params_trigger_ui']) retrieved from /home/airflow/.local/lib/python3.8/site-packages/airflow/example_dags/example_params_trigger_ui.py
[2023-11-16T07:04:14.089+0000] {logging_mixin.py:154} INFO - [2023-11-16T07:04:14.088+0000] {dag.py:2941} INFO - Sync 1 DAGs
[2023-11-16T07:04:14.096+0000] {logging_mixin.py:154} INFO - [2023-11-16T07:04:14.096+0000] {dag.py:3722} INFO - Setting next_dagrun for example_params_trigger_ui to None, run_after=None
[2023-11-16T07:04:14.105+0000] {processor.py:179} INFO - Processing /home/airflow/.local/lib/python3.8/site-packages/airflow/example_dags/example_params_trigger_ui.py took 0.062 seconds
[2023-11-16T07:04:45.129+0000] {processor.py:157} INFO - Started process (PID=2397) to work on /home/airflow/.local/lib/python3.8/site-packages/airflow/example_dags/example_params_trigger_ui.py
[2023-11-16T07:04:45.130+0000] {processor.py:829} INFO - Processing file /home/airflow/.local/lib/python3.8/site-packages/airflow/example_dags/example_params_trigger_ui.py for tasks to queue
[2023-11-16T07:04:45.131+0000] {logging_mixin.py:154} INFO - [2023-11-16T07:04:45.131+0000] {dagbag.py:536} INFO - Filling up the DagBag from /home/airflow/.local/lib/python3.8/site-packages/airflow/example_dags/example_params_trigger_ui.py
[2023-11-16T07:04:45.141+0000] {processor.py:839} INFO - DAG(s) dict_keys(['example_params_trigger_ui']) retrieved from /home/airflow/.local/lib/python3.8/site-packages/airflow/example_dags/example_params_trigger_ui.py
[2023-11-16T07:04:45.164+0000] {logging_mixin.py:154} INFO - [2023-11-16T07:04:45.164+0000] {dag.py:2941} INFO - Sync 1 DAGs
[2023-11-16T07:04:45.170+0000] {logging_mixin.py:154} INFO - [2023-11-16T07:04:45.170+0000] {dag.py:3722} INFO - Setting next_dagrun for example_params_trigger_ui to None, run_after=None
[2023-11-16T07:04:45.178+0000] {processor.py:179} INFO - Processing /home/airflow/.local/lib/python3.8/site-packages/airflow/example_dags/example_params_trigger_ui.py took 0.051 seconds
[2023-11-16T07:05:16.195+0000] {processor.py:157} INFO - Started process (PID=2451) to work on /home/airflow/.local/lib/python3.8/site-packages/airflow/example_dags/example_params_trigger_ui.py
[2023-11-16T07:05:16.196+0000] {processor.py:829} INFO - Processing file /home/airflow/.local/lib/python3.8/site-packages/airflow/example_dags/example_params_trigger_ui.py for tasks to queue
[2023-11-16T07:05:16.198+0000] {logging_mixin.py:154} INFO - [2023-11-16T07:05:16.197+0000] {dagbag.py:536} INFO - Filling up the DagBag from /home/airflow/.local/lib/python3.8/site-packages/airflow/example_dags/example_params_trigger_ui.py
[2023-11-16T07:05:16.209+0000] {processor.py:839} INFO - DAG(s) dict_keys(['example_params_trigger_ui']) retrieved from /home/airflow/.local/lib/python3.8/site-packages/airflow/example_dags/example_params_trigger_ui.py
[2023-11-16T07:05:16.235+0000] {logging_mixin.py:154} INFO - [2023-11-16T07:05:16.235+0000] {dag.py:2941} INFO - Sync 1 DAGs
[2023-11-16T07:05:16.242+0000] {logging_mixin.py:154} INFO - [2023-11-16T07:05:16.242+0000] {dag.py:3722} INFO - Setting next_dagrun for example_params_trigger_ui to None, run_after=None
[2023-11-16T07:05:16.251+0000] {processor.py:179} INFO - Processing /home/airflow/.local/lib/python3.8/site-packages/airflow/example_dags/example_params_trigger_ui.py took 0.059 seconds
[2023-11-16T07:05:47.247+0000] {processor.py:157} INFO - Started process (PID=2505) to work on /home/airflow/.local/lib/python3.8/site-packages/airflow/example_dags/example_params_trigger_ui.py
[2023-11-16T07:05:47.247+0000] {processor.py:829} INFO - Processing file /home/airflow/.local/lib/python3.8/site-packages/airflow/example_dags/example_params_trigger_ui.py for tasks to queue
[2023-11-16T07:05:47.249+0000] {logging_mixin.py:154} INFO - [2023-11-16T07:05:47.249+0000] {dagbag.py:536} INFO - Filling up the DagBag from /home/airflow/.local/lib/python3.8/site-packages/airflow/example_dags/example_params_trigger_ui.py
[2023-11-16T07:05:47.258+0000] {processor.py:839} INFO - DAG(s) dict_keys(['example_params_trigger_ui']) retrieved from /home/airflow/.local/lib/python3.8/site-packages/airflow/example_dags/example_params_trigger_ui.py
[2023-11-16T07:05:47.282+0000] {logging_mixin.py:154} INFO - [2023-11-16T07:05:47.282+0000] {dag.py:2941} INFO - Sync 1 DAGs
[2023-11-16T07:05:47.289+0000] {logging_mixin.py:154} INFO - [2023-11-16T07:05:47.289+0000] {dag.py:3722} INFO - Setting next_dagrun for example_params_trigger_ui to None, run_after=None
[2023-11-16T07:05:47.297+0000] {processor.py:179} INFO - Processing /home/airflow/.local/lib/python3.8/site-packages/airflow/example_dags/example_params_trigger_ui.py took 0.053 seconds
