[2023-11-16T06:18:11.876+0000] {processor.py:157} INFO - Started process (PID=57) to work on /home/airflow/.local/lib/python3.8/site-packages/airflow/example_dags/example_latest_only.py
[2023-11-16T06:18:11.878+0000] {processor.py:829} INFO - Processing file /home/airflow/.local/lib/python3.8/site-packages/airflow/example_dags/example_latest_only.py for tasks to queue
[2023-11-16T06:18:11.880+0000] {logging_mixin.py:154} INFO - [2023-11-16T06:18:11.880+0000] {dagbag.py:536} INFO - Filling up the DagBag from /home/airflow/.local/lib/python3.8/site-packages/airflow/example_dags/example_latest_only.py
[2023-11-16T06:18:11.892+0000] {processor.py:839} INFO - DAG(s) dict_keys(['latest_only']) retrieved from /home/airflow/.local/lib/python3.8/site-packages/airflow/example_dags/example_latest_only.py
[2023-11-16T06:18:11.939+0000] {logging_mixin.py:154} INFO - [2023-11-16T06:18:11.939+0000] {dag.py:2941} INFO - Sync 1 DAGs
[2023-11-16T06:18:11.978+0000] {logging_mixin.py:154} INFO - [2023-11-16T06:18:11.978+0000] {dag.py:3722} INFO - Setting next_dagrun for latest_only to 2023-11-16T02:18:11.978009+00:00, run_after=2023-11-16T06:18:11.978009+00:00
[2023-11-16T06:18:12.008+0000] {processor.py:179} INFO - Processing /home/airflow/.local/lib/python3.8/site-packages/airflow/example_dags/example_latest_only.py took 0.135 seconds
[2023-11-16T06:18:42.346+0000] {processor.py:157} INFO - Started process (PID=111) to work on /home/airflow/.local/lib/python3.8/site-packages/airflow/example_dags/example_latest_only.py
[2023-11-16T06:18:42.346+0000] {processor.py:829} INFO - Processing file /home/airflow/.local/lib/python3.8/site-packages/airflow/example_dags/example_latest_only.py for tasks to queue
[2023-11-16T06:18:42.348+0000] {logging_mixin.py:154} INFO - [2023-11-16T06:18:42.348+0000] {dagbag.py:536} INFO - Filling up the DagBag from /home/airflow/.local/lib/python3.8/site-packages/airflow/example_dags/example_latest_only.py
[2023-11-16T06:18:42.353+0000] {processor.py:839} INFO - DAG(s) dict_keys(['latest_only']) retrieved from /home/airflow/.local/lib/python3.8/site-packages/airflow/example_dags/example_latest_only.py
[2023-11-16T06:18:42.364+0000] {logging_mixin.py:154} INFO - [2023-11-16T06:18:42.364+0000] {dag.py:2941} INFO - Sync 1 DAGs
[2023-11-16T06:18:42.378+0000] {logging_mixin.py:154} INFO - [2023-11-16T06:18:42.378+0000] {dag.py:3722} INFO - Setting next_dagrun for latest_only to 2023-11-16T02:18:42.378479+00:00, run_after=2023-11-16T06:18:42.378479+00:00
[2023-11-16T06:18:42.388+0000] {processor.py:179} INFO - Processing /home/airflow/.local/lib/python3.8/site-packages/airflow/example_dags/example_latest_only.py took 0.044 seconds
[2023-11-16T06:19:12.426+0000] {processor.py:157} INFO - Started process (PID=165) to work on /home/airflow/.local/lib/python3.8/site-packages/airflow/example_dags/example_latest_only.py
[2023-11-16T06:19:12.426+0000] {processor.py:829} INFO - Processing file /home/airflow/.local/lib/python3.8/site-packages/airflow/example_dags/example_latest_only.py for tasks to queue
[2023-11-16T06:19:12.428+0000] {logging_mixin.py:154} INFO - [2023-11-16T06:19:12.428+0000] {dagbag.py:536} INFO - Filling up the DagBag from /home/airflow/.local/lib/python3.8/site-packages/airflow/example_dags/example_latest_only.py
[2023-11-16T06:19:12.431+0000] {processor.py:839} INFO - DAG(s) dict_keys(['latest_only']) retrieved from /home/airflow/.local/lib/python3.8/site-packages/airflow/example_dags/example_latest_only.py
[2023-11-16T06:19:12.443+0000] {logging_mixin.py:154} INFO - [2023-11-16T06:19:12.443+0000] {dag.py:2941} INFO - Sync 1 DAGs
[2023-11-16T06:19:12.456+0000] {logging_mixin.py:154} INFO - [2023-11-16T06:19:12.456+0000] {dag.py:3722} INFO - Setting next_dagrun for latest_only to 2023-11-16T02:19:12.456142+00:00, run_after=2023-11-16T06:19:12.456142+00:00
[2023-11-16T06:19:12.465+0000] {processor.py:179} INFO - Processing /home/airflow/.local/lib/python3.8/site-packages/airflow/example_dags/example_latest_only.py took 0.041 seconds
[2023-11-16T06:19:42.745+0000] {processor.py:157} INFO - Started process (PID=219) to work on /home/airflow/.local/lib/python3.8/site-packages/airflow/example_dags/example_latest_only.py
[2023-11-16T06:19:42.746+0000] {processor.py:829} INFO - Processing file /home/airflow/.local/lib/python3.8/site-packages/airflow/example_dags/example_latest_only.py for tasks to queue
[2023-11-16T06:19:42.748+0000] {logging_mixin.py:154} INFO - [2023-11-16T06:19:42.748+0000] {dagbag.py:536} INFO - Filling up the DagBag from /home/airflow/.local/lib/python3.8/site-packages/airflow/example_dags/example_latest_only.py
[2023-11-16T06:19:42.751+0000] {processor.py:839} INFO - DAG(s) dict_keys(['latest_only']) retrieved from /home/airflow/.local/lib/python3.8/site-packages/airflow/example_dags/example_latest_only.py
[2023-11-16T06:19:42.762+0000] {logging_mixin.py:154} INFO - [2023-11-16T06:19:42.761+0000] {dag.py:2941} INFO - Sync 1 DAGs
[2023-11-16T06:19:42.772+0000] {logging_mixin.py:154} INFO - [2023-11-16T06:19:42.772+0000] {dag.py:3722} INFO - Setting next_dagrun for latest_only to 2023-11-16T02:19:42.772467+00:00, run_after=2023-11-16T06:19:42.772467+00:00
[2023-11-16T06:19:42.781+0000] {processor.py:179} INFO - Processing /home/airflow/.local/lib/python3.8/site-packages/airflow/example_dags/example_latest_only.py took 0.037 seconds
[2023-11-16T06:20:13.070+0000] {processor.py:157} INFO - Started process (PID=273) to work on /home/airflow/.local/lib/python3.8/site-packages/airflow/example_dags/example_latest_only.py
[2023-11-16T06:20:13.071+0000] {processor.py:829} INFO - Processing file /home/airflow/.local/lib/python3.8/site-packages/airflow/example_dags/example_latest_only.py for tasks to queue
[2023-11-16T06:20:13.073+0000] {logging_mixin.py:154} INFO - [2023-11-16T06:20:13.073+0000] {dagbag.py:536} INFO - Filling up the DagBag from /home/airflow/.local/lib/python3.8/site-packages/airflow/example_dags/example_latest_only.py
[2023-11-16T06:20:13.076+0000] {processor.py:839} INFO - DAG(s) dict_keys(['latest_only']) retrieved from /home/airflow/.local/lib/python3.8/site-packages/airflow/example_dags/example_latest_only.py
[2023-11-16T06:20:13.087+0000] {logging_mixin.py:154} INFO - [2023-11-16T06:20:13.087+0000] {dag.py:2941} INFO - Sync 1 DAGs
[2023-11-16T06:20:13.099+0000] {logging_mixin.py:154} INFO - [2023-11-16T06:20:13.099+0000] {dag.py:3722} INFO - Setting next_dagrun for latest_only to 2023-11-16T02:20:13.099308+00:00, run_after=2023-11-16T06:20:13.099308+00:00
[2023-11-16T06:20:13.107+0000] {processor.py:179} INFO - Processing /home/airflow/.local/lib/python3.8/site-packages/airflow/example_dags/example_latest_only.py took 0.039 seconds
[2023-11-16T06:20:44.035+0000] {processor.py:157} INFO - Started process (PID=327) to work on /home/airflow/.local/lib/python3.8/site-packages/airflow/example_dags/example_latest_only.py
[2023-11-16T06:20:44.036+0000] {processor.py:829} INFO - Processing file /home/airflow/.local/lib/python3.8/site-packages/airflow/example_dags/example_latest_only.py for tasks to queue
[2023-11-16T06:20:44.038+0000] {logging_mixin.py:154} INFO - [2023-11-16T06:20:44.038+0000] {dagbag.py:536} INFO - Filling up the DagBag from /home/airflow/.local/lib/python3.8/site-packages/airflow/example_dags/example_latest_only.py
[2023-11-16T06:20:44.041+0000] {processor.py:839} INFO - DAG(s) dict_keys(['latest_only']) retrieved from /home/airflow/.local/lib/python3.8/site-packages/airflow/example_dags/example_latest_only.py
[2023-11-16T06:20:44.054+0000] {logging_mixin.py:154} INFO - [2023-11-16T06:20:44.054+0000] {dag.py:2941} INFO - Sync 1 DAGs
[2023-11-16T06:20:44.065+0000] {logging_mixin.py:154} INFO - [2023-11-16T06:20:44.065+0000] {dag.py:3722} INFO - Setting next_dagrun for latest_only to 2023-11-16T02:20:44.065052+00:00, run_after=2023-11-16T06:20:44.065052+00:00
[2023-11-16T06:20:44.074+0000] {processor.py:179} INFO - Processing /home/airflow/.local/lib/python3.8/site-packages/airflow/example_dags/example_latest_only.py took 0.041 seconds
[2023-11-16T06:21:14.123+0000] {processor.py:157} INFO - Started process (PID=381) to work on /home/airflow/.local/lib/python3.8/site-packages/airflow/example_dags/example_latest_only.py
[2023-11-16T06:21:14.123+0000] {processor.py:829} INFO - Processing file /home/airflow/.local/lib/python3.8/site-packages/airflow/example_dags/example_latest_only.py for tasks to queue
[2023-11-16T06:21:14.125+0000] {logging_mixin.py:154} INFO - [2023-11-16T06:21:14.125+0000] {dagbag.py:536} INFO - Filling up the DagBag from /home/airflow/.local/lib/python3.8/site-packages/airflow/example_dags/example_latest_only.py
[2023-11-16T06:21:14.128+0000] {processor.py:839} INFO - DAG(s) dict_keys(['latest_only']) retrieved from /home/airflow/.local/lib/python3.8/site-packages/airflow/example_dags/example_latest_only.py
[2023-11-16T06:21:14.138+0000] {logging_mixin.py:154} INFO - [2023-11-16T06:21:14.138+0000] {dag.py:2941} INFO - Sync 1 DAGs
[2023-11-16T06:21:14.149+0000] {logging_mixin.py:154} INFO - [2023-11-16T06:21:14.149+0000] {dag.py:3722} INFO - Setting next_dagrun for latest_only to 2023-11-16T02:21:14.149189+00:00, run_after=2023-11-16T06:21:14.149189+00:00
[2023-11-16T06:21:14.158+0000] {processor.py:179} INFO - Processing /home/airflow/.local/lib/python3.8/site-packages/airflow/example_dags/example_latest_only.py took 0.037 seconds
[2023-11-16T06:21:44.299+0000] {processor.py:157} INFO - Started process (PID=435) to work on /home/airflow/.local/lib/python3.8/site-packages/airflow/example_dags/example_latest_only.py
[2023-11-16T06:21:44.300+0000] {processor.py:829} INFO - Processing file /home/airflow/.local/lib/python3.8/site-packages/airflow/example_dags/example_latest_only.py for tasks to queue
[2023-11-16T06:21:44.301+0000] {logging_mixin.py:154} INFO - [2023-11-16T06:21:44.301+0000] {dagbag.py:536} INFO - Filling up the DagBag from /home/airflow/.local/lib/python3.8/site-packages/airflow/example_dags/example_latest_only.py
[2023-11-16T06:21:44.304+0000] {processor.py:839} INFO - DAG(s) dict_keys(['latest_only']) retrieved from /home/airflow/.local/lib/python3.8/site-packages/airflow/example_dags/example_latest_only.py
[2023-11-16T06:21:44.315+0000] {logging_mixin.py:154} INFO - [2023-11-16T06:21:44.315+0000] {dag.py:2941} INFO - Sync 1 DAGs
[2023-11-16T06:21:44.330+0000] {logging_mixin.py:154} INFO - [2023-11-16T06:21:44.330+0000] {dag.py:3722} INFO - Setting next_dagrun for latest_only to 2023-11-16T02:21:44.330318+00:00, run_after=2023-11-16T06:21:44.330318+00:00
[2023-11-16T06:21:44.339+0000] {processor.py:179} INFO - Processing /home/airflow/.local/lib/python3.8/site-packages/airflow/example_dags/example_latest_only.py took 0.041 seconds
[2023-11-16T06:22:14.555+0000] {processor.py:157} INFO - Started process (PID=489) to work on /home/airflow/.local/lib/python3.8/site-packages/airflow/example_dags/example_latest_only.py
[2023-11-16T06:22:14.556+0000] {processor.py:829} INFO - Processing file /home/airflow/.local/lib/python3.8/site-packages/airflow/example_dags/example_latest_only.py for tasks to queue
[2023-11-16T06:22:14.558+0000] {logging_mixin.py:154} INFO - [2023-11-16T06:22:14.558+0000] {dagbag.py:536} INFO - Filling up the DagBag from /home/airflow/.local/lib/python3.8/site-packages/airflow/example_dags/example_latest_only.py
[2023-11-16T06:22:14.561+0000] {processor.py:839} INFO - DAG(s) dict_keys(['latest_only']) retrieved from /home/airflow/.local/lib/python3.8/site-packages/airflow/example_dags/example_latest_only.py
[2023-11-16T06:22:14.572+0000] {logging_mixin.py:154} INFO - [2023-11-16T06:22:14.572+0000] {dag.py:2941} INFO - Sync 1 DAGs
[2023-11-16T06:22:14.582+0000] {logging_mixin.py:154} INFO - [2023-11-16T06:22:14.582+0000] {dag.py:3722} INFO - Setting next_dagrun for latest_only to 2023-11-16T02:22:14.582553+00:00, run_after=2023-11-16T06:22:14.582553+00:00
[2023-11-16T06:22:14.591+0000] {processor.py:179} INFO - Processing /home/airflow/.local/lib/python3.8/site-packages/airflow/example_dags/example_latest_only.py took 0.037 seconds
[2023-11-16T06:22:44.740+0000] {processor.py:157} INFO - Started process (PID=543) to work on /home/airflow/.local/lib/python3.8/site-packages/airflow/example_dags/example_latest_only.py
[2023-11-16T06:22:44.741+0000] {processor.py:829} INFO - Processing file /home/airflow/.local/lib/python3.8/site-packages/airflow/example_dags/example_latest_only.py for tasks to queue
[2023-11-16T06:22:44.743+0000] {logging_mixin.py:154} INFO - [2023-11-16T06:22:44.743+0000] {dagbag.py:536} INFO - Filling up the DagBag from /home/airflow/.local/lib/python3.8/site-packages/airflow/example_dags/example_latest_only.py
[2023-11-16T06:22:44.746+0000] {processor.py:839} INFO - DAG(s) dict_keys(['latest_only']) retrieved from /home/airflow/.local/lib/python3.8/site-packages/airflow/example_dags/example_latest_only.py
[2023-11-16T06:22:44.757+0000] {logging_mixin.py:154} INFO - [2023-11-16T06:22:44.757+0000] {dag.py:2941} INFO - Sync 1 DAGs
[2023-11-16T06:22:44.767+0000] {logging_mixin.py:154} INFO - [2023-11-16T06:22:44.767+0000] {dag.py:3722} INFO - Setting next_dagrun for latest_only to 2023-11-16T02:22:44.767612+00:00, run_after=2023-11-16T06:22:44.767612+00:00
[2023-11-16T06:22:44.776+0000] {processor.py:179} INFO - Processing /home/airflow/.local/lib/python3.8/site-packages/airflow/example_dags/example_latest_only.py took 0.038 seconds
[2023-11-16T06:23:15.041+0000] {processor.py:157} INFO - Started process (PID=597) to work on /home/airflow/.local/lib/python3.8/site-packages/airflow/example_dags/example_latest_only.py
[2023-11-16T06:23:15.042+0000] {processor.py:829} INFO - Processing file /home/airflow/.local/lib/python3.8/site-packages/airflow/example_dags/example_latest_only.py for tasks to queue
[2023-11-16T06:23:15.044+0000] {logging_mixin.py:154} INFO - [2023-11-16T06:23:15.044+0000] {dagbag.py:536} INFO - Filling up the DagBag from /home/airflow/.local/lib/python3.8/site-packages/airflow/example_dags/example_latest_only.py
[2023-11-16T06:23:15.047+0000] {processor.py:839} INFO - DAG(s) dict_keys(['latest_only']) retrieved from /home/airflow/.local/lib/python3.8/site-packages/airflow/example_dags/example_latest_only.py
[2023-11-16T06:23:15.061+0000] {logging_mixin.py:154} INFO - [2023-11-16T06:23:15.061+0000] {dag.py:2941} INFO - Sync 1 DAGs
[2023-11-16T06:23:15.081+0000] {logging_mixin.py:154} INFO - [2023-11-16T06:23:15.081+0000] {dag.py:3722} INFO - Setting next_dagrun for latest_only to 2023-11-16T02:23:15.080775+00:00, run_after=2023-11-16T06:23:15.080775+00:00
[2023-11-16T06:23:15.096+0000] {processor.py:179} INFO - Processing /home/airflow/.local/lib/python3.8/site-packages/airflow/example_dags/example_latest_only.py took 0.058 seconds
[2023-11-16T06:23:45.192+0000] {processor.py:157} INFO - Started process (PID=651) to work on /home/airflow/.local/lib/python3.8/site-packages/airflow/example_dags/example_latest_only.py
[2023-11-16T06:23:45.193+0000] {processor.py:829} INFO - Processing file /home/airflow/.local/lib/python3.8/site-packages/airflow/example_dags/example_latest_only.py for tasks to queue
[2023-11-16T06:23:45.195+0000] {logging_mixin.py:154} INFO - [2023-11-16T06:23:45.195+0000] {dagbag.py:536} INFO - Filling up the DagBag from /home/airflow/.local/lib/python3.8/site-packages/airflow/example_dags/example_latest_only.py
[2023-11-16T06:23:45.198+0000] {processor.py:839} INFO - DAG(s) dict_keys(['latest_only']) retrieved from /home/airflow/.local/lib/python3.8/site-packages/airflow/example_dags/example_latest_only.py
[2023-11-16T06:23:45.209+0000] {logging_mixin.py:154} INFO - [2023-11-16T06:23:45.209+0000] {dag.py:2941} INFO - Sync 1 DAGs
[2023-11-16T06:23:45.220+0000] {logging_mixin.py:154} INFO - [2023-11-16T06:23:45.219+0000] {dag.py:3722} INFO - Setting next_dagrun for latest_only to 2023-11-16T02:23:45.219837+00:00, run_after=2023-11-16T06:23:45.219837+00:00
[2023-11-16T06:23:45.227+0000] {processor.py:179} INFO - Processing /home/airflow/.local/lib/python3.8/site-packages/airflow/example_dags/example_latest_only.py took 0.038 seconds
[2023-11-16T06:24:15.424+0000] {processor.py:157} INFO - Started process (PID=705) to work on /home/airflow/.local/lib/python3.8/site-packages/airflow/example_dags/example_latest_only.py
[2023-11-16T06:24:15.425+0000] {processor.py:829} INFO - Processing file /home/airflow/.local/lib/python3.8/site-packages/airflow/example_dags/example_latest_only.py for tasks to queue
[2023-11-16T06:24:15.427+0000] {logging_mixin.py:154} INFO - [2023-11-16T06:24:15.427+0000] {dagbag.py:536} INFO - Filling up the DagBag from /home/airflow/.local/lib/python3.8/site-packages/airflow/example_dags/example_latest_only.py
[2023-11-16T06:24:15.431+0000] {processor.py:839} INFO - DAG(s) dict_keys(['latest_only']) retrieved from /home/airflow/.local/lib/python3.8/site-packages/airflow/example_dags/example_latest_only.py
[2023-11-16T06:24:15.443+0000] {logging_mixin.py:154} INFO - [2023-11-16T06:24:15.442+0000] {dag.py:2941} INFO - Sync 1 DAGs
[2023-11-16T06:24:15.454+0000] {logging_mixin.py:154} INFO - [2023-11-16T06:24:15.453+0000] {dag.py:3722} INFO - Setting next_dagrun for latest_only to 2023-11-16T02:24:15.453800+00:00, run_after=2023-11-16T06:24:15.453800+00:00
[2023-11-16T06:24:15.462+0000] {processor.py:179} INFO - Processing /home/airflow/.local/lib/python3.8/site-packages/airflow/example_dags/example_latest_only.py took 0.040 seconds
[2023-11-16T06:24:45.635+0000] {processor.py:157} INFO - Started process (PID=759) to work on /home/airflow/.local/lib/python3.8/site-packages/airflow/example_dags/example_latest_only.py
[2023-11-16T06:24:45.636+0000] {processor.py:829} INFO - Processing file /home/airflow/.local/lib/python3.8/site-packages/airflow/example_dags/example_latest_only.py for tasks to queue
[2023-11-16T06:24:45.638+0000] {logging_mixin.py:154} INFO - [2023-11-16T06:24:45.638+0000] {dagbag.py:536} INFO - Filling up the DagBag from /home/airflow/.local/lib/python3.8/site-packages/airflow/example_dags/example_latest_only.py
[2023-11-16T06:24:45.641+0000] {processor.py:839} INFO - DAG(s) dict_keys(['latest_only']) retrieved from /home/airflow/.local/lib/python3.8/site-packages/airflow/example_dags/example_latest_only.py
[2023-11-16T06:24:45.651+0000] {logging_mixin.py:154} INFO - [2023-11-16T06:24:45.651+0000] {dag.py:2941} INFO - Sync 1 DAGs
[2023-11-16T06:24:45.662+0000] {logging_mixin.py:154} INFO - [2023-11-16T06:24:45.662+0000] {dag.py:3722} INFO - Setting next_dagrun for latest_only to 2023-11-16T02:24:45.662122+00:00, run_after=2023-11-16T06:24:45.662122+00:00
[2023-11-16T06:24:45.670+0000] {processor.py:179} INFO - Processing /home/airflow/.local/lib/python3.8/site-packages/airflow/example_dags/example_latest_only.py took 0.036 seconds
[2023-11-16T06:25:16.239+0000] {processor.py:157} INFO - Started process (PID=813) to work on /home/airflow/.local/lib/python3.8/site-packages/airflow/example_dags/example_latest_only.py
[2023-11-16T06:25:16.240+0000] {processor.py:829} INFO - Processing file /home/airflow/.local/lib/python3.8/site-packages/airflow/example_dags/example_latest_only.py for tasks to queue
[2023-11-16T06:25:16.242+0000] {logging_mixin.py:154} INFO - [2023-11-16T06:25:16.242+0000] {dagbag.py:536} INFO - Filling up the DagBag from /home/airflow/.local/lib/python3.8/site-packages/airflow/example_dags/example_latest_only.py
[2023-11-16T06:25:16.245+0000] {processor.py:839} INFO - DAG(s) dict_keys(['latest_only']) retrieved from /home/airflow/.local/lib/python3.8/site-packages/airflow/example_dags/example_latest_only.py
[2023-11-16T06:25:16.259+0000] {logging_mixin.py:154} INFO - [2023-11-16T06:25:16.259+0000] {dag.py:2941} INFO - Sync 1 DAGs
[2023-11-16T06:25:16.271+0000] {logging_mixin.py:154} INFO - [2023-11-16T06:25:16.271+0000] {dag.py:3722} INFO - Setting next_dagrun for latest_only to 2023-11-16T02:25:16.271623+00:00, run_after=2023-11-16T06:25:16.271623+00:00
[2023-11-16T06:25:16.282+0000] {processor.py:179} INFO - Processing /home/airflow/.local/lib/python3.8/site-packages/airflow/example_dags/example_latest_only.py took 0.046 seconds
[2023-11-16T06:25:46.757+0000] {processor.py:157} INFO - Started process (PID=867) to work on /home/airflow/.local/lib/python3.8/site-packages/airflow/example_dags/example_latest_only.py
[2023-11-16T06:25:46.758+0000] {processor.py:829} INFO - Processing file /home/airflow/.local/lib/python3.8/site-packages/airflow/example_dags/example_latest_only.py for tasks to queue
[2023-11-16T06:25:46.759+0000] {logging_mixin.py:154} INFO - [2023-11-16T06:25:46.759+0000] {dagbag.py:536} INFO - Filling up the DagBag from /home/airflow/.local/lib/python3.8/site-packages/airflow/example_dags/example_latest_only.py
[2023-11-16T06:25:46.763+0000] {processor.py:839} INFO - DAG(s) dict_keys(['latest_only']) retrieved from /home/airflow/.local/lib/python3.8/site-packages/airflow/example_dags/example_latest_only.py
[2023-11-16T06:25:46.775+0000] {logging_mixin.py:154} INFO - [2023-11-16T06:25:46.775+0000] {dag.py:2941} INFO - Sync 1 DAGs
[2023-11-16T06:25:46.788+0000] {logging_mixin.py:154} INFO - [2023-11-16T06:25:46.788+0000] {dag.py:3722} INFO - Setting next_dagrun for latest_only to 2023-11-16T02:25:46.787798+00:00, run_after=2023-11-16T06:25:46.787798+00:00
[2023-11-16T06:25:46.798+0000] {processor.py:179} INFO - Processing /home/airflow/.local/lib/python3.8/site-packages/airflow/example_dags/example_latest_only.py took 0.043 seconds
[2023-11-16T06:26:17.258+0000] {processor.py:157} INFO - Started process (PID=921) to work on /home/airflow/.local/lib/python3.8/site-packages/airflow/example_dags/example_latest_only.py
[2023-11-16T06:26:17.259+0000] {processor.py:829} INFO - Processing file /home/airflow/.local/lib/python3.8/site-packages/airflow/example_dags/example_latest_only.py for tasks to queue
[2023-11-16T06:26:17.261+0000] {logging_mixin.py:154} INFO - [2023-11-16T06:26:17.261+0000] {dagbag.py:536} INFO - Filling up the DagBag from /home/airflow/.local/lib/python3.8/site-packages/airflow/example_dags/example_latest_only.py
[2023-11-16T06:26:17.265+0000] {processor.py:839} INFO - DAG(s) dict_keys(['latest_only']) retrieved from /home/airflow/.local/lib/python3.8/site-packages/airflow/example_dags/example_latest_only.py
[2023-11-16T06:26:17.277+0000] {logging_mixin.py:154} INFO - [2023-11-16T06:26:17.276+0000] {dag.py:2941} INFO - Sync 1 DAGs
[2023-11-16T06:26:17.288+0000] {logging_mixin.py:154} INFO - [2023-11-16T06:26:17.288+0000] {dag.py:3722} INFO - Setting next_dagrun for latest_only to 2023-11-16T02:26:17.288446+00:00, run_after=2023-11-16T06:26:17.288446+00:00
[2023-11-16T06:26:17.298+0000] {processor.py:179} INFO - Processing /home/airflow/.local/lib/python3.8/site-packages/airflow/example_dags/example_latest_only.py took 0.042 seconds
[2023-11-16T06:26:48.212+0000] {processor.py:157} INFO - Started process (PID=975) to work on /home/airflow/.local/lib/python3.8/site-packages/airflow/example_dags/example_latest_only.py
[2023-11-16T06:26:48.213+0000] {processor.py:829} INFO - Processing file /home/airflow/.local/lib/python3.8/site-packages/airflow/example_dags/example_latest_only.py for tasks to queue
[2023-11-16T06:26:48.215+0000] {logging_mixin.py:154} INFO - [2023-11-16T06:26:48.215+0000] {dagbag.py:536} INFO - Filling up the DagBag from /home/airflow/.local/lib/python3.8/site-packages/airflow/example_dags/example_latest_only.py
[2023-11-16T06:26:48.218+0000] {processor.py:839} INFO - DAG(s) dict_keys(['latest_only']) retrieved from /home/airflow/.local/lib/python3.8/site-packages/airflow/example_dags/example_latest_only.py
[2023-11-16T06:26:48.252+0000] {logging_mixin.py:154} INFO - [2023-11-16T06:26:48.252+0000] {dag.py:2941} INFO - Sync 1 DAGs
[2023-11-16T06:26:48.264+0000] {logging_mixin.py:154} INFO - [2023-11-16T06:26:48.263+0000] {dag.py:3722} INFO - Setting next_dagrun for latest_only to 2023-11-16T02:26:48.263777+00:00, run_after=2023-11-16T06:26:48.263777+00:00
[2023-11-16T06:26:48.274+0000] {processor.py:179} INFO - Processing /home/airflow/.local/lib/python3.8/site-packages/airflow/example_dags/example_latest_only.py took 0.064 seconds
[2023-11-16T06:27:19.910+0000] {processor.py:157} INFO - Started process (PID=1029) to work on /home/airflow/.local/lib/python3.8/site-packages/airflow/example_dags/example_latest_only.py
[2023-11-16T06:27:19.911+0000] {processor.py:829} INFO - Processing file /home/airflow/.local/lib/python3.8/site-packages/airflow/example_dags/example_latest_only.py for tasks to queue
[2023-11-16T06:27:19.913+0000] {logging_mixin.py:154} INFO - [2023-11-16T06:27:19.913+0000] {dagbag.py:536} INFO - Filling up the DagBag from /home/airflow/.local/lib/python3.8/site-packages/airflow/example_dags/example_latest_only.py
[2023-11-16T06:27:19.916+0000] {processor.py:839} INFO - DAG(s) dict_keys(['latest_only']) retrieved from /home/airflow/.local/lib/python3.8/site-packages/airflow/example_dags/example_latest_only.py
[2023-11-16T06:27:19.929+0000] {logging_mixin.py:154} INFO - [2023-11-16T06:27:19.929+0000] {dag.py:2941} INFO - Sync 1 DAGs
[2023-11-16T06:27:20.037+0000] {logging_mixin.py:154} INFO - [2023-11-16T06:27:20.037+0000] {dag.py:3722} INFO - Setting next_dagrun for latest_only to 2023-11-16T02:27:20.037712+00:00, run_after=2023-11-16T06:27:20.037712+00:00
[2023-11-16T06:27:20.046+0000] {processor.py:179} INFO - Processing /home/airflow/.local/lib/python3.8/site-packages/airflow/example_dags/example_latest_only.py took 0.138 seconds
[2023-11-16T06:27:50.790+0000] {processor.py:157} INFO - Started process (PID=1083) to work on /home/airflow/.local/lib/python3.8/site-packages/airflow/example_dags/example_latest_only.py
[2023-11-16T06:27:50.790+0000] {processor.py:829} INFO - Processing file /home/airflow/.local/lib/python3.8/site-packages/airflow/example_dags/example_latest_only.py for tasks to queue
[2023-11-16T06:27:50.792+0000] {logging_mixin.py:154} INFO - [2023-11-16T06:27:50.792+0000] {dagbag.py:536} INFO - Filling up the DagBag from /home/airflow/.local/lib/python3.8/site-packages/airflow/example_dags/example_latest_only.py
[2023-11-16T06:27:50.795+0000] {processor.py:839} INFO - DAG(s) dict_keys(['latest_only']) retrieved from /home/airflow/.local/lib/python3.8/site-packages/airflow/example_dags/example_latest_only.py
[2023-11-16T06:27:50.807+0000] {logging_mixin.py:154} INFO - [2023-11-16T06:27:50.807+0000] {dag.py:2941} INFO - Sync 1 DAGs
[2023-11-16T06:27:50.925+0000] {logging_mixin.py:154} INFO - [2023-11-16T06:27:50.925+0000] {dag.py:3722} INFO - Setting next_dagrun for latest_only to 2023-11-16T02:27:50.925589+00:00, run_after=2023-11-16T06:27:50.925589+00:00
[2023-11-16T06:27:50.935+0000] {processor.py:179} INFO - Processing /home/airflow/.local/lib/python3.8/site-packages/airflow/example_dags/example_latest_only.py took 0.149 seconds
[2023-11-16T06:28:22.091+0000] {processor.py:157} INFO - Started process (PID=1137) to work on /home/airflow/.local/lib/python3.8/site-packages/airflow/example_dags/example_latest_only.py
[2023-11-16T06:28:22.092+0000] {processor.py:829} INFO - Processing file /home/airflow/.local/lib/python3.8/site-packages/airflow/example_dags/example_latest_only.py for tasks to queue
[2023-11-16T06:28:22.093+0000] {logging_mixin.py:154} INFO - [2023-11-16T06:28:22.093+0000] {dagbag.py:536} INFO - Filling up the DagBag from /home/airflow/.local/lib/python3.8/site-packages/airflow/example_dags/example_latest_only.py
[2023-11-16T06:28:22.096+0000] {processor.py:839} INFO - DAG(s) dict_keys(['latest_only']) retrieved from /home/airflow/.local/lib/python3.8/site-packages/airflow/example_dags/example_latest_only.py
[2023-11-16T06:28:22.108+0000] {logging_mixin.py:154} INFO - [2023-11-16T06:28:22.108+0000] {dag.py:2941} INFO - Sync 1 DAGs
[2023-11-16T06:28:22.119+0000] {logging_mixin.py:154} INFO - [2023-11-16T06:28:22.119+0000] {dag.py:3722} INFO - Setting next_dagrun for latest_only to 2023-11-16T02:28:22.119392+00:00, run_after=2023-11-16T06:28:22.119392+00:00
[2023-11-16T06:28:22.128+0000] {processor.py:179} INFO - Processing /home/airflow/.local/lib/python3.8/site-packages/airflow/example_dags/example_latest_only.py took 0.039 seconds
[2023-11-16T06:28:52.482+0000] {processor.py:157} INFO - Started process (PID=1191) to work on /home/airflow/.local/lib/python3.8/site-packages/airflow/example_dags/example_latest_only.py
[2023-11-16T06:28:52.482+0000] {processor.py:829} INFO - Processing file /home/airflow/.local/lib/python3.8/site-packages/airflow/example_dags/example_latest_only.py for tasks to queue
[2023-11-16T06:28:52.484+0000] {logging_mixin.py:154} INFO - [2023-11-16T06:28:52.484+0000] {dagbag.py:536} INFO - Filling up the DagBag from /home/airflow/.local/lib/python3.8/site-packages/airflow/example_dags/example_latest_only.py
[2023-11-16T06:28:52.487+0000] {processor.py:839} INFO - DAG(s) dict_keys(['latest_only']) retrieved from /home/airflow/.local/lib/python3.8/site-packages/airflow/example_dags/example_latest_only.py
[2023-11-16T06:28:52.499+0000] {logging_mixin.py:154} INFO - [2023-11-16T06:28:52.498+0000] {dag.py:2941} INFO - Sync 1 DAGs
[2023-11-16T06:28:52.510+0000] {logging_mixin.py:154} INFO - [2023-11-16T06:28:52.510+0000] {dag.py:3722} INFO - Setting next_dagrun for latest_only to 2023-11-16T02:28:52.509936+00:00, run_after=2023-11-16T06:28:52.509936+00:00
[2023-11-16T06:28:52.518+0000] {processor.py:179} INFO - Processing /home/airflow/.local/lib/python3.8/site-packages/airflow/example_dags/example_latest_only.py took 0.039 seconds
[2023-11-16T06:29:22.793+0000] {processor.py:157} INFO - Started process (PID=1245) to work on /home/airflow/.local/lib/python3.8/site-packages/airflow/example_dags/example_latest_only.py
[2023-11-16T06:29:22.794+0000] {processor.py:829} INFO - Processing file /home/airflow/.local/lib/python3.8/site-packages/airflow/example_dags/example_latest_only.py for tasks to queue
[2023-11-16T06:29:22.796+0000] {logging_mixin.py:154} INFO - [2023-11-16T06:29:22.795+0000] {dagbag.py:536} INFO - Filling up the DagBag from /home/airflow/.local/lib/python3.8/site-packages/airflow/example_dags/example_latest_only.py
[2023-11-16T06:29:22.799+0000] {processor.py:839} INFO - DAG(s) dict_keys(['latest_only']) retrieved from /home/airflow/.local/lib/python3.8/site-packages/airflow/example_dags/example_latest_only.py
[2023-11-16T06:29:22.810+0000] {logging_mixin.py:154} INFO - [2023-11-16T06:29:22.810+0000] {dag.py:2941} INFO - Sync 1 DAGs
[2023-11-16T06:29:22.821+0000] {logging_mixin.py:154} INFO - [2023-11-16T06:29:22.821+0000] {dag.py:3722} INFO - Setting next_dagrun for latest_only to 2023-11-16T02:29:22.821000+00:00, run_after=2023-11-16T06:29:22.821000+00:00
[2023-11-16T06:29:22.829+0000] {processor.py:179} INFO - Processing /home/airflow/.local/lib/python3.8/site-packages/airflow/example_dags/example_latest_only.py took 0.039 seconds
[2023-11-16T06:29:53.348+0000] {processor.py:157} INFO - Started process (PID=1299) to work on /home/airflow/.local/lib/python3.8/site-packages/airflow/example_dags/example_latest_only.py
[2023-11-16T06:29:53.349+0000] {processor.py:829} INFO - Processing file /home/airflow/.local/lib/python3.8/site-packages/airflow/example_dags/example_latest_only.py for tasks to queue
[2023-11-16T06:29:53.350+0000] {logging_mixin.py:154} INFO - [2023-11-16T06:29:53.350+0000] {dagbag.py:536} INFO - Filling up the DagBag from /home/airflow/.local/lib/python3.8/site-packages/airflow/example_dags/example_latest_only.py
[2023-11-16T06:29:53.354+0000] {processor.py:839} INFO - DAG(s) dict_keys(['latest_only']) retrieved from /home/airflow/.local/lib/python3.8/site-packages/airflow/example_dags/example_latest_only.py
[2023-11-16T06:29:53.365+0000] {logging_mixin.py:154} INFO - [2023-11-16T06:29:53.365+0000] {dag.py:2941} INFO - Sync 1 DAGs
[2023-11-16T06:29:53.468+0000] {logging_mixin.py:154} INFO - [2023-11-16T06:29:53.468+0000] {dag.py:3722} INFO - Setting next_dagrun for latest_only to 2023-11-16T02:29:53.467995+00:00, run_after=2023-11-16T06:29:53.467995+00:00
[2023-11-16T06:29:53.476+0000] {processor.py:179} INFO - Processing /home/airflow/.local/lib/python3.8/site-packages/airflow/example_dags/example_latest_only.py took 0.130 seconds
[2023-11-16T06:30:23.705+0000] {processor.py:157} INFO - Started process (PID=1353) to work on /home/airflow/.local/lib/python3.8/site-packages/airflow/example_dags/example_latest_only.py
[2023-11-16T06:30:23.706+0000] {processor.py:829} INFO - Processing file /home/airflow/.local/lib/python3.8/site-packages/airflow/example_dags/example_latest_only.py for tasks to queue
[2023-11-16T06:30:23.708+0000] {logging_mixin.py:154} INFO - [2023-11-16T06:30:23.708+0000] {dagbag.py:536} INFO - Filling up the DagBag from /home/airflow/.local/lib/python3.8/site-packages/airflow/example_dags/example_latest_only.py
[2023-11-16T06:30:23.711+0000] {processor.py:839} INFO - DAG(s) dict_keys(['latest_only']) retrieved from /home/airflow/.local/lib/python3.8/site-packages/airflow/example_dags/example_latest_only.py
[2023-11-16T06:30:23.723+0000] {logging_mixin.py:154} INFO - [2023-11-16T06:30:23.723+0000] {dag.py:2941} INFO - Sync 1 DAGs
[2023-11-16T06:30:23.735+0000] {logging_mixin.py:154} INFO - [2023-11-16T06:30:23.735+0000] {dag.py:3722} INFO - Setting next_dagrun for latest_only to 2023-11-16T02:30:23.735648+00:00, run_after=2023-11-16T06:30:23.735648+00:00
[2023-11-16T06:30:23.744+0000] {processor.py:179} INFO - Processing /home/airflow/.local/lib/python3.8/site-packages/airflow/example_dags/example_latest_only.py took 0.041 seconds
[2023-11-16T06:30:54.696+0000] {processor.py:157} INFO - Started process (PID=1407) to work on /home/airflow/.local/lib/python3.8/site-packages/airflow/example_dags/example_latest_only.py
[2023-11-16T06:30:54.697+0000] {processor.py:829} INFO - Processing file /home/airflow/.local/lib/python3.8/site-packages/airflow/example_dags/example_latest_only.py for tasks to queue
[2023-11-16T06:30:54.699+0000] {logging_mixin.py:154} INFO - [2023-11-16T06:30:54.699+0000] {dagbag.py:536} INFO - Filling up the DagBag from /home/airflow/.local/lib/python3.8/site-packages/airflow/example_dags/example_latest_only.py
[2023-11-16T06:30:54.702+0000] {processor.py:839} INFO - DAG(s) dict_keys(['latest_only']) retrieved from /home/airflow/.local/lib/python3.8/site-packages/airflow/example_dags/example_latest_only.py
[2023-11-16T06:30:54.713+0000] {logging_mixin.py:154} INFO - [2023-11-16T06:30:54.712+0000] {dag.py:2941} INFO - Sync 1 DAGs
[2023-11-16T06:30:54.723+0000] {logging_mixin.py:154} INFO - [2023-11-16T06:30:54.723+0000] {dag.py:3722} INFO - Setting next_dagrun for latest_only to 2023-11-16T02:30:54.723203+00:00, run_after=2023-11-16T06:30:54.723203+00:00
[2023-11-16T06:30:54.731+0000] {processor.py:179} INFO - Processing /home/airflow/.local/lib/python3.8/site-packages/airflow/example_dags/example_latest_only.py took 0.038 seconds
[2023-11-16T06:31:25.637+0000] {processor.py:157} INFO - Started process (PID=1461) to work on /home/airflow/.local/lib/python3.8/site-packages/airflow/example_dags/example_latest_only.py
[2023-11-16T06:31:25.638+0000] {processor.py:829} INFO - Processing file /home/airflow/.local/lib/python3.8/site-packages/airflow/example_dags/example_latest_only.py for tasks to queue
[2023-11-16T06:31:25.640+0000] {logging_mixin.py:154} INFO - [2023-11-16T06:31:25.639+0000] {dagbag.py:536} INFO - Filling up the DagBag from /home/airflow/.local/lib/python3.8/site-packages/airflow/example_dags/example_latest_only.py
[2023-11-16T06:31:25.642+0000] {processor.py:839} INFO - DAG(s) dict_keys(['latest_only']) retrieved from /home/airflow/.local/lib/python3.8/site-packages/airflow/example_dags/example_latest_only.py
[2023-11-16T06:31:25.653+0000] {logging_mixin.py:154} INFO - [2023-11-16T06:31:25.653+0000] {dag.py:2941} INFO - Sync 1 DAGs
[2023-11-16T06:31:25.664+0000] {logging_mixin.py:154} INFO - [2023-11-16T06:31:25.664+0000] {dag.py:3722} INFO - Setting next_dagrun for latest_only to 2023-11-16T02:31:25.664228+00:00, run_after=2023-11-16T06:31:25.664228+00:00
[2023-11-16T06:31:25.672+0000] {processor.py:179} INFO - Processing /home/airflow/.local/lib/python3.8/site-packages/airflow/example_dags/example_latest_only.py took 0.037 seconds
[2023-11-16T06:42:47.469+0000] {processor.py:157} INFO - Started process (PID=57) to work on /home/airflow/.local/lib/python3.8/site-packages/airflow/example_dags/example_latest_only.py
[2023-11-16T06:42:47.472+0000] {processor.py:829} INFO - Processing file /home/airflow/.local/lib/python3.8/site-packages/airflow/example_dags/example_latest_only.py for tasks to queue
[2023-11-16T06:42:47.480+0000] {logging_mixin.py:154} INFO - [2023-11-16T06:42:47.479+0000] {dagbag.py:536} INFO - Filling up the DagBag from /home/airflow/.local/lib/python3.8/site-packages/airflow/example_dags/example_latest_only.py
[2023-11-16T06:42:47.494+0000] {processor.py:839} INFO - DAG(s) dict_keys(['latest_only']) retrieved from /home/airflow/.local/lib/python3.8/site-packages/airflow/example_dags/example_latest_only.py
[2023-11-16T06:42:47.510+0000] {logging_mixin.py:154} INFO - [2023-11-16T06:42:47.510+0000] {dag.py:2941} INFO - Sync 1 DAGs
[2023-11-16T06:42:47.535+0000] {logging_mixin.py:154} INFO - [2023-11-16T06:42:47.535+0000] {dag.py:3722} INFO - Setting next_dagrun for latest_only to 2023-11-16T02:42:47.534374+00:00, run_after=2023-11-16T06:42:47.534374+00:00
[2023-11-16T06:42:47.552+0000] {processor.py:179} INFO - Processing /home/airflow/.local/lib/python3.8/site-packages/airflow/example_dags/example_latest_only.py took 0.094 seconds
[2023-11-16T06:43:18.212+0000] {processor.py:157} INFO - Started process (PID=111) to work on /home/airflow/.local/lib/python3.8/site-packages/airflow/example_dags/example_latest_only.py
[2023-11-16T06:43:18.213+0000] {processor.py:829} INFO - Processing file /home/airflow/.local/lib/python3.8/site-packages/airflow/example_dags/example_latest_only.py for tasks to queue
[2023-11-16T06:43:18.214+0000] {logging_mixin.py:154} INFO - [2023-11-16T06:43:18.214+0000] {dagbag.py:536} INFO - Filling up the DagBag from /home/airflow/.local/lib/python3.8/site-packages/airflow/example_dags/example_latest_only.py
[2023-11-16T06:43:18.217+0000] {processor.py:839} INFO - DAG(s) dict_keys(['latest_only']) retrieved from /home/airflow/.local/lib/python3.8/site-packages/airflow/example_dags/example_latest_only.py
[2023-11-16T06:43:18.229+0000] {logging_mixin.py:154} INFO - [2023-11-16T06:43:18.228+0000] {dag.py:2941} INFO - Sync 1 DAGs
[2023-11-16T06:43:18.240+0000] {logging_mixin.py:154} INFO - [2023-11-16T06:43:18.239+0000] {dag.py:3722} INFO - Setting next_dagrun for latest_only to 2023-11-16T02:43:18.239816+00:00, run_after=2023-11-16T06:43:18.239816+00:00
[2023-11-16T06:43:18.249+0000] {processor.py:179} INFO - Processing /home/airflow/.local/lib/python3.8/site-packages/airflow/example_dags/example_latest_only.py took 0.039 seconds
[2023-11-16T06:43:48.515+0000] {processor.py:157} INFO - Started process (PID=165) to work on /home/airflow/.local/lib/python3.8/site-packages/airflow/example_dags/example_latest_only.py
[2023-11-16T06:43:48.516+0000] {processor.py:829} INFO - Processing file /home/airflow/.local/lib/python3.8/site-packages/airflow/example_dags/example_latest_only.py for tasks to queue
[2023-11-16T06:43:48.518+0000] {logging_mixin.py:154} INFO - [2023-11-16T06:43:48.518+0000] {dagbag.py:536} INFO - Filling up the DagBag from /home/airflow/.local/lib/python3.8/site-packages/airflow/example_dags/example_latest_only.py
[2023-11-16T06:43:48.521+0000] {processor.py:839} INFO - DAG(s) dict_keys(['latest_only']) retrieved from /home/airflow/.local/lib/python3.8/site-packages/airflow/example_dags/example_latest_only.py
[2023-11-16T06:43:48.534+0000] {logging_mixin.py:154} INFO - [2023-11-16T06:43:48.534+0000] {dag.py:2941} INFO - Sync 1 DAGs
[2023-11-16T06:43:48.544+0000] {logging_mixin.py:154} INFO - [2023-11-16T06:43:48.544+0000] {dag.py:3722} INFO - Setting next_dagrun for latest_only to 2023-11-16T02:43:48.544330+00:00, run_after=2023-11-16T06:43:48.544330+00:00
[2023-11-16T06:43:48.553+0000] {processor.py:179} INFO - Processing /home/airflow/.local/lib/python3.8/site-packages/airflow/example_dags/example_latest_only.py took 0.039 seconds
[2023-11-16T06:44:19.394+0000] {processor.py:157} INFO - Started process (PID=219) to work on /home/airflow/.local/lib/python3.8/site-packages/airflow/example_dags/example_latest_only.py
[2023-11-16T06:44:19.395+0000] {processor.py:829} INFO - Processing file /home/airflow/.local/lib/python3.8/site-packages/airflow/example_dags/example_latest_only.py for tasks to queue
[2023-11-16T06:44:19.397+0000] {logging_mixin.py:154} INFO - [2023-11-16T06:44:19.396+0000] {dagbag.py:536} INFO - Filling up the DagBag from /home/airflow/.local/lib/python3.8/site-packages/airflow/example_dags/example_latest_only.py
[2023-11-16T06:44:19.399+0000] {processor.py:839} INFO - DAG(s) dict_keys(['latest_only']) retrieved from /home/airflow/.local/lib/python3.8/site-packages/airflow/example_dags/example_latest_only.py
[2023-11-16T06:44:19.410+0000] {logging_mixin.py:154} INFO - [2023-11-16T06:44:19.410+0000] {dag.py:2941} INFO - Sync 1 DAGs
[2023-11-16T06:44:19.421+0000] {logging_mixin.py:154} INFO - [2023-11-16T06:44:19.421+0000] {dag.py:3722} INFO - Setting next_dagrun for latest_only to 2023-11-16T02:44:19.420884+00:00, run_after=2023-11-16T06:44:19.420884+00:00
[2023-11-16T06:44:19.429+0000] {processor.py:179} INFO - Processing /home/airflow/.local/lib/python3.8/site-packages/airflow/example_dags/example_latest_only.py took 0.037 seconds
[2023-11-16T06:44:50.194+0000] {processor.py:157} INFO - Started process (PID=274) to work on /home/airflow/.local/lib/python3.8/site-packages/airflow/example_dags/example_latest_only.py
[2023-11-16T06:44:50.195+0000] {processor.py:829} INFO - Processing file /home/airflow/.local/lib/python3.8/site-packages/airflow/example_dags/example_latest_only.py for tasks to queue
[2023-11-16T06:44:50.197+0000] {logging_mixin.py:154} INFO - [2023-11-16T06:44:50.197+0000] {dagbag.py:536} INFO - Filling up the DagBag from /home/airflow/.local/lib/python3.8/site-packages/airflow/example_dags/example_latest_only.py
[2023-11-16T06:44:50.200+0000] {processor.py:839} INFO - DAG(s) dict_keys(['latest_only']) retrieved from /home/airflow/.local/lib/python3.8/site-packages/airflow/example_dags/example_latest_only.py
[2023-11-16T06:44:50.213+0000] {logging_mixin.py:154} INFO - [2023-11-16T06:44:50.213+0000] {dag.py:2941} INFO - Sync 1 DAGs
[2023-11-16T06:44:50.225+0000] {logging_mixin.py:154} INFO - [2023-11-16T06:44:50.225+0000] {dag.py:3722} INFO - Setting next_dagrun for latest_only to 2023-11-16T02:44:50.225588+00:00, run_after=2023-11-16T06:44:50.225588+00:00
[2023-11-16T06:44:50.234+0000] {processor.py:179} INFO - Processing /home/airflow/.local/lib/python3.8/site-packages/airflow/example_dags/example_latest_only.py took 0.042 seconds
[2023-11-16T06:45:20.394+0000] {processor.py:157} INFO - Started process (PID=328) to work on /home/airflow/.local/lib/python3.8/site-packages/airflow/example_dags/example_latest_only.py
[2023-11-16T06:45:20.394+0000] {processor.py:829} INFO - Processing file /home/airflow/.local/lib/python3.8/site-packages/airflow/example_dags/example_latest_only.py for tasks to queue
[2023-11-16T06:45:20.397+0000] {logging_mixin.py:154} INFO - [2023-11-16T06:45:20.396+0000] {dagbag.py:536} INFO - Filling up the DagBag from /home/airflow/.local/lib/python3.8/site-packages/airflow/example_dags/example_latest_only.py
[2023-11-16T06:45:20.400+0000] {processor.py:839} INFO - DAG(s) dict_keys(['latest_only']) retrieved from /home/airflow/.local/lib/python3.8/site-packages/airflow/example_dags/example_latest_only.py
[2023-11-16T06:45:20.413+0000] {logging_mixin.py:154} INFO - [2023-11-16T06:45:20.413+0000] {dag.py:2941} INFO - Sync 1 DAGs
[2023-11-16T06:45:20.426+0000] {logging_mixin.py:154} INFO - [2023-11-16T06:45:20.425+0000] {dag.py:3722} INFO - Setting next_dagrun for latest_only to 2023-11-16T02:45:20.425738+00:00, run_after=2023-11-16T06:45:20.425738+00:00
[2023-11-16T06:45:20.439+0000] {processor.py:179} INFO - Processing /home/airflow/.local/lib/python3.8/site-packages/airflow/example_dags/example_latest_only.py took 0.048 seconds
[2023-11-16T06:45:50.706+0000] {processor.py:157} INFO - Started process (PID=382) to work on /home/airflow/.local/lib/python3.8/site-packages/airflow/example_dags/example_latest_only.py
[2023-11-16T06:45:50.707+0000] {processor.py:829} INFO - Processing file /home/airflow/.local/lib/python3.8/site-packages/airflow/example_dags/example_latest_only.py for tasks to queue
[2023-11-16T06:45:50.708+0000] {logging_mixin.py:154} INFO - [2023-11-16T06:45:50.708+0000] {dagbag.py:536} INFO - Filling up the DagBag from /home/airflow/.local/lib/python3.8/site-packages/airflow/example_dags/example_latest_only.py
[2023-11-16T06:45:50.711+0000] {processor.py:839} INFO - DAG(s) dict_keys(['latest_only']) retrieved from /home/airflow/.local/lib/python3.8/site-packages/airflow/example_dags/example_latest_only.py
[2023-11-16T06:45:50.722+0000] {logging_mixin.py:154} INFO - [2023-11-16T06:45:50.722+0000] {dag.py:2941} INFO - Sync 1 DAGs
[2023-11-16T06:45:50.733+0000] {logging_mixin.py:154} INFO - [2023-11-16T06:45:50.733+0000] {dag.py:3722} INFO - Setting next_dagrun for latest_only to 2023-11-16T02:45:50.732641+00:00, run_after=2023-11-16T06:45:50.732641+00:00
[2023-11-16T06:45:50.743+0000] {processor.py:179} INFO - Processing /home/airflow/.local/lib/python3.8/site-packages/airflow/example_dags/example_latest_only.py took 0.039 seconds
[2023-11-16T06:46:21.012+0000] {processor.py:157} INFO - Started process (PID=436) to work on /home/airflow/.local/lib/python3.8/site-packages/airflow/example_dags/example_latest_only.py
[2023-11-16T06:46:21.013+0000] {processor.py:829} INFO - Processing file /home/airflow/.local/lib/python3.8/site-packages/airflow/example_dags/example_latest_only.py for tasks to queue
[2023-11-16T06:46:21.015+0000] {logging_mixin.py:154} INFO - [2023-11-16T06:46:21.014+0000] {dagbag.py:536} INFO - Filling up the DagBag from /home/airflow/.local/lib/python3.8/site-packages/airflow/example_dags/example_latest_only.py
[2023-11-16T06:46:21.018+0000] {processor.py:839} INFO - DAG(s) dict_keys(['latest_only']) retrieved from /home/airflow/.local/lib/python3.8/site-packages/airflow/example_dags/example_latest_only.py
[2023-11-16T06:46:21.029+0000] {logging_mixin.py:154} INFO - [2023-11-16T06:46:21.029+0000] {dag.py:2941} INFO - Sync 1 DAGs
[2023-11-16T06:46:21.040+0000] {logging_mixin.py:154} INFO - [2023-11-16T06:46:21.040+0000] {dag.py:3722} INFO - Setting next_dagrun for latest_only to 2023-11-16T02:46:21.039961+00:00, run_after=2023-11-16T06:46:21.039961+00:00
[2023-11-16T06:46:21.048+0000] {processor.py:179} INFO - Processing /home/airflow/.local/lib/python3.8/site-packages/airflow/example_dags/example_latest_only.py took 0.037 seconds
[2023-11-16T06:46:51.076+0000] {processor.py:157} INFO - Started process (PID=490) to work on /home/airflow/.local/lib/python3.8/site-packages/airflow/example_dags/example_latest_only.py
[2023-11-16T06:46:51.077+0000] {processor.py:829} INFO - Processing file /home/airflow/.local/lib/python3.8/site-packages/airflow/example_dags/example_latest_only.py for tasks to queue
[2023-11-16T06:46:51.079+0000] {logging_mixin.py:154} INFO - [2023-11-16T06:46:51.079+0000] {dagbag.py:536} INFO - Filling up the DagBag from /home/airflow/.local/lib/python3.8/site-packages/airflow/example_dags/example_latest_only.py
[2023-11-16T06:46:51.082+0000] {processor.py:839} INFO - DAG(s) dict_keys(['latest_only']) retrieved from /home/airflow/.local/lib/python3.8/site-packages/airflow/example_dags/example_latest_only.py
[2023-11-16T06:46:51.092+0000] {logging_mixin.py:154} INFO - [2023-11-16T06:46:51.092+0000] {dag.py:2941} INFO - Sync 1 DAGs
[2023-11-16T06:46:51.103+0000] {logging_mixin.py:154} INFO - [2023-11-16T06:46:51.102+0000] {dag.py:3722} INFO - Setting next_dagrun for latest_only to 2023-11-16T02:46:51.102857+00:00, run_after=2023-11-16T06:46:51.102857+00:00
[2023-11-16T06:46:51.111+0000] {processor.py:179} INFO - Processing /home/airflow/.local/lib/python3.8/site-packages/airflow/example_dags/example_latest_only.py took 0.036 seconds
[2023-11-16T06:47:21.443+0000] {processor.py:157} INFO - Started process (PID=545) to work on /home/airflow/.local/lib/python3.8/site-packages/airflow/example_dags/example_latest_only.py
[2023-11-16T06:47:21.445+0000] {processor.py:829} INFO - Processing file /home/airflow/.local/lib/python3.8/site-packages/airflow/example_dags/example_latest_only.py for tasks to queue
[2023-11-16T06:47:21.447+0000] {logging_mixin.py:154} INFO - [2023-11-16T06:47:21.446+0000] {dagbag.py:536} INFO - Filling up the DagBag from /home/airflow/.local/lib/python3.8/site-packages/airflow/example_dags/example_latest_only.py
[2023-11-16T06:47:21.450+0000] {processor.py:839} INFO - DAG(s) dict_keys(['latest_only']) retrieved from /home/airflow/.local/lib/python3.8/site-packages/airflow/example_dags/example_latest_only.py
[2023-11-16T06:47:21.464+0000] {logging_mixin.py:154} INFO - [2023-11-16T06:47:21.463+0000] {dag.py:2941} INFO - Sync 1 DAGs
[2023-11-16T06:47:21.476+0000] {logging_mixin.py:154} INFO - [2023-11-16T06:47:21.476+0000] {dag.py:3722} INFO - Setting next_dagrun for latest_only to 2023-11-16T02:47:21.476609+00:00, run_after=2023-11-16T06:47:21.476609+00:00
[2023-11-16T06:47:21.486+0000] {processor.py:179} INFO - Processing /home/airflow/.local/lib/python3.8/site-packages/airflow/example_dags/example_latest_only.py took 0.045 seconds
[2023-11-16T06:47:51.701+0000] {processor.py:157} INFO - Started process (PID=599) to work on /home/airflow/.local/lib/python3.8/site-packages/airflow/example_dags/example_latest_only.py
[2023-11-16T06:47:51.702+0000] {processor.py:829} INFO - Processing file /home/airflow/.local/lib/python3.8/site-packages/airflow/example_dags/example_latest_only.py for tasks to queue
[2023-11-16T06:47:51.705+0000] {logging_mixin.py:154} INFO - [2023-11-16T06:47:51.705+0000] {dagbag.py:536} INFO - Filling up the DagBag from /home/airflow/.local/lib/python3.8/site-packages/airflow/example_dags/example_latest_only.py
[2023-11-16T06:47:51.708+0000] {processor.py:839} INFO - DAG(s) dict_keys(['latest_only']) retrieved from /home/airflow/.local/lib/python3.8/site-packages/airflow/example_dags/example_latest_only.py
[2023-11-16T06:47:51.724+0000] {logging_mixin.py:154} INFO - [2023-11-16T06:47:51.724+0000] {dag.py:2941} INFO - Sync 1 DAGs
[2023-11-16T06:47:51.738+0000] {logging_mixin.py:154} INFO - [2023-11-16T06:47:51.738+0000] {dag.py:3722} INFO - Setting next_dagrun for latest_only to 2023-11-16T02:47:51.738688+00:00, run_after=2023-11-16T06:47:51.738688+00:00
[2023-11-16T06:47:51.751+0000] {processor.py:179} INFO - Processing /home/airflow/.local/lib/python3.8/site-packages/airflow/example_dags/example_latest_only.py took 0.053 seconds
[2023-11-16T06:48:21.805+0000] {processor.py:157} INFO - Started process (PID=653) to work on /home/airflow/.local/lib/python3.8/site-packages/airflow/example_dags/example_latest_only.py
[2023-11-16T06:48:21.805+0000] {processor.py:829} INFO - Processing file /home/airflow/.local/lib/python3.8/site-packages/airflow/example_dags/example_latest_only.py for tasks to queue
[2023-11-16T06:48:21.807+0000] {logging_mixin.py:154} INFO - [2023-11-16T06:48:21.807+0000] {dagbag.py:536} INFO - Filling up the DagBag from /home/airflow/.local/lib/python3.8/site-packages/airflow/example_dags/example_latest_only.py
[2023-11-16T06:48:21.810+0000] {processor.py:839} INFO - DAG(s) dict_keys(['latest_only']) retrieved from /home/airflow/.local/lib/python3.8/site-packages/airflow/example_dags/example_latest_only.py
[2023-11-16T06:48:21.820+0000] {logging_mixin.py:154} INFO - [2023-11-16T06:48:21.820+0000] {dag.py:2941} INFO - Sync 1 DAGs
[2023-11-16T06:48:21.831+0000] {logging_mixin.py:154} INFO - [2023-11-16T06:48:21.830+0000] {dag.py:3722} INFO - Setting next_dagrun for latest_only to 2023-11-16T02:48:21.830789+00:00, run_after=2023-11-16T06:48:21.830789+00:00
[2023-11-16T06:48:21.838+0000] {processor.py:179} INFO - Processing /home/airflow/.local/lib/python3.8/site-packages/airflow/example_dags/example_latest_only.py took 0.035 seconds
[2023-11-16T06:48:52.353+0000] {processor.py:157} INFO - Started process (PID=707) to work on /home/airflow/.local/lib/python3.8/site-packages/airflow/example_dags/example_latest_only.py
[2023-11-16T06:48:52.354+0000] {processor.py:829} INFO - Processing file /home/airflow/.local/lib/python3.8/site-packages/airflow/example_dags/example_latest_only.py for tasks to queue
[2023-11-16T06:48:52.356+0000] {logging_mixin.py:154} INFO - [2023-11-16T06:48:52.355+0000] {dagbag.py:536} INFO - Filling up the DagBag from /home/airflow/.local/lib/python3.8/site-packages/airflow/example_dags/example_latest_only.py
[2023-11-16T06:48:52.359+0000] {processor.py:839} INFO - DAG(s) dict_keys(['latest_only']) retrieved from /home/airflow/.local/lib/python3.8/site-packages/airflow/example_dags/example_latest_only.py
[2023-11-16T06:48:52.374+0000] {logging_mixin.py:154} INFO - [2023-11-16T06:48:52.374+0000] {dag.py:2941} INFO - Sync 1 DAGs
[2023-11-16T06:48:52.388+0000] {logging_mixin.py:154} INFO - [2023-11-16T06:48:52.387+0000] {dag.py:3722} INFO - Setting next_dagrun for latest_only to 2023-11-16T02:48:52.387759+00:00, run_after=2023-11-16T06:48:52.387759+00:00
[2023-11-16T06:48:52.397+0000] {processor.py:179} INFO - Processing /home/airflow/.local/lib/python3.8/site-packages/airflow/example_dags/example_latest_only.py took 0.045 seconds
[2023-11-16T06:49:22.434+0000] {processor.py:157} INFO - Started process (PID=761) to work on /home/airflow/.local/lib/python3.8/site-packages/airflow/example_dags/example_latest_only.py
[2023-11-16T06:49:22.435+0000] {processor.py:829} INFO - Processing file /home/airflow/.local/lib/python3.8/site-packages/airflow/example_dags/example_latest_only.py for tasks to queue
[2023-11-16T06:49:22.437+0000] {logging_mixin.py:154} INFO - [2023-11-16T06:49:22.437+0000] {dagbag.py:536} INFO - Filling up the DagBag from /home/airflow/.local/lib/python3.8/site-packages/airflow/example_dags/example_latest_only.py
[2023-11-16T06:49:22.440+0000] {processor.py:839} INFO - DAG(s) dict_keys(['latest_only']) retrieved from /home/airflow/.local/lib/python3.8/site-packages/airflow/example_dags/example_latest_only.py
[2023-11-16T06:49:22.451+0000] {logging_mixin.py:154} INFO - [2023-11-16T06:49:22.451+0000] {dag.py:2941} INFO - Sync 1 DAGs
[2023-11-16T06:49:22.462+0000] {logging_mixin.py:154} INFO - [2023-11-16T06:49:22.462+0000] {dag.py:3722} INFO - Setting next_dagrun for latest_only to 2023-11-16T02:49:22.462196+00:00, run_after=2023-11-16T06:49:22.462196+00:00
[2023-11-16T06:49:22.471+0000] {processor.py:179} INFO - Processing /home/airflow/.local/lib/python3.8/site-packages/airflow/example_dags/example_latest_only.py took 0.038 seconds
[2023-11-16T06:49:52.708+0000] {processor.py:157} INFO - Started process (PID=815) to work on /home/airflow/.local/lib/python3.8/site-packages/airflow/example_dags/example_latest_only.py
[2023-11-16T06:49:52.709+0000] {processor.py:829} INFO - Processing file /home/airflow/.local/lib/python3.8/site-packages/airflow/example_dags/example_latest_only.py for tasks to queue
[2023-11-16T06:49:52.710+0000] {logging_mixin.py:154} INFO - [2023-11-16T06:49:52.710+0000] {dagbag.py:536} INFO - Filling up the DagBag from /home/airflow/.local/lib/python3.8/site-packages/airflow/example_dags/example_latest_only.py
[2023-11-16T06:49:52.713+0000] {processor.py:839} INFO - DAG(s) dict_keys(['latest_only']) retrieved from /home/airflow/.local/lib/python3.8/site-packages/airflow/example_dags/example_latest_only.py
[2023-11-16T06:49:52.724+0000] {logging_mixin.py:154} INFO - [2023-11-16T06:49:52.724+0000] {dag.py:2941} INFO - Sync 1 DAGs
[2023-11-16T06:49:52.735+0000] {logging_mixin.py:154} INFO - [2023-11-16T06:49:52.735+0000] {dag.py:3722} INFO - Setting next_dagrun for latest_only to 2023-11-16T02:49:52.734943+00:00, run_after=2023-11-16T06:49:52.734943+00:00
[2023-11-16T06:49:52.744+0000] {processor.py:179} INFO - Processing /home/airflow/.local/lib/python3.8/site-packages/airflow/example_dags/example_latest_only.py took 0.038 seconds
[2023-11-16T06:50:23.717+0000] {processor.py:157} INFO - Started process (PID=869) to work on /home/airflow/.local/lib/python3.8/site-packages/airflow/example_dags/example_latest_only.py
[2023-11-16T06:50:23.718+0000] {processor.py:829} INFO - Processing file /home/airflow/.local/lib/python3.8/site-packages/airflow/example_dags/example_latest_only.py for tasks to queue
[2023-11-16T06:50:23.719+0000] {logging_mixin.py:154} INFO - [2023-11-16T06:50:23.719+0000] {dagbag.py:536} INFO - Filling up the DagBag from /home/airflow/.local/lib/python3.8/site-packages/airflow/example_dags/example_latest_only.py
[2023-11-16T06:50:23.722+0000] {processor.py:839} INFO - DAG(s) dict_keys(['latest_only']) retrieved from /home/airflow/.local/lib/python3.8/site-packages/airflow/example_dags/example_latest_only.py
[2023-11-16T06:50:23.734+0000] {logging_mixin.py:154} INFO - [2023-11-16T06:50:23.734+0000] {dag.py:2941} INFO - Sync 1 DAGs
[2023-11-16T06:50:23.744+0000] {logging_mixin.py:154} INFO - [2023-11-16T06:50:23.744+0000] {dag.py:3722} INFO - Setting next_dagrun for latest_only to 2023-11-16T02:50:23.744675+00:00, run_after=2023-11-16T06:50:23.744675+00:00
[2023-11-16T06:50:23.754+0000] {processor.py:179} INFO - Processing /home/airflow/.local/lib/python3.8/site-packages/airflow/example_dags/example_latest_only.py took 0.039 seconds
[2023-11-16T06:50:54.171+0000] {processor.py:157} INFO - Started process (PID=923) to work on /home/airflow/.local/lib/python3.8/site-packages/airflow/example_dags/example_latest_only.py
[2023-11-16T06:50:54.172+0000] {processor.py:829} INFO - Processing file /home/airflow/.local/lib/python3.8/site-packages/airflow/example_dags/example_latest_only.py for tasks to queue
[2023-11-16T06:50:54.174+0000] {logging_mixin.py:154} INFO - [2023-11-16T06:50:54.173+0000] {dagbag.py:536} INFO - Filling up the DagBag from /home/airflow/.local/lib/python3.8/site-packages/airflow/example_dags/example_latest_only.py
[2023-11-16T06:50:54.177+0000] {processor.py:839} INFO - DAG(s) dict_keys(['latest_only']) retrieved from /home/airflow/.local/lib/python3.8/site-packages/airflow/example_dags/example_latest_only.py
[2023-11-16T06:50:54.188+0000] {logging_mixin.py:154} INFO - [2023-11-16T06:50:54.188+0000] {dag.py:2941} INFO - Sync 1 DAGs
[2023-11-16T06:50:54.198+0000] {logging_mixin.py:154} INFO - [2023-11-16T06:50:54.198+0000] {dag.py:3722} INFO - Setting next_dagrun for latest_only to 2023-11-16T02:50:54.198331+00:00, run_after=2023-11-16T06:50:54.198331+00:00
[2023-11-16T06:50:54.207+0000] {processor.py:179} INFO - Processing /home/airflow/.local/lib/python3.8/site-packages/airflow/example_dags/example_latest_only.py took 0.037 seconds
[2023-11-16T06:51:25.214+0000] {processor.py:157} INFO - Started process (PID=977) to work on /home/airflow/.local/lib/python3.8/site-packages/airflow/example_dags/example_latest_only.py
[2023-11-16T06:51:25.215+0000] {processor.py:829} INFO - Processing file /home/airflow/.local/lib/python3.8/site-packages/airflow/example_dags/example_latest_only.py for tasks to queue
[2023-11-16T06:51:25.217+0000] {logging_mixin.py:154} INFO - [2023-11-16T06:51:25.216+0000] {dagbag.py:536} INFO - Filling up the DagBag from /home/airflow/.local/lib/python3.8/site-packages/airflow/example_dags/example_latest_only.py
[2023-11-16T06:51:25.220+0000] {processor.py:839} INFO - DAG(s) dict_keys(['latest_only']) retrieved from /home/airflow/.local/lib/python3.8/site-packages/airflow/example_dags/example_latest_only.py
[2023-11-16T06:51:25.231+0000] {logging_mixin.py:154} INFO - [2023-11-16T06:51:25.231+0000] {dag.py:2941} INFO - Sync 1 DAGs
[2023-11-16T06:51:25.332+0000] {logging_mixin.py:154} INFO - [2023-11-16T06:51:25.332+0000] {dag.py:3722} INFO - Setting next_dagrun for latest_only to 2023-11-16T02:51:25.332513+00:00, run_after=2023-11-16T06:51:25.332513+00:00
[2023-11-16T06:51:25.340+0000] {processor.py:179} INFO - Processing /home/airflow/.local/lib/python3.8/site-packages/airflow/example_dags/example_latest_only.py took 0.128 seconds
[2023-11-16T06:51:55.736+0000] {processor.py:157} INFO - Started process (PID=1031) to work on /home/airflow/.local/lib/python3.8/site-packages/airflow/example_dags/example_latest_only.py
[2023-11-16T06:51:55.737+0000] {processor.py:829} INFO - Processing file /home/airflow/.local/lib/python3.8/site-packages/airflow/example_dags/example_latest_only.py for tasks to queue
[2023-11-16T06:51:55.740+0000] {logging_mixin.py:154} INFO - [2023-11-16T06:51:55.739+0000] {dagbag.py:536} INFO - Filling up the DagBag from /home/airflow/.local/lib/python3.8/site-packages/airflow/example_dags/example_latest_only.py
[2023-11-16T06:51:55.745+0000] {processor.py:839} INFO - DAG(s) dict_keys(['latest_only']) retrieved from /home/airflow/.local/lib/python3.8/site-packages/airflow/example_dags/example_latest_only.py
[2023-11-16T06:51:55.767+0000] {logging_mixin.py:154} INFO - [2023-11-16T06:51:55.766+0000] {dag.py:2941} INFO - Sync 1 DAGs
[2023-11-16T06:51:55.782+0000] {logging_mixin.py:154} INFO - [2023-11-16T06:51:55.782+0000] {dag.py:3722} INFO - Setting next_dagrun for latest_only to 2023-11-16T02:51:55.782601+00:00, run_after=2023-11-16T06:51:55.782601+00:00
[2023-11-16T06:51:55.891+0000] {processor.py:179} INFO - Processing /home/airflow/.local/lib/python3.8/site-packages/airflow/example_dags/example_latest_only.py took 0.158 seconds
[2023-11-16T06:52:26.291+0000] {processor.py:157} INFO - Started process (PID=1085) to work on /home/airflow/.local/lib/python3.8/site-packages/airflow/example_dags/example_latest_only.py
[2023-11-16T06:52:26.292+0000] {processor.py:829} INFO - Processing file /home/airflow/.local/lib/python3.8/site-packages/airflow/example_dags/example_latest_only.py for tasks to queue
[2023-11-16T06:52:26.294+0000] {logging_mixin.py:154} INFO - [2023-11-16T06:52:26.294+0000] {dagbag.py:536} INFO - Filling up the DagBag from /home/airflow/.local/lib/python3.8/site-packages/airflow/example_dags/example_latest_only.py
[2023-11-16T06:52:26.297+0000] {processor.py:839} INFO - DAG(s) dict_keys(['latest_only']) retrieved from /home/airflow/.local/lib/python3.8/site-packages/airflow/example_dags/example_latest_only.py
[2023-11-16T06:52:26.308+0000] {logging_mixin.py:154} INFO - [2023-11-16T06:52:26.308+0000] {dag.py:2941} INFO - Sync 1 DAGs
[2023-11-16T06:52:26.318+0000] {logging_mixin.py:154} INFO - [2023-11-16T06:52:26.318+0000] {dag.py:3722} INFO - Setting next_dagrun for latest_only to 2023-11-16T02:52:26.318447+00:00, run_after=2023-11-16T06:52:26.318447+00:00
[2023-11-16T06:52:26.326+0000] {processor.py:179} INFO - Processing /home/airflow/.local/lib/python3.8/site-packages/airflow/example_dags/example_latest_only.py took 0.037 seconds
[2023-11-16T06:52:56.754+0000] {processor.py:157} INFO - Started process (PID=1139) to work on /home/airflow/.local/lib/python3.8/site-packages/airflow/example_dags/example_latest_only.py
[2023-11-16T06:52:56.754+0000] {processor.py:829} INFO - Processing file /home/airflow/.local/lib/python3.8/site-packages/airflow/example_dags/example_latest_only.py for tasks to queue
[2023-11-16T06:52:56.756+0000] {logging_mixin.py:154} INFO - [2023-11-16T06:52:56.756+0000] {dagbag.py:536} INFO - Filling up the DagBag from /home/airflow/.local/lib/python3.8/site-packages/airflow/example_dags/example_latest_only.py
[2023-11-16T06:52:56.759+0000] {processor.py:839} INFO - DAG(s) dict_keys(['latest_only']) retrieved from /home/airflow/.local/lib/python3.8/site-packages/airflow/example_dags/example_latest_only.py
[2023-11-16T06:52:56.770+0000] {logging_mixin.py:154} INFO - [2023-11-16T06:52:56.769+0000] {dag.py:2941} INFO - Sync 1 DAGs
[2023-11-16T06:52:56.780+0000] {logging_mixin.py:154} INFO - [2023-11-16T06:52:56.780+0000] {dag.py:3722} INFO - Setting next_dagrun for latest_only to 2023-11-16T02:52:56.780693+00:00, run_after=2023-11-16T06:52:56.780693+00:00
[2023-11-16T06:52:56.790+0000] {processor.py:179} INFO - Processing /home/airflow/.local/lib/python3.8/site-packages/airflow/example_dags/example_latest_only.py took 0.038 seconds
[2023-11-16T06:53:28.597+0000] {processor.py:157} INFO - Started process (PID=1193) to work on /home/airflow/.local/lib/python3.8/site-packages/airflow/example_dags/example_latest_only.py
[2023-11-16T06:53:28.598+0000] {processor.py:829} INFO - Processing file /home/airflow/.local/lib/python3.8/site-packages/airflow/example_dags/example_latest_only.py for tasks to queue
[2023-11-16T06:53:28.599+0000] {logging_mixin.py:154} INFO - [2023-11-16T06:53:28.599+0000] {dagbag.py:536} INFO - Filling up the DagBag from /home/airflow/.local/lib/python3.8/site-packages/airflow/example_dags/example_latest_only.py
[2023-11-16T06:53:28.602+0000] {processor.py:839} INFO - DAG(s) dict_keys(['latest_only']) retrieved from /home/airflow/.local/lib/python3.8/site-packages/airflow/example_dags/example_latest_only.py
[2023-11-16T06:53:28.613+0000] {logging_mixin.py:154} INFO - [2023-11-16T06:53:28.613+0000] {dag.py:2941} INFO - Sync 1 DAGs
[2023-11-16T06:53:28.623+0000] {logging_mixin.py:154} INFO - [2023-11-16T06:53:28.623+0000] {dag.py:3722} INFO - Setting next_dagrun for latest_only to 2023-11-16T02:53:28.623478+00:00, run_after=2023-11-16T06:53:28.623478+00:00
[2023-11-16T06:53:28.632+0000] {processor.py:179} INFO - Processing /home/airflow/.local/lib/python3.8/site-packages/airflow/example_dags/example_latest_only.py took 0.036 seconds
[2023-11-16T06:54:00.218+0000] {processor.py:157} INFO - Started process (PID=1247) to work on /home/airflow/.local/lib/python3.8/site-packages/airflow/example_dags/example_latest_only.py
[2023-11-16T06:54:00.219+0000] {processor.py:829} INFO - Processing file /home/airflow/.local/lib/python3.8/site-packages/airflow/example_dags/example_latest_only.py for tasks to queue
[2023-11-16T06:54:00.220+0000] {logging_mixin.py:154} INFO - [2023-11-16T06:54:00.220+0000] {dagbag.py:536} INFO - Filling up the DagBag from /home/airflow/.local/lib/python3.8/site-packages/airflow/example_dags/example_latest_only.py
[2023-11-16T06:54:00.224+0000] {processor.py:839} INFO - DAG(s) dict_keys(['latest_only']) retrieved from /home/airflow/.local/lib/python3.8/site-packages/airflow/example_dags/example_latest_only.py
[2023-11-16T06:54:00.235+0000] {logging_mixin.py:154} INFO - [2023-11-16T06:54:00.235+0000] {dag.py:2941} INFO - Sync 1 DAGs
[2023-11-16T06:54:00.337+0000] {logging_mixin.py:154} INFO - [2023-11-16T06:54:00.337+0000] {dag.py:3722} INFO - Setting next_dagrun for latest_only to 2023-11-16T02:54:00.337474+00:00, run_after=2023-11-16T06:54:00.337474+00:00
[2023-11-16T06:54:00.346+0000] {processor.py:179} INFO - Processing /home/airflow/.local/lib/python3.8/site-packages/airflow/example_dags/example_latest_only.py took 0.130 seconds
[2023-11-16T06:54:31.037+0000] {processor.py:157} INFO - Started process (PID=1301) to work on /home/airflow/.local/lib/python3.8/site-packages/airflow/example_dags/example_latest_only.py
[2023-11-16T06:54:31.038+0000] {processor.py:829} INFO - Processing file /home/airflow/.local/lib/python3.8/site-packages/airflow/example_dags/example_latest_only.py for tasks to queue
[2023-11-16T06:54:31.040+0000] {logging_mixin.py:154} INFO - [2023-11-16T06:54:31.040+0000] {dagbag.py:536} INFO - Filling up the DagBag from /home/airflow/.local/lib/python3.8/site-packages/airflow/example_dags/example_latest_only.py
[2023-11-16T06:54:31.043+0000] {processor.py:839} INFO - DAG(s) dict_keys(['latest_only']) retrieved from /home/airflow/.local/lib/python3.8/site-packages/airflow/example_dags/example_latest_only.py
[2023-11-16T06:54:31.054+0000] {logging_mixin.py:154} INFO - [2023-11-16T06:54:31.054+0000] {dag.py:2941} INFO - Sync 1 DAGs
[2023-11-16T06:54:31.160+0000] {logging_mixin.py:154} INFO - [2023-11-16T06:54:31.160+0000] {dag.py:3722} INFO - Setting next_dagrun for latest_only to 2023-11-16T02:54:31.160086+00:00, run_after=2023-11-16T06:54:31.160086+00:00
[2023-11-16T06:54:31.170+0000] {processor.py:179} INFO - Processing /home/airflow/.local/lib/python3.8/site-packages/airflow/example_dags/example_latest_only.py took 0.135 seconds
[2023-11-16T06:55:01.240+0000] {processor.py:157} INFO - Started process (PID=1355) to work on /home/airflow/.local/lib/python3.8/site-packages/airflow/example_dags/example_latest_only.py
[2023-11-16T06:55:01.241+0000] {processor.py:829} INFO - Processing file /home/airflow/.local/lib/python3.8/site-packages/airflow/example_dags/example_latest_only.py for tasks to queue
[2023-11-16T06:55:01.243+0000] {logging_mixin.py:154} INFO - [2023-11-16T06:55:01.243+0000] {dagbag.py:536} INFO - Filling up the DagBag from /home/airflow/.local/lib/python3.8/site-packages/airflow/example_dags/example_latest_only.py
[2023-11-16T06:55:01.246+0000] {processor.py:839} INFO - DAG(s) dict_keys(['latest_only']) retrieved from /home/airflow/.local/lib/python3.8/site-packages/airflow/example_dags/example_latest_only.py
[2023-11-16T06:55:01.258+0000] {logging_mixin.py:154} INFO - [2023-11-16T06:55:01.258+0000] {dag.py:2941} INFO - Sync 1 DAGs
[2023-11-16T06:55:01.271+0000] {logging_mixin.py:154} INFO - [2023-11-16T06:55:01.271+0000] {dag.py:3722} INFO - Setting next_dagrun for latest_only to 2023-11-16T02:55:01.271077+00:00, run_after=2023-11-16T06:55:01.271077+00:00
[2023-11-16T06:55:01.373+0000] {processor.py:179} INFO - Processing /home/airflow/.local/lib/python3.8/site-packages/airflow/example_dags/example_latest_only.py took 0.135 seconds
[2023-11-16T06:55:32.335+0000] {processor.py:157} INFO - Started process (PID=1409) to work on /home/airflow/.local/lib/python3.8/site-packages/airflow/example_dags/example_latest_only.py
[2023-11-16T06:55:32.336+0000] {processor.py:829} INFO - Processing file /home/airflow/.local/lib/python3.8/site-packages/airflow/example_dags/example_latest_only.py for tasks to queue
[2023-11-16T06:55:32.338+0000] {logging_mixin.py:154} INFO - [2023-11-16T06:55:32.338+0000] {dagbag.py:536} INFO - Filling up the DagBag from /home/airflow/.local/lib/python3.8/site-packages/airflow/example_dags/example_latest_only.py
[2023-11-16T06:55:32.341+0000] {processor.py:839} INFO - DAG(s) dict_keys(['latest_only']) retrieved from /home/airflow/.local/lib/python3.8/site-packages/airflow/example_dags/example_latest_only.py
[2023-11-16T06:55:32.354+0000] {logging_mixin.py:154} INFO - [2023-11-16T06:55:32.354+0000] {dag.py:2941} INFO - Sync 1 DAGs
[2023-11-16T06:55:32.366+0000] {logging_mixin.py:154} INFO - [2023-11-16T06:55:32.366+0000] {dag.py:3722} INFO - Setting next_dagrun for latest_only to 2023-11-16T02:55:32.366481+00:00, run_after=2023-11-16T06:55:32.366481+00:00
[2023-11-16T06:55:32.376+0000] {processor.py:179} INFO - Processing /home/airflow/.local/lib/python3.8/site-packages/airflow/example_dags/example_latest_only.py took 0.043 seconds
[2023-11-16T06:56:02.484+0000] {processor.py:157} INFO - Started process (PID=1463) to work on /home/airflow/.local/lib/python3.8/site-packages/airflow/example_dags/example_latest_only.py
[2023-11-16T06:56:02.485+0000] {processor.py:829} INFO - Processing file /home/airflow/.local/lib/python3.8/site-packages/airflow/example_dags/example_latest_only.py for tasks to queue
[2023-11-16T06:56:02.486+0000] {logging_mixin.py:154} INFO - [2023-11-16T06:56:02.486+0000] {dagbag.py:536} INFO - Filling up the DagBag from /home/airflow/.local/lib/python3.8/site-packages/airflow/example_dags/example_latest_only.py
[2023-11-16T06:56:02.489+0000] {processor.py:839} INFO - DAG(s) dict_keys(['latest_only']) retrieved from /home/airflow/.local/lib/python3.8/site-packages/airflow/example_dags/example_latest_only.py
[2023-11-16T06:56:02.500+0000] {logging_mixin.py:154} INFO - [2023-11-16T06:56:02.500+0000] {dag.py:2941} INFO - Sync 1 DAGs
[2023-11-16T06:56:02.512+0000] {logging_mixin.py:154} INFO - [2023-11-16T06:56:02.512+0000] {dag.py:3722} INFO - Setting next_dagrun for latest_only to 2023-11-16T02:56:02.511929+00:00, run_after=2023-11-16T06:56:02.511929+00:00
[2023-11-16T06:56:02.520+0000] {processor.py:179} INFO - Processing /home/airflow/.local/lib/python3.8/site-packages/airflow/example_dags/example_latest_only.py took 0.039 seconds
[2023-11-16T06:56:33.488+0000] {processor.py:157} INFO - Started process (PID=1517) to work on /home/airflow/.local/lib/python3.8/site-packages/airflow/example_dags/example_latest_only.py
[2023-11-16T06:56:33.489+0000] {processor.py:829} INFO - Processing file /home/airflow/.local/lib/python3.8/site-packages/airflow/example_dags/example_latest_only.py for tasks to queue
[2023-11-16T06:56:33.491+0000] {logging_mixin.py:154} INFO - [2023-11-16T06:56:33.491+0000] {dagbag.py:536} INFO - Filling up the DagBag from /home/airflow/.local/lib/python3.8/site-packages/airflow/example_dags/example_latest_only.py
[2023-11-16T06:56:33.494+0000] {processor.py:839} INFO - DAG(s) dict_keys(['latest_only']) retrieved from /home/airflow/.local/lib/python3.8/site-packages/airflow/example_dags/example_latest_only.py
[2023-11-16T06:56:33.506+0000] {logging_mixin.py:154} INFO - [2023-11-16T06:56:33.505+0000] {dag.py:2941} INFO - Sync 1 DAGs
[2023-11-16T06:56:33.517+0000] {logging_mixin.py:154} INFO - [2023-11-16T06:56:33.517+0000] {dag.py:3722} INFO - Setting next_dagrun for latest_only to 2023-11-16T02:56:33.516922+00:00, run_after=2023-11-16T06:56:33.516922+00:00
[2023-11-16T06:56:33.525+0000] {processor.py:179} INFO - Processing /home/airflow/.local/lib/python3.8/site-packages/airflow/example_dags/example_latest_only.py took 0.039 seconds
[2023-11-16T06:57:04.416+0000] {processor.py:157} INFO - Started process (PID=1571) to work on /home/airflow/.local/lib/python3.8/site-packages/airflow/example_dags/example_latest_only.py
[2023-11-16T06:57:04.417+0000] {processor.py:829} INFO - Processing file /home/airflow/.local/lib/python3.8/site-packages/airflow/example_dags/example_latest_only.py for tasks to queue
[2023-11-16T06:57:04.419+0000] {logging_mixin.py:154} INFO - [2023-11-16T06:57:04.419+0000] {dagbag.py:536} INFO - Filling up the DagBag from /home/airflow/.local/lib/python3.8/site-packages/airflow/example_dags/example_latest_only.py
[2023-11-16T06:57:04.422+0000] {processor.py:839} INFO - DAG(s) dict_keys(['latest_only']) retrieved from /home/airflow/.local/lib/python3.8/site-packages/airflow/example_dags/example_latest_only.py
[2023-11-16T06:57:04.434+0000] {logging_mixin.py:154} INFO - [2023-11-16T06:57:04.434+0000] {dag.py:2941} INFO - Sync 1 DAGs
[2023-11-16T06:57:04.445+0000] {logging_mixin.py:154} INFO - [2023-11-16T06:57:04.445+0000] {dag.py:3722} INFO - Setting next_dagrun for latest_only to 2023-11-16T02:57:04.445302+00:00, run_after=2023-11-16T06:57:04.445302+00:00
[2023-11-16T06:57:04.455+0000] {processor.py:179} INFO - Processing /home/airflow/.local/lib/python3.8/site-packages/airflow/example_dags/example_latest_only.py took 0.040 seconds
[2023-11-16T06:57:35.334+0000] {processor.py:157} INFO - Started process (PID=1625) to work on /home/airflow/.local/lib/python3.8/site-packages/airflow/example_dags/example_latest_only.py
[2023-11-16T06:57:35.335+0000] {processor.py:829} INFO - Processing file /home/airflow/.local/lib/python3.8/site-packages/airflow/example_dags/example_latest_only.py for tasks to queue
[2023-11-16T06:57:35.337+0000] {logging_mixin.py:154} INFO - [2023-11-16T06:57:35.337+0000] {dagbag.py:536} INFO - Filling up the DagBag from /home/airflow/.local/lib/python3.8/site-packages/airflow/example_dags/example_latest_only.py
[2023-11-16T06:57:35.340+0000] {processor.py:839} INFO - DAG(s) dict_keys(['latest_only']) retrieved from /home/airflow/.local/lib/python3.8/site-packages/airflow/example_dags/example_latest_only.py
[2023-11-16T06:57:35.352+0000] {logging_mixin.py:154} INFO - [2023-11-16T06:57:35.352+0000] {dag.py:2941} INFO - Sync 1 DAGs
[2023-11-16T06:57:35.363+0000] {logging_mixin.py:154} INFO - [2023-11-16T06:57:35.363+0000] {dag.py:3722} INFO - Setting next_dagrun for latest_only to 2023-11-16T02:57:35.362974+00:00, run_after=2023-11-16T06:57:35.362974+00:00
[2023-11-16T06:57:35.371+0000] {processor.py:179} INFO - Processing /home/airflow/.local/lib/python3.8/site-packages/airflow/example_dags/example_latest_only.py took 0.039 seconds
[2023-11-16T06:58:06.403+0000] {processor.py:157} INFO - Started process (PID=1679) to work on /home/airflow/.local/lib/python3.8/site-packages/airflow/example_dags/example_latest_only.py
[2023-11-16T06:58:06.404+0000] {processor.py:829} INFO - Processing file /home/airflow/.local/lib/python3.8/site-packages/airflow/example_dags/example_latest_only.py for tasks to queue
[2023-11-16T06:58:06.406+0000] {logging_mixin.py:154} INFO - [2023-11-16T06:58:06.406+0000] {dagbag.py:536} INFO - Filling up the DagBag from /home/airflow/.local/lib/python3.8/site-packages/airflow/example_dags/example_latest_only.py
[2023-11-16T06:58:06.409+0000] {processor.py:839} INFO - DAG(s) dict_keys(['latest_only']) retrieved from /home/airflow/.local/lib/python3.8/site-packages/airflow/example_dags/example_latest_only.py
[2023-11-16T06:58:06.420+0000] {logging_mixin.py:154} INFO - [2023-11-16T06:58:06.420+0000] {dag.py:2941} INFO - Sync 1 DAGs
[2023-11-16T06:58:06.430+0000] {logging_mixin.py:154} INFO - [2023-11-16T06:58:06.430+0000] {dag.py:3722} INFO - Setting next_dagrun for latest_only to 2023-11-16T02:58:06.430454+00:00, run_after=2023-11-16T06:58:06.430454+00:00
[2023-11-16T06:58:06.438+0000] {processor.py:179} INFO - Processing /home/airflow/.local/lib/python3.8/site-packages/airflow/example_dags/example_latest_only.py took 0.038 seconds
[2023-11-16T06:58:37.412+0000] {processor.py:157} INFO - Started process (PID=1733) to work on /home/airflow/.local/lib/python3.8/site-packages/airflow/example_dags/example_latest_only.py
[2023-11-16T06:58:37.413+0000] {processor.py:829} INFO - Processing file /home/airflow/.local/lib/python3.8/site-packages/airflow/example_dags/example_latest_only.py for tasks to queue
[2023-11-16T06:58:37.415+0000] {logging_mixin.py:154} INFO - [2023-11-16T06:58:37.415+0000] {dagbag.py:536} INFO - Filling up the DagBag from /home/airflow/.local/lib/python3.8/site-packages/airflow/example_dags/example_latest_only.py
[2023-11-16T06:58:37.418+0000] {processor.py:839} INFO - DAG(s) dict_keys(['latest_only']) retrieved from /home/airflow/.local/lib/python3.8/site-packages/airflow/example_dags/example_latest_only.py
[2023-11-16T06:58:37.429+0000] {logging_mixin.py:154} INFO - [2023-11-16T06:58:37.429+0000] {dag.py:2941} INFO - Sync 1 DAGs
[2023-11-16T06:58:37.439+0000] {logging_mixin.py:154} INFO - [2023-11-16T06:58:37.439+0000] {dag.py:3722} INFO - Setting next_dagrun for latest_only to 2023-11-16T02:58:37.439542+00:00, run_after=2023-11-16T06:58:37.439542+00:00
[2023-11-16T06:58:37.447+0000] {processor.py:179} INFO - Processing /home/airflow/.local/lib/python3.8/site-packages/airflow/example_dags/example_latest_only.py took 0.037 seconds
[2023-11-16T06:59:08.545+0000] {processor.py:157} INFO - Started process (PID=1787) to work on /home/airflow/.local/lib/python3.8/site-packages/airflow/example_dags/example_latest_only.py
[2023-11-16T06:59:08.546+0000] {processor.py:829} INFO - Processing file /home/airflow/.local/lib/python3.8/site-packages/airflow/example_dags/example_latest_only.py for tasks to queue
[2023-11-16T06:59:08.549+0000] {logging_mixin.py:154} INFO - [2023-11-16T06:59:08.549+0000] {dagbag.py:536} INFO - Filling up the DagBag from /home/airflow/.local/lib/python3.8/site-packages/airflow/example_dags/example_latest_only.py
[2023-11-16T06:59:08.553+0000] {processor.py:839} INFO - DAG(s) dict_keys(['latest_only']) retrieved from /home/airflow/.local/lib/python3.8/site-packages/airflow/example_dags/example_latest_only.py
[2023-11-16T06:59:08.566+0000] {logging_mixin.py:154} INFO - [2023-11-16T06:59:08.566+0000] {dag.py:2941} INFO - Sync 1 DAGs
[2023-11-16T06:59:08.580+0000] {logging_mixin.py:154} INFO - [2023-11-16T06:59:08.580+0000] {dag.py:3722} INFO - Setting next_dagrun for latest_only to 2023-11-16T02:59:08.580527+00:00, run_after=2023-11-16T06:59:08.580527+00:00
[2023-11-16T06:59:08.589+0000] {processor.py:179} INFO - Processing /home/airflow/.local/lib/python3.8/site-packages/airflow/example_dags/example_latest_only.py took 0.048 seconds
[2023-11-16T06:59:39.468+0000] {processor.py:157} INFO - Started process (PID=1840) to work on /home/airflow/.local/lib/python3.8/site-packages/airflow/example_dags/example_latest_only.py
[2023-11-16T06:59:39.469+0000] {processor.py:829} INFO - Processing file /home/airflow/.local/lib/python3.8/site-packages/airflow/example_dags/example_latest_only.py for tasks to queue
[2023-11-16T06:59:39.471+0000] {logging_mixin.py:154} INFO - [2023-11-16T06:59:39.471+0000] {dagbag.py:536} INFO - Filling up the DagBag from /home/airflow/.local/lib/python3.8/site-packages/airflow/example_dags/example_latest_only.py
[2023-11-16T06:59:39.474+0000] {processor.py:839} INFO - DAG(s) dict_keys(['latest_only']) retrieved from /home/airflow/.local/lib/python3.8/site-packages/airflow/example_dags/example_latest_only.py
[2023-11-16T06:59:39.484+0000] {logging_mixin.py:154} INFO - [2023-11-16T06:59:39.484+0000] {dag.py:2941} INFO - Sync 1 DAGs
[2023-11-16T06:59:39.495+0000] {logging_mixin.py:154} INFO - [2023-11-16T06:59:39.495+0000] {dag.py:3722} INFO - Setting next_dagrun for latest_only to 2023-11-16T02:59:39.494906+00:00, run_after=2023-11-16T06:59:39.494906+00:00
[2023-11-16T06:59:39.502+0000] {processor.py:179} INFO - Processing /home/airflow/.local/lib/python3.8/site-packages/airflow/example_dags/example_latest_only.py took 0.036 seconds
[2023-11-16T07:00:09.792+0000] {processor.py:157} INFO - Started process (PID=1894) to work on /home/airflow/.local/lib/python3.8/site-packages/airflow/example_dags/example_latest_only.py
[2023-11-16T07:00:09.793+0000] {processor.py:829} INFO - Processing file /home/airflow/.local/lib/python3.8/site-packages/airflow/example_dags/example_latest_only.py for tasks to queue
[2023-11-16T07:00:09.795+0000] {logging_mixin.py:154} INFO - [2023-11-16T07:00:09.795+0000] {dagbag.py:536} INFO - Filling up the DagBag from /home/airflow/.local/lib/python3.8/site-packages/airflow/example_dags/example_latest_only.py
[2023-11-16T07:00:09.798+0000] {processor.py:839} INFO - DAG(s) dict_keys(['latest_only']) retrieved from /home/airflow/.local/lib/python3.8/site-packages/airflow/example_dags/example_latest_only.py
[2023-11-16T07:00:09.809+0000] {logging_mixin.py:154} INFO - [2023-11-16T07:00:09.809+0000] {dag.py:2941} INFO - Sync 1 DAGs
[2023-11-16T07:00:09.819+0000] {logging_mixin.py:154} INFO - [2023-11-16T07:00:09.819+0000] {dag.py:3722} INFO - Setting next_dagrun for latest_only to 2023-11-16T03:00:09.819616+00:00, run_after=2023-11-16T07:00:09.819616+00:00
[2023-11-16T07:00:09.828+0000] {processor.py:179} INFO - Processing /home/airflow/.local/lib/python3.8/site-packages/airflow/example_dags/example_latest_only.py took 0.038 seconds
[2023-11-16T07:00:39.881+0000] {processor.py:157} INFO - Started process (PID=1948) to work on /home/airflow/.local/lib/python3.8/site-packages/airflow/example_dags/example_latest_only.py
[2023-11-16T07:00:39.881+0000] {processor.py:829} INFO - Processing file /home/airflow/.local/lib/python3.8/site-packages/airflow/example_dags/example_latest_only.py for tasks to queue
[2023-11-16T07:00:39.883+0000] {logging_mixin.py:154} INFO - [2023-11-16T07:00:39.882+0000] {dagbag.py:536} INFO - Filling up the DagBag from /home/airflow/.local/lib/python3.8/site-packages/airflow/example_dags/example_latest_only.py
[2023-11-16T07:00:39.886+0000] {processor.py:839} INFO - DAG(s) dict_keys(['latest_only']) retrieved from /home/airflow/.local/lib/python3.8/site-packages/airflow/example_dags/example_latest_only.py
[2023-11-16T07:00:39.895+0000] {logging_mixin.py:154} INFO - [2023-11-16T07:00:39.895+0000] {dag.py:2941} INFO - Sync 1 DAGs
[2023-11-16T07:00:39.906+0000] {logging_mixin.py:154} INFO - [2023-11-16T07:00:39.906+0000] {dag.py:3722} INFO - Setting next_dagrun for latest_only to 2023-11-16T03:00:39.906269+00:00, run_after=2023-11-16T07:00:39.906269+00:00
[2023-11-16T07:00:39.914+0000] {processor.py:179} INFO - Processing /home/airflow/.local/lib/python3.8/site-packages/airflow/example_dags/example_latest_only.py took 0.036 seconds
[2023-11-16T07:01:10.927+0000] {processor.py:157} INFO - Started process (PID=2002) to work on /home/airflow/.local/lib/python3.8/site-packages/airflow/example_dags/example_latest_only.py
[2023-11-16T07:01:10.928+0000] {processor.py:829} INFO - Processing file /home/airflow/.local/lib/python3.8/site-packages/airflow/example_dags/example_latest_only.py for tasks to queue
[2023-11-16T07:01:10.930+0000] {logging_mixin.py:154} INFO - [2023-11-16T07:01:10.929+0000] {dagbag.py:536} INFO - Filling up the DagBag from /home/airflow/.local/lib/python3.8/site-packages/airflow/example_dags/example_latest_only.py
[2023-11-16T07:01:10.933+0000] {processor.py:839} INFO - DAG(s) dict_keys(['latest_only']) retrieved from /home/airflow/.local/lib/python3.8/site-packages/airflow/example_dags/example_latest_only.py
[2023-11-16T07:01:10.944+0000] {logging_mixin.py:154} INFO - [2023-11-16T07:01:10.943+0000] {dag.py:2941} INFO - Sync 1 DAGs
[2023-11-16T07:01:10.954+0000] {logging_mixin.py:154} INFO - [2023-11-16T07:01:10.954+0000] {dag.py:3722} INFO - Setting next_dagrun for latest_only to 2023-11-16T03:01:10.954478+00:00, run_after=2023-11-16T07:01:10.954478+00:00
[2023-11-16T07:01:10.962+0000] {processor.py:179} INFO - Processing /home/airflow/.local/lib/python3.8/site-packages/airflow/example_dags/example_latest_only.py took 0.038 seconds
[2023-11-16T07:01:41.898+0000] {processor.py:157} INFO - Started process (PID=2056) to work on /home/airflow/.local/lib/python3.8/site-packages/airflow/example_dags/example_latest_only.py
[2023-11-16T07:01:41.899+0000] {processor.py:829} INFO - Processing file /home/airflow/.local/lib/python3.8/site-packages/airflow/example_dags/example_latest_only.py for tasks to queue
[2023-11-16T07:01:41.901+0000] {logging_mixin.py:154} INFO - [2023-11-16T07:01:41.901+0000] {dagbag.py:536} INFO - Filling up the DagBag from /home/airflow/.local/lib/python3.8/site-packages/airflow/example_dags/example_latest_only.py
[2023-11-16T07:01:41.905+0000] {processor.py:839} INFO - DAG(s) dict_keys(['latest_only']) retrieved from /home/airflow/.local/lib/python3.8/site-packages/airflow/example_dags/example_latest_only.py
[2023-11-16T07:01:41.916+0000] {logging_mixin.py:154} INFO - [2023-11-16T07:01:41.916+0000] {dag.py:2941} INFO - Sync 1 DAGs
[2023-11-16T07:01:41.926+0000] {logging_mixin.py:154} INFO - [2023-11-16T07:01:41.925+0000] {dag.py:3722} INFO - Setting next_dagrun for latest_only to 2023-11-16T03:01:41.925819+00:00, run_after=2023-11-16T07:01:41.925819+00:00
[2023-11-16T07:01:41.934+0000] {processor.py:179} INFO - Processing /home/airflow/.local/lib/python3.8/site-packages/airflow/example_dags/example_latest_only.py took 0.037 seconds
[2023-11-16T07:02:12.989+0000] {processor.py:157} INFO - Started process (PID=2115) to work on /home/airflow/.local/lib/python3.8/site-packages/airflow/example_dags/example_latest_only.py
[2023-11-16T07:02:12.990+0000] {processor.py:829} INFO - Processing file /home/airflow/.local/lib/python3.8/site-packages/airflow/example_dags/example_latest_only.py for tasks to queue
[2023-11-16T07:02:12.992+0000] {logging_mixin.py:154} INFO - [2023-11-16T07:02:12.992+0000] {dagbag.py:536} INFO - Filling up the DagBag from /home/airflow/.local/lib/python3.8/site-packages/airflow/example_dags/example_latest_only.py
[2023-11-16T07:02:12.995+0000] {processor.py:839} INFO - DAG(s) dict_keys(['latest_only']) retrieved from /home/airflow/.local/lib/python3.8/site-packages/airflow/example_dags/example_latest_only.py
[2023-11-16T07:02:13.009+0000] {logging_mixin.py:154} INFO - [2023-11-16T07:02:13.009+0000] {dag.py:2941} INFO - Sync 1 DAGs
[2023-11-16T07:02:13.028+0000] {logging_mixin.py:154} INFO - [2023-11-16T07:02:13.028+0000] {dag.py:3722} INFO - Setting next_dagrun for latest_only to 2023-11-16T03:02:13.027795+00:00, run_after=2023-11-16T07:02:13.027795+00:00
[2023-11-16T07:02:13.038+0000] {processor.py:179} INFO - Processing /home/airflow/.local/lib/python3.8/site-packages/airflow/example_dags/example_latest_only.py took 0.052 seconds
[2023-11-16T07:02:43.240+0000] {processor.py:157} INFO - Started process (PID=2169) to work on /home/airflow/.local/lib/python3.8/site-packages/airflow/example_dags/example_latest_only.py
[2023-11-16T07:02:43.241+0000] {processor.py:829} INFO - Processing file /home/airflow/.local/lib/python3.8/site-packages/airflow/example_dags/example_latest_only.py for tasks to queue
[2023-11-16T07:02:43.242+0000] {logging_mixin.py:154} INFO - [2023-11-16T07:02:43.242+0000] {dagbag.py:536} INFO - Filling up the DagBag from /home/airflow/.local/lib/python3.8/site-packages/airflow/example_dags/example_latest_only.py
[2023-11-16T07:02:43.246+0000] {processor.py:839} INFO - DAG(s) dict_keys(['latest_only']) retrieved from /home/airflow/.local/lib/python3.8/site-packages/airflow/example_dags/example_latest_only.py
[2023-11-16T07:02:43.257+0000] {logging_mixin.py:154} INFO - [2023-11-16T07:02:43.257+0000] {dag.py:2941} INFO - Sync 1 DAGs
[2023-11-16T07:02:43.271+0000] {logging_mixin.py:154} INFO - [2023-11-16T07:02:43.271+0000] {dag.py:3722} INFO - Setting next_dagrun for latest_only to 2023-11-16T03:02:43.271438+00:00, run_after=2023-11-16T07:02:43.271438+00:00
[2023-11-16T07:02:43.280+0000] {processor.py:179} INFO - Processing /home/airflow/.local/lib/python3.8/site-packages/airflow/example_dags/example_latest_only.py took 0.042 seconds
[2023-11-16T07:03:13.345+0000] {processor.py:157} INFO - Started process (PID=2223) to work on /home/airflow/.local/lib/python3.8/site-packages/airflow/example_dags/example_latest_only.py
[2023-11-16T07:03:13.346+0000] {processor.py:829} INFO - Processing file /home/airflow/.local/lib/python3.8/site-packages/airflow/example_dags/example_latest_only.py for tasks to queue
[2023-11-16T07:03:13.348+0000] {logging_mixin.py:154} INFO - [2023-11-16T07:03:13.348+0000] {dagbag.py:536} INFO - Filling up the DagBag from /home/airflow/.local/lib/python3.8/site-packages/airflow/example_dags/example_latest_only.py
[2023-11-16T07:03:13.352+0000] {processor.py:839} INFO - DAG(s) dict_keys(['latest_only']) retrieved from /home/airflow/.local/lib/python3.8/site-packages/airflow/example_dags/example_latest_only.py
[2023-11-16T07:03:13.364+0000] {logging_mixin.py:154} INFO - [2023-11-16T07:03:13.364+0000] {dag.py:2941} INFO - Sync 1 DAGs
[2023-11-16T07:03:13.375+0000] {logging_mixin.py:154} INFO - [2023-11-16T07:03:13.375+0000] {dag.py:3722} INFO - Setting next_dagrun for latest_only to 2023-11-16T03:03:13.375662+00:00, run_after=2023-11-16T07:03:13.375662+00:00
[2023-11-16T07:03:13.385+0000] {processor.py:179} INFO - Processing /home/airflow/.local/lib/python3.8/site-packages/airflow/example_dags/example_latest_only.py took 0.042 seconds
[2023-11-16T07:03:43.415+0000] {processor.py:157} INFO - Started process (PID=2277) to work on /home/airflow/.local/lib/python3.8/site-packages/airflow/example_dags/example_latest_only.py
[2023-11-16T07:03:43.416+0000] {processor.py:829} INFO - Processing file /home/airflow/.local/lib/python3.8/site-packages/airflow/example_dags/example_latest_only.py for tasks to queue
[2023-11-16T07:03:43.418+0000] {logging_mixin.py:154} INFO - [2023-11-16T07:03:43.418+0000] {dagbag.py:536} INFO - Filling up the DagBag from /home/airflow/.local/lib/python3.8/site-packages/airflow/example_dags/example_latest_only.py
[2023-11-16T07:03:43.421+0000] {processor.py:839} INFO - DAG(s) dict_keys(['latest_only']) retrieved from /home/airflow/.local/lib/python3.8/site-packages/airflow/example_dags/example_latest_only.py
[2023-11-16T07:03:43.433+0000] {logging_mixin.py:154} INFO - [2023-11-16T07:03:43.433+0000] {dag.py:2941} INFO - Sync 1 DAGs
[2023-11-16T07:03:43.444+0000] {logging_mixin.py:154} INFO - [2023-11-16T07:03:43.444+0000] {dag.py:3722} INFO - Setting next_dagrun for latest_only to 2023-11-16T03:03:43.444546+00:00, run_after=2023-11-16T07:03:43.444546+00:00
[2023-11-16T07:03:43.454+0000] {processor.py:179} INFO - Processing /home/airflow/.local/lib/python3.8/site-packages/airflow/example_dags/example_latest_only.py took 0.041 seconds
[2023-11-16T07:04:13.628+0000] {processor.py:157} INFO - Started process (PID=2331) to work on /home/airflow/.local/lib/python3.8/site-packages/airflow/example_dags/example_latest_only.py
[2023-11-16T07:04:13.629+0000] {processor.py:829} INFO - Processing file /home/airflow/.local/lib/python3.8/site-packages/airflow/example_dags/example_latest_only.py for tasks to queue
[2023-11-16T07:04:13.632+0000] {logging_mixin.py:154} INFO - [2023-11-16T07:04:13.631+0000] {dagbag.py:536} INFO - Filling up the DagBag from /home/airflow/.local/lib/python3.8/site-packages/airflow/example_dags/example_latest_only.py
[2023-11-16T07:04:13.636+0000] {processor.py:839} INFO - DAG(s) dict_keys(['latest_only']) retrieved from /home/airflow/.local/lib/python3.8/site-packages/airflow/example_dags/example_latest_only.py
[2023-11-16T07:04:13.660+0000] {logging_mixin.py:154} INFO - [2023-11-16T07:04:13.660+0000] {dag.py:2941} INFO - Sync 1 DAGs
[2023-11-16T07:04:13.671+0000] {logging_mixin.py:154} INFO - [2023-11-16T07:04:13.671+0000] {dag.py:3722} INFO - Setting next_dagrun for latest_only to 2023-11-16T03:04:13.671665+00:00, run_after=2023-11-16T07:04:13.671665+00:00
[2023-11-16T07:04:13.681+0000] {processor.py:179} INFO - Processing /home/airflow/.local/lib/python3.8/site-packages/airflow/example_dags/example_latest_only.py took 0.056 seconds
[2023-11-16T07:04:44.755+0000] {processor.py:157} INFO - Started process (PID=2385) to work on /home/airflow/.local/lib/python3.8/site-packages/airflow/example_dags/example_latest_only.py
[2023-11-16T07:04:44.756+0000] {processor.py:829} INFO - Processing file /home/airflow/.local/lib/python3.8/site-packages/airflow/example_dags/example_latest_only.py for tasks to queue
[2023-11-16T07:04:44.758+0000] {logging_mixin.py:154} INFO - [2023-11-16T07:04:44.758+0000] {dagbag.py:536} INFO - Filling up the DagBag from /home/airflow/.local/lib/python3.8/site-packages/airflow/example_dags/example_latest_only.py
[2023-11-16T07:04:44.761+0000] {processor.py:839} INFO - DAG(s) dict_keys(['latest_only']) retrieved from /home/airflow/.local/lib/python3.8/site-packages/airflow/example_dags/example_latest_only.py
[2023-11-16T07:04:44.773+0000] {logging_mixin.py:154} INFO - [2023-11-16T07:04:44.773+0000] {dag.py:2941} INFO - Sync 1 DAGs
[2023-11-16T07:04:44.786+0000] {logging_mixin.py:154} INFO - [2023-11-16T07:04:44.786+0000] {dag.py:3722} INFO - Setting next_dagrun for latest_only to 2023-11-16T03:04:44.786395+00:00, run_after=2023-11-16T07:04:44.786395+00:00
[2023-11-16T07:04:44.796+0000] {processor.py:179} INFO - Processing /home/airflow/.local/lib/python3.8/site-packages/airflow/example_dags/example_latest_only.py took 0.042 seconds
[2023-11-16T07:05:15.810+0000] {processor.py:157} INFO - Started process (PID=2439) to work on /home/airflow/.local/lib/python3.8/site-packages/airflow/example_dags/example_latest_only.py
[2023-11-16T07:05:15.811+0000] {processor.py:829} INFO - Processing file /home/airflow/.local/lib/python3.8/site-packages/airflow/example_dags/example_latest_only.py for tasks to queue
[2023-11-16T07:05:15.813+0000] {logging_mixin.py:154} INFO - [2023-11-16T07:05:15.813+0000] {dagbag.py:536} INFO - Filling up the DagBag from /home/airflow/.local/lib/python3.8/site-packages/airflow/example_dags/example_latest_only.py
[2023-11-16T07:05:15.816+0000] {processor.py:839} INFO - DAG(s) dict_keys(['latest_only']) retrieved from /home/airflow/.local/lib/python3.8/site-packages/airflow/example_dags/example_latest_only.py
[2023-11-16T07:05:15.827+0000] {logging_mixin.py:154} INFO - [2023-11-16T07:05:15.827+0000] {dag.py:2941} INFO - Sync 1 DAGs
[2023-11-16T07:05:15.837+0000] {logging_mixin.py:154} INFO - [2023-11-16T07:05:15.837+0000] {dag.py:3722} INFO - Setting next_dagrun for latest_only to 2023-11-16T03:05:15.837255+00:00, run_after=2023-11-16T07:05:15.837255+00:00
[2023-11-16T07:05:15.845+0000] {processor.py:179} INFO - Processing /home/airflow/.local/lib/python3.8/site-packages/airflow/example_dags/example_latest_only.py took 0.037 seconds
[2023-11-16T07:05:46.893+0000] {processor.py:157} INFO - Started process (PID=2493) to work on /home/airflow/.local/lib/python3.8/site-packages/airflow/example_dags/example_latest_only.py
[2023-11-16T07:05:46.894+0000] {processor.py:829} INFO - Processing file /home/airflow/.local/lib/python3.8/site-packages/airflow/example_dags/example_latest_only.py for tasks to queue
[2023-11-16T07:05:46.896+0000] {logging_mixin.py:154} INFO - [2023-11-16T07:05:46.895+0000] {dagbag.py:536} INFO - Filling up the DagBag from /home/airflow/.local/lib/python3.8/site-packages/airflow/example_dags/example_latest_only.py
[2023-11-16T07:05:46.899+0000] {processor.py:839} INFO - DAG(s) dict_keys(['latest_only']) retrieved from /home/airflow/.local/lib/python3.8/site-packages/airflow/example_dags/example_latest_only.py
[2023-11-16T07:05:46.910+0000] {logging_mixin.py:154} INFO - [2023-11-16T07:05:46.910+0000] {dag.py:2941} INFO - Sync 1 DAGs
[2023-11-16T07:05:46.921+0000] {logging_mixin.py:154} INFO - [2023-11-16T07:05:46.921+0000] {dag.py:3722} INFO - Setting next_dagrun for latest_only to 2023-11-16T03:05:46.921308+00:00, run_after=2023-11-16T07:05:46.921308+00:00
[2023-11-16T07:05:46.929+0000] {processor.py:179} INFO - Processing /home/airflow/.local/lib/python3.8/site-packages/airflow/example_dags/example_latest_only.py took 0.040 seconds
