[2023-11-16T06:18:10.355+0000] {processor.py:157} INFO - Started process (PID=40) to work on /home/airflow/.local/lib/python3.8/site-packages/airflow/example_dags/example_bash_operator.py
[2023-11-16T06:18:10.356+0000] {processor.py:829} INFO - Processing file /home/airflow/.local/lib/python3.8/site-packages/airflow/example_dags/example_bash_operator.py for tasks to queue
[2023-11-16T06:18:10.358+0000] {logging_mixin.py:154} INFO - [2023-11-16T06:18:10.358+0000] {dagbag.py:536} INFO - Filling up the DagBag from /home/airflow/.local/lib/python3.8/site-packages/airflow/example_dags/example_bash_operator.py
[2023-11-16T06:18:10.371+0000] {processor.py:839} INFO - DAG(s) dict_keys(['example_bash_operator']) retrieved from /home/airflow/.local/lib/python3.8/site-packages/airflow/example_dags/example_bash_operator.py
[2023-11-16T06:18:10.381+0000] {logging_mixin.py:154} INFO - [2023-11-16T06:18:10.381+0000] {dag.py:2941} INFO - Sync 1 DAGs
[2023-11-16T06:18:10.396+0000] {logging_mixin.py:154} INFO - [2023-11-16T06:18:10.396+0000] {dag.py:3722} INFO - Setting next_dagrun for example_bash_operator to 2023-11-15T00:00:00+00:00, run_after=2023-11-16T00:00:00+00:00
[2023-11-16T06:18:10.417+0000] {processor.py:179} INFO - Processing /home/airflow/.local/lib/python3.8/site-packages/airflow/example_dags/example_bash_operator.py took 0.065 seconds
[2023-11-16T06:18:40.643+0000] {processor.py:157} INFO - Started process (PID=94) to work on /home/airflow/.local/lib/python3.8/site-packages/airflow/example_dags/example_bash_operator.py
[2023-11-16T06:18:40.643+0000] {processor.py:829} INFO - Processing file /home/airflow/.local/lib/python3.8/site-packages/airflow/example_dags/example_bash_operator.py for tasks to queue
[2023-11-16T06:18:40.645+0000] {logging_mixin.py:154} INFO - [2023-11-16T06:18:40.645+0000] {dagbag.py:536} INFO - Filling up the DagBag from /home/airflow/.local/lib/python3.8/site-packages/airflow/example_dags/example_bash_operator.py
[2023-11-16T06:18:40.653+0000] {processor.py:839} INFO - DAG(s) dict_keys(['example_bash_operator']) retrieved from /home/airflow/.local/lib/python3.8/site-packages/airflow/example_dags/example_bash_operator.py
[2023-11-16T06:18:40.668+0000] {logging_mixin.py:154} INFO - [2023-11-16T06:18:40.668+0000] {dag.py:2941} INFO - Sync 1 DAGs
[2023-11-16T06:18:40.681+0000] {logging_mixin.py:154} INFO - [2023-11-16T06:18:40.681+0000] {dag.py:3722} INFO - Setting next_dagrun for example_bash_operator to 2023-11-15T00:00:00+00:00, run_after=2023-11-16T00:00:00+00:00
[2023-11-16T06:18:40.692+0000] {processor.py:179} INFO - Processing /home/airflow/.local/lib/python3.8/site-packages/airflow/example_dags/example_bash_operator.py took 0.052 seconds
[2023-11-16T06:19:10.852+0000] {processor.py:157} INFO - Started process (PID=148) to work on /home/airflow/.local/lib/python3.8/site-packages/airflow/example_dags/example_bash_operator.py
[2023-11-16T06:19:10.853+0000] {processor.py:829} INFO - Processing file /home/airflow/.local/lib/python3.8/site-packages/airflow/example_dags/example_bash_operator.py for tasks to queue
[2023-11-16T06:19:10.855+0000] {logging_mixin.py:154} INFO - [2023-11-16T06:19:10.855+0000] {dagbag.py:536} INFO - Filling up the DagBag from /home/airflow/.local/lib/python3.8/site-packages/airflow/example_dags/example_bash_operator.py
[2023-11-16T06:19:10.862+0000] {processor.py:839} INFO - DAG(s) dict_keys(['example_bash_operator']) retrieved from /home/airflow/.local/lib/python3.8/site-packages/airflow/example_dags/example_bash_operator.py
[2023-11-16T06:19:10.878+0000] {logging_mixin.py:154} INFO - [2023-11-16T06:19:10.878+0000] {dag.py:2941} INFO - Sync 1 DAGs
[2023-11-16T06:19:10.890+0000] {logging_mixin.py:154} INFO - [2023-11-16T06:19:10.890+0000] {dag.py:3722} INFO - Setting next_dagrun for example_bash_operator to 2023-11-15T00:00:00+00:00, run_after=2023-11-16T00:00:00+00:00
[2023-11-16T06:19:10.900+0000] {processor.py:179} INFO - Processing /home/airflow/.local/lib/python3.8/site-packages/airflow/example_dags/example_bash_operator.py took 0.050 seconds
[2023-11-16T06:19:41.241+0000] {processor.py:157} INFO - Started process (PID=202) to work on /home/airflow/.local/lib/python3.8/site-packages/airflow/example_dags/example_bash_operator.py
[2023-11-16T06:19:41.243+0000] {processor.py:829} INFO - Processing file /home/airflow/.local/lib/python3.8/site-packages/airflow/example_dags/example_bash_operator.py for tasks to queue
[2023-11-16T06:19:41.245+0000] {logging_mixin.py:154} INFO - [2023-11-16T06:19:41.245+0000] {dagbag.py:536} INFO - Filling up the DagBag from /home/airflow/.local/lib/python3.8/site-packages/airflow/example_dags/example_bash_operator.py
[2023-11-16T06:19:41.255+0000] {processor.py:839} INFO - DAG(s) dict_keys(['example_bash_operator']) retrieved from /home/airflow/.local/lib/python3.8/site-packages/airflow/example_dags/example_bash_operator.py
[2023-11-16T06:19:41.271+0000] {logging_mixin.py:154} INFO - [2023-11-16T06:19:41.270+0000] {dag.py:2941} INFO - Sync 1 DAGs
[2023-11-16T06:19:41.283+0000] {logging_mixin.py:154} INFO - [2023-11-16T06:19:41.283+0000] {dag.py:3722} INFO - Setting next_dagrun for example_bash_operator to 2023-11-15T00:00:00+00:00, run_after=2023-11-16T00:00:00+00:00
[2023-11-16T06:19:41.294+0000] {processor.py:179} INFO - Processing /home/airflow/.local/lib/python3.8/site-packages/airflow/example_dags/example_bash_operator.py took 0.054 seconds
[2023-11-16T06:20:11.568+0000] {processor.py:157} INFO - Started process (PID=256) to work on /home/airflow/.local/lib/python3.8/site-packages/airflow/example_dags/example_bash_operator.py
[2023-11-16T06:20:11.569+0000] {processor.py:829} INFO - Processing file /home/airflow/.local/lib/python3.8/site-packages/airflow/example_dags/example_bash_operator.py for tasks to queue
[2023-11-16T06:20:11.570+0000] {logging_mixin.py:154} INFO - [2023-11-16T06:20:11.570+0000] {dagbag.py:536} INFO - Filling up the DagBag from /home/airflow/.local/lib/python3.8/site-packages/airflow/example_dags/example_bash_operator.py
[2023-11-16T06:20:11.577+0000] {processor.py:839} INFO - DAG(s) dict_keys(['example_bash_operator']) retrieved from /home/airflow/.local/lib/python3.8/site-packages/airflow/example_dags/example_bash_operator.py
[2023-11-16T06:20:11.593+0000] {logging_mixin.py:154} INFO - [2023-11-16T06:20:11.593+0000] {dag.py:2941} INFO - Sync 1 DAGs
[2023-11-16T06:20:11.607+0000] {logging_mixin.py:154} INFO - [2023-11-16T06:20:11.606+0000] {dag.py:3722} INFO - Setting next_dagrun for example_bash_operator to 2023-11-15T00:00:00+00:00, run_after=2023-11-16T00:00:00+00:00
[2023-11-16T06:20:11.616+0000] {processor.py:179} INFO - Processing /home/airflow/.local/lib/python3.8/site-packages/airflow/example_dags/example_bash_operator.py took 0.050 seconds
[2023-11-16T06:20:42.458+0000] {processor.py:157} INFO - Started process (PID=310) to work on /home/airflow/.local/lib/python3.8/site-packages/airflow/example_dags/example_bash_operator.py
[2023-11-16T06:20:42.459+0000] {processor.py:829} INFO - Processing file /home/airflow/.local/lib/python3.8/site-packages/airflow/example_dags/example_bash_operator.py for tasks to queue
[2023-11-16T06:20:42.460+0000] {logging_mixin.py:154} INFO - [2023-11-16T06:20:42.460+0000] {dagbag.py:536} INFO - Filling up the DagBag from /home/airflow/.local/lib/python3.8/site-packages/airflow/example_dags/example_bash_operator.py
[2023-11-16T06:20:42.469+0000] {processor.py:839} INFO - DAG(s) dict_keys(['example_bash_operator']) retrieved from /home/airflow/.local/lib/python3.8/site-packages/airflow/example_dags/example_bash_operator.py
[2023-11-16T06:20:42.485+0000] {logging_mixin.py:154} INFO - [2023-11-16T06:20:42.485+0000] {dag.py:2941} INFO - Sync 1 DAGs
[2023-11-16T06:20:42.500+0000] {logging_mixin.py:154} INFO - [2023-11-16T06:20:42.500+0000] {dag.py:3722} INFO - Setting next_dagrun for example_bash_operator to 2023-11-15T00:00:00+00:00, run_after=2023-11-16T00:00:00+00:00
[2023-11-16T06:20:42.512+0000] {processor.py:179} INFO - Processing /home/airflow/.local/lib/python3.8/site-packages/airflow/example_dags/example_bash_operator.py took 0.056 seconds
[2023-11-16T06:21:12.569+0000] {processor.py:157} INFO - Started process (PID=364) to work on /home/airflow/.local/lib/python3.8/site-packages/airflow/example_dags/example_bash_operator.py
[2023-11-16T06:21:12.569+0000] {processor.py:829} INFO - Processing file /home/airflow/.local/lib/python3.8/site-packages/airflow/example_dags/example_bash_operator.py for tasks to queue
[2023-11-16T06:21:12.571+0000] {logging_mixin.py:154} INFO - [2023-11-16T06:21:12.571+0000] {dagbag.py:536} INFO - Filling up the DagBag from /home/airflow/.local/lib/python3.8/site-packages/airflow/example_dags/example_bash_operator.py
[2023-11-16T06:21:12.578+0000] {processor.py:839} INFO - DAG(s) dict_keys(['example_bash_operator']) retrieved from /home/airflow/.local/lib/python3.8/site-packages/airflow/example_dags/example_bash_operator.py
[2023-11-16T06:21:12.594+0000] {logging_mixin.py:154} INFO - [2023-11-16T06:21:12.594+0000] {dag.py:2941} INFO - Sync 1 DAGs
[2023-11-16T06:21:12.606+0000] {logging_mixin.py:154} INFO - [2023-11-16T06:21:12.606+0000] {dag.py:3722} INFO - Setting next_dagrun for example_bash_operator to 2023-11-15T00:00:00+00:00, run_after=2023-11-16T00:00:00+00:00
[2023-11-16T06:21:12.616+0000] {processor.py:179} INFO - Processing /home/airflow/.local/lib/python3.8/site-packages/airflow/example_dags/example_bash_operator.py took 0.049 seconds
[2023-11-16T06:21:42.790+0000] {processor.py:157} INFO - Started process (PID=418) to work on /home/airflow/.local/lib/python3.8/site-packages/airflow/example_dags/example_bash_operator.py
[2023-11-16T06:21:42.790+0000] {processor.py:829} INFO - Processing file /home/airflow/.local/lib/python3.8/site-packages/airflow/example_dags/example_bash_operator.py for tasks to queue
[2023-11-16T06:21:42.792+0000] {logging_mixin.py:154} INFO - [2023-11-16T06:21:42.792+0000] {dagbag.py:536} INFO - Filling up the DagBag from /home/airflow/.local/lib/python3.8/site-packages/airflow/example_dags/example_bash_operator.py
[2023-11-16T06:21:42.799+0000] {processor.py:839} INFO - DAG(s) dict_keys(['example_bash_operator']) retrieved from /home/airflow/.local/lib/python3.8/site-packages/airflow/example_dags/example_bash_operator.py
[2023-11-16T06:21:42.820+0000] {logging_mixin.py:154} INFO - [2023-11-16T06:21:42.820+0000] {dag.py:2941} INFO - Sync 1 DAGs
[2023-11-16T06:21:42.837+0000] {logging_mixin.py:154} INFO - [2023-11-16T06:21:42.837+0000] {dag.py:3722} INFO - Setting next_dagrun for example_bash_operator to 2023-11-15T00:00:00+00:00, run_after=2023-11-16T00:00:00+00:00
[2023-11-16T06:21:42.847+0000] {processor.py:179} INFO - Processing /home/airflow/.local/lib/python3.8/site-packages/airflow/example_dags/example_bash_operator.py took 0.059 seconds
[2023-11-16T06:22:13.038+0000] {processor.py:157} INFO - Started process (PID=472) to work on /home/airflow/.local/lib/python3.8/site-packages/airflow/example_dags/example_bash_operator.py
[2023-11-16T06:22:13.039+0000] {processor.py:829} INFO - Processing file /home/airflow/.local/lib/python3.8/site-packages/airflow/example_dags/example_bash_operator.py for tasks to queue
[2023-11-16T06:22:13.041+0000] {logging_mixin.py:154} INFO - [2023-11-16T06:22:13.041+0000] {dagbag.py:536} INFO - Filling up the DagBag from /home/airflow/.local/lib/python3.8/site-packages/airflow/example_dags/example_bash_operator.py
[2023-11-16T06:22:13.048+0000] {processor.py:839} INFO - DAG(s) dict_keys(['example_bash_operator']) retrieved from /home/airflow/.local/lib/python3.8/site-packages/airflow/example_dags/example_bash_operator.py
[2023-11-16T06:22:13.063+0000] {logging_mixin.py:154} INFO - [2023-11-16T06:22:13.063+0000] {dag.py:2941} INFO - Sync 1 DAGs
[2023-11-16T06:22:13.075+0000] {logging_mixin.py:154} INFO - [2023-11-16T06:22:13.075+0000] {dag.py:3722} INFO - Setting next_dagrun for example_bash_operator to 2023-11-15T00:00:00+00:00, run_after=2023-11-16T00:00:00+00:00
[2023-11-16T06:22:13.084+0000] {processor.py:179} INFO - Processing /home/airflow/.local/lib/python3.8/site-packages/airflow/example_dags/example_bash_operator.py took 0.047 seconds
[2023-11-16T06:22:43.177+0000] {processor.py:157} INFO - Started process (PID=526) to work on /home/airflow/.local/lib/python3.8/site-packages/airflow/example_dags/example_bash_operator.py
[2023-11-16T06:22:43.178+0000] {processor.py:829} INFO - Processing file /home/airflow/.local/lib/python3.8/site-packages/airflow/example_dags/example_bash_operator.py for tasks to queue
[2023-11-16T06:22:43.179+0000] {logging_mixin.py:154} INFO - [2023-11-16T06:22:43.179+0000] {dagbag.py:536} INFO - Filling up the DagBag from /home/airflow/.local/lib/python3.8/site-packages/airflow/example_dags/example_bash_operator.py
[2023-11-16T06:22:43.187+0000] {processor.py:839} INFO - DAG(s) dict_keys(['example_bash_operator']) retrieved from /home/airflow/.local/lib/python3.8/site-packages/airflow/example_dags/example_bash_operator.py
[2023-11-16T06:22:43.205+0000] {logging_mixin.py:154} INFO - [2023-11-16T06:22:43.205+0000] {dag.py:2941} INFO - Sync 1 DAGs
[2023-11-16T06:22:43.220+0000] {logging_mixin.py:154} INFO - [2023-11-16T06:22:43.220+0000] {dag.py:3722} INFO - Setting next_dagrun for example_bash_operator to 2023-11-15T00:00:00+00:00, run_after=2023-11-16T00:00:00+00:00
[2023-11-16T06:22:43.233+0000] {processor.py:179} INFO - Processing /home/airflow/.local/lib/python3.8/site-packages/airflow/example_dags/example_bash_operator.py took 0.058 seconds
[2023-11-16T06:23:14.284+0000] {processor.py:157} INFO - Started process (PID=580) to work on /home/airflow/.local/lib/python3.8/site-packages/airflow/example_dags/example_bash_operator.py
[2023-11-16T06:23:14.285+0000] {processor.py:829} INFO - Processing file /home/airflow/.local/lib/python3.8/site-packages/airflow/example_dags/example_bash_operator.py for tasks to queue
[2023-11-16T06:23:14.288+0000] {logging_mixin.py:154} INFO - [2023-11-16T06:23:14.287+0000] {dagbag.py:536} INFO - Filling up the DagBag from /home/airflow/.local/lib/python3.8/site-packages/airflow/example_dags/example_bash_operator.py
[2023-11-16T06:23:14.295+0000] {processor.py:839} INFO - DAG(s) dict_keys(['example_bash_operator']) retrieved from /home/airflow/.local/lib/python3.8/site-packages/airflow/example_dags/example_bash_operator.py
[2023-11-16T06:23:14.322+0000] {logging_mixin.py:154} INFO - [2023-11-16T06:23:14.321+0000] {dag.py:2941} INFO - Sync 1 DAGs
[2023-11-16T06:23:14.352+0000] {logging_mixin.py:154} INFO - [2023-11-16T06:23:14.352+0000] {dag.py:3722} INFO - Setting next_dagrun for example_bash_operator to 2023-11-15T00:00:00+00:00, run_after=2023-11-16T00:00:00+00:00
[2023-11-16T06:23:14.371+0000] {processor.py:179} INFO - Processing /home/airflow/.local/lib/python3.8/site-packages/airflow/example_dags/example_bash_operator.py took 0.091 seconds
[2023-11-16T06:23:44.697+0000] {processor.py:157} INFO - Started process (PID=634) to work on /home/airflow/.local/lib/python3.8/site-packages/airflow/example_dags/example_bash_operator.py
[2023-11-16T06:23:44.698+0000] {processor.py:829} INFO - Processing file /home/airflow/.local/lib/python3.8/site-packages/airflow/example_dags/example_bash_operator.py for tasks to queue
[2023-11-16T06:23:44.700+0000] {logging_mixin.py:154} INFO - [2023-11-16T06:23:44.700+0000] {dagbag.py:536} INFO - Filling up the DagBag from /home/airflow/.local/lib/python3.8/site-packages/airflow/example_dags/example_bash_operator.py
[2023-11-16T06:23:44.706+0000] {processor.py:839} INFO - DAG(s) dict_keys(['example_bash_operator']) retrieved from /home/airflow/.local/lib/python3.8/site-packages/airflow/example_dags/example_bash_operator.py
[2023-11-16T06:23:44.720+0000] {logging_mixin.py:154} INFO - [2023-11-16T06:23:44.720+0000] {dag.py:2941} INFO - Sync 1 DAGs
[2023-11-16T06:23:44.733+0000] {logging_mixin.py:154} INFO - [2023-11-16T06:23:44.733+0000] {dag.py:3722} INFO - Setting next_dagrun for example_bash_operator to 2023-11-15T00:00:00+00:00, run_after=2023-11-16T00:00:00+00:00
[2023-11-16T06:23:44.742+0000] {processor.py:179} INFO - Processing /home/airflow/.local/lib/python3.8/site-packages/airflow/example_dags/example_bash_operator.py took 0.047 seconds
[2023-11-16T06:24:14.962+0000] {processor.py:157} INFO - Started process (PID=688) to work on /home/airflow/.local/lib/python3.8/site-packages/airflow/example_dags/example_bash_operator.py
[2023-11-16T06:24:14.963+0000] {processor.py:829} INFO - Processing file /home/airflow/.local/lib/python3.8/site-packages/airflow/example_dags/example_bash_operator.py for tasks to queue
[2023-11-16T06:24:14.965+0000] {logging_mixin.py:154} INFO - [2023-11-16T06:24:14.965+0000] {dagbag.py:536} INFO - Filling up the DagBag from /home/airflow/.local/lib/python3.8/site-packages/airflow/example_dags/example_bash_operator.py
[2023-11-16T06:24:14.972+0000] {processor.py:839} INFO - DAG(s) dict_keys(['example_bash_operator']) retrieved from /home/airflow/.local/lib/python3.8/site-packages/airflow/example_dags/example_bash_operator.py
[2023-11-16T06:24:14.989+0000] {logging_mixin.py:154} INFO - [2023-11-16T06:24:14.989+0000] {dag.py:2941} INFO - Sync 1 DAGs
[2023-11-16T06:24:15.001+0000] {logging_mixin.py:154} INFO - [2023-11-16T06:24:15.001+0000] {dag.py:3722} INFO - Setting next_dagrun for example_bash_operator to 2023-11-15T00:00:00+00:00, run_after=2023-11-16T00:00:00+00:00
[2023-11-16T06:24:15.012+0000] {processor.py:179} INFO - Processing /home/airflow/.local/lib/python3.8/site-packages/airflow/example_dags/example_bash_operator.py took 0.052 seconds
[2023-11-16T06:24:45.174+0000] {processor.py:157} INFO - Started process (PID=742) to work on /home/airflow/.local/lib/python3.8/site-packages/airflow/example_dags/example_bash_operator.py
[2023-11-16T06:24:45.175+0000] {processor.py:829} INFO - Processing file /home/airflow/.local/lib/python3.8/site-packages/airflow/example_dags/example_bash_operator.py for tasks to queue
[2023-11-16T06:24:45.177+0000] {logging_mixin.py:154} INFO - [2023-11-16T06:24:45.177+0000] {dagbag.py:536} INFO - Filling up the DagBag from /home/airflow/.local/lib/python3.8/site-packages/airflow/example_dags/example_bash_operator.py
[2023-11-16T06:24:45.184+0000] {processor.py:839} INFO - DAG(s) dict_keys(['example_bash_operator']) retrieved from /home/airflow/.local/lib/python3.8/site-packages/airflow/example_dags/example_bash_operator.py
[2023-11-16T06:24:45.200+0000] {logging_mixin.py:154} INFO - [2023-11-16T06:24:45.200+0000] {dag.py:2941} INFO - Sync 1 DAGs
[2023-11-16T06:24:45.215+0000] {logging_mixin.py:154} INFO - [2023-11-16T06:24:45.215+0000] {dag.py:3722} INFO - Setting next_dagrun for example_bash_operator to 2023-11-15T00:00:00+00:00, run_after=2023-11-16T00:00:00+00:00
[2023-11-16T06:24:45.224+0000] {processor.py:179} INFO - Processing /home/airflow/.local/lib/python3.8/site-packages/airflow/example_dags/example_bash_operator.py took 0.052 seconds
[2023-11-16T06:25:15.516+0000] {processor.py:157} INFO - Started process (PID=796) to work on /home/airflow/.local/lib/python3.8/site-packages/airflow/example_dags/example_bash_operator.py
[2023-11-16T06:25:15.517+0000] {processor.py:829} INFO - Processing file /home/airflow/.local/lib/python3.8/site-packages/airflow/example_dags/example_bash_operator.py for tasks to queue
[2023-11-16T06:25:15.519+0000] {logging_mixin.py:154} INFO - [2023-11-16T06:25:15.519+0000] {dagbag.py:536} INFO - Filling up the DagBag from /home/airflow/.local/lib/python3.8/site-packages/airflow/example_dags/example_bash_operator.py
[2023-11-16T06:25:15.526+0000] {processor.py:839} INFO - DAG(s) dict_keys(['example_bash_operator']) retrieved from /home/airflow/.local/lib/python3.8/site-packages/airflow/example_dags/example_bash_operator.py
[2023-11-16T06:25:15.545+0000] {logging_mixin.py:154} INFO - [2023-11-16T06:25:15.545+0000] {dag.py:2941} INFO - Sync 1 DAGs
[2023-11-16T06:25:15.560+0000] {logging_mixin.py:154} INFO - [2023-11-16T06:25:15.560+0000] {dag.py:3722} INFO - Setting next_dagrun for example_bash_operator to 2023-11-15T00:00:00+00:00, run_after=2023-11-16T00:00:00+00:00
[2023-11-16T06:25:15.584+0000] {processor.py:179} INFO - Processing /home/airflow/.local/lib/python3.8/site-packages/airflow/example_dags/example_bash_operator.py took 0.071 seconds
[2023-11-16T06:25:46.178+0000] {processor.py:157} INFO - Started process (PID=850) to work on /home/airflow/.local/lib/python3.8/site-packages/airflow/example_dags/example_bash_operator.py
[2023-11-16T06:25:46.178+0000] {processor.py:829} INFO - Processing file /home/airflow/.local/lib/python3.8/site-packages/airflow/example_dags/example_bash_operator.py for tasks to queue
[2023-11-16T06:25:46.180+0000] {logging_mixin.py:154} INFO - [2023-11-16T06:25:46.180+0000] {dagbag.py:536} INFO - Filling up the DagBag from /home/airflow/.local/lib/python3.8/site-packages/airflow/example_dags/example_bash_operator.py
[2023-11-16T06:25:46.188+0000] {processor.py:839} INFO - DAG(s) dict_keys(['example_bash_operator']) retrieved from /home/airflow/.local/lib/python3.8/site-packages/airflow/example_dags/example_bash_operator.py
[2023-11-16T06:25:46.203+0000] {logging_mixin.py:154} INFO - [2023-11-16T06:25:46.203+0000] {dag.py:2941} INFO - Sync 1 DAGs
[2023-11-16T06:25:46.216+0000] {logging_mixin.py:154} INFO - [2023-11-16T06:25:46.216+0000] {dag.py:3722} INFO - Setting next_dagrun for example_bash_operator to 2023-11-15T00:00:00+00:00, run_after=2023-11-16T00:00:00+00:00
[2023-11-16T06:25:46.226+0000] {processor.py:179} INFO - Processing /home/airflow/.local/lib/python3.8/site-packages/airflow/example_dags/example_bash_operator.py took 0.050 seconds
[2023-11-16T06:26:16.694+0000] {processor.py:157} INFO - Started process (PID=904) to work on /home/airflow/.local/lib/python3.8/site-packages/airflow/example_dags/example_bash_operator.py
[2023-11-16T06:26:16.694+0000] {processor.py:829} INFO - Processing file /home/airflow/.local/lib/python3.8/site-packages/airflow/example_dags/example_bash_operator.py for tasks to queue
[2023-11-16T06:26:16.697+0000] {logging_mixin.py:154} INFO - [2023-11-16T06:26:16.697+0000] {dagbag.py:536} INFO - Filling up the DagBag from /home/airflow/.local/lib/python3.8/site-packages/airflow/example_dags/example_bash_operator.py
[2023-11-16T06:26:16.704+0000] {processor.py:839} INFO - DAG(s) dict_keys(['example_bash_operator']) retrieved from /home/airflow/.local/lib/python3.8/site-packages/airflow/example_dags/example_bash_operator.py
[2023-11-16T06:26:16.720+0000] {logging_mixin.py:154} INFO - [2023-11-16T06:26:16.720+0000] {dag.py:2941} INFO - Sync 1 DAGs
[2023-11-16T06:26:16.733+0000] {logging_mixin.py:154} INFO - [2023-11-16T06:26:16.733+0000] {dag.py:3722} INFO - Setting next_dagrun for example_bash_operator to 2023-11-15T00:00:00+00:00, run_after=2023-11-16T00:00:00+00:00
[2023-11-16T06:26:16.744+0000] {processor.py:179} INFO - Processing /home/airflow/.local/lib/python3.8/site-packages/airflow/example_dags/example_bash_operator.py took 0.053 seconds
[2023-11-16T06:26:47.472+0000] {processor.py:157} INFO - Started process (PID=958) to work on /home/airflow/.local/lib/python3.8/site-packages/airflow/example_dags/example_bash_operator.py
[2023-11-16T06:26:47.473+0000] {processor.py:829} INFO - Processing file /home/airflow/.local/lib/python3.8/site-packages/airflow/example_dags/example_bash_operator.py for tasks to queue
[2023-11-16T06:26:47.475+0000] {logging_mixin.py:154} INFO - [2023-11-16T06:26:47.475+0000] {dagbag.py:536} INFO - Filling up the DagBag from /home/airflow/.local/lib/python3.8/site-packages/airflow/example_dags/example_bash_operator.py
[2023-11-16T06:26:47.489+0000] {processor.py:839} INFO - DAG(s) dict_keys(['example_bash_operator']) retrieved from /home/airflow/.local/lib/python3.8/site-packages/airflow/example_dags/example_bash_operator.py
[2023-11-16T06:26:47.527+0000] {logging_mixin.py:154} INFO - [2023-11-16T06:26:47.527+0000] {dag.py:2941} INFO - Sync 1 DAGs
[2023-11-16T06:26:47.652+0000] {logging_mixin.py:154} INFO - [2023-11-16T06:26:47.652+0000] {dag.py:3722} INFO - Setting next_dagrun for example_bash_operator to 2023-11-15T00:00:00+00:00, run_after=2023-11-16T00:00:00+00:00
[2023-11-16T06:26:47.660+0000] {processor.py:179} INFO - Processing /home/airflow/.local/lib/python3.8/site-packages/airflow/example_dags/example_bash_operator.py took 0.192 seconds
[2023-11-16T06:27:18.323+0000] {processor.py:157} INFO - Started process (PID=1012) to work on /home/airflow/.local/lib/python3.8/site-packages/airflow/example_dags/example_bash_operator.py
[2023-11-16T06:27:18.325+0000] {processor.py:829} INFO - Processing file /home/airflow/.local/lib/python3.8/site-packages/airflow/example_dags/example_bash_operator.py for tasks to queue
[2023-11-16T06:27:18.327+0000] {logging_mixin.py:154} INFO - [2023-11-16T06:27:18.327+0000] {dagbag.py:536} INFO - Filling up the DagBag from /home/airflow/.local/lib/python3.8/site-packages/airflow/example_dags/example_bash_operator.py
[2023-11-16T06:27:18.337+0000] {processor.py:839} INFO - DAG(s) dict_keys(['example_bash_operator']) retrieved from /home/airflow/.local/lib/python3.8/site-packages/airflow/example_dags/example_bash_operator.py
[2023-11-16T06:27:18.372+0000] {logging_mixin.py:154} INFO - [2023-11-16T06:27:18.372+0000] {dag.py:2941} INFO - Sync 1 DAGs
[2023-11-16T06:27:18.391+0000] {logging_mixin.py:154} INFO - [2023-11-16T06:27:18.391+0000] {dag.py:3722} INFO - Setting next_dagrun for example_bash_operator to 2023-11-15T00:00:00+00:00, run_after=2023-11-16T00:00:00+00:00
[2023-11-16T06:27:18.550+0000] {processor.py:179} INFO - Processing /home/airflow/.local/lib/python3.8/site-packages/airflow/example_dags/example_bash_operator.py took 0.229 seconds
[2023-11-16T06:27:48.683+0000] {processor.py:157} INFO - Started process (PID=1066) to work on /home/airflow/.local/lib/python3.8/site-packages/airflow/example_dags/example_bash_operator.py
[2023-11-16T06:27:48.684+0000] {processor.py:829} INFO - Processing file /home/airflow/.local/lib/python3.8/site-packages/airflow/example_dags/example_bash_operator.py for tasks to queue
[2023-11-16T06:27:48.685+0000] {logging_mixin.py:154} INFO - [2023-11-16T06:27:48.685+0000] {dagbag.py:536} INFO - Filling up the DagBag from /home/airflow/.local/lib/python3.8/site-packages/airflow/example_dags/example_bash_operator.py
[2023-11-16T06:27:48.692+0000] {processor.py:839} INFO - DAG(s) dict_keys(['example_bash_operator']) retrieved from /home/airflow/.local/lib/python3.8/site-packages/airflow/example_dags/example_bash_operator.py
[2023-11-16T06:27:48.707+0000] {logging_mixin.py:154} INFO - [2023-11-16T06:27:48.707+0000] {dag.py:2941} INFO - Sync 1 DAGs
[2023-11-16T06:27:48.719+0000] {logging_mixin.py:154} INFO - [2023-11-16T06:27:48.719+0000] {dag.py:3722} INFO - Setting next_dagrun for example_bash_operator to 2023-11-15T00:00:00+00:00, run_after=2023-11-16T00:00:00+00:00
[2023-11-16T06:27:48.728+0000] {processor.py:179} INFO - Processing /home/airflow/.local/lib/python3.8/site-packages/airflow/example_dags/example_bash_operator.py took 0.048 seconds
[2023-11-16T06:28:19.169+0000] {processor.py:157} INFO - Started process (PID=1120) to work on /home/airflow/.local/lib/python3.8/site-packages/airflow/example_dags/example_bash_operator.py
[2023-11-16T06:28:19.170+0000] {processor.py:829} INFO - Processing file /home/airflow/.local/lib/python3.8/site-packages/airflow/example_dags/example_bash_operator.py for tasks to queue
[2023-11-16T06:28:19.171+0000] {logging_mixin.py:154} INFO - [2023-11-16T06:28:19.171+0000] {dagbag.py:536} INFO - Filling up the DagBag from /home/airflow/.local/lib/python3.8/site-packages/airflow/example_dags/example_bash_operator.py
[2023-11-16T06:28:19.178+0000] {processor.py:839} INFO - DAG(s) dict_keys(['example_bash_operator']) retrieved from /home/airflow/.local/lib/python3.8/site-packages/airflow/example_dags/example_bash_operator.py
[2023-11-16T06:28:19.192+0000] {logging_mixin.py:154} INFO - [2023-11-16T06:28:19.192+0000] {dag.py:2941} INFO - Sync 1 DAGs
[2023-11-16T06:28:19.205+0000] {logging_mixin.py:154} INFO - [2023-11-16T06:28:19.205+0000] {dag.py:3722} INFO - Setting next_dagrun for example_bash_operator to 2023-11-15T00:00:00+00:00, run_after=2023-11-16T00:00:00+00:00
[2023-11-16T06:28:19.214+0000] {processor.py:179} INFO - Processing /home/airflow/.local/lib/python3.8/site-packages/airflow/example_dags/example_bash_operator.py took 0.047 seconds
[2023-11-16T06:28:49.853+0000] {processor.py:157} INFO - Started process (PID=1174) to work on /home/airflow/.local/lib/python3.8/site-packages/airflow/example_dags/example_bash_operator.py
[2023-11-16T06:28:49.854+0000] {processor.py:829} INFO - Processing file /home/airflow/.local/lib/python3.8/site-packages/airflow/example_dags/example_bash_operator.py for tasks to queue
[2023-11-16T06:28:49.856+0000] {logging_mixin.py:154} INFO - [2023-11-16T06:28:49.856+0000] {dagbag.py:536} INFO - Filling up the DagBag from /home/airflow/.local/lib/python3.8/site-packages/airflow/example_dags/example_bash_operator.py
[2023-11-16T06:28:49.864+0000] {processor.py:839} INFO - DAG(s) dict_keys(['example_bash_operator']) retrieved from /home/airflow/.local/lib/python3.8/site-packages/airflow/example_dags/example_bash_operator.py
[2023-11-16T06:28:49.881+0000] {logging_mixin.py:154} INFO - [2023-11-16T06:28:49.881+0000] {dag.py:2941} INFO - Sync 1 DAGs
[2023-11-16T06:28:49.894+0000] {logging_mixin.py:154} INFO - [2023-11-16T06:28:49.894+0000] {dag.py:3722} INFO - Setting next_dagrun for example_bash_operator to 2023-11-15T00:00:00+00:00, run_after=2023-11-16T00:00:00+00:00
[2023-11-16T06:28:49.905+0000] {processor.py:179} INFO - Processing /home/airflow/.local/lib/python3.8/site-packages/airflow/example_dags/example_bash_operator.py took 0.054 seconds
[2023-11-16T06:29:20.283+0000] {processor.py:157} INFO - Started process (PID=1228) to work on /home/airflow/.local/lib/python3.8/site-packages/airflow/example_dags/example_bash_operator.py
[2023-11-16T06:29:20.284+0000] {processor.py:829} INFO - Processing file /home/airflow/.local/lib/python3.8/site-packages/airflow/example_dags/example_bash_operator.py for tasks to queue
[2023-11-16T06:29:20.285+0000] {logging_mixin.py:154} INFO - [2023-11-16T06:29:20.285+0000] {dagbag.py:536} INFO - Filling up the DagBag from /home/airflow/.local/lib/python3.8/site-packages/airflow/example_dags/example_bash_operator.py
[2023-11-16T06:29:20.292+0000] {processor.py:839} INFO - DAG(s) dict_keys(['example_bash_operator']) retrieved from /home/airflow/.local/lib/python3.8/site-packages/airflow/example_dags/example_bash_operator.py
[2023-11-16T06:29:20.308+0000] {logging_mixin.py:154} INFO - [2023-11-16T06:29:20.308+0000] {dag.py:2941} INFO - Sync 1 DAGs
[2023-11-16T06:29:20.413+0000] {logging_mixin.py:154} INFO - [2023-11-16T06:29:20.413+0000] {dag.py:3722} INFO - Setting next_dagrun for example_bash_operator to 2023-11-15T00:00:00+00:00, run_after=2023-11-16T00:00:00+00:00
[2023-11-16T06:29:20.422+0000] {processor.py:179} INFO - Processing /home/airflow/.local/lib/python3.8/site-packages/airflow/example_dags/example_bash_operator.py took 0.142 seconds
[2023-11-16T06:29:51.586+0000] {processor.py:157} INFO - Started process (PID=1282) to work on /home/airflow/.local/lib/python3.8/site-packages/airflow/example_dags/example_bash_operator.py
[2023-11-16T06:29:51.587+0000] {processor.py:829} INFO - Processing file /home/airflow/.local/lib/python3.8/site-packages/airflow/example_dags/example_bash_operator.py for tasks to queue
[2023-11-16T06:29:51.589+0000] {logging_mixin.py:154} INFO - [2023-11-16T06:29:51.589+0000] {dagbag.py:536} INFO - Filling up the DagBag from /home/airflow/.local/lib/python3.8/site-packages/airflow/example_dags/example_bash_operator.py
[2023-11-16T06:29:51.595+0000] {processor.py:839} INFO - DAG(s) dict_keys(['example_bash_operator']) retrieved from /home/airflow/.local/lib/python3.8/site-packages/airflow/example_dags/example_bash_operator.py
[2023-11-16T06:29:51.612+0000] {logging_mixin.py:154} INFO - [2023-11-16T06:29:51.612+0000] {dag.py:2941} INFO - Sync 1 DAGs
[2023-11-16T06:29:51.626+0000] {logging_mixin.py:154} INFO - [2023-11-16T06:29:51.626+0000] {dag.py:3722} INFO - Setting next_dagrun for example_bash_operator to 2023-11-15T00:00:00+00:00, run_after=2023-11-16T00:00:00+00:00
[2023-11-16T06:29:51.740+0000] {processor.py:179} INFO - Processing /home/airflow/.local/lib/python3.8/site-packages/airflow/example_dags/example_bash_operator.py took 0.156 seconds
[2023-11-16T06:30:22.168+0000] {processor.py:157} INFO - Started process (PID=1336) to work on /home/airflow/.local/lib/python3.8/site-packages/airflow/example_dags/example_bash_operator.py
[2023-11-16T06:30:22.169+0000] {processor.py:829} INFO - Processing file /home/airflow/.local/lib/python3.8/site-packages/airflow/example_dags/example_bash_operator.py for tasks to queue
[2023-11-16T06:30:22.171+0000] {logging_mixin.py:154} INFO - [2023-11-16T06:30:22.171+0000] {dagbag.py:536} INFO - Filling up the DagBag from /home/airflow/.local/lib/python3.8/site-packages/airflow/example_dags/example_bash_operator.py
[2023-11-16T06:30:22.178+0000] {processor.py:839} INFO - DAG(s) dict_keys(['example_bash_operator']) retrieved from /home/airflow/.local/lib/python3.8/site-packages/airflow/example_dags/example_bash_operator.py
[2023-11-16T06:30:22.194+0000] {logging_mixin.py:154} INFO - [2023-11-16T06:30:22.194+0000] {dag.py:2941} INFO - Sync 1 DAGs
[2023-11-16T06:30:22.208+0000] {logging_mixin.py:154} INFO - [2023-11-16T06:30:22.208+0000] {dag.py:3722} INFO - Setting next_dagrun for example_bash_operator to 2023-11-15T00:00:00+00:00, run_after=2023-11-16T00:00:00+00:00
[2023-11-16T06:30:22.219+0000] {processor.py:179} INFO - Processing /home/airflow/.local/lib/python3.8/site-packages/airflow/example_dags/example_bash_operator.py took 0.053 seconds
[2023-11-16T06:30:53.183+0000] {processor.py:157} INFO - Started process (PID=1390) to work on /home/airflow/.local/lib/python3.8/site-packages/airflow/example_dags/example_bash_operator.py
[2023-11-16T06:30:53.184+0000] {processor.py:829} INFO - Processing file /home/airflow/.local/lib/python3.8/site-packages/airflow/example_dags/example_bash_operator.py for tasks to queue
[2023-11-16T06:30:53.187+0000] {logging_mixin.py:154} INFO - [2023-11-16T06:30:53.186+0000] {dagbag.py:536} INFO - Filling up the DagBag from /home/airflow/.local/lib/python3.8/site-packages/airflow/example_dags/example_bash_operator.py
[2023-11-16T06:30:53.194+0000] {processor.py:839} INFO - DAG(s) dict_keys(['example_bash_operator']) retrieved from /home/airflow/.local/lib/python3.8/site-packages/airflow/example_dags/example_bash_operator.py
[2023-11-16T06:30:53.211+0000] {logging_mixin.py:154} INFO - [2023-11-16T06:30:53.211+0000] {dag.py:2941} INFO - Sync 1 DAGs
[2023-11-16T06:30:53.226+0000] {logging_mixin.py:154} INFO - [2023-11-16T06:30:53.226+0000] {dag.py:3722} INFO - Setting next_dagrun for example_bash_operator to 2023-11-15T00:00:00+00:00, run_after=2023-11-16T00:00:00+00:00
[2023-11-16T06:30:53.238+0000] {processor.py:179} INFO - Processing /home/airflow/.local/lib/python3.8/site-packages/airflow/example_dags/example_bash_operator.py took 0.058 seconds
[2023-11-16T06:31:24.101+0000] {processor.py:157} INFO - Started process (PID=1444) to work on /home/airflow/.local/lib/python3.8/site-packages/airflow/example_dags/example_bash_operator.py
[2023-11-16T06:31:24.102+0000] {processor.py:829} INFO - Processing file /home/airflow/.local/lib/python3.8/site-packages/airflow/example_dags/example_bash_operator.py for tasks to queue
[2023-11-16T06:31:24.104+0000] {logging_mixin.py:154} INFO - [2023-11-16T06:31:24.104+0000] {dagbag.py:536} INFO - Filling up the DagBag from /home/airflow/.local/lib/python3.8/site-packages/airflow/example_dags/example_bash_operator.py
[2023-11-16T06:31:24.118+0000] {processor.py:839} INFO - DAG(s) dict_keys(['example_bash_operator']) retrieved from /home/airflow/.local/lib/python3.8/site-packages/airflow/example_dags/example_bash_operator.py
[2023-11-16T06:31:24.134+0000] {logging_mixin.py:154} INFO - [2023-11-16T06:31:24.134+0000] {dag.py:2941} INFO - Sync 1 DAGs
[2023-11-16T06:31:24.146+0000] {logging_mixin.py:154} INFO - [2023-11-16T06:31:24.146+0000] {dag.py:3722} INFO - Setting next_dagrun for example_bash_operator to 2023-11-15T00:00:00+00:00, run_after=2023-11-16T00:00:00+00:00
[2023-11-16T06:31:24.155+0000] {processor.py:179} INFO - Processing /home/airflow/.local/lib/python3.8/site-packages/airflow/example_dags/example_bash_operator.py took 0.056 seconds
[2023-11-16T06:42:46.650+0000] {processor.py:157} INFO - Started process (PID=40) to work on /home/airflow/.local/lib/python3.8/site-packages/airflow/example_dags/example_bash_operator.py
[2023-11-16T06:42:46.652+0000] {processor.py:829} INFO - Processing file /home/airflow/.local/lib/python3.8/site-packages/airflow/example_dags/example_bash_operator.py for tasks to queue
[2023-11-16T06:42:46.655+0000] {logging_mixin.py:154} INFO - [2023-11-16T06:42:46.655+0000] {dagbag.py:536} INFO - Filling up the DagBag from /home/airflow/.local/lib/python3.8/site-packages/airflow/example_dags/example_bash_operator.py
[2023-11-16T06:42:46.669+0000] {processor.py:839} INFO - DAG(s) dict_keys(['example_bash_operator']) retrieved from /home/airflow/.local/lib/python3.8/site-packages/airflow/example_dags/example_bash_operator.py
[2023-11-16T06:42:46.684+0000] {logging_mixin.py:154} INFO - [2023-11-16T06:42:46.684+0000] {dag.py:2941} INFO - Sync 1 DAGs
[2023-11-16T06:42:46.729+0000] {logging_mixin.py:154} INFO - [2023-11-16T06:42:46.729+0000] {dag.py:3722} INFO - Setting next_dagrun for example_bash_operator to 2023-11-15T00:00:00+00:00, run_after=2023-11-16T00:00:00+00:00
[2023-11-16T06:42:46.745+0000] {processor.py:179} INFO - Processing /home/airflow/.local/lib/python3.8/site-packages/airflow/example_dags/example_bash_operator.py took 0.100 seconds
[2023-11-16T06:43:17.531+0000] {processor.py:157} INFO - Started process (PID=94) to work on /home/airflow/.local/lib/python3.8/site-packages/airflow/example_dags/example_bash_operator.py
[2023-11-16T06:43:17.532+0000] {processor.py:829} INFO - Processing file /home/airflow/.local/lib/python3.8/site-packages/airflow/example_dags/example_bash_operator.py for tasks to queue
[2023-11-16T06:43:17.534+0000] {logging_mixin.py:154} INFO - [2023-11-16T06:43:17.533+0000] {dagbag.py:536} INFO - Filling up the DagBag from /home/airflow/.local/lib/python3.8/site-packages/airflow/example_dags/example_bash_operator.py
[2023-11-16T06:43:17.540+0000] {processor.py:839} INFO - DAG(s) dict_keys(['example_bash_operator']) retrieved from /home/airflow/.local/lib/python3.8/site-packages/airflow/example_dags/example_bash_operator.py
[2023-11-16T06:43:17.554+0000] {logging_mixin.py:154} INFO - [2023-11-16T06:43:17.554+0000] {dag.py:2941} INFO - Sync 1 DAGs
[2023-11-16T06:43:17.567+0000] {logging_mixin.py:154} INFO - [2023-11-16T06:43:17.567+0000] {dag.py:3722} INFO - Setting next_dagrun for example_bash_operator to 2023-11-15T00:00:00+00:00, run_after=2023-11-16T00:00:00+00:00
[2023-11-16T06:43:17.577+0000] {processor.py:179} INFO - Processing /home/airflow/.local/lib/python3.8/site-packages/airflow/example_dags/example_bash_operator.py took 0.048 seconds
[2023-11-16T06:43:48.041+0000] {processor.py:157} INFO - Started process (PID=148) to work on /home/airflow/.local/lib/python3.8/site-packages/airflow/example_dags/example_bash_operator.py
[2023-11-16T06:43:48.041+0000] {processor.py:829} INFO - Processing file /home/airflow/.local/lib/python3.8/site-packages/airflow/example_dags/example_bash_operator.py for tasks to queue
[2023-11-16T06:43:48.043+0000] {logging_mixin.py:154} INFO - [2023-11-16T06:43:48.043+0000] {dagbag.py:536} INFO - Filling up the DagBag from /home/airflow/.local/lib/python3.8/site-packages/airflow/example_dags/example_bash_operator.py
[2023-11-16T06:43:48.050+0000] {processor.py:839} INFO - DAG(s) dict_keys(['example_bash_operator']) retrieved from /home/airflow/.local/lib/python3.8/site-packages/airflow/example_dags/example_bash_operator.py
[2023-11-16T06:43:48.065+0000] {logging_mixin.py:154} INFO - [2023-11-16T06:43:48.065+0000] {dag.py:2941} INFO - Sync 1 DAGs
[2023-11-16T06:43:48.077+0000] {logging_mixin.py:154} INFO - [2023-11-16T06:43:48.077+0000] {dag.py:3722} INFO - Setting next_dagrun for example_bash_operator to 2023-11-15T00:00:00+00:00, run_after=2023-11-16T00:00:00+00:00
[2023-11-16T06:43:48.088+0000] {processor.py:179} INFO - Processing /home/airflow/.local/lib/python3.8/site-packages/airflow/example_dags/example_bash_operator.py took 0.049 seconds
[2023-11-16T06:44:18.937+0000] {processor.py:157} INFO - Started process (PID=202) to work on /home/airflow/.local/lib/python3.8/site-packages/airflow/example_dags/example_bash_operator.py
[2023-11-16T06:44:18.938+0000] {processor.py:829} INFO - Processing file /home/airflow/.local/lib/python3.8/site-packages/airflow/example_dags/example_bash_operator.py for tasks to queue
[2023-11-16T06:44:18.940+0000] {logging_mixin.py:154} INFO - [2023-11-16T06:44:18.939+0000] {dagbag.py:536} INFO - Filling up the DagBag from /home/airflow/.local/lib/python3.8/site-packages/airflow/example_dags/example_bash_operator.py
[2023-11-16T06:44:18.947+0000] {processor.py:839} INFO - DAG(s) dict_keys(['example_bash_operator']) retrieved from /home/airflow/.local/lib/python3.8/site-packages/airflow/example_dags/example_bash_operator.py
[2023-11-16T06:44:18.963+0000] {logging_mixin.py:154} INFO - [2023-11-16T06:44:18.962+0000] {dag.py:2941} INFO - Sync 1 DAGs
[2023-11-16T06:44:18.976+0000] {logging_mixin.py:154} INFO - [2023-11-16T06:44:18.975+0000] {dag.py:3722} INFO - Setting next_dagrun for example_bash_operator to 2023-11-15T00:00:00+00:00, run_after=2023-11-16T00:00:00+00:00
[2023-11-16T06:44:18.985+0000] {processor.py:179} INFO - Processing /home/airflow/.local/lib/python3.8/site-packages/airflow/example_dags/example_bash_operator.py took 0.050 seconds
[2023-11-16T06:44:49.738+0000] {processor.py:157} INFO - Started process (PID=257) to work on /home/airflow/.local/lib/python3.8/site-packages/airflow/example_dags/example_bash_operator.py
[2023-11-16T06:44:49.739+0000] {processor.py:829} INFO - Processing file /home/airflow/.local/lib/python3.8/site-packages/airflow/example_dags/example_bash_operator.py for tasks to queue
[2023-11-16T06:44:49.741+0000] {logging_mixin.py:154} INFO - [2023-11-16T06:44:49.740+0000] {dagbag.py:536} INFO - Filling up the DagBag from /home/airflow/.local/lib/python3.8/site-packages/airflow/example_dags/example_bash_operator.py
[2023-11-16T06:44:49.748+0000] {processor.py:839} INFO - DAG(s) dict_keys(['example_bash_operator']) retrieved from /home/airflow/.local/lib/python3.8/site-packages/airflow/example_dags/example_bash_operator.py
[2023-11-16T06:44:49.762+0000] {logging_mixin.py:154} INFO - [2023-11-16T06:44:49.762+0000] {dag.py:2941} INFO - Sync 1 DAGs
[2023-11-16T06:44:49.775+0000] {logging_mixin.py:154} INFO - [2023-11-16T06:44:49.775+0000] {dag.py:3722} INFO - Setting next_dagrun for example_bash_operator to 2023-11-15T00:00:00+00:00, run_after=2023-11-16T00:00:00+00:00
[2023-11-16T06:44:49.783+0000] {processor.py:179} INFO - Processing /home/airflow/.local/lib/python3.8/site-packages/airflow/example_dags/example_bash_operator.py took 0.047 seconds
[2023-11-16T06:45:19.852+0000] {processor.py:157} INFO - Started process (PID=311) to work on /home/airflow/.local/lib/python3.8/site-packages/airflow/example_dags/example_bash_operator.py
[2023-11-16T06:45:19.853+0000] {processor.py:829} INFO - Processing file /home/airflow/.local/lib/python3.8/site-packages/airflow/example_dags/example_bash_operator.py for tasks to queue
[2023-11-16T06:45:19.854+0000] {logging_mixin.py:154} INFO - [2023-11-16T06:45:19.854+0000] {dagbag.py:536} INFO - Filling up the DagBag from /home/airflow/.local/lib/python3.8/site-packages/airflow/example_dags/example_bash_operator.py
[2023-11-16T06:45:19.861+0000] {processor.py:839} INFO - DAG(s) dict_keys(['example_bash_operator']) retrieved from /home/airflow/.local/lib/python3.8/site-packages/airflow/example_dags/example_bash_operator.py
[2023-11-16T06:45:19.881+0000] {logging_mixin.py:154} INFO - [2023-11-16T06:45:19.881+0000] {dag.py:2941} INFO - Sync 1 DAGs
[2023-11-16T06:45:19.894+0000] {logging_mixin.py:154} INFO - [2023-11-16T06:45:19.894+0000] {dag.py:3722} INFO - Setting next_dagrun for example_bash_operator to 2023-11-15T00:00:00+00:00, run_after=2023-11-16T00:00:00+00:00
[2023-11-16T06:45:19.903+0000] {processor.py:179} INFO - Processing /home/airflow/.local/lib/python3.8/site-packages/airflow/example_dags/example_bash_operator.py took 0.054 seconds
[2023-11-16T06:45:50.136+0000] {processor.py:157} INFO - Started process (PID=365) to work on /home/airflow/.local/lib/python3.8/site-packages/airflow/example_dags/example_bash_operator.py
[2023-11-16T06:45:50.137+0000] {processor.py:829} INFO - Processing file /home/airflow/.local/lib/python3.8/site-packages/airflow/example_dags/example_bash_operator.py for tasks to queue
[2023-11-16T06:45:50.138+0000] {logging_mixin.py:154} INFO - [2023-11-16T06:45:50.138+0000] {dagbag.py:536} INFO - Filling up the DagBag from /home/airflow/.local/lib/python3.8/site-packages/airflow/example_dags/example_bash_operator.py
[2023-11-16T06:45:50.145+0000] {processor.py:839} INFO - DAG(s) dict_keys(['example_bash_operator']) retrieved from /home/airflow/.local/lib/python3.8/site-packages/airflow/example_dags/example_bash_operator.py
[2023-11-16T06:45:50.160+0000] {logging_mixin.py:154} INFO - [2023-11-16T06:45:50.160+0000] {dag.py:2941} INFO - Sync 1 DAGs
[2023-11-16T06:45:50.172+0000] {logging_mixin.py:154} INFO - [2023-11-16T06:45:50.172+0000] {dag.py:3722} INFO - Setting next_dagrun for example_bash_operator to 2023-11-15T00:00:00+00:00, run_after=2023-11-16T00:00:00+00:00
[2023-11-16T06:45:50.181+0000] {processor.py:179} INFO - Processing /home/airflow/.local/lib/python3.8/site-packages/airflow/example_dags/example_bash_operator.py took 0.047 seconds
[2023-11-16T06:46:20.384+0000] {processor.py:157} INFO - Started process (PID=419) to work on /home/airflow/.local/lib/python3.8/site-packages/airflow/example_dags/example_bash_operator.py
[2023-11-16T06:46:20.385+0000] {processor.py:829} INFO - Processing file /home/airflow/.local/lib/python3.8/site-packages/airflow/example_dags/example_bash_operator.py for tasks to queue
[2023-11-16T06:46:20.387+0000] {logging_mixin.py:154} INFO - [2023-11-16T06:46:20.386+0000] {dagbag.py:536} INFO - Filling up the DagBag from /home/airflow/.local/lib/python3.8/site-packages/airflow/example_dags/example_bash_operator.py
[2023-11-16T06:46:20.394+0000] {processor.py:839} INFO - DAG(s) dict_keys(['example_bash_operator']) retrieved from /home/airflow/.local/lib/python3.8/site-packages/airflow/example_dags/example_bash_operator.py
[2023-11-16T06:46:20.410+0000] {logging_mixin.py:154} INFO - [2023-11-16T06:46:20.410+0000] {dag.py:2941} INFO - Sync 1 DAGs
[2023-11-16T06:46:20.424+0000] {logging_mixin.py:154} INFO - [2023-11-16T06:46:20.424+0000] {dag.py:3722} INFO - Setting next_dagrun for example_bash_operator to 2023-11-15T00:00:00+00:00, run_after=2023-11-16T00:00:00+00:00
[2023-11-16T06:46:20.435+0000] {processor.py:179} INFO - Processing /home/airflow/.local/lib/python3.8/site-packages/airflow/example_dags/example_bash_operator.py took 0.053 seconds
[2023-11-16T06:46:50.508+0000] {processor.py:157} INFO - Started process (PID=473) to work on /home/airflow/.local/lib/python3.8/site-packages/airflow/example_dags/example_bash_operator.py
[2023-11-16T06:46:50.509+0000] {processor.py:829} INFO - Processing file /home/airflow/.local/lib/python3.8/site-packages/airflow/example_dags/example_bash_operator.py for tasks to queue
[2023-11-16T06:46:50.511+0000] {logging_mixin.py:154} INFO - [2023-11-16T06:46:50.511+0000] {dagbag.py:536} INFO - Filling up the DagBag from /home/airflow/.local/lib/python3.8/site-packages/airflow/example_dags/example_bash_operator.py
[2023-11-16T06:46:50.529+0000] {processor.py:839} INFO - DAG(s) dict_keys(['example_bash_operator']) retrieved from /home/airflow/.local/lib/python3.8/site-packages/airflow/example_dags/example_bash_operator.py
[2023-11-16T06:46:50.552+0000] {logging_mixin.py:154} INFO - [2023-11-16T06:46:50.552+0000] {dag.py:2941} INFO - Sync 1 DAGs
[2023-11-16T06:46:50.565+0000] {logging_mixin.py:154} INFO - [2023-11-16T06:46:50.565+0000] {dag.py:3722} INFO - Setting next_dagrun for example_bash_operator to 2023-11-15T00:00:00+00:00, run_after=2023-11-16T00:00:00+00:00
[2023-11-16T06:46:50.574+0000] {processor.py:179} INFO - Processing /home/airflow/.local/lib/python3.8/site-packages/airflow/example_dags/example_bash_operator.py took 0.070 seconds
[2023-11-16T06:47:20.776+0000] {processor.py:157} INFO - Started process (PID=528) to work on /home/airflow/.local/lib/python3.8/site-packages/airflow/example_dags/example_bash_operator.py
[2023-11-16T06:47:20.777+0000] {processor.py:829} INFO - Processing file /home/airflow/.local/lib/python3.8/site-packages/airflow/example_dags/example_bash_operator.py for tasks to queue
[2023-11-16T06:47:20.779+0000] {logging_mixin.py:154} INFO - [2023-11-16T06:47:20.779+0000] {dagbag.py:536} INFO - Filling up the DagBag from /home/airflow/.local/lib/python3.8/site-packages/airflow/example_dags/example_bash_operator.py
[2023-11-16T06:47:20.788+0000] {processor.py:839} INFO - DAG(s) dict_keys(['example_bash_operator']) retrieved from /home/airflow/.local/lib/python3.8/site-packages/airflow/example_dags/example_bash_operator.py
[2023-11-16T06:47:20.811+0000] {logging_mixin.py:154} INFO - [2023-11-16T06:47:20.811+0000] {dag.py:2941} INFO - Sync 1 DAGs
[2023-11-16T06:47:20.864+0000] {logging_mixin.py:154} INFO - [2023-11-16T06:47:20.864+0000] {dag.py:3722} INFO - Setting next_dagrun for example_bash_operator to 2023-11-15T00:00:00+00:00, run_after=2023-11-16T00:00:00+00:00
[2023-11-16T06:47:20.889+0000] {processor.py:179} INFO - Processing /home/airflow/.local/lib/python3.8/site-packages/airflow/example_dags/example_bash_operator.py took 0.116 seconds
[2023-11-16T06:47:51.074+0000] {processor.py:157} INFO - Started process (PID=582) to work on /home/airflow/.local/lib/python3.8/site-packages/airflow/example_dags/example_bash_operator.py
[2023-11-16T06:47:51.075+0000] {processor.py:829} INFO - Processing file /home/airflow/.local/lib/python3.8/site-packages/airflow/example_dags/example_bash_operator.py for tasks to queue
[2023-11-16T06:47:51.077+0000] {logging_mixin.py:154} INFO - [2023-11-16T06:47:51.077+0000] {dagbag.py:536} INFO - Filling up the DagBag from /home/airflow/.local/lib/python3.8/site-packages/airflow/example_dags/example_bash_operator.py
[2023-11-16T06:47:51.084+0000] {processor.py:839} INFO - DAG(s) dict_keys(['example_bash_operator']) retrieved from /home/airflow/.local/lib/python3.8/site-packages/airflow/example_dags/example_bash_operator.py
[2023-11-16T06:47:51.099+0000] {logging_mixin.py:154} INFO - [2023-11-16T06:47:51.099+0000] {dag.py:2941} INFO - Sync 1 DAGs
[2023-11-16T06:47:51.124+0000] {logging_mixin.py:154} INFO - [2023-11-16T06:47:51.124+0000] {dag.py:3722} INFO - Setting next_dagrun for example_bash_operator to 2023-11-15T00:00:00+00:00, run_after=2023-11-16T00:00:00+00:00
[2023-11-16T06:47:51.136+0000] {processor.py:179} INFO - Processing /home/airflow/.local/lib/python3.8/site-packages/airflow/example_dags/example_bash_operator.py took 0.064 seconds
[2023-11-16T06:48:21.278+0000] {processor.py:157} INFO - Started process (PID=636) to work on /home/airflow/.local/lib/python3.8/site-packages/airflow/example_dags/example_bash_operator.py
[2023-11-16T06:48:21.279+0000] {processor.py:829} INFO - Processing file /home/airflow/.local/lib/python3.8/site-packages/airflow/example_dags/example_bash_operator.py for tasks to queue
[2023-11-16T06:48:21.282+0000] {logging_mixin.py:154} INFO - [2023-11-16T06:48:21.281+0000] {dagbag.py:536} INFO - Filling up the DagBag from /home/airflow/.local/lib/python3.8/site-packages/airflow/example_dags/example_bash_operator.py
[2023-11-16T06:48:21.292+0000] {processor.py:839} INFO - DAG(s) dict_keys(['example_bash_operator']) retrieved from /home/airflow/.local/lib/python3.8/site-packages/airflow/example_dags/example_bash_operator.py
[2023-11-16T06:48:21.307+0000] {logging_mixin.py:154} INFO - [2023-11-16T06:48:21.307+0000] {dag.py:2941} INFO - Sync 1 DAGs
[2023-11-16T06:48:21.320+0000] {logging_mixin.py:154} INFO - [2023-11-16T06:48:21.320+0000] {dag.py:3722} INFO - Setting next_dagrun for example_bash_operator to 2023-11-15T00:00:00+00:00, run_after=2023-11-16T00:00:00+00:00
[2023-11-16T06:48:21.329+0000] {processor.py:179} INFO - Processing /home/airflow/.local/lib/python3.8/site-packages/airflow/example_dags/example_bash_operator.py took 0.055 seconds
[2023-11-16T06:48:51.704+0000] {processor.py:157} INFO - Started process (PID=690) to work on /home/airflow/.local/lib/python3.8/site-packages/airflow/example_dags/example_bash_operator.py
[2023-11-16T06:48:51.705+0000] {processor.py:829} INFO - Processing file /home/airflow/.local/lib/python3.8/site-packages/airflow/example_dags/example_bash_operator.py for tasks to queue
[2023-11-16T06:48:51.707+0000] {logging_mixin.py:154} INFO - [2023-11-16T06:48:51.707+0000] {dagbag.py:536} INFO - Filling up the DagBag from /home/airflow/.local/lib/python3.8/site-packages/airflow/example_dags/example_bash_operator.py
[2023-11-16T06:48:51.715+0000] {processor.py:839} INFO - DAG(s) dict_keys(['example_bash_operator']) retrieved from /home/airflow/.local/lib/python3.8/site-packages/airflow/example_dags/example_bash_operator.py
[2023-11-16T06:48:51.731+0000] {logging_mixin.py:154} INFO - [2023-11-16T06:48:51.731+0000] {dag.py:2941} INFO - Sync 1 DAGs
[2023-11-16T06:48:51.743+0000] {logging_mixin.py:154} INFO - [2023-11-16T06:48:51.743+0000] {dag.py:3722} INFO - Setting next_dagrun for example_bash_operator to 2023-11-15T00:00:00+00:00, run_after=2023-11-16T00:00:00+00:00
[2023-11-16T06:48:51.764+0000] {processor.py:179} INFO - Processing /home/airflow/.local/lib/python3.8/site-packages/airflow/example_dags/example_bash_operator.py took 0.062 seconds
[2023-11-16T06:49:21.907+0000] {processor.py:157} INFO - Started process (PID=744) to work on /home/airflow/.local/lib/python3.8/site-packages/airflow/example_dags/example_bash_operator.py
[2023-11-16T06:49:21.908+0000] {processor.py:829} INFO - Processing file /home/airflow/.local/lib/python3.8/site-packages/airflow/example_dags/example_bash_operator.py for tasks to queue
[2023-11-16T06:49:21.909+0000] {logging_mixin.py:154} INFO - [2023-11-16T06:49:21.909+0000] {dagbag.py:536} INFO - Filling up the DagBag from /home/airflow/.local/lib/python3.8/site-packages/airflow/example_dags/example_bash_operator.py
[2023-11-16T06:49:21.916+0000] {processor.py:839} INFO - DAG(s) dict_keys(['example_bash_operator']) retrieved from /home/airflow/.local/lib/python3.8/site-packages/airflow/example_dags/example_bash_operator.py
[2023-11-16T06:49:21.931+0000] {logging_mixin.py:154} INFO - [2023-11-16T06:49:21.930+0000] {dag.py:2941} INFO - Sync 1 DAGs
[2023-11-16T06:49:21.944+0000] {logging_mixin.py:154} INFO - [2023-11-16T06:49:21.943+0000] {dag.py:3722} INFO - Setting next_dagrun for example_bash_operator to 2023-11-15T00:00:00+00:00, run_after=2023-11-16T00:00:00+00:00
[2023-11-16T06:49:21.953+0000] {processor.py:179} INFO - Processing /home/airflow/.local/lib/python3.8/site-packages/airflow/example_dags/example_bash_operator.py took 0.048 seconds
[2023-11-16T06:49:52.233+0000] {processor.py:157} INFO - Started process (PID=798) to work on /home/airflow/.local/lib/python3.8/site-packages/airflow/example_dags/example_bash_operator.py
[2023-11-16T06:49:52.234+0000] {processor.py:829} INFO - Processing file /home/airflow/.local/lib/python3.8/site-packages/airflow/example_dags/example_bash_operator.py for tasks to queue
[2023-11-16T06:49:52.236+0000] {logging_mixin.py:154} INFO - [2023-11-16T06:49:52.236+0000] {dagbag.py:536} INFO - Filling up the DagBag from /home/airflow/.local/lib/python3.8/site-packages/airflow/example_dags/example_bash_operator.py
[2023-11-16T06:49:52.243+0000] {processor.py:839} INFO - DAG(s) dict_keys(['example_bash_operator']) retrieved from /home/airflow/.local/lib/python3.8/site-packages/airflow/example_dags/example_bash_operator.py
[2023-11-16T06:49:52.258+0000] {logging_mixin.py:154} INFO - [2023-11-16T06:49:52.258+0000] {dag.py:2941} INFO - Sync 1 DAGs
[2023-11-16T06:49:52.270+0000] {logging_mixin.py:154} INFO - [2023-11-16T06:49:52.270+0000] {dag.py:3722} INFO - Setting next_dagrun for example_bash_operator to 2023-11-15T00:00:00+00:00, run_after=2023-11-16T00:00:00+00:00
[2023-11-16T06:49:52.281+0000] {processor.py:179} INFO - Processing /home/airflow/.local/lib/python3.8/site-packages/airflow/example_dags/example_bash_operator.py took 0.050 seconds
[2023-11-16T06:50:23.224+0000] {processor.py:157} INFO - Started process (PID=852) to work on /home/airflow/.local/lib/python3.8/site-packages/airflow/example_dags/example_bash_operator.py
[2023-11-16T06:50:23.225+0000] {processor.py:829} INFO - Processing file /home/airflow/.local/lib/python3.8/site-packages/airflow/example_dags/example_bash_operator.py for tasks to queue
[2023-11-16T06:50:23.226+0000] {logging_mixin.py:154} INFO - [2023-11-16T06:50:23.226+0000] {dagbag.py:536} INFO - Filling up the DagBag from /home/airflow/.local/lib/python3.8/site-packages/airflow/example_dags/example_bash_operator.py
[2023-11-16T06:50:23.233+0000] {processor.py:839} INFO - DAG(s) dict_keys(['example_bash_operator']) retrieved from /home/airflow/.local/lib/python3.8/site-packages/airflow/example_dags/example_bash_operator.py
[2023-11-16T06:50:23.248+0000] {logging_mixin.py:154} INFO - [2023-11-16T06:50:23.248+0000] {dag.py:2941} INFO - Sync 1 DAGs
[2023-11-16T06:50:23.262+0000] {logging_mixin.py:154} INFO - [2023-11-16T06:50:23.261+0000] {dag.py:3722} INFO - Setting next_dagrun for example_bash_operator to 2023-11-15T00:00:00+00:00, run_after=2023-11-16T00:00:00+00:00
[2023-11-16T06:50:23.276+0000] {processor.py:179} INFO - Processing /home/airflow/.local/lib/python3.8/site-packages/airflow/example_dags/example_bash_operator.py took 0.054 seconds
[2023-11-16T06:50:53.654+0000] {processor.py:157} INFO - Started process (PID=906) to work on /home/airflow/.local/lib/python3.8/site-packages/airflow/example_dags/example_bash_operator.py
[2023-11-16T06:50:53.655+0000] {processor.py:829} INFO - Processing file /home/airflow/.local/lib/python3.8/site-packages/airflow/example_dags/example_bash_operator.py for tasks to queue
[2023-11-16T06:50:53.657+0000] {logging_mixin.py:154} INFO - [2023-11-16T06:50:53.657+0000] {dagbag.py:536} INFO - Filling up the DagBag from /home/airflow/.local/lib/python3.8/site-packages/airflow/example_dags/example_bash_operator.py
[2023-11-16T06:50:53.663+0000] {processor.py:839} INFO - DAG(s) dict_keys(['example_bash_operator']) retrieved from /home/airflow/.local/lib/python3.8/site-packages/airflow/example_dags/example_bash_operator.py
[2023-11-16T06:50:53.679+0000] {logging_mixin.py:154} INFO - [2023-11-16T06:50:53.679+0000] {dag.py:2941} INFO - Sync 1 DAGs
[2023-11-16T06:50:53.691+0000] {logging_mixin.py:154} INFO - [2023-11-16T06:50:53.691+0000] {dag.py:3722} INFO - Setting next_dagrun for example_bash_operator to 2023-11-15T00:00:00+00:00, run_after=2023-11-16T00:00:00+00:00
[2023-11-16T06:50:53.797+0000] {processor.py:179} INFO - Processing /home/airflow/.local/lib/python3.8/site-packages/airflow/example_dags/example_bash_operator.py took 0.145 seconds
[2023-11-16T06:51:23.827+0000] {processor.py:157} INFO - Started process (PID=961) to work on /home/airflow/.local/lib/python3.8/site-packages/airflow/example_dags/example_bash_operator.py
[2023-11-16T06:51:23.827+0000] {processor.py:829} INFO - Processing file /home/airflow/.local/lib/python3.8/site-packages/airflow/example_dags/example_bash_operator.py for tasks to queue
[2023-11-16T06:51:23.829+0000] {logging_mixin.py:154} INFO - [2023-11-16T06:51:23.829+0000] {dagbag.py:536} INFO - Filling up the DagBag from /home/airflow/.local/lib/python3.8/site-packages/airflow/example_dags/example_bash_operator.py
[2023-11-16T06:51:23.835+0000] {processor.py:839} INFO - DAG(s) dict_keys(['example_bash_operator']) retrieved from /home/airflow/.local/lib/python3.8/site-packages/airflow/example_dags/example_bash_operator.py
[2023-11-16T06:51:23.850+0000] {logging_mixin.py:154} INFO - [2023-11-16T06:51:23.850+0000] {dag.py:2941} INFO - Sync 1 DAGs
[2023-11-16T06:51:23.865+0000] {logging_mixin.py:154} INFO - [2023-11-16T06:51:23.865+0000] {dag.py:3722} INFO - Setting next_dagrun for example_bash_operator to 2023-11-15T00:00:00+00:00, run_after=2023-11-16T00:00:00+00:00
[2023-11-16T06:51:24.085+0000] {processor.py:179} INFO - Processing /home/airflow/.local/lib/python3.8/site-packages/airflow/example_dags/example_bash_operator.py took 0.261 seconds
[2023-11-16T06:51:54.777+0000] {processor.py:157} INFO - Started process (PID=1014) to work on /home/airflow/.local/lib/python3.8/site-packages/airflow/example_dags/example_bash_operator.py
[2023-11-16T06:51:54.778+0000] {processor.py:829} INFO - Processing file /home/airflow/.local/lib/python3.8/site-packages/airflow/example_dags/example_bash_operator.py for tasks to queue
[2023-11-16T06:51:54.780+0000] {logging_mixin.py:154} INFO - [2023-11-16T06:51:54.780+0000] {dagbag.py:536} INFO - Filling up the DagBag from /home/airflow/.local/lib/python3.8/site-packages/airflow/example_dags/example_bash_operator.py
[2023-11-16T06:51:54.787+0000] {processor.py:839} INFO - DAG(s) dict_keys(['example_bash_operator']) retrieved from /home/airflow/.local/lib/python3.8/site-packages/airflow/example_dags/example_bash_operator.py
[2023-11-16T06:51:54.802+0000] {logging_mixin.py:154} INFO - [2023-11-16T06:51:54.802+0000] {dag.py:2941} INFO - Sync 1 DAGs
[2023-11-16T06:51:54.814+0000] {logging_mixin.py:154} INFO - [2023-11-16T06:51:54.813+0000] {dag.py:3722} INFO - Setting next_dagrun for example_bash_operator to 2023-11-15T00:00:00+00:00, run_after=2023-11-16T00:00:00+00:00
[2023-11-16T06:51:54.824+0000] {processor.py:179} INFO - Processing /home/airflow/.local/lib/python3.8/site-packages/airflow/example_dags/example_bash_operator.py took 0.048 seconds
[2023-11-16T06:52:25.769+0000] {processor.py:157} INFO - Started process (PID=1068) to work on /home/airflow/.local/lib/python3.8/site-packages/airflow/example_dags/example_bash_operator.py
[2023-11-16T06:52:25.770+0000] {processor.py:829} INFO - Processing file /home/airflow/.local/lib/python3.8/site-packages/airflow/example_dags/example_bash_operator.py for tasks to queue
[2023-11-16T06:52:25.772+0000] {logging_mixin.py:154} INFO - [2023-11-16T06:52:25.772+0000] {dagbag.py:536} INFO - Filling up the DagBag from /home/airflow/.local/lib/python3.8/site-packages/airflow/example_dags/example_bash_operator.py
[2023-11-16T06:52:25.779+0000] {processor.py:839} INFO - DAG(s) dict_keys(['example_bash_operator']) retrieved from /home/airflow/.local/lib/python3.8/site-packages/airflow/example_dags/example_bash_operator.py
[2023-11-16T06:52:25.793+0000] {logging_mixin.py:154} INFO - [2023-11-16T06:52:25.793+0000] {dag.py:2941} INFO - Sync 1 DAGs
[2023-11-16T06:52:25.805+0000] {logging_mixin.py:154} INFO - [2023-11-16T06:52:25.805+0000] {dag.py:3722} INFO - Setting next_dagrun for example_bash_operator to 2023-11-15T00:00:00+00:00, run_after=2023-11-16T00:00:00+00:00
[2023-11-16T06:52:25.816+0000] {processor.py:179} INFO - Processing /home/airflow/.local/lib/python3.8/site-packages/airflow/example_dags/example_bash_operator.py took 0.048 seconds
[2023-11-16T06:52:56.243+0000] {processor.py:157} INFO - Started process (PID=1122) to work on /home/airflow/.local/lib/python3.8/site-packages/airflow/example_dags/example_bash_operator.py
[2023-11-16T06:52:56.243+0000] {processor.py:829} INFO - Processing file /home/airflow/.local/lib/python3.8/site-packages/airflow/example_dags/example_bash_operator.py for tasks to queue
[2023-11-16T06:52:56.245+0000] {logging_mixin.py:154} INFO - [2023-11-16T06:52:56.245+0000] {dagbag.py:536} INFO - Filling up the DagBag from /home/airflow/.local/lib/python3.8/site-packages/airflow/example_dags/example_bash_operator.py
[2023-11-16T06:52:56.251+0000] {processor.py:839} INFO - DAG(s) dict_keys(['example_bash_operator']) retrieved from /home/airflow/.local/lib/python3.8/site-packages/airflow/example_dags/example_bash_operator.py
[2023-11-16T06:52:56.266+0000] {logging_mixin.py:154} INFO - [2023-11-16T06:52:56.266+0000] {dag.py:2941} INFO - Sync 1 DAGs
[2023-11-16T06:52:56.277+0000] {logging_mixin.py:154} INFO - [2023-11-16T06:52:56.277+0000] {dag.py:3722} INFO - Setting next_dagrun for example_bash_operator to 2023-11-15T00:00:00+00:00, run_after=2023-11-16T00:00:00+00:00
[2023-11-16T06:52:56.285+0000] {processor.py:179} INFO - Processing /home/airflow/.local/lib/python3.8/site-packages/airflow/example_dags/example_bash_operator.py took 0.045 seconds
[2023-11-16T06:53:27.741+0000] {processor.py:157} INFO - Started process (PID=1176) to work on /home/airflow/.local/lib/python3.8/site-packages/airflow/example_dags/example_bash_operator.py
[2023-11-16T06:53:27.741+0000] {processor.py:829} INFO - Processing file /home/airflow/.local/lib/python3.8/site-packages/airflow/example_dags/example_bash_operator.py for tasks to queue
[2023-11-16T06:53:27.743+0000] {logging_mixin.py:154} INFO - [2023-11-16T06:53:27.743+0000] {dagbag.py:536} INFO - Filling up the DagBag from /home/airflow/.local/lib/python3.8/site-packages/airflow/example_dags/example_bash_operator.py
[2023-11-16T06:53:27.750+0000] {processor.py:839} INFO - DAG(s) dict_keys(['example_bash_operator']) retrieved from /home/airflow/.local/lib/python3.8/site-packages/airflow/example_dags/example_bash_operator.py
[2023-11-16T06:53:27.769+0000] {logging_mixin.py:154} INFO - [2023-11-16T06:53:27.769+0000] {dag.py:2941} INFO - Sync 1 DAGs
[2023-11-16T06:53:27.874+0000] {logging_mixin.py:154} INFO - [2023-11-16T06:53:27.874+0000] {dag.py:3722} INFO - Setting next_dagrun for example_bash_operator to 2023-11-15T00:00:00+00:00, run_after=2023-11-16T00:00:00+00:00
[2023-11-16T06:53:27.882+0000] {processor.py:179} INFO - Processing /home/airflow/.local/lib/python3.8/site-packages/airflow/example_dags/example_bash_operator.py took 0.144 seconds
[2023-11-16T06:53:58.648+0000] {processor.py:157} INFO - Started process (PID=1230) to work on /home/airflow/.local/lib/python3.8/site-packages/airflow/example_dags/example_bash_operator.py
[2023-11-16T06:53:58.649+0000] {processor.py:829} INFO - Processing file /home/airflow/.local/lib/python3.8/site-packages/airflow/example_dags/example_bash_operator.py for tasks to queue
[2023-11-16T06:53:58.651+0000] {logging_mixin.py:154} INFO - [2023-11-16T06:53:58.651+0000] {dagbag.py:536} INFO - Filling up the DagBag from /home/airflow/.local/lib/python3.8/site-packages/airflow/example_dags/example_bash_operator.py
[2023-11-16T06:53:58.657+0000] {processor.py:839} INFO - DAG(s) dict_keys(['example_bash_operator']) retrieved from /home/airflow/.local/lib/python3.8/site-packages/airflow/example_dags/example_bash_operator.py
[2023-11-16T06:53:58.671+0000] {logging_mixin.py:154} INFO - [2023-11-16T06:53:58.671+0000] {dag.py:2941} INFO - Sync 1 DAGs
[2023-11-16T06:53:58.683+0000] {logging_mixin.py:154} INFO - [2023-11-16T06:53:58.683+0000] {dag.py:3722} INFO - Setting next_dagrun for example_bash_operator to 2023-11-15T00:00:00+00:00, run_after=2023-11-16T00:00:00+00:00
[2023-11-16T06:53:58.779+0000] {processor.py:179} INFO - Processing /home/airflow/.local/lib/python3.8/site-packages/airflow/example_dags/example_bash_operator.py took 0.133 seconds
[2023-11-16T06:54:29.518+0000] {processor.py:157} INFO - Started process (PID=1284) to work on /home/airflow/.local/lib/python3.8/site-packages/airflow/example_dags/example_bash_operator.py
[2023-11-16T06:54:29.519+0000] {processor.py:829} INFO - Processing file /home/airflow/.local/lib/python3.8/site-packages/airflow/example_dags/example_bash_operator.py for tasks to queue
[2023-11-16T06:54:29.521+0000] {logging_mixin.py:154} INFO - [2023-11-16T06:54:29.520+0000] {dagbag.py:536} INFO - Filling up the DagBag from /home/airflow/.local/lib/python3.8/site-packages/airflow/example_dags/example_bash_operator.py
[2023-11-16T06:54:29.528+0000] {processor.py:839} INFO - DAG(s) dict_keys(['example_bash_operator']) retrieved from /home/airflow/.local/lib/python3.8/site-packages/airflow/example_dags/example_bash_operator.py
[2023-11-16T06:54:29.544+0000] {logging_mixin.py:154} INFO - [2023-11-16T06:54:29.544+0000] {dag.py:2941} INFO - Sync 1 DAGs
[2023-11-16T06:54:29.556+0000] {logging_mixin.py:154} INFO - [2023-11-16T06:54:29.556+0000] {dag.py:3722} INFO - Setting next_dagrun for example_bash_operator to 2023-11-15T00:00:00+00:00, run_after=2023-11-16T00:00:00+00:00
[2023-11-16T06:54:29.568+0000] {processor.py:179} INFO - Processing /home/airflow/.local/lib/python3.8/site-packages/airflow/example_dags/example_bash_operator.py took 0.053 seconds
[2023-11-16T06:55:00.227+0000] {processor.py:157} INFO - Started process (PID=1338) to work on /home/airflow/.local/lib/python3.8/site-packages/airflow/example_dags/example_bash_operator.py
[2023-11-16T06:55:00.228+0000] {processor.py:829} INFO - Processing file /home/airflow/.local/lib/python3.8/site-packages/airflow/example_dags/example_bash_operator.py for tasks to queue
[2023-11-16T06:55:00.230+0000] {logging_mixin.py:154} INFO - [2023-11-16T06:55:00.230+0000] {dagbag.py:536} INFO - Filling up the DagBag from /home/airflow/.local/lib/python3.8/site-packages/airflow/example_dags/example_bash_operator.py
[2023-11-16T06:55:00.237+0000] {processor.py:839} INFO - DAG(s) dict_keys(['example_bash_operator']) retrieved from /home/airflow/.local/lib/python3.8/site-packages/airflow/example_dags/example_bash_operator.py
[2023-11-16T06:55:00.273+0000] {logging_mixin.py:154} INFO - [2023-11-16T06:55:00.273+0000] {dag.py:2941} INFO - Sync 1 DAGs
[2023-11-16T06:55:00.286+0000] {logging_mixin.py:154} INFO - [2023-11-16T06:55:00.286+0000] {dag.py:3722} INFO - Setting next_dagrun for example_bash_operator to 2023-11-15T00:00:00+00:00, run_after=2023-11-16T00:00:00+00:00
[2023-11-16T06:55:00.297+0000] {processor.py:179} INFO - Processing /home/airflow/.local/lib/python3.8/site-packages/airflow/example_dags/example_bash_operator.py took 0.073 seconds
[2023-11-16T06:55:31.438+0000] {processor.py:157} INFO - Started process (PID=1392) to work on /home/airflow/.local/lib/python3.8/site-packages/airflow/example_dags/example_bash_operator.py
[2023-11-16T06:55:31.438+0000] {processor.py:829} INFO - Processing file /home/airflow/.local/lib/python3.8/site-packages/airflow/example_dags/example_bash_operator.py for tasks to queue
[2023-11-16T06:55:31.440+0000] {logging_mixin.py:154} INFO - [2023-11-16T06:55:31.440+0000] {dagbag.py:536} INFO - Filling up the DagBag from /home/airflow/.local/lib/python3.8/site-packages/airflow/example_dags/example_bash_operator.py
[2023-11-16T06:55:31.447+0000] {processor.py:839} INFO - DAG(s) dict_keys(['example_bash_operator']) retrieved from /home/airflow/.local/lib/python3.8/site-packages/airflow/example_dags/example_bash_operator.py
[2023-11-16T06:55:31.558+0000] {logging_mixin.py:154} INFO - [2023-11-16T06:55:31.557+0000] {dag.py:2941} INFO - Sync 1 DAGs
[2023-11-16T06:55:31.569+0000] {logging_mixin.py:154} INFO - [2023-11-16T06:55:31.569+0000] {dag.py:3722} INFO - Setting next_dagrun for example_bash_operator to 2023-11-15T00:00:00+00:00, run_after=2023-11-16T00:00:00+00:00
[2023-11-16T06:55:31.578+0000] {processor.py:179} INFO - Processing /home/airflow/.local/lib/python3.8/site-packages/airflow/example_dags/example_bash_operator.py took 0.143 seconds
[2023-11-16T06:56:01.935+0000] {processor.py:157} INFO - Started process (PID=1446) to work on /home/airflow/.local/lib/python3.8/site-packages/airflow/example_dags/example_bash_operator.py
[2023-11-16T06:56:01.935+0000] {processor.py:829} INFO - Processing file /home/airflow/.local/lib/python3.8/site-packages/airflow/example_dags/example_bash_operator.py for tasks to queue
[2023-11-16T06:56:01.937+0000] {logging_mixin.py:154} INFO - [2023-11-16T06:56:01.937+0000] {dagbag.py:536} INFO - Filling up the DagBag from /home/airflow/.local/lib/python3.8/site-packages/airflow/example_dags/example_bash_operator.py
[2023-11-16T06:56:01.945+0000] {processor.py:839} INFO - DAG(s) dict_keys(['example_bash_operator']) retrieved from /home/airflow/.local/lib/python3.8/site-packages/airflow/example_dags/example_bash_operator.py
[2023-11-16T06:56:01.960+0000] {logging_mixin.py:154} INFO - [2023-11-16T06:56:01.960+0000] {dag.py:2941} INFO - Sync 1 DAGs
[2023-11-16T06:56:01.972+0000] {logging_mixin.py:154} INFO - [2023-11-16T06:56:01.972+0000] {dag.py:3722} INFO - Setting next_dagrun for example_bash_operator to 2023-11-15T00:00:00+00:00, run_after=2023-11-16T00:00:00+00:00
[2023-11-16T06:56:01.981+0000] {processor.py:179} INFO - Processing /home/airflow/.local/lib/python3.8/site-packages/airflow/example_dags/example_bash_operator.py took 0.049 seconds
[2023-11-16T06:56:32.865+0000] {processor.py:157} INFO - Started process (PID=1500) to work on /home/airflow/.local/lib/python3.8/site-packages/airflow/example_dags/example_bash_operator.py
[2023-11-16T06:56:32.866+0000] {processor.py:829} INFO - Processing file /home/airflow/.local/lib/python3.8/site-packages/airflow/example_dags/example_bash_operator.py for tasks to queue
[2023-11-16T06:56:32.868+0000] {logging_mixin.py:154} INFO - [2023-11-16T06:56:32.868+0000] {dagbag.py:536} INFO - Filling up the DagBag from /home/airflow/.local/lib/python3.8/site-packages/airflow/example_dags/example_bash_operator.py
[2023-11-16T06:56:32.876+0000] {processor.py:839} INFO - DAG(s) dict_keys(['example_bash_operator']) retrieved from /home/airflow/.local/lib/python3.8/site-packages/airflow/example_dags/example_bash_operator.py
[2023-11-16T06:56:32.891+0000] {logging_mixin.py:154} INFO - [2023-11-16T06:56:32.891+0000] {dag.py:2941} INFO - Sync 1 DAGs
[2023-11-16T06:56:32.904+0000] {logging_mixin.py:154} INFO - [2023-11-16T06:56:32.904+0000] {dag.py:3722} INFO - Setting next_dagrun for example_bash_operator to 2023-11-15T00:00:00+00:00, run_after=2023-11-16T00:00:00+00:00
[2023-11-16T06:56:32.914+0000] {processor.py:179} INFO - Processing /home/airflow/.local/lib/python3.8/site-packages/airflow/example_dags/example_bash_operator.py took 0.051 seconds
[2023-11-16T06:57:03.876+0000] {processor.py:157} INFO - Started process (PID=1554) to work on /home/airflow/.local/lib/python3.8/site-packages/airflow/example_dags/example_bash_operator.py
[2023-11-16T06:57:03.877+0000] {processor.py:829} INFO - Processing file /home/airflow/.local/lib/python3.8/site-packages/airflow/example_dags/example_bash_operator.py for tasks to queue
[2023-11-16T06:57:03.879+0000] {logging_mixin.py:154} INFO - [2023-11-16T06:57:03.879+0000] {dagbag.py:536} INFO - Filling up the DagBag from /home/airflow/.local/lib/python3.8/site-packages/airflow/example_dags/example_bash_operator.py
[2023-11-16T06:57:03.886+0000] {processor.py:839} INFO - DAG(s) dict_keys(['example_bash_operator']) retrieved from /home/airflow/.local/lib/python3.8/site-packages/airflow/example_dags/example_bash_operator.py
[2023-11-16T06:57:03.902+0000] {logging_mixin.py:154} INFO - [2023-11-16T06:57:03.902+0000] {dag.py:2941} INFO - Sync 1 DAGs
[2023-11-16T06:57:03.913+0000] {logging_mixin.py:154} INFO - [2023-11-16T06:57:03.913+0000] {dag.py:3722} INFO - Setting next_dagrun for example_bash_operator to 2023-11-15T00:00:00+00:00, run_after=2023-11-16T00:00:00+00:00
[2023-11-16T06:57:03.924+0000] {processor.py:179} INFO - Processing /home/airflow/.local/lib/python3.8/site-packages/airflow/example_dags/example_bash_operator.py took 0.050 seconds
[2023-11-16T06:57:34.783+0000] {processor.py:157} INFO - Started process (PID=1608) to work on /home/airflow/.local/lib/python3.8/site-packages/airflow/example_dags/example_bash_operator.py
[2023-11-16T06:57:34.783+0000] {processor.py:829} INFO - Processing file /home/airflow/.local/lib/python3.8/site-packages/airflow/example_dags/example_bash_operator.py for tasks to queue
[2023-11-16T06:57:34.786+0000] {logging_mixin.py:154} INFO - [2023-11-16T06:57:34.786+0000] {dagbag.py:536} INFO - Filling up the DagBag from /home/airflow/.local/lib/python3.8/site-packages/airflow/example_dags/example_bash_operator.py
[2023-11-16T06:57:34.794+0000] {processor.py:839} INFO - DAG(s) dict_keys(['example_bash_operator']) retrieved from /home/airflow/.local/lib/python3.8/site-packages/airflow/example_dags/example_bash_operator.py
[2023-11-16T06:57:34.811+0000] {logging_mixin.py:154} INFO - [2023-11-16T06:57:34.811+0000] {dag.py:2941} INFO - Sync 1 DAGs
[2023-11-16T06:57:34.824+0000] {logging_mixin.py:154} INFO - [2023-11-16T06:57:34.824+0000] {dag.py:3722} INFO - Setting next_dagrun for example_bash_operator to 2023-11-15T00:00:00+00:00, run_after=2023-11-16T00:00:00+00:00
[2023-11-16T06:57:34.834+0000] {processor.py:179} INFO - Processing /home/airflow/.local/lib/python3.8/site-packages/airflow/example_dags/example_bash_operator.py took 0.053 seconds
[2023-11-16T06:58:05.934+0000] {processor.py:157} INFO - Started process (PID=1662) to work on /home/airflow/.local/lib/python3.8/site-packages/airflow/example_dags/example_bash_operator.py
[2023-11-16T06:58:05.935+0000] {processor.py:829} INFO - Processing file /home/airflow/.local/lib/python3.8/site-packages/airflow/example_dags/example_bash_operator.py for tasks to queue
[2023-11-16T06:58:05.937+0000] {logging_mixin.py:154} INFO - [2023-11-16T06:58:05.937+0000] {dagbag.py:536} INFO - Filling up the DagBag from /home/airflow/.local/lib/python3.8/site-packages/airflow/example_dags/example_bash_operator.py
[2023-11-16T06:58:05.945+0000] {processor.py:839} INFO - DAG(s) dict_keys(['example_bash_operator']) retrieved from /home/airflow/.local/lib/python3.8/site-packages/airflow/example_dags/example_bash_operator.py
[2023-11-16T06:58:05.960+0000] {logging_mixin.py:154} INFO - [2023-11-16T06:58:05.960+0000] {dag.py:2941} INFO - Sync 1 DAGs
[2023-11-16T06:58:05.972+0000] {logging_mixin.py:154} INFO - [2023-11-16T06:58:05.972+0000] {dag.py:3722} INFO - Setting next_dagrun for example_bash_operator to 2023-11-15T00:00:00+00:00, run_after=2023-11-16T00:00:00+00:00
[2023-11-16T06:58:05.981+0000] {processor.py:179} INFO - Processing /home/airflow/.local/lib/python3.8/site-packages/airflow/example_dags/example_bash_operator.py took 0.049 seconds
[2023-11-16T06:58:36.940+0000] {processor.py:157} INFO - Started process (PID=1716) to work on /home/airflow/.local/lib/python3.8/site-packages/airflow/example_dags/example_bash_operator.py
[2023-11-16T06:58:36.941+0000] {processor.py:829} INFO - Processing file /home/airflow/.local/lib/python3.8/site-packages/airflow/example_dags/example_bash_operator.py for tasks to queue
[2023-11-16T06:58:36.943+0000] {logging_mixin.py:154} INFO - [2023-11-16T06:58:36.943+0000] {dagbag.py:536} INFO - Filling up the DagBag from /home/airflow/.local/lib/python3.8/site-packages/airflow/example_dags/example_bash_operator.py
[2023-11-16T06:58:36.953+0000] {processor.py:839} INFO - DAG(s) dict_keys(['example_bash_operator']) retrieved from /home/airflow/.local/lib/python3.8/site-packages/airflow/example_dags/example_bash_operator.py
[2023-11-16T06:58:36.972+0000] {logging_mixin.py:154} INFO - [2023-11-16T06:58:36.972+0000] {dag.py:2941} INFO - Sync 1 DAGs
[2023-11-16T06:58:36.986+0000] {logging_mixin.py:154} INFO - [2023-11-16T06:58:36.985+0000] {dag.py:3722} INFO - Setting next_dagrun for example_bash_operator to 2023-11-15T00:00:00+00:00, run_after=2023-11-16T00:00:00+00:00
[2023-11-16T06:58:36.998+0000] {processor.py:179} INFO - Processing /home/airflow/.local/lib/python3.8/site-packages/airflow/example_dags/example_bash_operator.py took 0.059 seconds
[2023-11-16T06:59:08.072+0000] {processor.py:157} INFO - Started process (PID=1770) to work on /home/airflow/.local/lib/python3.8/site-packages/airflow/example_dags/example_bash_operator.py
[2023-11-16T06:59:08.073+0000] {processor.py:829} INFO - Processing file /home/airflow/.local/lib/python3.8/site-packages/airflow/example_dags/example_bash_operator.py for tasks to queue
[2023-11-16T06:59:08.075+0000] {logging_mixin.py:154} INFO - [2023-11-16T06:59:08.075+0000] {dagbag.py:536} INFO - Filling up the DagBag from /home/airflow/.local/lib/python3.8/site-packages/airflow/example_dags/example_bash_operator.py
[2023-11-16T06:59:08.083+0000] {processor.py:839} INFO - DAG(s) dict_keys(['example_bash_operator']) retrieved from /home/airflow/.local/lib/python3.8/site-packages/airflow/example_dags/example_bash_operator.py
[2023-11-16T06:59:08.101+0000] {logging_mixin.py:154} INFO - [2023-11-16T06:59:08.101+0000] {dag.py:2941} INFO - Sync 1 DAGs
[2023-11-16T06:59:08.118+0000] {logging_mixin.py:154} INFO - [2023-11-16T06:59:08.118+0000] {dag.py:3722} INFO - Setting next_dagrun for example_bash_operator to 2023-11-15T00:00:00+00:00, run_after=2023-11-16T00:00:00+00:00
[2023-11-16T06:59:08.128+0000] {processor.py:179} INFO - Processing /home/airflow/.local/lib/python3.8/site-packages/airflow/example_dags/example_bash_operator.py took 0.058 seconds
[2023-11-16T06:59:39.002+0000] {processor.py:157} INFO - Started process (PID=1823) to work on /home/airflow/.local/lib/python3.8/site-packages/airflow/example_dags/example_bash_operator.py
[2023-11-16T06:59:39.003+0000] {processor.py:829} INFO - Processing file /home/airflow/.local/lib/python3.8/site-packages/airflow/example_dags/example_bash_operator.py for tasks to queue
[2023-11-16T06:59:39.005+0000] {logging_mixin.py:154} INFO - [2023-11-16T06:59:39.005+0000] {dagbag.py:536} INFO - Filling up the DagBag from /home/airflow/.local/lib/python3.8/site-packages/airflow/example_dags/example_bash_operator.py
[2023-11-16T06:59:39.013+0000] {processor.py:839} INFO - DAG(s) dict_keys(['example_bash_operator']) retrieved from /home/airflow/.local/lib/python3.8/site-packages/airflow/example_dags/example_bash_operator.py
[2023-11-16T06:59:39.028+0000] {logging_mixin.py:154} INFO - [2023-11-16T06:59:39.028+0000] {dag.py:2941} INFO - Sync 1 DAGs
[2023-11-16T06:59:39.041+0000] {logging_mixin.py:154} INFO - [2023-11-16T06:59:39.041+0000] {dag.py:3722} INFO - Setting next_dagrun for example_bash_operator to 2023-11-15T00:00:00+00:00, run_after=2023-11-16T00:00:00+00:00
[2023-11-16T06:59:39.051+0000] {processor.py:179} INFO - Processing /home/airflow/.local/lib/python3.8/site-packages/airflow/example_dags/example_bash_operator.py took 0.051 seconds
[2023-11-16T07:00:09.221+0000] {processor.py:157} INFO - Started process (PID=1877) to work on /home/airflow/.local/lib/python3.8/site-packages/airflow/example_dags/example_bash_operator.py
[2023-11-16T07:00:09.222+0000] {processor.py:829} INFO - Processing file /home/airflow/.local/lib/python3.8/site-packages/airflow/example_dags/example_bash_operator.py for tasks to queue
[2023-11-16T07:00:09.225+0000] {logging_mixin.py:154} INFO - [2023-11-16T07:00:09.225+0000] {dagbag.py:536} INFO - Filling up the DagBag from /home/airflow/.local/lib/python3.8/site-packages/airflow/example_dags/example_bash_operator.py
[2023-11-16T07:00:09.233+0000] {processor.py:839} INFO - DAG(s) dict_keys(['example_bash_operator']) retrieved from /home/airflow/.local/lib/python3.8/site-packages/airflow/example_dags/example_bash_operator.py
[2023-11-16T07:00:09.248+0000] {logging_mixin.py:154} INFO - [2023-11-16T07:00:09.248+0000] {dag.py:2941} INFO - Sync 1 DAGs
[2023-11-16T07:00:09.263+0000] {logging_mixin.py:154} INFO - [2023-11-16T07:00:09.263+0000] {dag.py:3722} INFO - Setting next_dagrun for example_bash_operator to 2023-11-15T00:00:00+00:00, run_after=2023-11-16T00:00:00+00:00
[2023-11-16T07:00:09.281+0000] {processor.py:179} INFO - Processing /home/airflow/.local/lib/python3.8/site-packages/airflow/example_dags/example_bash_operator.py took 0.063 seconds
[2023-11-16T07:00:39.335+0000] {processor.py:157} INFO - Started process (PID=1931) to work on /home/airflow/.local/lib/python3.8/site-packages/airflow/example_dags/example_bash_operator.py
[2023-11-16T07:00:39.336+0000] {processor.py:829} INFO - Processing file /home/airflow/.local/lib/python3.8/site-packages/airflow/example_dags/example_bash_operator.py for tasks to queue
[2023-11-16T07:00:39.339+0000] {logging_mixin.py:154} INFO - [2023-11-16T07:00:39.338+0000] {dagbag.py:536} INFO - Filling up the DagBag from /home/airflow/.local/lib/python3.8/site-packages/airflow/example_dags/example_bash_operator.py
[2023-11-16T07:00:39.349+0000] {processor.py:839} INFO - DAG(s) dict_keys(['example_bash_operator']) retrieved from /home/airflow/.local/lib/python3.8/site-packages/airflow/example_dags/example_bash_operator.py
[2023-11-16T07:00:39.365+0000] {logging_mixin.py:154} INFO - [2023-11-16T07:00:39.365+0000] {dag.py:2941} INFO - Sync 1 DAGs
[2023-11-16T07:00:39.376+0000] {logging_mixin.py:154} INFO - [2023-11-16T07:00:39.376+0000] {dag.py:3722} INFO - Setting next_dagrun for example_bash_operator to 2023-11-15T00:00:00+00:00, run_after=2023-11-16T00:00:00+00:00
[2023-11-16T07:00:39.386+0000] {processor.py:179} INFO - Processing /home/airflow/.local/lib/python3.8/site-packages/airflow/example_dags/example_bash_operator.py took 0.053 seconds
[2023-11-16T07:01:10.443+0000] {processor.py:157} INFO - Started process (PID=1985) to work on /home/airflow/.local/lib/python3.8/site-packages/airflow/example_dags/example_bash_operator.py
[2023-11-16T07:01:10.444+0000] {processor.py:829} INFO - Processing file /home/airflow/.local/lib/python3.8/site-packages/airflow/example_dags/example_bash_operator.py for tasks to queue
[2023-11-16T07:01:10.446+0000] {logging_mixin.py:154} INFO - [2023-11-16T07:01:10.446+0000] {dagbag.py:536} INFO - Filling up the DagBag from /home/airflow/.local/lib/python3.8/site-packages/airflow/example_dags/example_bash_operator.py
[2023-11-16T07:01:10.454+0000] {processor.py:839} INFO - DAG(s) dict_keys(['example_bash_operator']) retrieved from /home/airflow/.local/lib/python3.8/site-packages/airflow/example_dags/example_bash_operator.py
[2023-11-16T07:01:10.469+0000] {logging_mixin.py:154} INFO - [2023-11-16T07:01:10.468+0000] {dag.py:2941} INFO - Sync 1 DAGs
[2023-11-16T07:01:10.481+0000] {logging_mixin.py:154} INFO - [2023-11-16T07:01:10.481+0000] {dag.py:3722} INFO - Setting next_dagrun for example_bash_operator to 2023-11-15T00:00:00+00:00, run_after=2023-11-16T00:00:00+00:00
[2023-11-16T07:01:10.491+0000] {processor.py:179} INFO - Processing /home/airflow/.local/lib/python3.8/site-packages/airflow/example_dags/example_bash_operator.py took 0.050 seconds
[2023-11-16T07:01:41.359+0000] {processor.py:157} INFO - Started process (PID=2039) to work on /home/airflow/.local/lib/python3.8/site-packages/airflow/example_dags/example_bash_operator.py
[2023-11-16T07:01:41.359+0000] {processor.py:829} INFO - Processing file /home/airflow/.local/lib/python3.8/site-packages/airflow/example_dags/example_bash_operator.py for tasks to queue
[2023-11-16T07:01:41.361+0000] {logging_mixin.py:154} INFO - [2023-11-16T07:01:41.361+0000] {dagbag.py:536} INFO - Filling up the DagBag from /home/airflow/.local/lib/python3.8/site-packages/airflow/example_dags/example_bash_operator.py
[2023-11-16T07:01:41.369+0000] {processor.py:839} INFO - DAG(s) dict_keys(['example_bash_operator']) retrieved from /home/airflow/.local/lib/python3.8/site-packages/airflow/example_dags/example_bash_operator.py
[2023-11-16T07:01:41.384+0000] {logging_mixin.py:154} INFO - [2023-11-16T07:01:41.383+0000] {dag.py:2941} INFO - Sync 1 DAGs
[2023-11-16T07:01:41.397+0000] {logging_mixin.py:154} INFO - [2023-11-16T07:01:41.396+0000] {dag.py:3722} INFO - Setting next_dagrun for example_bash_operator to 2023-11-15T00:00:00+00:00, run_after=2023-11-16T00:00:00+00:00
[2023-11-16T07:01:41.406+0000] {processor.py:179} INFO - Processing /home/airflow/.local/lib/python3.8/site-packages/airflow/example_dags/example_bash_operator.py took 0.050 seconds
[2023-11-16T07:02:12.448+0000] {processor.py:157} INFO - Started process (PID=2092) to work on /home/airflow/.local/lib/python3.8/site-packages/airflow/example_dags/example_bash_operator.py
[2023-11-16T07:02:12.449+0000] {processor.py:829} INFO - Processing file /home/airflow/.local/lib/python3.8/site-packages/airflow/example_dags/example_bash_operator.py for tasks to queue
[2023-11-16T07:02:12.452+0000] {logging_mixin.py:154} INFO - [2023-11-16T07:02:12.452+0000] {dagbag.py:536} INFO - Filling up the DagBag from /home/airflow/.local/lib/python3.8/site-packages/airflow/example_dags/example_bash_operator.py
[2023-11-16T07:02:12.465+0000] {processor.py:839} INFO - DAG(s) dict_keys(['example_bash_operator']) retrieved from /home/airflow/.local/lib/python3.8/site-packages/airflow/example_dags/example_bash_operator.py
[2023-11-16T07:02:12.490+0000] {logging_mixin.py:154} INFO - [2023-11-16T07:02:12.490+0000] {dag.py:2941} INFO - Sync 1 DAGs
[2023-11-16T07:02:12.516+0000] {logging_mixin.py:154} INFO - [2023-11-16T07:02:12.516+0000] {dag.py:3722} INFO - Setting next_dagrun for example_bash_operator to 2023-11-15T00:00:00+00:00, run_after=2023-11-16T00:00:00+00:00
[2023-11-16T07:02:12.547+0000] {processor.py:179} INFO - Processing /home/airflow/.local/lib/python3.8/site-packages/airflow/example_dags/example_bash_operator.py took 0.100 seconds
[2023-11-16T07:02:42.632+0000] {processor.py:157} INFO - Started process (PID=2152) to work on /home/airflow/.local/lib/python3.8/site-packages/airflow/example_dags/example_bash_operator.py
[2023-11-16T07:02:42.634+0000] {processor.py:829} INFO - Processing file /home/airflow/.local/lib/python3.8/site-packages/airflow/example_dags/example_bash_operator.py for tasks to queue
[2023-11-16T07:02:42.638+0000] {logging_mixin.py:154} INFO - [2023-11-16T07:02:42.637+0000] {dagbag.py:536} INFO - Filling up the DagBag from /home/airflow/.local/lib/python3.8/site-packages/airflow/example_dags/example_bash_operator.py
[2023-11-16T07:02:42.645+0000] {processor.py:839} INFO - DAG(s) dict_keys(['example_bash_operator']) retrieved from /home/airflow/.local/lib/python3.8/site-packages/airflow/example_dags/example_bash_operator.py
[2023-11-16T07:02:42.662+0000] {logging_mixin.py:154} INFO - [2023-11-16T07:02:42.662+0000] {dag.py:2941} INFO - Sync 1 DAGs
[2023-11-16T07:02:42.676+0000] {logging_mixin.py:154} INFO - [2023-11-16T07:02:42.676+0000] {dag.py:3722} INFO - Setting next_dagrun for example_bash_operator to 2023-11-15T00:00:00+00:00, run_after=2023-11-16T00:00:00+00:00
[2023-11-16T07:02:42.691+0000] {processor.py:179} INFO - Processing /home/airflow/.local/lib/python3.8/site-packages/airflow/example_dags/example_bash_operator.py took 0.062 seconds
[2023-11-16T07:03:12.773+0000] {processor.py:157} INFO - Started process (PID=2206) to work on /home/airflow/.local/lib/python3.8/site-packages/airflow/example_dags/example_bash_operator.py
[2023-11-16T07:03:12.775+0000] {processor.py:829} INFO - Processing file /home/airflow/.local/lib/python3.8/site-packages/airflow/example_dags/example_bash_operator.py for tasks to queue
[2023-11-16T07:03:12.778+0000] {logging_mixin.py:154} INFO - [2023-11-16T07:03:12.777+0000] {dagbag.py:536} INFO - Filling up the DagBag from /home/airflow/.local/lib/python3.8/site-packages/airflow/example_dags/example_bash_operator.py
[2023-11-16T07:03:12.785+0000] {processor.py:839} INFO - DAG(s) dict_keys(['example_bash_operator']) retrieved from /home/airflow/.local/lib/python3.8/site-packages/airflow/example_dags/example_bash_operator.py
[2023-11-16T07:03:12.802+0000] {logging_mixin.py:154} INFO - [2023-11-16T07:03:12.802+0000] {dag.py:2941} INFO - Sync 1 DAGs
[2023-11-16T07:03:12.815+0000] {logging_mixin.py:154} INFO - [2023-11-16T07:03:12.815+0000] {dag.py:3722} INFO - Setting next_dagrun for example_bash_operator to 2023-11-15T00:00:00+00:00, run_after=2023-11-16T00:00:00+00:00
[2023-11-16T07:03:12.825+0000] {processor.py:179} INFO - Processing /home/airflow/.local/lib/python3.8/site-packages/airflow/example_dags/example_bash_operator.py took 0.057 seconds
[2023-11-16T07:03:42.862+0000] {processor.py:157} INFO - Started process (PID=2260) to work on /home/airflow/.local/lib/python3.8/site-packages/airflow/example_dags/example_bash_operator.py
[2023-11-16T07:03:42.863+0000] {processor.py:829} INFO - Processing file /home/airflow/.local/lib/python3.8/site-packages/airflow/example_dags/example_bash_operator.py for tasks to queue
[2023-11-16T07:03:42.866+0000] {logging_mixin.py:154} INFO - [2023-11-16T07:03:42.865+0000] {dagbag.py:536} INFO - Filling up the DagBag from /home/airflow/.local/lib/python3.8/site-packages/airflow/example_dags/example_bash_operator.py
[2023-11-16T07:03:42.874+0000] {processor.py:839} INFO - DAG(s) dict_keys(['example_bash_operator']) retrieved from /home/airflow/.local/lib/python3.8/site-packages/airflow/example_dags/example_bash_operator.py
[2023-11-16T07:03:42.890+0000] {logging_mixin.py:154} INFO - [2023-11-16T07:03:42.890+0000] {dag.py:2941} INFO - Sync 1 DAGs
[2023-11-16T07:03:42.910+0000] {logging_mixin.py:154} INFO - [2023-11-16T07:03:42.910+0000] {dag.py:3722} INFO - Setting next_dagrun for example_bash_operator to 2023-11-15T00:00:00+00:00, run_after=2023-11-16T00:00:00+00:00
[2023-11-16T07:03:42.923+0000] {processor.py:179} INFO - Processing /home/airflow/.local/lib/python3.8/site-packages/airflow/example_dags/example_bash_operator.py took 0.064 seconds
[2023-11-16T07:04:13.092+0000] {processor.py:157} INFO - Started process (PID=2314) to work on /home/airflow/.local/lib/python3.8/site-packages/airflow/example_dags/example_bash_operator.py
[2023-11-16T07:04:13.093+0000] {processor.py:829} INFO - Processing file /home/airflow/.local/lib/python3.8/site-packages/airflow/example_dags/example_bash_operator.py for tasks to queue
[2023-11-16T07:04:13.094+0000] {logging_mixin.py:154} INFO - [2023-11-16T07:04:13.094+0000] {dagbag.py:536} INFO - Filling up the DagBag from /home/airflow/.local/lib/python3.8/site-packages/airflow/example_dags/example_bash_operator.py
[2023-11-16T07:04:13.102+0000] {processor.py:839} INFO - DAG(s) dict_keys(['example_bash_operator']) retrieved from /home/airflow/.local/lib/python3.8/site-packages/airflow/example_dags/example_bash_operator.py
[2023-11-16T07:04:13.120+0000] {logging_mixin.py:154} INFO - [2023-11-16T07:04:13.120+0000] {dag.py:2941} INFO - Sync 1 DAGs
[2023-11-16T07:04:13.133+0000] {logging_mixin.py:154} INFO - [2023-11-16T07:04:13.133+0000] {dag.py:3722} INFO - Setting next_dagrun for example_bash_operator to 2023-11-15T00:00:00+00:00, run_after=2023-11-16T00:00:00+00:00
[2023-11-16T07:04:13.143+0000] {processor.py:179} INFO - Processing /home/airflow/.local/lib/python3.8/site-packages/airflow/example_dags/example_bash_operator.py took 0.055 seconds
[2023-11-16T07:04:44.222+0000] {processor.py:157} INFO - Started process (PID=2368) to work on /home/airflow/.local/lib/python3.8/site-packages/airflow/example_dags/example_bash_operator.py
[2023-11-16T07:04:44.223+0000] {processor.py:829} INFO - Processing file /home/airflow/.local/lib/python3.8/site-packages/airflow/example_dags/example_bash_operator.py for tasks to queue
[2023-11-16T07:04:44.225+0000] {logging_mixin.py:154} INFO - [2023-11-16T07:04:44.225+0000] {dagbag.py:536} INFO - Filling up the DagBag from /home/airflow/.local/lib/python3.8/site-packages/airflow/example_dags/example_bash_operator.py
[2023-11-16T07:04:44.233+0000] {processor.py:839} INFO - DAG(s) dict_keys(['example_bash_operator']) retrieved from /home/airflow/.local/lib/python3.8/site-packages/airflow/example_dags/example_bash_operator.py
[2023-11-16T07:04:44.248+0000] {logging_mixin.py:154} INFO - [2023-11-16T07:04:44.248+0000] {dag.py:2941} INFO - Sync 1 DAGs
[2023-11-16T07:04:44.262+0000] {logging_mixin.py:154} INFO - [2023-11-16T07:04:44.262+0000] {dag.py:3722} INFO - Setting next_dagrun for example_bash_operator to 2023-11-15T00:00:00+00:00, run_after=2023-11-16T00:00:00+00:00
[2023-11-16T07:04:44.273+0000] {processor.py:179} INFO - Processing /home/airflow/.local/lib/python3.8/site-packages/airflow/example_dags/example_bash_operator.py took 0.053 seconds
[2023-11-16T07:05:15.333+0000] {processor.py:157} INFO - Started process (PID=2422) to work on /home/airflow/.local/lib/python3.8/site-packages/airflow/example_dags/example_bash_operator.py
[2023-11-16T07:05:15.334+0000] {processor.py:829} INFO - Processing file /home/airflow/.local/lib/python3.8/site-packages/airflow/example_dags/example_bash_operator.py for tasks to queue
[2023-11-16T07:05:15.336+0000] {logging_mixin.py:154} INFO - [2023-11-16T07:05:15.336+0000] {dagbag.py:536} INFO - Filling up the DagBag from /home/airflow/.local/lib/python3.8/site-packages/airflow/example_dags/example_bash_operator.py
[2023-11-16T07:05:15.343+0000] {processor.py:839} INFO - DAG(s) dict_keys(['example_bash_operator']) retrieved from /home/airflow/.local/lib/python3.8/site-packages/airflow/example_dags/example_bash_operator.py
[2023-11-16T07:05:15.360+0000] {logging_mixin.py:154} INFO - [2023-11-16T07:05:15.360+0000] {dag.py:2941} INFO - Sync 1 DAGs
[2023-11-16T07:05:15.373+0000] {logging_mixin.py:154} INFO - [2023-11-16T07:05:15.373+0000] {dag.py:3722} INFO - Setting next_dagrun for example_bash_operator to 2023-11-15T00:00:00+00:00, run_after=2023-11-16T00:00:00+00:00
[2023-11-16T07:05:15.388+0000] {processor.py:179} INFO - Processing /home/airflow/.local/lib/python3.8/site-packages/airflow/example_dags/example_bash_operator.py took 0.057 seconds
[2023-11-16T07:05:46.405+0000] {processor.py:157} INFO - Started process (PID=2476) to work on /home/airflow/.local/lib/python3.8/site-packages/airflow/example_dags/example_bash_operator.py
[2023-11-16T07:05:46.406+0000] {processor.py:829} INFO - Processing file /home/airflow/.local/lib/python3.8/site-packages/airflow/example_dags/example_bash_operator.py for tasks to queue
[2023-11-16T07:05:46.407+0000] {logging_mixin.py:154} INFO - [2023-11-16T07:05:46.407+0000] {dagbag.py:536} INFO - Filling up the DagBag from /home/airflow/.local/lib/python3.8/site-packages/airflow/example_dags/example_bash_operator.py
[2023-11-16T07:05:46.415+0000] {processor.py:839} INFO - DAG(s) dict_keys(['example_bash_operator']) retrieved from /home/airflow/.local/lib/python3.8/site-packages/airflow/example_dags/example_bash_operator.py
[2023-11-16T07:05:46.430+0000] {logging_mixin.py:154} INFO - [2023-11-16T07:05:46.430+0000] {dag.py:2941} INFO - Sync 1 DAGs
[2023-11-16T07:05:46.442+0000] {logging_mixin.py:154} INFO - [2023-11-16T07:05:46.442+0000] {dag.py:3722} INFO - Setting next_dagrun for example_bash_operator to 2023-11-15T00:00:00+00:00, run_after=2023-11-16T00:00:00+00:00
[2023-11-16T07:05:46.452+0000] {processor.py:179} INFO - Processing /home/airflow/.local/lib/python3.8/site-packages/airflow/example_dags/example_bash_operator.py took 0.049 seconds
