[2023-11-16T06:18:10.738+0000] {processor.py:157} INFO - Started process (PID=45) to work on /home/airflow/.local/lib/python3.8/site-packages/airflow/example_dags/example_python_operator.py
[2023-11-16T06:18:10.741+0000] {processor.py:829} INFO - Processing file /home/airflow/.local/lib/python3.8/site-packages/airflow/example_dags/example_python_operator.py for tasks to queue
[2023-11-16T06:18:10.752+0000] {logging_mixin.py:154} INFO - [2023-11-16T06:18:10.751+0000] {dagbag.py:536} INFO - Filling up the DagBag from /home/airflow/.local/lib/python3.8/site-packages/airflow/example_dags/example_python_operator.py
[2023-11-16T06:18:10.769+0000] {processor.py:839} INFO - DAG(s) dict_keys(['example_python_operator']) retrieved from /home/airflow/.local/lib/python3.8/site-packages/airflow/example_dags/example_python_operator.py
[2023-11-16T06:18:10.788+0000] {logging_mixin.py:154} INFO - [2023-11-16T06:18:10.788+0000] {dag.py:2941} INFO - Sync 1 DAGs
[2023-11-16T06:18:10.806+0000] {logging_mixin.py:154} INFO - [2023-11-16T06:18:10.805+0000] {dag.py:3722} INFO - Setting next_dagrun for example_python_operator to None, run_after=None
[2023-11-16T06:18:10.858+0000] {processor.py:179} INFO - Processing /home/airflow/.local/lib/python3.8/site-packages/airflow/example_dags/example_python_operator.py took 0.124 seconds
[2023-11-16T06:18:41.804+0000] {processor.py:157} INFO - Started process (PID=99) to work on /home/airflow/.local/lib/python3.8/site-packages/airflow/example_dags/example_python_operator.py
[2023-11-16T06:18:41.806+0000] {processor.py:829} INFO - Processing file /home/airflow/.local/lib/python3.8/site-packages/airflow/example_dags/example_python_operator.py for tasks to queue
[2023-11-16T06:18:41.810+0000] {logging_mixin.py:154} INFO - [2023-11-16T06:18:41.810+0000] {dagbag.py:536} INFO - Filling up the DagBag from /home/airflow/.local/lib/python3.8/site-packages/airflow/example_dags/example_python_operator.py
[2023-11-16T06:18:41.823+0000] {processor.py:839} INFO - DAG(s) dict_keys(['example_python_operator']) retrieved from /home/airflow/.local/lib/python3.8/site-packages/airflow/example_dags/example_python_operator.py
[2023-11-16T06:18:41.967+0000] {logging_mixin.py:154} INFO - [2023-11-16T06:18:41.967+0000] {dag.py:2941} INFO - Sync 1 DAGs
[2023-11-16T06:18:41.975+0000] {logging_mixin.py:154} INFO - [2023-11-16T06:18:41.975+0000] {dag.py:3722} INFO - Setting next_dagrun for example_python_operator to None, run_after=None
[2023-11-16T06:18:41.988+0000] {processor.py:179} INFO - Processing /home/airflow/.local/lib/python3.8/site-packages/airflow/example_dags/example_python_operator.py took 0.189 seconds
[2023-11-16T06:19:12.013+0000] {processor.py:157} INFO - Started process (PID=153) to work on /home/airflow/.local/lib/python3.8/site-packages/airflow/example_dags/example_python_operator.py
[2023-11-16T06:19:12.015+0000] {processor.py:829} INFO - Processing file /home/airflow/.local/lib/python3.8/site-packages/airflow/example_dags/example_python_operator.py for tasks to queue
[2023-11-16T06:19:12.017+0000] {logging_mixin.py:154} INFO - [2023-11-16T06:19:12.017+0000] {dagbag.py:536} INFO - Filling up the DagBag from /home/airflow/.local/lib/python3.8/site-packages/airflow/example_dags/example_python_operator.py
[2023-11-16T06:19:12.028+0000] {processor.py:839} INFO - DAG(s) dict_keys(['example_python_operator']) retrieved from /home/airflow/.local/lib/python3.8/site-packages/airflow/example_dags/example_python_operator.py
[2023-11-16T06:19:12.046+0000] {logging_mixin.py:154} INFO - [2023-11-16T06:19:12.045+0000] {dag.py:2941} INFO - Sync 1 DAGs
[2023-11-16T06:19:12.054+0000] {logging_mixin.py:154} INFO - [2023-11-16T06:19:12.053+0000] {dag.py:3722} INFO - Setting next_dagrun for example_python_operator to None, run_after=None
[2023-11-16T06:19:12.063+0000] {processor.py:179} INFO - Processing /home/airflow/.local/lib/python3.8/site-packages/airflow/example_dags/example_python_operator.py took 0.054 seconds
[2023-11-16T06:19:42.389+0000] {processor.py:157} INFO - Started process (PID=207) to work on /home/airflow/.local/lib/python3.8/site-packages/airflow/example_dags/example_python_operator.py
[2023-11-16T06:19:42.390+0000] {processor.py:829} INFO - Processing file /home/airflow/.local/lib/python3.8/site-packages/airflow/example_dags/example_python_operator.py for tasks to queue
[2023-11-16T06:19:42.392+0000] {logging_mixin.py:154} INFO - [2023-11-16T06:19:42.392+0000] {dagbag.py:536} INFO - Filling up the DagBag from /home/airflow/.local/lib/python3.8/site-packages/airflow/example_dags/example_python_operator.py
[2023-11-16T06:19:42.401+0000] {processor.py:839} INFO - DAG(s) dict_keys(['example_python_operator']) retrieved from /home/airflow/.local/lib/python3.8/site-packages/airflow/example_dags/example_python_operator.py
[2023-11-16T06:19:42.418+0000] {logging_mixin.py:154} INFO - [2023-11-16T06:19:42.418+0000] {dag.py:2941} INFO - Sync 1 DAGs
[2023-11-16T06:19:42.428+0000] {logging_mixin.py:154} INFO - [2023-11-16T06:19:42.427+0000] {dag.py:3722} INFO - Setting next_dagrun for example_python_operator to None, run_after=None
[2023-11-16T06:19:42.439+0000] {processor.py:179} INFO - Processing /home/airflow/.local/lib/python3.8/site-packages/airflow/example_dags/example_python_operator.py took 0.053 seconds
[2023-11-16T06:20:12.721+0000] {processor.py:157} INFO - Started process (PID=261) to work on /home/airflow/.local/lib/python3.8/site-packages/airflow/example_dags/example_python_operator.py
[2023-11-16T06:20:12.722+0000] {processor.py:829} INFO - Processing file /home/airflow/.local/lib/python3.8/site-packages/airflow/example_dags/example_python_operator.py for tasks to queue
[2023-11-16T06:20:12.724+0000] {logging_mixin.py:154} INFO - [2023-11-16T06:20:12.723+0000] {dagbag.py:536} INFO - Filling up the DagBag from /home/airflow/.local/lib/python3.8/site-packages/airflow/example_dags/example_python_operator.py
[2023-11-16T06:20:12.731+0000] {processor.py:839} INFO - DAG(s) dict_keys(['example_python_operator']) retrieved from /home/airflow/.local/lib/python3.8/site-packages/airflow/example_dags/example_python_operator.py
[2023-11-16T06:20:12.746+0000] {logging_mixin.py:154} INFO - [2023-11-16T06:20:12.746+0000] {dag.py:2941} INFO - Sync 1 DAGs
[2023-11-16T06:20:12.754+0000] {logging_mixin.py:154} INFO - [2023-11-16T06:20:12.754+0000] {dag.py:3722} INFO - Setting next_dagrun for example_python_operator to None, run_after=None
[2023-11-16T06:20:12.763+0000] {processor.py:179} INFO - Processing /home/airflow/.local/lib/python3.8/site-packages/airflow/example_dags/example_python_operator.py took 0.045 seconds
[2023-11-16T06:20:43.622+0000] {processor.py:157} INFO - Started process (PID=315) to work on /home/airflow/.local/lib/python3.8/site-packages/airflow/example_dags/example_python_operator.py
[2023-11-16T06:20:43.623+0000] {processor.py:829} INFO - Processing file /home/airflow/.local/lib/python3.8/site-packages/airflow/example_dags/example_python_operator.py for tasks to queue
[2023-11-16T06:20:43.625+0000] {logging_mixin.py:154} INFO - [2023-11-16T06:20:43.625+0000] {dagbag.py:536} INFO - Filling up the DagBag from /home/airflow/.local/lib/python3.8/site-packages/airflow/example_dags/example_python_operator.py
[2023-11-16T06:20:43.636+0000] {processor.py:839} INFO - DAG(s) dict_keys(['example_python_operator']) retrieved from /home/airflow/.local/lib/python3.8/site-packages/airflow/example_dags/example_python_operator.py
[2023-11-16T06:20:43.656+0000] {logging_mixin.py:154} INFO - [2023-11-16T06:20:43.656+0000] {dag.py:2941} INFO - Sync 1 DAGs
[2023-11-16T06:20:43.665+0000] {logging_mixin.py:154} INFO - [2023-11-16T06:20:43.665+0000] {dag.py:3722} INFO - Setting next_dagrun for example_python_operator to None, run_after=None
[2023-11-16T06:20:43.675+0000] {processor.py:179} INFO - Processing /home/airflow/.local/lib/python3.8/site-packages/airflow/example_dags/example_python_operator.py took 0.057 seconds
[2023-11-16T06:21:13.723+0000] {processor.py:157} INFO - Started process (PID=368) to work on /home/airflow/.local/lib/python3.8/site-packages/airflow/example_dags/example_python_operator.py
[2023-11-16T06:21:13.726+0000] {processor.py:829} INFO - Processing file /home/airflow/.local/lib/python3.8/site-packages/airflow/example_dags/example_python_operator.py for tasks to queue
[2023-11-16T06:21:13.730+0000] {logging_mixin.py:154} INFO - [2023-11-16T06:21:13.729+0000] {dagbag.py:536} INFO - Filling up the DagBag from /home/airflow/.local/lib/python3.8/site-packages/airflow/example_dags/example_python_operator.py
[2023-11-16T06:21:13.740+0000] {processor.py:839} INFO - DAG(s) dict_keys(['example_python_operator']) retrieved from /home/airflow/.local/lib/python3.8/site-packages/airflow/example_dags/example_python_operator.py
[2023-11-16T06:21:13.759+0000] {logging_mixin.py:154} INFO - [2023-11-16T06:21:13.759+0000] {dag.py:2941} INFO - Sync 1 DAGs
[2023-11-16T06:21:13.767+0000] {logging_mixin.py:154} INFO - [2023-11-16T06:21:13.766+0000] {dag.py:3722} INFO - Setting next_dagrun for example_python_operator to None, run_after=None
[2023-11-16T06:21:13.777+0000] {processor.py:179} INFO - Processing /home/airflow/.local/lib/python3.8/site-packages/airflow/example_dags/example_python_operator.py took 0.060 seconds
[2023-11-16T06:21:43.961+0000] {processor.py:157} INFO - Started process (PID=423) to work on /home/airflow/.local/lib/python3.8/site-packages/airflow/example_dags/example_python_operator.py
[2023-11-16T06:21:43.963+0000] {processor.py:829} INFO - Processing file /home/airflow/.local/lib/python3.8/site-packages/airflow/example_dags/example_python_operator.py for tasks to queue
[2023-11-16T06:21:43.965+0000] {logging_mixin.py:154} INFO - [2023-11-16T06:21:43.965+0000] {dagbag.py:536} INFO - Filling up the DagBag from /home/airflow/.local/lib/python3.8/site-packages/airflow/example_dags/example_python_operator.py
[2023-11-16T06:21:43.974+0000] {processor.py:839} INFO - DAG(s) dict_keys(['example_python_operator']) retrieved from /home/airflow/.local/lib/python3.8/site-packages/airflow/example_dags/example_python_operator.py
[2023-11-16T06:21:43.990+0000] {logging_mixin.py:154} INFO - [2023-11-16T06:21:43.990+0000] {dag.py:2941} INFO - Sync 1 DAGs
[2023-11-16T06:21:43.998+0000] {logging_mixin.py:154} INFO - [2023-11-16T06:21:43.998+0000] {dag.py:3722} INFO - Setting next_dagrun for example_python_operator to None, run_after=None
[2023-11-16T06:21:44.008+0000] {processor.py:179} INFO - Processing /home/airflow/.local/lib/python3.8/site-packages/airflow/example_dags/example_python_operator.py took 0.050 seconds
[2023-11-16T06:22:14.188+0000] {processor.py:157} INFO - Started process (PID=477) to work on /home/airflow/.local/lib/python3.8/site-packages/airflow/example_dags/example_python_operator.py
[2023-11-16T06:22:14.190+0000] {processor.py:829} INFO - Processing file /home/airflow/.local/lib/python3.8/site-packages/airflow/example_dags/example_python_operator.py for tasks to queue
[2023-11-16T06:22:14.192+0000] {logging_mixin.py:154} INFO - [2023-11-16T06:22:14.192+0000] {dagbag.py:536} INFO - Filling up the DagBag from /home/airflow/.local/lib/python3.8/site-packages/airflow/example_dags/example_python_operator.py
[2023-11-16T06:22:14.202+0000] {processor.py:839} INFO - DAG(s) dict_keys(['example_python_operator']) retrieved from /home/airflow/.local/lib/python3.8/site-packages/airflow/example_dags/example_python_operator.py
[2023-11-16T06:22:14.218+0000] {logging_mixin.py:154} INFO - [2023-11-16T06:22:14.218+0000] {dag.py:2941} INFO - Sync 1 DAGs
[2023-11-16T06:22:14.226+0000] {logging_mixin.py:154} INFO - [2023-11-16T06:22:14.226+0000] {dag.py:3722} INFO - Setting next_dagrun for example_python_operator to None, run_after=None
[2023-11-16T06:22:14.236+0000] {processor.py:179} INFO - Processing /home/airflow/.local/lib/python3.8/site-packages/airflow/example_dags/example_python_operator.py took 0.052 seconds
[2023-11-16T06:22:44.382+0000] {processor.py:157} INFO - Started process (PID=531) to work on /home/airflow/.local/lib/python3.8/site-packages/airflow/example_dags/example_python_operator.py
[2023-11-16T06:22:44.384+0000] {processor.py:829} INFO - Processing file /home/airflow/.local/lib/python3.8/site-packages/airflow/example_dags/example_python_operator.py for tasks to queue
[2023-11-16T06:22:44.386+0000] {logging_mixin.py:154} INFO - [2023-11-16T06:22:44.385+0000] {dagbag.py:536} INFO - Filling up the DagBag from /home/airflow/.local/lib/python3.8/site-packages/airflow/example_dags/example_python_operator.py
[2023-11-16T06:22:44.394+0000] {processor.py:839} INFO - DAG(s) dict_keys(['example_python_operator']) retrieved from /home/airflow/.local/lib/python3.8/site-packages/airflow/example_dags/example_python_operator.py
[2023-11-16T06:22:44.408+0000] {logging_mixin.py:154} INFO - [2023-11-16T06:22:44.408+0000] {dag.py:2941} INFO - Sync 1 DAGs
[2023-11-16T06:22:44.416+0000] {logging_mixin.py:154} INFO - [2023-11-16T06:22:44.415+0000] {dag.py:3722} INFO - Setting next_dagrun for example_python_operator to None, run_after=None
[2023-11-16T06:22:44.425+0000] {processor.py:179} INFO - Processing /home/airflow/.local/lib/python3.8/site-packages/airflow/example_dags/example_python_operator.py took 0.046 seconds
[2023-11-16T06:23:14.567+0000] {processor.py:157} INFO - Started process (PID=585) to work on /home/airflow/.local/lib/python3.8/site-packages/airflow/example_dags/example_python_operator.py
[2023-11-16T06:23:14.568+0000] {processor.py:829} INFO - Processing file /home/airflow/.local/lib/python3.8/site-packages/airflow/example_dags/example_python_operator.py for tasks to queue
[2023-11-16T06:23:14.570+0000] {logging_mixin.py:154} INFO - [2023-11-16T06:23:14.569+0000] {dagbag.py:536} INFO - Filling up the DagBag from /home/airflow/.local/lib/python3.8/site-packages/airflow/example_dags/example_python_operator.py
[2023-11-16T06:23:14.576+0000] {processor.py:839} INFO - DAG(s) dict_keys(['example_python_operator']) retrieved from /home/airflow/.local/lib/python3.8/site-packages/airflow/example_dags/example_python_operator.py
[2023-11-16T06:23:14.594+0000] {logging_mixin.py:154} INFO - [2023-11-16T06:23:14.594+0000] {dag.py:2941} INFO - Sync 1 DAGs
[2023-11-16T06:23:14.603+0000] {logging_mixin.py:154} INFO - [2023-11-16T06:23:14.603+0000] {dag.py:3722} INFO - Setting next_dagrun for example_python_operator to None, run_after=None
[2023-11-16T06:23:14.624+0000] {processor.py:179} INFO - Processing /home/airflow/.local/lib/python3.8/site-packages/airflow/example_dags/example_python_operator.py took 0.061 seconds
[2023-11-16T06:23:44.864+0000] {processor.py:157} INFO - Started process (PID=639) to work on /home/airflow/.local/lib/python3.8/site-packages/airflow/example_dags/example_python_operator.py
[2023-11-16T06:23:44.865+0000] {processor.py:829} INFO - Processing file /home/airflow/.local/lib/python3.8/site-packages/airflow/example_dags/example_python_operator.py for tasks to queue
[2023-11-16T06:23:44.867+0000] {logging_mixin.py:154} INFO - [2023-11-16T06:23:44.866+0000] {dagbag.py:536} INFO - Filling up the DagBag from /home/airflow/.local/lib/python3.8/site-packages/airflow/example_dags/example_python_operator.py
[2023-11-16T06:23:44.872+0000] {processor.py:839} INFO - DAG(s) dict_keys(['example_python_operator']) retrieved from /home/airflow/.local/lib/python3.8/site-packages/airflow/example_dags/example_python_operator.py
[2023-11-16T06:23:44.883+0000] {logging_mixin.py:154} INFO - [2023-11-16T06:23:44.883+0000] {dag.py:2941} INFO - Sync 1 DAGs
[2023-11-16T06:23:44.889+0000] {logging_mixin.py:154} INFO - [2023-11-16T06:23:44.889+0000] {dag.py:3722} INFO - Setting next_dagrun for example_python_operator to None, run_after=None
[2023-11-16T06:23:44.897+0000] {processor.py:179} INFO - Processing /home/airflow/.local/lib/python3.8/site-packages/airflow/example_dags/example_python_operator.py took 0.035 seconds
[2023-11-16T06:24:15.103+0000] {processor.py:157} INFO - Started process (PID=693) to work on /home/airflow/.local/lib/python3.8/site-packages/airflow/example_dags/example_python_operator.py
[2023-11-16T06:24:15.104+0000] {processor.py:829} INFO - Processing file /home/airflow/.local/lib/python3.8/site-packages/airflow/example_dags/example_python_operator.py for tasks to queue
[2023-11-16T06:24:15.105+0000] {logging_mixin.py:154} INFO - [2023-11-16T06:24:15.105+0000] {dagbag.py:536} INFO - Filling up the DagBag from /home/airflow/.local/lib/python3.8/site-packages/airflow/example_dags/example_python_operator.py
[2023-11-16T06:24:15.111+0000] {processor.py:839} INFO - DAG(s) dict_keys(['example_python_operator']) retrieved from /home/airflow/.local/lib/python3.8/site-packages/airflow/example_dags/example_python_operator.py
[2023-11-16T06:24:15.124+0000] {logging_mixin.py:154} INFO - [2023-11-16T06:24:15.123+0000] {dag.py:2941} INFO - Sync 1 DAGs
[2023-11-16T06:24:15.130+0000] {logging_mixin.py:154} INFO - [2023-11-16T06:24:15.130+0000] {dag.py:3722} INFO - Setting next_dagrun for example_python_operator to None, run_after=None
[2023-11-16T06:24:15.140+0000] {processor.py:179} INFO - Processing /home/airflow/.local/lib/python3.8/site-packages/airflow/example_dags/example_python_operator.py took 0.039 seconds
[2023-11-16T06:24:45.308+0000] {processor.py:157} INFO - Started process (PID=747) to work on /home/airflow/.local/lib/python3.8/site-packages/airflow/example_dags/example_python_operator.py
[2023-11-16T06:24:45.309+0000] {processor.py:829} INFO - Processing file /home/airflow/.local/lib/python3.8/site-packages/airflow/example_dags/example_python_operator.py for tasks to queue
[2023-11-16T06:24:45.311+0000] {logging_mixin.py:154} INFO - [2023-11-16T06:24:45.311+0000] {dagbag.py:536} INFO - Filling up the DagBag from /home/airflow/.local/lib/python3.8/site-packages/airflow/example_dags/example_python_operator.py
[2023-11-16T06:24:45.316+0000] {processor.py:839} INFO - DAG(s) dict_keys(['example_python_operator']) retrieved from /home/airflow/.local/lib/python3.8/site-packages/airflow/example_dags/example_python_operator.py
[2023-11-16T06:24:45.329+0000] {logging_mixin.py:154} INFO - [2023-11-16T06:24:45.329+0000] {dag.py:2941} INFO - Sync 1 DAGs
[2023-11-16T06:24:45.335+0000] {logging_mixin.py:154} INFO - [2023-11-16T06:24:45.335+0000] {dag.py:3722} INFO - Setting next_dagrun for example_python_operator to None, run_after=None
[2023-11-16T06:24:45.345+0000] {processor.py:179} INFO - Processing /home/airflow/.local/lib/python3.8/site-packages/airflow/example_dags/example_python_operator.py took 0.039 seconds
[2023-11-16T06:25:15.685+0000] {processor.py:157} INFO - Started process (PID=801) to work on /home/airflow/.local/lib/python3.8/site-packages/airflow/example_dags/example_python_operator.py
[2023-11-16T06:25:15.686+0000] {processor.py:829} INFO - Processing file /home/airflow/.local/lib/python3.8/site-packages/airflow/example_dags/example_python_operator.py for tasks to queue
[2023-11-16T06:25:15.688+0000] {logging_mixin.py:154} INFO - [2023-11-16T06:25:15.688+0000] {dagbag.py:536} INFO - Filling up the DagBag from /home/airflow/.local/lib/python3.8/site-packages/airflow/example_dags/example_python_operator.py
[2023-11-16T06:25:15.693+0000] {processor.py:839} INFO - DAG(s) dict_keys(['example_python_operator']) retrieved from /home/airflow/.local/lib/python3.8/site-packages/airflow/example_dags/example_python_operator.py
[2023-11-16T06:25:15.708+0000] {logging_mixin.py:154} INFO - [2023-11-16T06:25:15.708+0000] {dag.py:2941} INFO - Sync 1 DAGs
[2023-11-16T06:25:15.714+0000] {logging_mixin.py:154} INFO - [2023-11-16T06:25:15.714+0000] {dag.py:3722} INFO - Setting next_dagrun for example_python_operator to None, run_after=None
[2023-11-16T06:25:15.724+0000] {processor.py:179} INFO - Processing /home/airflow/.local/lib/python3.8/site-packages/airflow/example_dags/example_python_operator.py took 0.041 seconds
[2023-11-16T06:25:46.349+0000] {processor.py:157} INFO - Started process (PID=855) to work on /home/airflow/.local/lib/python3.8/site-packages/airflow/example_dags/example_python_operator.py
[2023-11-16T06:25:46.350+0000] {processor.py:829} INFO - Processing file /home/airflow/.local/lib/python3.8/site-packages/airflow/example_dags/example_python_operator.py for tasks to queue
[2023-11-16T06:25:46.351+0000] {logging_mixin.py:154} INFO - [2023-11-16T06:25:46.351+0000] {dagbag.py:536} INFO - Filling up the DagBag from /home/airflow/.local/lib/python3.8/site-packages/airflow/example_dags/example_python_operator.py
[2023-11-16T06:25:46.359+0000] {processor.py:839} INFO - DAG(s) dict_keys(['example_python_operator']) retrieved from /home/airflow/.local/lib/python3.8/site-packages/airflow/example_dags/example_python_operator.py
[2023-11-16T06:25:46.377+0000] {logging_mixin.py:154} INFO - [2023-11-16T06:25:46.377+0000] {dag.py:2941} INFO - Sync 1 DAGs
[2023-11-16T06:25:46.384+0000] {logging_mixin.py:154} INFO - [2023-11-16T06:25:46.384+0000] {dag.py:3722} INFO - Setting next_dagrun for example_python_operator to None, run_after=None
[2023-11-16T06:25:46.395+0000] {processor.py:179} INFO - Processing /home/airflow/.local/lib/python3.8/site-packages/airflow/example_dags/example_python_operator.py took 0.049 seconds
[2023-11-16T06:26:16.847+0000] {processor.py:157} INFO - Started process (PID=909) to work on /home/airflow/.local/lib/python3.8/site-packages/airflow/example_dags/example_python_operator.py
[2023-11-16T06:26:16.848+0000] {processor.py:829} INFO - Processing file /home/airflow/.local/lib/python3.8/site-packages/airflow/example_dags/example_python_operator.py for tasks to queue
[2023-11-16T06:26:16.850+0000] {logging_mixin.py:154} INFO - [2023-11-16T06:26:16.850+0000] {dagbag.py:536} INFO - Filling up the DagBag from /home/airflow/.local/lib/python3.8/site-packages/airflow/example_dags/example_python_operator.py
[2023-11-16T06:26:16.856+0000] {processor.py:839} INFO - DAG(s) dict_keys(['example_python_operator']) retrieved from /home/airflow/.local/lib/python3.8/site-packages/airflow/example_dags/example_python_operator.py
[2023-11-16T06:26:16.871+0000] {logging_mixin.py:154} INFO - [2023-11-16T06:26:16.871+0000] {dag.py:2941} INFO - Sync 1 DAGs
[2023-11-16T06:26:16.878+0000] {logging_mixin.py:154} INFO - [2023-11-16T06:26:16.878+0000] {dag.py:3722} INFO - Setting next_dagrun for example_python_operator to None, run_after=None
[2023-11-16T06:26:16.888+0000] {processor.py:179} INFO - Processing /home/airflow/.local/lib/python3.8/site-packages/airflow/example_dags/example_python_operator.py took 0.044 seconds
[2023-11-16T06:26:47.732+0000] {processor.py:157} INFO - Started process (PID=963) to work on /home/airflow/.local/lib/python3.8/site-packages/airflow/example_dags/example_python_operator.py
[2023-11-16T06:26:47.733+0000] {processor.py:829} INFO - Processing file /home/airflow/.local/lib/python3.8/site-packages/airflow/example_dags/example_python_operator.py for tasks to queue
[2023-11-16T06:26:47.735+0000] {logging_mixin.py:154} INFO - [2023-11-16T06:26:47.734+0000] {dagbag.py:536} INFO - Filling up the DagBag from /home/airflow/.local/lib/python3.8/site-packages/airflow/example_dags/example_python_operator.py
[2023-11-16T06:26:47.740+0000] {processor.py:839} INFO - DAG(s) dict_keys(['example_python_operator']) retrieved from /home/airflow/.local/lib/python3.8/site-packages/airflow/example_dags/example_python_operator.py
[2023-11-16T06:26:47.755+0000] {logging_mixin.py:154} INFO - [2023-11-16T06:26:47.755+0000] {dag.py:2941} INFO - Sync 1 DAGs
[2023-11-16T06:26:47.763+0000] {logging_mixin.py:154} INFO - [2023-11-16T06:26:47.763+0000] {dag.py:3722} INFO - Setting next_dagrun for example_python_operator to None, run_after=None
[2023-11-16T06:26:47.775+0000] {processor.py:179} INFO - Processing /home/airflow/.local/lib/python3.8/site-packages/airflow/example_dags/example_python_operator.py took 0.045 seconds
[2023-11-16T06:27:18.845+0000] {processor.py:157} INFO - Started process (PID=1017) to work on /home/airflow/.local/lib/python3.8/site-packages/airflow/example_dags/example_python_operator.py
[2023-11-16T06:27:18.846+0000] {processor.py:829} INFO - Processing file /home/airflow/.local/lib/python3.8/site-packages/airflow/example_dags/example_python_operator.py for tasks to queue
[2023-11-16T06:27:18.848+0000] {logging_mixin.py:154} INFO - [2023-11-16T06:27:18.848+0000] {dagbag.py:536} INFO - Filling up the DagBag from /home/airflow/.local/lib/python3.8/site-packages/airflow/example_dags/example_python_operator.py
[2023-11-16T06:27:18.856+0000] {processor.py:839} INFO - DAG(s) dict_keys(['example_python_operator']) retrieved from /home/airflow/.local/lib/python3.8/site-packages/airflow/example_dags/example_python_operator.py
[2023-11-16T06:27:18.875+0000] {logging_mixin.py:154} INFO - [2023-11-16T06:27:18.874+0000] {dag.py:2941} INFO - Sync 1 DAGs
[2023-11-16T06:27:18.888+0000] {logging_mixin.py:154} INFO - [2023-11-16T06:27:18.888+0000] {dag.py:3722} INFO - Setting next_dagrun for example_python_operator to None, run_after=None
[2023-11-16T06:27:19.020+0000] {processor.py:179} INFO - Processing /home/airflow/.local/lib/python3.8/site-packages/airflow/example_dags/example_python_operator.py took 0.177 seconds
[2023-11-16T06:27:50.036+0000] {processor.py:157} INFO - Started process (PID=1071) to work on /home/airflow/.local/lib/python3.8/site-packages/airflow/example_dags/example_python_operator.py
[2023-11-16T06:27:50.038+0000] {processor.py:829} INFO - Processing file /home/airflow/.local/lib/python3.8/site-packages/airflow/example_dags/example_python_operator.py for tasks to queue
[2023-11-16T06:27:50.042+0000] {logging_mixin.py:154} INFO - [2023-11-16T06:27:50.041+0000] {dagbag.py:536} INFO - Filling up the DagBag from /home/airflow/.local/lib/python3.8/site-packages/airflow/example_dags/example_python_operator.py
[2023-11-16T06:27:50.053+0000] {processor.py:839} INFO - DAG(s) dict_keys(['example_python_operator']) retrieved from /home/airflow/.local/lib/python3.8/site-packages/airflow/example_dags/example_python_operator.py
[2023-11-16T06:27:50.075+0000] {logging_mixin.py:154} INFO - [2023-11-16T06:27:50.075+0000] {dag.py:2941} INFO - Sync 1 DAGs
[2023-11-16T06:27:50.084+0000] {logging_mixin.py:154} INFO - [2023-11-16T06:27:50.083+0000] {dag.py:3722} INFO - Setting next_dagrun for example_python_operator to None, run_after=None
[2023-11-16T06:27:50.094+0000] {processor.py:179} INFO - Processing /home/airflow/.local/lib/python3.8/site-packages/airflow/example_dags/example_python_operator.py took 0.065 seconds
[2023-11-16T06:28:20.371+0000] {processor.py:157} INFO - Started process (PID=1125) to work on /home/airflow/.local/lib/python3.8/site-packages/airflow/example_dags/example_python_operator.py
[2023-11-16T06:28:20.373+0000] {processor.py:829} INFO - Processing file /home/airflow/.local/lib/python3.8/site-packages/airflow/example_dags/example_python_operator.py for tasks to queue
[2023-11-16T06:28:20.376+0000] {logging_mixin.py:154} INFO - [2023-11-16T06:28:20.376+0000] {dagbag.py:536} INFO - Filling up the DagBag from /home/airflow/.local/lib/python3.8/site-packages/airflow/example_dags/example_python_operator.py
[2023-11-16T06:28:20.386+0000] {processor.py:839} INFO - DAG(s) dict_keys(['example_python_operator']) retrieved from /home/airflow/.local/lib/python3.8/site-packages/airflow/example_dags/example_python_operator.py
[2023-11-16T06:28:20.405+0000] {logging_mixin.py:154} INFO - [2023-11-16T06:28:20.405+0000] {dag.py:2941} INFO - Sync 1 DAGs
[2023-11-16T06:28:20.414+0000] {logging_mixin.py:154} INFO - [2023-11-16T06:28:20.414+0000] {dag.py:3722} INFO - Setting next_dagrun for example_python_operator to None, run_after=None
[2023-11-16T06:28:20.423+0000] {processor.py:179} INFO - Processing /home/airflow/.local/lib/python3.8/site-packages/airflow/example_dags/example_python_operator.py took 0.058 seconds
[2023-11-16T06:28:51.054+0000] {processor.py:157} INFO - Started process (PID=1179) to work on /home/airflow/.local/lib/python3.8/site-packages/airflow/example_dags/example_python_operator.py
[2023-11-16T06:28:51.057+0000] {processor.py:829} INFO - Processing file /home/airflow/.local/lib/python3.8/site-packages/airflow/example_dags/example_python_operator.py for tasks to queue
[2023-11-16T06:28:51.061+0000] {logging_mixin.py:154} INFO - [2023-11-16T06:28:51.060+0000] {dagbag.py:536} INFO - Filling up the DagBag from /home/airflow/.local/lib/python3.8/site-packages/airflow/example_dags/example_python_operator.py
[2023-11-16T06:28:51.074+0000] {processor.py:839} INFO - DAG(s) dict_keys(['example_python_operator']) retrieved from /home/airflow/.local/lib/python3.8/site-packages/airflow/example_dags/example_python_operator.py
[2023-11-16T06:28:51.094+0000] {logging_mixin.py:154} INFO - [2023-11-16T06:28:51.094+0000] {dag.py:2941} INFO - Sync 1 DAGs
[2023-11-16T06:28:51.103+0000] {logging_mixin.py:154} INFO - [2023-11-16T06:28:51.103+0000] {dag.py:3722} INFO - Setting next_dagrun for example_python_operator to None, run_after=None
[2023-11-16T06:28:51.113+0000] {processor.py:179} INFO - Processing /home/airflow/.local/lib/python3.8/site-packages/airflow/example_dags/example_python_operator.py took 0.064 seconds
[2023-11-16T06:29:21.770+0000] {processor.py:157} INFO - Started process (PID=1233) to work on /home/airflow/.local/lib/python3.8/site-packages/airflow/example_dags/example_python_operator.py
[2023-11-16T06:29:21.772+0000] {processor.py:829} INFO - Processing file /home/airflow/.local/lib/python3.8/site-packages/airflow/example_dags/example_python_operator.py for tasks to queue
[2023-11-16T06:29:21.775+0000] {logging_mixin.py:154} INFO - [2023-11-16T06:29:21.775+0000] {dagbag.py:536} INFO - Filling up the DagBag from /home/airflow/.local/lib/python3.8/site-packages/airflow/example_dags/example_python_operator.py
[2023-11-16T06:29:21.785+0000] {processor.py:839} INFO - DAG(s) dict_keys(['example_python_operator']) retrieved from /home/airflow/.local/lib/python3.8/site-packages/airflow/example_dags/example_python_operator.py
[2023-11-16T06:29:21.904+0000] {logging_mixin.py:154} INFO - [2023-11-16T06:29:21.904+0000] {dag.py:2941} INFO - Sync 1 DAGs
[2023-11-16T06:29:21.911+0000] {logging_mixin.py:154} INFO - [2023-11-16T06:29:21.911+0000] {dag.py:3722} INFO - Setting next_dagrun for example_python_operator to None, run_after=None
[2023-11-16T06:29:21.921+0000] {processor.py:179} INFO - Processing /home/airflow/.local/lib/python3.8/site-packages/airflow/example_dags/example_python_operator.py took 0.157 seconds
[2023-11-16T06:29:51.996+0000] {processor.py:157} INFO - Started process (PID=1287) to work on /home/airflow/.local/lib/python3.8/site-packages/airflow/example_dags/example_python_operator.py
[2023-11-16T06:29:51.998+0000] {processor.py:829} INFO - Processing file /home/airflow/.local/lib/python3.8/site-packages/airflow/example_dags/example_python_operator.py for tasks to queue
[2023-11-16T06:29:52.001+0000] {logging_mixin.py:154} INFO - [2023-11-16T06:29:52.000+0000] {dagbag.py:536} INFO - Filling up the DagBag from /home/airflow/.local/lib/python3.8/site-packages/airflow/example_dags/example_python_operator.py
[2023-11-16T06:29:52.015+0000] {processor.py:839} INFO - DAG(s) dict_keys(['example_python_operator']) retrieved from /home/airflow/.local/lib/python3.8/site-packages/airflow/example_dags/example_python_operator.py
[2023-11-16T06:29:52.038+0000] {logging_mixin.py:154} INFO - [2023-11-16T06:29:52.038+0000] {dag.py:2941} INFO - Sync 1 DAGs
[2023-11-16T06:29:52.214+0000] {logging_mixin.py:154} INFO - [2023-11-16T06:29:52.214+0000] {dag.py:3722} INFO - Setting next_dagrun for example_python_operator to None, run_after=None
[2023-11-16T06:29:52.224+0000] {processor.py:179} INFO - Processing /home/airflow/.local/lib/python3.8/site-packages/airflow/example_dags/example_python_operator.py took 0.233 seconds
[2023-11-16T06:30:22.316+0000] {processor.py:157} INFO - Started process (PID=1341) to work on /home/airflow/.local/lib/python3.8/site-packages/airflow/example_dags/example_python_operator.py
[2023-11-16T06:30:22.316+0000] {processor.py:829} INFO - Processing file /home/airflow/.local/lib/python3.8/site-packages/airflow/example_dags/example_python_operator.py for tasks to queue
[2023-11-16T06:30:22.318+0000] {logging_mixin.py:154} INFO - [2023-11-16T06:30:22.318+0000] {dagbag.py:536} INFO - Filling up the DagBag from /home/airflow/.local/lib/python3.8/site-packages/airflow/example_dags/example_python_operator.py
[2023-11-16T06:30:22.323+0000] {processor.py:839} INFO - DAG(s) dict_keys(['example_python_operator']) retrieved from /home/airflow/.local/lib/python3.8/site-packages/airflow/example_dags/example_python_operator.py
[2023-11-16T06:30:22.336+0000] {logging_mixin.py:154} INFO - [2023-11-16T06:30:22.336+0000] {dag.py:2941} INFO - Sync 1 DAGs
[2023-11-16T06:30:22.342+0000] {logging_mixin.py:154} INFO - [2023-11-16T06:30:22.342+0000] {dag.py:3722} INFO - Setting next_dagrun for example_python_operator to None, run_after=None
[2023-11-16T06:30:22.351+0000] {processor.py:179} INFO - Processing /home/airflow/.local/lib/python3.8/site-packages/airflow/example_dags/example_python_operator.py took 0.037 seconds
[2023-11-16T06:30:53.337+0000] {processor.py:157} INFO - Started process (PID=1395) to work on /home/airflow/.local/lib/python3.8/site-packages/airflow/example_dags/example_python_operator.py
[2023-11-16T06:30:53.338+0000] {processor.py:829} INFO - Processing file /home/airflow/.local/lib/python3.8/site-packages/airflow/example_dags/example_python_operator.py for tasks to queue
[2023-11-16T06:30:53.340+0000] {logging_mixin.py:154} INFO - [2023-11-16T06:30:53.340+0000] {dagbag.py:536} INFO - Filling up the DagBag from /home/airflow/.local/lib/python3.8/site-packages/airflow/example_dags/example_python_operator.py
[2023-11-16T06:30:53.345+0000] {processor.py:839} INFO - DAG(s) dict_keys(['example_python_operator']) retrieved from /home/airflow/.local/lib/python3.8/site-packages/airflow/example_dags/example_python_operator.py
[2023-11-16T06:30:53.359+0000] {logging_mixin.py:154} INFO - [2023-11-16T06:30:53.359+0000] {dag.py:2941} INFO - Sync 1 DAGs
[2023-11-16T06:30:53.366+0000] {logging_mixin.py:154} INFO - [2023-11-16T06:30:53.366+0000] {dag.py:3722} INFO - Setting next_dagrun for example_python_operator to None, run_after=None
[2023-11-16T06:30:53.376+0000] {processor.py:179} INFO - Processing /home/airflow/.local/lib/python3.8/site-packages/airflow/example_dags/example_python_operator.py took 0.041 seconds
[2023-11-16T06:31:24.240+0000] {processor.py:157} INFO - Started process (PID=1449) to work on /home/airflow/.local/lib/python3.8/site-packages/airflow/example_dags/example_python_operator.py
[2023-11-16T06:31:24.241+0000] {processor.py:829} INFO - Processing file /home/airflow/.local/lib/python3.8/site-packages/airflow/example_dags/example_python_operator.py for tasks to queue
[2023-11-16T06:31:24.243+0000] {logging_mixin.py:154} INFO - [2023-11-16T06:31:24.243+0000] {dagbag.py:536} INFO - Filling up the DagBag from /home/airflow/.local/lib/python3.8/site-packages/airflow/example_dags/example_python_operator.py
[2023-11-16T06:31:24.248+0000] {processor.py:839} INFO - DAG(s) dict_keys(['example_python_operator']) retrieved from /home/airflow/.local/lib/python3.8/site-packages/airflow/example_dags/example_python_operator.py
[2023-11-16T06:31:24.261+0000] {logging_mixin.py:154} INFO - [2023-11-16T06:31:24.261+0000] {dag.py:2941} INFO - Sync 1 DAGs
[2023-11-16T06:31:24.267+0000] {logging_mixin.py:154} INFO - [2023-11-16T06:31:24.267+0000] {dag.py:3722} INFO - Setting next_dagrun for example_python_operator to None, run_after=None
[2023-11-16T06:31:24.275+0000] {processor.py:179} INFO - Processing /home/airflow/.local/lib/python3.8/site-packages/airflow/example_dags/example_python_operator.py took 0.037 seconds
[2023-11-16T06:42:46.915+0000] {processor.py:157} INFO - Started process (PID=45) to work on /home/airflow/.local/lib/python3.8/site-packages/airflow/example_dags/example_python_operator.py
[2023-11-16T06:42:46.916+0000] {processor.py:829} INFO - Processing file /home/airflow/.local/lib/python3.8/site-packages/airflow/example_dags/example_python_operator.py for tasks to queue
[2023-11-16T06:42:46.919+0000] {logging_mixin.py:154} INFO - [2023-11-16T06:42:46.919+0000] {dagbag.py:536} INFO - Filling up the DagBag from /home/airflow/.local/lib/python3.8/site-packages/airflow/example_dags/example_python_operator.py
[2023-11-16T06:42:46.931+0000] {processor.py:839} INFO - DAG(s) dict_keys(['example_python_operator']) retrieved from /home/airflow/.local/lib/python3.8/site-packages/airflow/example_dags/example_python_operator.py
[2023-11-16T06:42:46.945+0000] {logging_mixin.py:154} INFO - [2023-11-16T06:42:46.945+0000] {dag.py:2941} INFO - Sync 1 DAGs
[2023-11-16T06:42:46.960+0000] {logging_mixin.py:154} INFO - [2023-11-16T06:42:46.960+0000] {dag.py:3722} INFO - Setting next_dagrun for example_python_operator to None, run_after=None
[2023-11-16T06:42:46.979+0000] {processor.py:179} INFO - Processing /home/airflow/.local/lib/python3.8/site-packages/airflow/example_dags/example_python_operator.py took 0.067 seconds
[2023-11-16T06:43:17.715+0000] {processor.py:157} INFO - Started process (PID=99) to work on /home/airflow/.local/lib/python3.8/site-packages/airflow/example_dags/example_python_operator.py
[2023-11-16T06:43:17.716+0000] {processor.py:829} INFO - Processing file /home/airflow/.local/lib/python3.8/site-packages/airflow/example_dags/example_python_operator.py for tasks to queue
[2023-11-16T06:43:17.717+0000] {logging_mixin.py:154} INFO - [2023-11-16T06:43:17.717+0000] {dagbag.py:536} INFO - Filling up the DagBag from /home/airflow/.local/lib/python3.8/site-packages/airflow/example_dags/example_python_operator.py
[2023-11-16T06:43:17.723+0000] {processor.py:839} INFO - DAG(s) dict_keys(['example_python_operator']) retrieved from /home/airflow/.local/lib/python3.8/site-packages/airflow/example_dags/example_python_operator.py
[2023-11-16T06:43:17.875+0000] {logging_mixin.py:154} INFO - [2023-11-16T06:43:17.875+0000] {dag.py:2941} INFO - Sync 1 DAGs
[2023-11-16T06:43:17.882+0000] {logging_mixin.py:154} INFO - [2023-11-16T06:43:17.882+0000] {dag.py:3722} INFO - Setting next_dagrun for example_python_operator to None, run_after=None
[2023-11-16T06:43:17.893+0000] {processor.py:179} INFO - Processing /home/airflow/.local/lib/python3.8/site-packages/airflow/example_dags/example_python_operator.py took 0.181 seconds
[2023-11-16T06:43:48.172+0000] {processor.py:157} INFO - Started process (PID=153) to work on /home/airflow/.local/lib/python3.8/site-packages/airflow/example_dags/example_python_operator.py
[2023-11-16T06:43:48.173+0000] {processor.py:829} INFO - Processing file /home/airflow/.local/lib/python3.8/site-packages/airflow/example_dags/example_python_operator.py for tasks to queue
[2023-11-16T06:43:48.175+0000] {logging_mixin.py:154} INFO - [2023-11-16T06:43:48.175+0000] {dagbag.py:536} INFO - Filling up the DagBag from /home/airflow/.local/lib/python3.8/site-packages/airflow/example_dags/example_python_operator.py
[2023-11-16T06:43:48.181+0000] {processor.py:839} INFO - DAG(s) dict_keys(['example_python_operator']) retrieved from /home/airflow/.local/lib/python3.8/site-packages/airflow/example_dags/example_python_operator.py
[2023-11-16T06:43:48.193+0000] {logging_mixin.py:154} INFO - [2023-11-16T06:43:48.193+0000] {dag.py:2941} INFO - Sync 1 DAGs
[2023-11-16T06:43:48.199+0000] {logging_mixin.py:154} INFO - [2023-11-16T06:43:48.199+0000] {dag.py:3722} INFO - Setting next_dagrun for example_python_operator to None, run_after=None
[2023-11-16T06:43:48.213+0000] {processor.py:179} INFO - Processing /home/airflow/.local/lib/python3.8/site-packages/airflow/example_dags/example_python_operator.py took 0.043 seconds
[2023-11-16T06:44:19.068+0000] {processor.py:157} INFO - Started process (PID=207) to work on /home/airflow/.local/lib/python3.8/site-packages/airflow/example_dags/example_python_operator.py
[2023-11-16T06:44:19.069+0000] {processor.py:829} INFO - Processing file /home/airflow/.local/lib/python3.8/site-packages/airflow/example_dags/example_python_operator.py for tasks to queue
[2023-11-16T06:44:19.071+0000] {logging_mixin.py:154} INFO - [2023-11-16T06:44:19.071+0000] {dagbag.py:536} INFO - Filling up the DagBag from /home/airflow/.local/lib/python3.8/site-packages/airflow/example_dags/example_python_operator.py
[2023-11-16T06:44:19.076+0000] {processor.py:839} INFO - DAG(s) dict_keys(['example_python_operator']) retrieved from /home/airflow/.local/lib/python3.8/site-packages/airflow/example_dags/example_python_operator.py
[2023-11-16T06:44:19.088+0000] {logging_mixin.py:154} INFO - [2023-11-16T06:44:19.088+0000] {dag.py:2941} INFO - Sync 1 DAGs
[2023-11-16T06:44:19.094+0000] {logging_mixin.py:154} INFO - [2023-11-16T06:44:19.094+0000] {dag.py:3722} INFO - Setting next_dagrun for example_python_operator to None, run_after=None
[2023-11-16T06:44:19.103+0000] {processor.py:179} INFO - Processing /home/airflow/.local/lib/python3.8/site-packages/airflow/example_dags/example_python_operator.py took 0.037 seconds
[2023-11-16T06:44:49.863+0000] {processor.py:157} INFO - Started process (PID=262) to work on /home/airflow/.local/lib/python3.8/site-packages/airflow/example_dags/example_python_operator.py
[2023-11-16T06:44:49.864+0000] {processor.py:829} INFO - Processing file /home/airflow/.local/lib/python3.8/site-packages/airflow/example_dags/example_python_operator.py for tasks to queue
[2023-11-16T06:44:49.866+0000] {logging_mixin.py:154} INFO - [2023-11-16T06:44:49.866+0000] {dagbag.py:536} INFO - Filling up the DagBag from /home/airflow/.local/lib/python3.8/site-packages/airflow/example_dags/example_python_operator.py
[2023-11-16T06:44:49.873+0000] {processor.py:839} INFO - DAG(s) dict_keys(['example_python_operator']) retrieved from /home/airflow/.local/lib/python3.8/site-packages/airflow/example_dags/example_python_operator.py
[2023-11-16T06:44:49.887+0000] {logging_mixin.py:154} INFO - [2023-11-16T06:44:49.887+0000] {dag.py:2941} INFO - Sync 1 DAGs
[2023-11-16T06:44:49.894+0000] {logging_mixin.py:154} INFO - [2023-11-16T06:44:49.894+0000] {dag.py:3722} INFO - Setting next_dagrun for example_python_operator to None, run_after=None
[2023-11-16T06:44:49.903+0000] {processor.py:179} INFO - Processing /home/airflow/.local/lib/python3.8/site-packages/airflow/example_dags/example_python_operator.py took 0.041 seconds
[2023-11-16T06:45:20.069+0000] {processor.py:157} INFO - Started process (PID=316) to work on /home/airflow/.local/lib/python3.8/site-packages/airflow/example_dags/example_python_operator.py
[2023-11-16T06:45:20.069+0000] {processor.py:829} INFO - Processing file /home/airflow/.local/lib/python3.8/site-packages/airflow/example_dags/example_python_operator.py for tasks to queue
[2023-11-16T06:45:20.071+0000] {logging_mixin.py:154} INFO - [2023-11-16T06:45:20.071+0000] {dagbag.py:536} INFO - Filling up the DagBag from /home/airflow/.local/lib/python3.8/site-packages/airflow/example_dags/example_python_operator.py
[2023-11-16T06:45:20.077+0000] {processor.py:839} INFO - DAG(s) dict_keys(['example_python_operator']) retrieved from /home/airflow/.local/lib/python3.8/site-packages/airflow/example_dags/example_python_operator.py
[2023-11-16T06:45:20.089+0000] {logging_mixin.py:154} INFO - [2023-11-16T06:45:20.089+0000] {dag.py:2941} INFO - Sync 1 DAGs
[2023-11-16T06:45:20.096+0000] {logging_mixin.py:154} INFO - [2023-11-16T06:45:20.096+0000] {dag.py:3722} INFO - Setting next_dagrun for example_python_operator to None, run_after=None
[2023-11-16T06:45:20.105+0000] {processor.py:179} INFO - Processing /home/airflow/.local/lib/python3.8/site-packages/airflow/example_dags/example_python_operator.py took 0.038 seconds
[2023-11-16T06:45:50.263+0000] {processor.py:157} INFO - Started process (PID=370) to work on /home/airflow/.local/lib/python3.8/site-packages/airflow/example_dags/example_python_operator.py
[2023-11-16T06:45:50.264+0000] {processor.py:829} INFO - Processing file /home/airflow/.local/lib/python3.8/site-packages/airflow/example_dags/example_python_operator.py for tasks to queue
[2023-11-16T06:45:50.266+0000] {logging_mixin.py:154} INFO - [2023-11-16T06:45:50.266+0000] {dagbag.py:536} INFO - Filling up the DagBag from /home/airflow/.local/lib/python3.8/site-packages/airflow/example_dags/example_python_operator.py
[2023-11-16T06:45:50.272+0000] {processor.py:839} INFO - DAG(s) dict_keys(['example_python_operator']) retrieved from /home/airflow/.local/lib/python3.8/site-packages/airflow/example_dags/example_python_operator.py
[2023-11-16T06:45:50.284+0000] {logging_mixin.py:154} INFO - [2023-11-16T06:45:50.284+0000] {dag.py:2941} INFO - Sync 1 DAGs
[2023-11-16T06:45:50.290+0000] {logging_mixin.py:154} INFO - [2023-11-16T06:45:50.290+0000] {dag.py:3722} INFO - Setting next_dagrun for example_python_operator to None, run_after=None
[2023-11-16T06:45:50.299+0000] {processor.py:179} INFO - Processing /home/airflow/.local/lib/python3.8/site-packages/airflow/example_dags/example_python_operator.py took 0.038 seconds
[2023-11-16T06:46:20.528+0000] {processor.py:157} INFO - Started process (PID=424) to work on /home/airflow/.local/lib/python3.8/site-packages/airflow/example_dags/example_python_operator.py
[2023-11-16T06:46:20.529+0000] {processor.py:829} INFO - Processing file /home/airflow/.local/lib/python3.8/site-packages/airflow/example_dags/example_python_operator.py for tasks to queue
[2023-11-16T06:46:20.531+0000] {logging_mixin.py:154} INFO - [2023-11-16T06:46:20.531+0000] {dagbag.py:536} INFO - Filling up the DagBag from /home/airflow/.local/lib/python3.8/site-packages/airflow/example_dags/example_python_operator.py
[2023-11-16T06:46:20.537+0000] {processor.py:839} INFO - DAG(s) dict_keys(['example_python_operator']) retrieved from /home/airflow/.local/lib/python3.8/site-packages/airflow/example_dags/example_python_operator.py
[2023-11-16T06:46:20.549+0000] {logging_mixin.py:154} INFO - [2023-11-16T06:46:20.549+0000] {dag.py:2941} INFO - Sync 1 DAGs
[2023-11-16T06:46:20.556+0000] {logging_mixin.py:154} INFO - [2023-11-16T06:46:20.556+0000] {dag.py:3722} INFO - Setting next_dagrun for example_python_operator to None, run_after=None
[2023-11-16T06:46:20.564+0000] {processor.py:179} INFO - Processing /home/airflow/.local/lib/python3.8/site-packages/airflow/example_dags/example_python_operator.py took 0.038 seconds
[2023-11-16T06:46:50.692+0000] {processor.py:157} INFO - Started process (PID=478) to work on /home/airflow/.local/lib/python3.8/site-packages/airflow/example_dags/example_python_operator.py
[2023-11-16T06:46:50.693+0000] {processor.py:829} INFO - Processing file /home/airflow/.local/lib/python3.8/site-packages/airflow/example_dags/example_python_operator.py for tasks to queue
[2023-11-16T06:46:50.694+0000] {logging_mixin.py:154} INFO - [2023-11-16T06:46:50.694+0000] {dagbag.py:536} INFO - Filling up the DagBag from /home/airflow/.local/lib/python3.8/site-packages/airflow/example_dags/example_python_operator.py
[2023-11-16T06:46:50.700+0000] {processor.py:839} INFO - DAG(s) dict_keys(['example_python_operator']) retrieved from /home/airflow/.local/lib/python3.8/site-packages/airflow/example_dags/example_python_operator.py
[2023-11-16T06:46:50.712+0000] {logging_mixin.py:154} INFO - [2023-11-16T06:46:50.712+0000] {dag.py:2941} INFO - Sync 1 DAGs
[2023-11-16T06:46:50.720+0000] {logging_mixin.py:154} INFO - [2023-11-16T06:46:50.720+0000] {dag.py:3722} INFO - Setting next_dagrun for example_python_operator to None, run_after=None
[2023-11-16T06:46:50.731+0000] {processor.py:179} INFO - Processing /home/airflow/.local/lib/python3.8/site-packages/airflow/example_dags/example_python_operator.py took 0.041 seconds
[2023-11-16T06:47:21.059+0000] {processor.py:157} INFO - Started process (PID=533) to work on /home/airflow/.local/lib/python3.8/site-packages/airflow/example_dags/example_python_operator.py
[2023-11-16T06:47:21.060+0000] {processor.py:829} INFO - Processing file /home/airflow/.local/lib/python3.8/site-packages/airflow/example_dags/example_python_operator.py for tasks to queue
[2023-11-16T06:47:21.062+0000] {logging_mixin.py:154} INFO - [2023-11-16T06:47:21.061+0000] {dagbag.py:536} INFO - Filling up the DagBag from /home/airflow/.local/lib/python3.8/site-packages/airflow/example_dags/example_python_operator.py
[2023-11-16T06:47:21.069+0000] {processor.py:839} INFO - DAG(s) dict_keys(['example_python_operator']) retrieved from /home/airflow/.local/lib/python3.8/site-packages/airflow/example_dags/example_python_operator.py
[2023-11-16T06:47:21.084+0000] {logging_mixin.py:154} INFO - [2023-11-16T06:47:21.084+0000] {dag.py:2941} INFO - Sync 1 DAGs
[2023-11-16T06:47:21.092+0000] {logging_mixin.py:154} INFO - [2023-11-16T06:47:21.092+0000] {dag.py:3722} INFO - Setting next_dagrun for example_python_operator to None, run_after=None
[2023-11-16T06:47:21.102+0000] {processor.py:179} INFO - Processing /home/airflow/.local/lib/python3.8/site-packages/airflow/example_dags/example_python_operator.py took 0.045 seconds
[2023-11-16T06:47:51.271+0000] {processor.py:157} INFO - Started process (PID=587) to work on /home/airflow/.local/lib/python3.8/site-packages/airflow/example_dags/example_python_operator.py
[2023-11-16T06:47:51.272+0000] {processor.py:829} INFO - Processing file /home/airflow/.local/lib/python3.8/site-packages/airflow/example_dags/example_python_operator.py for tasks to queue
[2023-11-16T06:47:51.273+0000] {logging_mixin.py:154} INFO - [2023-11-16T06:47:51.273+0000] {dagbag.py:536} INFO - Filling up the DagBag from /home/airflow/.local/lib/python3.8/site-packages/airflow/example_dags/example_python_operator.py
[2023-11-16T06:47:51.279+0000] {processor.py:839} INFO - DAG(s) dict_keys(['example_python_operator']) retrieved from /home/airflow/.local/lib/python3.8/site-packages/airflow/example_dags/example_python_operator.py
[2023-11-16T06:47:51.292+0000] {logging_mixin.py:154} INFO - [2023-11-16T06:47:51.292+0000] {dag.py:2941} INFO - Sync 1 DAGs
[2023-11-16T06:47:51.300+0000] {logging_mixin.py:154} INFO - [2023-11-16T06:47:51.300+0000] {dag.py:3722} INFO - Setting next_dagrun for example_python_operator to None, run_after=None
[2023-11-16T06:47:51.311+0000] {processor.py:179} INFO - Processing /home/airflow/.local/lib/python3.8/site-packages/airflow/example_dags/example_python_operator.py took 0.042 seconds
[2023-11-16T06:48:21.412+0000] {processor.py:157} INFO - Started process (PID=641) to work on /home/airflow/.local/lib/python3.8/site-packages/airflow/example_dags/example_python_operator.py
[2023-11-16T06:48:21.412+0000] {processor.py:829} INFO - Processing file /home/airflow/.local/lib/python3.8/site-packages/airflow/example_dags/example_python_operator.py for tasks to queue
[2023-11-16T06:48:21.414+0000] {logging_mixin.py:154} INFO - [2023-11-16T06:48:21.414+0000] {dagbag.py:536} INFO - Filling up the DagBag from /home/airflow/.local/lib/python3.8/site-packages/airflow/example_dags/example_python_operator.py
[2023-11-16T06:48:21.419+0000] {processor.py:839} INFO - DAG(s) dict_keys(['example_python_operator']) retrieved from /home/airflow/.local/lib/python3.8/site-packages/airflow/example_dags/example_python_operator.py
[2023-11-16T06:48:21.431+0000] {logging_mixin.py:154} INFO - [2023-11-16T06:48:21.431+0000] {dag.py:2941} INFO - Sync 1 DAGs
[2023-11-16T06:48:21.438+0000] {logging_mixin.py:154} INFO - [2023-11-16T06:48:21.438+0000] {dag.py:3722} INFO - Setting next_dagrun for example_python_operator to None, run_after=None
[2023-11-16T06:48:21.447+0000] {processor.py:179} INFO - Processing /home/airflow/.local/lib/python3.8/site-packages/airflow/example_dags/example_python_operator.py took 0.038 seconds
[2023-11-16T06:48:51.860+0000] {processor.py:157} INFO - Started process (PID=695) to work on /home/airflow/.local/lib/python3.8/site-packages/airflow/example_dags/example_python_operator.py
[2023-11-16T06:48:51.861+0000] {processor.py:829} INFO - Processing file /home/airflow/.local/lib/python3.8/site-packages/airflow/example_dags/example_python_operator.py for tasks to queue
[2023-11-16T06:48:51.862+0000] {logging_mixin.py:154} INFO - [2023-11-16T06:48:51.862+0000] {dagbag.py:536} INFO - Filling up the DagBag from /home/airflow/.local/lib/python3.8/site-packages/airflow/example_dags/example_python_operator.py
[2023-11-16T06:48:51.868+0000] {processor.py:839} INFO - DAG(s) dict_keys(['example_python_operator']) retrieved from /home/airflow/.local/lib/python3.8/site-packages/airflow/example_dags/example_python_operator.py
[2023-11-16T06:48:51.881+0000] {logging_mixin.py:154} INFO - [2023-11-16T06:48:51.881+0000] {dag.py:2941} INFO - Sync 1 DAGs
[2023-11-16T06:48:51.888+0000] {logging_mixin.py:154} INFO - [2023-11-16T06:48:51.888+0000] {dag.py:3722} INFO - Setting next_dagrun for example_python_operator to None, run_after=None
[2023-11-16T06:48:51.896+0000] {processor.py:179} INFO - Processing /home/airflow/.local/lib/python3.8/site-packages/airflow/example_dags/example_python_operator.py took 0.039 seconds
[2023-11-16T06:49:22.078+0000] {processor.py:157} INFO - Started process (PID=749) to work on /home/airflow/.local/lib/python3.8/site-packages/airflow/example_dags/example_python_operator.py
[2023-11-16T06:49:22.078+0000] {processor.py:829} INFO - Processing file /home/airflow/.local/lib/python3.8/site-packages/airflow/example_dags/example_python_operator.py for tasks to queue
[2023-11-16T06:49:22.080+0000] {logging_mixin.py:154} INFO - [2023-11-16T06:49:22.080+0000] {dagbag.py:536} INFO - Filling up the DagBag from /home/airflow/.local/lib/python3.8/site-packages/airflow/example_dags/example_python_operator.py
[2023-11-16T06:49:22.086+0000] {processor.py:839} INFO - DAG(s) dict_keys(['example_python_operator']) retrieved from /home/airflow/.local/lib/python3.8/site-packages/airflow/example_dags/example_python_operator.py
[2023-11-16T06:49:22.099+0000] {logging_mixin.py:154} INFO - [2023-11-16T06:49:22.099+0000] {dag.py:2941} INFO - Sync 1 DAGs
[2023-11-16T06:49:22.105+0000] {logging_mixin.py:154} INFO - [2023-11-16T06:49:22.105+0000] {dag.py:3722} INFO - Setting next_dagrun for example_python_operator to None, run_after=None
[2023-11-16T06:49:22.114+0000] {processor.py:179} INFO - Processing /home/airflow/.local/lib/python3.8/site-packages/airflow/example_dags/example_python_operator.py took 0.038 seconds
[2023-11-16T06:49:52.379+0000] {processor.py:157} INFO - Started process (PID=803) to work on /home/airflow/.local/lib/python3.8/site-packages/airflow/example_dags/example_python_operator.py
[2023-11-16T06:49:52.380+0000] {processor.py:829} INFO - Processing file /home/airflow/.local/lib/python3.8/site-packages/airflow/example_dags/example_python_operator.py for tasks to queue
[2023-11-16T06:49:52.381+0000] {logging_mixin.py:154} INFO - [2023-11-16T06:49:52.381+0000] {dagbag.py:536} INFO - Filling up the DagBag from /home/airflow/.local/lib/python3.8/site-packages/airflow/example_dags/example_python_operator.py
[2023-11-16T06:49:52.387+0000] {processor.py:839} INFO - DAG(s) dict_keys(['example_python_operator']) retrieved from /home/airflow/.local/lib/python3.8/site-packages/airflow/example_dags/example_python_operator.py
[2023-11-16T06:49:52.399+0000] {logging_mixin.py:154} INFO - [2023-11-16T06:49:52.399+0000] {dag.py:2941} INFO - Sync 1 DAGs
[2023-11-16T06:49:52.405+0000] {logging_mixin.py:154} INFO - [2023-11-16T06:49:52.405+0000] {dag.py:3722} INFO - Setting next_dagrun for example_python_operator to None, run_after=None
[2023-11-16T06:49:52.414+0000] {processor.py:179} INFO - Processing /home/airflow/.local/lib/python3.8/site-packages/airflow/example_dags/example_python_operator.py took 0.037 seconds
[2023-11-16T06:50:23.384+0000] {processor.py:157} INFO - Started process (PID=857) to work on /home/airflow/.local/lib/python3.8/site-packages/airflow/example_dags/example_python_operator.py
[2023-11-16T06:50:23.384+0000] {processor.py:829} INFO - Processing file /home/airflow/.local/lib/python3.8/site-packages/airflow/example_dags/example_python_operator.py for tasks to queue
[2023-11-16T06:50:23.386+0000] {logging_mixin.py:154} INFO - [2023-11-16T06:50:23.386+0000] {dagbag.py:536} INFO - Filling up the DagBag from /home/airflow/.local/lib/python3.8/site-packages/airflow/example_dags/example_python_operator.py
[2023-11-16T06:50:23.391+0000] {processor.py:839} INFO - DAG(s) dict_keys(['example_python_operator']) retrieved from /home/airflow/.local/lib/python3.8/site-packages/airflow/example_dags/example_python_operator.py
[2023-11-16T06:50:23.405+0000] {logging_mixin.py:154} INFO - [2023-11-16T06:50:23.405+0000] {dag.py:2941} INFO - Sync 1 DAGs
[2023-11-16T06:50:23.412+0000] {logging_mixin.py:154} INFO - [2023-11-16T06:50:23.412+0000] {dag.py:3722} INFO - Setting next_dagrun for example_python_operator to None, run_after=None
[2023-11-16T06:50:23.422+0000] {processor.py:179} INFO - Processing /home/airflow/.local/lib/python3.8/site-packages/airflow/example_dags/example_python_operator.py took 0.040 seconds
[2023-11-16T06:50:53.853+0000] {processor.py:157} INFO - Started process (PID=911) to work on /home/airflow/.local/lib/python3.8/site-packages/airflow/example_dags/example_python_operator.py
[2023-11-16T06:50:53.854+0000] {processor.py:829} INFO - Processing file /home/airflow/.local/lib/python3.8/site-packages/airflow/example_dags/example_python_operator.py for tasks to queue
[2023-11-16T06:50:53.855+0000] {logging_mixin.py:154} INFO - [2023-11-16T06:50:53.855+0000] {dagbag.py:536} INFO - Filling up the DagBag from /home/airflow/.local/lib/python3.8/site-packages/airflow/example_dags/example_python_operator.py
[2023-11-16T06:50:53.861+0000] {processor.py:839} INFO - DAG(s) dict_keys(['example_python_operator']) retrieved from /home/airflow/.local/lib/python3.8/site-packages/airflow/example_dags/example_python_operator.py
[2023-11-16T06:50:53.874+0000] {logging_mixin.py:154} INFO - [2023-11-16T06:50:53.874+0000] {dag.py:2941} INFO - Sync 1 DAGs
[2023-11-16T06:50:53.882+0000] {logging_mixin.py:154} INFO - [2023-11-16T06:50:53.882+0000] {dag.py:3722} INFO - Setting next_dagrun for example_python_operator to None, run_after=None
[2023-11-16T06:50:53.890+0000] {processor.py:179} INFO - Processing /home/airflow/.local/lib/python3.8/site-packages/airflow/example_dags/example_python_operator.py took 0.039 seconds
[2023-11-16T06:51:24.275+0000] {processor.py:157} INFO - Started process (PID=965) to work on /home/airflow/.local/lib/python3.8/site-packages/airflow/example_dags/example_python_operator.py
[2023-11-16T06:51:24.276+0000] {processor.py:829} INFO - Processing file /home/airflow/.local/lib/python3.8/site-packages/airflow/example_dags/example_python_operator.py for tasks to queue
[2023-11-16T06:51:24.278+0000] {logging_mixin.py:154} INFO - [2023-11-16T06:51:24.277+0000] {dagbag.py:536} INFO - Filling up the DagBag from /home/airflow/.local/lib/python3.8/site-packages/airflow/example_dags/example_python_operator.py
[2023-11-16T06:51:24.283+0000] {processor.py:839} INFO - DAG(s) dict_keys(['example_python_operator']) retrieved from /home/airflow/.local/lib/python3.8/site-packages/airflow/example_dags/example_python_operator.py
[2023-11-16T06:51:24.296+0000] {logging_mixin.py:154} INFO - [2023-11-16T06:51:24.296+0000] {dag.py:2941} INFO - Sync 1 DAGs
[2023-11-16T06:51:24.303+0000] {logging_mixin.py:154} INFO - [2023-11-16T06:51:24.303+0000] {dag.py:3722} INFO - Setting next_dagrun for example_python_operator to None, run_after=None
[2023-11-16T06:51:24.405+0000] {processor.py:179} INFO - Processing /home/airflow/.local/lib/python3.8/site-packages/airflow/example_dags/example_python_operator.py took 0.132 seconds
[2023-11-16T06:51:54.949+0000] {processor.py:157} INFO - Started process (PID=1019) to work on /home/airflow/.local/lib/python3.8/site-packages/airflow/example_dags/example_python_operator.py
[2023-11-16T06:51:54.949+0000] {processor.py:829} INFO - Processing file /home/airflow/.local/lib/python3.8/site-packages/airflow/example_dags/example_python_operator.py for tasks to queue
[2023-11-16T06:51:54.951+0000] {logging_mixin.py:154} INFO - [2023-11-16T06:51:54.951+0000] {dagbag.py:536} INFO - Filling up the DagBag from /home/airflow/.local/lib/python3.8/site-packages/airflow/example_dags/example_python_operator.py
[2023-11-16T06:51:54.956+0000] {processor.py:839} INFO - DAG(s) dict_keys(['example_python_operator']) retrieved from /home/airflow/.local/lib/python3.8/site-packages/airflow/example_dags/example_python_operator.py
[2023-11-16T06:51:54.968+0000] {logging_mixin.py:154} INFO - [2023-11-16T06:51:54.968+0000] {dag.py:2941} INFO - Sync 1 DAGs
[2023-11-16T06:51:54.974+0000] {logging_mixin.py:154} INFO - [2023-11-16T06:51:54.974+0000] {dag.py:3722} INFO - Setting next_dagrun for example_python_operator to None, run_after=None
[2023-11-16T06:51:54.983+0000] {processor.py:179} INFO - Processing /home/airflow/.local/lib/python3.8/site-packages/airflow/example_dags/example_python_operator.py took 0.037 seconds
[2023-11-16T06:52:25.954+0000] {processor.py:157} INFO - Started process (PID=1073) to work on /home/airflow/.local/lib/python3.8/site-packages/airflow/example_dags/example_python_operator.py
[2023-11-16T06:52:25.954+0000] {processor.py:829} INFO - Processing file /home/airflow/.local/lib/python3.8/site-packages/airflow/example_dags/example_python_operator.py for tasks to queue
[2023-11-16T06:52:25.956+0000] {logging_mixin.py:154} INFO - [2023-11-16T06:52:25.956+0000] {dagbag.py:536} INFO - Filling up the DagBag from /home/airflow/.local/lib/python3.8/site-packages/airflow/example_dags/example_python_operator.py
[2023-11-16T06:52:25.961+0000] {processor.py:839} INFO - DAG(s) dict_keys(['example_python_operator']) retrieved from /home/airflow/.local/lib/python3.8/site-packages/airflow/example_dags/example_python_operator.py
[2023-11-16T06:52:25.974+0000] {logging_mixin.py:154} INFO - [2023-11-16T06:52:25.973+0000] {dag.py:2941} INFO - Sync 1 DAGs
[2023-11-16T06:52:25.979+0000] {logging_mixin.py:154} INFO - [2023-11-16T06:52:25.979+0000] {dag.py:3722} INFO - Setting next_dagrun for example_python_operator to None, run_after=None
[2023-11-16T06:52:25.988+0000] {processor.py:179} INFO - Processing /home/airflow/.local/lib/python3.8/site-packages/airflow/example_dags/example_python_operator.py took 0.036 seconds
[2023-11-16T06:52:56.409+0000] {processor.py:157} INFO - Started process (PID=1127) to work on /home/airflow/.local/lib/python3.8/site-packages/airflow/example_dags/example_python_operator.py
[2023-11-16T06:52:56.410+0000] {processor.py:829} INFO - Processing file /home/airflow/.local/lib/python3.8/site-packages/airflow/example_dags/example_python_operator.py for tasks to queue
[2023-11-16T06:52:56.411+0000] {logging_mixin.py:154} INFO - [2023-11-16T06:52:56.411+0000] {dagbag.py:536} INFO - Filling up the DagBag from /home/airflow/.local/lib/python3.8/site-packages/airflow/example_dags/example_python_operator.py
[2023-11-16T06:52:56.417+0000] {processor.py:839} INFO - DAG(s) dict_keys(['example_python_operator']) retrieved from /home/airflow/.local/lib/python3.8/site-packages/airflow/example_dags/example_python_operator.py
[2023-11-16T06:52:56.428+0000] {logging_mixin.py:154} INFO - [2023-11-16T06:52:56.428+0000] {dag.py:2941} INFO - Sync 1 DAGs
[2023-11-16T06:52:56.434+0000] {logging_mixin.py:154} INFO - [2023-11-16T06:52:56.434+0000] {dag.py:3722} INFO - Setting next_dagrun for example_python_operator to None, run_after=None
[2023-11-16T06:52:56.442+0000] {processor.py:179} INFO - Processing /home/airflow/.local/lib/python3.8/site-packages/airflow/example_dags/example_python_operator.py took 0.035 seconds
[2023-11-16T06:53:28.079+0000] {processor.py:157} INFO - Started process (PID=1181) to work on /home/airflow/.local/lib/python3.8/site-packages/airflow/example_dags/example_python_operator.py
[2023-11-16T06:53:28.080+0000] {processor.py:829} INFO - Processing file /home/airflow/.local/lib/python3.8/site-packages/airflow/example_dags/example_python_operator.py for tasks to queue
[2023-11-16T06:53:28.082+0000] {logging_mixin.py:154} INFO - [2023-11-16T06:53:28.082+0000] {dagbag.py:536} INFO - Filling up the DagBag from /home/airflow/.local/lib/python3.8/site-packages/airflow/example_dags/example_python_operator.py
[2023-11-16T06:53:28.087+0000] {processor.py:839} INFO - DAG(s) dict_keys(['example_python_operator']) retrieved from /home/airflow/.local/lib/python3.8/site-packages/airflow/example_dags/example_python_operator.py
[2023-11-16T06:53:28.193+0000] {logging_mixin.py:154} INFO - [2023-11-16T06:53:28.193+0000] {dag.py:2941} INFO - Sync 1 DAGs
[2023-11-16T06:53:28.198+0000] {logging_mixin.py:154} INFO - [2023-11-16T06:53:28.198+0000] {dag.py:3722} INFO - Setting next_dagrun for example_python_operator to None, run_after=None
[2023-11-16T06:53:28.206+0000] {processor.py:179} INFO - Processing /home/airflow/.local/lib/python3.8/site-packages/airflow/example_dags/example_python_operator.py took 0.130 seconds
[2023-11-16T06:53:59.222+0000] {processor.py:157} INFO - Started process (PID=1235) to work on /home/airflow/.local/lib/python3.8/site-packages/airflow/example_dags/example_python_operator.py
[2023-11-16T06:53:59.223+0000] {processor.py:829} INFO - Processing file /home/airflow/.local/lib/python3.8/site-packages/airflow/example_dags/example_python_operator.py for tasks to queue
[2023-11-16T06:53:59.225+0000] {logging_mixin.py:154} INFO - [2023-11-16T06:53:59.224+0000] {dagbag.py:536} INFO - Filling up the DagBag from /home/airflow/.local/lib/python3.8/site-packages/airflow/example_dags/example_python_operator.py
[2023-11-16T06:53:59.230+0000] {processor.py:839} INFO - DAG(s) dict_keys(['example_python_operator']) retrieved from /home/airflow/.local/lib/python3.8/site-packages/airflow/example_dags/example_python_operator.py
[2023-11-16T06:53:59.243+0000] {logging_mixin.py:154} INFO - [2023-11-16T06:53:59.242+0000] {dag.py:2941} INFO - Sync 1 DAGs
[2023-11-16T06:53:59.341+0000] {logging_mixin.py:154} INFO - [2023-11-16T06:53:59.340+0000] {dag.py:3722} INFO - Setting next_dagrun for example_python_operator to None, run_after=None
[2023-11-16T06:53:59.350+0000] {processor.py:179} INFO - Processing /home/airflow/.local/lib/python3.8/site-packages/airflow/example_dags/example_python_operator.py took 0.130 seconds
[2023-11-16T06:54:30.013+0000] {processor.py:157} INFO - Started process (PID=1289) to work on /home/airflow/.local/lib/python3.8/site-packages/airflow/example_dags/example_python_operator.py
[2023-11-16T06:54:30.014+0000] {processor.py:829} INFO - Processing file /home/airflow/.local/lib/python3.8/site-packages/airflow/example_dags/example_python_operator.py for tasks to queue
[2023-11-16T06:54:30.016+0000] {logging_mixin.py:154} INFO - [2023-11-16T06:54:30.016+0000] {dagbag.py:536} INFO - Filling up the DagBag from /home/airflow/.local/lib/python3.8/site-packages/airflow/example_dags/example_python_operator.py
[2023-11-16T06:54:30.021+0000] {processor.py:839} INFO - DAG(s) dict_keys(['example_python_operator']) retrieved from /home/airflow/.local/lib/python3.8/site-packages/airflow/example_dags/example_python_operator.py
[2023-11-16T06:54:30.036+0000] {logging_mixin.py:154} INFO - [2023-11-16T06:54:30.036+0000] {dag.py:2941} INFO - Sync 1 DAGs
[2023-11-16T06:54:30.042+0000] {logging_mixin.py:154} INFO - [2023-11-16T06:54:30.042+0000] {dag.py:3722} INFO - Setting next_dagrun for example_python_operator to None, run_after=None
[2023-11-16T06:54:30.153+0000] {processor.py:179} INFO - Processing /home/airflow/.local/lib/python3.8/site-packages/airflow/example_dags/example_python_operator.py took 0.142 seconds
[2023-11-16T06:55:00.426+0000] {processor.py:157} INFO - Started process (PID=1343) to work on /home/airflow/.local/lib/python3.8/site-packages/airflow/example_dags/example_python_operator.py
[2023-11-16T06:55:00.427+0000] {processor.py:829} INFO - Processing file /home/airflow/.local/lib/python3.8/site-packages/airflow/example_dags/example_python_operator.py for tasks to queue
[2023-11-16T06:55:00.428+0000] {logging_mixin.py:154} INFO - [2023-11-16T06:55:00.428+0000] {dagbag.py:536} INFO - Filling up the DagBag from /home/airflow/.local/lib/python3.8/site-packages/airflow/example_dags/example_python_operator.py
[2023-11-16T06:55:00.434+0000] {processor.py:839} INFO - DAG(s) dict_keys(['example_python_operator']) retrieved from /home/airflow/.local/lib/python3.8/site-packages/airflow/example_dags/example_python_operator.py
[2023-11-16T06:55:00.447+0000] {logging_mixin.py:154} INFO - [2023-11-16T06:55:00.447+0000] {dag.py:2941} INFO - Sync 1 DAGs
[2023-11-16T06:55:00.454+0000] {logging_mixin.py:154} INFO - [2023-11-16T06:55:00.454+0000] {dag.py:3722} INFO - Setting next_dagrun for example_python_operator to None, run_after=None
[2023-11-16T06:55:00.462+0000] {processor.py:179} INFO - Processing /home/airflow/.local/lib/python3.8/site-packages/airflow/example_dags/example_python_operator.py took 0.038 seconds
[2023-11-16T06:55:31.900+0000] {processor.py:157} INFO - Started process (PID=1397) to work on /home/airflow/.local/lib/python3.8/site-packages/airflow/example_dags/example_python_operator.py
[2023-11-16T06:55:31.901+0000] {processor.py:829} INFO - Processing file /home/airflow/.local/lib/python3.8/site-packages/airflow/example_dags/example_python_operator.py for tasks to queue
[2023-11-16T06:55:31.903+0000] {logging_mixin.py:154} INFO - [2023-11-16T06:55:31.902+0000] {dagbag.py:536} INFO - Filling up the DagBag from /home/airflow/.local/lib/python3.8/site-packages/airflow/example_dags/example_python_operator.py
[2023-11-16T06:55:31.908+0000] {processor.py:839} INFO - DAG(s) dict_keys(['example_python_operator']) retrieved from /home/airflow/.local/lib/python3.8/site-packages/airflow/example_dags/example_python_operator.py
[2023-11-16T06:55:31.922+0000] {logging_mixin.py:154} INFO - [2023-11-16T06:55:31.922+0000] {dag.py:2941} INFO - Sync 1 DAGs
[2023-11-16T06:55:31.929+0000] {logging_mixin.py:154} INFO - [2023-11-16T06:55:31.929+0000] {dag.py:3722} INFO - Setting next_dagrun for example_python_operator to None, run_after=None
[2023-11-16T06:55:31.939+0000] {processor.py:179} INFO - Processing /home/airflow/.local/lib/python3.8/site-packages/airflow/example_dags/example_python_operator.py took 0.042 seconds
[2023-11-16T06:56:02.065+0000] {processor.py:157} INFO - Started process (PID=1451) to work on /home/airflow/.local/lib/python3.8/site-packages/airflow/example_dags/example_python_operator.py
[2023-11-16T06:56:02.065+0000] {processor.py:829} INFO - Processing file /home/airflow/.local/lib/python3.8/site-packages/airflow/example_dags/example_python_operator.py for tasks to queue
[2023-11-16T06:56:02.067+0000] {logging_mixin.py:154} INFO - [2023-11-16T06:56:02.067+0000] {dagbag.py:536} INFO - Filling up the DagBag from /home/airflow/.local/lib/python3.8/site-packages/airflow/example_dags/example_python_operator.py
[2023-11-16T06:56:02.072+0000] {processor.py:839} INFO - DAG(s) dict_keys(['example_python_operator']) retrieved from /home/airflow/.local/lib/python3.8/site-packages/airflow/example_dags/example_python_operator.py
[2023-11-16T06:56:02.085+0000] {logging_mixin.py:154} INFO - [2023-11-16T06:56:02.085+0000] {dag.py:2941} INFO - Sync 1 DAGs
[2023-11-16T06:56:02.091+0000] {logging_mixin.py:154} INFO - [2023-11-16T06:56:02.091+0000] {dag.py:3722} INFO - Setting next_dagrun for example_python_operator to None, run_after=None
[2023-11-16T06:56:02.099+0000] {processor.py:179} INFO - Processing /home/airflow/.local/lib/python3.8/site-packages/airflow/example_dags/example_python_operator.py took 0.036 seconds
[2023-11-16T06:56:33.013+0000] {processor.py:157} INFO - Started process (PID=1505) to work on /home/airflow/.local/lib/python3.8/site-packages/airflow/example_dags/example_python_operator.py
[2023-11-16T06:56:33.014+0000] {processor.py:829} INFO - Processing file /home/airflow/.local/lib/python3.8/site-packages/airflow/example_dags/example_python_operator.py for tasks to queue
[2023-11-16T06:56:33.016+0000] {logging_mixin.py:154} INFO - [2023-11-16T06:56:33.016+0000] {dagbag.py:536} INFO - Filling up the DagBag from /home/airflow/.local/lib/python3.8/site-packages/airflow/example_dags/example_python_operator.py
[2023-11-16T06:56:33.021+0000] {processor.py:839} INFO - DAG(s) dict_keys(['example_python_operator']) retrieved from /home/airflow/.local/lib/python3.8/site-packages/airflow/example_dags/example_python_operator.py
[2023-11-16T06:56:33.038+0000] {logging_mixin.py:154} INFO - [2023-11-16T06:56:33.038+0000] {dag.py:2941} INFO - Sync 1 DAGs
[2023-11-16T06:56:33.047+0000] {logging_mixin.py:154} INFO - [2023-11-16T06:56:33.047+0000] {dag.py:3722} INFO - Setting next_dagrun for example_python_operator to None, run_after=None
[2023-11-16T06:56:33.062+0000] {processor.py:179} INFO - Processing /home/airflow/.local/lib/python3.8/site-packages/airflow/example_dags/example_python_operator.py took 0.051 seconds
[2023-11-16T06:57:04.061+0000] {processor.py:157} INFO - Started process (PID=1559) to work on /home/airflow/.local/lib/python3.8/site-packages/airflow/example_dags/example_python_operator.py
[2023-11-16T06:57:04.062+0000] {processor.py:829} INFO - Processing file /home/airflow/.local/lib/python3.8/site-packages/airflow/example_dags/example_python_operator.py for tasks to queue
[2023-11-16T06:57:04.063+0000] {logging_mixin.py:154} INFO - [2023-11-16T06:57:04.063+0000] {dagbag.py:536} INFO - Filling up the DagBag from /home/airflow/.local/lib/python3.8/site-packages/airflow/example_dags/example_python_operator.py
[2023-11-16T06:57:04.068+0000] {processor.py:839} INFO - DAG(s) dict_keys(['example_python_operator']) retrieved from /home/airflow/.local/lib/python3.8/site-packages/airflow/example_dags/example_python_operator.py
[2023-11-16T06:57:04.081+0000] {logging_mixin.py:154} INFO - [2023-11-16T06:57:04.081+0000] {dag.py:2941} INFO - Sync 1 DAGs
[2023-11-16T06:57:04.087+0000] {logging_mixin.py:154} INFO - [2023-11-16T06:57:04.087+0000] {dag.py:3722} INFO - Setting next_dagrun for example_python_operator to None, run_after=None
[2023-11-16T06:57:04.096+0000] {processor.py:179} INFO - Processing /home/airflow/.local/lib/python3.8/site-packages/airflow/example_dags/example_python_operator.py took 0.037 seconds
[2023-11-16T06:57:34.975+0000] {processor.py:157} INFO - Started process (PID=1613) to work on /home/airflow/.local/lib/python3.8/site-packages/airflow/example_dags/example_python_operator.py
[2023-11-16T06:57:34.976+0000] {processor.py:829} INFO - Processing file /home/airflow/.local/lib/python3.8/site-packages/airflow/example_dags/example_python_operator.py for tasks to queue
[2023-11-16T06:57:34.978+0000] {logging_mixin.py:154} INFO - [2023-11-16T06:57:34.978+0000] {dagbag.py:536} INFO - Filling up the DagBag from /home/airflow/.local/lib/python3.8/site-packages/airflow/example_dags/example_python_operator.py
[2023-11-16T06:57:34.984+0000] {processor.py:839} INFO - DAG(s) dict_keys(['example_python_operator']) retrieved from /home/airflow/.local/lib/python3.8/site-packages/airflow/example_dags/example_python_operator.py
[2023-11-16T06:57:34.998+0000] {logging_mixin.py:154} INFO - [2023-11-16T06:57:34.997+0000] {dag.py:2941} INFO - Sync 1 DAGs
[2023-11-16T06:57:35.004+0000] {logging_mixin.py:154} INFO - [2023-11-16T06:57:35.004+0000] {dag.py:3722} INFO - Setting next_dagrun for example_python_operator to None, run_after=None
[2023-11-16T06:57:35.013+0000] {processor.py:179} INFO - Processing /home/airflow/.local/lib/python3.8/site-packages/airflow/example_dags/example_python_operator.py took 0.040 seconds
[2023-11-16T06:58:06.069+0000] {processor.py:157} INFO - Started process (PID=1667) to work on /home/airflow/.local/lib/python3.8/site-packages/airflow/example_dags/example_python_operator.py
[2023-11-16T06:58:06.070+0000] {processor.py:829} INFO - Processing file /home/airflow/.local/lib/python3.8/site-packages/airflow/example_dags/example_python_operator.py for tasks to queue
[2023-11-16T06:58:06.071+0000] {logging_mixin.py:154} INFO - [2023-11-16T06:58:06.071+0000] {dagbag.py:536} INFO - Filling up the DagBag from /home/airflow/.local/lib/python3.8/site-packages/airflow/example_dags/example_python_operator.py
[2023-11-16T06:58:06.077+0000] {processor.py:839} INFO - DAG(s) dict_keys(['example_python_operator']) retrieved from /home/airflow/.local/lib/python3.8/site-packages/airflow/example_dags/example_python_operator.py
[2023-11-16T06:58:06.089+0000] {logging_mixin.py:154} INFO - [2023-11-16T06:58:06.089+0000] {dag.py:2941} INFO - Sync 1 DAGs
[2023-11-16T06:58:06.095+0000] {logging_mixin.py:154} INFO - [2023-11-16T06:58:06.095+0000] {dag.py:3722} INFO - Setting next_dagrun for example_python_operator to None, run_after=None
[2023-11-16T06:58:06.104+0000] {processor.py:179} INFO - Processing /home/airflow/.local/lib/python3.8/site-packages/airflow/example_dags/example_python_operator.py took 0.037 seconds
[2023-11-16T06:58:37.087+0000] {processor.py:157} INFO - Started process (PID=1721) to work on /home/airflow/.local/lib/python3.8/site-packages/airflow/example_dags/example_python_operator.py
[2023-11-16T06:58:37.088+0000] {processor.py:829} INFO - Processing file /home/airflow/.local/lib/python3.8/site-packages/airflow/example_dags/example_python_operator.py for tasks to queue
[2023-11-16T06:58:37.090+0000] {logging_mixin.py:154} INFO - [2023-11-16T06:58:37.090+0000] {dagbag.py:536} INFO - Filling up the DagBag from /home/airflow/.local/lib/python3.8/site-packages/airflow/example_dags/example_python_operator.py
[2023-11-16T06:58:37.096+0000] {processor.py:839} INFO - DAG(s) dict_keys(['example_python_operator']) retrieved from /home/airflow/.local/lib/python3.8/site-packages/airflow/example_dags/example_python_operator.py
[2023-11-16T06:58:37.108+0000] {logging_mixin.py:154} INFO - [2023-11-16T06:58:37.108+0000] {dag.py:2941} INFO - Sync 1 DAGs
[2023-11-16T06:58:37.114+0000] {logging_mixin.py:154} INFO - [2023-11-16T06:58:37.114+0000] {dag.py:3722} INFO - Setting next_dagrun for example_python_operator to None, run_after=None
[2023-11-16T06:58:37.123+0000] {processor.py:179} INFO - Processing /home/airflow/.local/lib/python3.8/site-packages/airflow/example_dags/example_python_operator.py took 0.038 seconds
[2023-11-16T06:59:08.223+0000] {processor.py:157} INFO - Started process (PID=1775) to work on /home/airflow/.local/lib/python3.8/site-packages/airflow/example_dags/example_python_operator.py
[2023-11-16T06:59:08.224+0000] {processor.py:829} INFO - Processing file /home/airflow/.local/lib/python3.8/site-packages/airflow/example_dags/example_python_operator.py for tasks to queue
[2023-11-16T06:59:08.226+0000] {logging_mixin.py:154} INFO - [2023-11-16T06:59:08.225+0000] {dagbag.py:536} INFO - Filling up the DagBag from /home/airflow/.local/lib/python3.8/site-packages/airflow/example_dags/example_python_operator.py
[2023-11-16T06:59:08.231+0000] {processor.py:839} INFO - DAG(s) dict_keys(['example_python_operator']) retrieved from /home/airflow/.local/lib/python3.8/site-packages/airflow/example_dags/example_python_operator.py
[2023-11-16T06:59:08.243+0000] {logging_mixin.py:154} INFO - [2023-11-16T06:59:08.243+0000] {dag.py:2941} INFO - Sync 1 DAGs
[2023-11-16T06:59:08.249+0000] {logging_mixin.py:154} INFO - [2023-11-16T06:59:08.249+0000] {dag.py:3722} INFO - Setting next_dagrun for example_python_operator to None, run_after=None
[2023-11-16T06:59:08.258+0000] {processor.py:179} INFO - Processing /home/airflow/.local/lib/python3.8/site-packages/airflow/example_dags/example_python_operator.py took 0.037 seconds
[2023-11-16T06:59:39.140+0000] {processor.py:157} INFO - Started process (PID=1828) to work on /home/airflow/.local/lib/python3.8/site-packages/airflow/example_dags/example_python_operator.py
[2023-11-16T06:59:39.141+0000] {processor.py:829} INFO - Processing file /home/airflow/.local/lib/python3.8/site-packages/airflow/example_dags/example_python_operator.py for tasks to queue
[2023-11-16T06:59:39.143+0000] {logging_mixin.py:154} INFO - [2023-11-16T06:59:39.142+0000] {dagbag.py:536} INFO - Filling up the DagBag from /home/airflow/.local/lib/python3.8/site-packages/airflow/example_dags/example_python_operator.py
[2023-11-16T06:59:39.148+0000] {processor.py:839} INFO - DAG(s) dict_keys(['example_python_operator']) retrieved from /home/airflow/.local/lib/python3.8/site-packages/airflow/example_dags/example_python_operator.py
[2023-11-16T06:59:39.161+0000] {logging_mixin.py:154} INFO - [2023-11-16T06:59:39.161+0000] {dag.py:2941} INFO - Sync 1 DAGs
[2023-11-16T06:59:39.167+0000] {logging_mixin.py:154} INFO - [2023-11-16T06:59:39.167+0000] {dag.py:3722} INFO - Setting next_dagrun for example_python_operator to None, run_after=None
[2023-11-16T06:59:39.176+0000] {processor.py:179} INFO - Processing /home/airflow/.local/lib/python3.8/site-packages/airflow/example_dags/example_python_operator.py took 0.037 seconds
[2023-11-16T07:00:09.364+0000] {processor.py:157} INFO - Started process (PID=1882) to work on /home/airflow/.local/lib/python3.8/site-packages/airflow/example_dags/example_python_operator.py
[2023-11-16T07:00:09.365+0000] {processor.py:829} INFO - Processing file /home/airflow/.local/lib/python3.8/site-packages/airflow/example_dags/example_python_operator.py for tasks to queue
[2023-11-16T07:00:09.366+0000] {logging_mixin.py:154} INFO - [2023-11-16T07:00:09.366+0000] {dagbag.py:536} INFO - Filling up the DagBag from /home/airflow/.local/lib/python3.8/site-packages/airflow/example_dags/example_python_operator.py
[2023-11-16T07:00:09.372+0000] {processor.py:839} INFO - DAG(s) dict_keys(['example_python_operator']) retrieved from /home/airflow/.local/lib/python3.8/site-packages/airflow/example_dags/example_python_operator.py
[2023-11-16T07:00:09.384+0000] {logging_mixin.py:154} INFO - [2023-11-16T07:00:09.384+0000] {dag.py:2941} INFO - Sync 1 DAGs
[2023-11-16T07:00:09.390+0000] {logging_mixin.py:154} INFO - [2023-11-16T07:00:09.390+0000] {dag.py:3722} INFO - Setting next_dagrun for example_python_operator to None, run_after=None
[2023-11-16T07:00:09.399+0000] {processor.py:179} INFO - Processing /home/airflow/.local/lib/python3.8/site-packages/airflow/example_dags/example_python_operator.py took 0.037 seconds
[2023-11-16T07:00:39.478+0000] {processor.py:157} INFO - Started process (PID=1936) to work on /home/airflow/.local/lib/python3.8/site-packages/airflow/example_dags/example_python_operator.py
[2023-11-16T07:00:39.479+0000] {processor.py:829} INFO - Processing file /home/airflow/.local/lib/python3.8/site-packages/airflow/example_dags/example_python_operator.py for tasks to queue
[2023-11-16T07:00:39.480+0000] {logging_mixin.py:154} INFO - [2023-11-16T07:00:39.480+0000] {dagbag.py:536} INFO - Filling up the DagBag from /home/airflow/.local/lib/python3.8/site-packages/airflow/example_dags/example_python_operator.py
[2023-11-16T07:00:39.486+0000] {processor.py:839} INFO - DAG(s) dict_keys(['example_python_operator']) retrieved from /home/airflow/.local/lib/python3.8/site-packages/airflow/example_dags/example_python_operator.py
[2023-11-16T07:00:39.498+0000] {logging_mixin.py:154} INFO - [2023-11-16T07:00:39.498+0000] {dag.py:2941} INFO - Sync 1 DAGs
[2023-11-16T07:00:39.504+0000] {logging_mixin.py:154} INFO - [2023-11-16T07:00:39.504+0000] {dag.py:3722} INFO - Setting next_dagrun for example_python_operator to None, run_after=None
[2023-11-16T07:00:39.514+0000] {processor.py:179} INFO - Processing /home/airflow/.local/lib/python3.8/site-packages/airflow/example_dags/example_python_operator.py took 0.038 seconds
[2023-11-16T07:01:10.580+0000] {processor.py:157} INFO - Started process (PID=1990) to work on /home/airflow/.local/lib/python3.8/site-packages/airflow/example_dags/example_python_operator.py
[2023-11-16T07:01:10.581+0000] {processor.py:829} INFO - Processing file /home/airflow/.local/lib/python3.8/site-packages/airflow/example_dags/example_python_operator.py for tasks to queue
[2023-11-16T07:01:10.582+0000] {logging_mixin.py:154} INFO - [2023-11-16T07:01:10.582+0000] {dagbag.py:536} INFO - Filling up the DagBag from /home/airflow/.local/lib/python3.8/site-packages/airflow/example_dags/example_python_operator.py
[2023-11-16T07:01:10.588+0000] {processor.py:839} INFO - DAG(s) dict_keys(['example_python_operator']) retrieved from /home/airflow/.local/lib/python3.8/site-packages/airflow/example_dags/example_python_operator.py
[2023-11-16T07:01:10.600+0000] {logging_mixin.py:154} INFO - [2023-11-16T07:01:10.600+0000] {dag.py:2941} INFO - Sync 1 DAGs
[2023-11-16T07:01:10.606+0000] {logging_mixin.py:154} INFO - [2023-11-16T07:01:10.606+0000] {dag.py:3722} INFO - Setting next_dagrun for example_python_operator to None, run_after=None
[2023-11-16T07:01:10.615+0000] {processor.py:179} INFO - Processing /home/airflow/.local/lib/python3.8/site-packages/airflow/example_dags/example_python_operator.py took 0.037 seconds
[2023-11-16T07:01:41.540+0000] {processor.py:157} INFO - Started process (PID=2044) to work on /home/airflow/.local/lib/python3.8/site-packages/airflow/example_dags/example_python_operator.py
[2023-11-16T07:01:41.541+0000] {processor.py:829} INFO - Processing file /home/airflow/.local/lib/python3.8/site-packages/airflow/example_dags/example_python_operator.py for tasks to queue
[2023-11-16T07:01:41.542+0000] {logging_mixin.py:154} INFO - [2023-11-16T07:01:41.542+0000] {dagbag.py:536} INFO - Filling up the DagBag from /home/airflow/.local/lib/python3.8/site-packages/airflow/example_dags/example_python_operator.py
[2023-11-16T07:01:41.548+0000] {processor.py:839} INFO - DAG(s) dict_keys(['example_python_operator']) retrieved from /home/airflow/.local/lib/python3.8/site-packages/airflow/example_dags/example_python_operator.py
[2023-11-16T07:01:41.560+0000] {logging_mixin.py:154} INFO - [2023-11-16T07:01:41.560+0000] {dag.py:2941} INFO - Sync 1 DAGs
[2023-11-16T07:01:41.567+0000] {logging_mixin.py:154} INFO - [2023-11-16T07:01:41.567+0000] {dag.py:3722} INFO - Setting next_dagrun for example_python_operator to None, run_after=None
[2023-11-16T07:01:41.579+0000] {processor.py:179} INFO - Processing /home/airflow/.local/lib/python3.8/site-packages/airflow/example_dags/example_python_operator.py took 0.041 seconds
[2023-11-16T07:02:12.642+0000] {processor.py:157} INFO - Started process (PID=2103) to work on /home/airflow/.local/lib/python3.8/site-packages/airflow/example_dags/example_python_operator.py
[2023-11-16T07:02:12.643+0000] {processor.py:829} INFO - Processing file /home/airflow/.local/lib/python3.8/site-packages/airflow/example_dags/example_python_operator.py for tasks to queue
[2023-11-16T07:02:12.645+0000] {logging_mixin.py:154} INFO - [2023-11-16T07:02:12.645+0000] {dagbag.py:536} INFO - Filling up the DagBag from /home/airflow/.local/lib/python3.8/site-packages/airflow/example_dags/example_python_operator.py
[2023-11-16T07:02:12.651+0000] {processor.py:839} INFO - DAG(s) dict_keys(['example_python_operator']) retrieved from /home/airflow/.local/lib/python3.8/site-packages/airflow/example_dags/example_python_operator.py
[2023-11-16T07:02:12.663+0000] {logging_mixin.py:154} INFO - [2023-11-16T07:02:12.663+0000] {dag.py:2941} INFO - Sync 1 DAGs
[2023-11-16T07:02:12.669+0000] {logging_mixin.py:154} INFO - [2023-11-16T07:02:12.669+0000] {dag.py:3722} INFO - Setting next_dagrun for example_python_operator to None, run_after=None
[2023-11-16T07:02:12.679+0000] {processor.py:179} INFO - Processing /home/airflow/.local/lib/python3.8/site-packages/airflow/example_dags/example_python_operator.py took 0.039 seconds
[2023-11-16T07:02:42.772+0000] {processor.py:157} INFO - Started process (PID=2157) to work on /home/airflow/.local/lib/python3.8/site-packages/airflow/example_dags/example_python_operator.py
[2023-11-16T07:02:42.774+0000] {processor.py:829} INFO - Processing file /home/airflow/.local/lib/python3.8/site-packages/airflow/example_dags/example_python_operator.py for tasks to queue
[2023-11-16T07:02:42.775+0000] {logging_mixin.py:154} INFO - [2023-11-16T07:02:42.775+0000] {dagbag.py:536} INFO - Filling up the DagBag from /home/airflow/.local/lib/python3.8/site-packages/airflow/example_dags/example_python_operator.py
[2023-11-16T07:02:42.781+0000] {processor.py:839} INFO - DAG(s) dict_keys(['example_python_operator']) retrieved from /home/airflow/.local/lib/python3.8/site-packages/airflow/example_dags/example_python_operator.py
[2023-11-16T07:02:42.793+0000] {logging_mixin.py:154} INFO - [2023-11-16T07:02:42.793+0000] {dag.py:2941} INFO - Sync 1 DAGs
[2023-11-16T07:02:42.799+0000] {logging_mixin.py:154} INFO - [2023-11-16T07:02:42.799+0000] {dag.py:3722} INFO - Setting next_dagrun for example_python_operator to None, run_after=None
[2023-11-16T07:02:42.807+0000] {processor.py:179} INFO - Processing /home/airflow/.local/lib/python3.8/site-packages/airflow/example_dags/example_python_operator.py took 0.037 seconds
[2023-11-16T07:03:12.910+0000] {processor.py:157} INFO - Started process (PID=2211) to work on /home/airflow/.local/lib/python3.8/site-packages/airflow/example_dags/example_python_operator.py
[2023-11-16T07:03:12.911+0000] {processor.py:829} INFO - Processing file /home/airflow/.local/lib/python3.8/site-packages/airflow/example_dags/example_python_operator.py for tasks to queue
[2023-11-16T07:03:12.912+0000] {logging_mixin.py:154} INFO - [2023-11-16T07:03:12.912+0000] {dagbag.py:536} INFO - Filling up the DagBag from /home/airflow/.local/lib/python3.8/site-packages/airflow/example_dags/example_python_operator.py
[2023-11-16T07:03:12.918+0000] {processor.py:839} INFO - DAG(s) dict_keys(['example_python_operator']) retrieved from /home/airflow/.local/lib/python3.8/site-packages/airflow/example_dags/example_python_operator.py
[2023-11-16T07:03:12.932+0000] {logging_mixin.py:154} INFO - [2023-11-16T07:03:12.932+0000] {dag.py:2941} INFO - Sync 1 DAGs
[2023-11-16T07:03:12.939+0000] {logging_mixin.py:154} INFO - [2023-11-16T07:03:12.939+0000] {dag.py:3722} INFO - Setting next_dagrun for example_python_operator to None, run_after=None
[2023-11-16T07:03:12.948+0000] {processor.py:179} INFO - Processing /home/airflow/.local/lib/python3.8/site-packages/airflow/example_dags/example_python_operator.py took 0.040 seconds
[2023-11-16T07:03:43.052+0000] {processor.py:157} INFO - Started process (PID=2265) to work on /home/airflow/.local/lib/python3.8/site-packages/airflow/example_dags/example_python_operator.py
[2023-11-16T07:03:43.053+0000] {processor.py:829} INFO - Processing file /home/airflow/.local/lib/python3.8/site-packages/airflow/example_dags/example_python_operator.py for tasks to queue
[2023-11-16T07:03:43.055+0000] {logging_mixin.py:154} INFO - [2023-11-16T07:03:43.054+0000] {dagbag.py:536} INFO - Filling up the DagBag from /home/airflow/.local/lib/python3.8/site-packages/airflow/example_dags/example_python_operator.py
[2023-11-16T07:03:43.060+0000] {processor.py:839} INFO - DAG(s) dict_keys(['example_python_operator']) retrieved from /home/airflow/.local/lib/python3.8/site-packages/airflow/example_dags/example_python_operator.py
[2023-11-16T07:03:43.072+0000] {logging_mixin.py:154} INFO - [2023-11-16T07:03:43.072+0000] {dag.py:2941} INFO - Sync 1 DAGs
[2023-11-16T07:03:43.078+0000] {logging_mixin.py:154} INFO - [2023-11-16T07:03:43.078+0000] {dag.py:3722} INFO - Setting next_dagrun for example_python_operator to None, run_after=None
[2023-11-16T07:03:43.088+0000] {processor.py:179} INFO - Processing /home/airflow/.local/lib/python3.8/site-packages/airflow/example_dags/example_python_operator.py took 0.038 seconds
[2023-11-16T07:04:13.270+0000] {processor.py:157} INFO - Started process (PID=2319) to work on /home/airflow/.local/lib/python3.8/site-packages/airflow/example_dags/example_python_operator.py
[2023-11-16T07:04:13.270+0000] {processor.py:829} INFO - Processing file /home/airflow/.local/lib/python3.8/site-packages/airflow/example_dags/example_python_operator.py for tasks to queue
[2023-11-16T07:04:13.272+0000] {logging_mixin.py:154} INFO - [2023-11-16T07:04:13.272+0000] {dagbag.py:536} INFO - Filling up the DagBag from /home/airflow/.local/lib/python3.8/site-packages/airflow/example_dags/example_python_operator.py
[2023-11-16T07:04:13.278+0000] {processor.py:839} INFO - DAG(s) dict_keys(['example_python_operator']) retrieved from /home/airflow/.local/lib/python3.8/site-packages/airflow/example_dags/example_python_operator.py
[2023-11-16T07:04:13.291+0000] {logging_mixin.py:154} INFO - [2023-11-16T07:04:13.291+0000] {dag.py:2941} INFO - Sync 1 DAGs
[2023-11-16T07:04:13.297+0000] {logging_mixin.py:154} INFO - [2023-11-16T07:04:13.297+0000] {dag.py:3722} INFO - Setting next_dagrun for example_python_operator to None, run_after=None
[2023-11-16T07:04:13.306+0000] {processor.py:179} INFO - Processing /home/airflow/.local/lib/python3.8/site-packages/airflow/example_dags/example_python_operator.py took 0.039 seconds
[2023-11-16T07:04:44.375+0000] {processor.py:157} INFO - Started process (PID=2373) to work on /home/airflow/.local/lib/python3.8/site-packages/airflow/example_dags/example_python_operator.py
[2023-11-16T07:04:44.376+0000] {processor.py:829} INFO - Processing file /home/airflow/.local/lib/python3.8/site-packages/airflow/example_dags/example_python_operator.py for tasks to queue
[2023-11-16T07:04:44.378+0000] {logging_mixin.py:154} INFO - [2023-11-16T07:04:44.377+0000] {dagbag.py:536} INFO - Filling up the DagBag from /home/airflow/.local/lib/python3.8/site-packages/airflow/example_dags/example_python_operator.py
[2023-11-16T07:04:44.383+0000] {processor.py:839} INFO - DAG(s) dict_keys(['example_python_operator']) retrieved from /home/airflow/.local/lib/python3.8/site-packages/airflow/example_dags/example_python_operator.py
[2023-11-16T07:04:44.397+0000] {logging_mixin.py:154} INFO - [2023-11-16T07:04:44.397+0000] {dag.py:2941} INFO - Sync 1 DAGs
[2023-11-16T07:04:44.403+0000] {logging_mixin.py:154} INFO - [2023-11-16T07:04:44.403+0000] {dag.py:3722} INFO - Setting next_dagrun for example_python_operator to None, run_after=None
[2023-11-16T07:04:44.413+0000] {processor.py:179} INFO - Processing /home/airflow/.local/lib/python3.8/site-packages/airflow/example_dags/example_python_operator.py took 0.040 seconds
[2023-11-16T07:05:15.481+0000] {processor.py:157} INFO - Started process (PID=2427) to work on /home/airflow/.local/lib/python3.8/site-packages/airflow/example_dags/example_python_operator.py
[2023-11-16T07:05:15.481+0000] {processor.py:829} INFO - Processing file /home/airflow/.local/lib/python3.8/site-packages/airflow/example_dags/example_python_operator.py for tasks to queue
[2023-11-16T07:05:15.483+0000] {logging_mixin.py:154} INFO - [2023-11-16T07:05:15.483+0000] {dagbag.py:536} INFO - Filling up the DagBag from /home/airflow/.local/lib/python3.8/site-packages/airflow/example_dags/example_python_operator.py
[2023-11-16T07:05:15.489+0000] {processor.py:839} INFO - DAG(s) dict_keys(['example_python_operator']) retrieved from /home/airflow/.local/lib/python3.8/site-packages/airflow/example_dags/example_python_operator.py
[2023-11-16T07:05:15.501+0000] {logging_mixin.py:154} INFO - [2023-11-16T07:05:15.501+0000] {dag.py:2941} INFO - Sync 1 DAGs
[2023-11-16T07:05:15.508+0000] {logging_mixin.py:154} INFO - [2023-11-16T07:05:15.508+0000] {dag.py:3722} INFO - Setting next_dagrun for example_python_operator to None, run_after=None
[2023-11-16T07:05:15.517+0000] {processor.py:179} INFO - Processing /home/airflow/.local/lib/python3.8/site-packages/airflow/example_dags/example_python_operator.py took 0.038 seconds
[2023-11-16T07:05:46.536+0000] {processor.py:157} INFO - Started process (PID=2481) to work on /home/airflow/.local/lib/python3.8/site-packages/airflow/example_dags/example_python_operator.py
[2023-11-16T07:05:46.537+0000] {processor.py:829} INFO - Processing file /home/airflow/.local/lib/python3.8/site-packages/airflow/example_dags/example_python_operator.py for tasks to queue
[2023-11-16T07:05:46.539+0000] {logging_mixin.py:154} INFO - [2023-11-16T07:05:46.539+0000] {dagbag.py:536} INFO - Filling up the DagBag from /home/airflow/.local/lib/python3.8/site-packages/airflow/example_dags/example_python_operator.py
[2023-11-16T07:05:46.547+0000] {processor.py:839} INFO - DAG(s) dict_keys(['example_python_operator']) retrieved from /home/airflow/.local/lib/python3.8/site-packages/airflow/example_dags/example_python_operator.py
[2023-11-16T07:05:46.560+0000] {logging_mixin.py:154} INFO - [2023-11-16T07:05:46.560+0000] {dag.py:2941} INFO - Sync 1 DAGs
[2023-11-16T07:05:46.566+0000] {logging_mixin.py:154} INFO - [2023-11-16T07:05:46.566+0000] {dag.py:3722} INFO - Setting next_dagrun for example_python_operator to None, run_after=None
[2023-11-16T07:05:46.576+0000] {processor.py:179} INFO - Processing /home/airflow/.local/lib/python3.8/site-packages/airflow/example_dags/example_python_operator.py took 0.042 seconds
