[2023-11-16T06:18:11.396+0000] {processor.py:157} INFO - Started process (PID=53) to work on /home/airflow/.local/lib/python3.8/site-packages/airflow/example_dags/example_branch_labels.py
[2023-11-16T06:18:11.399+0000] {processor.py:829} INFO - Processing file /home/airflow/.local/lib/python3.8/site-packages/airflow/example_dags/example_branch_labels.py for tasks to queue
[2023-11-16T06:18:11.407+0000] {logging_mixin.py:154} INFO - [2023-11-16T06:18:11.406+0000] {dagbag.py:536} INFO - Filling up the DagBag from /home/airflow/.local/lib/python3.8/site-packages/airflow/example_dags/example_branch_labels.py
[2023-11-16T06:18:11.430+0000] {processor.py:839} INFO - DAG(s) dict_keys(['example_branch_labels']) retrieved from /home/airflow/.local/lib/python3.8/site-packages/airflow/example_dags/example_branch_labels.py
[2023-11-16T06:18:11.479+0000] {logging_mixin.py:154} INFO - [2023-11-16T06:18:11.479+0000] {dag.py:2941} INFO - Sync 1 DAGs
[2023-11-16T06:18:11.521+0000] {logging_mixin.py:154} INFO - [2023-11-16T06:18:11.520+0000] {dag.py:3722} INFO - Setting next_dagrun for example_branch_labels to 2023-11-15T00:00:00+00:00, run_after=2023-11-16T00:00:00+00:00
[2023-11-16T06:18:11.548+0000] {processor.py:179} INFO - Processing /home/airflow/.local/lib/python3.8/site-packages/airflow/example_dags/example_branch_labels.py took 0.167 seconds
[2023-11-16T06:18:42.175+0000] {processor.py:157} INFO - Started process (PID=107) to work on /home/airflow/.local/lib/python3.8/site-packages/airflow/example_dags/example_branch_labels.py
[2023-11-16T06:18:42.176+0000] {processor.py:829} INFO - Processing file /home/airflow/.local/lib/python3.8/site-packages/airflow/example_dags/example_branch_labels.py for tasks to queue
[2023-11-16T06:18:42.177+0000] {logging_mixin.py:154} INFO - [2023-11-16T06:18:42.177+0000] {dagbag.py:536} INFO - Filling up the DagBag from /home/airflow/.local/lib/python3.8/site-packages/airflow/example_dags/example_branch_labels.py
[2023-11-16T06:18:42.182+0000] {processor.py:839} INFO - DAG(s) dict_keys(['example_branch_labels']) retrieved from /home/airflow/.local/lib/python3.8/site-packages/airflow/example_dags/example_branch_labels.py
[2023-11-16T06:18:42.195+0000] {logging_mixin.py:154} INFO - [2023-11-16T06:18:42.195+0000] {dag.py:2941} INFO - Sync 1 DAGs
[2023-11-16T06:18:42.207+0000] {logging_mixin.py:154} INFO - [2023-11-16T06:18:42.207+0000] {dag.py:3722} INFO - Setting next_dagrun for example_branch_labels to 2023-11-15T00:00:00+00:00, run_after=2023-11-16T00:00:00+00:00
[2023-11-16T06:18:42.217+0000] {processor.py:179} INFO - Processing /home/airflow/.local/lib/python3.8/site-packages/airflow/example_dags/example_branch_labels.py took 0.044 seconds
[2023-11-16T06:19:12.284+0000] {processor.py:157} INFO - Started process (PID=161) to work on /home/airflow/.local/lib/python3.8/site-packages/airflow/example_dags/example_branch_labels.py
[2023-11-16T06:19:12.285+0000] {processor.py:829} INFO - Processing file /home/airflow/.local/lib/python3.8/site-packages/airflow/example_dags/example_branch_labels.py for tasks to queue
[2023-11-16T06:19:12.286+0000] {logging_mixin.py:154} INFO - [2023-11-16T06:19:12.286+0000] {dagbag.py:536} INFO - Filling up the DagBag from /home/airflow/.local/lib/python3.8/site-packages/airflow/example_dags/example_branch_labels.py
[2023-11-16T06:19:12.291+0000] {processor.py:839} INFO - DAG(s) dict_keys(['example_branch_labels']) retrieved from /home/airflow/.local/lib/python3.8/site-packages/airflow/example_dags/example_branch_labels.py
[2023-11-16T06:19:12.303+0000] {logging_mixin.py:154} INFO - [2023-11-16T06:19:12.303+0000] {dag.py:2941} INFO - Sync 1 DAGs
[2023-11-16T06:19:12.316+0000] {logging_mixin.py:154} INFO - [2023-11-16T06:19:12.316+0000] {dag.py:3722} INFO - Setting next_dagrun for example_branch_labels to 2023-11-15T00:00:00+00:00, run_after=2023-11-16T00:00:00+00:00
[2023-11-16T06:19:12.326+0000] {processor.py:179} INFO - Processing /home/airflow/.local/lib/python3.8/site-packages/airflow/example_dags/example_branch_labels.py took 0.044 seconds
[2023-11-16T06:19:42.639+0000] {processor.py:157} INFO - Started process (PID=215) to work on /home/airflow/.local/lib/python3.8/site-packages/airflow/example_dags/example_branch_labels.py
[2023-11-16T06:19:42.640+0000] {processor.py:829} INFO - Processing file /home/airflow/.local/lib/python3.8/site-packages/airflow/example_dags/example_branch_labels.py for tasks to queue
[2023-11-16T06:19:42.641+0000] {logging_mixin.py:154} INFO - [2023-11-16T06:19:42.641+0000] {dagbag.py:536} INFO - Filling up the DagBag from /home/airflow/.local/lib/python3.8/site-packages/airflow/example_dags/example_branch_labels.py
[2023-11-16T06:19:42.647+0000] {processor.py:839} INFO - DAG(s) dict_keys(['example_branch_labels']) retrieved from /home/airflow/.local/lib/python3.8/site-packages/airflow/example_dags/example_branch_labels.py
[2023-11-16T06:19:42.662+0000] {logging_mixin.py:154} INFO - [2023-11-16T06:19:42.661+0000] {dag.py:2941} INFO - Sync 1 DAGs
[2023-11-16T06:19:42.675+0000] {logging_mixin.py:154} INFO - [2023-11-16T06:19:42.675+0000] {dag.py:3722} INFO - Setting next_dagrun for example_branch_labels to 2023-11-15T00:00:00+00:00, run_after=2023-11-16T00:00:00+00:00
[2023-11-16T06:19:42.683+0000] {processor.py:179} INFO - Processing /home/airflow/.local/lib/python3.8/site-packages/airflow/example_dags/example_branch_labels.py took 0.046 seconds
[2023-11-16T06:20:12.966+0000] {processor.py:157} INFO - Started process (PID=269) to work on /home/airflow/.local/lib/python3.8/site-packages/airflow/example_dags/example_branch_labels.py
[2023-11-16T06:20:12.967+0000] {processor.py:829} INFO - Processing file /home/airflow/.local/lib/python3.8/site-packages/airflow/example_dags/example_branch_labels.py for tasks to queue
[2023-11-16T06:20:12.968+0000] {logging_mixin.py:154} INFO - [2023-11-16T06:20:12.968+0000] {dagbag.py:536} INFO - Filling up the DagBag from /home/airflow/.local/lib/python3.8/site-packages/airflow/example_dags/example_branch_labels.py
[2023-11-16T06:20:12.973+0000] {processor.py:839} INFO - DAG(s) dict_keys(['example_branch_labels']) retrieved from /home/airflow/.local/lib/python3.8/site-packages/airflow/example_dags/example_branch_labels.py
[2023-11-16T06:20:12.984+0000] {logging_mixin.py:154} INFO - [2023-11-16T06:20:12.984+0000] {dag.py:2941} INFO - Sync 1 DAGs
[2023-11-16T06:20:12.996+0000] {logging_mixin.py:154} INFO - [2023-11-16T06:20:12.996+0000] {dag.py:3722} INFO - Setting next_dagrun for example_branch_labels to 2023-11-15T00:00:00+00:00, run_after=2023-11-16T00:00:00+00:00
[2023-11-16T06:20:13.006+0000] {processor.py:179} INFO - Processing /home/airflow/.local/lib/python3.8/site-packages/airflow/example_dags/example_branch_labels.py took 0.042 seconds
[2023-11-16T06:20:43.923+0000] {processor.py:157} INFO - Started process (PID=323) to work on /home/airflow/.local/lib/python3.8/site-packages/airflow/example_dags/example_branch_labels.py
[2023-11-16T06:20:43.924+0000] {processor.py:829} INFO - Processing file /home/airflow/.local/lib/python3.8/site-packages/airflow/example_dags/example_branch_labels.py for tasks to queue
[2023-11-16T06:20:43.925+0000] {logging_mixin.py:154} INFO - [2023-11-16T06:20:43.925+0000] {dagbag.py:536} INFO - Filling up the DagBag from /home/airflow/.local/lib/python3.8/site-packages/airflow/example_dags/example_branch_labels.py
[2023-11-16T06:20:43.930+0000] {processor.py:839} INFO - DAG(s) dict_keys(['example_branch_labels']) retrieved from /home/airflow/.local/lib/python3.8/site-packages/airflow/example_dags/example_branch_labels.py
[2023-11-16T06:20:43.943+0000] {logging_mixin.py:154} INFO - [2023-11-16T06:20:43.943+0000] {dag.py:2941} INFO - Sync 1 DAGs
[2023-11-16T06:20:43.956+0000] {logging_mixin.py:154} INFO - [2023-11-16T06:20:43.956+0000] {dag.py:3722} INFO - Setting next_dagrun for example_branch_labels to 2023-11-15T00:00:00+00:00, run_after=2023-11-16T00:00:00+00:00
[2023-11-16T06:20:43.965+0000] {processor.py:179} INFO - Processing /home/airflow/.local/lib/python3.8/site-packages/airflow/example_dags/example_branch_labels.py took 0.044 seconds
[2023-11-16T06:21:13.978+0000] {processor.py:157} INFO - Started process (PID=377) to work on /home/airflow/.local/lib/python3.8/site-packages/airflow/example_dags/example_branch_labels.py
[2023-11-16T06:21:13.978+0000] {processor.py:829} INFO - Processing file /home/airflow/.local/lib/python3.8/site-packages/airflow/example_dags/example_branch_labels.py for tasks to queue
[2023-11-16T06:21:13.980+0000] {logging_mixin.py:154} INFO - [2023-11-16T06:21:13.980+0000] {dagbag.py:536} INFO - Filling up the DagBag from /home/airflow/.local/lib/python3.8/site-packages/airflow/example_dags/example_branch_labels.py
[2023-11-16T06:21:13.984+0000] {processor.py:839} INFO - DAG(s) dict_keys(['example_branch_labels']) retrieved from /home/airflow/.local/lib/python3.8/site-packages/airflow/example_dags/example_branch_labels.py
[2023-11-16T06:21:13.995+0000] {logging_mixin.py:154} INFO - [2023-11-16T06:21:13.995+0000] {dag.py:2941} INFO - Sync 1 DAGs
[2023-11-16T06:21:14.007+0000] {logging_mixin.py:154} INFO - [2023-11-16T06:21:14.007+0000] {dag.py:3722} INFO - Setting next_dagrun for example_branch_labels to 2023-11-15T00:00:00+00:00, run_after=2023-11-16T00:00:00+00:00
[2023-11-16T06:21:14.015+0000] {processor.py:179} INFO - Processing /home/airflow/.local/lib/python3.8/site-packages/airflow/example_dags/example_branch_labels.py took 0.039 seconds
[2023-11-16T06:21:44.197+0000] {processor.py:157} INFO - Started process (PID=431) to work on /home/airflow/.local/lib/python3.8/site-packages/airflow/example_dags/example_branch_labels.py
[2023-11-16T06:21:44.197+0000] {processor.py:829} INFO - Processing file /home/airflow/.local/lib/python3.8/site-packages/airflow/example_dags/example_branch_labels.py for tasks to queue
[2023-11-16T06:21:44.199+0000] {logging_mixin.py:154} INFO - [2023-11-16T06:21:44.198+0000] {dagbag.py:536} INFO - Filling up the DagBag from /home/airflow/.local/lib/python3.8/site-packages/airflow/example_dags/example_branch_labels.py
[2023-11-16T06:21:44.203+0000] {processor.py:839} INFO - DAG(s) dict_keys(['example_branch_labels']) retrieved from /home/airflow/.local/lib/python3.8/site-packages/airflow/example_dags/example_branch_labels.py
[2023-11-16T06:21:44.214+0000] {logging_mixin.py:154} INFO - [2023-11-16T06:21:44.214+0000] {dag.py:2941} INFO - Sync 1 DAGs
[2023-11-16T06:21:44.226+0000] {logging_mixin.py:154} INFO - [2023-11-16T06:21:44.226+0000] {dag.py:3722} INFO - Setting next_dagrun for example_branch_labels to 2023-11-15T00:00:00+00:00, run_after=2023-11-16T00:00:00+00:00
[2023-11-16T06:21:44.235+0000] {processor.py:179} INFO - Processing /home/airflow/.local/lib/python3.8/site-packages/airflow/example_dags/example_branch_labels.py took 0.041 seconds
[2023-11-16T06:22:14.453+0000] {processor.py:157} INFO - Started process (PID=485) to work on /home/airflow/.local/lib/python3.8/site-packages/airflow/example_dags/example_branch_labels.py
[2023-11-16T06:22:14.454+0000] {processor.py:829} INFO - Processing file /home/airflow/.local/lib/python3.8/site-packages/airflow/example_dags/example_branch_labels.py for tasks to queue
[2023-11-16T06:22:14.455+0000] {logging_mixin.py:154} INFO - [2023-11-16T06:22:14.455+0000] {dagbag.py:536} INFO - Filling up the DagBag from /home/airflow/.local/lib/python3.8/site-packages/airflow/example_dags/example_branch_labels.py
[2023-11-16T06:22:14.460+0000] {processor.py:839} INFO - DAG(s) dict_keys(['example_branch_labels']) retrieved from /home/airflow/.local/lib/python3.8/site-packages/airflow/example_dags/example_branch_labels.py
[2023-11-16T06:22:14.471+0000] {logging_mixin.py:154} INFO - [2023-11-16T06:22:14.471+0000] {dag.py:2941} INFO - Sync 1 DAGs
[2023-11-16T06:22:14.483+0000] {logging_mixin.py:154} INFO - [2023-11-16T06:22:14.483+0000] {dag.py:3722} INFO - Setting next_dagrun for example_branch_labels to 2023-11-15T00:00:00+00:00, run_after=2023-11-16T00:00:00+00:00
[2023-11-16T06:22:14.492+0000] {processor.py:179} INFO - Processing /home/airflow/.local/lib/python3.8/site-packages/airflow/example_dags/example_branch_labels.py took 0.041 seconds
[2023-11-16T06:22:44.640+0000] {processor.py:157} INFO - Started process (PID=539) to work on /home/airflow/.local/lib/python3.8/site-packages/airflow/example_dags/example_branch_labels.py
[2023-11-16T06:22:44.641+0000] {processor.py:829} INFO - Processing file /home/airflow/.local/lib/python3.8/site-packages/airflow/example_dags/example_branch_labels.py for tasks to queue
[2023-11-16T06:22:44.642+0000] {logging_mixin.py:154} INFO - [2023-11-16T06:22:44.642+0000] {dagbag.py:536} INFO - Filling up the DagBag from /home/airflow/.local/lib/python3.8/site-packages/airflow/example_dags/example_branch_labels.py
[2023-11-16T06:22:44.647+0000] {processor.py:839} INFO - DAG(s) dict_keys(['example_branch_labels']) retrieved from /home/airflow/.local/lib/python3.8/site-packages/airflow/example_dags/example_branch_labels.py
[2023-11-16T06:22:44.659+0000] {logging_mixin.py:154} INFO - [2023-11-16T06:22:44.658+0000] {dag.py:2941} INFO - Sync 1 DAGs
[2023-11-16T06:22:44.671+0000] {logging_mixin.py:154} INFO - [2023-11-16T06:22:44.671+0000] {dag.py:3722} INFO - Setting next_dagrun for example_branch_labels to 2023-11-15T00:00:00+00:00, run_after=2023-11-16T00:00:00+00:00
[2023-11-16T06:22:44.679+0000] {processor.py:179} INFO - Processing /home/airflow/.local/lib/python3.8/site-packages/airflow/example_dags/example_branch_labels.py took 0.041 seconds
[2023-11-16T06:23:14.884+0000] {processor.py:157} INFO - Started process (PID=593) to work on /home/airflow/.local/lib/python3.8/site-packages/airflow/example_dags/example_branch_labels.py
[2023-11-16T06:23:14.885+0000] {processor.py:829} INFO - Processing file /home/airflow/.local/lib/python3.8/site-packages/airflow/example_dags/example_branch_labels.py for tasks to queue
[2023-11-16T06:23:14.886+0000] {logging_mixin.py:154} INFO - [2023-11-16T06:23:14.886+0000] {dagbag.py:536} INFO - Filling up the DagBag from /home/airflow/.local/lib/python3.8/site-packages/airflow/example_dags/example_branch_labels.py
[2023-11-16T06:23:14.891+0000] {processor.py:839} INFO - DAG(s) dict_keys(['example_branch_labels']) retrieved from /home/airflow/.local/lib/python3.8/site-packages/airflow/example_dags/example_branch_labels.py
[2023-11-16T06:23:14.906+0000] {logging_mixin.py:154} INFO - [2023-11-16T06:23:14.906+0000] {dag.py:2941} INFO - Sync 1 DAGs
[2023-11-16T06:23:14.921+0000] {logging_mixin.py:154} INFO - [2023-11-16T06:23:14.921+0000] {dag.py:3722} INFO - Setting next_dagrun for example_branch_labels to 2023-11-15T00:00:00+00:00, run_after=2023-11-16T00:00:00+00:00
[2023-11-16T06:23:14.933+0000] {processor.py:179} INFO - Processing /home/airflow/.local/lib/python3.8/site-packages/airflow/example_dags/example_branch_labels.py took 0.052 seconds
[2023-11-16T06:23:45.083+0000] {processor.py:157} INFO - Started process (PID=647) to work on /home/airflow/.local/lib/python3.8/site-packages/airflow/example_dags/example_branch_labels.py
[2023-11-16T06:23:45.084+0000] {processor.py:829} INFO - Processing file /home/airflow/.local/lib/python3.8/site-packages/airflow/example_dags/example_branch_labels.py for tasks to queue
[2023-11-16T06:23:45.085+0000] {logging_mixin.py:154} INFO - [2023-11-16T06:23:45.085+0000] {dagbag.py:536} INFO - Filling up the DagBag from /home/airflow/.local/lib/python3.8/site-packages/airflow/example_dags/example_branch_labels.py
[2023-11-16T06:23:45.090+0000] {processor.py:839} INFO - DAG(s) dict_keys(['example_branch_labels']) retrieved from /home/airflow/.local/lib/python3.8/site-packages/airflow/example_dags/example_branch_labels.py
[2023-11-16T06:23:45.101+0000] {logging_mixin.py:154} INFO - [2023-11-16T06:23:45.101+0000] {dag.py:2941} INFO - Sync 1 DAGs
[2023-11-16T06:23:45.113+0000] {logging_mixin.py:154} INFO - [2023-11-16T06:23:45.113+0000] {dag.py:3722} INFO - Setting next_dagrun for example_branch_labels to 2023-11-15T00:00:00+00:00, run_after=2023-11-16T00:00:00+00:00
[2023-11-16T06:23:45.122+0000] {processor.py:179} INFO - Processing /home/airflow/.local/lib/python3.8/site-packages/airflow/example_dags/example_branch_labels.py took 0.041 seconds
[2023-11-16T06:24:15.319+0000] {processor.py:157} INFO - Started process (PID=701) to work on /home/airflow/.local/lib/python3.8/site-packages/airflow/example_dags/example_branch_labels.py
[2023-11-16T06:24:15.320+0000] {processor.py:829} INFO - Processing file /home/airflow/.local/lib/python3.8/site-packages/airflow/example_dags/example_branch_labels.py for tasks to queue
[2023-11-16T06:24:15.322+0000] {logging_mixin.py:154} INFO - [2023-11-16T06:24:15.322+0000] {dagbag.py:536} INFO - Filling up the DagBag from /home/airflow/.local/lib/python3.8/site-packages/airflow/example_dags/example_branch_labels.py
[2023-11-16T06:24:15.326+0000] {processor.py:839} INFO - DAG(s) dict_keys(['example_branch_labels']) retrieved from /home/airflow/.local/lib/python3.8/site-packages/airflow/example_dags/example_branch_labels.py
[2023-11-16T06:24:15.337+0000] {logging_mixin.py:154} INFO - [2023-11-16T06:24:15.337+0000] {dag.py:2941} INFO - Sync 1 DAGs
[2023-11-16T06:24:15.349+0000] {logging_mixin.py:154} INFO - [2023-11-16T06:24:15.349+0000] {dag.py:3722} INFO - Setting next_dagrun for example_branch_labels to 2023-11-15T00:00:00+00:00, run_after=2023-11-16T00:00:00+00:00
[2023-11-16T06:24:15.361+0000] {processor.py:179} INFO - Processing /home/airflow/.local/lib/python3.8/site-packages/airflow/example_dags/example_branch_labels.py took 0.043 seconds
[2023-11-16T06:24:45.533+0000] {processor.py:157} INFO - Started process (PID=755) to work on /home/airflow/.local/lib/python3.8/site-packages/airflow/example_dags/example_branch_labels.py
[2023-11-16T06:24:45.534+0000] {processor.py:829} INFO - Processing file /home/airflow/.local/lib/python3.8/site-packages/airflow/example_dags/example_branch_labels.py for tasks to queue
[2023-11-16T06:24:45.535+0000] {logging_mixin.py:154} INFO - [2023-11-16T06:24:45.535+0000] {dagbag.py:536} INFO - Filling up the DagBag from /home/airflow/.local/lib/python3.8/site-packages/airflow/example_dags/example_branch_labels.py
[2023-11-16T06:24:45.540+0000] {processor.py:839} INFO - DAG(s) dict_keys(['example_branch_labels']) retrieved from /home/airflow/.local/lib/python3.8/site-packages/airflow/example_dags/example_branch_labels.py
[2023-11-16T06:24:45.551+0000] {logging_mixin.py:154} INFO - [2023-11-16T06:24:45.551+0000] {dag.py:2941} INFO - Sync 1 DAGs
[2023-11-16T06:24:45.564+0000] {logging_mixin.py:154} INFO - [2023-11-16T06:24:45.564+0000] {dag.py:3722} INFO - Setting next_dagrun for example_branch_labels to 2023-11-15T00:00:00+00:00, run_after=2023-11-16T00:00:00+00:00
[2023-11-16T06:24:45.573+0000] {processor.py:179} INFO - Processing /home/airflow/.local/lib/python3.8/site-packages/airflow/example_dags/example_branch_labels.py took 0.041 seconds
[2023-11-16T06:25:15.934+0000] {processor.py:157} INFO - Started process (PID=809) to work on /home/airflow/.local/lib/python3.8/site-packages/airflow/example_dags/example_branch_labels.py
[2023-11-16T06:25:15.935+0000] {processor.py:829} INFO - Processing file /home/airflow/.local/lib/python3.8/site-packages/airflow/example_dags/example_branch_labels.py for tasks to queue
[2023-11-16T06:25:15.936+0000] {logging_mixin.py:154} INFO - [2023-11-16T06:25:15.936+0000] {dagbag.py:536} INFO - Filling up the DagBag from /home/airflow/.local/lib/python3.8/site-packages/airflow/example_dags/example_branch_labels.py
[2023-11-16T06:25:15.941+0000] {processor.py:839} INFO - DAG(s) dict_keys(['example_branch_labels']) retrieved from /home/airflow/.local/lib/python3.8/site-packages/airflow/example_dags/example_branch_labels.py
[2023-11-16T06:25:15.954+0000] {logging_mixin.py:154} INFO - [2023-11-16T06:25:15.953+0000] {dag.py:2941} INFO - Sync 1 DAGs
[2023-11-16T06:25:15.966+0000] {logging_mixin.py:154} INFO - [2023-11-16T06:25:15.966+0000] {dag.py:3722} INFO - Setting next_dagrun for example_branch_labels to 2023-11-15T00:00:00+00:00, run_after=2023-11-16T00:00:00+00:00
[2023-11-16T06:25:15.976+0000] {processor.py:179} INFO - Processing /home/airflow/.local/lib/python3.8/site-packages/airflow/example_dags/example_branch_labels.py took 0.045 seconds
[2023-11-16T06:25:46.604+0000] {processor.py:157} INFO - Started process (PID=863) to work on /home/airflow/.local/lib/python3.8/site-packages/airflow/example_dags/example_branch_labels.py
[2023-11-16T06:25:46.605+0000] {processor.py:829} INFO - Processing file /home/airflow/.local/lib/python3.8/site-packages/airflow/example_dags/example_branch_labels.py for tasks to queue
[2023-11-16T06:25:46.606+0000] {logging_mixin.py:154} INFO - [2023-11-16T06:25:46.606+0000] {dagbag.py:536} INFO - Filling up the DagBag from /home/airflow/.local/lib/python3.8/site-packages/airflow/example_dags/example_branch_labels.py
[2023-11-16T06:25:46.612+0000] {processor.py:839} INFO - DAG(s) dict_keys(['example_branch_labels']) retrieved from /home/airflow/.local/lib/python3.8/site-packages/airflow/example_dags/example_branch_labels.py
[2023-11-16T06:25:46.661+0000] {logging_mixin.py:154} INFO - [2023-11-16T06:25:46.661+0000] {dag.py:2941} INFO - Sync 1 DAGs
[2023-11-16T06:25:46.676+0000] {logging_mixin.py:154} INFO - [2023-11-16T06:25:46.676+0000] {dag.py:3722} INFO - Setting next_dagrun for example_branch_labels to 2023-11-15T00:00:00+00:00, run_after=2023-11-16T00:00:00+00:00
[2023-11-16T06:25:46.688+0000] {processor.py:179} INFO - Processing /home/airflow/.local/lib/python3.8/site-packages/airflow/example_dags/example_branch_labels.py took 0.085 seconds
[2023-11-16T06:26:17.147+0000] {processor.py:157} INFO - Started process (PID=917) to work on /home/airflow/.local/lib/python3.8/site-packages/airflow/example_dags/example_branch_labels.py
[2023-11-16T06:26:17.148+0000] {processor.py:829} INFO - Processing file /home/airflow/.local/lib/python3.8/site-packages/airflow/example_dags/example_branch_labels.py for tasks to queue
[2023-11-16T06:26:17.150+0000] {logging_mixin.py:154} INFO - [2023-11-16T06:26:17.150+0000] {dagbag.py:536} INFO - Filling up the DagBag from /home/airflow/.local/lib/python3.8/site-packages/airflow/example_dags/example_branch_labels.py
[2023-11-16T06:26:17.155+0000] {processor.py:839} INFO - DAG(s) dict_keys(['example_branch_labels']) retrieved from /home/airflow/.local/lib/python3.8/site-packages/airflow/example_dags/example_branch_labels.py
[2023-11-16T06:26:17.168+0000] {logging_mixin.py:154} INFO - [2023-11-16T06:26:17.168+0000] {dag.py:2941} INFO - Sync 1 DAGs
[2023-11-16T06:26:17.181+0000] {logging_mixin.py:154} INFO - [2023-11-16T06:26:17.180+0000] {dag.py:3722} INFO - Setting next_dagrun for example_branch_labels to 2023-11-15T00:00:00+00:00, run_after=2023-11-16T00:00:00+00:00
[2023-11-16T06:26:17.191+0000] {processor.py:179} INFO - Processing /home/airflow/.local/lib/python3.8/site-packages/airflow/example_dags/example_branch_labels.py took 0.046 seconds
[2023-11-16T06:26:48.072+0000] {processor.py:157} INFO - Started process (PID=971) to work on /home/airflow/.local/lib/python3.8/site-packages/airflow/example_dags/example_branch_labels.py
[2023-11-16T06:26:48.073+0000] {processor.py:829} INFO - Processing file /home/airflow/.local/lib/python3.8/site-packages/airflow/example_dags/example_branch_labels.py for tasks to queue
[2023-11-16T06:26:48.075+0000] {logging_mixin.py:154} INFO - [2023-11-16T06:26:48.075+0000] {dagbag.py:536} INFO - Filling up the DagBag from /home/airflow/.local/lib/python3.8/site-packages/airflow/example_dags/example_branch_labels.py
[2023-11-16T06:26:48.085+0000] {processor.py:839} INFO - DAG(s) dict_keys(['example_branch_labels']) retrieved from /home/airflow/.local/lib/python3.8/site-packages/airflow/example_dags/example_branch_labels.py
[2023-11-16T06:26:48.110+0000] {logging_mixin.py:154} INFO - [2023-11-16T06:26:48.110+0000] {dag.py:2941} INFO - Sync 1 DAGs
[2023-11-16T06:26:48.126+0000] {logging_mixin.py:154} INFO - [2023-11-16T06:26:48.126+0000] {dag.py:3722} INFO - Setting next_dagrun for example_branch_labels to 2023-11-15T00:00:00+00:00, run_after=2023-11-16T00:00:00+00:00
[2023-11-16T06:26:48.137+0000] {processor.py:179} INFO - Processing /home/airflow/.local/lib/python3.8/site-packages/airflow/example_dags/example_branch_labels.py took 0.068 seconds
[2023-11-16T06:27:19.575+0000] {processor.py:157} INFO - Started process (PID=1025) to work on /home/airflow/.local/lib/python3.8/site-packages/airflow/example_dags/example_branch_labels.py
[2023-11-16T06:27:19.576+0000] {processor.py:829} INFO - Processing file /home/airflow/.local/lib/python3.8/site-packages/airflow/example_dags/example_branch_labels.py for tasks to queue
[2023-11-16T06:27:19.578+0000] {logging_mixin.py:154} INFO - [2023-11-16T06:27:19.577+0000] {dagbag.py:536} INFO - Filling up the DagBag from /home/airflow/.local/lib/python3.8/site-packages/airflow/example_dags/example_branch_labels.py
[2023-11-16T06:27:19.583+0000] {processor.py:839} INFO - DAG(s) dict_keys(['example_branch_labels']) retrieved from /home/airflow/.local/lib/python3.8/site-packages/airflow/example_dags/example_branch_labels.py
[2023-11-16T06:27:19.598+0000] {logging_mixin.py:154} INFO - [2023-11-16T06:27:19.598+0000] {dag.py:2941} INFO - Sync 1 DAGs
[2023-11-16T06:27:19.725+0000] {logging_mixin.py:154} INFO - [2023-11-16T06:27:19.725+0000] {dag.py:3722} INFO - Setting next_dagrun for example_branch_labels to 2023-11-15T00:00:00+00:00, run_after=2023-11-16T00:00:00+00:00
[2023-11-16T06:27:19.734+0000] {processor.py:179} INFO - Processing /home/airflow/.local/lib/python3.8/site-packages/airflow/example_dags/example_branch_labels.py took 0.162 seconds
[2023-11-16T06:27:50.488+0000] {processor.py:157} INFO - Started process (PID=1079) to work on /home/airflow/.local/lib/python3.8/site-packages/airflow/example_dags/example_branch_labels.py
[2023-11-16T06:27:50.489+0000] {processor.py:829} INFO - Processing file /home/airflow/.local/lib/python3.8/site-packages/airflow/example_dags/example_branch_labels.py for tasks to queue
[2023-11-16T06:27:50.491+0000] {logging_mixin.py:154} INFO - [2023-11-16T06:27:50.491+0000] {dagbag.py:536} INFO - Filling up the DagBag from /home/airflow/.local/lib/python3.8/site-packages/airflow/example_dags/example_branch_labels.py
[2023-11-16T06:27:50.496+0000] {processor.py:839} INFO - DAG(s) dict_keys(['example_branch_labels']) retrieved from /home/airflow/.local/lib/python3.8/site-packages/airflow/example_dags/example_branch_labels.py
[2023-11-16T06:27:50.508+0000] {logging_mixin.py:154} INFO - [2023-11-16T06:27:50.508+0000] {dag.py:2941} INFO - Sync 1 DAGs
[2023-11-16T06:27:50.521+0000] {logging_mixin.py:154} INFO - [2023-11-16T06:27:50.521+0000] {dag.py:3722} INFO - Setting next_dagrun for example_branch_labels to 2023-11-15T00:00:00+00:00, run_after=2023-11-16T00:00:00+00:00
[2023-11-16T06:27:50.625+0000] {processor.py:179} INFO - Processing /home/airflow/.local/lib/python3.8/site-packages/airflow/example_dags/example_branch_labels.py took 0.139 seconds
[2023-11-16T06:28:20.650+0000] {processor.py:157} INFO - Started process (PID=1133) to work on /home/airflow/.local/lib/python3.8/site-packages/airflow/example_dags/example_branch_labels.py
[2023-11-16T06:28:20.651+0000] {processor.py:829} INFO - Processing file /home/airflow/.local/lib/python3.8/site-packages/airflow/example_dags/example_branch_labels.py for tasks to queue
[2023-11-16T06:28:20.652+0000] {logging_mixin.py:154} INFO - [2023-11-16T06:28:20.652+0000] {dagbag.py:536} INFO - Filling up the DagBag from /home/airflow/.local/lib/python3.8/site-packages/airflow/example_dags/example_branch_labels.py
[2023-11-16T06:28:20.658+0000] {processor.py:839} INFO - DAG(s) dict_keys(['example_branch_labels']) retrieved from /home/airflow/.local/lib/python3.8/site-packages/airflow/example_dags/example_branch_labels.py
[2023-11-16T06:28:20.670+0000] {logging_mixin.py:154} INFO - [2023-11-16T06:28:20.670+0000] {dag.py:2941} INFO - Sync 1 DAGs
[2023-11-16T06:28:20.681+0000] {logging_mixin.py:154} INFO - [2023-11-16T06:28:20.681+0000] {dag.py:3722} INFO - Setting next_dagrun for example_branch_labels to 2023-11-15T00:00:00+00:00, run_after=2023-11-16T00:00:00+00:00
[2023-11-16T06:28:20.689+0000] {processor.py:179} INFO - Processing /home/airflow/.local/lib/python3.8/site-packages/airflow/example_dags/example_branch_labels.py took 0.040 seconds
[2023-11-16T06:28:51.300+0000] {processor.py:157} INFO - Started process (PID=1187) to work on /home/airflow/.local/lib/python3.8/site-packages/airflow/example_dags/example_branch_labels.py
[2023-11-16T06:28:51.301+0000] {processor.py:829} INFO - Processing file /home/airflow/.local/lib/python3.8/site-packages/airflow/example_dags/example_branch_labels.py for tasks to queue
[2023-11-16T06:28:51.302+0000] {logging_mixin.py:154} INFO - [2023-11-16T06:28:51.302+0000] {dagbag.py:536} INFO - Filling up the DagBag from /home/airflow/.local/lib/python3.8/site-packages/airflow/example_dags/example_branch_labels.py
[2023-11-16T06:28:51.307+0000] {processor.py:839} INFO - DAG(s) dict_keys(['example_branch_labels']) retrieved from /home/airflow/.local/lib/python3.8/site-packages/airflow/example_dags/example_branch_labels.py
[2023-11-16T06:28:51.319+0000] {logging_mixin.py:154} INFO - [2023-11-16T06:28:51.319+0000] {dag.py:2941} INFO - Sync 1 DAGs
[2023-11-16T06:28:51.330+0000] {logging_mixin.py:154} INFO - [2023-11-16T06:28:51.330+0000] {dag.py:3722} INFO - Setting next_dagrun for example_branch_labels to 2023-11-15T00:00:00+00:00, run_after=2023-11-16T00:00:00+00:00
[2023-11-16T06:28:51.337+0000] {processor.py:179} INFO - Processing /home/airflow/.local/lib/python3.8/site-packages/airflow/example_dags/example_branch_labels.py took 0.039 seconds
[2023-11-16T06:29:22.386+0000] {processor.py:157} INFO - Started process (PID=1241) to work on /home/airflow/.local/lib/python3.8/site-packages/airflow/example_dags/example_branch_labels.py
[2023-11-16T06:29:22.387+0000] {processor.py:829} INFO - Processing file /home/airflow/.local/lib/python3.8/site-packages/airflow/example_dags/example_branch_labels.py for tasks to queue
[2023-11-16T06:29:22.389+0000] {logging_mixin.py:154} INFO - [2023-11-16T06:29:22.388+0000] {dagbag.py:536} INFO - Filling up the DagBag from /home/airflow/.local/lib/python3.8/site-packages/airflow/example_dags/example_branch_labels.py
[2023-11-16T06:29:22.393+0000] {processor.py:839} INFO - DAG(s) dict_keys(['example_branch_labels']) retrieved from /home/airflow/.local/lib/python3.8/site-packages/airflow/example_dags/example_branch_labels.py
[2023-11-16T06:29:22.483+0000] {logging_mixin.py:154} INFO - [2023-11-16T06:29:22.483+0000] {dag.py:2941} INFO - Sync 1 DAGs
[2023-11-16T06:29:22.493+0000] {logging_mixin.py:154} INFO - [2023-11-16T06:29:22.493+0000] {dag.py:3722} INFO - Setting next_dagrun for example_branch_labels to 2023-11-15T00:00:00+00:00, run_after=2023-11-16T00:00:00+00:00
[2023-11-16T06:29:22.500+0000] {processor.py:179} INFO - Processing /home/airflow/.local/lib/python3.8/site-packages/airflow/example_dags/example_branch_labels.py took 0.116 seconds
[2023-11-16T06:29:53.057+0000] {processor.py:157} INFO - Started process (PID=1295) to work on /home/airflow/.local/lib/python3.8/site-packages/airflow/example_dags/example_branch_labels.py
[2023-11-16T06:29:53.058+0000] {processor.py:829} INFO - Processing file /home/airflow/.local/lib/python3.8/site-packages/airflow/example_dags/example_branch_labels.py for tasks to queue
[2023-11-16T06:29:53.059+0000] {logging_mixin.py:154} INFO - [2023-11-16T06:29:53.059+0000] {dagbag.py:536} INFO - Filling up the DagBag from /home/airflow/.local/lib/python3.8/site-packages/airflow/example_dags/example_branch_labels.py
[2023-11-16T06:29:53.064+0000] {processor.py:839} INFO - DAG(s) dict_keys(['example_branch_labels']) retrieved from /home/airflow/.local/lib/python3.8/site-packages/airflow/example_dags/example_branch_labels.py
[2023-11-16T06:29:53.076+0000] {logging_mixin.py:154} INFO - [2023-11-16T06:29:53.076+0000] {dag.py:2941} INFO - Sync 1 DAGs
[2023-11-16T06:29:53.192+0000] {logging_mixin.py:154} INFO - [2023-11-16T06:29:53.192+0000] {dag.py:3722} INFO - Setting next_dagrun for example_branch_labels to 2023-11-15T00:00:00+00:00, run_after=2023-11-16T00:00:00+00:00
[2023-11-16T06:29:53.201+0000] {processor.py:179} INFO - Processing /home/airflow/.local/lib/python3.8/site-packages/airflow/example_dags/example_branch_labels.py took 0.146 seconds
[2023-11-16T06:30:23.599+0000] {processor.py:157} INFO - Started process (PID=1349) to work on /home/airflow/.local/lib/python3.8/site-packages/airflow/example_dags/example_branch_labels.py
[2023-11-16T06:30:23.600+0000] {processor.py:829} INFO - Processing file /home/airflow/.local/lib/python3.8/site-packages/airflow/example_dags/example_branch_labels.py for tasks to queue
[2023-11-16T06:30:23.601+0000] {logging_mixin.py:154} INFO - [2023-11-16T06:30:23.601+0000] {dagbag.py:536} INFO - Filling up the DagBag from /home/airflow/.local/lib/python3.8/site-packages/airflow/example_dags/example_branch_labels.py
[2023-11-16T06:30:23.606+0000] {processor.py:839} INFO - DAG(s) dict_keys(['example_branch_labels']) retrieved from /home/airflow/.local/lib/python3.8/site-packages/airflow/example_dags/example_branch_labels.py
[2023-11-16T06:30:23.618+0000] {logging_mixin.py:154} INFO - [2023-11-16T06:30:23.618+0000] {dag.py:2941} INFO - Sync 1 DAGs
[2023-11-16T06:30:23.631+0000] {logging_mixin.py:154} INFO - [2023-11-16T06:30:23.631+0000] {dag.py:3722} INFO - Setting next_dagrun for example_branch_labels to 2023-11-15T00:00:00+00:00, run_after=2023-11-16T00:00:00+00:00
[2023-11-16T06:30:23.639+0000] {processor.py:179} INFO - Processing /home/airflow/.local/lib/python3.8/site-packages/airflow/example_dags/example_branch_labels.py took 0.043 seconds
[2023-11-16T06:30:54.586+0000] {processor.py:157} INFO - Started process (PID=1403) to work on /home/airflow/.local/lib/python3.8/site-packages/airflow/example_dags/example_branch_labels.py
[2023-11-16T06:30:54.587+0000] {processor.py:829} INFO - Processing file /home/airflow/.local/lib/python3.8/site-packages/airflow/example_dags/example_branch_labels.py for tasks to queue
[2023-11-16T06:30:54.588+0000] {logging_mixin.py:154} INFO - [2023-11-16T06:30:54.588+0000] {dagbag.py:536} INFO - Filling up the DagBag from /home/airflow/.local/lib/python3.8/site-packages/airflow/example_dags/example_branch_labels.py
[2023-11-16T06:30:54.593+0000] {processor.py:839} INFO - DAG(s) dict_keys(['example_branch_labels']) retrieved from /home/airflow/.local/lib/python3.8/site-packages/airflow/example_dags/example_branch_labels.py
[2023-11-16T06:30:54.605+0000] {logging_mixin.py:154} INFO - [2023-11-16T06:30:54.605+0000] {dag.py:2941} INFO - Sync 1 DAGs
[2023-11-16T06:30:54.617+0000] {logging_mixin.py:154} INFO - [2023-11-16T06:30:54.617+0000] {dag.py:3722} INFO - Setting next_dagrun for example_branch_labels to 2023-11-15T00:00:00+00:00, run_after=2023-11-16T00:00:00+00:00
[2023-11-16T06:30:54.627+0000] {processor.py:179} INFO - Processing /home/airflow/.local/lib/python3.8/site-packages/airflow/example_dags/example_branch_labels.py took 0.043 seconds
[2023-11-16T06:31:25.532+0000] {processor.py:157} INFO - Started process (PID=1457) to work on /home/airflow/.local/lib/python3.8/site-packages/airflow/example_dags/example_branch_labels.py
[2023-11-16T06:31:25.533+0000] {processor.py:829} INFO - Processing file /home/airflow/.local/lib/python3.8/site-packages/airflow/example_dags/example_branch_labels.py for tasks to queue
[2023-11-16T06:31:25.535+0000] {logging_mixin.py:154} INFO - [2023-11-16T06:31:25.534+0000] {dagbag.py:536} INFO - Filling up the DagBag from /home/airflow/.local/lib/python3.8/site-packages/airflow/example_dags/example_branch_labels.py
[2023-11-16T06:31:25.539+0000] {processor.py:839} INFO - DAG(s) dict_keys(['example_branch_labels']) retrieved from /home/airflow/.local/lib/python3.8/site-packages/airflow/example_dags/example_branch_labels.py
[2023-11-16T06:31:25.551+0000] {logging_mixin.py:154} INFO - [2023-11-16T06:31:25.551+0000] {dag.py:2941} INFO - Sync 1 DAGs
[2023-11-16T06:31:25.564+0000] {logging_mixin.py:154} INFO - [2023-11-16T06:31:25.564+0000] {dag.py:3722} INFO - Setting next_dagrun for example_branch_labels to 2023-11-15T00:00:00+00:00, run_after=2023-11-16T00:00:00+00:00
[2023-11-16T06:31:25.573+0000] {processor.py:179} INFO - Processing /home/airflow/.local/lib/python3.8/site-packages/airflow/example_dags/example_branch_labels.py took 0.043 seconds
[2023-11-16T06:42:47.269+0000] {processor.py:157} INFO - Started process (PID=53) to work on /home/airflow/.local/lib/python3.8/site-packages/airflow/example_dags/example_branch_labels.py
[2023-11-16T06:42:47.271+0000] {processor.py:829} INFO - Processing file /home/airflow/.local/lib/python3.8/site-packages/airflow/example_dags/example_branch_labels.py for tasks to queue
[2023-11-16T06:42:47.274+0000] {logging_mixin.py:154} INFO - [2023-11-16T06:42:47.274+0000] {dagbag.py:536} INFO - Filling up the DagBag from /home/airflow/.local/lib/python3.8/site-packages/airflow/example_dags/example_branch_labels.py
[2023-11-16T06:42:47.283+0000] {processor.py:839} INFO - DAG(s) dict_keys(['example_branch_labels']) retrieved from /home/airflow/.local/lib/python3.8/site-packages/airflow/example_dags/example_branch_labels.py
[2023-11-16T06:42:47.298+0000] {logging_mixin.py:154} INFO - [2023-11-16T06:42:47.298+0000] {dag.py:2941} INFO - Sync 1 DAGs
[2023-11-16T06:42:47.342+0000] {logging_mixin.py:154} INFO - [2023-11-16T06:42:47.342+0000] {dag.py:3722} INFO - Setting next_dagrun for example_branch_labels to 2023-11-15T00:00:00+00:00, run_after=2023-11-16T00:00:00+00:00
[2023-11-16T06:42:47.360+0000] {processor.py:179} INFO - Processing /home/airflow/.local/lib/python3.8/site-packages/airflow/example_dags/example_branch_labels.py took 0.096 seconds
[2023-11-16T06:43:18.087+0000] {processor.py:157} INFO - Started process (PID=107) to work on /home/airflow/.local/lib/python3.8/site-packages/airflow/example_dags/example_branch_labels.py
[2023-11-16T06:43:18.088+0000] {processor.py:829} INFO - Processing file /home/airflow/.local/lib/python3.8/site-packages/airflow/example_dags/example_branch_labels.py for tasks to queue
[2023-11-16T06:43:18.090+0000] {logging_mixin.py:154} INFO - [2023-11-16T06:43:18.090+0000] {dagbag.py:536} INFO - Filling up the DagBag from /home/airflow/.local/lib/python3.8/site-packages/airflow/example_dags/example_branch_labels.py
[2023-11-16T06:43:18.095+0000] {processor.py:839} INFO - DAG(s) dict_keys(['example_branch_labels']) retrieved from /home/airflow/.local/lib/python3.8/site-packages/airflow/example_dags/example_branch_labels.py
[2023-11-16T06:43:18.107+0000] {logging_mixin.py:154} INFO - [2023-11-16T06:43:18.107+0000] {dag.py:2941} INFO - Sync 1 DAGs
[2023-11-16T06:43:18.121+0000] {logging_mixin.py:154} INFO - [2023-11-16T06:43:18.121+0000] {dag.py:3722} INFO - Setting next_dagrun for example_branch_labels to 2023-11-15T00:00:00+00:00, run_after=2023-11-16T00:00:00+00:00
[2023-11-16T06:43:18.132+0000] {processor.py:179} INFO - Processing /home/airflow/.local/lib/python3.8/site-packages/airflow/example_dags/example_branch_labels.py took 0.047 seconds
[2023-11-16T06:43:48.411+0000] {processor.py:157} INFO - Started process (PID=161) to work on /home/airflow/.local/lib/python3.8/site-packages/airflow/example_dags/example_branch_labels.py
[2023-11-16T06:43:48.412+0000] {processor.py:829} INFO - Processing file /home/airflow/.local/lib/python3.8/site-packages/airflow/example_dags/example_branch_labels.py for tasks to queue
[2023-11-16T06:43:48.413+0000] {logging_mixin.py:154} INFO - [2023-11-16T06:43:48.413+0000] {dagbag.py:536} INFO - Filling up the DagBag from /home/airflow/.local/lib/python3.8/site-packages/airflow/example_dags/example_branch_labels.py
[2023-11-16T06:43:48.418+0000] {processor.py:839} INFO - DAG(s) dict_keys(['example_branch_labels']) retrieved from /home/airflow/.local/lib/python3.8/site-packages/airflow/example_dags/example_branch_labels.py
[2023-11-16T06:43:48.429+0000] {logging_mixin.py:154} INFO - [2023-11-16T06:43:48.429+0000] {dag.py:2941} INFO - Sync 1 DAGs
[2023-11-16T06:43:48.441+0000] {logging_mixin.py:154} INFO - [2023-11-16T06:43:48.441+0000] {dag.py:3722} INFO - Setting next_dagrun for example_branch_labels to 2023-11-15T00:00:00+00:00, run_after=2023-11-16T00:00:00+00:00
[2023-11-16T06:43:48.450+0000] {processor.py:179} INFO - Processing /home/airflow/.local/lib/python3.8/site-packages/airflow/example_dags/example_branch_labels.py took 0.041 seconds
[2023-11-16T06:44:19.290+0000] {processor.py:157} INFO - Started process (PID=215) to work on /home/airflow/.local/lib/python3.8/site-packages/airflow/example_dags/example_branch_labels.py
[2023-11-16T06:44:19.291+0000] {processor.py:829} INFO - Processing file /home/airflow/.local/lib/python3.8/site-packages/airflow/example_dags/example_branch_labels.py for tasks to queue
[2023-11-16T06:44:19.292+0000] {logging_mixin.py:154} INFO - [2023-11-16T06:44:19.292+0000] {dagbag.py:536} INFO - Filling up the DagBag from /home/airflow/.local/lib/python3.8/site-packages/airflow/example_dags/example_branch_labels.py
[2023-11-16T06:44:19.297+0000] {processor.py:839} INFO - DAG(s) dict_keys(['example_branch_labels']) retrieved from /home/airflow/.local/lib/python3.8/site-packages/airflow/example_dags/example_branch_labels.py
[2023-11-16T06:44:19.308+0000] {logging_mixin.py:154} INFO - [2023-11-16T06:44:19.308+0000] {dag.py:2941} INFO - Sync 1 DAGs
[2023-11-16T06:44:19.323+0000] {logging_mixin.py:154} INFO - [2023-11-16T06:44:19.323+0000] {dag.py:3722} INFO - Setting next_dagrun for example_branch_labels to 2023-11-15T00:00:00+00:00, run_after=2023-11-16T00:00:00+00:00
[2023-11-16T06:44:19.332+0000] {processor.py:179} INFO - Processing /home/airflow/.local/lib/python3.8/site-packages/airflow/example_dags/example_branch_labels.py took 0.044 seconds
[2023-11-16T06:44:50.091+0000] {processor.py:157} INFO - Started process (PID=270) to work on /home/airflow/.local/lib/python3.8/site-packages/airflow/example_dags/example_branch_labels.py
[2023-11-16T06:44:50.092+0000] {processor.py:829} INFO - Processing file /home/airflow/.local/lib/python3.8/site-packages/airflow/example_dags/example_branch_labels.py for tasks to queue
[2023-11-16T06:44:50.093+0000] {logging_mixin.py:154} INFO - [2023-11-16T06:44:50.093+0000] {dagbag.py:536} INFO - Filling up the DagBag from /home/airflow/.local/lib/python3.8/site-packages/airflow/example_dags/example_branch_labels.py
[2023-11-16T06:44:50.098+0000] {processor.py:839} INFO - DAG(s) dict_keys(['example_branch_labels']) retrieved from /home/airflow/.local/lib/python3.8/site-packages/airflow/example_dags/example_branch_labels.py
[2023-11-16T06:44:50.109+0000] {logging_mixin.py:154} INFO - [2023-11-16T06:44:50.109+0000] {dag.py:2941} INFO - Sync 1 DAGs
[2023-11-16T06:44:50.121+0000] {logging_mixin.py:154} INFO - [2023-11-16T06:44:50.121+0000] {dag.py:3722} INFO - Setting next_dagrun for example_branch_labels to 2023-11-15T00:00:00+00:00, run_after=2023-11-16T00:00:00+00:00
[2023-11-16T06:44:50.130+0000] {processor.py:179} INFO - Processing /home/airflow/.local/lib/python3.8/site-packages/airflow/example_dags/example_branch_labels.py took 0.041 seconds
[2023-11-16T06:45:20.279+0000] {processor.py:157} INFO - Started process (PID=324) to work on /home/airflow/.local/lib/python3.8/site-packages/airflow/example_dags/example_branch_labels.py
[2023-11-16T06:45:20.280+0000] {processor.py:829} INFO - Processing file /home/airflow/.local/lib/python3.8/site-packages/airflow/example_dags/example_branch_labels.py for tasks to queue
[2023-11-16T06:45:20.282+0000] {logging_mixin.py:154} INFO - [2023-11-16T06:45:20.281+0000] {dagbag.py:536} INFO - Filling up the DagBag from /home/airflow/.local/lib/python3.8/site-packages/airflow/example_dags/example_branch_labels.py
[2023-11-16T06:45:20.286+0000] {processor.py:839} INFO - DAG(s) dict_keys(['example_branch_labels']) retrieved from /home/airflow/.local/lib/python3.8/site-packages/airflow/example_dags/example_branch_labels.py
[2023-11-16T06:45:20.301+0000] {logging_mixin.py:154} INFO - [2023-11-16T06:45:20.301+0000] {dag.py:2941} INFO - Sync 1 DAGs
[2023-11-16T06:45:20.319+0000] {logging_mixin.py:154} INFO - [2023-11-16T06:45:20.319+0000] {dag.py:3722} INFO - Setting next_dagrun for example_branch_labels to 2023-11-15T00:00:00+00:00, run_after=2023-11-16T00:00:00+00:00
[2023-11-16T06:45:20.328+0000] {processor.py:179} INFO - Processing /home/airflow/.local/lib/python3.8/site-packages/airflow/example_dags/example_branch_labels.py took 0.050 seconds
[2023-11-16T06:45:50.603+0000] {processor.py:157} INFO - Started process (PID=378) to work on /home/airflow/.local/lib/python3.8/site-packages/airflow/example_dags/example_branch_labels.py
[2023-11-16T06:45:50.604+0000] {processor.py:829} INFO - Processing file /home/airflow/.local/lib/python3.8/site-packages/airflow/example_dags/example_branch_labels.py for tasks to queue
[2023-11-16T06:45:50.606+0000] {logging_mixin.py:154} INFO - [2023-11-16T06:45:50.605+0000] {dagbag.py:536} INFO - Filling up the DagBag from /home/airflow/.local/lib/python3.8/site-packages/airflow/example_dags/example_branch_labels.py
[2023-11-16T06:45:50.611+0000] {processor.py:839} INFO - DAG(s) dict_keys(['example_branch_labels']) retrieved from /home/airflow/.local/lib/python3.8/site-packages/airflow/example_dags/example_branch_labels.py
[2023-11-16T06:45:50.623+0000] {logging_mixin.py:154} INFO - [2023-11-16T06:45:50.623+0000] {dag.py:2941} INFO - Sync 1 DAGs
[2023-11-16T06:45:50.635+0000] {logging_mixin.py:154} INFO - [2023-11-16T06:45:50.635+0000] {dag.py:3722} INFO - Setting next_dagrun for example_branch_labels to 2023-11-15T00:00:00+00:00, run_after=2023-11-16T00:00:00+00:00
[2023-11-16T06:45:50.644+0000] {processor.py:179} INFO - Processing /home/airflow/.local/lib/python3.8/site-packages/airflow/example_dags/example_branch_labels.py took 0.043 seconds
[2023-11-16T06:46:20.848+0000] {processor.py:157} INFO - Started process (PID=432) to work on /home/airflow/.local/lib/python3.8/site-packages/airflow/example_dags/example_branch_labels.py
[2023-11-16T06:46:20.849+0000] {processor.py:829} INFO - Processing file /home/airflow/.local/lib/python3.8/site-packages/airflow/example_dags/example_branch_labels.py for tasks to queue
[2023-11-16T06:46:20.851+0000] {logging_mixin.py:154} INFO - [2023-11-16T06:46:20.851+0000] {dagbag.py:536} INFO - Filling up the DagBag from /home/airflow/.local/lib/python3.8/site-packages/airflow/example_dags/example_branch_labels.py
[2023-11-16T06:46:20.859+0000] {processor.py:839} INFO - DAG(s) dict_keys(['example_branch_labels']) retrieved from /home/airflow/.local/lib/python3.8/site-packages/airflow/example_dags/example_branch_labels.py
[2023-11-16T06:46:20.875+0000] {logging_mixin.py:154} INFO - [2023-11-16T06:46:20.875+0000] {dag.py:2941} INFO - Sync 1 DAGs
[2023-11-16T06:46:20.886+0000] {logging_mixin.py:154} INFO - [2023-11-16T06:46:20.886+0000] {dag.py:3722} INFO - Setting next_dagrun for example_branch_labels to 2023-11-15T00:00:00+00:00, run_after=2023-11-16T00:00:00+00:00
[2023-11-16T06:46:20.894+0000] {processor.py:179} INFO - Processing /home/airflow/.local/lib/python3.8/site-packages/airflow/example_dags/example_branch_labels.py took 0.047 seconds
[2023-11-16T06:46:50.976+0000] {processor.py:157} INFO - Started process (PID=486) to work on /home/airflow/.local/lib/python3.8/site-packages/airflow/example_dags/example_branch_labels.py
[2023-11-16T06:46:50.977+0000] {processor.py:829} INFO - Processing file /home/airflow/.local/lib/python3.8/site-packages/airflow/example_dags/example_branch_labels.py for tasks to queue
[2023-11-16T06:46:50.978+0000] {logging_mixin.py:154} INFO - [2023-11-16T06:46:50.978+0000] {dagbag.py:536} INFO - Filling up the DagBag from /home/airflow/.local/lib/python3.8/site-packages/airflow/example_dags/example_branch_labels.py
[2023-11-16T06:46:50.983+0000] {processor.py:839} INFO - DAG(s) dict_keys(['example_branch_labels']) retrieved from /home/airflow/.local/lib/python3.8/site-packages/airflow/example_dags/example_branch_labels.py
[2023-11-16T06:46:50.994+0000] {logging_mixin.py:154} INFO - [2023-11-16T06:46:50.994+0000] {dag.py:2941} INFO - Sync 1 DAGs
[2023-11-16T06:46:51.006+0000] {logging_mixin.py:154} INFO - [2023-11-16T06:46:51.006+0000] {dag.py:3722} INFO - Setting next_dagrun for example_branch_labels to 2023-11-15T00:00:00+00:00, run_after=2023-11-16T00:00:00+00:00
[2023-11-16T06:46:51.015+0000] {processor.py:179} INFO - Processing /home/airflow/.local/lib/python3.8/site-packages/airflow/example_dags/example_branch_labels.py took 0.041 seconds
[2023-11-16T06:47:21.316+0000] {processor.py:157} INFO - Started process (PID=541) to work on /home/airflow/.local/lib/python3.8/site-packages/airflow/example_dags/example_branch_labels.py
[2023-11-16T06:47:21.317+0000] {processor.py:829} INFO - Processing file /home/airflow/.local/lib/python3.8/site-packages/airflow/example_dags/example_branch_labels.py for tasks to queue
[2023-11-16T06:47:21.319+0000] {logging_mixin.py:154} INFO - [2023-11-16T06:47:21.319+0000] {dagbag.py:536} INFO - Filling up the DagBag from /home/airflow/.local/lib/python3.8/site-packages/airflow/example_dags/example_branch_labels.py
[2023-11-16T06:47:21.325+0000] {processor.py:839} INFO - DAG(s) dict_keys(['example_branch_labels']) retrieved from /home/airflow/.local/lib/python3.8/site-packages/airflow/example_dags/example_branch_labels.py
[2023-11-16T06:47:21.339+0000] {logging_mixin.py:154} INFO - [2023-11-16T06:47:21.339+0000] {dag.py:2941} INFO - Sync 1 DAGs
[2023-11-16T06:47:21.355+0000] {logging_mixin.py:154} INFO - [2023-11-16T06:47:21.354+0000] {dag.py:3722} INFO - Setting next_dagrun for example_branch_labels to 2023-11-15T00:00:00+00:00, run_after=2023-11-16T00:00:00+00:00
[2023-11-16T06:47:21.365+0000] {processor.py:179} INFO - Processing /home/airflow/.local/lib/python3.8/site-packages/airflow/example_dags/example_branch_labels.py took 0.053 seconds
[2023-11-16T06:47:51.547+0000] {processor.py:157} INFO - Started process (PID=595) to work on /home/airflow/.local/lib/python3.8/site-packages/airflow/example_dags/example_branch_labels.py
[2023-11-16T06:47:51.549+0000] {processor.py:829} INFO - Processing file /home/airflow/.local/lib/python3.8/site-packages/airflow/example_dags/example_branch_labels.py for tasks to queue
[2023-11-16T06:47:51.551+0000] {logging_mixin.py:154} INFO - [2023-11-16T06:47:51.551+0000] {dagbag.py:536} INFO - Filling up the DagBag from /home/airflow/.local/lib/python3.8/site-packages/airflow/example_dags/example_branch_labels.py
[2023-11-16T06:47:51.562+0000] {processor.py:839} INFO - DAG(s) dict_keys(['example_branch_labels']) retrieved from /home/airflow/.local/lib/python3.8/site-packages/airflow/example_dags/example_branch_labels.py
[2023-11-16T06:47:51.581+0000] {logging_mixin.py:154} INFO - [2023-11-16T06:47:51.581+0000] {dag.py:2941} INFO - Sync 1 DAGs
[2023-11-16T06:47:51.596+0000] {logging_mixin.py:154} INFO - [2023-11-16T06:47:51.596+0000] {dag.py:3722} INFO - Setting next_dagrun for example_branch_labels to 2023-11-15T00:00:00+00:00, run_after=2023-11-16T00:00:00+00:00
[2023-11-16T06:47:51.608+0000] {processor.py:179} INFO - Processing /home/airflow/.local/lib/python3.8/site-packages/airflow/example_dags/example_branch_labels.py took 0.064 seconds
[2023-11-16T06:48:21.649+0000] {processor.py:157} INFO - Started process (PID=649) to work on /home/airflow/.local/lib/python3.8/site-packages/airflow/example_dags/example_branch_labels.py
[2023-11-16T06:48:21.650+0000] {processor.py:829} INFO - Processing file /home/airflow/.local/lib/python3.8/site-packages/airflow/example_dags/example_branch_labels.py for tasks to queue
[2023-11-16T06:48:21.651+0000] {logging_mixin.py:154} INFO - [2023-11-16T06:48:21.651+0000] {dagbag.py:536} INFO - Filling up the DagBag from /home/airflow/.local/lib/python3.8/site-packages/airflow/example_dags/example_branch_labels.py
[2023-11-16T06:48:21.656+0000] {processor.py:839} INFO - DAG(s) dict_keys(['example_branch_labels']) retrieved from /home/airflow/.local/lib/python3.8/site-packages/airflow/example_dags/example_branch_labels.py
[2023-11-16T06:48:21.667+0000] {logging_mixin.py:154} INFO - [2023-11-16T06:48:21.667+0000] {dag.py:2941} INFO - Sync 1 DAGs
[2023-11-16T06:48:21.680+0000] {logging_mixin.py:154} INFO - [2023-11-16T06:48:21.679+0000] {dag.py:3722} INFO - Setting next_dagrun for example_branch_labels to 2023-11-15T00:00:00+00:00, run_after=2023-11-16T00:00:00+00:00
[2023-11-16T06:48:21.688+0000] {processor.py:179} INFO - Processing /home/airflow/.local/lib/python3.8/site-packages/airflow/example_dags/example_branch_labels.py took 0.041 seconds
[2023-11-16T06:48:52.181+0000] {processor.py:157} INFO - Started process (PID=703) to work on /home/airflow/.local/lib/python3.8/site-packages/airflow/example_dags/example_branch_labels.py
[2023-11-16T06:48:52.182+0000] {processor.py:829} INFO - Processing file /home/airflow/.local/lib/python3.8/site-packages/airflow/example_dags/example_branch_labels.py for tasks to queue
[2023-11-16T06:48:52.183+0000] {logging_mixin.py:154} INFO - [2023-11-16T06:48:52.183+0000] {dagbag.py:536} INFO - Filling up the DagBag from /home/airflow/.local/lib/python3.8/site-packages/airflow/example_dags/example_branch_labels.py
[2023-11-16T06:48:52.188+0000] {processor.py:839} INFO - DAG(s) dict_keys(['example_branch_labels']) retrieved from /home/airflow/.local/lib/python3.8/site-packages/airflow/example_dags/example_branch_labels.py
[2023-11-16T06:48:52.200+0000] {logging_mixin.py:154} INFO - [2023-11-16T06:48:52.200+0000] {dag.py:2941} INFO - Sync 1 DAGs
[2023-11-16T06:48:52.212+0000] {logging_mixin.py:154} INFO - [2023-11-16T06:48:52.212+0000] {dag.py:3722} INFO - Setting next_dagrun for example_branch_labels to 2023-11-15T00:00:00+00:00, run_after=2023-11-16T00:00:00+00:00
[2023-11-16T06:48:52.222+0000] {processor.py:179} INFO - Processing /home/airflow/.local/lib/python3.8/site-packages/airflow/example_dags/example_branch_labels.py took 0.043 seconds
[2023-11-16T06:49:22.288+0000] {processor.py:157} INFO - Started process (PID=757) to work on /home/airflow/.local/lib/python3.8/site-packages/airflow/example_dags/example_branch_labels.py
[2023-11-16T06:49:22.288+0000] {processor.py:829} INFO - Processing file /home/airflow/.local/lib/python3.8/site-packages/airflow/example_dags/example_branch_labels.py for tasks to queue
[2023-11-16T06:49:22.290+0000] {logging_mixin.py:154} INFO - [2023-11-16T06:49:22.290+0000] {dagbag.py:536} INFO - Filling up the DagBag from /home/airflow/.local/lib/python3.8/site-packages/airflow/example_dags/example_branch_labels.py
[2023-11-16T06:49:22.294+0000] {processor.py:839} INFO - DAG(s) dict_keys(['example_branch_labels']) retrieved from /home/airflow/.local/lib/python3.8/site-packages/airflow/example_dags/example_branch_labels.py
[2023-11-16T06:49:22.306+0000] {logging_mixin.py:154} INFO - [2023-11-16T06:49:22.306+0000] {dag.py:2941} INFO - Sync 1 DAGs
[2023-11-16T06:49:22.318+0000] {logging_mixin.py:154} INFO - [2023-11-16T06:49:22.318+0000] {dag.py:3722} INFO - Setting next_dagrun for example_branch_labels to 2023-11-15T00:00:00+00:00, run_after=2023-11-16T00:00:00+00:00
[2023-11-16T06:49:22.327+0000] {processor.py:179} INFO - Processing /home/airflow/.local/lib/python3.8/site-packages/airflow/example_dags/example_branch_labels.py took 0.041 seconds
[2023-11-16T06:49:52.602+0000] {processor.py:157} INFO - Started process (PID=811) to work on /home/airflow/.local/lib/python3.8/site-packages/airflow/example_dags/example_branch_labels.py
[2023-11-16T06:49:52.603+0000] {processor.py:829} INFO - Processing file /home/airflow/.local/lib/python3.8/site-packages/airflow/example_dags/example_branch_labels.py for tasks to queue
[2023-11-16T06:49:52.604+0000] {logging_mixin.py:154} INFO - [2023-11-16T06:49:52.604+0000] {dagbag.py:536} INFO - Filling up the DagBag from /home/airflow/.local/lib/python3.8/site-packages/airflow/example_dags/example_branch_labels.py
[2023-11-16T06:49:52.608+0000] {processor.py:839} INFO - DAG(s) dict_keys(['example_branch_labels']) retrieved from /home/airflow/.local/lib/python3.8/site-packages/airflow/example_dags/example_branch_labels.py
[2023-11-16T06:49:52.620+0000] {logging_mixin.py:154} INFO - [2023-11-16T06:49:52.619+0000] {dag.py:2941} INFO - Sync 1 DAGs
[2023-11-16T06:49:52.631+0000] {logging_mixin.py:154} INFO - [2023-11-16T06:49:52.631+0000] {dag.py:3722} INFO - Setting next_dagrun for example_branch_labels to 2023-11-15T00:00:00+00:00, run_after=2023-11-16T00:00:00+00:00
[2023-11-16T06:49:52.640+0000] {processor.py:179} INFO - Processing /home/airflow/.local/lib/python3.8/site-packages/airflow/example_dags/example_branch_labels.py took 0.040 seconds
[2023-11-16T06:50:23.610+0000] {processor.py:157} INFO - Started process (PID=865) to work on /home/airflow/.local/lib/python3.8/site-packages/airflow/example_dags/example_branch_labels.py
[2023-11-16T06:50:23.611+0000] {processor.py:829} INFO - Processing file /home/airflow/.local/lib/python3.8/site-packages/airflow/example_dags/example_branch_labels.py for tasks to queue
[2023-11-16T06:50:23.612+0000] {logging_mixin.py:154} INFO - [2023-11-16T06:50:23.612+0000] {dagbag.py:536} INFO - Filling up the DagBag from /home/airflow/.local/lib/python3.8/site-packages/airflow/example_dags/example_branch_labels.py
[2023-11-16T06:50:23.618+0000] {processor.py:839} INFO - DAG(s) dict_keys(['example_branch_labels']) retrieved from /home/airflow/.local/lib/python3.8/site-packages/airflow/example_dags/example_branch_labels.py
[2023-11-16T06:50:23.629+0000] {logging_mixin.py:154} INFO - [2023-11-16T06:50:23.629+0000] {dag.py:2941} INFO - Sync 1 DAGs
[2023-11-16T06:50:23.641+0000] {logging_mixin.py:154} INFO - [2023-11-16T06:50:23.641+0000] {dag.py:3722} INFO - Setting next_dagrun for example_branch_labels to 2023-11-15T00:00:00+00:00, run_after=2023-11-16T00:00:00+00:00
[2023-11-16T06:50:23.651+0000] {processor.py:179} INFO - Processing /home/airflow/.local/lib/python3.8/site-packages/airflow/example_dags/example_branch_labels.py took 0.042 seconds
[2023-11-16T06:50:54.065+0000] {processor.py:157} INFO - Started process (PID=919) to work on /home/airflow/.local/lib/python3.8/site-packages/airflow/example_dags/example_branch_labels.py
[2023-11-16T06:50:54.065+0000] {processor.py:829} INFO - Processing file /home/airflow/.local/lib/python3.8/site-packages/airflow/example_dags/example_branch_labels.py for tasks to queue
[2023-11-16T06:50:54.066+0000] {logging_mixin.py:154} INFO - [2023-11-16T06:50:54.066+0000] {dagbag.py:536} INFO - Filling up the DagBag from /home/airflow/.local/lib/python3.8/site-packages/airflow/example_dags/example_branch_labels.py
[2023-11-16T06:50:54.071+0000] {processor.py:839} INFO - DAG(s) dict_keys(['example_branch_labels']) retrieved from /home/airflow/.local/lib/python3.8/site-packages/airflow/example_dags/example_branch_labels.py
[2023-11-16T06:50:54.083+0000] {logging_mixin.py:154} INFO - [2023-11-16T06:50:54.082+0000] {dag.py:2941} INFO - Sync 1 DAGs
[2023-11-16T06:50:54.094+0000] {logging_mixin.py:154} INFO - [2023-11-16T06:50:54.094+0000] {dag.py:3722} INFO - Setting next_dagrun for example_branch_labels to 2023-11-15T00:00:00+00:00, run_after=2023-11-16T00:00:00+00:00
[2023-11-16T06:50:54.104+0000] {processor.py:179} INFO - Processing /home/airflow/.local/lib/python3.8/site-packages/airflow/example_dags/example_branch_labels.py took 0.041 seconds
[2023-11-16T06:51:24.913+0000] {processor.py:157} INFO - Started process (PID=973) to work on /home/airflow/.local/lib/python3.8/site-packages/airflow/example_dags/example_branch_labels.py
[2023-11-16T06:51:24.914+0000] {processor.py:829} INFO - Processing file /home/airflow/.local/lib/python3.8/site-packages/airflow/example_dags/example_branch_labels.py for tasks to queue
[2023-11-16T06:51:24.916+0000] {logging_mixin.py:154} INFO - [2023-11-16T06:51:24.916+0000] {dagbag.py:536} INFO - Filling up the DagBag from /home/airflow/.local/lib/python3.8/site-packages/airflow/example_dags/example_branch_labels.py
[2023-11-16T06:51:24.921+0000] {processor.py:839} INFO - DAG(s) dict_keys(['example_branch_labels']) retrieved from /home/airflow/.local/lib/python3.8/site-packages/airflow/example_dags/example_branch_labels.py
[2023-11-16T06:51:24.935+0000] {logging_mixin.py:154} INFO - [2023-11-16T06:51:24.935+0000] {dag.py:2941} INFO - Sync 1 DAGs
[2023-11-16T06:51:25.040+0000] {logging_mixin.py:154} INFO - [2023-11-16T06:51:25.040+0000] {dag.py:3722} INFO - Setting next_dagrun for example_branch_labels to 2023-11-15T00:00:00+00:00, run_after=2023-11-16T00:00:00+00:00
[2023-11-16T06:51:25.050+0000] {processor.py:179} INFO - Processing /home/airflow/.local/lib/python3.8/site-packages/airflow/example_dags/example_branch_labels.py took 0.139 seconds
[2023-11-16T06:51:55.390+0000] {processor.py:157} INFO - Started process (PID=1027) to work on /home/airflow/.local/lib/python3.8/site-packages/airflow/example_dags/example_branch_labels.py
[2023-11-16T06:51:55.391+0000] {processor.py:829} INFO - Processing file /home/airflow/.local/lib/python3.8/site-packages/airflow/example_dags/example_branch_labels.py for tasks to queue
[2023-11-16T06:51:55.392+0000] {logging_mixin.py:154} INFO - [2023-11-16T06:51:55.392+0000] {dagbag.py:536} INFO - Filling up the DagBag from /home/airflow/.local/lib/python3.8/site-packages/airflow/example_dags/example_branch_labels.py
[2023-11-16T06:51:55.399+0000] {processor.py:839} INFO - DAG(s) dict_keys(['example_branch_labels']) retrieved from /home/airflow/.local/lib/python3.8/site-packages/airflow/example_dags/example_branch_labels.py
[2023-11-16T06:51:55.413+0000] {logging_mixin.py:154} INFO - [2023-11-16T06:51:55.412+0000] {dag.py:2941} INFO - Sync 1 DAGs
[2023-11-16T06:51:55.426+0000] {logging_mixin.py:154} INFO - [2023-11-16T06:51:55.426+0000] {dag.py:3722} INFO - Setting next_dagrun for example_branch_labels to 2023-11-15T00:00:00+00:00, run_after=2023-11-16T00:00:00+00:00
[2023-11-16T06:51:55.557+0000] {processor.py:179} INFO - Processing /home/airflow/.local/lib/python3.8/site-packages/airflow/example_dags/example_branch_labels.py took 0.168 seconds
[2023-11-16T06:52:26.187+0000] {processor.py:157} INFO - Started process (PID=1081) to work on /home/airflow/.local/lib/python3.8/site-packages/airflow/example_dags/example_branch_labels.py
[2023-11-16T06:52:26.188+0000] {processor.py:829} INFO - Processing file /home/airflow/.local/lib/python3.8/site-packages/airflow/example_dags/example_branch_labels.py for tasks to queue
[2023-11-16T06:52:26.189+0000] {logging_mixin.py:154} INFO - [2023-11-16T06:52:26.189+0000] {dagbag.py:536} INFO - Filling up the DagBag from /home/airflow/.local/lib/python3.8/site-packages/airflow/example_dags/example_branch_labels.py
[2023-11-16T06:52:26.194+0000] {processor.py:839} INFO - DAG(s) dict_keys(['example_branch_labels']) retrieved from /home/airflow/.local/lib/python3.8/site-packages/airflow/example_dags/example_branch_labels.py
[2023-11-16T06:52:26.205+0000] {logging_mixin.py:154} INFO - [2023-11-16T06:52:26.205+0000] {dag.py:2941} INFO - Sync 1 DAGs
[2023-11-16T06:52:26.218+0000] {logging_mixin.py:154} INFO - [2023-11-16T06:52:26.217+0000] {dag.py:3722} INFO - Setting next_dagrun for example_branch_labels to 2023-11-15T00:00:00+00:00, run_after=2023-11-16T00:00:00+00:00
[2023-11-16T06:52:26.227+0000] {processor.py:179} INFO - Processing /home/airflow/.local/lib/python3.8/site-packages/airflow/example_dags/example_branch_labels.py took 0.042 seconds
[2023-11-16T06:52:56.651+0000] {processor.py:157} INFO - Started process (PID=1135) to work on /home/airflow/.local/lib/python3.8/site-packages/airflow/example_dags/example_branch_labels.py
[2023-11-16T06:52:56.652+0000] {processor.py:829} INFO - Processing file /home/airflow/.local/lib/python3.8/site-packages/airflow/example_dags/example_branch_labels.py for tasks to queue
[2023-11-16T06:52:56.653+0000] {logging_mixin.py:154} INFO - [2023-11-16T06:52:56.653+0000] {dagbag.py:536} INFO - Filling up the DagBag from /home/airflow/.local/lib/python3.8/site-packages/airflow/example_dags/example_branch_labels.py
[2023-11-16T06:52:56.658+0000] {processor.py:839} INFO - DAG(s) dict_keys(['example_branch_labels']) retrieved from /home/airflow/.local/lib/python3.8/site-packages/airflow/example_dags/example_branch_labels.py
[2023-11-16T06:52:56.670+0000] {logging_mixin.py:154} INFO - [2023-11-16T06:52:56.670+0000] {dag.py:2941} INFO - Sync 1 DAGs
[2023-11-16T06:52:56.683+0000] {logging_mixin.py:154} INFO - [2023-11-16T06:52:56.682+0000] {dag.py:3722} INFO - Setting next_dagrun for example_branch_labels to 2023-11-15T00:00:00+00:00, run_after=2023-11-16T00:00:00+00:00
[2023-11-16T06:52:56.691+0000] {processor.py:179} INFO - Processing /home/airflow/.local/lib/python3.8/site-packages/airflow/example_dags/example_branch_labels.py took 0.042 seconds
[2023-11-16T06:53:28.493+0000] {processor.py:157} INFO - Started process (PID=1189) to work on /home/airflow/.local/lib/python3.8/site-packages/airflow/example_dags/example_branch_labels.py
[2023-11-16T06:53:28.493+0000] {processor.py:829} INFO - Processing file /home/airflow/.local/lib/python3.8/site-packages/airflow/example_dags/example_branch_labels.py for tasks to queue
[2023-11-16T06:53:28.495+0000] {logging_mixin.py:154} INFO - [2023-11-16T06:53:28.495+0000] {dagbag.py:536} INFO - Filling up the DagBag from /home/airflow/.local/lib/python3.8/site-packages/airflow/example_dags/example_branch_labels.py
[2023-11-16T06:53:28.500+0000] {processor.py:839} INFO - DAG(s) dict_keys(['example_branch_labels']) retrieved from /home/airflow/.local/lib/python3.8/site-packages/airflow/example_dags/example_branch_labels.py
[2023-11-16T06:53:28.512+0000] {logging_mixin.py:154} INFO - [2023-11-16T06:53:28.512+0000] {dag.py:2941} INFO - Sync 1 DAGs
[2023-11-16T06:53:28.524+0000] {logging_mixin.py:154} INFO - [2023-11-16T06:53:28.523+0000] {dag.py:3722} INFO - Setting next_dagrun for example_branch_labels to 2023-11-15T00:00:00+00:00, run_after=2023-11-16T00:00:00+00:00
[2023-11-16T06:53:28.532+0000] {processor.py:179} INFO - Processing /home/airflow/.local/lib/python3.8/site-packages/airflow/example_dags/example_branch_labels.py took 0.041 seconds
[2023-11-16T06:53:59.798+0000] {processor.py:157} INFO - Started process (PID=1243) to work on /home/airflow/.local/lib/python3.8/site-packages/airflow/example_dags/example_branch_labels.py
[2023-11-16T06:53:59.798+0000] {processor.py:829} INFO - Processing file /home/airflow/.local/lib/python3.8/site-packages/airflow/example_dags/example_branch_labels.py for tasks to queue
[2023-11-16T06:53:59.800+0000] {logging_mixin.py:154} INFO - [2023-11-16T06:53:59.800+0000] {dagbag.py:536} INFO - Filling up the DagBag from /home/airflow/.local/lib/python3.8/site-packages/airflow/example_dags/example_branch_labels.py
[2023-11-16T06:53:59.804+0000] {processor.py:839} INFO - DAG(s) dict_keys(['example_branch_labels']) retrieved from /home/airflow/.local/lib/python3.8/site-packages/airflow/example_dags/example_branch_labels.py
[2023-11-16T06:53:59.815+0000] {logging_mixin.py:154} INFO - [2023-11-16T06:53:59.815+0000] {dag.py:2941} INFO - Sync 1 DAGs
[2023-11-16T06:53:59.913+0000] {logging_mixin.py:154} INFO - [2023-11-16T06:53:59.913+0000] {dag.py:3722} INFO - Setting next_dagrun for example_branch_labels to 2023-11-15T00:00:00+00:00, run_after=2023-11-16T00:00:00+00:00
[2023-11-16T06:53:59.921+0000] {processor.py:179} INFO - Processing /home/airflow/.local/lib/python3.8/site-packages/airflow/example_dags/example_branch_labels.py took 0.126 seconds
[2023-11-16T06:54:30.678+0000] {processor.py:157} INFO - Started process (PID=1297) to work on /home/airflow/.local/lib/python3.8/site-packages/airflow/example_dags/example_branch_labels.py
[2023-11-16T06:54:30.680+0000] {processor.py:829} INFO - Processing file /home/airflow/.local/lib/python3.8/site-packages/airflow/example_dags/example_branch_labels.py for tasks to queue
[2023-11-16T06:54:30.682+0000] {logging_mixin.py:154} INFO - [2023-11-16T06:54:30.682+0000] {dagbag.py:536} INFO - Filling up the DagBag from /home/airflow/.local/lib/python3.8/site-packages/airflow/example_dags/example_branch_labels.py
[2023-11-16T06:54:30.689+0000] {processor.py:839} INFO - DAG(s) dict_keys(['example_branch_labels']) retrieved from /home/airflow/.local/lib/python3.8/site-packages/airflow/example_dags/example_branch_labels.py
[2023-11-16T06:54:30.714+0000] {logging_mixin.py:154} INFO - [2023-11-16T06:54:30.713+0000] {dag.py:2941} INFO - Sync 1 DAGs
[2023-11-16T06:54:30.849+0000] {logging_mixin.py:154} INFO - [2023-11-16T06:54:30.849+0000] {dag.py:3722} INFO - Setting next_dagrun for example_branch_labels to 2023-11-15T00:00:00+00:00, run_after=2023-11-16T00:00:00+00:00
[2023-11-16T06:54:30.863+0000] {processor.py:179} INFO - Processing /home/airflow/.local/lib/python3.8/site-packages/airflow/example_dags/example_branch_labels.py took 0.187 seconds
[2023-11-16T06:55:00.903+0000] {processor.py:157} INFO - Started process (PID=1351) to work on /home/airflow/.local/lib/python3.8/site-packages/airflow/example_dags/example_branch_labels.py
[2023-11-16T06:55:00.904+0000] {processor.py:829} INFO - Processing file /home/airflow/.local/lib/python3.8/site-packages/airflow/example_dags/example_branch_labels.py for tasks to queue
[2023-11-16T06:55:00.905+0000] {logging_mixin.py:154} INFO - [2023-11-16T06:55:00.905+0000] {dagbag.py:536} INFO - Filling up the DagBag from /home/airflow/.local/lib/python3.8/site-packages/airflow/example_dags/example_branch_labels.py
[2023-11-16T06:55:00.910+0000] {processor.py:839} INFO - DAG(s) dict_keys(['example_branch_labels']) retrieved from /home/airflow/.local/lib/python3.8/site-packages/airflow/example_dags/example_branch_labels.py
[2023-11-16T06:55:00.923+0000] {logging_mixin.py:154} INFO - [2023-11-16T06:55:00.922+0000] {dag.py:2941} INFO - Sync 1 DAGs
[2023-11-16T06:55:00.935+0000] {logging_mixin.py:154} INFO - [2023-11-16T06:55:00.935+0000] {dag.py:3722} INFO - Setting next_dagrun for example_branch_labels to 2023-11-15T00:00:00+00:00, run_after=2023-11-16T00:00:00+00:00
[2023-11-16T06:55:01.053+0000] {processor.py:179} INFO - Processing /home/airflow/.local/lib/python3.8/site-packages/airflow/example_dags/example_branch_labels.py took 0.153 seconds
[2023-11-16T06:55:32.222+0000] {processor.py:157} INFO - Started process (PID=1405) to work on /home/airflow/.local/lib/python3.8/site-packages/airflow/example_dags/example_branch_labels.py
[2023-11-16T06:55:32.223+0000] {processor.py:829} INFO - Processing file /home/airflow/.local/lib/python3.8/site-packages/airflow/example_dags/example_branch_labels.py for tasks to queue
[2023-11-16T06:55:32.225+0000] {logging_mixin.py:154} INFO - [2023-11-16T06:55:32.225+0000] {dagbag.py:536} INFO - Filling up the DagBag from /home/airflow/.local/lib/python3.8/site-packages/airflow/example_dags/example_branch_labels.py
[2023-11-16T06:55:32.230+0000] {processor.py:839} INFO - DAG(s) dict_keys(['example_branch_labels']) retrieved from /home/airflow/.local/lib/python3.8/site-packages/airflow/example_dags/example_branch_labels.py
[2023-11-16T06:55:32.244+0000] {logging_mixin.py:154} INFO - [2023-11-16T06:55:32.244+0000] {dag.py:2941} INFO - Sync 1 DAGs
[2023-11-16T06:55:32.257+0000] {logging_mixin.py:154} INFO - [2023-11-16T06:55:32.257+0000] {dag.py:3722} INFO - Setting next_dagrun for example_branch_labels to 2023-11-15T00:00:00+00:00, run_after=2023-11-16T00:00:00+00:00
[2023-11-16T06:55:32.267+0000] {processor.py:179} INFO - Processing /home/airflow/.local/lib/python3.8/site-packages/airflow/example_dags/example_branch_labels.py took 0.047 seconds
[2023-11-16T06:56:02.383+0000] {processor.py:157} INFO - Started process (PID=1459) to work on /home/airflow/.local/lib/python3.8/site-packages/airflow/example_dags/example_branch_labels.py
[2023-11-16T06:56:02.383+0000] {processor.py:829} INFO - Processing file /home/airflow/.local/lib/python3.8/site-packages/airflow/example_dags/example_branch_labels.py for tasks to queue
[2023-11-16T06:56:02.385+0000] {logging_mixin.py:154} INFO - [2023-11-16T06:56:02.385+0000] {dagbag.py:536} INFO - Filling up the DagBag from /home/airflow/.local/lib/python3.8/site-packages/airflow/example_dags/example_branch_labels.py
[2023-11-16T06:56:02.390+0000] {processor.py:839} INFO - DAG(s) dict_keys(['example_branch_labels']) retrieved from /home/airflow/.local/lib/python3.8/site-packages/airflow/example_dags/example_branch_labels.py
[2023-11-16T06:56:02.403+0000] {logging_mixin.py:154} INFO - [2023-11-16T06:56:02.402+0000] {dag.py:2941} INFO - Sync 1 DAGs
[2023-11-16T06:56:02.414+0000] {logging_mixin.py:154} INFO - [2023-11-16T06:56:02.414+0000] {dag.py:3722} INFO - Setting next_dagrun for example_branch_labels to 2023-11-15T00:00:00+00:00, run_after=2023-11-16T00:00:00+00:00
[2023-11-16T06:56:02.422+0000] {processor.py:179} INFO - Processing /home/airflow/.local/lib/python3.8/site-packages/airflow/example_dags/example_branch_labels.py took 0.042 seconds
[2023-11-16T06:56:33.354+0000] {processor.py:157} INFO - Started process (PID=1513) to work on /home/airflow/.local/lib/python3.8/site-packages/airflow/example_dags/example_branch_labels.py
[2023-11-16T06:56:33.354+0000] {processor.py:829} INFO - Processing file /home/airflow/.local/lib/python3.8/site-packages/airflow/example_dags/example_branch_labels.py for tasks to queue
[2023-11-16T06:56:33.356+0000] {logging_mixin.py:154} INFO - [2023-11-16T06:56:33.356+0000] {dagbag.py:536} INFO - Filling up the DagBag from /home/airflow/.local/lib/python3.8/site-packages/airflow/example_dags/example_branch_labels.py
[2023-11-16T06:56:33.361+0000] {processor.py:839} INFO - DAG(s) dict_keys(['example_branch_labels']) retrieved from /home/airflow/.local/lib/python3.8/site-packages/airflow/example_dags/example_branch_labels.py
[2023-11-16T06:56:33.377+0000] {logging_mixin.py:154} INFO - [2023-11-16T06:56:33.377+0000] {dag.py:2941} INFO - Sync 1 DAGs
[2023-11-16T06:56:33.394+0000] {logging_mixin.py:154} INFO - [2023-11-16T06:56:33.394+0000] {dag.py:3722} INFO - Setting next_dagrun for example_branch_labels to 2023-11-15T00:00:00+00:00, run_after=2023-11-16T00:00:00+00:00
[2023-11-16T06:56:33.418+0000] {processor.py:179} INFO - Processing /home/airflow/.local/lib/python3.8/site-packages/airflow/example_dags/example_branch_labels.py took 0.067 seconds
[2023-11-16T06:57:04.298+0000] {processor.py:157} INFO - Started process (PID=1567) to work on /home/airflow/.local/lib/python3.8/site-packages/airflow/example_dags/example_branch_labels.py
[2023-11-16T06:57:04.299+0000] {processor.py:829} INFO - Processing file /home/airflow/.local/lib/python3.8/site-packages/airflow/example_dags/example_branch_labels.py for tasks to queue
[2023-11-16T06:57:04.301+0000] {logging_mixin.py:154} INFO - [2023-11-16T06:57:04.301+0000] {dagbag.py:536} INFO - Filling up the DagBag from /home/airflow/.local/lib/python3.8/site-packages/airflow/example_dags/example_branch_labels.py
[2023-11-16T06:57:04.306+0000] {processor.py:839} INFO - DAG(s) dict_keys(['example_branch_labels']) retrieved from /home/airflow/.local/lib/python3.8/site-packages/airflow/example_dags/example_branch_labels.py
[2023-11-16T06:57:04.321+0000] {logging_mixin.py:154} INFO - [2023-11-16T06:57:04.321+0000] {dag.py:2941} INFO - Sync 1 DAGs
[2023-11-16T06:57:04.337+0000] {logging_mixin.py:154} INFO - [2023-11-16T06:57:04.337+0000] {dag.py:3722} INFO - Setting next_dagrun for example_branch_labels to 2023-11-15T00:00:00+00:00, run_after=2023-11-16T00:00:00+00:00
[2023-11-16T06:57:04.347+0000] {processor.py:179} INFO - Processing /home/airflow/.local/lib/python3.8/site-packages/airflow/example_dags/example_branch_labels.py took 0.051 seconds
[2023-11-16T06:57:35.203+0000] {processor.py:157} INFO - Started process (PID=1621) to work on /home/airflow/.local/lib/python3.8/site-packages/airflow/example_dags/example_branch_labels.py
[2023-11-16T06:57:35.209+0000] {processor.py:829} INFO - Processing file /home/airflow/.local/lib/python3.8/site-packages/airflow/example_dags/example_branch_labels.py for tasks to queue
[2023-11-16T06:57:35.210+0000] {logging_mixin.py:154} INFO - [2023-11-16T06:57:35.210+0000] {dagbag.py:536} INFO - Filling up the DagBag from /home/airflow/.local/lib/python3.8/site-packages/airflow/example_dags/example_branch_labels.py
[2023-11-16T06:57:35.216+0000] {processor.py:839} INFO - DAG(s) dict_keys(['example_branch_labels']) retrieved from /home/airflow/.local/lib/python3.8/site-packages/airflow/example_dags/example_branch_labels.py
[2023-11-16T06:57:35.228+0000] {logging_mixin.py:154} INFO - [2023-11-16T06:57:35.228+0000] {dag.py:2941} INFO - Sync 1 DAGs
[2023-11-16T06:57:35.247+0000] {logging_mixin.py:154} INFO - [2023-11-16T06:57:35.247+0000] {dag.py:3722} INFO - Setting next_dagrun for example_branch_labels to 2023-11-15T00:00:00+00:00, run_after=2023-11-16T00:00:00+00:00
[2023-11-16T06:57:35.263+0000] {processor.py:179} INFO - Processing /home/airflow/.local/lib/python3.8/site-packages/airflow/example_dags/example_branch_labels.py took 0.062 seconds
[2023-11-16T06:58:06.293+0000] {processor.py:157} INFO - Started process (PID=1675) to work on /home/airflow/.local/lib/python3.8/site-packages/airflow/example_dags/example_branch_labels.py
[2023-11-16T06:58:06.294+0000] {processor.py:829} INFO - Processing file /home/airflow/.local/lib/python3.8/site-packages/airflow/example_dags/example_branch_labels.py for tasks to queue
[2023-11-16T06:58:06.295+0000] {logging_mixin.py:154} INFO - [2023-11-16T06:58:06.295+0000] {dagbag.py:536} INFO - Filling up the DagBag from /home/airflow/.local/lib/python3.8/site-packages/airflow/example_dags/example_branch_labels.py
[2023-11-16T06:58:06.300+0000] {processor.py:839} INFO - DAG(s) dict_keys(['example_branch_labels']) retrieved from /home/airflow/.local/lib/python3.8/site-packages/airflow/example_dags/example_branch_labels.py
[2023-11-16T06:58:06.312+0000] {logging_mixin.py:154} INFO - [2023-11-16T06:58:06.312+0000] {dag.py:2941} INFO - Sync 1 DAGs
[2023-11-16T06:58:06.323+0000] {logging_mixin.py:154} INFO - [2023-11-16T06:58:06.323+0000] {dag.py:3722} INFO - Setting next_dagrun for example_branch_labels to 2023-11-15T00:00:00+00:00, run_after=2023-11-16T00:00:00+00:00
[2023-11-16T06:58:06.333+0000] {processor.py:179} INFO - Processing /home/airflow/.local/lib/python3.8/site-packages/airflow/example_dags/example_branch_labels.py took 0.042 seconds
[2023-11-16T06:58:37.307+0000] {processor.py:157} INFO - Started process (PID=1729) to work on /home/airflow/.local/lib/python3.8/site-packages/airflow/example_dags/example_branch_labels.py
[2023-11-16T06:58:37.308+0000] {processor.py:829} INFO - Processing file /home/airflow/.local/lib/python3.8/site-packages/airflow/example_dags/example_branch_labels.py for tasks to queue
[2023-11-16T06:58:37.309+0000] {logging_mixin.py:154} INFO - [2023-11-16T06:58:37.309+0000] {dagbag.py:536} INFO - Filling up the DagBag from /home/airflow/.local/lib/python3.8/site-packages/airflow/example_dags/example_branch_labels.py
[2023-11-16T06:58:37.314+0000] {processor.py:839} INFO - DAG(s) dict_keys(['example_branch_labels']) retrieved from /home/airflow/.local/lib/python3.8/site-packages/airflow/example_dags/example_branch_labels.py
[2023-11-16T06:58:37.325+0000] {logging_mixin.py:154} INFO - [2023-11-16T06:58:37.325+0000] {dag.py:2941} INFO - Sync 1 DAGs
[2023-11-16T06:58:37.337+0000] {logging_mixin.py:154} INFO - [2023-11-16T06:58:37.337+0000] {dag.py:3722} INFO - Setting next_dagrun for example_branch_labels to 2023-11-15T00:00:00+00:00, run_after=2023-11-16T00:00:00+00:00
[2023-11-16T06:58:37.346+0000] {processor.py:179} INFO - Processing /home/airflow/.local/lib/python3.8/site-packages/airflow/example_dags/example_branch_labels.py took 0.041 seconds
[2023-11-16T06:59:08.440+0000] {processor.py:157} INFO - Started process (PID=1783) to work on /home/airflow/.local/lib/python3.8/site-packages/airflow/example_dags/example_branch_labels.py
[2023-11-16T06:59:08.441+0000] {processor.py:829} INFO - Processing file /home/airflow/.local/lib/python3.8/site-packages/airflow/example_dags/example_branch_labels.py for tasks to queue
[2023-11-16T06:59:08.442+0000] {logging_mixin.py:154} INFO - [2023-11-16T06:59:08.442+0000] {dagbag.py:536} INFO - Filling up the DagBag from /home/airflow/.local/lib/python3.8/site-packages/airflow/example_dags/example_branch_labels.py
[2023-11-16T06:59:08.447+0000] {processor.py:839} INFO - DAG(s) dict_keys(['example_branch_labels']) retrieved from /home/airflow/.local/lib/python3.8/site-packages/airflow/example_dags/example_branch_labels.py
[2023-11-16T06:59:08.458+0000] {logging_mixin.py:154} INFO - [2023-11-16T06:59:08.458+0000] {dag.py:2941} INFO - Sync 1 DAGs
[2023-11-16T06:59:08.470+0000] {logging_mixin.py:154} INFO - [2023-11-16T06:59:08.470+0000] {dag.py:3722} INFO - Setting next_dagrun for example_branch_labels to 2023-11-15T00:00:00+00:00, run_after=2023-11-16T00:00:00+00:00
[2023-11-16T06:59:08.478+0000] {processor.py:179} INFO - Processing /home/airflow/.local/lib/python3.8/site-packages/airflow/example_dags/example_branch_labels.py took 0.041 seconds
[2023-11-16T06:59:39.365+0000] {processor.py:157} INFO - Started process (PID=1836) to work on /home/airflow/.local/lib/python3.8/site-packages/airflow/example_dags/example_branch_labels.py
[2023-11-16T06:59:39.366+0000] {processor.py:829} INFO - Processing file /home/airflow/.local/lib/python3.8/site-packages/airflow/example_dags/example_branch_labels.py for tasks to queue
[2023-11-16T06:59:39.367+0000] {logging_mixin.py:154} INFO - [2023-11-16T06:59:39.367+0000] {dagbag.py:536} INFO - Filling up the DagBag from /home/airflow/.local/lib/python3.8/site-packages/airflow/example_dags/example_branch_labels.py
[2023-11-16T06:59:39.372+0000] {processor.py:839} INFO - DAG(s) dict_keys(['example_branch_labels']) retrieved from /home/airflow/.local/lib/python3.8/site-packages/airflow/example_dags/example_branch_labels.py
[2023-11-16T06:59:39.384+0000] {logging_mixin.py:154} INFO - [2023-11-16T06:59:39.384+0000] {dag.py:2941} INFO - Sync 1 DAGs
[2023-11-16T06:59:39.396+0000] {logging_mixin.py:154} INFO - [2023-11-16T06:59:39.396+0000] {dag.py:3722} INFO - Setting next_dagrun for example_branch_labels to 2023-11-15T00:00:00+00:00, run_after=2023-11-16T00:00:00+00:00
[2023-11-16T06:59:39.405+0000] {processor.py:179} INFO - Processing /home/airflow/.local/lib/python3.8/site-packages/airflow/example_dags/example_branch_labels.py took 0.042 seconds
[2023-11-16T07:00:09.687+0000] {processor.py:157} INFO - Started process (PID=1890) to work on /home/airflow/.local/lib/python3.8/site-packages/airflow/example_dags/example_branch_labels.py
[2023-11-16T07:00:09.688+0000] {processor.py:829} INFO - Processing file /home/airflow/.local/lib/python3.8/site-packages/airflow/example_dags/example_branch_labels.py for tasks to queue
[2023-11-16T07:00:09.689+0000] {logging_mixin.py:154} INFO - [2023-11-16T07:00:09.689+0000] {dagbag.py:536} INFO - Filling up the DagBag from /home/airflow/.local/lib/python3.8/site-packages/airflow/example_dags/example_branch_labels.py
[2023-11-16T07:00:09.694+0000] {processor.py:839} INFO - DAG(s) dict_keys(['example_branch_labels']) retrieved from /home/airflow/.local/lib/python3.8/site-packages/airflow/example_dags/example_branch_labels.py
[2023-11-16T07:00:09.707+0000] {logging_mixin.py:154} INFO - [2023-11-16T07:00:09.707+0000] {dag.py:2941} INFO - Sync 1 DAGs
[2023-11-16T07:00:09.719+0000] {logging_mixin.py:154} INFO - [2023-11-16T07:00:09.719+0000] {dag.py:3722} INFO - Setting next_dagrun for example_branch_labels to 2023-11-15T00:00:00+00:00, run_after=2023-11-16T00:00:00+00:00
[2023-11-16T07:00:09.727+0000] {processor.py:179} INFO - Processing /home/airflow/.local/lib/python3.8/site-packages/airflow/example_dags/example_branch_labels.py took 0.042 seconds
[2023-11-16T07:00:39.780+0000] {processor.py:157} INFO - Started process (PID=1944) to work on /home/airflow/.local/lib/python3.8/site-packages/airflow/example_dags/example_branch_labels.py
[2023-11-16T07:00:39.780+0000] {processor.py:829} INFO - Processing file /home/airflow/.local/lib/python3.8/site-packages/airflow/example_dags/example_branch_labels.py for tasks to queue
[2023-11-16T07:00:39.782+0000] {logging_mixin.py:154} INFO - [2023-11-16T07:00:39.782+0000] {dagbag.py:536} INFO - Filling up the DagBag from /home/airflow/.local/lib/python3.8/site-packages/airflow/example_dags/example_branch_labels.py
[2023-11-16T07:00:39.787+0000] {processor.py:839} INFO - DAG(s) dict_keys(['example_branch_labels']) retrieved from /home/airflow/.local/lib/python3.8/site-packages/airflow/example_dags/example_branch_labels.py
[2023-11-16T07:00:39.799+0000] {logging_mixin.py:154} INFO - [2023-11-16T07:00:39.799+0000] {dag.py:2941} INFO - Sync 1 DAGs
[2023-11-16T07:00:39.811+0000] {logging_mixin.py:154} INFO - [2023-11-16T07:00:39.811+0000] {dag.py:3722} INFO - Setting next_dagrun for example_branch_labels to 2023-11-15T00:00:00+00:00, run_after=2023-11-16T00:00:00+00:00
[2023-11-16T07:00:39.820+0000] {processor.py:179} INFO - Processing /home/airflow/.local/lib/python3.8/site-packages/airflow/example_dags/example_branch_labels.py took 0.042 seconds
[2023-11-16T07:01:10.798+0000] {processor.py:157} INFO - Started process (PID=1998) to work on /home/airflow/.local/lib/python3.8/site-packages/airflow/example_dags/example_branch_labels.py
[2023-11-16T07:01:10.800+0000] {processor.py:829} INFO - Processing file /home/airflow/.local/lib/python3.8/site-packages/airflow/example_dags/example_branch_labels.py for tasks to queue
[2023-11-16T07:01:10.801+0000] {logging_mixin.py:154} INFO - [2023-11-16T07:01:10.801+0000] {dagbag.py:536} INFO - Filling up the DagBag from /home/airflow/.local/lib/python3.8/site-packages/airflow/example_dags/example_branch_labels.py
[2023-11-16T07:01:10.807+0000] {processor.py:839} INFO - DAG(s) dict_keys(['example_branch_labels']) retrieved from /home/airflow/.local/lib/python3.8/site-packages/airflow/example_dags/example_branch_labels.py
[2023-11-16T07:01:10.820+0000] {logging_mixin.py:154} INFO - [2023-11-16T07:01:10.820+0000] {dag.py:2941} INFO - Sync 1 DAGs
[2023-11-16T07:01:10.833+0000] {logging_mixin.py:154} INFO - [2023-11-16T07:01:10.833+0000] {dag.py:3722} INFO - Setting next_dagrun for example_branch_labels to 2023-11-15T00:00:00+00:00, run_after=2023-11-16T00:00:00+00:00
[2023-11-16T07:01:10.846+0000] {processor.py:179} INFO - Processing /home/airflow/.local/lib/python3.8/site-packages/airflow/example_dags/example_branch_labels.py took 0.049 seconds
[2023-11-16T07:01:41.782+0000] {processor.py:157} INFO - Started process (PID=2052) to work on /home/airflow/.local/lib/python3.8/site-packages/airflow/example_dags/example_branch_labels.py
[2023-11-16T07:01:41.783+0000] {processor.py:829} INFO - Processing file /home/airflow/.local/lib/python3.8/site-packages/airflow/example_dags/example_branch_labels.py for tasks to queue
[2023-11-16T07:01:41.785+0000] {logging_mixin.py:154} INFO - [2023-11-16T07:01:41.785+0000] {dagbag.py:536} INFO - Filling up the DagBag from /home/airflow/.local/lib/python3.8/site-packages/airflow/example_dags/example_branch_labels.py
[2023-11-16T07:01:41.790+0000] {processor.py:839} INFO - DAG(s) dict_keys(['example_branch_labels']) retrieved from /home/airflow/.local/lib/python3.8/site-packages/airflow/example_dags/example_branch_labels.py
[2023-11-16T07:01:41.803+0000] {logging_mixin.py:154} INFO - [2023-11-16T07:01:41.803+0000] {dag.py:2941} INFO - Sync 1 DAGs
[2023-11-16T07:01:41.817+0000] {logging_mixin.py:154} INFO - [2023-11-16T07:01:41.817+0000] {dag.py:3722} INFO - Setting next_dagrun for example_branch_labels to 2023-11-15T00:00:00+00:00, run_after=2023-11-16T00:00:00+00:00
[2023-11-16T07:01:41.828+0000] {processor.py:179} INFO - Processing /home/airflow/.local/lib/python3.8/site-packages/airflow/example_dags/example_branch_labels.py took 0.048 seconds
[2023-11-16T07:02:12.881+0000] {processor.py:157} INFO - Started process (PID=2111) to work on /home/airflow/.local/lib/python3.8/site-packages/airflow/example_dags/example_branch_labels.py
[2023-11-16T07:02:12.882+0000] {processor.py:829} INFO - Processing file /home/airflow/.local/lib/python3.8/site-packages/airflow/example_dags/example_branch_labels.py for tasks to queue
[2023-11-16T07:02:12.883+0000] {logging_mixin.py:154} INFO - [2023-11-16T07:02:12.883+0000] {dagbag.py:536} INFO - Filling up the DagBag from /home/airflow/.local/lib/python3.8/site-packages/airflow/example_dags/example_branch_labels.py
[2023-11-16T07:02:12.888+0000] {processor.py:839} INFO - DAG(s) dict_keys(['example_branch_labels']) retrieved from /home/airflow/.local/lib/python3.8/site-packages/airflow/example_dags/example_branch_labels.py
[2023-11-16T07:02:12.900+0000] {logging_mixin.py:154} INFO - [2023-11-16T07:02:12.900+0000] {dag.py:2941} INFO - Sync 1 DAGs
[2023-11-16T07:02:12.913+0000] {logging_mixin.py:154} INFO - [2023-11-16T07:02:12.913+0000] {dag.py:3722} INFO - Setting next_dagrun for example_branch_labels to 2023-11-15T00:00:00+00:00, run_after=2023-11-16T00:00:00+00:00
[2023-11-16T07:02:12.922+0000] {processor.py:179} INFO - Processing /home/airflow/.local/lib/python3.8/site-packages/airflow/example_dags/example_branch_labels.py took 0.043 seconds
[2023-11-16T07:02:43.086+0000] {processor.py:157} INFO - Started process (PID=2165) to work on /home/airflow/.local/lib/python3.8/site-packages/airflow/example_dags/example_branch_labels.py
[2023-11-16T07:02:43.086+0000] {processor.py:829} INFO - Processing file /home/airflow/.local/lib/python3.8/site-packages/airflow/example_dags/example_branch_labels.py for tasks to queue
[2023-11-16T07:02:43.088+0000] {logging_mixin.py:154} INFO - [2023-11-16T07:02:43.088+0000] {dagbag.py:536} INFO - Filling up the DagBag from /home/airflow/.local/lib/python3.8/site-packages/airflow/example_dags/example_branch_labels.py
[2023-11-16T07:02:43.092+0000] {processor.py:839} INFO - DAG(s) dict_keys(['example_branch_labels']) retrieved from /home/airflow/.local/lib/python3.8/site-packages/airflow/example_dags/example_branch_labels.py
[2023-11-16T07:02:43.104+0000] {logging_mixin.py:154} INFO - [2023-11-16T07:02:43.104+0000] {dag.py:2941} INFO - Sync 1 DAGs
[2023-11-16T07:02:43.114+0000] {logging_mixin.py:154} INFO - [2023-11-16T07:02:43.114+0000] {dag.py:3722} INFO - Setting next_dagrun for example_branch_labels to 2023-11-15T00:00:00+00:00, run_after=2023-11-16T00:00:00+00:00
[2023-11-16T07:02:43.122+0000] {processor.py:179} INFO - Processing /home/airflow/.local/lib/python3.8/site-packages/airflow/example_dags/example_branch_labels.py took 0.038 seconds
[2023-11-16T07:03:13.240+0000] {processor.py:157} INFO - Started process (PID=2219) to work on /home/airflow/.local/lib/python3.8/site-packages/airflow/example_dags/example_branch_labels.py
[2023-11-16T07:03:13.241+0000] {processor.py:829} INFO - Processing file /home/airflow/.local/lib/python3.8/site-packages/airflow/example_dags/example_branch_labels.py for tasks to queue
[2023-11-16T07:03:13.243+0000] {logging_mixin.py:154} INFO - [2023-11-16T07:03:13.242+0000] {dagbag.py:536} INFO - Filling up the DagBag from /home/airflow/.local/lib/python3.8/site-packages/airflow/example_dags/example_branch_labels.py
[2023-11-16T07:03:13.248+0000] {processor.py:839} INFO - DAG(s) dict_keys(['example_branch_labels']) retrieved from /home/airflow/.local/lib/python3.8/site-packages/airflow/example_dags/example_branch_labels.py
[2023-11-16T07:03:13.260+0000] {logging_mixin.py:154} INFO - [2023-11-16T07:03:13.260+0000] {dag.py:2941} INFO - Sync 1 DAGs
[2023-11-16T07:03:13.272+0000] {logging_mixin.py:154} INFO - [2023-11-16T07:03:13.272+0000] {dag.py:3722} INFO - Setting next_dagrun for example_branch_labels to 2023-11-15T00:00:00+00:00, run_after=2023-11-16T00:00:00+00:00
[2023-11-16T07:03:13.282+0000] {processor.py:179} INFO - Processing /home/airflow/.local/lib/python3.8/site-packages/airflow/example_dags/example_branch_labels.py took 0.044 seconds
[2023-11-16T07:03:43.303+0000] {processor.py:157} INFO - Started process (PID=2273) to work on /home/airflow/.local/lib/python3.8/site-packages/airflow/example_dags/example_branch_labels.py
[2023-11-16T07:03:43.304+0000] {processor.py:829} INFO - Processing file /home/airflow/.local/lib/python3.8/site-packages/airflow/example_dags/example_branch_labels.py for tasks to queue
[2023-11-16T07:03:43.305+0000] {logging_mixin.py:154} INFO - [2023-11-16T07:03:43.305+0000] {dagbag.py:536} INFO - Filling up the DagBag from /home/airflow/.local/lib/python3.8/site-packages/airflow/example_dags/example_branch_labels.py
[2023-11-16T07:03:43.310+0000] {processor.py:839} INFO - DAG(s) dict_keys(['example_branch_labels']) retrieved from /home/airflow/.local/lib/python3.8/site-packages/airflow/example_dags/example_branch_labels.py
[2023-11-16T07:03:43.323+0000] {logging_mixin.py:154} INFO - [2023-11-16T07:03:43.323+0000] {dag.py:2941} INFO - Sync 1 DAGs
[2023-11-16T07:03:43.336+0000] {logging_mixin.py:154} INFO - [2023-11-16T07:03:43.336+0000] {dag.py:3722} INFO - Setting next_dagrun for example_branch_labels to 2023-11-15T00:00:00+00:00, run_after=2023-11-16T00:00:00+00:00
[2023-11-16T07:03:43.347+0000] {processor.py:179} INFO - Processing /home/airflow/.local/lib/python3.8/site-packages/airflow/example_dags/example_branch_labels.py took 0.047 seconds
[2023-11-16T07:04:13.516+0000] {processor.py:157} INFO - Started process (PID=2327) to work on /home/airflow/.local/lib/python3.8/site-packages/airflow/example_dags/example_branch_labels.py
[2023-11-16T07:04:13.517+0000] {processor.py:829} INFO - Processing file /home/airflow/.local/lib/python3.8/site-packages/airflow/example_dags/example_branch_labels.py for tasks to queue
[2023-11-16T07:04:13.519+0000] {logging_mixin.py:154} INFO - [2023-11-16T07:04:13.519+0000] {dagbag.py:536} INFO - Filling up the DagBag from /home/airflow/.local/lib/python3.8/site-packages/airflow/example_dags/example_branch_labels.py
[2023-11-16T07:04:13.524+0000] {processor.py:839} INFO - DAG(s) dict_keys(['example_branch_labels']) retrieved from /home/airflow/.local/lib/python3.8/site-packages/airflow/example_dags/example_branch_labels.py
[2023-11-16T07:04:13.536+0000] {logging_mixin.py:154} INFO - [2023-11-16T07:04:13.536+0000] {dag.py:2941} INFO - Sync 1 DAGs
[2023-11-16T07:04:13.548+0000] {logging_mixin.py:154} INFO - [2023-11-16T07:04:13.548+0000] {dag.py:3722} INFO - Setting next_dagrun for example_branch_labels to 2023-11-15T00:00:00+00:00, run_after=2023-11-16T00:00:00+00:00
[2023-11-16T07:04:13.558+0000] {processor.py:179} INFO - Processing /home/airflow/.local/lib/python3.8/site-packages/airflow/example_dags/example_branch_labels.py took 0.044 seconds
[2023-11-16T07:04:44.649+0000] {processor.py:157} INFO - Started process (PID=2381) to work on /home/airflow/.local/lib/python3.8/site-packages/airflow/example_dags/example_branch_labels.py
[2023-11-16T07:04:44.650+0000] {processor.py:829} INFO - Processing file /home/airflow/.local/lib/python3.8/site-packages/airflow/example_dags/example_branch_labels.py for tasks to queue
[2023-11-16T07:04:44.652+0000] {logging_mixin.py:154} INFO - [2023-11-16T07:04:44.652+0000] {dagbag.py:536} INFO - Filling up the DagBag from /home/airflow/.local/lib/python3.8/site-packages/airflow/example_dags/example_branch_labels.py
[2023-11-16T07:04:44.657+0000] {processor.py:839} INFO - DAG(s) dict_keys(['example_branch_labels']) retrieved from /home/airflow/.local/lib/python3.8/site-packages/airflow/example_dags/example_branch_labels.py
[2023-11-16T07:04:44.670+0000] {logging_mixin.py:154} INFO - [2023-11-16T07:04:44.670+0000] {dag.py:2941} INFO - Sync 1 DAGs
[2023-11-16T07:04:44.681+0000] {logging_mixin.py:154} INFO - [2023-11-16T07:04:44.681+0000] {dag.py:3722} INFO - Setting next_dagrun for example_branch_labels to 2023-11-15T00:00:00+00:00, run_after=2023-11-16T00:00:00+00:00
[2023-11-16T07:04:44.690+0000] {processor.py:179} INFO - Processing /home/airflow/.local/lib/python3.8/site-packages/airflow/example_dags/example_branch_labels.py took 0.043 seconds
[2023-11-16T07:05:15.704+0000] {processor.py:157} INFO - Started process (PID=2435) to work on /home/airflow/.local/lib/python3.8/site-packages/airflow/example_dags/example_branch_labels.py
[2023-11-16T07:05:15.705+0000] {processor.py:829} INFO - Processing file /home/airflow/.local/lib/python3.8/site-packages/airflow/example_dags/example_branch_labels.py for tasks to queue
[2023-11-16T07:05:15.707+0000] {logging_mixin.py:154} INFO - [2023-11-16T07:05:15.706+0000] {dagbag.py:536} INFO - Filling up the DagBag from /home/airflow/.local/lib/python3.8/site-packages/airflow/example_dags/example_branch_labels.py
[2023-11-16T07:05:15.711+0000] {processor.py:839} INFO - DAG(s) dict_keys(['example_branch_labels']) retrieved from /home/airflow/.local/lib/python3.8/site-packages/airflow/example_dags/example_branch_labels.py
[2023-11-16T07:05:15.725+0000] {logging_mixin.py:154} INFO - [2023-11-16T07:05:15.724+0000] {dag.py:2941} INFO - Sync 1 DAGs
[2023-11-16T07:05:15.736+0000] {logging_mixin.py:154} INFO - [2023-11-16T07:05:15.736+0000] {dag.py:3722} INFO - Setting next_dagrun for example_branch_labels to 2023-11-15T00:00:00+00:00, run_after=2023-11-16T00:00:00+00:00
[2023-11-16T07:05:15.745+0000] {processor.py:179} INFO - Processing /home/airflow/.local/lib/python3.8/site-packages/airflow/example_dags/example_branch_labels.py took 0.043 seconds
[2023-11-16T07:05:46.761+0000] {processor.py:157} INFO - Started process (PID=2489) to work on /home/airflow/.local/lib/python3.8/site-packages/airflow/example_dags/example_branch_labels.py
[2023-11-16T07:05:46.762+0000] {processor.py:829} INFO - Processing file /home/airflow/.local/lib/python3.8/site-packages/airflow/example_dags/example_branch_labels.py for tasks to queue
[2023-11-16T07:05:46.763+0000] {logging_mixin.py:154} INFO - [2023-11-16T07:05:46.763+0000] {dagbag.py:536} INFO - Filling up the DagBag from /home/airflow/.local/lib/python3.8/site-packages/airflow/example_dags/example_branch_labels.py
[2023-11-16T07:05:46.768+0000] {processor.py:839} INFO - DAG(s) dict_keys(['example_branch_labels']) retrieved from /home/airflow/.local/lib/python3.8/site-packages/airflow/example_dags/example_branch_labels.py
[2023-11-16T07:05:46.780+0000] {logging_mixin.py:154} INFO - [2023-11-16T07:05:46.780+0000] {dag.py:2941} INFO - Sync 1 DAGs
[2023-11-16T07:05:46.801+0000] {logging_mixin.py:154} INFO - [2023-11-16T07:05:46.801+0000] {dag.py:3722} INFO - Setting next_dagrun for example_branch_labels to 2023-11-15T00:00:00+00:00, run_after=2023-11-16T00:00:00+00:00
[2023-11-16T07:05:46.814+0000] {processor.py:179} INFO - Processing /home/airflow/.local/lib/python3.8/site-packages/airflow/example_dags/example_branch_labels.py took 0.055 seconds
