[2023-11-16T06:18:13.007+0000] {processor.py:157} INFO - Started process (PID=67) to work on /home/airflow/.local/lib/python3.8/site-packages/airflow/example_dags/example_sensors.py
[2023-11-16T06:18:13.013+0000] {processor.py:829} INFO - Processing file /home/airflow/.local/lib/python3.8/site-packages/airflow/example_dags/example_sensors.py for tasks to queue
[2023-11-16T06:18:13.021+0000] {logging_mixin.py:154} INFO - [2023-11-16T06:18:13.020+0000] {dagbag.py:536} INFO - Filling up the DagBag from /home/airflow/.local/lib/python3.8/site-packages/airflow/example_dags/example_sensors.py
[2023-11-16T06:18:13.057+0000] {processor.py:839} INFO - DAG(s) dict_keys(['example_sensors']) retrieved from /home/airflow/.local/lib/python3.8/site-packages/airflow/example_dags/example_sensors.py
[2023-11-16T06:18:13.101+0000] {logging_mixin.py:154} INFO - [2023-11-16T06:18:13.100+0000] {dag.py:2941} INFO - Sync 1 DAGs
[2023-11-16T06:18:13.114+0000] {logging_mixin.py:154} INFO - [2023-11-16T06:18:13.114+0000] {dag.py:3722} INFO - Setting next_dagrun for example_sensors to None, run_after=None
[2023-11-16T06:18:13.155+0000] {processor.py:179} INFO - Processing /home/airflow/.local/lib/python3.8/site-packages/airflow/example_dags/example_sensors.py took 0.174 seconds
[2023-11-16T06:18:43.683+0000] {processor.py:157} INFO - Started process (PID=121) to work on /home/airflow/.local/lib/python3.8/site-packages/airflow/example_dags/example_sensors.py
[2023-11-16T06:18:43.684+0000] {processor.py:829} INFO - Processing file /home/airflow/.local/lib/python3.8/site-packages/airflow/example_dags/example_sensors.py for tasks to queue
[2023-11-16T06:18:43.685+0000] {logging_mixin.py:154} INFO - [2023-11-16T06:18:43.685+0000] {dagbag.py:536} INFO - Filling up the DagBag from /home/airflow/.local/lib/python3.8/site-packages/airflow/example_dags/example_sensors.py
[2023-11-16T06:18:43.692+0000] {processor.py:839} INFO - DAG(s) dict_keys(['example_sensors']) retrieved from /home/airflow/.local/lib/python3.8/site-packages/airflow/example_dags/example_sensors.py
[2023-11-16T06:18:43.707+0000] {logging_mixin.py:154} INFO - [2023-11-16T06:18:43.707+0000] {dag.py:2941} INFO - Sync 1 DAGs
[2023-11-16T06:18:43.714+0000] {logging_mixin.py:154} INFO - [2023-11-16T06:18:43.713+0000] {dag.py:3722} INFO - Setting next_dagrun for example_sensors to None, run_after=None
[2023-11-16T06:18:43.724+0000] {processor.py:179} INFO - Processing /home/airflow/.local/lib/python3.8/site-packages/airflow/example_dags/example_sensors.py took 0.044 seconds
[2023-11-16T06:19:13.752+0000] {processor.py:157} INFO - Started process (PID=175) to work on /home/airflow/.local/lib/python3.8/site-packages/airflow/example_dags/example_sensors.py
[2023-11-16T06:19:13.753+0000] {processor.py:829} INFO - Processing file /home/airflow/.local/lib/python3.8/site-packages/airflow/example_dags/example_sensors.py for tasks to queue
[2023-11-16T06:19:13.754+0000] {logging_mixin.py:154} INFO - [2023-11-16T06:19:13.754+0000] {dagbag.py:536} INFO - Filling up the DagBag from /home/airflow/.local/lib/python3.8/site-packages/airflow/example_dags/example_sensors.py
[2023-11-16T06:19:13.759+0000] {processor.py:839} INFO - DAG(s) dict_keys(['example_sensors']) retrieved from /home/airflow/.local/lib/python3.8/site-packages/airflow/example_dags/example_sensors.py
[2023-11-16T06:19:13.771+0000] {logging_mixin.py:154} INFO - [2023-11-16T06:19:13.771+0000] {dag.py:2941} INFO - Sync 1 DAGs
[2023-11-16T06:19:13.778+0000] {logging_mixin.py:154} INFO - [2023-11-16T06:19:13.778+0000] {dag.py:3722} INFO - Setting next_dagrun for example_sensors to None, run_after=None
[2023-11-16T06:19:13.788+0000] {processor.py:179} INFO - Processing /home/airflow/.local/lib/python3.8/site-packages/airflow/example_dags/example_sensors.py took 0.038 seconds
[2023-11-16T06:19:44.068+0000] {processor.py:157} INFO - Started process (PID=229) to work on /home/airflow/.local/lib/python3.8/site-packages/airflow/example_dags/example_sensors.py
[2023-11-16T06:19:44.068+0000] {processor.py:829} INFO - Processing file /home/airflow/.local/lib/python3.8/site-packages/airflow/example_dags/example_sensors.py for tasks to queue
[2023-11-16T06:19:44.070+0000] {logging_mixin.py:154} INFO - [2023-11-16T06:19:44.070+0000] {dagbag.py:536} INFO - Filling up the DagBag from /home/airflow/.local/lib/python3.8/site-packages/airflow/example_dags/example_sensors.py
[2023-11-16T06:19:44.075+0000] {processor.py:839} INFO - DAG(s) dict_keys(['example_sensors']) retrieved from /home/airflow/.local/lib/python3.8/site-packages/airflow/example_dags/example_sensors.py
[2023-11-16T06:19:44.088+0000] {logging_mixin.py:154} INFO - [2023-11-16T06:19:44.088+0000] {dag.py:2941} INFO - Sync 1 DAGs
[2023-11-16T06:19:44.095+0000] {logging_mixin.py:154} INFO - [2023-11-16T06:19:44.095+0000] {dag.py:3722} INFO - Setting next_dagrun for example_sensors to None, run_after=None
[2023-11-16T06:19:44.103+0000] {processor.py:179} INFO - Processing /home/airflow/.local/lib/python3.8/site-packages/airflow/example_dags/example_sensors.py took 0.038 seconds
[2023-11-16T06:20:14.372+0000] {processor.py:157} INFO - Started process (PID=283) to work on /home/airflow/.local/lib/python3.8/site-packages/airflow/example_dags/example_sensors.py
[2023-11-16T06:20:14.373+0000] {processor.py:829} INFO - Processing file /home/airflow/.local/lib/python3.8/site-packages/airflow/example_dags/example_sensors.py for tasks to queue
[2023-11-16T06:20:14.374+0000] {logging_mixin.py:154} INFO - [2023-11-16T06:20:14.374+0000] {dagbag.py:536} INFO - Filling up the DagBag from /home/airflow/.local/lib/python3.8/site-packages/airflow/example_dags/example_sensors.py
[2023-11-16T06:20:14.380+0000] {processor.py:839} INFO - DAG(s) dict_keys(['example_sensors']) retrieved from /home/airflow/.local/lib/python3.8/site-packages/airflow/example_dags/example_sensors.py
[2023-11-16T06:20:14.393+0000] {logging_mixin.py:154} INFO - [2023-11-16T06:20:14.393+0000] {dag.py:2941} INFO - Sync 1 DAGs
[2023-11-16T06:20:14.400+0000] {logging_mixin.py:154} INFO - [2023-11-16T06:20:14.400+0000] {dag.py:3722} INFO - Setting next_dagrun for example_sensors to None, run_after=None
[2023-11-16T06:20:14.408+0000] {processor.py:179} INFO - Processing /home/airflow/.local/lib/python3.8/site-packages/airflow/example_dags/example_sensors.py took 0.038 seconds
[2023-11-16T06:20:45.393+0000] {processor.py:157} INFO - Started process (PID=337) to work on /home/airflow/.local/lib/python3.8/site-packages/airflow/example_dags/example_sensors.py
[2023-11-16T06:20:45.394+0000] {processor.py:829} INFO - Processing file /home/airflow/.local/lib/python3.8/site-packages/airflow/example_dags/example_sensors.py for tasks to queue
[2023-11-16T06:20:45.395+0000] {logging_mixin.py:154} INFO - [2023-11-16T06:20:45.395+0000] {dagbag.py:536} INFO - Filling up the DagBag from /home/airflow/.local/lib/python3.8/site-packages/airflow/example_dags/example_sensors.py
[2023-11-16T06:20:45.401+0000] {processor.py:839} INFO - DAG(s) dict_keys(['example_sensors']) retrieved from /home/airflow/.local/lib/python3.8/site-packages/airflow/example_dags/example_sensors.py
[2023-11-16T06:20:45.417+0000] {logging_mixin.py:154} INFO - [2023-11-16T06:20:45.416+0000] {dag.py:2941} INFO - Sync 1 DAGs
[2023-11-16T06:20:45.424+0000] {logging_mixin.py:154} INFO - [2023-11-16T06:20:45.423+0000] {dag.py:3722} INFO - Setting next_dagrun for example_sensors to None, run_after=None
[2023-11-16T06:20:45.437+0000] {processor.py:179} INFO - Processing /home/airflow/.local/lib/python3.8/site-packages/airflow/example_dags/example_sensors.py took 0.046 seconds
[2023-11-16T06:21:15.467+0000] {processor.py:157} INFO - Started process (PID=391) to work on /home/airflow/.local/lib/python3.8/site-packages/airflow/example_dags/example_sensors.py
[2023-11-16T06:21:15.467+0000] {processor.py:829} INFO - Processing file /home/airflow/.local/lib/python3.8/site-packages/airflow/example_dags/example_sensors.py for tasks to queue
[2023-11-16T06:21:15.469+0000] {logging_mixin.py:154} INFO - [2023-11-16T06:21:15.468+0000] {dagbag.py:536} INFO - Filling up the DagBag from /home/airflow/.local/lib/python3.8/site-packages/airflow/example_dags/example_sensors.py
[2023-11-16T06:21:15.474+0000] {processor.py:839} INFO - DAG(s) dict_keys(['example_sensors']) retrieved from /home/airflow/.local/lib/python3.8/site-packages/airflow/example_dags/example_sensors.py
[2023-11-16T06:21:15.486+0000] {logging_mixin.py:154} INFO - [2023-11-16T06:21:15.486+0000] {dag.py:2941} INFO - Sync 1 DAGs
[2023-11-16T06:21:15.492+0000] {logging_mixin.py:154} INFO - [2023-11-16T06:21:15.492+0000] {dag.py:3722} INFO - Setting next_dagrun for example_sensors to None, run_after=None
[2023-11-16T06:21:15.500+0000] {processor.py:179} INFO - Processing /home/airflow/.local/lib/python3.8/site-packages/airflow/example_dags/example_sensors.py took 0.035 seconds
[2023-11-16T06:21:45.643+0000] {processor.py:157} INFO - Started process (PID=445) to work on /home/airflow/.local/lib/python3.8/site-packages/airflow/example_dags/example_sensors.py
[2023-11-16T06:21:45.644+0000] {processor.py:829} INFO - Processing file /home/airflow/.local/lib/python3.8/site-packages/airflow/example_dags/example_sensors.py for tasks to queue
[2023-11-16T06:21:45.645+0000] {logging_mixin.py:154} INFO - [2023-11-16T06:21:45.645+0000] {dagbag.py:536} INFO - Filling up the DagBag from /home/airflow/.local/lib/python3.8/site-packages/airflow/example_dags/example_sensors.py
[2023-11-16T06:21:45.650+0000] {processor.py:839} INFO - DAG(s) dict_keys(['example_sensors']) retrieved from /home/airflow/.local/lib/python3.8/site-packages/airflow/example_dags/example_sensors.py
[2023-11-16T06:21:45.664+0000] {logging_mixin.py:154} INFO - [2023-11-16T06:21:45.664+0000] {dag.py:2941} INFO - Sync 1 DAGs
[2023-11-16T06:21:45.671+0000] {logging_mixin.py:154} INFO - [2023-11-16T06:21:45.671+0000] {dag.py:3722} INFO - Setting next_dagrun for example_sensors to None, run_after=None
[2023-11-16T06:21:45.679+0000] {processor.py:179} INFO - Processing /home/airflow/.local/lib/python3.8/site-packages/airflow/example_dags/example_sensors.py took 0.039 seconds
[2023-11-16T06:22:15.885+0000] {processor.py:157} INFO - Started process (PID=499) to work on /home/airflow/.local/lib/python3.8/site-packages/airflow/example_dags/example_sensors.py
[2023-11-16T06:22:15.886+0000] {processor.py:829} INFO - Processing file /home/airflow/.local/lib/python3.8/site-packages/airflow/example_dags/example_sensors.py for tasks to queue
[2023-11-16T06:22:15.887+0000] {logging_mixin.py:154} INFO - [2023-11-16T06:22:15.887+0000] {dagbag.py:536} INFO - Filling up the DagBag from /home/airflow/.local/lib/python3.8/site-packages/airflow/example_dags/example_sensors.py
[2023-11-16T06:22:15.893+0000] {processor.py:839} INFO - DAG(s) dict_keys(['example_sensors']) retrieved from /home/airflow/.local/lib/python3.8/site-packages/airflow/example_dags/example_sensors.py
[2023-11-16T06:22:15.907+0000] {logging_mixin.py:154} INFO - [2023-11-16T06:22:15.906+0000] {dag.py:2941} INFO - Sync 1 DAGs
[2023-11-16T06:22:15.913+0000] {logging_mixin.py:154} INFO - [2023-11-16T06:22:15.913+0000] {dag.py:3722} INFO - Setting next_dagrun for example_sensors to None, run_after=None
[2023-11-16T06:22:15.922+0000] {processor.py:179} INFO - Processing /home/airflow/.local/lib/python3.8/site-packages/airflow/example_dags/example_sensors.py took 0.039 seconds
[2023-11-16T06:22:46.071+0000] {processor.py:157} INFO - Started process (PID=553) to work on /home/airflow/.local/lib/python3.8/site-packages/airflow/example_dags/example_sensors.py
[2023-11-16T06:22:46.072+0000] {processor.py:829} INFO - Processing file /home/airflow/.local/lib/python3.8/site-packages/airflow/example_dags/example_sensors.py for tasks to queue
[2023-11-16T06:22:46.074+0000] {logging_mixin.py:154} INFO - [2023-11-16T06:22:46.074+0000] {dagbag.py:536} INFO - Filling up the DagBag from /home/airflow/.local/lib/python3.8/site-packages/airflow/example_dags/example_sensors.py
[2023-11-16T06:22:46.079+0000] {processor.py:839} INFO - DAG(s) dict_keys(['example_sensors']) retrieved from /home/airflow/.local/lib/python3.8/site-packages/airflow/example_dags/example_sensors.py
[2023-11-16T06:22:46.093+0000] {logging_mixin.py:154} INFO - [2023-11-16T06:22:46.093+0000] {dag.py:2941} INFO - Sync 1 DAGs
[2023-11-16T06:22:46.099+0000] {logging_mixin.py:154} INFO - [2023-11-16T06:22:46.099+0000] {dag.py:3722} INFO - Setting next_dagrun for example_sensors to None, run_after=None
[2023-11-16T06:22:46.108+0000] {processor.py:179} INFO - Processing /home/airflow/.local/lib/python3.8/site-packages/airflow/example_dags/example_sensors.py took 0.039 seconds
[2023-11-16T06:23:16.460+0000] {processor.py:157} INFO - Started process (PID=607) to work on /home/airflow/.local/lib/python3.8/site-packages/airflow/example_dags/example_sensors.py
[2023-11-16T06:23:16.461+0000] {processor.py:829} INFO - Processing file /home/airflow/.local/lib/python3.8/site-packages/airflow/example_dags/example_sensors.py for tasks to queue
[2023-11-16T06:23:16.462+0000] {logging_mixin.py:154} INFO - [2023-11-16T06:23:16.462+0000] {dagbag.py:536} INFO - Filling up the DagBag from /home/airflow/.local/lib/python3.8/site-packages/airflow/example_dags/example_sensors.py
[2023-11-16T06:23:16.468+0000] {processor.py:839} INFO - DAG(s) dict_keys(['example_sensors']) retrieved from /home/airflow/.local/lib/python3.8/site-packages/airflow/example_dags/example_sensors.py
[2023-11-16T06:23:16.481+0000] {logging_mixin.py:154} INFO - [2023-11-16T06:23:16.481+0000] {dag.py:2941} INFO - Sync 1 DAGs
[2023-11-16T06:23:16.488+0000] {logging_mixin.py:154} INFO - [2023-11-16T06:23:16.488+0000] {dag.py:3722} INFO - Setting next_dagrun for example_sensors to None, run_after=None
[2023-11-16T06:23:16.496+0000] {processor.py:179} INFO - Processing /home/airflow/.local/lib/python3.8/site-packages/airflow/example_dags/example_sensors.py took 0.039 seconds
[2023-11-16T06:23:46.626+0000] {processor.py:157} INFO - Started process (PID=661) to work on /home/airflow/.local/lib/python3.8/site-packages/airflow/example_dags/example_sensors.py
[2023-11-16T06:23:46.627+0000] {processor.py:829} INFO - Processing file /home/airflow/.local/lib/python3.8/site-packages/airflow/example_dags/example_sensors.py for tasks to queue
[2023-11-16T06:23:46.628+0000] {logging_mixin.py:154} INFO - [2023-11-16T06:23:46.628+0000] {dagbag.py:536} INFO - Filling up the DagBag from /home/airflow/.local/lib/python3.8/site-packages/airflow/example_dags/example_sensors.py
[2023-11-16T06:23:46.634+0000] {processor.py:839} INFO - DAG(s) dict_keys(['example_sensors']) retrieved from /home/airflow/.local/lib/python3.8/site-packages/airflow/example_dags/example_sensors.py
[2023-11-16T06:23:46.648+0000] {logging_mixin.py:154} INFO - [2023-11-16T06:23:46.648+0000] {dag.py:2941} INFO - Sync 1 DAGs
[2023-11-16T06:23:46.655+0000] {logging_mixin.py:154} INFO - [2023-11-16T06:23:46.655+0000] {dag.py:3722} INFO - Setting next_dagrun for example_sensors to None, run_after=None
[2023-11-16T06:23:46.665+0000] {processor.py:179} INFO - Processing /home/airflow/.local/lib/python3.8/site-packages/airflow/example_dags/example_sensors.py took 0.041 seconds
[2023-11-16T06:24:16.821+0000] {processor.py:157} INFO - Started process (PID=715) to work on /home/airflow/.local/lib/python3.8/site-packages/airflow/example_dags/example_sensors.py
[2023-11-16T06:24:16.822+0000] {processor.py:829} INFO - Processing file /home/airflow/.local/lib/python3.8/site-packages/airflow/example_dags/example_sensors.py for tasks to queue
[2023-11-16T06:24:16.824+0000] {logging_mixin.py:154} INFO - [2023-11-16T06:24:16.824+0000] {dagbag.py:536} INFO - Filling up the DagBag from /home/airflow/.local/lib/python3.8/site-packages/airflow/example_dags/example_sensors.py
[2023-11-16T06:24:16.830+0000] {processor.py:839} INFO - DAG(s) dict_keys(['example_sensors']) retrieved from /home/airflow/.local/lib/python3.8/site-packages/airflow/example_dags/example_sensors.py
[2023-11-16T06:24:16.849+0000] {logging_mixin.py:154} INFO - [2023-11-16T06:24:16.849+0000] {dag.py:2941} INFO - Sync 1 DAGs
[2023-11-16T06:24:16.858+0000] {logging_mixin.py:154} INFO - [2023-11-16T06:24:16.858+0000] {dag.py:3722} INFO - Setting next_dagrun for example_sensors to None, run_after=None
[2023-11-16T06:24:16.886+0000] {processor.py:179} INFO - Processing /home/airflow/.local/lib/python3.8/site-packages/airflow/example_dags/example_sensors.py took 0.068 seconds
[2023-11-16T06:24:46.996+0000] {processor.py:157} INFO - Started process (PID=769) to work on /home/airflow/.local/lib/python3.8/site-packages/airflow/example_dags/example_sensors.py
[2023-11-16T06:24:46.997+0000] {processor.py:829} INFO - Processing file /home/airflow/.local/lib/python3.8/site-packages/airflow/example_dags/example_sensors.py for tasks to queue
[2023-11-16T06:24:46.998+0000] {logging_mixin.py:154} INFO - [2023-11-16T06:24:46.998+0000] {dagbag.py:536} INFO - Filling up the DagBag from /home/airflow/.local/lib/python3.8/site-packages/airflow/example_dags/example_sensors.py
[2023-11-16T06:24:47.003+0000] {processor.py:839} INFO - DAG(s) dict_keys(['example_sensors']) retrieved from /home/airflow/.local/lib/python3.8/site-packages/airflow/example_dags/example_sensors.py
[2023-11-16T06:24:47.017+0000] {logging_mixin.py:154} INFO - [2023-11-16T06:24:47.017+0000] {dag.py:2941} INFO - Sync 1 DAGs
[2023-11-16T06:24:47.024+0000] {logging_mixin.py:154} INFO - [2023-11-16T06:24:47.023+0000] {dag.py:3722} INFO - Setting next_dagrun for example_sensors to None, run_after=None
[2023-11-16T06:24:47.032+0000] {processor.py:179} INFO - Processing /home/airflow/.local/lib/python3.8/site-packages/airflow/example_dags/example_sensors.py took 0.038 seconds
[2023-11-16T06:25:17.864+0000] {processor.py:157} INFO - Started process (PID=823) to work on /home/airflow/.local/lib/python3.8/site-packages/airflow/example_dags/example_sensors.py
[2023-11-16T06:25:17.865+0000] {processor.py:829} INFO - Processing file /home/airflow/.local/lib/python3.8/site-packages/airflow/example_dags/example_sensors.py for tasks to queue
[2023-11-16T06:25:17.867+0000] {logging_mixin.py:154} INFO - [2023-11-16T06:25:17.867+0000] {dagbag.py:536} INFO - Filling up the DagBag from /home/airflow/.local/lib/python3.8/site-packages/airflow/example_dags/example_sensors.py
[2023-11-16T06:25:17.872+0000] {processor.py:839} INFO - DAG(s) dict_keys(['example_sensors']) retrieved from /home/airflow/.local/lib/python3.8/site-packages/airflow/example_dags/example_sensors.py
[2023-11-16T06:25:17.885+0000] {logging_mixin.py:154} INFO - [2023-11-16T06:25:17.885+0000] {dag.py:2941} INFO - Sync 1 DAGs
[2023-11-16T06:25:17.892+0000] {logging_mixin.py:154} INFO - [2023-11-16T06:25:17.891+0000] {dag.py:3722} INFO - Setting next_dagrun for example_sensors to None, run_after=None
[2023-11-16T06:25:17.900+0000] {processor.py:179} INFO - Processing /home/airflow/.local/lib/python3.8/site-packages/airflow/example_dags/example_sensors.py took 0.038 seconds
[2023-11-16T06:25:48.146+0000] {processor.py:157} INFO - Started process (PID=877) to work on /home/airflow/.local/lib/python3.8/site-packages/airflow/example_dags/example_sensors.py
[2023-11-16T06:25:48.147+0000] {processor.py:829} INFO - Processing file /home/airflow/.local/lib/python3.8/site-packages/airflow/example_dags/example_sensors.py for tasks to queue
[2023-11-16T06:25:48.150+0000] {logging_mixin.py:154} INFO - [2023-11-16T06:25:48.150+0000] {dagbag.py:536} INFO - Filling up the DagBag from /home/airflow/.local/lib/python3.8/site-packages/airflow/example_dags/example_sensors.py
[2023-11-16T06:25:48.156+0000] {processor.py:839} INFO - DAG(s) dict_keys(['example_sensors']) retrieved from /home/airflow/.local/lib/python3.8/site-packages/airflow/example_dags/example_sensors.py
[2023-11-16T06:25:48.171+0000] {logging_mixin.py:154} INFO - [2023-11-16T06:25:48.171+0000] {dag.py:2941} INFO - Sync 1 DAGs
[2023-11-16T06:25:48.178+0000] {logging_mixin.py:154} INFO - [2023-11-16T06:25:48.178+0000] {dag.py:3722} INFO - Setting next_dagrun for example_sensors to None, run_after=None
[2023-11-16T06:25:48.188+0000] {processor.py:179} INFO - Processing /home/airflow/.local/lib/python3.8/site-packages/airflow/example_dags/example_sensors.py took 0.045 seconds
[2023-11-16T06:26:18.710+0000] {processor.py:157} INFO - Started process (PID=931) to work on /home/airflow/.local/lib/python3.8/site-packages/airflow/example_dags/example_sensors.py
[2023-11-16T06:26:18.711+0000] {processor.py:829} INFO - Processing file /home/airflow/.local/lib/python3.8/site-packages/airflow/example_dags/example_sensors.py for tasks to queue
[2023-11-16T06:26:18.712+0000] {logging_mixin.py:154} INFO - [2023-11-16T06:26:18.712+0000] {dagbag.py:536} INFO - Filling up the DagBag from /home/airflow/.local/lib/python3.8/site-packages/airflow/example_dags/example_sensors.py
[2023-11-16T06:26:18.718+0000] {processor.py:839} INFO - DAG(s) dict_keys(['example_sensors']) retrieved from /home/airflow/.local/lib/python3.8/site-packages/airflow/example_dags/example_sensors.py
[2023-11-16T06:26:18.733+0000] {logging_mixin.py:154} INFO - [2023-11-16T06:26:18.733+0000] {dag.py:2941} INFO - Sync 1 DAGs
[2023-11-16T06:26:18.740+0000] {logging_mixin.py:154} INFO - [2023-11-16T06:26:18.740+0000] {dag.py:3722} INFO - Setting next_dagrun for example_sensors to None, run_after=None
[2023-11-16T06:26:18.751+0000] {processor.py:179} INFO - Processing /home/airflow/.local/lib/python3.8/site-packages/airflow/example_dags/example_sensors.py took 0.043 seconds
[2023-11-16T06:26:49.668+0000] {processor.py:157} INFO - Started process (PID=985) to work on /home/airflow/.local/lib/python3.8/site-packages/airflow/example_dags/example_sensors.py
[2023-11-16T06:26:49.671+0000] {processor.py:829} INFO - Processing file /home/airflow/.local/lib/python3.8/site-packages/airflow/example_dags/example_sensors.py for tasks to queue
[2023-11-16T06:26:49.682+0000] {logging_mixin.py:154} INFO - [2023-11-16T06:26:49.682+0000] {dagbag.py:536} INFO - Filling up the DagBag from /home/airflow/.local/lib/python3.8/site-packages/airflow/example_dags/example_sensors.py
[2023-11-16T06:26:49.689+0000] {processor.py:839} INFO - DAG(s) dict_keys(['example_sensors']) retrieved from /home/airflow/.local/lib/python3.8/site-packages/airflow/example_dags/example_sensors.py
[2023-11-16T06:26:49.710+0000] {logging_mixin.py:154} INFO - [2023-11-16T06:26:49.710+0000] {dag.py:2941} INFO - Sync 1 DAGs
[2023-11-16T06:26:49.739+0000] {logging_mixin.py:154} INFO - [2023-11-16T06:26:49.739+0000] {dag.py:3722} INFO - Setting next_dagrun for example_sensors to None, run_after=None
[2023-11-16T06:26:49.762+0000] {processor.py:179} INFO - Processing /home/airflow/.local/lib/python3.8/site-packages/airflow/example_dags/example_sensors.py took 0.104 seconds
[2023-11-16T06:27:20.448+0000] {processor.py:157} INFO - Started process (PID=1039) to work on /home/airflow/.local/lib/python3.8/site-packages/airflow/example_dags/example_sensors.py
[2023-11-16T06:27:20.450+0000] {processor.py:829} INFO - Processing file /home/airflow/.local/lib/python3.8/site-packages/airflow/example_dags/example_sensors.py for tasks to queue
[2023-11-16T06:27:20.451+0000] {logging_mixin.py:154} INFO - [2023-11-16T06:27:20.451+0000] {dagbag.py:536} INFO - Filling up the DagBag from /home/airflow/.local/lib/python3.8/site-packages/airflow/example_dags/example_sensors.py
[2023-11-16T06:27:20.456+0000] {processor.py:839} INFO - DAG(s) dict_keys(['example_sensors']) retrieved from /home/airflow/.local/lib/python3.8/site-packages/airflow/example_dags/example_sensors.py
[2023-11-16T06:27:20.470+0000] {logging_mixin.py:154} INFO - [2023-11-16T06:27:20.470+0000] {dag.py:2941} INFO - Sync 1 DAGs
[2023-11-16T06:27:20.476+0000] {logging_mixin.py:154} INFO - [2023-11-16T06:27:20.476+0000] {dag.py:3722} INFO - Setting next_dagrun for example_sensors to None, run_after=None
[2023-11-16T06:27:20.486+0000] {processor.py:179} INFO - Processing /home/airflow/.local/lib/python3.8/site-packages/airflow/example_dags/example_sensors.py took 0.040 seconds
[2023-11-16T06:27:51.548+0000] {processor.py:157} INFO - Started process (PID=1093) to work on /home/airflow/.local/lib/python3.8/site-packages/airflow/example_dags/example_sensors.py
[2023-11-16T06:27:51.549+0000] {processor.py:829} INFO - Processing file /home/airflow/.local/lib/python3.8/site-packages/airflow/example_dags/example_sensors.py for tasks to queue
[2023-11-16T06:27:51.551+0000] {logging_mixin.py:154} INFO - [2023-11-16T06:27:51.551+0000] {dagbag.py:536} INFO - Filling up the DagBag from /home/airflow/.local/lib/python3.8/site-packages/airflow/example_dags/example_sensors.py
[2023-11-16T06:27:51.556+0000] {processor.py:839} INFO - DAG(s) dict_keys(['example_sensors']) retrieved from /home/airflow/.local/lib/python3.8/site-packages/airflow/example_dags/example_sensors.py
[2023-11-16T06:27:51.570+0000] {logging_mixin.py:154} INFO - [2023-11-16T06:27:51.570+0000] {dag.py:2941} INFO - Sync 1 DAGs
[2023-11-16T06:27:51.668+0000] {logging_mixin.py:154} INFO - [2023-11-16T06:27:51.667+0000] {dag.py:3722} INFO - Setting next_dagrun for example_sensors to None, run_after=None
[2023-11-16T06:27:51.676+0000] {processor.py:179} INFO - Processing /home/airflow/.local/lib/python3.8/site-packages/airflow/example_dags/example_sensors.py took 0.129 seconds
[2023-11-16T06:28:22.801+0000] {processor.py:157} INFO - Started process (PID=1147) to work on /home/airflow/.local/lib/python3.8/site-packages/airflow/example_dags/example_sensors.py
[2023-11-16T06:28:22.802+0000] {processor.py:829} INFO - Processing file /home/airflow/.local/lib/python3.8/site-packages/airflow/example_dags/example_sensors.py for tasks to queue
[2023-11-16T06:28:22.804+0000] {logging_mixin.py:154} INFO - [2023-11-16T06:28:22.804+0000] {dagbag.py:536} INFO - Filling up the DagBag from /home/airflow/.local/lib/python3.8/site-packages/airflow/example_dags/example_sensors.py
[2023-11-16T06:28:22.809+0000] {processor.py:839} INFO - DAG(s) dict_keys(['example_sensors']) retrieved from /home/airflow/.local/lib/python3.8/site-packages/airflow/example_dags/example_sensors.py
[2023-11-16T06:28:22.823+0000] {logging_mixin.py:154} INFO - [2023-11-16T06:28:22.823+0000] {dag.py:2941} INFO - Sync 1 DAGs
[2023-11-16T06:28:22.830+0000] {logging_mixin.py:154} INFO - [2023-11-16T06:28:22.830+0000] {dag.py:3722} INFO - Setting next_dagrun for example_sensors to None, run_after=None
[2023-11-16T06:28:22.938+0000] {processor.py:179} INFO - Processing /home/airflow/.local/lib/python3.8/site-packages/airflow/example_dags/example_sensors.py took 0.139 seconds
[2023-11-16T06:28:53.787+0000] {processor.py:157} INFO - Started process (PID=1201) to work on /home/airflow/.local/lib/python3.8/site-packages/airflow/example_dags/example_sensors.py
[2023-11-16T06:28:53.788+0000] {processor.py:829} INFO - Processing file /home/airflow/.local/lib/python3.8/site-packages/airflow/example_dags/example_sensors.py for tasks to queue
[2023-11-16T06:28:53.789+0000] {logging_mixin.py:154} INFO - [2023-11-16T06:28:53.789+0000] {dagbag.py:536} INFO - Filling up the DagBag from /home/airflow/.local/lib/python3.8/site-packages/airflow/example_dags/example_sensors.py
[2023-11-16T06:28:53.794+0000] {processor.py:839} INFO - DAG(s) dict_keys(['example_sensors']) retrieved from /home/airflow/.local/lib/python3.8/site-packages/airflow/example_dags/example_sensors.py
[2023-11-16T06:28:53.807+0000] {logging_mixin.py:154} INFO - [2023-11-16T06:28:53.807+0000] {dag.py:2941} INFO - Sync 1 DAGs
[2023-11-16T06:28:53.814+0000] {logging_mixin.py:154} INFO - [2023-11-16T06:28:53.813+0000] {dag.py:3722} INFO - Setting next_dagrun for example_sensors to None, run_after=None
[2023-11-16T06:28:53.822+0000] {processor.py:179} INFO - Processing /home/airflow/.local/lib/python3.8/site-packages/airflow/example_dags/example_sensors.py took 0.037 seconds
[2023-11-16T06:29:24.054+0000] {processor.py:157} INFO - Started process (PID=1255) to work on /home/airflow/.local/lib/python3.8/site-packages/airflow/example_dags/example_sensors.py
[2023-11-16T06:29:24.055+0000] {processor.py:829} INFO - Processing file /home/airflow/.local/lib/python3.8/site-packages/airflow/example_dags/example_sensors.py for tasks to queue
[2023-11-16T06:29:24.058+0000] {logging_mixin.py:154} INFO - [2023-11-16T06:29:24.058+0000] {dagbag.py:536} INFO - Filling up the DagBag from /home/airflow/.local/lib/python3.8/site-packages/airflow/example_dags/example_sensors.py
[2023-11-16T06:29:24.064+0000] {processor.py:839} INFO - DAG(s) dict_keys(['example_sensors']) retrieved from /home/airflow/.local/lib/python3.8/site-packages/airflow/example_dags/example_sensors.py
[2023-11-16T06:29:24.077+0000] {logging_mixin.py:154} INFO - [2023-11-16T06:29:24.077+0000] {dag.py:2941} INFO - Sync 1 DAGs
[2023-11-16T06:29:24.086+0000] {logging_mixin.py:154} INFO - [2023-11-16T06:29:24.086+0000] {dag.py:3722} INFO - Setting next_dagrun for example_sensors to None, run_after=None
[2023-11-16T06:29:24.099+0000] {processor.py:179} INFO - Processing /home/airflow/.local/lib/python3.8/site-packages/airflow/example_dags/example_sensors.py took 0.047 seconds
[2023-11-16T06:29:55.232+0000] {processor.py:157} INFO - Started process (PID=1309) to work on /home/airflow/.local/lib/python3.8/site-packages/airflow/example_dags/example_sensors.py
[2023-11-16T06:29:55.232+0000] {processor.py:829} INFO - Processing file /home/airflow/.local/lib/python3.8/site-packages/airflow/example_dags/example_sensors.py for tasks to queue
[2023-11-16T06:29:55.234+0000] {logging_mixin.py:154} INFO - [2023-11-16T06:29:55.234+0000] {dagbag.py:536} INFO - Filling up the DagBag from /home/airflow/.local/lib/python3.8/site-packages/airflow/example_dags/example_sensors.py
[2023-11-16T06:29:55.239+0000] {processor.py:839} INFO - DAG(s) dict_keys(['example_sensors']) retrieved from /home/airflow/.local/lib/python3.8/site-packages/airflow/example_dags/example_sensors.py
[2023-11-16T06:29:55.338+0000] {logging_mixin.py:154} INFO - [2023-11-16T06:29:55.338+0000] {dag.py:2941} INFO - Sync 1 DAGs
[2023-11-16T06:29:55.343+0000] {logging_mixin.py:154} INFO - [2023-11-16T06:29:55.343+0000] {dag.py:3722} INFO - Setting next_dagrun for example_sensors to None, run_after=None
[2023-11-16T06:29:55.351+0000] {processor.py:179} INFO - Processing /home/airflow/.local/lib/python3.8/site-packages/airflow/example_dags/example_sensors.py took 0.122 seconds
[2023-11-16T06:30:26.025+0000] {processor.py:157} INFO - Started process (PID=1363) to work on /home/airflow/.local/lib/python3.8/site-packages/airflow/example_dags/example_sensors.py
[2023-11-16T06:30:26.026+0000] {processor.py:829} INFO - Processing file /home/airflow/.local/lib/python3.8/site-packages/airflow/example_dags/example_sensors.py for tasks to queue
[2023-11-16T06:30:26.028+0000] {logging_mixin.py:154} INFO - [2023-11-16T06:30:26.027+0000] {dagbag.py:536} INFO - Filling up the DagBag from /home/airflow/.local/lib/python3.8/site-packages/airflow/example_dags/example_sensors.py
[2023-11-16T06:30:26.032+0000] {processor.py:839} INFO - DAG(s) dict_keys(['example_sensors']) retrieved from /home/airflow/.local/lib/python3.8/site-packages/airflow/example_dags/example_sensors.py
[2023-11-16T06:30:26.044+0000] {logging_mixin.py:154} INFO - [2023-11-16T06:30:26.044+0000] {dag.py:2941} INFO - Sync 1 DAGs
[2023-11-16T06:30:26.050+0000] {logging_mixin.py:154} INFO - [2023-11-16T06:30:26.050+0000] {dag.py:3722} INFO - Setting next_dagrun for example_sensors to None, run_after=None
[2023-11-16T06:30:26.059+0000] {processor.py:179} INFO - Processing /home/airflow/.local/lib/python3.8/site-packages/airflow/example_dags/example_sensors.py took 0.036 seconds
[2023-11-16T06:30:57.017+0000] {processor.py:157} INFO - Started process (PID=1417) to work on /home/airflow/.local/lib/python3.8/site-packages/airflow/example_dags/example_sensors.py
[2023-11-16T06:30:57.018+0000] {processor.py:829} INFO - Processing file /home/airflow/.local/lib/python3.8/site-packages/airflow/example_dags/example_sensors.py for tasks to queue
[2023-11-16T06:30:57.020+0000] {logging_mixin.py:154} INFO - [2023-11-16T06:30:57.019+0000] {dagbag.py:536} INFO - Filling up the DagBag from /home/airflow/.local/lib/python3.8/site-packages/airflow/example_dags/example_sensors.py
[2023-11-16T06:30:57.025+0000] {processor.py:839} INFO - DAG(s) dict_keys(['example_sensors']) retrieved from /home/airflow/.local/lib/python3.8/site-packages/airflow/example_dags/example_sensors.py
[2023-11-16T06:30:57.039+0000] {logging_mixin.py:154} INFO - [2023-11-16T06:30:57.039+0000] {dag.py:2941} INFO - Sync 1 DAGs
[2023-11-16T06:30:57.048+0000] {logging_mixin.py:154} INFO - [2023-11-16T06:30:57.048+0000] {dag.py:3722} INFO - Setting next_dagrun for example_sensors to None, run_after=None
[2023-11-16T06:30:57.065+0000] {processor.py:179} INFO - Processing /home/airflow/.local/lib/python3.8/site-packages/airflow/example_dags/example_sensors.py took 0.051 seconds
[2023-11-16T06:31:28.713+0000] {processor.py:157} INFO - Started process (PID=1471) to work on /home/airflow/.local/lib/python3.8/site-packages/airflow/example_dags/example_sensors.py
[2023-11-16T06:31:28.719+0000] {processor.py:829} INFO - Processing file /home/airflow/.local/lib/python3.8/site-packages/airflow/example_dags/example_sensors.py for tasks to queue
[2023-11-16T06:31:28.732+0000] {logging_mixin.py:154} INFO - [2023-11-16T06:31:28.732+0000] {dagbag.py:536} INFO - Filling up the DagBag from /home/airflow/.local/lib/python3.8/site-packages/airflow/example_dags/example_sensors.py
[2023-11-16T06:31:28.771+0000] {processor.py:839} INFO - DAG(s) dict_keys(['example_sensors']) retrieved from /home/airflow/.local/lib/python3.8/site-packages/airflow/example_dags/example_sensors.py
[2023-11-16T06:42:48.129+0000] {processor.py:157} INFO - Started process (PID=67) to work on /home/airflow/.local/lib/python3.8/site-packages/airflow/example_dags/example_sensors.py
[2023-11-16T06:42:48.130+0000] {processor.py:829} INFO - Processing file /home/airflow/.local/lib/python3.8/site-packages/airflow/example_dags/example_sensors.py for tasks to queue
[2023-11-16T06:42:48.132+0000] {logging_mixin.py:154} INFO - [2023-11-16T06:42:48.132+0000] {dagbag.py:536} INFO - Filling up the DagBag from /home/airflow/.local/lib/python3.8/site-packages/airflow/example_dags/example_sensors.py
[2023-11-16T06:42:48.139+0000] {processor.py:839} INFO - DAG(s) dict_keys(['example_sensors']) retrieved from /home/airflow/.local/lib/python3.8/site-packages/airflow/example_dags/example_sensors.py
[2023-11-16T06:42:48.150+0000] {logging_mixin.py:154} INFO - [2023-11-16T06:42:48.150+0000] {dag.py:2941} INFO - Sync 1 DAGs
[2023-11-16T06:42:48.161+0000] {logging_mixin.py:154} INFO - [2023-11-16T06:42:48.161+0000] {dag.py:3722} INFO - Setting next_dagrun for example_sensors to None, run_after=None
[2023-11-16T06:42:48.188+0000] {processor.py:179} INFO - Processing /home/airflow/.local/lib/python3.8/site-packages/airflow/example_dags/example_sensors.py took 0.062 seconds
[2023-11-16T06:43:18.497+0000] {processor.py:157} INFO - Started process (PID=121) to work on /home/airflow/.local/lib/python3.8/site-packages/airflow/example_dags/example_sensors.py
[2023-11-16T06:43:18.498+0000] {processor.py:829} INFO - Processing file /home/airflow/.local/lib/python3.8/site-packages/airflow/example_dags/example_sensors.py for tasks to queue
[2023-11-16T06:43:18.500+0000] {logging_mixin.py:154} INFO - [2023-11-16T06:43:18.500+0000] {dagbag.py:536} INFO - Filling up the DagBag from /home/airflow/.local/lib/python3.8/site-packages/airflow/example_dags/example_sensors.py
[2023-11-16T06:43:18.505+0000] {processor.py:839} INFO - DAG(s) dict_keys(['example_sensors']) retrieved from /home/airflow/.local/lib/python3.8/site-packages/airflow/example_dags/example_sensors.py
[2023-11-16T06:43:18.519+0000] {logging_mixin.py:154} INFO - [2023-11-16T06:43:18.519+0000] {dag.py:2941} INFO - Sync 1 DAGs
[2023-11-16T06:43:18.526+0000] {logging_mixin.py:154} INFO - [2023-11-16T06:43:18.526+0000] {dag.py:3722} INFO - Setting next_dagrun for example_sensors to None, run_after=None
[2023-11-16T06:43:18.536+0000] {processor.py:179} INFO - Processing /home/airflow/.local/lib/python3.8/site-packages/airflow/example_dags/example_sensors.py took 0.040 seconds
[2023-11-16T06:43:48.807+0000] {processor.py:157} INFO - Started process (PID=175) to work on /home/airflow/.local/lib/python3.8/site-packages/airflow/example_dags/example_sensors.py
[2023-11-16T06:43:48.808+0000] {processor.py:829} INFO - Processing file /home/airflow/.local/lib/python3.8/site-packages/airflow/example_dags/example_sensors.py for tasks to queue
[2023-11-16T06:43:48.810+0000] {logging_mixin.py:154} INFO - [2023-11-16T06:43:48.810+0000] {dagbag.py:536} INFO - Filling up the DagBag from /home/airflow/.local/lib/python3.8/site-packages/airflow/example_dags/example_sensors.py
[2023-11-16T06:43:48.817+0000] {processor.py:839} INFO - DAG(s) dict_keys(['example_sensors']) retrieved from /home/airflow/.local/lib/python3.8/site-packages/airflow/example_dags/example_sensors.py
[2023-11-16T06:43:48.830+0000] {logging_mixin.py:154} INFO - [2023-11-16T06:43:48.830+0000] {dag.py:2941} INFO - Sync 1 DAGs
[2023-11-16T06:43:48.838+0000] {logging_mixin.py:154} INFO - [2023-11-16T06:43:48.838+0000] {dag.py:3722} INFO - Setting next_dagrun for example_sensors to None, run_after=None
[2023-11-16T06:43:48.852+0000] {processor.py:179} INFO - Processing /home/airflow/.local/lib/python3.8/site-packages/airflow/example_dags/example_sensors.py took 0.047 seconds
[2023-11-16T06:44:19.680+0000] {processor.py:157} INFO - Started process (PID=229) to work on /home/airflow/.local/lib/python3.8/site-packages/airflow/example_dags/example_sensors.py
[2023-11-16T06:44:19.680+0000] {processor.py:829} INFO - Processing file /home/airflow/.local/lib/python3.8/site-packages/airflow/example_dags/example_sensors.py for tasks to queue
[2023-11-16T06:44:19.682+0000] {logging_mixin.py:154} INFO - [2023-11-16T06:44:19.681+0000] {dagbag.py:536} INFO - Filling up the DagBag from /home/airflow/.local/lib/python3.8/site-packages/airflow/example_dags/example_sensors.py
[2023-11-16T06:44:19.687+0000] {processor.py:839} INFO - DAG(s) dict_keys(['example_sensors']) retrieved from /home/airflow/.local/lib/python3.8/site-packages/airflow/example_dags/example_sensors.py
[2023-11-16T06:44:19.700+0000] {logging_mixin.py:154} INFO - [2023-11-16T06:44:19.699+0000] {dag.py:2941} INFO - Sync 1 DAGs
[2023-11-16T06:44:19.706+0000] {logging_mixin.py:154} INFO - [2023-11-16T06:44:19.706+0000] {dag.py:3722} INFO - Setting next_dagrun for example_sensors to None, run_after=None
[2023-11-16T06:44:19.715+0000] {processor.py:179} INFO - Processing /home/airflow/.local/lib/python3.8/site-packages/airflow/example_dags/example_sensors.py took 0.037 seconds
[2023-11-16T06:44:50.509+0000] {processor.py:157} INFO - Started process (PID=284) to work on /home/airflow/.local/lib/python3.8/site-packages/airflow/example_dags/example_sensors.py
[2023-11-16T06:44:50.510+0000] {processor.py:829} INFO - Processing file /home/airflow/.local/lib/python3.8/site-packages/airflow/example_dags/example_sensors.py for tasks to queue
[2023-11-16T06:44:50.511+0000] {logging_mixin.py:154} INFO - [2023-11-16T06:44:50.511+0000] {dagbag.py:536} INFO - Filling up the DagBag from /home/airflow/.local/lib/python3.8/site-packages/airflow/example_dags/example_sensors.py
[2023-11-16T06:44:50.516+0000] {processor.py:839} INFO - DAG(s) dict_keys(['example_sensors']) retrieved from /home/airflow/.local/lib/python3.8/site-packages/airflow/example_dags/example_sensors.py
[2023-11-16T06:44:50.530+0000] {logging_mixin.py:154} INFO - [2023-11-16T06:44:50.530+0000] {dag.py:2941} INFO - Sync 1 DAGs
[2023-11-16T06:44:50.537+0000] {logging_mixin.py:154} INFO - [2023-11-16T06:44:50.536+0000] {dag.py:3722} INFO - Setting next_dagrun for example_sensors to None, run_after=None
[2023-11-16T06:44:50.546+0000] {processor.py:179} INFO - Processing /home/airflow/.local/lib/python3.8/site-packages/airflow/example_dags/example_sensors.py took 0.038 seconds
[2023-11-16T06:45:20.695+0000] {processor.py:157} INFO - Started process (PID=338) to work on /home/airflow/.local/lib/python3.8/site-packages/airflow/example_dags/example_sensors.py
[2023-11-16T06:45:20.696+0000] {processor.py:829} INFO - Processing file /home/airflow/.local/lib/python3.8/site-packages/airflow/example_dags/example_sensors.py for tasks to queue
[2023-11-16T06:45:20.697+0000] {logging_mixin.py:154} INFO - [2023-11-16T06:45:20.697+0000] {dagbag.py:536} INFO - Filling up the DagBag from /home/airflow/.local/lib/python3.8/site-packages/airflow/example_dags/example_sensors.py
[2023-11-16T06:45:20.703+0000] {processor.py:839} INFO - DAG(s) dict_keys(['example_sensors']) retrieved from /home/airflow/.local/lib/python3.8/site-packages/airflow/example_dags/example_sensors.py
[2023-11-16T06:45:20.717+0000] {logging_mixin.py:154} INFO - [2023-11-16T06:45:20.717+0000] {dag.py:2941} INFO - Sync 1 DAGs
[2023-11-16T06:45:20.724+0000] {logging_mixin.py:154} INFO - [2023-11-16T06:45:20.724+0000] {dag.py:3722} INFO - Setting next_dagrun for example_sensors to None, run_after=None
[2023-11-16T06:45:20.733+0000] {processor.py:179} INFO - Processing /home/airflow/.local/lib/python3.8/site-packages/airflow/example_dags/example_sensors.py took 0.039 seconds
[2023-11-16T06:45:50.990+0000] {processor.py:157} INFO - Started process (PID=392) to work on /home/airflow/.local/lib/python3.8/site-packages/airflow/example_dags/example_sensors.py
[2023-11-16T06:45:50.990+0000] {processor.py:829} INFO - Processing file /home/airflow/.local/lib/python3.8/site-packages/airflow/example_dags/example_sensors.py for tasks to queue
[2023-11-16T06:45:50.991+0000] {logging_mixin.py:154} INFO - [2023-11-16T06:45:50.991+0000] {dagbag.py:536} INFO - Filling up the DagBag from /home/airflow/.local/lib/python3.8/site-packages/airflow/example_dags/example_sensors.py
[2023-11-16T06:45:50.997+0000] {processor.py:839} INFO - DAG(s) dict_keys(['example_sensors']) retrieved from /home/airflow/.local/lib/python3.8/site-packages/airflow/example_dags/example_sensors.py
[2023-11-16T06:45:51.010+0000] {logging_mixin.py:154} INFO - [2023-11-16T06:45:51.010+0000] {dag.py:2941} INFO - Sync 1 DAGs
[2023-11-16T06:45:51.017+0000] {logging_mixin.py:154} INFO - [2023-11-16T06:45:51.017+0000] {dag.py:3722} INFO - Setting next_dagrun for example_sensors to None, run_after=None
[2023-11-16T06:45:51.026+0000] {processor.py:179} INFO - Processing /home/airflow/.local/lib/python3.8/site-packages/airflow/example_dags/example_sensors.py took 0.039 seconds
[2023-11-16T06:46:21.254+0000] {processor.py:157} INFO - Started process (PID=446) to work on /home/airflow/.local/lib/python3.8/site-packages/airflow/example_dags/example_sensors.py
[2023-11-16T06:46:21.255+0000] {processor.py:829} INFO - Processing file /home/airflow/.local/lib/python3.8/site-packages/airflow/example_dags/example_sensors.py for tasks to queue
[2023-11-16T06:46:21.256+0000] {logging_mixin.py:154} INFO - [2023-11-16T06:46:21.256+0000] {dagbag.py:536} INFO - Filling up the DagBag from /home/airflow/.local/lib/python3.8/site-packages/airflow/example_dags/example_sensors.py
[2023-11-16T06:46:21.261+0000] {processor.py:839} INFO - DAG(s) dict_keys(['example_sensors']) retrieved from /home/airflow/.local/lib/python3.8/site-packages/airflow/example_dags/example_sensors.py
[2023-11-16T06:46:21.274+0000] {logging_mixin.py:154} INFO - [2023-11-16T06:46:21.274+0000] {dag.py:2941} INFO - Sync 1 DAGs
[2023-11-16T06:46:21.280+0000] {logging_mixin.py:154} INFO - [2023-11-16T06:46:21.280+0000] {dag.py:3722} INFO - Setting next_dagrun for example_sensors to None, run_after=None
[2023-11-16T06:46:21.290+0000] {processor.py:179} INFO - Processing /home/airflow/.local/lib/python3.8/site-packages/airflow/example_dags/example_sensors.py took 0.037 seconds
[2023-11-16T06:46:51.388+0000] {processor.py:157} INFO - Started process (PID=500) to work on /home/airflow/.local/lib/python3.8/site-packages/airflow/example_dags/example_sensors.py
[2023-11-16T06:46:51.389+0000] {processor.py:829} INFO - Processing file /home/airflow/.local/lib/python3.8/site-packages/airflow/example_dags/example_sensors.py for tasks to queue
[2023-11-16T06:46:51.390+0000] {logging_mixin.py:154} INFO - [2023-11-16T06:46:51.390+0000] {dagbag.py:536} INFO - Filling up the DagBag from /home/airflow/.local/lib/python3.8/site-packages/airflow/example_dags/example_sensors.py
[2023-11-16T06:46:51.395+0000] {processor.py:839} INFO - DAG(s) dict_keys(['example_sensors']) retrieved from /home/airflow/.local/lib/python3.8/site-packages/airflow/example_dags/example_sensors.py
[2023-11-16T06:46:51.408+0000] {logging_mixin.py:154} INFO - [2023-11-16T06:46:51.408+0000] {dag.py:2941} INFO - Sync 1 DAGs
[2023-11-16T06:46:51.414+0000] {logging_mixin.py:154} INFO - [2023-11-16T06:46:51.414+0000] {dag.py:3722} INFO - Setting next_dagrun for example_sensors to None, run_after=None
[2023-11-16T06:46:51.423+0000] {processor.py:179} INFO - Processing /home/airflow/.local/lib/python3.8/site-packages/airflow/example_dags/example_sensors.py took 0.037 seconds
[2023-11-16T06:47:21.758+0000] {processor.py:157} INFO - Started process (PID=555) to work on /home/airflow/.local/lib/python3.8/site-packages/airflow/example_dags/example_sensors.py
[2023-11-16T06:47:21.759+0000] {processor.py:829} INFO - Processing file /home/airflow/.local/lib/python3.8/site-packages/airflow/example_dags/example_sensors.py for tasks to queue
[2023-11-16T06:47:21.760+0000] {logging_mixin.py:154} INFO - [2023-11-16T06:47:21.760+0000] {dagbag.py:536} INFO - Filling up the DagBag from /home/airflow/.local/lib/python3.8/site-packages/airflow/example_dags/example_sensors.py
[2023-11-16T06:47:21.765+0000] {processor.py:839} INFO - DAG(s) dict_keys(['example_sensors']) retrieved from /home/airflow/.local/lib/python3.8/site-packages/airflow/example_dags/example_sensors.py
[2023-11-16T06:47:21.778+0000] {logging_mixin.py:154} INFO - [2023-11-16T06:47:21.778+0000] {dag.py:2941} INFO - Sync 1 DAGs
[2023-11-16T06:47:21.784+0000] {logging_mixin.py:154} INFO - [2023-11-16T06:47:21.784+0000] {dag.py:3722} INFO - Setting next_dagrun for example_sensors to None, run_after=None
[2023-11-16T06:47:21.793+0000] {processor.py:179} INFO - Processing /home/airflow/.local/lib/python3.8/site-packages/airflow/example_dags/example_sensors.py took 0.037 seconds
[2023-11-16T06:47:52.089+0000] {processor.py:157} INFO - Started process (PID=609) to work on /home/airflow/.local/lib/python3.8/site-packages/airflow/example_dags/example_sensors.py
[2023-11-16T06:47:52.091+0000] {processor.py:829} INFO - Processing file /home/airflow/.local/lib/python3.8/site-packages/airflow/example_dags/example_sensors.py for tasks to queue
[2023-11-16T06:47:52.092+0000] {logging_mixin.py:154} INFO - [2023-11-16T06:47:52.092+0000] {dagbag.py:536} INFO - Filling up the DagBag from /home/airflow/.local/lib/python3.8/site-packages/airflow/example_dags/example_sensors.py
[2023-11-16T06:47:52.098+0000] {processor.py:839} INFO - DAG(s) dict_keys(['example_sensors']) retrieved from /home/airflow/.local/lib/python3.8/site-packages/airflow/example_dags/example_sensors.py
[2023-11-16T06:47:52.117+0000] {logging_mixin.py:154} INFO - [2023-11-16T06:47:52.117+0000] {dag.py:2941} INFO - Sync 1 DAGs
[2023-11-16T06:47:52.126+0000] {logging_mixin.py:154} INFO - [2023-11-16T06:47:52.126+0000] {dag.py:3722} INFO - Setting next_dagrun for example_sensors to None, run_after=None
[2023-11-16T06:47:52.140+0000] {processor.py:179} INFO - Processing /home/airflow/.local/lib/python3.8/site-packages/airflow/example_dags/example_sensors.py took 0.053 seconds
[2023-11-16T06:48:23.175+0000] {processor.py:157} INFO - Started process (PID=663) to work on /home/airflow/.local/lib/python3.8/site-packages/airflow/example_dags/example_sensors.py
[2023-11-16T06:48:23.176+0000] {processor.py:829} INFO - Processing file /home/airflow/.local/lib/python3.8/site-packages/airflow/example_dags/example_sensors.py for tasks to queue
[2023-11-16T06:48:23.178+0000] {logging_mixin.py:154} INFO - [2023-11-16T06:48:23.178+0000] {dagbag.py:536} INFO - Filling up the DagBag from /home/airflow/.local/lib/python3.8/site-packages/airflow/example_dags/example_sensors.py
[2023-11-16T06:48:23.184+0000] {processor.py:839} INFO - DAG(s) dict_keys(['example_sensors']) retrieved from /home/airflow/.local/lib/python3.8/site-packages/airflow/example_dags/example_sensors.py
[2023-11-16T06:48:23.209+0000] {logging_mixin.py:154} INFO - [2023-11-16T06:48:23.209+0000] {dag.py:2941} INFO - Sync 1 DAGs
[2023-11-16T06:48:23.218+0000] {logging_mixin.py:154} INFO - [2023-11-16T06:48:23.218+0000] {dag.py:3722} INFO - Setting next_dagrun for example_sensors to None, run_after=None
[2023-11-16T06:48:23.237+0000] {processor.py:179} INFO - Processing /home/airflow/.local/lib/python3.8/site-packages/airflow/example_dags/example_sensors.py took 0.065 seconds
[2023-11-16T06:48:53.645+0000] {processor.py:157} INFO - Started process (PID=717) to work on /home/airflow/.local/lib/python3.8/site-packages/airflow/example_dags/example_sensors.py
[2023-11-16T06:48:53.646+0000] {processor.py:829} INFO - Processing file /home/airflow/.local/lib/python3.8/site-packages/airflow/example_dags/example_sensors.py for tasks to queue
[2023-11-16T06:48:53.647+0000] {logging_mixin.py:154} INFO - [2023-11-16T06:48:53.647+0000] {dagbag.py:536} INFO - Filling up the DagBag from /home/airflow/.local/lib/python3.8/site-packages/airflow/example_dags/example_sensors.py
[2023-11-16T06:48:53.653+0000] {processor.py:839} INFO - DAG(s) dict_keys(['example_sensors']) retrieved from /home/airflow/.local/lib/python3.8/site-packages/airflow/example_dags/example_sensors.py
[2023-11-16T06:48:53.666+0000] {logging_mixin.py:154} INFO - [2023-11-16T06:48:53.666+0000] {dag.py:2941} INFO - Sync 1 DAGs
[2023-11-16T06:48:53.674+0000] {logging_mixin.py:154} INFO - [2023-11-16T06:48:53.674+0000] {dag.py:3722} INFO - Setting next_dagrun for example_sensors to None, run_after=None
[2023-11-16T06:48:53.684+0000] {processor.py:179} INFO - Processing /home/airflow/.local/lib/python3.8/site-packages/airflow/example_dags/example_sensors.py took 0.040 seconds
[2023-11-16T06:49:23.891+0000] {processor.py:157} INFO - Started process (PID=771) to work on /home/airflow/.local/lib/python3.8/site-packages/airflow/example_dags/example_sensors.py
[2023-11-16T06:49:23.891+0000] {processor.py:829} INFO - Processing file /home/airflow/.local/lib/python3.8/site-packages/airflow/example_dags/example_sensors.py for tasks to queue
[2023-11-16T06:49:23.893+0000] {logging_mixin.py:154} INFO - [2023-11-16T06:49:23.893+0000] {dagbag.py:536} INFO - Filling up the DagBag from /home/airflow/.local/lib/python3.8/site-packages/airflow/example_dags/example_sensors.py
[2023-11-16T06:49:23.899+0000] {processor.py:839} INFO - DAG(s) dict_keys(['example_sensors']) retrieved from /home/airflow/.local/lib/python3.8/site-packages/airflow/example_dags/example_sensors.py
[2023-11-16T06:49:23.912+0000] {logging_mixin.py:154} INFO - [2023-11-16T06:49:23.912+0000] {dag.py:2941} INFO - Sync 1 DAGs
[2023-11-16T06:49:23.918+0000] {logging_mixin.py:154} INFO - [2023-11-16T06:49:23.918+0000] {dag.py:3722} INFO - Setting next_dagrun for example_sensors to None, run_after=None
[2023-11-16T06:49:23.927+0000] {processor.py:179} INFO - Processing /home/airflow/.local/lib/python3.8/site-packages/airflow/example_dags/example_sensors.py took 0.039 seconds
[2023-11-16T06:49:54.000+0000] {processor.py:157} INFO - Started process (PID=825) to work on /home/airflow/.local/lib/python3.8/site-packages/airflow/example_dags/example_sensors.py
[2023-11-16T06:49:54.001+0000] {processor.py:829} INFO - Processing file /home/airflow/.local/lib/python3.8/site-packages/airflow/example_dags/example_sensors.py for tasks to queue
[2023-11-16T06:49:54.002+0000] {logging_mixin.py:154} INFO - [2023-11-16T06:49:54.002+0000] {dagbag.py:536} INFO - Filling up the DagBag from /home/airflow/.local/lib/python3.8/site-packages/airflow/example_dags/example_sensors.py
[2023-11-16T06:49:54.007+0000] {processor.py:839} INFO - DAG(s) dict_keys(['example_sensors']) retrieved from /home/airflow/.local/lib/python3.8/site-packages/airflow/example_dags/example_sensors.py
[2023-11-16T06:49:54.020+0000] {logging_mixin.py:154} INFO - [2023-11-16T06:49:54.020+0000] {dag.py:2941} INFO - Sync 1 DAGs
[2023-11-16T06:49:54.027+0000] {logging_mixin.py:154} INFO - [2023-11-16T06:49:54.027+0000] {dag.py:3722} INFO - Setting next_dagrun for example_sensors to None, run_after=None
[2023-11-16T06:49:54.036+0000] {processor.py:179} INFO - Processing /home/airflow/.local/lib/python3.8/site-packages/airflow/example_dags/example_sensors.py took 0.038 seconds
[2023-11-16T06:50:25.058+0000] {processor.py:157} INFO - Started process (PID=879) to work on /home/airflow/.local/lib/python3.8/site-packages/airflow/example_dags/example_sensors.py
[2023-11-16T06:50:25.059+0000] {processor.py:829} INFO - Processing file /home/airflow/.local/lib/python3.8/site-packages/airflow/example_dags/example_sensors.py for tasks to queue
[2023-11-16T06:50:25.061+0000] {logging_mixin.py:154} INFO - [2023-11-16T06:50:25.061+0000] {dagbag.py:536} INFO - Filling up the DagBag from /home/airflow/.local/lib/python3.8/site-packages/airflow/example_dags/example_sensors.py
[2023-11-16T06:50:25.066+0000] {processor.py:839} INFO - DAG(s) dict_keys(['example_sensors']) retrieved from /home/airflow/.local/lib/python3.8/site-packages/airflow/example_dags/example_sensors.py
[2023-11-16T06:50:25.080+0000] {logging_mixin.py:154} INFO - [2023-11-16T06:50:25.080+0000] {dag.py:2941} INFO - Sync 1 DAGs
[2023-11-16T06:50:25.087+0000] {logging_mixin.py:154} INFO - [2023-11-16T06:50:25.087+0000] {dag.py:3722} INFO - Setting next_dagrun for example_sensors to None, run_after=None
[2023-11-16T06:50:25.097+0000] {processor.py:179} INFO - Processing /home/airflow/.local/lib/python3.8/site-packages/airflow/example_dags/example_sensors.py took 0.041 seconds
[2023-11-16T06:50:55.503+0000] {processor.py:157} INFO - Started process (PID=933) to work on /home/airflow/.local/lib/python3.8/site-packages/airflow/example_dags/example_sensors.py
[2023-11-16T06:50:55.504+0000] {processor.py:829} INFO - Processing file /home/airflow/.local/lib/python3.8/site-packages/airflow/example_dags/example_sensors.py for tasks to queue
[2023-11-16T06:50:55.505+0000] {logging_mixin.py:154} INFO - [2023-11-16T06:50:55.505+0000] {dagbag.py:536} INFO - Filling up the DagBag from /home/airflow/.local/lib/python3.8/site-packages/airflow/example_dags/example_sensors.py
[2023-11-16T06:50:55.511+0000] {processor.py:839} INFO - DAG(s) dict_keys(['example_sensors']) retrieved from /home/airflow/.local/lib/python3.8/site-packages/airflow/example_dags/example_sensors.py
[2023-11-16T06:50:55.526+0000] {logging_mixin.py:154} INFO - [2023-11-16T06:50:55.526+0000] {dag.py:2941} INFO - Sync 1 DAGs
[2023-11-16T06:50:55.533+0000] {logging_mixin.py:154} INFO - [2023-11-16T06:50:55.533+0000] {dag.py:3722} INFO - Setting next_dagrun for example_sensors to None, run_after=None
[2023-11-16T06:50:55.542+0000] {processor.py:179} INFO - Processing /home/airflow/.local/lib/python3.8/site-packages/airflow/example_dags/example_sensors.py took 0.041 seconds
[2023-11-16T06:51:26.588+0000] {processor.py:157} INFO - Started process (PID=987) to work on /home/airflow/.local/lib/python3.8/site-packages/airflow/example_dags/example_sensors.py
[2023-11-16T06:51:26.589+0000] {processor.py:829} INFO - Processing file /home/airflow/.local/lib/python3.8/site-packages/airflow/example_dags/example_sensors.py for tasks to queue
[2023-11-16T06:51:26.591+0000] {logging_mixin.py:154} INFO - [2023-11-16T06:51:26.590+0000] {dagbag.py:536} INFO - Filling up the DagBag from /home/airflow/.local/lib/python3.8/site-packages/airflow/example_dags/example_sensors.py
[2023-11-16T06:51:26.596+0000] {processor.py:839} INFO - DAG(s) dict_keys(['example_sensors']) retrieved from /home/airflow/.local/lib/python3.8/site-packages/airflow/example_dags/example_sensors.py
[2023-11-16T06:51:26.609+0000] {logging_mixin.py:154} INFO - [2023-11-16T06:51:26.609+0000] {dag.py:2941} INFO - Sync 1 DAGs
[2023-11-16T06:51:26.616+0000] {logging_mixin.py:154} INFO - [2023-11-16T06:51:26.616+0000] {dag.py:3722} INFO - Setting next_dagrun for example_sensors to None, run_after=None
[2023-11-16T06:51:26.625+0000] {processor.py:179} INFO - Processing /home/airflow/.local/lib/python3.8/site-packages/airflow/example_dags/example_sensors.py took 0.039 seconds
[2023-11-16T06:51:57.467+0000] {processor.py:157} INFO - Started process (PID=1041) to work on /home/airflow/.local/lib/python3.8/site-packages/airflow/example_dags/example_sensors.py
[2023-11-16T06:51:57.468+0000] {processor.py:829} INFO - Processing file /home/airflow/.local/lib/python3.8/site-packages/airflow/example_dags/example_sensors.py for tasks to queue
[2023-11-16T06:51:57.469+0000] {logging_mixin.py:154} INFO - [2023-11-16T06:51:57.469+0000] {dagbag.py:536} INFO - Filling up the DagBag from /home/airflow/.local/lib/python3.8/site-packages/airflow/example_dags/example_sensors.py
[2023-11-16T06:51:57.476+0000] {processor.py:839} INFO - DAG(s) dict_keys(['example_sensors']) retrieved from /home/airflow/.local/lib/python3.8/site-packages/airflow/example_dags/example_sensors.py
[2023-11-16T06:51:57.493+0000] {logging_mixin.py:154} INFO - [2023-11-16T06:51:57.493+0000] {dag.py:2941} INFO - Sync 1 DAGs
[2023-11-16T06:51:57.596+0000] {logging_mixin.py:154} INFO - [2023-11-16T06:51:57.596+0000] {dag.py:3722} INFO - Setting next_dagrun for example_sensors to None, run_after=None
[2023-11-16T06:51:57.608+0000] {processor.py:179} INFO - Processing /home/airflow/.local/lib/python3.8/site-packages/airflow/example_dags/example_sensors.py took 0.144 seconds
[2023-11-16T06:52:27.720+0000] {processor.py:157} INFO - Started process (PID=1095) to work on /home/airflow/.local/lib/python3.8/site-packages/airflow/example_dags/example_sensors.py
[2023-11-16T06:52:27.721+0000] {processor.py:829} INFO - Processing file /home/airflow/.local/lib/python3.8/site-packages/airflow/example_dags/example_sensors.py for tasks to queue
[2023-11-16T06:52:27.722+0000] {logging_mixin.py:154} INFO - [2023-11-16T06:52:27.722+0000] {dagbag.py:536} INFO - Filling up the DagBag from /home/airflow/.local/lib/python3.8/site-packages/airflow/example_dags/example_sensors.py
[2023-11-16T06:52:27.728+0000] {processor.py:839} INFO - DAG(s) dict_keys(['example_sensors']) retrieved from /home/airflow/.local/lib/python3.8/site-packages/airflow/example_dags/example_sensors.py
[2023-11-16T06:52:27.741+0000] {logging_mixin.py:154} INFO - [2023-11-16T06:52:27.741+0000] {dag.py:2941} INFO - Sync 1 DAGs
[2023-11-16T06:52:27.748+0000] {logging_mixin.py:154} INFO - [2023-11-16T06:52:27.748+0000] {dag.py:3722} INFO - Setting next_dagrun for example_sensors to None, run_after=None
[2023-11-16T06:52:27.758+0000] {processor.py:179} INFO - Processing /home/airflow/.local/lib/python3.8/site-packages/airflow/example_dags/example_sensors.py took 0.039 seconds
[2023-11-16T06:52:58.096+0000] {processor.py:157} INFO - Started process (PID=1149) to work on /home/airflow/.local/lib/python3.8/site-packages/airflow/example_dags/example_sensors.py
[2023-11-16T06:52:58.097+0000] {processor.py:829} INFO - Processing file /home/airflow/.local/lib/python3.8/site-packages/airflow/example_dags/example_sensors.py for tasks to queue
[2023-11-16T06:52:58.098+0000] {logging_mixin.py:154} INFO - [2023-11-16T06:52:58.098+0000] {dagbag.py:536} INFO - Filling up the DagBag from /home/airflow/.local/lib/python3.8/site-packages/airflow/example_dags/example_sensors.py
[2023-11-16T06:52:58.104+0000] {processor.py:839} INFO - DAG(s) dict_keys(['example_sensors']) retrieved from /home/airflow/.local/lib/python3.8/site-packages/airflow/example_dags/example_sensors.py
[2023-11-16T06:52:58.117+0000] {logging_mixin.py:154} INFO - [2023-11-16T06:52:58.117+0000] {dag.py:2941} INFO - Sync 1 DAGs
[2023-11-16T06:52:58.123+0000] {logging_mixin.py:154} INFO - [2023-11-16T06:52:58.123+0000] {dag.py:3722} INFO - Setting next_dagrun for example_sensors to None, run_after=None
[2023-11-16T06:52:58.132+0000] {processor.py:179} INFO - Processing /home/airflow/.local/lib/python3.8/site-packages/airflow/example_dags/example_sensors.py took 0.038 seconds
[2023-11-16T06:53:28.906+0000] {processor.py:157} INFO - Started process (PID=1203) to work on /home/airflow/.local/lib/python3.8/site-packages/airflow/example_dags/example_sensors.py
[2023-11-16T06:53:28.907+0000] {processor.py:829} INFO - Processing file /home/airflow/.local/lib/python3.8/site-packages/airflow/example_dags/example_sensors.py for tasks to queue
[2023-11-16T06:53:28.908+0000] {logging_mixin.py:154} INFO - [2023-11-16T06:53:28.908+0000] {dagbag.py:536} INFO - Filling up the DagBag from /home/airflow/.local/lib/python3.8/site-packages/airflow/example_dags/example_sensors.py
[2023-11-16T06:53:28.914+0000] {processor.py:839} INFO - DAG(s) dict_keys(['example_sensors']) retrieved from /home/airflow/.local/lib/python3.8/site-packages/airflow/example_dags/example_sensors.py
[2023-11-16T06:53:28.928+0000] {logging_mixin.py:154} INFO - [2023-11-16T06:53:28.927+0000] {dag.py:2941} INFO - Sync 1 DAGs
[2023-11-16T06:53:28.934+0000] {logging_mixin.py:154} INFO - [2023-11-16T06:53:28.934+0000] {dag.py:3722} INFO - Setting next_dagrun for example_sensors to None, run_after=None
[2023-11-16T06:53:28.943+0000] {processor.py:179} INFO - Processing /home/airflow/.local/lib/python3.8/site-packages/airflow/example_dags/example_sensors.py took 0.039 seconds
[2023-11-16T06:54:00.973+0000] {processor.py:157} INFO - Started process (PID=1257) to work on /home/airflow/.local/lib/python3.8/site-packages/airflow/example_dags/example_sensors.py
[2023-11-16T06:54:00.974+0000] {processor.py:829} INFO - Processing file /home/airflow/.local/lib/python3.8/site-packages/airflow/example_dags/example_sensors.py for tasks to queue
[2023-11-16T06:54:00.976+0000] {logging_mixin.py:154} INFO - [2023-11-16T06:54:00.976+0000] {dagbag.py:536} INFO - Filling up the DagBag from /home/airflow/.local/lib/python3.8/site-packages/airflow/example_dags/example_sensors.py
[2023-11-16T06:54:00.981+0000] {processor.py:839} INFO - DAG(s) dict_keys(['example_sensors']) retrieved from /home/airflow/.local/lib/python3.8/site-packages/airflow/example_dags/example_sensors.py
[2023-11-16T06:54:01.088+0000] {logging_mixin.py:154} INFO - [2023-11-16T06:54:01.088+0000] {dag.py:2941} INFO - Sync 1 DAGs
[2023-11-16T06:54:01.094+0000] {logging_mixin.py:154} INFO - [2023-11-16T06:54:01.094+0000] {dag.py:3722} INFO - Setting next_dagrun for example_sensors to None, run_after=None
[2023-11-16T06:54:01.103+0000] {processor.py:179} INFO - Processing /home/airflow/.local/lib/python3.8/site-packages/airflow/example_dags/example_sensors.py took 0.134 seconds
[2023-11-16T06:54:31.903+0000] {processor.py:157} INFO - Started process (PID=1311) to work on /home/airflow/.local/lib/python3.8/site-packages/airflow/example_dags/example_sensors.py
[2023-11-16T06:54:31.904+0000] {processor.py:829} INFO - Processing file /home/airflow/.local/lib/python3.8/site-packages/airflow/example_dags/example_sensors.py for tasks to queue
[2023-11-16T06:54:31.905+0000] {logging_mixin.py:154} INFO - [2023-11-16T06:54:31.905+0000] {dagbag.py:536} INFO - Filling up the DagBag from /home/airflow/.local/lib/python3.8/site-packages/airflow/example_dags/example_sensors.py
[2023-11-16T06:54:31.910+0000] {processor.py:839} INFO - DAG(s) dict_keys(['example_sensors']) retrieved from /home/airflow/.local/lib/python3.8/site-packages/airflow/example_dags/example_sensors.py
[2023-11-16T06:54:31.922+0000] {logging_mixin.py:154} INFO - [2023-11-16T06:54:31.922+0000] {dag.py:2941} INFO - Sync 1 DAGs
[2023-11-16T06:54:32.018+0000] {logging_mixin.py:154} INFO - [2023-11-16T06:54:32.018+0000] {dag.py:3722} INFO - Setting next_dagrun for example_sensors to None, run_after=None
[2023-11-16T06:54:32.025+0000] {processor.py:179} INFO - Processing /home/airflow/.local/lib/python3.8/site-packages/airflow/example_dags/example_sensors.py took 0.124 seconds
[2023-11-16T06:55:03.094+0000] {processor.py:157} INFO - Started process (PID=1365) to work on /home/airflow/.local/lib/python3.8/site-packages/airflow/example_dags/example_sensors.py
[2023-11-16T06:55:03.095+0000] {processor.py:829} INFO - Processing file /home/airflow/.local/lib/python3.8/site-packages/airflow/example_dags/example_sensors.py for tasks to queue
[2023-11-16T06:55:03.096+0000] {logging_mixin.py:154} INFO - [2023-11-16T06:55:03.096+0000] {dagbag.py:536} INFO - Filling up the DagBag from /home/airflow/.local/lib/python3.8/site-packages/airflow/example_dags/example_sensors.py
[2023-11-16T06:55:03.102+0000] {processor.py:839} INFO - DAG(s) dict_keys(['example_sensors']) retrieved from /home/airflow/.local/lib/python3.8/site-packages/airflow/example_dags/example_sensors.py
[2023-11-16T06:55:03.117+0000] {logging_mixin.py:154} INFO - [2023-11-16T06:55:03.117+0000] {dag.py:2941} INFO - Sync 1 DAGs
[2023-11-16T06:55:03.229+0000] {logging_mixin.py:154} INFO - [2023-11-16T06:55:03.229+0000] {dag.py:3722} INFO - Setting next_dagrun for example_sensors to None, run_after=None
[2023-11-16T06:55:03.238+0000] {processor.py:179} INFO - Processing /home/airflow/.local/lib/python3.8/site-packages/airflow/example_dags/example_sensors.py took 0.146 seconds
[2023-11-16T06:55:33.689+0000] {processor.py:157} INFO - Started process (PID=1419) to work on /home/airflow/.local/lib/python3.8/site-packages/airflow/example_dags/example_sensors.py
[2023-11-16T06:55:33.690+0000] {processor.py:829} INFO - Processing file /home/airflow/.local/lib/python3.8/site-packages/airflow/example_dags/example_sensors.py for tasks to queue
[2023-11-16T06:55:33.692+0000] {logging_mixin.py:154} INFO - [2023-11-16T06:55:33.691+0000] {dagbag.py:536} INFO - Filling up the DagBag from /home/airflow/.local/lib/python3.8/site-packages/airflow/example_dags/example_sensors.py
[2023-11-16T06:55:33.697+0000] {processor.py:839} INFO - DAG(s) dict_keys(['example_sensors']) retrieved from /home/airflow/.local/lib/python3.8/site-packages/airflow/example_dags/example_sensors.py
[2023-11-16T06:55:33.710+0000] {logging_mixin.py:154} INFO - [2023-11-16T06:55:33.710+0000] {dag.py:2941} INFO - Sync 1 DAGs
[2023-11-16T06:55:33.717+0000] {logging_mixin.py:154} INFO - [2023-11-16T06:55:33.717+0000] {dag.py:3722} INFO - Setting next_dagrun for example_sensors to None, run_after=None
[2023-11-16T06:55:33.726+0000] {processor.py:179} INFO - Processing /home/airflow/.local/lib/python3.8/site-packages/airflow/example_dags/example_sensors.py took 0.039 seconds
[2023-11-16T06:56:03.818+0000] {processor.py:157} INFO - Started process (PID=1473) to work on /home/airflow/.local/lib/python3.8/site-packages/airflow/example_dags/example_sensors.py
[2023-11-16T06:56:03.819+0000] {processor.py:829} INFO - Processing file /home/airflow/.local/lib/python3.8/site-packages/airflow/example_dags/example_sensors.py for tasks to queue
[2023-11-16T06:56:03.821+0000] {logging_mixin.py:154} INFO - [2023-11-16T06:56:03.821+0000] {dagbag.py:536} INFO - Filling up the DagBag from /home/airflow/.local/lib/python3.8/site-packages/airflow/example_dags/example_sensors.py
[2023-11-16T06:56:03.827+0000] {processor.py:839} INFO - DAG(s) dict_keys(['example_sensors']) retrieved from /home/airflow/.local/lib/python3.8/site-packages/airflow/example_dags/example_sensors.py
[2023-11-16T06:56:03.840+0000] {logging_mixin.py:154} INFO - [2023-11-16T06:56:03.840+0000] {dag.py:2941} INFO - Sync 1 DAGs
[2023-11-16T06:56:03.846+0000] {logging_mixin.py:154} INFO - [2023-11-16T06:56:03.846+0000] {dag.py:3722} INFO - Setting next_dagrun for example_sensors to None, run_after=None
[2023-11-16T06:56:03.855+0000] {processor.py:179} INFO - Processing /home/airflow/.local/lib/python3.8/site-packages/airflow/example_dags/example_sensors.py took 0.038 seconds
[2023-11-16T06:56:34.855+0000] {processor.py:157} INFO - Started process (PID=1527) to work on /home/airflow/.local/lib/python3.8/site-packages/airflow/example_dags/example_sensors.py
[2023-11-16T06:56:34.856+0000] {processor.py:829} INFO - Processing file /home/airflow/.local/lib/python3.8/site-packages/airflow/example_dags/example_sensors.py for tasks to queue
[2023-11-16T06:56:34.859+0000] {logging_mixin.py:154} INFO - [2023-11-16T06:56:34.859+0000] {dagbag.py:536} INFO - Filling up the DagBag from /home/airflow/.local/lib/python3.8/site-packages/airflow/example_dags/example_sensors.py
[2023-11-16T06:56:34.867+0000] {processor.py:839} INFO - DAG(s) dict_keys(['example_sensors']) retrieved from /home/airflow/.local/lib/python3.8/site-packages/airflow/example_dags/example_sensors.py
[2023-11-16T06:56:34.886+0000] {logging_mixin.py:154} INFO - [2023-11-16T06:56:34.885+0000] {dag.py:2941} INFO - Sync 1 DAGs
[2023-11-16T06:56:34.897+0000] {logging_mixin.py:154} INFO - [2023-11-16T06:56:34.897+0000] {dag.py:3722} INFO - Setting next_dagrun for example_sensors to None, run_after=None
[2023-11-16T06:56:34.912+0000] {processor.py:179} INFO - Processing /home/airflow/.local/lib/python3.8/site-packages/airflow/example_dags/example_sensors.py took 0.059 seconds
[2023-11-16T06:57:05.821+0000] {processor.py:157} INFO - Started process (PID=1581) to work on /home/airflow/.local/lib/python3.8/site-packages/airflow/example_dags/example_sensors.py
[2023-11-16T06:57:05.822+0000] {processor.py:829} INFO - Processing file /home/airflow/.local/lib/python3.8/site-packages/airflow/example_dags/example_sensors.py for tasks to queue
[2023-11-16T06:57:05.824+0000] {logging_mixin.py:154} INFO - [2023-11-16T06:57:05.823+0000] {dagbag.py:536} INFO - Filling up the DagBag from /home/airflow/.local/lib/python3.8/site-packages/airflow/example_dags/example_sensors.py
[2023-11-16T06:57:05.829+0000] {processor.py:839} INFO - DAG(s) dict_keys(['example_sensors']) retrieved from /home/airflow/.local/lib/python3.8/site-packages/airflow/example_dags/example_sensors.py
[2023-11-16T06:57:05.842+0000] {logging_mixin.py:154} INFO - [2023-11-16T06:57:05.842+0000] {dag.py:2941} INFO - Sync 1 DAGs
[2023-11-16T06:57:05.849+0000] {logging_mixin.py:154} INFO - [2023-11-16T06:57:05.849+0000] {dag.py:3722} INFO - Setting next_dagrun for example_sensors to None, run_after=None
[2023-11-16T06:57:05.858+0000] {processor.py:179} INFO - Processing /home/airflow/.local/lib/python3.8/site-packages/airflow/example_dags/example_sensors.py took 0.039 seconds
[2023-11-16T06:57:36.754+0000] {processor.py:157} INFO - Started process (PID=1635) to work on /home/airflow/.local/lib/python3.8/site-packages/airflow/example_dags/example_sensors.py
[2023-11-16T06:57:36.755+0000] {processor.py:829} INFO - Processing file /home/airflow/.local/lib/python3.8/site-packages/airflow/example_dags/example_sensors.py for tasks to queue
[2023-11-16T06:57:36.756+0000] {logging_mixin.py:154} INFO - [2023-11-16T06:57:36.756+0000] {dagbag.py:536} INFO - Filling up the DagBag from /home/airflow/.local/lib/python3.8/site-packages/airflow/example_dags/example_sensors.py
[2023-11-16T06:57:36.762+0000] {processor.py:839} INFO - DAG(s) dict_keys(['example_sensors']) retrieved from /home/airflow/.local/lib/python3.8/site-packages/airflow/example_dags/example_sensors.py
[2023-11-16T06:57:36.774+0000] {logging_mixin.py:154} INFO - [2023-11-16T06:57:36.774+0000] {dag.py:2941} INFO - Sync 1 DAGs
[2023-11-16T06:57:36.781+0000] {logging_mixin.py:154} INFO - [2023-11-16T06:57:36.781+0000] {dag.py:3722} INFO - Setting next_dagrun for example_sensors to None, run_after=None
[2023-11-16T06:57:36.789+0000] {processor.py:179} INFO - Processing /home/airflow/.local/lib/python3.8/site-packages/airflow/example_dags/example_sensors.py took 0.037 seconds
[2023-11-16T06:58:07.792+0000] {processor.py:157} INFO - Started process (PID=1689) to work on /home/airflow/.local/lib/python3.8/site-packages/airflow/example_dags/example_sensors.py
[2023-11-16T06:58:07.793+0000] {processor.py:829} INFO - Processing file /home/airflow/.local/lib/python3.8/site-packages/airflow/example_dags/example_sensors.py for tasks to queue
[2023-11-16T06:58:07.795+0000] {logging_mixin.py:154} INFO - [2023-11-16T06:58:07.794+0000] {dagbag.py:536} INFO - Filling up the DagBag from /home/airflow/.local/lib/python3.8/site-packages/airflow/example_dags/example_sensors.py
[2023-11-16T06:58:07.801+0000] {processor.py:839} INFO - DAG(s) dict_keys(['example_sensors']) retrieved from /home/airflow/.local/lib/python3.8/site-packages/airflow/example_dags/example_sensors.py
[2023-11-16T06:58:07.814+0000] {logging_mixin.py:154} INFO - [2023-11-16T06:58:07.814+0000] {dag.py:2941} INFO - Sync 1 DAGs
[2023-11-16T06:58:07.821+0000] {logging_mixin.py:154} INFO - [2023-11-16T06:58:07.821+0000] {dag.py:3722} INFO - Setting next_dagrun for example_sensors to None, run_after=None
[2023-11-16T06:58:07.832+0000] {processor.py:179} INFO - Processing /home/airflow/.local/lib/python3.8/site-packages/airflow/example_dags/example_sensors.py took 0.042 seconds
[2023-11-16T06:58:38.753+0000] {processor.py:157} INFO - Started process (PID=1743) to work on /home/airflow/.local/lib/python3.8/site-packages/airflow/example_dags/example_sensors.py
[2023-11-16T06:58:38.754+0000] {processor.py:829} INFO - Processing file /home/airflow/.local/lib/python3.8/site-packages/airflow/example_dags/example_sensors.py for tasks to queue
[2023-11-16T06:58:38.755+0000] {logging_mixin.py:154} INFO - [2023-11-16T06:58:38.755+0000] {dagbag.py:536} INFO - Filling up the DagBag from /home/airflow/.local/lib/python3.8/site-packages/airflow/example_dags/example_sensors.py
[2023-11-16T06:58:38.761+0000] {processor.py:839} INFO - DAG(s) dict_keys(['example_sensors']) retrieved from /home/airflow/.local/lib/python3.8/site-packages/airflow/example_dags/example_sensors.py
[2023-11-16T06:58:38.774+0000] {logging_mixin.py:154} INFO - [2023-11-16T06:58:38.774+0000] {dag.py:2941} INFO - Sync 1 DAGs
[2023-11-16T06:58:38.781+0000] {logging_mixin.py:154} INFO - [2023-11-16T06:58:38.780+0000] {dag.py:3722} INFO - Setting next_dagrun for example_sensors to None, run_after=None
[2023-11-16T06:58:38.789+0000] {processor.py:179} INFO - Processing /home/airflow/.local/lib/python3.8/site-packages/airflow/example_dags/example_sensors.py took 0.039 seconds
[2023-11-16T06:59:08.852+0000] {processor.py:157} INFO - Started process (PID=1797) to work on /home/airflow/.local/lib/python3.8/site-packages/airflow/example_dags/example_sensors.py
[2023-11-16T06:59:08.853+0000] {processor.py:829} INFO - Processing file /home/airflow/.local/lib/python3.8/site-packages/airflow/example_dags/example_sensors.py for tasks to queue
[2023-11-16T06:59:08.855+0000] {logging_mixin.py:154} INFO - [2023-11-16T06:59:08.854+0000] {dagbag.py:536} INFO - Filling up the DagBag from /home/airflow/.local/lib/python3.8/site-packages/airflow/example_dags/example_sensors.py
[2023-11-16T06:59:08.860+0000] {processor.py:839} INFO - DAG(s) dict_keys(['example_sensors']) retrieved from /home/airflow/.local/lib/python3.8/site-packages/airflow/example_dags/example_sensors.py
[2023-11-16T06:59:08.873+0000] {logging_mixin.py:154} INFO - [2023-11-16T06:59:08.872+0000] {dag.py:2941} INFO - Sync 1 DAGs
[2023-11-16T06:59:08.879+0000] {logging_mixin.py:154} INFO - [2023-11-16T06:59:08.879+0000] {dag.py:3722} INFO - Setting next_dagrun for example_sensors to None, run_after=None
[2023-11-16T06:59:08.887+0000] {processor.py:179} INFO - Processing /home/airflow/.local/lib/python3.8/site-packages/airflow/example_dags/example_sensors.py took 0.038 seconds
[2023-11-16T06:59:39.875+0000] {processor.py:157} INFO - Started process (PID=1850) to work on /home/airflow/.local/lib/python3.8/site-packages/airflow/example_dags/example_sensors.py
[2023-11-16T06:59:39.877+0000] {processor.py:829} INFO - Processing file /home/airflow/.local/lib/python3.8/site-packages/airflow/example_dags/example_sensors.py for tasks to queue
[2023-11-16T06:59:39.884+0000] {logging_mixin.py:154} INFO - [2023-11-16T06:59:39.883+0000] {dagbag.py:536} INFO - Filling up the DagBag from /home/airflow/.local/lib/python3.8/site-packages/airflow/example_dags/example_sensors.py
[2023-11-16T06:59:39.897+0000] {processor.py:839} INFO - DAG(s) dict_keys(['example_sensors']) retrieved from /home/airflow/.local/lib/python3.8/site-packages/airflow/example_dags/example_sensors.py
[2023-11-16T06:59:39.915+0000] {logging_mixin.py:154} INFO - [2023-11-16T06:59:39.915+0000] {dag.py:2941} INFO - Sync 1 DAGs
[2023-11-16T06:59:39.924+0000] {logging_mixin.py:154} INFO - [2023-11-16T06:59:39.924+0000] {dag.py:3722} INFO - Setting next_dagrun for example_sensors to None, run_after=None
[2023-11-16T06:59:39.934+0000] {processor.py:179} INFO - Processing /home/airflow/.local/lib/python3.8/site-packages/airflow/example_dags/example_sensors.py took 0.062 seconds
[2023-11-16T07:00:10.079+0000] {processor.py:157} INFO - Started process (PID=1904) to work on /home/airflow/.local/lib/python3.8/site-packages/airflow/example_dags/example_sensors.py
[2023-11-16T07:00:10.080+0000] {processor.py:829} INFO - Processing file /home/airflow/.local/lib/python3.8/site-packages/airflow/example_dags/example_sensors.py for tasks to queue
[2023-11-16T07:00:10.081+0000] {logging_mixin.py:154} INFO - [2023-11-16T07:00:10.081+0000] {dagbag.py:536} INFO - Filling up the DagBag from /home/airflow/.local/lib/python3.8/site-packages/airflow/example_dags/example_sensors.py
[2023-11-16T07:00:10.087+0000] {processor.py:839} INFO - DAG(s) dict_keys(['example_sensors']) retrieved from /home/airflow/.local/lib/python3.8/site-packages/airflow/example_dags/example_sensors.py
[2023-11-16T07:00:10.100+0000] {logging_mixin.py:154} INFO - [2023-11-16T07:00:10.100+0000] {dag.py:2941} INFO - Sync 1 DAGs
[2023-11-16T07:00:10.107+0000] {logging_mixin.py:154} INFO - [2023-11-16T07:00:10.107+0000] {dag.py:3722} INFO - Setting next_dagrun for example_sensors to None, run_after=None
[2023-11-16T07:00:10.116+0000] {processor.py:179} INFO - Processing /home/airflow/.local/lib/python3.8/site-packages/airflow/example_dags/example_sensors.py took 0.039 seconds
[2023-11-16T07:00:40.162+0000] {processor.py:157} INFO - Started process (PID=1958) to work on /home/airflow/.local/lib/python3.8/site-packages/airflow/example_dags/example_sensors.py
[2023-11-16T07:00:40.163+0000] {processor.py:829} INFO - Processing file /home/airflow/.local/lib/python3.8/site-packages/airflow/example_dags/example_sensors.py for tasks to queue
[2023-11-16T07:00:40.164+0000] {logging_mixin.py:154} INFO - [2023-11-16T07:00:40.164+0000] {dagbag.py:536} INFO - Filling up the DagBag from /home/airflow/.local/lib/python3.8/site-packages/airflow/example_dags/example_sensors.py
[2023-11-16T07:00:40.169+0000] {processor.py:839} INFO - DAG(s) dict_keys(['example_sensors']) retrieved from /home/airflow/.local/lib/python3.8/site-packages/airflow/example_dags/example_sensors.py
[2023-11-16T07:00:40.183+0000] {logging_mixin.py:154} INFO - [2023-11-16T07:00:40.183+0000] {dag.py:2941} INFO - Sync 1 DAGs
[2023-11-16T07:00:40.189+0000] {logging_mixin.py:154} INFO - [2023-11-16T07:00:40.189+0000] {dag.py:3722} INFO - Setting next_dagrun for example_sensors to None, run_after=None
[2023-11-16T07:00:40.198+0000] {processor.py:179} INFO - Processing /home/airflow/.local/lib/python3.8/site-packages/airflow/example_dags/example_sensors.py took 0.038 seconds
[2023-11-16T07:01:11.222+0000] {processor.py:157} INFO - Started process (PID=2012) to work on /home/airflow/.local/lib/python3.8/site-packages/airflow/example_dags/example_sensors.py
[2023-11-16T07:01:11.223+0000] {processor.py:829} INFO - Processing file /home/airflow/.local/lib/python3.8/site-packages/airflow/example_dags/example_sensors.py for tasks to queue
[2023-11-16T07:01:11.224+0000] {logging_mixin.py:154} INFO - [2023-11-16T07:01:11.224+0000] {dagbag.py:536} INFO - Filling up the DagBag from /home/airflow/.local/lib/python3.8/site-packages/airflow/example_dags/example_sensors.py
[2023-11-16T07:01:11.229+0000] {processor.py:839} INFO - DAG(s) dict_keys(['example_sensors']) retrieved from /home/airflow/.local/lib/python3.8/site-packages/airflow/example_dags/example_sensors.py
[2023-11-16T07:01:11.242+0000] {logging_mixin.py:154} INFO - [2023-11-16T07:01:11.242+0000] {dag.py:2941} INFO - Sync 1 DAGs
[2023-11-16T07:01:11.249+0000] {logging_mixin.py:154} INFO - [2023-11-16T07:01:11.249+0000] {dag.py:3722} INFO - Setting next_dagrun for example_sensors to None, run_after=None
[2023-11-16T07:01:11.258+0000] {processor.py:179} INFO - Processing /home/airflow/.local/lib/python3.8/site-packages/airflow/example_dags/example_sensors.py took 0.038 seconds
[2023-11-16T07:01:42.199+0000] {processor.py:157} INFO - Started process (PID=2066) to work on /home/airflow/.local/lib/python3.8/site-packages/airflow/example_dags/example_sensors.py
[2023-11-16T07:01:42.200+0000] {processor.py:829} INFO - Processing file /home/airflow/.local/lib/python3.8/site-packages/airflow/example_dags/example_sensors.py for tasks to queue
[2023-11-16T07:01:42.201+0000] {logging_mixin.py:154} INFO - [2023-11-16T07:01:42.201+0000] {dagbag.py:536} INFO - Filling up the DagBag from /home/airflow/.local/lib/python3.8/site-packages/airflow/example_dags/example_sensors.py
[2023-11-16T07:01:42.206+0000] {processor.py:839} INFO - DAG(s) dict_keys(['example_sensors']) retrieved from /home/airflow/.local/lib/python3.8/site-packages/airflow/example_dags/example_sensors.py
[2023-11-16T07:01:42.220+0000] {logging_mixin.py:154} INFO - [2023-11-16T07:01:42.220+0000] {dag.py:2941} INFO - Sync 1 DAGs
[2023-11-16T07:01:42.227+0000] {logging_mixin.py:154} INFO - [2023-11-16T07:01:42.227+0000] {dag.py:3722} INFO - Setting next_dagrun for example_sensors to None, run_after=None
[2023-11-16T07:01:42.238+0000] {processor.py:179} INFO - Processing /home/airflow/.local/lib/python3.8/site-packages/airflow/example_dags/example_sensors.py took 0.041 seconds
[2023-11-16T07:02:13.330+0000] {processor.py:157} INFO - Started process (PID=2125) to work on /home/airflow/.local/lib/python3.8/site-packages/airflow/example_dags/example_sensors.py
[2023-11-16T07:02:13.331+0000] {processor.py:829} INFO - Processing file /home/airflow/.local/lib/python3.8/site-packages/airflow/example_dags/example_sensors.py for tasks to queue
[2023-11-16T07:02:13.333+0000] {logging_mixin.py:154} INFO - [2023-11-16T07:02:13.333+0000] {dagbag.py:536} INFO - Filling up the DagBag from /home/airflow/.local/lib/python3.8/site-packages/airflow/example_dags/example_sensors.py
[2023-11-16T07:02:13.338+0000] {processor.py:839} INFO - DAG(s) dict_keys(['example_sensors']) retrieved from /home/airflow/.local/lib/python3.8/site-packages/airflow/example_dags/example_sensors.py
[2023-11-16T07:02:13.352+0000] {logging_mixin.py:154} INFO - [2023-11-16T07:02:13.352+0000] {dag.py:2941} INFO - Sync 1 DAGs
[2023-11-16T07:02:13.358+0000] {logging_mixin.py:154} INFO - [2023-11-16T07:02:13.358+0000] {dag.py:3722} INFO - Setting next_dagrun for example_sensors to None, run_after=None
[2023-11-16T07:02:13.370+0000] {processor.py:179} INFO - Processing /home/airflow/.local/lib/python3.8/site-packages/airflow/example_dags/example_sensors.py took 0.042 seconds
[2023-11-16T07:02:43.494+0000] {processor.py:157} INFO - Started process (PID=2179) to work on /home/airflow/.local/lib/python3.8/site-packages/airflow/example_dags/example_sensors.py
[2023-11-16T07:02:43.495+0000] {processor.py:829} INFO - Processing file /home/airflow/.local/lib/python3.8/site-packages/airflow/example_dags/example_sensors.py for tasks to queue
[2023-11-16T07:02:43.497+0000] {logging_mixin.py:154} INFO - [2023-11-16T07:02:43.496+0000] {dagbag.py:536} INFO - Filling up the DagBag from /home/airflow/.local/lib/python3.8/site-packages/airflow/example_dags/example_sensors.py
[2023-11-16T07:02:43.502+0000] {processor.py:839} INFO - DAG(s) dict_keys(['example_sensors']) retrieved from /home/airflow/.local/lib/python3.8/site-packages/airflow/example_dags/example_sensors.py
[2023-11-16T07:02:43.516+0000] {logging_mixin.py:154} INFO - [2023-11-16T07:02:43.516+0000] {dag.py:2941} INFO - Sync 1 DAGs
[2023-11-16T07:02:43.522+0000] {logging_mixin.py:154} INFO - [2023-11-16T07:02:43.522+0000] {dag.py:3722} INFO - Setting next_dagrun for example_sensors to None, run_after=None
[2023-11-16T07:02:43.532+0000] {processor.py:179} INFO - Processing /home/airflow/.local/lib/python3.8/site-packages/airflow/example_dags/example_sensors.py took 0.039 seconds
[2023-11-16T07:03:13.626+0000] {processor.py:157} INFO - Started process (PID=2233) to work on /home/airflow/.local/lib/python3.8/site-packages/airflow/example_dags/example_sensors.py
[2023-11-16T07:03:13.627+0000] {processor.py:829} INFO - Processing file /home/airflow/.local/lib/python3.8/site-packages/airflow/example_dags/example_sensors.py for tasks to queue
[2023-11-16T07:03:13.629+0000] {logging_mixin.py:154} INFO - [2023-11-16T07:03:13.628+0000] {dagbag.py:536} INFO - Filling up the DagBag from /home/airflow/.local/lib/python3.8/site-packages/airflow/example_dags/example_sensors.py
[2023-11-16T07:03:13.634+0000] {processor.py:839} INFO - DAG(s) dict_keys(['example_sensors']) retrieved from /home/airflow/.local/lib/python3.8/site-packages/airflow/example_dags/example_sensors.py
[2023-11-16T07:03:13.647+0000] {logging_mixin.py:154} INFO - [2023-11-16T07:03:13.647+0000] {dag.py:2941} INFO - Sync 1 DAGs
[2023-11-16T07:03:13.654+0000] {logging_mixin.py:154} INFO - [2023-11-16T07:03:13.654+0000] {dag.py:3722} INFO - Setting next_dagrun for example_sensors to None, run_after=None
[2023-11-16T07:03:13.664+0000] {processor.py:179} INFO - Processing /home/airflow/.local/lib/python3.8/site-packages/airflow/example_dags/example_sensors.py took 0.040 seconds
[2023-11-16T07:03:43.813+0000] {processor.py:157} INFO - Started process (PID=2287) to work on /home/airflow/.local/lib/python3.8/site-packages/airflow/example_dags/example_sensors.py
[2023-11-16T07:03:43.814+0000] {processor.py:829} INFO - Processing file /home/airflow/.local/lib/python3.8/site-packages/airflow/example_dags/example_sensors.py for tasks to queue
[2023-11-16T07:03:43.816+0000] {logging_mixin.py:154} INFO - [2023-11-16T07:03:43.816+0000] {dagbag.py:536} INFO - Filling up the DagBag from /home/airflow/.local/lib/python3.8/site-packages/airflow/example_dags/example_sensors.py
[2023-11-16T07:03:43.821+0000] {processor.py:839} INFO - DAG(s) dict_keys(['example_sensors']) retrieved from /home/airflow/.local/lib/python3.8/site-packages/airflow/example_dags/example_sensors.py
[2023-11-16T07:03:43.834+0000] {logging_mixin.py:154} INFO - [2023-11-16T07:03:43.834+0000] {dag.py:2941} INFO - Sync 1 DAGs
[2023-11-16T07:03:43.841+0000] {logging_mixin.py:154} INFO - [2023-11-16T07:03:43.841+0000] {dag.py:3722} INFO - Setting next_dagrun for example_sensors to None, run_after=None
[2023-11-16T07:03:43.851+0000] {processor.py:179} INFO - Processing /home/airflow/.local/lib/python3.8/site-packages/airflow/example_dags/example_sensors.py took 0.039 seconds
[2023-11-16T07:04:13.989+0000] {processor.py:157} INFO - Started process (PID=2341) to work on /home/airflow/.local/lib/python3.8/site-packages/airflow/example_dags/example_sensors.py
[2023-11-16T07:04:13.990+0000] {processor.py:829} INFO - Processing file /home/airflow/.local/lib/python3.8/site-packages/airflow/example_dags/example_sensors.py for tasks to queue
[2023-11-16T07:04:13.991+0000] {logging_mixin.py:154} INFO - [2023-11-16T07:04:13.991+0000] {dagbag.py:536} INFO - Filling up the DagBag from /home/airflow/.local/lib/python3.8/site-packages/airflow/example_dags/example_sensors.py
[2023-11-16T07:04:13.997+0000] {processor.py:839} INFO - DAG(s) dict_keys(['example_sensors']) retrieved from /home/airflow/.local/lib/python3.8/site-packages/airflow/example_dags/example_sensors.py
[2023-11-16T07:04:14.011+0000] {logging_mixin.py:154} INFO - [2023-11-16T07:04:14.011+0000] {dag.py:2941} INFO - Sync 1 DAGs
[2023-11-16T07:04:14.019+0000] {logging_mixin.py:154} INFO - [2023-11-16T07:04:14.018+0000] {dag.py:3722} INFO - Setting next_dagrun for example_sensors to None, run_after=None
[2023-11-16T07:04:14.029+0000] {processor.py:179} INFO - Processing /home/airflow/.local/lib/python3.8/site-packages/airflow/example_dags/example_sensors.py took 0.043 seconds
[2023-11-16T07:04:45.080+0000] {processor.py:157} INFO - Started process (PID=2395) to work on /home/airflow/.local/lib/python3.8/site-packages/airflow/example_dags/example_sensors.py
[2023-11-16T07:04:45.081+0000] {processor.py:829} INFO - Processing file /home/airflow/.local/lib/python3.8/site-packages/airflow/example_dags/example_sensors.py for tasks to queue
[2023-11-16T07:04:45.082+0000] {logging_mixin.py:154} INFO - [2023-11-16T07:04:45.082+0000] {dagbag.py:536} INFO - Filling up the DagBag from /home/airflow/.local/lib/python3.8/site-packages/airflow/example_dags/example_sensors.py
[2023-11-16T07:04:45.088+0000] {processor.py:839} INFO - DAG(s) dict_keys(['example_sensors']) retrieved from /home/airflow/.local/lib/python3.8/site-packages/airflow/example_dags/example_sensors.py
[2023-11-16T07:04:45.101+0000] {logging_mixin.py:154} INFO - [2023-11-16T07:04:45.101+0000] {dag.py:2941} INFO - Sync 1 DAGs
[2023-11-16T07:04:45.107+0000] {logging_mixin.py:154} INFO - [2023-11-16T07:04:45.107+0000] {dag.py:3722} INFO - Setting next_dagrun for example_sensors to None, run_after=None
[2023-11-16T07:04:45.116+0000] {processor.py:179} INFO - Processing /home/airflow/.local/lib/python3.8/site-packages/airflow/example_dags/example_sensors.py took 0.038 seconds
[2023-11-16T07:05:16.132+0000] {processor.py:157} INFO - Started process (PID=2449) to work on /home/airflow/.local/lib/python3.8/site-packages/airflow/example_dags/example_sensors.py
[2023-11-16T07:05:16.133+0000] {processor.py:829} INFO - Processing file /home/airflow/.local/lib/python3.8/site-packages/airflow/example_dags/example_sensors.py for tasks to queue
[2023-11-16T07:05:16.135+0000] {logging_mixin.py:154} INFO - [2023-11-16T07:05:16.135+0000] {dagbag.py:536} INFO - Filling up the DagBag from /home/airflow/.local/lib/python3.8/site-packages/airflow/example_dags/example_sensors.py
[2023-11-16T07:05:16.142+0000] {processor.py:839} INFO - DAG(s) dict_keys(['example_sensors']) retrieved from /home/airflow/.local/lib/python3.8/site-packages/airflow/example_dags/example_sensors.py
[2023-11-16T07:05:16.158+0000] {logging_mixin.py:154} INFO - [2023-11-16T07:05:16.157+0000] {dag.py:2941} INFO - Sync 1 DAGs
[2023-11-16T07:05:16.166+0000] {logging_mixin.py:154} INFO - [2023-11-16T07:05:16.166+0000] {dag.py:3722} INFO - Setting next_dagrun for example_sensors to None, run_after=None
[2023-11-16T07:05:16.179+0000] {processor.py:179} INFO - Processing /home/airflow/.local/lib/python3.8/site-packages/airflow/example_dags/example_sensors.py took 0.050 seconds
[2023-11-16T07:05:47.196+0000] {processor.py:157} INFO - Started process (PID=2503) to work on /home/airflow/.local/lib/python3.8/site-packages/airflow/example_dags/example_sensors.py
[2023-11-16T07:05:47.197+0000] {processor.py:829} INFO - Processing file /home/airflow/.local/lib/python3.8/site-packages/airflow/example_dags/example_sensors.py for tasks to queue
[2023-11-16T07:05:47.199+0000] {logging_mixin.py:154} INFO - [2023-11-16T07:05:47.198+0000] {dagbag.py:536} INFO - Filling up the DagBag from /home/airflow/.local/lib/python3.8/site-packages/airflow/example_dags/example_sensors.py
[2023-11-16T07:05:47.204+0000] {processor.py:839} INFO - DAG(s) dict_keys(['example_sensors']) retrieved from /home/airflow/.local/lib/python3.8/site-packages/airflow/example_dags/example_sensors.py
[2023-11-16T07:05:47.217+0000] {logging_mixin.py:154} INFO - [2023-11-16T07:05:47.217+0000] {dag.py:2941} INFO - Sync 1 DAGs
[2023-11-16T07:05:47.224+0000] {logging_mixin.py:154} INFO - [2023-11-16T07:05:47.224+0000] {dag.py:3722} INFO - Setting next_dagrun for example_sensors to None, run_after=None
[2023-11-16T07:05:47.233+0000] {processor.py:179} INFO - Processing /home/airflow/.local/lib/python3.8/site-packages/airflow/example_dags/example_sensors.py took 0.038 seconds
