[2023-11-16T06:18:13.077+0000] {processor.py:157} INFO - Started process (PID=68) to work on /home/airflow/.local/lib/python3.8/site-packages/airflow/example_dags/example_task_group.py
[2023-11-16T06:18:13.080+0000] {processor.py:829} INFO - Processing file /home/airflow/.local/lib/python3.8/site-packages/airflow/example_dags/example_task_group.py for tasks to queue
[2023-11-16T06:18:13.085+0000] {logging_mixin.py:154} INFO - [2023-11-16T06:18:13.084+0000] {dagbag.py:536} INFO - Filling up the DagBag from /home/airflow/.local/lib/python3.8/site-packages/airflow/example_dags/example_task_group.py
[2023-11-16T06:18:13.098+0000] {processor.py:839} INFO - DAG(s) dict_keys(['example_task_group']) retrieved from /home/airflow/.local/lib/python3.8/site-packages/airflow/example_dags/example_task_group.py
[2023-11-16T06:18:13.118+0000] {logging_mixin.py:154} INFO - [2023-11-16T06:18:13.118+0000] {dag.py:2941} INFO - Sync 1 DAGs
[2023-11-16T06:18:13.153+0000] {logging_mixin.py:154} INFO - [2023-11-16T06:18:13.152+0000] {dag.py:3722} INFO - Setting next_dagrun for example_task_group to 2023-11-15T06:18:13.150360+00:00, run_after=2023-11-16T06:18:13.150360+00:00
[2023-11-16T06:18:13.195+0000] {processor.py:179} INFO - Processing /home/airflow/.local/lib/python3.8/site-packages/airflow/example_dags/example_task_group.py took 0.133 seconds
[2023-11-16T06:18:43.701+0000] {processor.py:157} INFO - Started process (PID=122) to work on /home/airflow/.local/lib/python3.8/site-packages/airflow/example_dags/example_task_group.py
[2023-11-16T06:18:43.702+0000] {processor.py:829} INFO - Processing file /home/airflow/.local/lib/python3.8/site-packages/airflow/example_dags/example_task_group.py for tasks to queue
[2023-11-16T06:18:43.704+0000] {logging_mixin.py:154} INFO - [2023-11-16T06:18:43.703+0000] {dagbag.py:536} INFO - Filling up the DagBag from /home/airflow/.local/lib/python3.8/site-packages/airflow/example_dags/example_task_group.py
[2023-11-16T06:18:43.708+0000] {processor.py:839} INFO - DAG(s) dict_keys(['example_task_group']) retrieved from /home/airflow/.local/lib/python3.8/site-packages/airflow/example_dags/example_task_group.py
[2023-11-16T06:18:43.722+0000] {logging_mixin.py:154} INFO - [2023-11-16T06:18:43.722+0000] {dag.py:2941} INFO - Sync 1 DAGs
[2023-11-16T06:18:43.734+0000] {logging_mixin.py:154} INFO - [2023-11-16T06:18:43.734+0000] {dag.py:3722} INFO - Setting next_dagrun for example_task_group to 2023-11-15T06:18:43.733890+00:00, run_after=2023-11-16T06:18:43.733890+00:00
[2023-11-16T06:18:43.744+0000] {processor.py:179} INFO - Processing /home/airflow/.local/lib/python3.8/site-packages/airflow/example_dags/example_task_group.py took 0.046 seconds
[2023-11-16T06:19:13.802+0000] {processor.py:157} INFO - Started process (PID=176) to work on /home/airflow/.local/lib/python3.8/site-packages/airflow/example_dags/example_task_group.py
[2023-11-16T06:19:13.808+0000] {processor.py:829} INFO - Processing file /home/airflow/.local/lib/python3.8/site-packages/airflow/example_dags/example_task_group.py for tasks to queue
[2023-11-16T06:19:13.813+0000] {logging_mixin.py:154} INFO - [2023-11-16T06:19:13.813+0000] {dagbag.py:536} INFO - Filling up the DagBag from /home/airflow/.local/lib/python3.8/site-packages/airflow/example_dags/example_task_group.py
[2023-11-16T06:19:13.820+0000] {processor.py:839} INFO - DAG(s) dict_keys(['example_task_group']) retrieved from /home/airflow/.local/lib/python3.8/site-packages/airflow/example_dags/example_task_group.py
[2023-11-16T06:19:13.835+0000] {logging_mixin.py:154} INFO - [2023-11-16T06:19:13.835+0000] {dag.py:2941} INFO - Sync 1 DAGs
[2023-11-16T06:19:13.845+0000] {logging_mixin.py:154} INFO - [2023-11-16T06:19:13.845+0000] {dag.py:3722} INFO - Setting next_dagrun for example_task_group to 2023-11-15T06:19:13.845609+00:00, run_after=2023-11-16T06:19:13.845609+00:00
[2023-11-16T06:19:13.854+0000] {processor.py:179} INFO - Processing /home/airflow/.local/lib/python3.8/site-packages/airflow/example_dags/example_task_group.py took 0.055 seconds
[2023-11-16T06:19:44.082+0000] {processor.py:157} INFO - Started process (PID=230) to work on /home/airflow/.local/lib/python3.8/site-packages/airflow/example_dags/example_task_group.py
[2023-11-16T06:19:44.083+0000] {processor.py:829} INFO - Processing file /home/airflow/.local/lib/python3.8/site-packages/airflow/example_dags/example_task_group.py for tasks to queue
[2023-11-16T06:19:44.084+0000] {logging_mixin.py:154} INFO - [2023-11-16T06:19:44.084+0000] {dagbag.py:536} INFO - Filling up the DagBag from /home/airflow/.local/lib/python3.8/site-packages/airflow/example_dags/example_task_group.py
[2023-11-16T06:19:44.089+0000] {processor.py:839} INFO - DAG(s) dict_keys(['example_task_group']) retrieved from /home/airflow/.local/lib/python3.8/site-packages/airflow/example_dags/example_task_group.py
[2023-11-16T06:19:44.100+0000] {logging_mixin.py:154} INFO - [2023-11-16T06:19:44.100+0000] {dag.py:2941} INFO - Sync 1 DAGs
[2023-11-16T06:19:44.111+0000] {logging_mixin.py:154} INFO - [2023-11-16T06:19:44.111+0000] {dag.py:3722} INFO - Setting next_dagrun for example_task_group to 2023-11-15T06:19:44.111184+00:00, run_after=2023-11-16T06:19:44.111184+00:00
[2023-11-16T06:19:44.120+0000] {processor.py:179} INFO - Processing /home/airflow/.local/lib/python3.8/site-packages/airflow/example_dags/example_task_group.py took 0.040 seconds
[2023-11-16T06:20:14.388+0000] {processor.py:157} INFO - Started process (PID=284) to work on /home/airflow/.local/lib/python3.8/site-packages/airflow/example_dags/example_task_group.py
[2023-11-16T06:20:14.389+0000] {processor.py:829} INFO - Processing file /home/airflow/.local/lib/python3.8/site-packages/airflow/example_dags/example_task_group.py for tasks to queue
[2023-11-16T06:20:14.390+0000] {logging_mixin.py:154} INFO - [2023-11-16T06:20:14.390+0000] {dagbag.py:536} INFO - Filling up the DagBag from /home/airflow/.local/lib/python3.8/site-packages/airflow/example_dags/example_task_group.py
[2023-11-16T06:20:14.394+0000] {processor.py:839} INFO - DAG(s) dict_keys(['example_task_group']) retrieved from /home/airflow/.local/lib/python3.8/site-packages/airflow/example_dags/example_task_group.py
[2023-11-16T06:20:14.406+0000] {logging_mixin.py:154} INFO - [2023-11-16T06:20:14.406+0000] {dag.py:2941} INFO - Sync 1 DAGs
[2023-11-16T06:20:14.417+0000] {logging_mixin.py:154} INFO - [2023-11-16T06:20:14.417+0000] {dag.py:3722} INFO - Setting next_dagrun for example_task_group to 2023-11-15T06:20:14.417475+00:00, run_after=2023-11-16T06:20:14.417475+00:00
[2023-11-16T06:20:14.427+0000] {processor.py:179} INFO - Processing /home/airflow/.local/lib/python3.8/site-packages/airflow/example_dags/example_task_group.py took 0.040 seconds
[2023-11-16T06:20:45.412+0000] {processor.py:157} INFO - Started process (PID=338) to work on /home/airflow/.local/lib/python3.8/site-packages/airflow/example_dags/example_task_group.py
[2023-11-16T06:20:45.413+0000] {processor.py:829} INFO - Processing file /home/airflow/.local/lib/python3.8/site-packages/airflow/example_dags/example_task_group.py for tasks to queue
[2023-11-16T06:20:45.415+0000] {logging_mixin.py:154} INFO - [2023-11-16T06:20:45.414+0000] {dagbag.py:536} INFO - Filling up the DagBag from /home/airflow/.local/lib/python3.8/site-packages/airflow/example_dags/example_task_group.py
[2023-11-16T06:20:45.419+0000] {processor.py:839} INFO - DAG(s) dict_keys(['example_task_group']) retrieved from /home/airflow/.local/lib/python3.8/site-packages/airflow/example_dags/example_task_group.py
[2023-11-16T06:20:45.434+0000] {logging_mixin.py:154} INFO - [2023-11-16T06:20:45.434+0000] {dag.py:2941} INFO - Sync 1 DAGs
[2023-11-16T06:20:45.453+0000] {logging_mixin.py:154} INFO - [2023-11-16T06:20:45.453+0000] {dag.py:3722} INFO - Setting next_dagrun for example_task_group to 2023-11-15T06:20:45.453439+00:00, run_after=2023-11-16T06:20:45.453439+00:00
[2023-11-16T06:20:45.464+0000] {processor.py:179} INFO - Processing /home/airflow/.local/lib/python3.8/site-packages/airflow/example_dags/example_task_group.py took 0.054 seconds
[2023-11-16T06:21:15.511+0000] {processor.py:157} INFO - Started process (PID=392) to work on /home/airflow/.local/lib/python3.8/site-packages/airflow/example_dags/example_task_group.py
[2023-11-16T06:21:15.512+0000] {processor.py:829} INFO - Processing file /home/airflow/.local/lib/python3.8/site-packages/airflow/example_dags/example_task_group.py for tasks to queue
[2023-11-16T06:21:15.513+0000] {logging_mixin.py:154} INFO - [2023-11-16T06:21:15.513+0000] {dagbag.py:536} INFO - Filling up the DagBag from /home/airflow/.local/lib/python3.8/site-packages/airflow/example_dags/example_task_group.py
[2023-11-16T06:21:15.517+0000] {processor.py:839} INFO - DAG(s) dict_keys(['example_task_group']) retrieved from /home/airflow/.local/lib/python3.8/site-packages/airflow/example_dags/example_task_group.py
[2023-11-16T06:21:15.529+0000] {logging_mixin.py:154} INFO - [2023-11-16T06:21:15.528+0000] {dag.py:2941} INFO - Sync 1 DAGs
[2023-11-16T06:21:15.538+0000] {logging_mixin.py:154} INFO - [2023-11-16T06:21:15.538+0000] {dag.py:3722} INFO - Setting next_dagrun for example_task_group to 2023-11-15T06:21:15.538714+00:00, run_after=2023-11-16T06:21:15.538714+00:00
[2023-11-16T06:21:15.546+0000] {processor.py:179} INFO - Processing /home/airflow/.local/lib/python3.8/site-packages/airflow/example_dags/example_task_group.py took 0.037 seconds
[2023-11-16T06:21:45.659+0000] {processor.py:157} INFO - Started process (PID=446) to work on /home/airflow/.local/lib/python3.8/site-packages/airflow/example_dags/example_task_group.py
[2023-11-16T06:21:45.659+0000] {processor.py:829} INFO - Processing file /home/airflow/.local/lib/python3.8/site-packages/airflow/example_dags/example_task_group.py for tasks to queue
[2023-11-16T06:21:45.661+0000] {logging_mixin.py:154} INFO - [2023-11-16T06:21:45.661+0000] {dagbag.py:536} INFO - Filling up the DagBag from /home/airflow/.local/lib/python3.8/site-packages/airflow/example_dags/example_task_group.py
[2023-11-16T06:21:45.665+0000] {processor.py:839} INFO - DAG(s) dict_keys(['example_task_group']) retrieved from /home/airflow/.local/lib/python3.8/site-packages/airflow/example_dags/example_task_group.py
[2023-11-16T06:21:45.676+0000] {logging_mixin.py:154} INFO - [2023-11-16T06:21:45.676+0000] {dag.py:2941} INFO - Sync 1 DAGs
[2023-11-16T06:21:45.688+0000] {logging_mixin.py:154} INFO - [2023-11-16T06:21:45.688+0000] {dag.py:3722} INFO - Setting next_dagrun for example_task_group to 2023-11-15T06:21:45.688230+00:00, run_after=2023-11-16T06:21:45.688230+00:00
[2023-11-16T06:21:45.697+0000] {processor.py:179} INFO - Processing /home/airflow/.local/lib/python3.8/site-packages/airflow/example_dags/example_task_group.py took 0.040 seconds
[2023-11-16T06:22:15.902+0000] {processor.py:157} INFO - Started process (PID=500) to work on /home/airflow/.local/lib/python3.8/site-packages/airflow/example_dags/example_task_group.py
[2023-11-16T06:22:15.903+0000] {processor.py:829} INFO - Processing file /home/airflow/.local/lib/python3.8/site-packages/airflow/example_dags/example_task_group.py for tasks to queue
[2023-11-16T06:22:15.904+0000] {logging_mixin.py:154} INFO - [2023-11-16T06:22:15.904+0000] {dagbag.py:536} INFO - Filling up the DagBag from /home/airflow/.local/lib/python3.8/site-packages/airflow/example_dags/example_task_group.py
[2023-11-16T06:22:15.908+0000] {processor.py:839} INFO - DAG(s) dict_keys(['example_task_group']) retrieved from /home/airflow/.local/lib/python3.8/site-packages/airflow/example_dags/example_task_group.py
[2023-11-16T06:22:15.920+0000] {logging_mixin.py:154} INFO - [2023-11-16T06:22:15.920+0000] {dag.py:2941} INFO - Sync 1 DAGs
[2023-11-16T06:22:15.931+0000] {logging_mixin.py:154} INFO - [2023-11-16T06:22:15.931+0000] {dag.py:3722} INFO - Setting next_dagrun for example_task_group to 2023-11-15T06:22:15.931104+00:00, run_after=2023-11-16T06:22:15.931104+00:00
[2023-11-16T06:22:15.941+0000] {processor.py:179} INFO - Processing /home/airflow/.local/lib/python3.8/site-packages/airflow/example_dags/example_task_group.py took 0.041 seconds
[2023-11-16T06:22:46.087+0000] {processor.py:157} INFO - Started process (PID=554) to work on /home/airflow/.local/lib/python3.8/site-packages/airflow/example_dags/example_task_group.py
[2023-11-16T06:22:46.088+0000] {processor.py:829} INFO - Processing file /home/airflow/.local/lib/python3.8/site-packages/airflow/example_dags/example_task_group.py for tasks to queue
[2023-11-16T06:22:46.089+0000] {logging_mixin.py:154} INFO - [2023-11-16T06:22:46.089+0000] {dagbag.py:536} INFO - Filling up the DagBag from /home/airflow/.local/lib/python3.8/site-packages/airflow/example_dags/example_task_group.py
[2023-11-16T06:22:46.093+0000] {processor.py:839} INFO - DAG(s) dict_keys(['example_task_group']) retrieved from /home/airflow/.local/lib/python3.8/site-packages/airflow/example_dags/example_task_group.py
[2023-11-16T06:22:46.105+0000] {logging_mixin.py:154} INFO - [2023-11-16T06:22:46.105+0000] {dag.py:2941} INFO - Sync 1 DAGs
[2023-11-16T06:22:46.116+0000] {logging_mixin.py:154} INFO - [2023-11-16T06:22:46.116+0000] {dag.py:3722} INFO - Setting next_dagrun for example_task_group to 2023-11-15T06:22:46.116394+00:00, run_after=2023-11-16T06:22:46.116394+00:00
[2023-11-16T06:22:46.127+0000] {processor.py:179} INFO - Processing /home/airflow/.local/lib/python3.8/site-packages/airflow/example_dags/example_task_group.py took 0.042 seconds
[2023-11-16T06:23:16.478+0000] {processor.py:157} INFO - Started process (PID=608) to work on /home/airflow/.local/lib/python3.8/site-packages/airflow/example_dags/example_task_group.py
[2023-11-16T06:23:16.479+0000] {processor.py:829} INFO - Processing file /home/airflow/.local/lib/python3.8/site-packages/airflow/example_dags/example_task_group.py for tasks to queue
[2023-11-16T06:23:16.480+0000] {logging_mixin.py:154} INFO - [2023-11-16T06:23:16.480+0000] {dagbag.py:536} INFO - Filling up the DagBag from /home/airflow/.local/lib/python3.8/site-packages/airflow/example_dags/example_task_group.py
[2023-11-16T06:23:16.484+0000] {processor.py:839} INFO - DAG(s) dict_keys(['example_task_group']) retrieved from /home/airflow/.local/lib/python3.8/site-packages/airflow/example_dags/example_task_group.py
[2023-11-16T06:23:16.496+0000] {logging_mixin.py:154} INFO - [2023-11-16T06:23:16.496+0000] {dag.py:2941} INFO - Sync 1 DAGs
[2023-11-16T06:23:16.508+0000] {logging_mixin.py:154} INFO - [2023-11-16T06:23:16.507+0000] {dag.py:3722} INFO - Setting next_dagrun for example_task_group to 2023-11-15T06:23:16.507750+00:00, run_after=2023-11-16T06:23:16.507750+00:00
[2023-11-16T06:23:16.517+0000] {processor.py:179} INFO - Processing /home/airflow/.local/lib/python3.8/site-packages/airflow/example_dags/example_task_group.py took 0.041 seconds
[2023-11-16T06:23:46.636+0000] {processor.py:157} INFO - Started process (PID=662) to work on /home/airflow/.local/lib/python3.8/site-packages/airflow/example_dags/example_task_group.py
[2023-11-16T06:23:46.638+0000] {processor.py:829} INFO - Processing file /home/airflow/.local/lib/python3.8/site-packages/airflow/example_dags/example_task_group.py for tasks to queue
[2023-11-16T06:23:46.639+0000] {logging_mixin.py:154} INFO - [2023-11-16T06:23:46.639+0000] {dagbag.py:536} INFO - Filling up the DagBag from /home/airflow/.local/lib/python3.8/site-packages/airflow/example_dags/example_task_group.py
[2023-11-16T06:23:46.644+0000] {processor.py:839} INFO - DAG(s) dict_keys(['example_task_group']) retrieved from /home/airflow/.local/lib/python3.8/site-packages/airflow/example_dags/example_task_group.py
[2023-11-16T06:23:46.656+0000] {logging_mixin.py:154} INFO - [2023-11-16T06:23:46.656+0000] {dag.py:2941} INFO - Sync 1 DAGs
[2023-11-16T06:23:46.668+0000] {logging_mixin.py:154} INFO - [2023-11-16T06:23:46.668+0000] {dag.py:3722} INFO - Setting next_dagrun for example_task_group to 2023-11-15T06:23:46.668091+00:00, run_after=2023-11-16T06:23:46.668091+00:00
[2023-11-16T06:23:46.677+0000] {processor.py:179} INFO - Processing /home/airflow/.local/lib/python3.8/site-packages/airflow/example_dags/example_task_group.py took 0.043 seconds
[2023-11-16T06:24:16.838+0000] {processor.py:157} INFO - Started process (PID=716) to work on /home/airflow/.local/lib/python3.8/site-packages/airflow/example_dags/example_task_group.py
[2023-11-16T06:24:16.839+0000] {processor.py:829} INFO - Processing file /home/airflow/.local/lib/python3.8/site-packages/airflow/example_dags/example_task_group.py for tasks to queue
[2023-11-16T06:24:16.840+0000] {logging_mixin.py:154} INFO - [2023-11-16T06:24:16.840+0000] {dagbag.py:536} INFO - Filling up the DagBag from /home/airflow/.local/lib/python3.8/site-packages/airflow/example_dags/example_task_group.py
[2023-11-16T06:24:16.845+0000] {processor.py:839} INFO - DAG(s) dict_keys(['example_task_group']) retrieved from /home/airflow/.local/lib/python3.8/site-packages/airflow/example_dags/example_task_group.py
[2023-11-16T06:24:16.861+0000] {logging_mixin.py:154} INFO - [2023-11-16T06:24:16.861+0000] {dag.py:2941} INFO - Sync 1 DAGs
[2023-11-16T06:24:16.877+0000] {logging_mixin.py:154} INFO - [2023-11-16T06:24:16.877+0000] {dag.py:3722} INFO - Setting next_dagrun for example_task_group to 2023-11-15T06:24:16.876879+00:00, run_after=2023-11-16T06:24:16.876879+00:00
[2023-11-16T06:24:16.900+0000] {processor.py:179} INFO - Processing /home/airflow/.local/lib/python3.8/site-packages/airflow/example_dags/example_task_group.py took 0.064 seconds
[2023-11-16T06:24:47.013+0000] {processor.py:157} INFO - Started process (PID=770) to work on /home/airflow/.local/lib/python3.8/site-packages/airflow/example_dags/example_task_group.py
[2023-11-16T06:24:47.014+0000] {processor.py:829} INFO - Processing file /home/airflow/.local/lib/python3.8/site-packages/airflow/example_dags/example_task_group.py for tasks to queue
[2023-11-16T06:24:47.016+0000] {logging_mixin.py:154} INFO - [2023-11-16T06:24:47.016+0000] {dagbag.py:536} INFO - Filling up the DagBag from /home/airflow/.local/lib/python3.8/site-packages/airflow/example_dags/example_task_group.py
[2023-11-16T06:24:47.020+0000] {processor.py:839} INFO - DAG(s) dict_keys(['example_task_group']) retrieved from /home/airflow/.local/lib/python3.8/site-packages/airflow/example_dags/example_task_group.py
[2023-11-16T06:24:47.031+0000] {logging_mixin.py:154} INFO - [2023-11-16T06:24:47.031+0000] {dag.py:2941} INFO - Sync 1 DAGs
[2023-11-16T06:24:47.043+0000] {logging_mixin.py:154} INFO - [2023-11-16T06:24:47.043+0000] {dag.py:3722} INFO - Setting next_dagrun for example_task_group to 2023-11-15T06:24:47.043134+00:00, run_after=2023-11-16T06:24:47.043134+00:00
[2023-11-16T06:24:47.051+0000] {processor.py:179} INFO - Processing /home/airflow/.local/lib/python3.8/site-packages/airflow/example_dags/example_task_group.py took 0.040 seconds
[2023-11-16T06:25:17.913+0000] {processor.py:157} INFO - Started process (PID=824) to work on /home/airflow/.local/lib/python3.8/site-packages/airflow/example_dags/example_task_group.py
[2023-11-16T06:25:17.914+0000] {processor.py:829} INFO - Processing file /home/airflow/.local/lib/python3.8/site-packages/airflow/example_dags/example_task_group.py for tasks to queue
[2023-11-16T06:25:17.916+0000] {logging_mixin.py:154} INFO - [2023-11-16T06:25:17.916+0000] {dagbag.py:536} INFO - Filling up the DagBag from /home/airflow/.local/lib/python3.8/site-packages/airflow/example_dags/example_task_group.py
[2023-11-16T06:25:17.920+0000] {processor.py:839} INFO - DAG(s) dict_keys(['example_task_group']) retrieved from /home/airflow/.local/lib/python3.8/site-packages/airflow/example_dags/example_task_group.py
[2023-11-16T06:25:17.934+0000] {logging_mixin.py:154} INFO - [2023-11-16T06:25:17.934+0000] {dag.py:2941} INFO - Sync 1 DAGs
[2023-11-16T06:25:17.947+0000] {logging_mixin.py:154} INFO - [2023-11-16T06:25:17.946+0000] {dag.py:3722} INFO - Setting next_dagrun for example_task_group to 2023-11-15T06:25:17.946761+00:00, run_after=2023-11-16T06:25:17.946761+00:00
[2023-11-16T06:25:18.072+0000] {processor.py:179} INFO - Processing /home/airflow/.local/lib/python3.8/site-packages/airflow/example_dags/example_task_group.py took 0.161 seconds
[2023-11-16T06:25:48.168+0000] {processor.py:157} INFO - Started process (PID=878) to work on /home/airflow/.local/lib/python3.8/site-packages/airflow/example_dags/example_task_group.py
[2023-11-16T06:25:48.169+0000] {processor.py:829} INFO - Processing file /home/airflow/.local/lib/python3.8/site-packages/airflow/example_dags/example_task_group.py for tasks to queue
[2023-11-16T06:25:48.171+0000] {logging_mixin.py:154} INFO - [2023-11-16T06:25:48.170+0000] {dagbag.py:536} INFO - Filling up the DagBag from /home/airflow/.local/lib/python3.8/site-packages/airflow/example_dags/example_task_group.py
[2023-11-16T06:25:48.175+0000] {processor.py:839} INFO - DAG(s) dict_keys(['example_task_group']) retrieved from /home/airflow/.local/lib/python3.8/site-packages/airflow/example_dags/example_task_group.py
[2023-11-16T06:25:48.188+0000] {logging_mixin.py:154} INFO - [2023-11-16T06:25:48.188+0000] {dag.py:2941} INFO - Sync 1 DAGs
[2023-11-16T06:25:48.201+0000] {logging_mixin.py:154} INFO - [2023-11-16T06:25:48.200+0000] {dag.py:3722} INFO - Setting next_dagrun for example_task_group to 2023-11-15T06:25:48.200746+00:00, run_after=2023-11-16T06:25:48.200746+00:00
[2023-11-16T06:25:48.211+0000] {processor.py:179} INFO - Processing /home/airflow/.local/lib/python3.8/site-packages/airflow/example_dags/example_task_group.py took 0.046 seconds
[2023-11-16T06:26:18.728+0000] {processor.py:157} INFO - Started process (PID=932) to work on /home/airflow/.local/lib/python3.8/site-packages/airflow/example_dags/example_task_group.py
[2023-11-16T06:26:18.729+0000] {processor.py:829} INFO - Processing file /home/airflow/.local/lib/python3.8/site-packages/airflow/example_dags/example_task_group.py for tasks to queue
[2023-11-16T06:26:18.731+0000] {logging_mixin.py:154} INFO - [2023-11-16T06:26:18.731+0000] {dagbag.py:536} INFO - Filling up the DagBag from /home/airflow/.local/lib/python3.8/site-packages/airflow/example_dags/example_task_group.py
[2023-11-16T06:26:18.735+0000] {processor.py:839} INFO - DAG(s) dict_keys(['example_task_group']) retrieved from /home/airflow/.local/lib/python3.8/site-packages/airflow/example_dags/example_task_group.py
[2023-11-16T06:26:18.748+0000] {logging_mixin.py:154} INFO - [2023-11-16T06:26:18.748+0000] {dag.py:2941} INFO - Sync 1 DAGs
[2023-11-16T06:26:18.762+0000] {logging_mixin.py:154} INFO - [2023-11-16T06:26:18.761+0000] {dag.py:3722} INFO - Setting next_dagrun for example_task_group to 2023-11-15T06:26:18.761703+00:00, run_after=2023-11-16T06:26:18.761703+00:00
[2023-11-16T06:26:18.772+0000] {processor.py:179} INFO - Processing /home/airflow/.local/lib/python3.8/site-packages/airflow/example_dags/example_task_group.py took 0.046 seconds
[2023-11-16T06:26:49.701+0000] {processor.py:157} INFO - Started process (PID=986) to work on /home/airflow/.local/lib/python3.8/site-packages/airflow/example_dags/example_task_group.py
[2023-11-16T06:26:49.702+0000] {processor.py:829} INFO - Processing file /home/airflow/.local/lib/python3.8/site-packages/airflow/example_dags/example_task_group.py for tasks to queue
[2023-11-16T06:26:49.705+0000] {logging_mixin.py:154} INFO - [2023-11-16T06:26:49.704+0000] {dagbag.py:536} INFO - Filling up the DagBag from /home/airflow/.local/lib/python3.8/site-packages/airflow/example_dags/example_task_group.py
[2023-11-16T06:26:49.711+0000] {processor.py:839} INFO - DAG(s) dict_keys(['example_task_group']) retrieved from /home/airflow/.local/lib/python3.8/site-packages/airflow/example_dags/example_task_group.py
[2023-11-16T06:26:49.756+0000] {logging_mixin.py:154} INFO - [2023-11-16T06:26:49.756+0000] {dag.py:2941} INFO - Sync 1 DAGs
[2023-11-16T06:26:49.772+0000] {logging_mixin.py:154} INFO - [2023-11-16T06:26:49.772+0000] {dag.py:3722} INFO - Setting next_dagrun for example_task_group to 2023-11-15T06:26:49.772088+00:00, run_after=2023-11-16T06:26:49.772088+00:00
[2023-11-16T06:26:49.809+0000] {processor.py:179} INFO - Processing /home/airflow/.local/lib/python3.8/site-packages/airflow/example_dags/example_task_group.py took 0.111 seconds
[2023-11-16T06:27:20.452+0000] {processor.py:157} INFO - Started process (PID=1040) to work on /home/airflow/.local/lib/python3.8/site-packages/airflow/example_dags/example_task_group.py
[2023-11-16T06:27:20.453+0000] {processor.py:829} INFO - Processing file /home/airflow/.local/lib/python3.8/site-packages/airflow/example_dags/example_task_group.py for tasks to queue
[2023-11-16T06:27:20.454+0000] {logging_mixin.py:154} INFO - [2023-11-16T06:27:20.454+0000] {dagbag.py:536} INFO - Filling up the DagBag from /home/airflow/.local/lib/python3.8/site-packages/airflow/example_dags/example_task_group.py
[2023-11-16T06:27:20.458+0000] {processor.py:839} INFO - DAG(s) dict_keys(['example_task_group']) retrieved from /home/airflow/.local/lib/python3.8/site-packages/airflow/example_dags/example_task_group.py
[2023-11-16T06:27:20.470+0000] {logging_mixin.py:154} INFO - [2023-11-16T06:27:20.470+0000] {dag.py:2941} INFO - Sync 1 DAGs
[2023-11-16T06:27:20.481+0000] {logging_mixin.py:154} INFO - [2023-11-16T06:27:20.481+0000] {dag.py:3722} INFO - Setting next_dagrun for example_task_group to 2023-11-15T06:27:20.481017+00:00, run_after=2023-11-16T06:27:20.481017+00:00
[2023-11-16T06:27:20.491+0000] {processor.py:179} INFO - Processing /home/airflow/.local/lib/python3.8/site-packages/airflow/example_dags/example_task_group.py took 0.041 seconds
[2023-11-16T06:27:51.682+0000] {processor.py:157} INFO - Started process (PID=1094) to work on /home/airflow/.local/lib/python3.8/site-packages/airflow/example_dags/example_task_group.py
[2023-11-16T06:27:51.683+0000] {processor.py:829} INFO - Processing file /home/airflow/.local/lib/python3.8/site-packages/airflow/example_dags/example_task_group.py for tasks to queue
[2023-11-16T06:27:51.684+0000] {logging_mixin.py:154} INFO - [2023-11-16T06:27:51.684+0000] {dagbag.py:536} INFO - Filling up the DagBag from /home/airflow/.local/lib/python3.8/site-packages/airflow/example_dags/example_task_group.py
[2023-11-16T06:27:51.689+0000] {processor.py:839} INFO - DAG(s) dict_keys(['example_task_group']) retrieved from /home/airflow/.local/lib/python3.8/site-packages/airflow/example_dags/example_task_group.py
[2023-11-16T06:27:51.701+0000] {logging_mixin.py:154} INFO - [2023-11-16T06:27:51.700+0000] {dag.py:2941} INFO - Sync 1 DAGs
[2023-11-16T06:27:51.802+0000] {logging_mixin.py:154} INFO - [2023-11-16T06:27:51.801+0000] {dag.py:3722} INFO - Setting next_dagrun for example_task_group to 2023-11-15T06:27:51.801778+00:00, run_after=2023-11-16T06:27:51.801778+00:00
[2023-11-16T06:27:51.811+0000] {processor.py:179} INFO - Processing /home/airflow/.local/lib/python3.8/site-packages/airflow/example_dags/example_task_group.py took 0.131 seconds
[2023-11-16T06:28:22.941+0000] {processor.py:157} INFO - Started process (PID=1148) to work on /home/airflow/.local/lib/python3.8/site-packages/airflow/example_dags/example_task_group.py
[2023-11-16T06:28:22.942+0000] {processor.py:829} INFO - Processing file /home/airflow/.local/lib/python3.8/site-packages/airflow/example_dags/example_task_group.py for tasks to queue
[2023-11-16T06:28:22.944+0000] {logging_mixin.py:154} INFO - [2023-11-16T06:28:22.944+0000] {dagbag.py:536} INFO - Filling up the DagBag from /home/airflow/.local/lib/python3.8/site-packages/airflow/example_dags/example_task_group.py
[2023-11-16T06:28:22.948+0000] {processor.py:839} INFO - DAG(s) dict_keys(['example_task_group']) retrieved from /home/airflow/.local/lib/python3.8/site-packages/airflow/example_dags/example_task_group.py
[2023-11-16T06:28:22.961+0000] {logging_mixin.py:154} INFO - [2023-11-16T06:28:22.961+0000] {dag.py:2941} INFO - Sync 1 DAGs
[2023-11-16T06:28:22.972+0000] {logging_mixin.py:154} INFO - [2023-11-16T06:28:22.972+0000] {dag.py:3722} INFO - Setting next_dagrun for example_task_group to 2023-11-15T06:28:22.972736+00:00, run_after=2023-11-16T06:28:22.972736+00:00
[2023-11-16T06:28:23.074+0000] {processor.py:179} INFO - Processing /home/airflow/.local/lib/python3.8/site-packages/airflow/example_dags/example_task_group.py took 0.135 seconds
[2023-11-16T06:28:53.836+0000] {processor.py:157} INFO - Started process (PID=1202) to work on /home/airflow/.local/lib/python3.8/site-packages/airflow/example_dags/example_task_group.py
[2023-11-16T06:28:53.837+0000] {processor.py:829} INFO - Processing file /home/airflow/.local/lib/python3.8/site-packages/airflow/example_dags/example_task_group.py for tasks to queue
[2023-11-16T06:28:53.838+0000] {logging_mixin.py:154} INFO - [2023-11-16T06:28:53.838+0000] {dagbag.py:536} INFO - Filling up the DagBag from /home/airflow/.local/lib/python3.8/site-packages/airflow/example_dags/example_task_group.py
[2023-11-16T06:28:53.842+0000] {processor.py:839} INFO - DAG(s) dict_keys(['example_task_group']) retrieved from /home/airflow/.local/lib/python3.8/site-packages/airflow/example_dags/example_task_group.py
[2023-11-16T06:28:53.854+0000] {logging_mixin.py:154} INFO - [2023-11-16T06:28:53.854+0000] {dag.py:2941} INFO - Sync 1 DAGs
[2023-11-16T06:28:53.865+0000] {logging_mixin.py:154} INFO - [2023-11-16T06:28:53.865+0000] {dag.py:3722} INFO - Setting next_dagrun for example_task_group to 2023-11-15T06:28:53.865400+00:00, run_after=2023-11-16T06:28:53.865400+00:00
[2023-11-16T06:28:53.873+0000] {processor.py:179} INFO - Processing /home/airflow/.local/lib/python3.8/site-packages/airflow/example_dags/example_task_group.py took 0.040 seconds
[2023-11-16T06:29:24.114+0000] {processor.py:157} INFO - Started process (PID=1256) to work on /home/airflow/.local/lib/python3.8/site-packages/airflow/example_dags/example_task_group.py
[2023-11-16T06:29:24.115+0000] {processor.py:829} INFO - Processing file /home/airflow/.local/lib/python3.8/site-packages/airflow/example_dags/example_task_group.py for tasks to queue
[2023-11-16T06:29:24.117+0000] {logging_mixin.py:154} INFO - [2023-11-16T06:29:24.117+0000] {dagbag.py:536} INFO - Filling up the DagBag from /home/airflow/.local/lib/python3.8/site-packages/airflow/example_dags/example_task_group.py
[2023-11-16T06:29:24.121+0000] {processor.py:839} INFO - DAG(s) dict_keys(['example_task_group']) retrieved from /home/airflow/.local/lib/python3.8/site-packages/airflow/example_dags/example_task_group.py
[2023-11-16T06:29:24.135+0000] {logging_mixin.py:154} INFO - [2023-11-16T06:29:24.135+0000] {dag.py:2941} INFO - Sync 1 DAGs
[2023-11-16T06:29:24.148+0000] {logging_mixin.py:154} INFO - [2023-11-16T06:29:24.148+0000] {dag.py:3722} INFO - Setting next_dagrun for example_task_group to 2023-11-15T06:29:24.148106+00:00, run_after=2023-11-16T06:29:24.148106+00:00
[2023-11-16T06:29:24.156+0000] {processor.py:179} INFO - Processing /home/airflow/.local/lib/python3.8/site-packages/airflow/example_dags/example_task_group.py took 0.044 seconds
[2023-11-16T06:29:55.366+0000] {processor.py:157} INFO - Started process (PID=1310) to work on /home/airflow/.local/lib/python3.8/site-packages/airflow/example_dags/example_task_group.py
[2023-11-16T06:29:55.367+0000] {processor.py:829} INFO - Processing file /home/airflow/.local/lib/python3.8/site-packages/airflow/example_dags/example_task_group.py for tasks to queue
[2023-11-16T06:29:55.368+0000] {logging_mixin.py:154} INFO - [2023-11-16T06:29:55.368+0000] {dagbag.py:536} INFO - Filling up the DagBag from /home/airflow/.local/lib/python3.8/site-packages/airflow/example_dags/example_task_group.py
[2023-11-16T06:29:55.372+0000] {processor.py:839} INFO - DAG(s) dict_keys(['example_task_group']) retrieved from /home/airflow/.local/lib/python3.8/site-packages/airflow/example_dags/example_task_group.py
[2023-11-16T06:29:55.464+0000] {logging_mixin.py:154} INFO - [2023-11-16T06:29:55.464+0000] {dag.py:2941} INFO - Sync 1 DAGs
[2023-11-16T06:29:55.473+0000] {logging_mixin.py:154} INFO - [2023-11-16T06:29:55.472+0000] {dag.py:3722} INFO - Setting next_dagrun for example_task_group to 2023-11-15T06:29:55.472863+00:00, run_after=2023-11-16T06:29:55.472863+00:00
[2023-11-16T06:29:55.480+0000] {processor.py:179} INFO - Processing /home/airflow/.local/lib/python3.8/site-packages/airflow/example_dags/example_task_group.py took 0.116 seconds
[2023-11-16T06:30:26.071+0000] {processor.py:157} INFO - Started process (PID=1364) to work on /home/airflow/.local/lib/python3.8/site-packages/airflow/example_dags/example_task_group.py
[2023-11-16T06:30:26.072+0000] {processor.py:829} INFO - Processing file /home/airflow/.local/lib/python3.8/site-packages/airflow/example_dags/example_task_group.py for tasks to queue
[2023-11-16T06:30:26.073+0000] {logging_mixin.py:154} INFO - [2023-11-16T06:30:26.073+0000] {dagbag.py:536} INFO - Filling up the DagBag from /home/airflow/.local/lib/python3.8/site-packages/airflow/example_dags/example_task_group.py
[2023-11-16T06:30:26.077+0000] {processor.py:839} INFO - DAG(s) dict_keys(['example_task_group']) retrieved from /home/airflow/.local/lib/python3.8/site-packages/airflow/example_dags/example_task_group.py
[2023-11-16T06:30:26.088+0000] {logging_mixin.py:154} INFO - [2023-11-16T06:30:26.088+0000] {dag.py:2941} INFO - Sync 1 DAGs
[2023-11-16T06:30:26.098+0000] {logging_mixin.py:154} INFO - [2023-11-16T06:30:26.098+0000] {dag.py:3722} INFO - Setting next_dagrun for example_task_group to 2023-11-15T06:30:26.098248+00:00, run_after=2023-11-16T06:30:26.098248+00:00
[2023-11-16T06:30:26.106+0000] {processor.py:179} INFO - Processing /home/airflow/.local/lib/python3.8/site-packages/airflow/example_dags/example_task_group.py took 0.037 seconds
[2023-11-16T06:30:57.081+0000] {processor.py:157} INFO - Started process (PID=1418) to work on /home/airflow/.local/lib/python3.8/site-packages/airflow/example_dags/example_task_group.py
[2023-11-16T06:30:57.082+0000] {processor.py:829} INFO - Processing file /home/airflow/.local/lib/python3.8/site-packages/airflow/example_dags/example_task_group.py for tasks to queue
[2023-11-16T06:30:57.084+0000] {logging_mixin.py:154} INFO - [2023-11-16T06:30:57.084+0000] {dagbag.py:536} INFO - Filling up the DagBag from /home/airflow/.local/lib/python3.8/site-packages/airflow/example_dags/example_task_group.py
[2023-11-16T06:30:57.091+0000] {processor.py:839} INFO - DAG(s) dict_keys(['example_task_group']) retrieved from /home/airflow/.local/lib/python3.8/site-packages/airflow/example_dags/example_task_group.py
[2023-11-16T06:30:57.105+0000] {logging_mixin.py:154} INFO - [2023-11-16T06:30:57.105+0000] {dag.py:2941} INFO - Sync 1 DAGs
[2023-11-16T06:30:57.116+0000] {logging_mixin.py:154} INFO - [2023-11-16T06:30:57.116+0000] {dag.py:3722} INFO - Setting next_dagrun for example_task_group to 2023-11-15T06:30:57.115903+00:00, run_after=2023-11-16T06:30:57.115903+00:00
[2023-11-16T06:30:57.124+0000] {processor.py:179} INFO - Processing /home/airflow/.local/lib/python3.8/site-packages/airflow/example_dags/example_task_group.py took 0.047 seconds
[2023-11-16T06:31:28.729+0000] {processor.py:157} INFO - Started process (PID=1472) to work on /home/airflow/.local/lib/python3.8/site-packages/airflow/example_dags/example_task_group.py
[2023-11-16T06:31:28.734+0000] {processor.py:829} INFO - Processing file /home/airflow/.local/lib/python3.8/site-packages/airflow/example_dags/example_task_group.py for tasks to queue
[2023-11-16T06:31:28.744+0000] {logging_mixin.py:154} INFO - [2023-11-16T06:31:28.742+0000] {dagbag.py:536} INFO - Filling up the DagBag from /home/airflow/.local/lib/python3.8/site-packages/airflow/example_dags/example_task_group.py
[2023-11-16T06:31:28.779+0000] {processor.py:839} INFO - DAG(s) dict_keys(['example_task_group']) retrieved from /home/airflow/.local/lib/python3.8/site-packages/airflow/example_dags/example_task_group.py
[2023-11-16T06:31:30.327+0000] {logging_mixin.py:154} INFO - [2023-11-16T06:31:30.325+0000] {process_utils.py:259} INFO - Waiting up to 5 seconds for processes to exit...
[2023-11-16T06:42:48.144+0000] {processor.py:157} INFO - Started process (PID=68) to work on /home/airflow/.local/lib/python3.8/site-packages/airflow/example_dags/example_task_group.py
[2023-11-16T06:42:48.145+0000] {processor.py:829} INFO - Processing file /home/airflow/.local/lib/python3.8/site-packages/airflow/example_dags/example_task_group.py for tasks to queue
[2023-11-16T06:42:48.147+0000] {logging_mixin.py:154} INFO - [2023-11-16T06:42:48.146+0000] {dagbag.py:536} INFO - Filling up the DagBag from /home/airflow/.local/lib/python3.8/site-packages/airflow/example_dags/example_task_group.py
[2023-11-16T06:42:48.153+0000] {processor.py:839} INFO - DAG(s) dict_keys(['example_task_group']) retrieved from /home/airflow/.local/lib/python3.8/site-packages/airflow/example_dags/example_task_group.py
[2023-11-16T06:42:48.167+0000] {logging_mixin.py:154} INFO - [2023-11-16T06:42:48.167+0000] {dag.py:2941} INFO - Sync 1 DAGs
[2023-11-16T06:42:48.200+0000] {logging_mixin.py:154} INFO - [2023-11-16T06:42:48.200+0000] {dag.py:3722} INFO - Setting next_dagrun for example_task_group to 2023-11-15T06:42:48.200180+00:00, run_after=2023-11-16T06:42:48.200180+00:00
[2023-11-16T06:42:48.225+0000] {processor.py:179} INFO - Processing /home/airflow/.local/lib/python3.8/site-packages/airflow/example_dags/example_task_group.py took 0.084 seconds
[2023-11-16T06:43:18.531+0000] {processor.py:157} INFO - Started process (PID=122) to work on /home/airflow/.local/lib/python3.8/site-packages/airflow/example_dags/example_task_group.py
[2023-11-16T06:43:18.531+0000] {processor.py:829} INFO - Processing file /home/airflow/.local/lib/python3.8/site-packages/airflow/example_dags/example_task_group.py for tasks to queue
[2023-11-16T06:43:18.533+0000] {logging_mixin.py:154} INFO - [2023-11-16T06:43:18.533+0000] {dagbag.py:536} INFO - Filling up the DagBag from /home/airflow/.local/lib/python3.8/site-packages/airflow/example_dags/example_task_group.py
[2023-11-16T06:43:18.537+0000] {processor.py:839} INFO - DAG(s) dict_keys(['example_task_group']) retrieved from /home/airflow/.local/lib/python3.8/site-packages/airflow/example_dags/example_task_group.py
[2023-11-16T06:43:18.550+0000] {logging_mixin.py:154} INFO - [2023-11-16T06:43:18.550+0000] {dag.py:2941} INFO - Sync 1 DAGs
[2023-11-16T06:43:18.562+0000] {logging_mixin.py:154} INFO - [2023-11-16T06:43:18.562+0000] {dag.py:3722} INFO - Setting next_dagrun for example_task_group to 2023-11-15T06:43:18.561957+00:00, run_after=2023-11-16T06:43:18.561957+00:00
[2023-11-16T06:43:18.571+0000] {processor.py:179} INFO - Processing /home/airflow/.local/lib/python3.8/site-packages/airflow/example_dags/example_task_group.py took 0.043 seconds
[2023-11-16T06:43:48.851+0000] {processor.py:157} INFO - Started process (PID=176) to work on /home/airflow/.local/lib/python3.8/site-packages/airflow/example_dags/example_task_group.py
[2023-11-16T06:43:48.852+0000] {processor.py:829} INFO - Processing file /home/airflow/.local/lib/python3.8/site-packages/airflow/example_dags/example_task_group.py for tasks to queue
[2023-11-16T06:43:48.853+0000] {logging_mixin.py:154} INFO - [2023-11-16T06:43:48.853+0000] {dagbag.py:536} INFO - Filling up the DagBag from /home/airflow/.local/lib/python3.8/site-packages/airflow/example_dags/example_task_group.py
[2023-11-16T06:43:48.857+0000] {processor.py:839} INFO - DAG(s) dict_keys(['example_task_group']) retrieved from /home/airflow/.local/lib/python3.8/site-packages/airflow/example_dags/example_task_group.py
[2023-11-16T06:43:48.871+0000] {logging_mixin.py:154} INFO - [2023-11-16T06:43:48.870+0000] {dag.py:2941} INFO - Sync 1 DAGs
[2023-11-16T06:43:48.882+0000] {logging_mixin.py:154} INFO - [2023-11-16T06:43:48.882+0000] {dag.py:3722} INFO - Setting next_dagrun for example_task_group to 2023-11-15T06:43:48.882476+00:00, run_after=2023-11-16T06:43:48.882476+00:00
[2023-11-16T06:43:48.891+0000] {processor.py:179} INFO - Processing /home/airflow/.local/lib/python3.8/site-packages/airflow/example_dags/example_task_group.py took 0.042 seconds
[2023-11-16T06:44:19.716+0000] {processor.py:157} INFO - Started process (PID=230) to work on /home/airflow/.local/lib/python3.8/site-packages/airflow/example_dags/example_task_group.py
[2023-11-16T06:44:19.716+0000] {processor.py:829} INFO - Processing file /home/airflow/.local/lib/python3.8/site-packages/airflow/example_dags/example_task_group.py for tasks to queue
[2023-11-16T06:44:19.718+0000] {logging_mixin.py:154} INFO - [2023-11-16T06:44:19.717+0000] {dagbag.py:536} INFO - Filling up the DagBag from /home/airflow/.local/lib/python3.8/site-packages/airflow/example_dags/example_task_group.py
[2023-11-16T06:44:19.722+0000] {processor.py:839} INFO - DAG(s) dict_keys(['example_task_group']) retrieved from /home/airflow/.local/lib/python3.8/site-packages/airflow/example_dags/example_task_group.py
[2023-11-16T06:44:19.734+0000] {logging_mixin.py:154} INFO - [2023-11-16T06:44:19.734+0000] {dag.py:2941} INFO - Sync 1 DAGs
[2023-11-16T06:44:19.745+0000] {logging_mixin.py:154} INFO - [2023-11-16T06:44:19.745+0000] {dag.py:3722} INFO - Setting next_dagrun for example_task_group to 2023-11-15T06:44:19.745262+00:00, run_after=2023-11-16T06:44:19.745262+00:00
[2023-11-16T06:44:19.753+0000] {processor.py:179} INFO - Processing /home/airflow/.local/lib/python3.8/site-packages/airflow/example_dags/example_task_group.py took 0.040 seconds
[2023-11-16T06:44:50.544+0000] {processor.py:157} INFO - Started process (PID=285) to work on /home/airflow/.local/lib/python3.8/site-packages/airflow/example_dags/example_task_group.py
[2023-11-16T06:44:50.544+0000] {processor.py:829} INFO - Processing file /home/airflow/.local/lib/python3.8/site-packages/airflow/example_dags/example_task_group.py for tasks to queue
[2023-11-16T06:44:50.546+0000] {logging_mixin.py:154} INFO - [2023-11-16T06:44:50.545+0000] {dagbag.py:536} INFO - Filling up the DagBag from /home/airflow/.local/lib/python3.8/site-packages/airflow/example_dags/example_task_group.py
[2023-11-16T06:44:50.550+0000] {processor.py:839} INFO - DAG(s) dict_keys(['example_task_group']) retrieved from /home/airflow/.local/lib/python3.8/site-packages/airflow/example_dags/example_task_group.py
[2023-11-16T06:44:50.562+0000] {logging_mixin.py:154} INFO - [2023-11-16T06:44:50.562+0000] {dag.py:2941} INFO - Sync 1 DAGs
[2023-11-16T06:44:50.573+0000] {logging_mixin.py:154} INFO - [2023-11-16T06:44:50.573+0000] {dag.py:3722} INFO - Setting next_dagrun for example_task_group to 2023-11-15T06:44:50.573582+00:00, run_after=2023-11-16T06:44:50.573582+00:00
[2023-11-16T06:44:50.582+0000] {processor.py:179} INFO - Processing /home/airflow/.local/lib/python3.8/site-packages/airflow/example_dags/example_task_group.py took 0.041 seconds
[2023-11-16T06:45:20.721+0000] {processor.py:157} INFO - Started process (PID=339) to work on /home/airflow/.local/lib/python3.8/site-packages/airflow/example_dags/example_task_group.py
[2023-11-16T06:45:20.722+0000] {processor.py:829} INFO - Processing file /home/airflow/.local/lib/python3.8/site-packages/airflow/example_dags/example_task_group.py for tasks to queue
[2023-11-16T06:45:20.723+0000] {logging_mixin.py:154} INFO - [2023-11-16T06:45:20.723+0000] {dagbag.py:536} INFO - Filling up the DagBag from /home/airflow/.local/lib/python3.8/site-packages/airflow/example_dags/example_task_group.py
[2023-11-16T06:45:20.727+0000] {processor.py:839} INFO - DAG(s) dict_keys(['example_task_group']) retrieved from /home/airflow/.local/lib/python3.8/site-packages/airflow/example_dags/example_task_group.py
[2023-11-16T06:45:20.740+0000] {logging_mixin.py:154} INFO - [2023-11-16T06:45:20.739+0000] {dag.py:2941} INFO - Sync 1 DAGs
[2023-11-16T06:45:20.751+0000] {logging_mixin.py:154} INFO - [2023-11-16T06:45:20.751+0000] {dag.py:3722} INFO - Setting next_dagrun for example_task_group to 2023-11-15T06:45:20.751643+00:00, run_after=2023-11-16T06:45:20.751643+00:00
[2023-11-16T06:45:20.760+0000] {processor.py:179} INFO - Processing /home/airflow/.local/lib/python3.8/site-packages/airflow/example_dags/example_task_group.py took 0.040 seconds
[2023-11-16T06:45:51.018+0000] {processor.py:157} INFO - Started process (PID=393) to work on /home/airflow/.local/lib/python3.8/site-packages/airflow/example_dags/example_task_group.py
[2023-11-16T06:45:51.019+0000] {processor.py:829} INFO - Processing file /home/airflow/.local/lib/python3.8/site-packages/airflow/example_dags/example_task_group.py for tasks to queue
[2023-11-16T06:45:51.020+0000] {logging_mixin.py:154} INFO - [2023-11-16T06:45:51.020+0000] {dagbag.py:536} INFO - Filling up the DagBag from /home/airflow/.local/lib/python3.8/site-packages/airflow/example_dags/example_task_group.py
[2023-11-16T06:45:51.025+0000] {processor.py:839} INFO - DAG(s) dict_keys(['example_task_group']) retrieved from /home/airflow/.local/lib/python3.8/site-packages/airflow/example_dags/example_task_group.py
[2023-11-16T06:45:51.038+0000] {logging_mixin.py:154} INFO - [2023-11-16T06:45:51.038+0000] {dag.py:2941} INFO - Sync 1 DAGs
[2023-11-16T06:45:51.054+0000] {logging_mixin.py:154} INFO - [2023-11-16T06:45:51.054+0000] {dag.py:3722} INFO - Setting next_dagrun for example_task_group to 2023-11-15T06:45:51.054073+00:00, run_after=2023-11-16T06:45:51.054073+00:00
[2023-11-16T06:45:51.064+0000] {processor.py:179} INFO - Processing /home/airflow/.local/lib/python3.8/site-packages/airflow/example_dags/example_task_group.py took 0.047 seconds
[2023-11-16T06:46:21.286+0000] {processor.py:157} INFO - Started process (PID=447) to work on /home/airflow/.local/lib/python3.8/site-packages/airflow/example_dags/example_task_group.py
[2023-11-16T06:46:21.287+0000] {processor.py:829} INFO - Processing file /home/airflow/.local/lib/python3.8/site-packages/airflow/example_dags/example_task_group.py for tasks to queue
[2023-11-16T06:46:21.288+0000] {logging_mixin.py:154} INFO - [2023-11-16T06:46:21.288+0000] {dagbag.py:536} INFO - Filling up the DagBag from /home/airflow/.local/lib/python3.8/site-packages/airflow/example_dags/example_task_group.py
[2023-11-16T06:46:21.293+0000] {processor.py:839} INFO - DAG(s) dict_keys(['example_task_group']) retrieved from /home/airflow/.local/lib/python3.8/site-packages/airflow/example_dags/example_task_group.py
[2023-11-16T06:46:21.305+0000] {logging_mixin.py:154} INFO - [2023-11-16T06:46:21.305+0000] {dag.py:2941} INFO - Sync 1 DAGs
[2023-11-16T06:46:21.316+0000] {logging_mixin.py:154} INFO - [2023-11-16T06:46:21.315+0000] {dag.py:3722} INFO - Setting next_dagrun for example_task_group to 2023-11-15T06:46:21.315808+00:00, run_after=2023-11-16T06:46:21.315808+00:00
[2023-11-16T06:46:21.324+0000] {processor.py:179} INFO - Processing /home/airflow/.local/lib/python3.8/site-packages/airflow/example_dags/example_task_group.py took 0.040 seconds
[2023-11-16T06:46:51.423+0000] {processor.py:157} INFO - Started process (PID=501) to work on /home/airflow/.local/lib/python3.8/site-packages/airflow/example_dags/example_task_group.py
[2023-11-16T06:46:51.423+0000] {processor.py:829} INFO - Processing file /home/airflow/.local/lib/python3.8/site-packages/airflow/example_dags/example_task_group.py for tasks to queue
[2023-11-16T06:46:51.425+0000] {logging_mixin.py:154} INFO - [2023-11-16T06:46:51.425+0000] {dagbag.py:536} INFO - Filling up the DagBag from /home/airflow/.local/lib/python3.8/site-packages/airflow/example_dags/example_task_group.py
[2023-11-16T06:46:51.429+0000] {processor.py:839} INFO - DAG(s) dict_keys(['example_task_group']) retrieved from /home/airflow/.local/lib/python3.8/site-packages/airflow/example_dags/example_task_group.py
[2023-11-16T06:46:51.441+0000] {logging_mixin.py:154} INFO - [2023-11-16T06:46:51.441+0000] {dag.py:2941} INFO - Sync 1 DAGs
[2023-11-16T06:46:51.452+0000] {logging_mixin.py:154} INFO - [2023-11-16T06:46:51.452+0000] {dag.py:3722} INFO - Setting next_dagrun for example_task_group to 2023-11-15T06:46:51.452163+00:00, run_after=2023-11-16T06:46:51.452163+00:00
[2023-11-16T06:46:51.461+0000] {processor.py:179} INFO - Processing /home/airflow/.local/lib/python3.8/site-packages/airflow/example_dags/example_task_group.py took 0.040 seconds
[2023-11-16T06:47:21.791+0000] {processor.py:157} INFO - Started process (PID=556) to work on /home/airflow/.local/lib/python3.8/site-packages/airflow/example_dags/example_task_group.py
[2023-11-16T06:47:21.792+0000] {processor.py:829} INFO - Processing file /home/airflow/.local/lib/python3.8/site-packages/airflow/example_dags/example_task_group.py for tasks to queue
[2023-11-16T06:47:21.793+0000] {logging_mixin.py:154} INFO - [2023-11-16T06:47:21.793+0000] {dagbag.py:536} INFO - Filling up the DagBag from /home/airflow/.local/lib/python3.8/site-packages/airflow/example_dags/example_task_group.py
[2023-11-16T06:47:21.798+0000] {processor.py:839} INFO - DAG(s) dict_keys(['example_task_group']) retrieved from /home/airflow/.local/lib/python3.8/site-packages/airflow/example_dags/example_task_group.py
[2023-11-16T06:47:21.810+0000] {logging_mixin.py:154} INFO - [2023-11-16T06:47:21.810+0000] {dag.py:2941} INFO - Sync 1 DAGs
[2023-11-16T06:47:21.821+0000] {logging_mixin.py:154} INFO - [2023-11-16T06:47:21.821+0000] {dag.py:3722} INFO - Setting next_dagrun for example_task_group to 2023-11-15T06:47:21.821251+00:00, run_after=2023-11-16T06:47:21.821251+00:00
[2023-11-16T06:47:21.830+0000] {processor.py:179} INFO - Processing /home/airflow/.local/lib/python3.8/site-packages/airflow/example_dags/example_task_group.py took 0.040 seconds
[2023-11-16T06:47:52.140+0000] {processor.py:157} INFO - Started process (PID=610) to work on /home/airflow/.local/lib/python3.8/site-packages/airflow/example_dags/example_task_group.py
[2023-11-16T06:47:52.141+0000] {processor.py:829} INFO - Processing file /home/airflow/.local/lib/python3.8/site-packages/airflow/example_dags/example_task_group.py for tasks to queue
[2023-11-16T06:47:52.143+0000] {logging_mixin.py:154} INFO - [2023-11-16T06:47:52.143+0000] {dagbag.py:536} INFO - Filling up the DagBag from /home/airflow/.local/lib/python3.8/site-packages/airflow/example_dags/example_task_group.py
[2023-11-16T06:47:52.149+0000] {processor.py:839} INFO - DAG(s) dict_keys(['example_task_group']) retrieved from /home/airflow/.local/lib/python3.8/site-packages/airflow/example_dags/example_task_group.py
[2023-11-16T06:47:52.165+0000] {logging_mixin.py:154} INFO - [2023-11-16T06:47:52.164+0000] {dag.py:2941} INFO - Sync 1 DAGs
[2023-11-16T06:47:52.183+0000] {logging_mixin.py:154} INFO - [2023-11-16T06:47:52.183+0000] {dag.py:3722} INFO - Setting next_dagrun for example_task_group to 2023-11-15T06:47:52.183174+00:00, run_after=2023-11-16T06:47:52.183174+00:00
[2023-11-16T06:47:52.195+0000] {processor.py:179} INFO - Processing /home/airflow/.local/lib/python3.8/site-packages/airflow/example_dags/example_task_group.py took 0.057 seconds
[2023-11-16T06:48:23.219+0000] {processor.py:157} INFO - Started process (PID=664) to work on /home/airflow/.local/lib/python3.8/site-packages/airflow/example_dags/example_task_group.py
[2023-11-16T06:48:23.220+0000] {processor.py:829} INFO - Processing file /home/airflow/.local/lib/python3.8/site-packages/airflow/example_dags/example_task_group.py for tasks to queue
[2023-11-16T06:48:23.222+0000] {logging_mixin.py:154} INFO - [2023-11-16T06:48:23.221+0000] {dagbag.py:536} INFO - Filling up the DagBag from /home/airflow/.local/lib/python3.8/site-packages/airflow/example_dags/example_task_group.py
[2023-11-16T06:48:23.227+0000] {processor.py:839} INFO - DAG(s) dict_keys(['example_task_group']) retrieved from /home/airflow/.local/lib/python3.8/site-packages/airflow/example_dags/example_task_group.py
[2023-11-16T06:48:23.250+0000] {logging_mixin.py:154} INFO - [2023-11-16T06:48:23.250+0000] {dag.py:2941} INFO - Sync 1 DAGs
[2023-11-16T06:48:23.265+0000] {logging_mixin.py:154} INFO - [2023-11-16T06:48:23.264+0000] {dag.py:3722} INFO - Setting next_dagrun for example_task_group to 2023-11-15T06:48:23.264802+00:00, run_after=2023-11-16T06:48:23.264802+00:00
[2023-11-16T06:48:23.278+0000] {processor.py:179} INFO - Processing /home/airflow/.local/lib/python3.8/site-packages/airflow/example_dags/example_task_group.py took 0.062 seconds
[2023-11-16T06:48:53.674+0000] {processor.py:157} INFO - Started process (PID=718) to work on /home/airflow/.local/lib/python3.8/site-packages/airflow/example_dags/example_task_group.py
[2023-11-16T06:48:53.674+0000] {processor.py:829} INFO - Processing file /home/airflow/.local/lib/python3.8/site-packages/airflow/example_dags/example_task_group.py for tasks to queue
[2023-11-16T06:48:53.676+0000] {logging_mixin.py:154} INFO - [2023-11-16T06:48:53.676+0000] {dagbag.py:536} INFO - Filling up the DagBag from /home/airflow/.local/lib/python3.8/site-packages/airflow/example_dags/example_task_group.py
[2023-11-16T06:48:53.680+0000] {processor.py:839} INFO - DAG(s) dict_keys(['example_task_group']) retrieved from /home/airflow/.local/lib/python3.8/site-packages/airflow/example_dags/example_task_group.py
[2023-11-16T06:48:53.692+0000] {logging_mixin.py:154} INFO - [2023-11-16T06:48:53.692+0000] {dag.py:2941} INFO - Sync 1 DAGs
[2023-11-16T06:48:53.705+0000] {logging_mixin.py:154} INFO - [2023-11-16T06:48:53.704+0000] {dag.py:3722} INFO - Setting next_dagrun for example_task_group to 2023-11-15T06:48:53.704852+00:00, run_after=2023-11-16T06:48:53.704852+00:00
[2023-11-16T06:48:53.714+0000] {processor.py:179} INFO - Processing /home/airflow/.local/lib/python3.8/site-packages/airflow/example_dags/example_task_group.py took 0.042 seconds
[2023-11-16T06:49:23.905+0000] {processor.py:157} INFO - Started process (PID=772) to work on /home/airflow/.local/lib/python3.8/site-packages/airflow/example_dags/example_task_group.py
[2023-11-16T06:49:23.906+0000] {processor.py:829} INFO - Processing file /home/airflow/.local/lib/python3.8/site-packages/airflow/example_dags/example_task_group.py for tasks to queue
[2023-11-16T06:49:23.907+0000] {logging_mixin.py:154} INFO - [2023-11-16T06:49:23.907+0000] {dagbag.py:536} INFO - Filling up the DagBag from /home/airflow/.local/lib/python3.8/site-packages/airflow/example_dags/example_task_group.py
[2023-11-16T06:49:23.911+0000] {processor.py:839} INFO - DAG(s) dict_keys(['example_task_group']) retrieved from /home/airflow/.local/lib/python3.8/site-packages/airflow/example_dags/example_task_group.py
[2023-11-16T06:49:23.923+0000] {logging_mixin.py:154} INFO - [2023-11-16T06:49:23.923+0000] {dag.py:2941} INFO - Sync 1 DAGs
[2023-11-16T06:49:23.934+0000] {logging_mixin.py:154} INFO - [2023-11-16T06:49:23.934+0000] {dag.py:3722} INFO - Setting next_dagrun for example_task_group to 2023-11-15T06:49:23.934074+00:00, run_after=2023-11-16T06:49:23.934074+00:00
[2023-11-16T06:49:23.944+0000] {processor.py:179} INFO - Processing /home/airflow/.local/lib/python3.8/site-packages/airflow/example_dags/example_task_group.py took 0.041 seconds
[2023-11-16T06:49:54.026+0000] {processor.py:157} INFO - Started process (PID=826) to work on /home/airflow/.local/lib/python3.8/site-packages/airflow/example_dags/example_task_group.py
[2023-11-16T06:49:54.027+0000] {processor.py:829} INFO - Processing file /home/airflow/.local/lib/python3.8/site-packages/airflow/example_dags/example_task_group.py for tasks to queue
[2023-11-16T06:49:54.028+0000] {logging_mixin.py:154} INFO - [2023-11-16T06:49:54.028+0000] {dagbag.py:536} INFO - Filling up the DagBag from /home/airflow/.local/lib/python3.8/site-packages/airflow/example_dags/example_task_group.py
[2023-11-16T06:49:54.032+0000] {processor.py:839} INFO - DAG(s) dict_keys(['example_task_group']) retrieved from /home/airflow/.local/lib/python3.8/site-packages/airflow/example_dags/example_task_group.py
[2023-11-16T06:49:54.044+0000] {logging_mixin.py:154} INFO - [2023-11-16T06:49:54.044+0000] {dag.py:2941} INFO - Sync 1 DAGs
[2023-11-16T06:49:54.056+0000] {logging_mixin.py:154} INFO - [2023-11-16T06:49:54.056+0000] {dag.py:3722} INFO - Setting next_dagrun for example_task_group to 2023-11-15T06:49:54.056452+00:00, run_after=2023-11-16T06:49:54.056452+00:00
[2023-11-16T06:49:54.065+0000] {processor.py:179} INFO - Processing /home/airflow/.local/lib/python3.8/site-packages/airflow/example_dags/example_task_group.py took 0.041 seconds
[2023-11-16T06:50:25.095+0000] {processor.py:157} INFO - Started process (PID=880) to work on /home/airflow/.local/lib/python3.8/site-packages/airflow/example_dags/example_task_group.py
[2023-11-16T06:50:25.096+0000] {processor.py:829} INFO - Processing file /home/airflow/.local/lib/python3.8/site-packages/airflow/example_dags/example_task_group.py for tasks to queue
[2023-11-16T06:50:25.098+0000] {logging_mixin.py:154} INFO - [2023-11-16T06:50:25.098+0000] {dagbag.py:536} INFO - Filling up the DagBag from /home/airflow/.local/lib/python3.8/site-packages/airflow/example_dags/example_task_group.py
[2023-11-16T06:50:25.103+0000] {processor.py:839} INFO - DAG(s) dict_keys(['example_task_group']) retrieved from /home/airflow/.local/lib/python3.8/site-packages/airflow/example_dags/example_task_group.py
[2023-11-16T06:50:25.116+0000] {logging_mixin.py:154} INFO - [2023-11-16T06:50:25.115+0000] {dag.py:2941} INFO - Sync 1 DAGs
[2023-11-16T06:50:25.127+0000] {logging_mixin.py:154} INFO - [2023-11-16T06:50:25.127+0000] {dag.py:3722} INFO - Setting next_dagrun for example_task_group to 2023-11-15T06:50:25.127317+00:00, run_after=2023-11-16T06:50:25.127317+00:00
[2023-11-16T06:50:25.137+0000] {processor.py:179} INFO - Processing /home/airflow/.local/lib/python3.8/site-packages/airflow/example_dags/example_task_group.py took 0.044 seconds
[2023-11-16T06:50:55.538+0000] {processor.py:157} INFO - Started process (PID=934) to work on /home/airflow/.local/lib/python3.8/site-packages/airflow/example_dags/example_task_group.py
[2023-11-16T06:50:55.539+0000] {processor.py:829} INFO - Processing file /home/airflow/.local/lib/python3.8/site-packages/airflow/example_dags/example_task_group.py for tasks to queue
[2023-11-16T06:50:55.541+0000] {logging_mixin.py:154} INFO - [2023-11-16T06:50:55.540+0000] {dagbag.py:536} INFO - Filling up the DagBag from /home/airflow/.local/lib/python3.8/site-packages/airflow/example_dags/example_task_group.py
[2023-11-16T06:50:55.545+0000] {processor.py:839} INFO - DAG(s) dict_keys(['example_task_group']) retrieved from /home/airflow/.local/lib/python3.8/site-packages/airflow/example_dags/example_task_group.py
[2023-11-16T06:50:55.558+0000] {logging_mixin.py:154} INFO - [2023-11-16T06:50:55.557+0000] {dag.py:2941} INFO - Sync 1 DAGs
[2023-11-16T06:50:55.569+0000] {logging_mixin.py:154} INFO - [2023-11-16T06:50:55.569+0000] {dag.py:3722} INFO - Setting next_dagrun for example_task_group to 2023-11-15T06:50:55.569246+00:00, run_after=2023-11-16T06:50:55.569246+00:00
[2023-11-16T06:50:55.578+0000] {processor.py:179} INFO - Processing /home/airflow/.local/lib/python3.8/site-packages/airflow/example_dags/example_task_group.py took 0.041 seconds
[2023-11-16T06:51:26.621+0000] {processor.py:157} INFO - Started process (PID=988) to work on /home/airflow/.local/lib/python3.8/site-packages/airflow/example_dags/example_task_group.py
[2023-11-16T06:51:26.621+0000] {processor.py:829} INFO - Processing file /home/airflow/.local/lib/python3.8/site-packages/airflow/example_dags/example_task_group.py for tasks to queue
[2023-11-16T06:51:26.623+0000] {logging_mixin.py:154} INFO - [2023-11-16T06:51:26.623+0000] {dagbag.py:536} INFO - Filling up the DagBag from /home/airflow/.local/lib/python3.8/site-packages/airflow/example_dags/example_task_group.py
[2023-11-16T06:51:26.627+0000] {processor.py:839} INFO - DAG(s) dict_keys(['example_task_group']) retrieved from /home/airflow/.local/lib/python3.8/site-packages/airflow/example_dags/example_task_group.py
[2023-11-16T06:51:26.639+0000] {logging_mixin.py:154} INFO - [2023-11-16T06:51:26.639+0000] {dag.py:2941} INFO - Sync 1 DAGs
[2023-11-16T06:51:26.651+0000] {logging_mixin.py:154} INFO - [2023-11-16T06:51:26.650+0000] {dag.py:3722} INFO - Setting next_dagrun for example_task_group to 2023-11-15T06:51:26.650754+00:00, run_after=2023-11-16T06:51:26.650754+00:00
[2023-11-16T06:51:26.659+0000] {processor.py:179} INFO - Processing /home/airflow/.local/lib/python3.8/site-packages/airflow/example_dags/example_task_group.py took 0.040 seconds
[2023-11-16T06:51:57.516+0000] {processor.py:157} INFO - Started process (PID=1042) to work on /home/airflow/.local/lib/python3.8/site-packages/airflow/example_dags/example_task_group.py
[2023-11-16T06:51:57.517+0000] {processor.py:829} INFO - Processing file /home/airflow/.local/lib/python3.8/site-packages/airflow/example_dags/example_task_group.py for tasks to queue
[2023-11-16T06:51:57.519+0000] {logging_mixin.py:154} INFO - [2023-11-16T06:51:57.519+0000] {dagbag.py:536} INFO - Filling up the DagBag from /home/airflow/.local/lib/python3.8/site-packages/airflow/example_dags/example_task_group.py
[2023-11-16T06:51:57.524+0000] {processor.py:839} INFO - DAG(s) dict_keys(['example_task_group']) retrieved from /home/airflow/.local/lib/python3.8/site-packages/airflow/example_dags/example_task_group.py
[2023-11-16T06:51:57.537+0000] {logging_mixin.py:154} INFO - [2023-11-16T06:51:57.537+0000] {dag.py:2941} INFO - Sync 1 DAGs
[2023-11-16T06:51:57.650+0000] {logging_mixin.py:154} INFO - [2023-11-16T06:51:57.650+0000] {dag.py:3722} INFO - Setting next_dagrun for example_task_group to 2023-11-15T06:51:57.650216+00:00, run_after=2023-11-16T06:51:57.650216+00:00
[2023-11-16T06:51:57.658+0000] {processor.py:179} INFO - Processing /home/airflow/.local/lib/python3.8/site-packages/airflow/example_dags/example_task_group.py took 0.144 seconds
[2023-11-16T06:52:27.746+0000] {processor.py:157} INFO - Started process (PID=1096) to work on /home/airflow/.local/lib/python3.8/site-packages/airflow/example_dags/example_task_group.py
[2023-11-16T06:52:27.746+0000] {processor.py:829} INFO - Processing file /home/airflow/.local/lib/python3.8/site-packages/airflow/example_dags/example_task_group.py for tasks to queue
[2023-11-16T06:52:27.748+0000] {logging_mixin.py:154} INFO - [2023-11-16T06:52:27.747+0000] {dagbag.py:536} INFO - Filling up the DagBag from /home/airflow/.local/lib/python3.8/site-packages/airflow/example_dags/example_task_group.py
[2023-11-16T06:52:27.752+0000] {processor.py:839} INFO - DAG(s) dict_keys(['example_task_group']) retrieved from /home/airflow/.local/lib/python3.8/site-packages/airflow/example_dags/example_task_group.py
[2023-11-16T06:52:27.764+0000] {logging_mixin.py:154} INFO - [2023-11-16T06:52:27.764+0000] {dag.py:2941} INFO - Sync 1 DAGs
[2023-11-16T06:52:27.776+0000] {logging_mixin.py:154} INFO - [2023-11-16T06:52:27.776+0000] {dag.py:3722} INFO - Setting next_dagrun for example_task_group to 2023-11-15T06:52:27.775992+00:00, run_after=2023-11-16T06:52:27.775992+00:00
[2023-11-16T06:52:27.880+0000] {processor.py:179} INFO - Processing /home/airflow/.local/lib/python3.8/site-packages/airflow/example_dags/example_task_group.py took 0.136 seconds
[2023-11-16T06:52:58.125+0000] {processor.py:157} INFO - Started process (PID=1150) to work on /home/airflow/.local/lib/python3.8/site-packages/airflow/example_dags/example_task_group.py
[2023-11-16T06:52:58.126+0000] {processor.py:829} INFO - Processing file /home/airflow/.local/lib/python3.8/site-packages/airflow/example_dags/example_task_group.py for tasks to queue
[2023-11-16T06:52:58.127+0000] {logging_mixin.py:154} INFO - [2023-11-16T06:52:58.127+0000] {dagbag.py:536} INFO - Filling up the DagBag from /home/airflow/.local/lib/python3.8/site-packages/airflow/example_dags/example_task_group.py
[2023-11-16T06:52:58.131+0000] {processor.py:839} INFO - DAG(s) dict_keys(['example_task_group']) retrieved from /home/airflow/.local/lib/python3.8/site-packages/airflow/example_dags/example_task_group.py
[2023-11-16T06:52:58.143+0000] {logging_mixin.py:154} INFO - [2023-11-16T06:52:58.143+0000] {dag.py:2941} INFO - Sync 1 DAGs
[2023-11-16T06:52:58.155+0000] {logging_mixin.py:154} INFO - [2023-11-16T06:52:58.155+0000] {dag.py:3722} INFO - Setting next_dagrun for example_task_group to 2023-11-15T06:52:58.154966+00:00, run_after=2023-11-16T06:52:58.154966+00:00
[2023-11-16T06:52:58.163+0000] {processor.py:179} INFO - Processing /home/airflow/.local/lib/python3.8/site-packages/airflow/example_dags/example_task_group.py took 0.040 seconds
[2023-11-16T06:53:28.924+0000] {processor.py:157} INFO - Started process (PID=1204) to work on /home/airflow/.local/lib/python3.8/site-packages/airflow/example_dags/example_task_group.py
[2023-11-16T06:53:28.925+0000] {processor.py:829} INFO - Processing file /home/airflow/.local/lib/python3.8/site-packages/airflow/example_dags/example_task_group.py for tasks to queue
[2023-11-16T06:53:28.926+0000] {logging_mixin.py:154} INFO - [2023-11-16T06:53:28.926+0000] {dagbag.py:536} INFO - Filling up the DagBag from /home/airflow/.local/lib/python3.8/site-packages/airflow/example_dags/example_task_group.py
[2023-11-16T06:53:28.930+0000] {processor.py:839} INFO - DAG(s) dict_keys(['example_task_group']) retrieved from /home/airflow/.local/lib/python3.8/site-packages/airflow/example_dags/example_task_group.py
[2023-11-16T06:53:28.942+0000] {logging_mixin.py:154} INFO - [2023-11-16T06:53:28.942+0000] {dag.py:2941} INFO - Sync 1 DAGs
[2023-11-16T06:53:28.954+0000] {logging_mixin.py:154} INFO - [2023-11-16T06:53:28.954+0000] {dag.py:3722} INFO - Setting next_dagrun for example_task_group to 2023-11-15T06:53:28.954560+00:00, run_after=2023-11-16T06:53:28.954560+00:00
[2023-11-16T06:53:28.965+0000] {processor.py:179} INFO - Processing /home/airflow/.local/lib/python3.8/site-packages/airflow/example_dags/example_task_group.py took 0.043 seconds
[2023-11-16T06:54:00.997+0000] {processor.py:157} INFO - Started process (PID=1258) to work on /home/airflow/.local/lib/python3.8/site-packages/airflow/example_dags/example_task_group.py
[2023-11-16T06:54:00.998+0000] {processor.py:829} INFO - Processing file /home/airflow/.local/lib/python3.8/site-packages/airflow/example_dags/example_task_group.py for tasks to queue
[2023-11-16T06:54:00.999+0000] {logging_mixin.py:154} INFO - [2023-11-16T06:54:00.999+0000] {dagbag.py:536} INFO - Filling up the DagBag from /home/airflow/.local/lib/python3.8/site-packages/airflow/example_dags/example_task_group.py
[2023-11-16T06:54:01.004+0000] {processor.py:839} INFO - DAG(s) dict_keys(['example_task_group']) retrieved from /home/airflow/.local/lib/python3.8/site-packages/airflow/example_dags/example_task_group.py
[2023-11-16T06:54:01.107+0000] {logging_mixin.py:154} INFO - [2023-11-16T06:54:01.106+0000] {dag.py:2941} INFO - Sync 1 DAGs
[2023-11-16T06:54:01.116+0000] {logging_mixin.py:154} INFO - [2023-11-16T06:54:01.116+0000] {dag.py:3722} INFO - Setting next_dagrun for example_task_group to 2023-11-15T06:54:01.116355+00:00, run_after=2023-11-16T06:54:01.116355+00:00
[2023-11-16T06:54:01.124+0000] {processor.py:179} INFO - Processing /home/airflow/.local/lib/python3.8/site-packages/airflow/example_dags/example_task_group.py took 0.129 seconds
[2023-11-16T06:54:32.040+0000] {processor.py:157} INFO - Started process (PID=1312) to work on /home/airflow/.local/lib/python3.8/site-packages/airflow/example_dags/example_task_group.py
[2023-11-16T06:54:32.041+0000] {processor.py:829} INFO - Processing file /home/airflow/.local/lib/python3.8/site-packages/airflow/example_dags/example_task_group.py for tasks to queue
[2023-11-16T06:54:32.042+0000] {logging_mixin.py:154} INFO - [2023-11-16T06:54:32.042+0000] {dagbag.py:536} INFO - Filling up the DagBag from /home/airflow/.local/lib/python3.8/site-packages/airflow/example_dags/example_task_group.py
[2023-11-16T06:54:32.047+0000] {processor.py:839} INFO - DAG(s) dict_keys(['example_task_group']) retrieved from /home/airflow/.local/lib/python3.8/site-packages/airflow/example_dags/example_task_group.py
[2023-11-16T06:54:32.065+0000] {logging_mixin.py:154} INFO - [2023-11-16T06:54:32.064+0000] {dag.py:2941} INFO - Sync 1 DAGs
[2023-11-16T06:54:32.159+0000] {logging_mixin.py:154} INFO - [2023-11-16T06:54:32.159+0000] {dag.py:3722} INFO - Setting next_dagrun for example_task_group to 2023-11-15T06:54:32.159664+00:00, run_after=2023-11-16T06:54:32.159664+00:00
[2023-11-16T06:54:32.174+0000] {processor.py:179} INFO - Processing /home/airflow/.local/lib/python3.8/site-packages/airflow/example_dags/example_task_group.py took 0.136 seconds
[2023-11-16T06:55:03.100+0000] {processor.py:157} INFO - Started process (PID=1366) to work on /home/airflow/.local/lib/python3.8/site-packages/airflow/example_dags/example_task_group.py
[2023-11-16T06:55:03.101+0000] {processor.py:829} INFO - Processing file /home/airflow/.local/lib/python3.8/site-packages/airflow/example_dags/example_task_group.py for tasks to queue
[2023-11-16T06:55:03.102+0000] {logging_mixin.py:154} INFO - [2023-11-16T06:55:03.102+0000] {dagbag.py:536} INFO - Filling up the DagBag from /home/airflow/.local/lib/python3.8/site-packages/airflow/example_dags/example_task_group.py
[2023-11-16T06:55:03.107+0000] {processor.py:839} INFO - DAG(s) dict_keys(['example_task_group']) retrieved from /home/airflow/.local/lib/python3.8/site-packages/airflow/example_dags/example_task_group.py
[2023-11-16T06:55:03.120+0000] {logging_mixin.py:154} INFO - [2023-11-16T06:55:03.120+0000] {dag.py:2941} INFO - Sync 1 DAGs
[2023-11-16T06:55:03.236+0000] {logging_mixin.py:154} INFO - [2023-11-16T06:55:03.236+0000] {dag.py:3722} INFO - Setting next_dagrun for example_task_group to 2023-11-15T06:55:03.236565+00:00, run_after=2023-11-16T06:55:03.236565+00:00
[2023-11-16T06:55:03.244+0000] {processor.py:179} INFO - Processing /home/airflow/.local/lib/python3.8/site-packages/airflow/example_dags/example_task_group.py took 0.146 seconds
[2023-11-16T06:55:33.696+0000] {processor.py:157} INFO - Started process (PID=1420) to work on /home/airflow/.local/lib/python3.8/site-packages/airflow/example_dags/example_task_group.py
[2023-11-16T06:55:33.697+0000] {processor.py:829} INFO - Processing file /home/airflow/.local/lib/python3.8/site-packages/airflow/example_dags/example_task_group.py for tasks to queue
[2023-11-16T06:55:33.698+0000] {logging_mixin.py:154} INFO - [2023-11-16T06:55:33.698+0000] {dagbag.py:536} INFO - Filling up the DagBag from /home/airflow/.local/lib/python3.8/site-packages/airflow/example_dags/example_task_group.py
[2023-11-16T06:55:33.702+0000] {processor.py:839} INFO - DAG(s) dict_keys(['example_task_group']) retrieved from /home/airflow/.local/lib/python3.8/site-packages/airflow/example_dags/example_task_group.py
[2023-11-16T06:55:33.714+0000] {logging_mixin.py:154} INFO - [2023-11-16T06:55:33.714+0000] {dag.py:2941} INFO - Sync 1 DAGs
[2023-11-16T06:55:33.725+0000] {logging_mixin.py:154} INFO - [2023-11-16T06:55:33.724+0000] {dag.py:3722} INFO - Setting next_dagrun for example_task_group to 2023-11-15T06:55:33.724838+00:00, run_after=2023-11-16T06:55:33.724838+00:00
[2023-11-16T06:55:33.735+0000] {processor.py:179} INFO - Processing /home/airflow/.local/lib/python3.8/site-packages/airflow/example_dags/example_task_group.py took 0.042 seconds
[2023-11-16T06:56:03.826+0000] {processor.py:157} INFO - Started process (PID=1474) to work on /home/airflow/.local/lib/python3.8/site-packages/airflow/example_dags/example_task_group.py
[2023-11-16T06:56:03.827+0000] {processor.py:829} INFO - Processing file /home/airflow/.local/lib/python3.8/site-packages/airflow/example_dags/example_task_group.py for tasks to queue
[2023-11-16T06:56:03.828+0000] {logging_mixin.py:154} INFO - [2023-11-16T06:56:03.828+0000] {dagbag.py:536} INFO - Filling up the DagBag from /home/airflow/.local/lib/python3.8/site-packages/airflow/example_dags/example_task_group.py
[2023-11-16T06:56:03.832+0000] {processor.py:839} INFO - DAG(s) dict_keys(['example_task_group']) retrieved from /home/airflow/.local/lib/python3.8/site-packages/airflow/example_dags/example_task_group.py
[2023-11-16T06:56:03.844+0000] {logging_mixin.py:154} INFO - [2023-11-16T06:56:03.844+0000] {dag.py:2941} INFO - Sync 1 DAGs
[2023-11-16T06:56:03.854+0000] {logging_mixin.py:154} INFO - [2023-11-16T06:56:03.854+0000] {dag.py:3722} INFO - Setting next_dagrun for example_task_group to 2023-11-15T06:56:03.854736+00:00, run_after=2023-11-16T06:56:03.854736+00:00
[2023-11-16T06:56:03.863+0000] {processor.py:179} INFO - Processing /home/airflow/.local/lib/python3.8/site-packages/airflow/example_dags/example_task_group.py took 0.040 seconds
[2023-11-16T06:56:34.866+0000] {processor.py:157} INFO - Started process (PID=1528) to work on /home/airflow/.local/lib/python3.8/site-packages/airflow/example_dags/example_task_group.py
[2023-11-16T06:56:34.867+0000] {processor.py:829} INFO - Processing file /home/airflow/.local/lib/python3.8/site-packages/airflow/example_dags/example_task_group.py for tasks to queue
[2023-11-16T06:56:34.868+0000] {logging_mixin.py:154} INFO - [2023-11-16T06:56:34.868+0000] {dagbag.py:536} INFO - Filling up the DagBag from /home/airflow/.local/lib/python3.8/site-packages/airflow/example_dags/example_task_group.py
[2023-11-16T06:56:34.874+0000] {processor.py:839} INFO - DAG(s) dict_keys(['example_task_group']) retrieved from /home/airflow/.local/lib/python3.8/site-packages/airflow/example_dags/example_task_group.py
[2023-11-16T06:56:34.894+0000] {logging_mixin.py:154} INFO - [2023-11-16T06:56:34.894+0000] {dag.py:2941} INFO - Sync 1 DAGs
[2023-11-16T06:56:34.910+0000] {logging_mixin.py:154} INFO - [2023-11-16T06:56:34.910+0000] {dag.py:3722} INFO - Setting next_dagrun for example_task_group to 2023-11-15T06:56:34.910572+00:00, run_after=2023-11-16T06:56:34.910572+00:00
[2023-11-16T06:56:34.934+0000] {processor.py:179} INFO - Processing /home/airflow/.local/lib/python3.8/site-packages/airflow/example_dags/example_task_group.py took 0.072 seconds
[2023-11-16T06:57:05.871+0000] {processor.py:157} INFO - Started process (PID=1582) to work on /home/airflow/.local/lib/python3.8/site-packages/airflow/example_dags/example_task_group.py
[2023-11-16T06:57:05.871+0000] {processor.py:829} INFO - Processing file /home/airflow/.local/lib/python3.8/site-packages/airflow/example_dags/example_task_group.py for tasks to queue
[2023-11-16T06:57:05.873+0000] {logging_mixin.py:154} INFO - [2023-11-16T06:57:05.873+0000] {dagbag.py:536} INFO - Filling up the DagBag from /home/airflow/.local/lib/python3.8/site-packages/airflow/example_dags/example_task_group.py
[2023-11-16T06:57:05.878+0000] {processor.py:839} INFO - DAG(s) dict_keys(['example_task_group']) retrieved from /home/airflow/.local/lib/python3.8/site-packages/airflow/example_dags/example_task_group.py
[2023-11-16T06:57:05.890+0000] {logging_mixin.py:154} INFO - [2023-11-16T06:57:05.890+0000] {dag.py:2941} INFO - Sync 1 DAGs
[2023-11-16T06:57:05.901+0000] {logging_mixin.py:154} INFO - [2023-11-16T06:57:05.901+0000] {dag.py:3722} INFO - Setting next_dagrun for example_task_group to 2023-11-15T06:57:05.901519+00:00, run_after=2023-11-16T06:57:05.901519+00:00
[2023-11-16T06:57:05.910+0000] {processor.py:179} INFO - Processing /home/airflow/.local/lib/python3.8/site-packages/airflow/example_dags/example_task_group.py took 0.041 seconds
[2023-11-16T06:57:36.761+0000] {processor.py:157} INFO - Started process (PID=1636) to work on /home/airflow/.local/lib/python3.8/site-packages/airflow/example_dags/example_task_group.py
[2023-11-16T06:57:36.761+0000] {processor.py:829} INFO - Processing file /home/airflow/.local/lib/python3.8/site-packages/airflow/example_dags/example_task_group.py for tasks to queue
[2023-11-16T06:57:36.763+0000] {logging_mixin.py:154} INFO - [2023-11-16T06:57:36.763+0000] {dagbag.py:536} INFO - Filling up the DagBag from /home/airflow/.local/lib/python3.8/site-packages/airflow/example_dags/example_task_group.py
[2023-11-16T06:57:36.767+0000] {processor.py:839} INFO - DAG(s) dict_keys(['example_task_group']) retrieved from /home/airflow/.local/lib/python3.8/site-packages/airflow/example_dags/example_task_group.py
[2023-11-16T06:57:36.778+0000] {logging_mixin.py:154} INFO - [2023-11-16T06:57:36.778+0000] {dag.py:2941} INFO - Sync 1 DAGs
[2023-11-16T06:57:36.788+0000] {logging_mixin.py:154} INFO - [2023-11-16T06:57:36.788+0000] {dag.py:3722} INFO - Setting next_dagrun for example_task_group to 2023-11-15T06:57:36.788644+00:00, run_after=2023-11-16T06:57:36.788644+00:00
[2023-11-16T06:57:36.797+0000] {processor.py:179} INFO - Processing /home/airflow/.local/lib/python3.8/site-packages/airflow/example_dags/example_task_group.py took 0.038 seconds
[2023-11-16T06:58:07.800+0000] {processor.py:157} INFO - Started process (PID=1690) to work on /home/airflow/.local/lib/python3.8/site-packages/airflow/example_dags/example_task_group.py
[2023-11-16T06:58:07.801+0000] {processor.py:829} INFO - Processing file /home/airflow/.local/lib/python3.8/site-packages/airflow/example_dags/example_task_group.py for tasks to queue
[2023-11-16T06:58:07.802+0000] {logging_mixin.py:154} INFO - [2023-11-16T06:58:07.802+0000] {dagbag.py:536} INFO - Filling up the DagBag from /home/airflow/.local/lib/python3.8/site-packages/airflow/example_dags/example_task_group.py
[2023-11-16T06:58:07.806+0000] {processor.py:839} INFO - DAG(s) dict_keys(['example_task_group']) retrieved from /home/airflow/.local/lib/python3.8/site-packages/airflow/example_dags/example_task_group.py
[2023-11-16T06:58:07.819+0000] {logging_mixin.py:154} INFO - [2023-11-16T06:58:07.819+0000] {dag.py:2941} INFO - Sync 1 DAGs
[2023-11-16T06:58:07.831+0000] {logging_mixin.py:154} INFO - [2023-11-16T06:58:07.831+0000] {dag.py:3722} INFO - Setting next_dagrun for example_task_group to 2023-11-15T06:58:07.830970+00:00, run_after=2023-11-16T06:58:07.830970+00:00
[2023-11-16T06:58:07.840+0000] {processor.py:179} INFO - Processing /home/airflow/.local/lib/python3.8/site-packages/airflow/example_dags/example_task_group.py took 0.043 seconds
[2023-11-16T06:58:38.802+0000] {processor.py:157} INFO - Started process (PID=1744) to work on /home/airflow/.local/lib/python3.8/site-packages/airflow/example_dags/example_task_group.py
[2023-11-16T06:58:38.802+0000] {processor.py:829} INFO - Processing file /home/airflow/.local/lib/python3.8/site-packages/airflow/example_dags/example_task_group.py for tasks to queue
[2023-11-16T06:58:38.804+0000] {logging_mixin.py:154} INFO - [2023-11-16T06:58:38.804+0000] {dagbag.py:536} INFO - Filling up the DagBag from /home/airflow/.local/lib/python3.8/site-packages/airflow/example_dags/example_task_group.py
[2023-11-16T06:58:38.808+0000] {processor.py:839} INFO - DAG(s) dict_keys(['example_task_group']) retrieved from /home/airflow/.local/lib/python3.8/site-packages/airflow/example_dags/example_task_group.py
[2023-11-16T06:58:38.819+0000] {logging_mixin.py:154} INFO - [2023-11-16T06:58:38.819+0000] {dag.py:2941} INFO - Sync 1 DAGs
[2023-11-16T06:58:38.829+0000] {logging_mixin.py:154} INFO - [2023-11-16T06:58:38.829+0000] {dag.py:3722} INFO - Setting next_dagrun for example_task_group to 2023-11-15T06:58:38.829061+00:00, run_after=2023-11-16T06:58:38.829061+00:00
[2023-11-16T06:58:38.837+0000] {processor.py:179} INFO - Processing /home/airflow/.local/lib/python3.8/site-packages/airflow/example_dags/example_task_group.py took 0.037 seconds
[2023-11-16T06:59:08.890+0000] {processor.py:157} INFO - Started process (PID=1798) to work on /home/airflow/.local/lib/python3.8/site-packages/airflow/example_dags/example_task_group.py
[2023-11-16T06:59:08.891+0000] {processor.py:829} INFO - Processing file /home/airflow/.local/lib/python3.8/site-packages/airflow/example_dags/example_task_group.py for tasks to queue
[2023-11-16T06:59:08.893+0000] {logging_mixin.py:154} INFO - [2023-11-16T06:59:08.893+0000] {dagbag.py:536} INFO - Filling up the DagBag from /home/airflow/.local/lib/python3.8/site-packages/airflow/example_dags/example_task_group.py
[2023-11-16T06:59:08.897+0000] {processor.py:839} INFO - DAG(s) dict_keys(['example_task_group']) retrieved from /home/airflow/.local/lib/python3.8/site-packages/airflow/example_dags/example_task_group.py
[2023-11-16T06:59:08.909+0000] {logging_mixin.py:154} INFO - [2023-11-16T06:59:08.909+0000] {dag.py:2941} INFO - Sync 1 DAGs
[2023-11-16T06:59:08.920+0000] {logging_mixin.py:154} INFO - [2023-11-16T06:59:08.920+0000] {dag.py:3722} INFO - Setting next_dagrun for example_task_group to 2023-11-15T06:59:08.920133+00:00, run_after=2023-11-16T06:59:08.920133+00:00
[2023-11-16T06:59:08.928+0000] {processor.py:179} INFO - Processing /home/airflow/.local/lib/python3.8/site-packages/airflow/example_dags/example_task_group.py took 0.040 seconds
[2023-11-16T06:59:39.926+0000] {processor.py:157} INFO - Started process (PID=1851) to work on /home/airflow/.local/lib/python3.8/site-packages/airflow/example_dags/example_task_group.py
[2023-11-16T06:59:39.927+0000] {processor.py:829} INFO - Processing file /home/airflow/.local/lib/python3.8/site-packages/airflow/example_dags/example_task_group.py for tasks to queue
[2023-11-16T06:59:39.929+0000] {logging_mixin.py:154} INFO - [2023-11-16T06:59:39.928+0000] {dagbag.py:536} INFO - Filling up the DagBag from /home/airflow/.local/lib/python3.8/site-packages/airflow/example_dags/example_task_group.py
[2023-11-16T06:59:39.933+0000] {processor.py:839} INFO - DAG(s) dict_keys(['example_task_group']) retrieved from /home/airflow/.local/lib/python3.8/site-packages/airflow/example_dags/example_task_group.py
[2023-11-16T06:59:39.947+0000] {logging_mixin.py:154} INFO - [2023-11-16T06:59:39.947+0000] {dag.py:2941} INFO - Sync 1 DAGs
[2023-11-16T06:59:39.960+0000] {logging_mixin.py:154} INFO - [2023-11-16T06:59:39.960+0000] {dag.py:3722} INFO - Setting next_dagrun for example_task_group to 2023-11-15T06:59:39.960532+00:00, run_after=2023-11-16T06:59:39.960532+00:00
[2023-11-16T06:59:39.971+0000] {processor.py:179} INFO - Processing /home/airflow/.local/lib/python3.8/site-packages/airflow/example_dags/example_task_group.py took 0.048 seconds
[2023-11-16T07:00:10.106+0000] {processor.py:157} INFO - Started process (PID=1905) to work on /home/airflow/.local/lib/python3.8/site-packages/airflow/example_dags/example_task_group.py
[2023-11-16T07:00:10.107+0000] {processor.py:829} INFO - Processing file /home/airflow/.local/lib/python3.8/site-packages/airflow/example_dags/example_task_group.py for tasks to queue
[2023-11-16T07:00:10.109+0000] {logging_mixin.py:154} INFO - [2023-11-16T07:00:10.108+0000] {dagbag.py:536} INFO - Filling up the DagBag from /home/airflow/.local/lib/python3.8/site-packages/airflow/example_dags/example_task_group.py
[2023-11-16T07:00:10.113+0000] {processor.py:839} INFO - DAG(s) dict_keys(['example_task_group']) retrieved from /home/airflow/.local/lib/python3.8/site-packages/airflow/example_dags/example_task_group.py
[2023-11-16T07:00:10.125+0000] {logging_mixin.py:154} INFO - [2023-11-16T07:00:10.125+0000] {dag.py:2941} INFO - Sync 1 DAGs
[2023-11-16T07:00:10.136+0000] {logging_mixin.py:154} INFO - [2023-11-16T07:00:10.136+0000] {dag.py:3722} INFO - Setting next_dagrun for example_task_group to 2023-11-15T07:00:10.136320+00:00, run_after=2023-11-16T07:00:10.136320+00:00
[2023-11-16T07:00:10.145+0000] {processor.py:179} INFO - Processing /home/airflow/.local/lib/python3.8/site-packages/airflow/example_dags/example_task_group.py took 0.041 seconds
[2023-11-16T07:00:40.190+0000] {processor.py:157} INFO - Started process (PID=1959) to work on /home/airflow/.local/lib/python3.8/site-packages/airflow/example_dags/example_task_group.py
[2023-11-16T07:00:40.191+0000] {processor.py:829} INFO - Processing file /home/airflow/.local/lib/python3.8/site-packages/airflow/example_dags/example_task_group.py for tasks to queue
[2023-11-16T07:00:40.192+0000] {logging_mixin.py:154} INFO - [2023-11-16T07:00:40.192+0000] {dagbag.py:536} INFO - Filling up the DagBag from /home/airflow/.local/lib/python3.8/site-packages/airflow/example_dags/example_task_group.py
[2023-11-16T07:00:40.197+0000] {processor.py:839} INFO - DAG(s) dict_keys(['example_task_group']) retrieved from /home/airflow/.local/lib/python3.8/site-packages/airflow/example_dags/example_task_group.py
[2023-11-16T07:00:40.210+0000] {logging_mixin.py:154} INFO - [2023-11-16T07:00:40.210+0000] {dag.py:2941} INFO - Sync 1 DAGs
[2023-11-16T07:00:40.221+0000] {logging_mixin.py:154} INFO - [2023-11-16T07:00:40.221+0000] {dag.py:3722} INFO - Setting next_dagrun for example_task_group to 2023-11-15T07:00:40.221094+00:00, run_after=2023-11-16T07:00:40.221094+00:00
[2023-11-16T07:00:40.230+0000] {processor.py:179} INFO - Processing /home/airflow/.local/lib/python3.8/site-packages/airflow/example_dags/example_task_group.py took 0.041 seconds
[2023-11-16T07:01:11.257+0000] {processor.py:157} INFO - Started process (PID=2013) to work on /home/airflow/.local/lib/python3.8/site-packages/airflow/example_dags/example_task_group.py
[2023-11-16T07:01:11.258+0000] {processor.py:829} INFO - Processing file /home/airflow/.local/lib/python3.8/site-packages/airflow/example_dags/example_task_group.py for tasks to queue
[2023-11-16T07:01:11.260+0000] {logging_mixin.py:154} INFO - [2023-11-16T07:01:11.260+0000] {dagbag.py:536} INFO - Filling up the DagBag from /home/airflow/.local/lib/python3.8/site-packages/airflow/example_dags/example_task_group.py
[2023-11-16T07:01:11.265+0000] {processor.py:839} INFO - DAG(s) dict_keys(['example_task_group']) retrieved from /home/airflow/.local/lib/python3.8/site-packages/airflow/example_dags/example_task_group.py
[2023-11-16T07:01:11.277+0000] {logging_mixin.py:154} INFO - [2023-11-16T07:01:11.276+0000] {dag.py:2941} INFO - Sync 1 DAGs
[2023-11-16T07:01:11.288+0000] {logging_mixin.py:154} INFO - [2023-11-16T07:01:11.288+0000] {dag.py:3722} INFO - Setting next_dagrun for example_task_group to 2023-11-15T07:01:11.288002+00:00, run_after=2023-11-16T07:01:11.288002+00:00
[2023-11-16T07:01:11.296+0000] {processor.py:179} INFO - Processing /home/airflow/.local/lib/python3.8/site-packages/airflow/example_dags/example_task_group.py took 0.041 seconds
[2023-11-16T07:01:42.229+0000] {processor.py:157} INFO - Started process (PID=2067) to work on /home/airflow/.local/lib/python3.8/site-packages/airflow/example_dags/example_task_group.py
[2023-11-16T07:01:42.230+0000] {processor.py:829} INFO - Processing file /home/airflow/.local/lib/python3.8/site-packages/airflow/example_dags/example_task_group.py for tasks to queue
[2023-11-16T07:01:42.232+0000] {logging_mixin.py:154} INFO - [2023-11-16T07:01:42.232+0000] {dagbag.py:536} INFO - Filling up the DagBag from /home/airflow/.local/lib/python3.8/site-packages/airflow/example_dags/example_task_group.py
[2023-11-16T07:01:42.237+0000] {processor.py:839} INFO - DAG(s) dict_keys(['example_task_group']) retrieved from /home/airflow/.local/lib/python3.8/site-packages/airflow/example_dags/example_task_group.py
[2023-11-16T07:01:42.250+0000] {logging_mixin.py:154} INFO - [2023-11-16T07:01:42.250+0000] {dag.py:2941} INFO - Sync 1 DAGs
[2023-11-16T07:01:42.262+0000] {logging_mixin.py:154} INFO - [2023-11-16T07:01:42.261+0000] {dag.py:3722} INFO - Setting next_dagrun for example_task_group to 2023-11-15T07:01:42.261793+00:00, run_after=2023-11-16T07:01:42.261793+00:00
[2023-11-16T07:01:42.273+0000] {processor.py:179} INFO - Processing /home/airflow/.local/lib/python3.8/site-packages/airflow/example_dags/example_task_group.py took 0.046 seconds
[2023-11-16T07:02:13.366+0000] {processor.py:157} INFO - Started process (PID=2126) to work on /home/airflow/.local/lib/python3.8/site-packages/airflow/example_dags/example_task_group.py
[2023-11-16T07:02:13.368+0000] {processor.py:829} INFO - Processing file /home/airflow/.local/lib/python3.8/site-packages/airflow/example_dags/example_task_group.py for tasks to queue
[2023-11-16T07:02:13.370+0000] {logging_mixin.py:154} INFO - [2023-11-16T07:02:13.370+0000] {dagbag.py:536} INFO - Filling up the DagBag from /home/airflow/.local/lib/python3.8/site-packages/airflow/example_dags/example_task_group.py
[2023-11-16T07:02:13.375+0000] {processor.py:839} INFO - DAG(s) dict_keys(['example_task_group']) retrieved from /home/airflow/.local/lib/python3.8/site-packages/airflow/example_dags/example_task_group.py
[2023-11-16T07:02:13.388+0000] {logging_mixin.py:154} INFO - [2023-11-16T07:02:13.387+0000] {dag.py:2941} INFO - Sync 1 DAGs
[2023-11-16T07:02:13.399+0000] {logging_mixin.py:154} INFO - [2023-11-16T07:02:13.399+0000] {dag.py:3722} INFO - Setting next_dagrun for example_task_group to 2023-11-15T07:02:13.399670+00:00, run_after=2023-11-16T07:02:13.399670+00:00
[2023-11-16T07:02:13.408+0000] {processor.py:179} INFO - Processing /home/airflow/.local/lib/python3.8/site-packages/airflow/example_dags/example_task_group.py took 0.044 seconds
[2023-11-16T07:02:43.525+0000] {processor.py:157} INFO - Started process (PID=2180) to work on /home/airflow/.local/lib/python3.8/site-packages/airflow/example_dags/example_task_group.py
[2023-11-16T07:02:43.526+0000] {processor.py:829} INFO - Processing file /home/airflow/.local/lib/python3.8/site-packages/airflow/example_dags/example_task_group.py for tasks to queue
[2023-11-16T07:02:43.527+0000] {logging_mixin.py:154} INFO - [2023-11-16T07:02:43.527+0000] {dagbag.py:536} INFO - Filling up the DagBag from /home/airflow/.local/lib/python3.8/site-packages/airflow/example_dags/example_task_group.py
[2023-11-16T07:02:43.532+0000] {processor.py:839} INFO - DAG(s) dict_keys(['example_task_group']) retrieved from /home/airflow/.local/lib/python3.8/site-packages/airflow/example_dags/example_task_group.py
[2023-11-16T07:02:43.544+0000] {logging_mixin.py:154} INFO - [2023-11-16T07:02:43.544+0000] {dag.py:2941} INFO - Sync 1 DAGs
[2023-11-16T07:02:43.555+0000] {logging_mixin.py:154} INFO - [2023-11-16T07:02:43.554+0000] {dag.py:3722} INFO - Setting next_dagrun for example_task_group to 2023-11-15T07:02:43.554803+00:00, run_after=2023-11-16T07:02:43.554803+00:00
[2023-11-16T07:02:43.563+0000] {processor.py:179} INFO - Processing /home/airflow/.local/lib/python3.8/site-packages/airflow/example_dags/example_task_group.py took 0.040 seconds
[2023-11-16T07:03:13.672+0000] {processor.py:157} INFO - Started process (PID=2234) to work on /home/airflow/.local/lib/python3.8/site-packages/airflow/example_dags/example_task_group.py
[2023-11-16T07:03:13.673+0000] {processor.py:829} INFO - Processing file /home/airflow/.local/lib/python3.8/site-packages/airflow/example_dags/example_task_group.py for tasks to queue
[2023-11-16T07:03:13.674+0000] {logging_mixin.py:154} INFO - [2023-11-16T07:03:13.674+0000] {dagbag.py:536} INFO - Filling up the DagBag from /home/airflow/.local/lib/python3.8/site-packages/airflow/example_dags/example_task_group.py
[2023-11-16T07:03:13.679+0000] {processor.py:839} INFO - DAG(s) dict_keys(['example_task_group']) retrieved from /home/airflow/.local/lib/python3.8/site-packages/airflow/example_dags/example_task_group.py
[2023-11-16T07:03:13.691+0000] {logging_mixin.py:154} INFO - [2023-11-16T07:03:13.691+0000] {dag.py:2941} INFO - Sync 1 DAGs
[2023-11-16T07:03:13.703+0000] {logging_mixin.py:154} INFO - [2023-11-16T07:03:13.702+0000] {dag.py:3722} INFO - Setting next_dagrun for example_task_group to 2023-11-15T07:03:13.702742+00:00, run_after=2023-11-16T07:03:13.702742+00:00
[2023-11-16T07:03:13.710+0000] {processor.py:179} INFO - Processing /home/airflow/.local/lib/python3.8/site-packages/airflow/example_dags/example_task_group.py took 0.040 seconds
[2023-11-16T07:03:43.850+0000] {processor.py:157} INFO - Started process (PID=2288) to work on /home/airflow/.local/lib/python3.8/site-packages/airflow/example_dags/example_task_group.py
[2023-11-16T07:03:43.851+0000] {processor.py:829} INFO - Processing file /home/airflow/.local/lib/python3.8/site-packages/airflow/example_dags/example_task_group.py for tasks to queue
[2023-11-16T07:03:43.853+0000] {logging_mixin.py:154} INFO - [2023-11-16T07:03:43.853+0000] {dagbag.py:536} INFO - Filling up the DagBag from /home/airflow/.local/lib/python3.8/site-packages/airflow/example_dags/example_task_group.py
[2023-11-16T07:03:43.857+0000] {processor.py:839} INFO - DAG(s) dict_keys(['example_task_group']) retrieved from /home/airflow/.local/lib/python3.8/site-packages/airflow/example_dags/example_task_group.py
[2023-11-16T07:03:43.870+0000] {logging_mixin.py:154} INFO - [2023-11-16T07:03:43.870+0000] {dag.py:2941} INFO - Sync 1 DAGs
[2023-11-16T07:03:43.881+0000] {logging_mixin.py:154} INFO - [2023-11-16T07:03:43.881+0000] {dag.py:3722} INFO - Setting next_dagrun for example_task_group to 2023-11-15T07:03:43.881494+00:00, run_after=2023-11-16T07:03:43.881494+00:00
[2023-11-16T07:03:43.890+0000] {processor.py:179} INFO - Processing /home/airflow/.local/lib/python3.8/site-packages/airflow/example_dags/example_task_group.py took 0.042 seconds
[2023-11-16T07:04:14.024+0000] {processor.py:157} INFO - Started process (PID=2342) to work on /home/airflow/.local/lib/python3.8/site-packages/airflow/example_dags/example_task_group.py
[2023-11-16T07:04:14.024+0000] {processor.py:829} INFO - Processing file /home/airflow/.local/lib/python3.8/site-packages/airflow/example_dags/example_task_group.py for tasks to queue
[2023-11-16T07:04:14.026+0000] {logging_mixin.py:154} INFO - [2023-11-16T07:04:14.026+0000] {dagbag.py:536} INFO - Filling up the DagBag from /home/airflow/.local/lib/python3.8/site-packages/airflow/example_dags/example_task_group.py
[2023-11-16T07:04:14.032+0000] {processor.py:839} INFO - DAG(s) dict_keys(['example_task_group']) retrieved from /home/airflow/.local/lib/python3.8/site-packages/airflow/example_dags/example_task_group.py
[2023-11-16T07:04:14.047+0000] {logging_mixin.py:154} INFO - [2023-11-16T07:04:14.047+0000] {dag.py:2941} INFO - Sync 1 DAGs
[2023-11-16T07:04:14.062+0000] {logging_mixin.py:154} INFO - [2023-11-16T07:04:14.062+0000] {dag.py:3722} INFO - Setting next_dagrun for example_task_group to 2023-11-15T07:04:14.062426+00:00, run_after=2023-11-16T07:04:14.062426+00:00
[2023-11-16T07:04:14.074+0000] {processor.py:179} INFO - Processing /home/airflow/.local/lib/python3.8/site-packages/airflow/example_dags/example_task_group.py took 0.053 seconds
[2023-11-16T07:04:45.088+0000] {processor.py:157} INFO - Started process (PID=2396) to work on /home/airflow/.local/lib/python3.8/site-packages/airflow/example_dags/example_task_group.py
[2023-11-16T07:04:45.088+0000] {processor.py:829} INFO - Processing file /home/airflow/.local/lib/python3.8/site-packages/airflow/example_dags/example_task_group.py for tasks to queue
[2023-11-16T07:04:45.090+0000] {logging_mixin.py:154} INFO - [2023-11-16T07:04:45.090+0000] {dagbag.py:536} INFO - Filling up the DagBag from /home/airflow/.local/lib/python3.8/site-packages/airflow/example_dags/example_task_group.py
[2023-11-16T07:04:45.094+0000] {processor.py:839} INFO - DAG(s) dict_keys(['example_task_group']) retrieved from /home/airflow/.local/lib/python3.8/site-packages/airflow/example_dags/example_task_group.py
[2023-11-16T07:04:45.106+0000] {logging_mixin.py:154} INFO - [2023-11-16T07:04:45.106+0000] {dag.py:2941} INFO - Sync 1 DAGs
[2023-11-16T07:04:45.116+0000] {logging_mixin.py:154} INFO - [2023-11-16T07:04:45.116+0000] {dag.py:3722} INFO - Setting next_dagrun for example_task_group to 2023-11-15T07:04:45.116047+00:00, run_after=2023-11-16T07:04:45.116047+00:00
[2023-11-16T07:04:45.124+0000] {processor.py:179} INFO - Processing /home/airflow/.local/lib/python3.8/site-packages/airflow/example_dags/example_task_group.py took 0.039 seconds
[2023-11-16T07:05:16.167+0000] {processor.py:157} INFO - Started process (PID=2450) to work on /home/airflow/.local/lib/python3.8/site-packages/airflow/example_dags/example_task_group.py
[2023-11-16T07:05:16.168+0000] {processor.py:829} INFO - Processing file /home/airflow/.local/lib/python3.8/site-packages/airflow/example_dags/example_task_group.py for tasks to queue
[2023-11-16T07:05:16.170+0000] {logging_mixin.py:154} INFO - [2023-11-16T07:05:16.170+0000] {dagbag.py:536} INFO - Filling up the DagBag from /home/airflow/.local/lib/python3.8/site-packages/airflow/example_dags/example_task_group.py
[2023-11-16T07:05:16.176+0000] {processor.py:839} INFO - DAG(s) dict_keys(['example_task_group']) retrieved from /home/airflow/.local/lib/python3.8/site-packages/airflow/example_dags/example_task_group.py
[2023-11-16T07:05:16.190+0000] {logging_mixin.py:154} INFO - [2023-11-16T07:05:16.190+0000] {dag.py:2941} INFO - Sync 1 DAGs
[2023-11-16T07:05:16.204+0000] {logging_mixin.py:154} INFO - [2023-11-16T07:05:16.204+0000] {dag.py:3722} INFO - Setting next_dagrun for example_task_group to 2023-11-15T07:05:16.204553+00:00, run_after=2023-11-16T07:05:16.204553+00:00
[2023-11-16T07:05:16.214+0000] {processor.py:179} INFO - Processing /home/airflow/.local/lib/python3.8/site-packages/airflow/example_dags/example_task_group.py took 0.049 seconds
[2023-11-16T07:05:47.231+0000] {processor.py:157} INFO - Started process (PID=2504) to work on /home/airflow/.local/lib/python3.8/site-packages/airflow/example_dags/example_task_group.py
[2023-11-16T07:05:47.231+0000] {processor.py:829} INFO - Processing file /home/airflow/.local/lib/python3.8/site-packages/airflow/example_dags/example_task_group.py for tasks to queue
[2023-11-16T07:05:47.233+0000] {logging_mixin.py:154} INFO - [2023-11-16T07:05:47.233+0000] {dagbag.py:536} INFO - Filling up the DagBag from /home/airflow/.local/lib/python3.8/site-packages/airflow/example_dags/example_task_group.py
[2023-11-16T07:05:47.238+0000] {processor.py:839} INFO - DAG(s) dict_keys(['example_task_group']) retrieved from /home/airflow/.local/lib/python3.8/site-packages/airflow/example_dags/example_task_group.py
[2023-11-16T07:05:47.250+0000] {logging_mixin.py:154} INFO - [2023-11-16T07:05:47.250+0000] {dag.py:2941} INFO - Sync 1 DAGs
[2023-11-16T07:05:47.261+0000] {logging_mixin.py:154} INFO - [2023-11-16T07:05:47.261+0000] {dag.py:3722} INFO - Setting next_dagrun for example_task_group to 2023-11-15T07:05:47.261086+00:00, run_after=2023-11-16T07:05:47.261086+00:00
[2023-11-16T07:05:47.270+0000] {processor.py:179} INFO - Processing /home/airflow/.local/lib/python3.8/site-packages/airflow/example_dags/example_task_group.py took 0.041 seconds
