[2023-11-16T06:18:11.350+0000] {processor.py:157} INFO - Started process (PID=52) to work on /home/airflow/.local/lib/python3.8/site-packages/airflow/example_dags/example_sla_dag.py
[2023-11-16T06:18:11.352+0000] {processor.py:829} INFO - Processing file /home/airflow/.local/lib/python3.8/site-packages/airflow/example_dags/example_sla_dag.py for tasks to queue
[2023-11-16T06:18:11.359+0000] {logging_mixin.py:154} INFO - [2023-11-16T06:18:11.358+0000] {dagbag.py:536} INFO - Filling up the DagBag from /home/airflow/.local/lib/python3.8/site-packages/airflow/example_dags/example_sla_dag.py
[2023-11-16T06:18:11.370+0000] {processor.py:839} INFO - DAG(s) dict_keys(['example_sla_dag']) retrieved from /home/airflow/.local/lib/python3.8/site-packages/airflow/example_dags/example_sla_dag.py
[2023-11-16T06:18:11.407+0000] {logging_mixin.py:154} INFO - [2023-11-16T06:18:11.406+0000] {dag.py:2941} INFO - Sync 1 DAGs
[2023-11-16T06:18:11.472+0000] {logging_mixin.py:154} INFO - [2023-11-16T06:18:11.472+0000] {dag.py:3722} INFO - Setting next_dagrun for example_sla_dag to 2023-11-16T06:16:00+00:00, run_after=2023-11-16T06:18:00+00:00
[2023-11-16T06:18:11.502+0000] {processor.py:179} INFO - Processing /home/airflow/.local/lib/python3.8/site-packages/airflow/example_dags/example_sla_dag.py took 0.159 seconds
[2023-11-16T06:18:42.172+0000] {processor.py:157} INFO - Started process (PID=106) to work on /home/airflow/.local/lib/python3.8/site-packages/airflow/example_dags/example_sla_dag.py
[2023-11-16T06:18:42.173+0000] {processor.py:829} INFO - Processing file /home/airflow/.local/lib/python3.8/site-packages/airflow/example_dags/example_sla_dag.py for tasks to queue
[2023-11-16T06:18:42.175+0000] {logging_mixin.py:154} INFO - [2023-11-16T06:18:42.175+0000] {dagbag.py:536} INFO - Filling up the DagBag from /home/airflow/.local/lib/python3.8/site-packages/airflow/example_dags/example_sla_dag.py
[2023-11-16T06:18:42.180+0000] {processor.py:839} INFO - DAG(s) dict_keys(['example_sla_dag']) retrieved from /home/airflow/.local/lib/python3.8/site-packages/airflow/example_dags/example_sla_dag.py
[2023-11-16T06:18:42.193+0000] {logging_mixin.py:154} INFO - [2023-11-16T06:18:42.193+0000] {dag.py:2941} INFO - Sync 1 DAGs
[2023-11-16T06:18:42.207+0000] {logging_mixin.py:154} INFO - [2023-11-16T06:18:42.207+0000] {dag.py:3722} INFO - Setting next_dagrun for example_sla_dag to 2023-11-16T06:16:00+00:00, run_after=2023-11-16T06:18:00+00:00
[2023-11-16T06:18:42.217+0000] {processor.py:179} INFO - Processing /home/airflow/.local/lib/python3.8/site-packages/airflow/example_dags/example_sla_dag.py took 0.047 seconds
[2023-11-16T06:19:12.264+0000] {processor.py:157} INFO - Started process (PID=160) to work on /home/airflow/.local/lib/python3.8/site-packages/airflow/example_dags/example_sla_dag.py
[2023-11-16T06:19:12.265+0000] {processor.py:829} INFO - Processing file /home/airflow/.local/lib/python3.8/site-packages/airflow/example_dags/example_sla_dag.py for tasks to queue
[2023-11-16T06:19:12.266+0000] {logging_mixin.py:154} INFO - [2023-11-16T06:19:12.266+0000] {dagbag.py:536} INFO - Filling up the DagBag from /home/airflow/.local/lib/python3.8/site-packages/airflow/example_dags/example_sla_dag.py
[2023-11-16T06:19:12.271+0000] {processor.py:839} INFO - DAG(s) dict_keys(['example_sla_dag']) retrieved from /home/airflow/.local/lib/python3.8/site-packages/airflow/example_dags/example_sla_dag.py
[2023-11-16T06:19:12.284+0000] {logging_mixin.py:154} INFO - [2023-11-16T06:19:12.284+0000] {dag.py:2941} INFO - Sync 1 DAGs
[2023-11-16T06:19:12.297+0000] {logging_mixin.py:154} INFO - [2023-11-16T06:19:12.297+0000] {dag.py:3722} INFO - Setting next_dagrun for example_sla_dag to 2023-11-16T06:16:00+00:00, run_after=2023-11-16T06:18:00+00:00
[2023-11-16T06:19:12.308+0000] {processor.py:179} INFO - Processing /home/airflow/.local/lib/python3.8/site-packages/airflow/example_dags/example_sla_dag.py took 0.046 seconds
[2023-11-16T06:19:42.619+0000] {processor.py:157} INFO - Started process (PID=214) to work on /home/airflow/.local/lib/python3.8/site-packages/airflow/example_dags/example_sla_dag.py
[2023-11-16T06:19:42.619+0000] {processor.py:829} INFO - Processing file /home/airflow/.local/lib/python3.8/site-packages/airflow/example_dags/example_sla_dag.py for tasks to queue
[2023-11-16T06:19:42.621+0000] {logging_mixin.py:154} INFO - [2023-11-16T06:19:42.621+0000] {dagbag.py:536} INFO - Filling up the DagBag from /home/airflow/.local/lib/python3.8/site-packages/airflow/example_dags/example_sla_dag.py
[2023-11-16T06:19:42.625+0000] {processor.py:839} INFO - DAG(s) dict_keys(['example_sla_dag']) retrieved from /home/airflow/.local/lib/python3.8/site-packages/airflow/example_dags/example_sla_dag.py
[2023-11-16T06:19:42.636+0000] {logging_mixin.py:154} INFO - [2023-11-16T06:19:42.636+0000] {dag.py:2941} INFO - Sync 1 DAGs
[2023-11-16T06:19:42.651+0000] {logging_mixin.py:154} INFO - [2023-11-16T06:19:42.650+0000] {dag.py:3722} INFO - Setting next_dagrun for example_sla_dag to 2023-11-16T06:16:00+00:00, run_after=2023-11-16T06:18:00+00:00
[2023-11-16T06:19:42.661+0000] {processor.py:179} INFO - Processing /home/airflow/.local/lib/python3.8/site-packages/airflow/example_dags/example_sla_dag.py took 0.045 seconds
[2023-11-16T06:20:12.947+0000] {processor.py:157} INFO - Started process (PID=268) to work on /home/airflow/.local/lib/python3.8/site-packages/airflow/example_dags/example_sla_dag.py
[2023-11-16T06:20:12.947+0000] {processor.py:829} INFO - Processing file /home/airflow/.local/lib/python3.8/site-packages/airflow/example_dags/example_sla_dag.py for tasks to queue
[2023-11-16T06:20:12.949+0000] {logging_mixin.py:154} INFO - [2023-11-16T06:20:12.949+0000] {dagbag.py:536} INFO - Filling up the DagBag from /home/airflow/.local/lib/python3.8/site-packages/airflow/example_dags/example_sla_dag.py
[2023-11-16T06:20:12.954+0000] {processor.py:839} INFO - DAG(s) dict_keys(['example_sla_dag']) retrieved from /home/airflow/.local/lib/python3.8/site-packages/airflow/example_dags/example_sla_dag.py
[2023-11-16T06:20:12.966+0000] {logging_mixin.py:154} INFO - [2023-11-16T06:20:12.965+0000] {dag.py:2941} INFO - Sync 1 DAGs
[2023-11-16T06:20:12.979+0000] {logging_mixin.py:154} INFO - [2023-11-16T06:20:12.979+0000] {dag.py:3722} INFO - Setting next_dagrun for example_sla_dag to 2023-11-16T06:18:00+00:00, run_after=2023-11-16T06:20:00+00:00
[2023-11-16T06:20:12.987+0000] {processor.py:179} INFO - Processing /home/airflow/.local/lib/python3.8/site-packages/airflow/example_dags/example_sla_dag.py took 0.043 seconds
[2023-11-16T06:20:43.886+0000] {processor.py:157} INFO - Started process (PID=322) to work on /home/airflow/.local/lib/python3.8/site-packages/airflow/example_dags/example_sla_dag.py
[2023-11-16T06:20:43.894+0000] {processor.py:829} INFO - Processing file /home/airflow/.local/lib/python3.8/site-packages/airflow/example_dags/example_sla_dag.py for tasks to queue
[2023-11-16T06:20:43.902+0000] {logging_mixin.py:154} INFO - [2023-11-16T06:20:43.902+0000] {dagbag.py:536} INFO - Filling up the DagBag from /home/airflow/.local/lib/python3.8/site-packages/airflow/example_dags/example_sla_dag.py
[2023-11-16T06:20:43.912+0000] {processor.py:839} INFO - DAG(s) dict_keys(['example_sla_dag']) retrieved from /home/airflow/.local/lib/python3.8/site-packages/airflow/example_dags/example_sla_dag.py
[2023-11-16T06:20:43.927+0000] {logging_mixin.py:154} INFO - [2023-11-16T06:20:43.927+0000] {dag.py:2941} INFO - Sync 1 DAGs
[2023-11-16T06:20:43.941+0000] {logging_mixin.py:154} INFO - [2023-11-16T06:20:43.941+0000] {dag.py:3722} INFO - Setting next_dagrun for example_sla_dag to 2023-11-16T06:18:00+00:00, run_after=2023-11-16T06:20:00+00:00
[2023-11-16T06:20:43.951+0000] {processor.py:179} INFO - Processing /home/airflow/.local/lib/python3.8/site-packages/airflow/example_dags/example_sla_dag.py took 0.067 seconds
[2023-11-16T06:21:13.964+0000] {processor.py:157} INFO - Started process (PID=376) to work on /home/airflow/.local/lib/python3.8/site-packages/airflow/example_dags/example_sla_dag.py
[2023-11-16T06:21:13.965+0000] {processor.py:829} INFO - Processing file /home/airflow/.local/lib/python3.8/site-packages/airflow/example_dags/example_sla_dag.py for tasks to queue
[2023-11-16T06:21:13.966+0000] {logging_mixin.py:154} INFO - [2023-11-16T06:21:13.966+0000] {dagbag.py:536} INFO - Filling up the DagBag from /home/airflow/.local/lib/python3.8/site-packages/airflow/example_dags/example_sla_dag.py
[2023-11-16T06:21:13.971+0000] {processor.py:839} INFO - DAG(s) dict_keys(['example_sla_dag']) retrieved from /home/airflow/.local/lib/python3.8/site-packages/airflow/example_dags/example_sla_dag.py
[2023-11-16T06:21:13.983+0000] {logging_mixin.py:154} INFO - [2023-11-16T06:21:13.982+0000] {dag.py:2941} INFO - Sync 1 DAGs
[2023-11-16T06:21:13.995+0000] {logging_mixin.py:154} INFO - [2023-11-16T06:21:13.995+0000] {dag.py:3722} INFO - Setting next_dagrun for example_sla_dag to 2023-11-16T06:18:00+00:00, run_after=2023-11-16T06:20:00+00:00
[2023-11-16T06:21:14.003+0000] {processor.py:179} INFO - Processing /home/airflow/.local/lib/python3.8/site-packages/airflow/example_dags/example_sla_dag.py took 0.042 seconds
[2023-11-16T06:21:44.179+0000] {processor.py:157} INFO - Started process (PID=430) to work on /home/airflow/.local/lib/python3.8/site-packages/airflow/example_dags/example_sla_dag.py
[2023-11-16T06:21:44.180+0000] {processor.py:829} INFO - Processing file /home/airflow/.local/lib/python3.8/site-packages/airflow/example_dags/example_sla_dag.py for tasks to queue
[2023-11-16T06:21:44.181+0000] {logging_mixin.py:154} INFO - [2023-11-16T06:21:44.181+0000] {dagbag.py:536} INFO - Filling up the DagBag from /home/airflow/.local/lib/python3.8/site-packages/airflow/example_dags/example_sla_dag.py
[2023-11-16T06:21:44.186+0000] {processor.py:839} INFO - DAG(s) dict_keys(['example_sla_dag']) retrieved from /home/airflow/.local/lib/python3.8/site-packages/airflow/example_dags/example_sla_dag.py
[2023-11-16T06:21:44.197+0000] {logging_mixin.py:154} INFO - [2023-11-16T06:21:44.197+0000] {dag.py:2941} INFO - Sync 1 DAGs
[2023-11-16T06:21:44.210+0000] {logging_mixin.py:154} INFO - [2023-11-16T06:21:44.210+0000] {dag.py:3722} INFO - Setting next_dagrun for example_sla_dag to 2023-11-16T06:18:00+00:00, run_after=2023-11-16T06:20:00+00:00
[2023-11-16T06:21:44.219+0000] {processor.py:179} INFO - Processing /home/airflow/.local/lib/python3.8/site-packages/airflow/example_dags/example_sla_dag.py took 0.042 seconds
[2023-11-16T06:22:14.431+0000] {processor.py:157} INFO - Started process (PID=484) to work on /home/airflow/.local/lib/python3.8/site-packages/airflow/example_dags/example_sla_dag.py
[2023-11-16T06:22:14.431+0000] {processor.py:829} INFO - Processing file /home/airflow/.local/lib/python3.8/site-packages/airflow/example_dags/example_sla_dag.py for tasks to queue
[2023-11-16T06:22:14.433+0000] {logging_mixin.py:154} INFO - [2023-11-16T06:22:14.432+0000] {dagbag.py:536} INFO - Filling up the DagBag from /home/airflow/.local/lib/python3.8/site-packages/airflow/example_dags/example_sla_dag.py
[2023-11-16T06:22:14.438+0000] {processor.py:839} INFO - DAG(s) dict_keys(['example_sla_dag']) retrieved from /home/airflow/.local/lib/python3.8/site-packages/airflow/example_dags/example_sla_dag.py
[2023-11-16T06:22:14.449+0000] {logging_mixin.py:154} INFO - [2023-11-16T06:22:14.449+0000] {dag.py:2941} INFO - Sync 1 DAGs
[2023-11-16T06:22:14.463+0000] {logging_mixin.py:154} INFO - [2023-11-16T06:22:14.462+0000] {dag.py:3722} INFO - Setting next_dagrun for example_sla_dag to 2023-11-16T06:20:00+00:00, run_after=2023-11-16T06:22:00+00:00
[2023-11-16T06:22:14.471+0000] {processor.py:179} INFO - Processing /home/airflow/.local/lib/python3.8/site-packages/airflow/example_dags/example_sla_dag.py took 0.043 seconds
[2023-11-16T06:22:44.611+0000] {processor.py:157} INFO - Started process (PID=538) to work on /home/airflow/.local/lib/python3.8/site-packages/airflow/example_dags/example_sla_dag.py
[2023-11-16T06:22:44.612+0000] {processor.py:829} INFO - Processing file /home/airflow/.local/lib/python3.8/site-packages/airflow/example_dags/example_sla_dag.py for tasks to queue
[2023-11-16T06:22:44.613+0000] {logging_mixin.py:154} INFO - [2023-11-16T06:22:44.613+0000] {dagbag.py:536} INFO - Filling up the DagBag from /home/airflow/.local/lib/python3.8/site-packages/airflow/example_dags/example_sla_dag.py
[2023-11-16T06:22:44.618+0000] {processor.py:839} INFO - DAG(s) dict_keys(['example_sla_dag']) retrieved from /home/airflow/.local/lib/python3.8/site-packages/airflow/example_dags/example_sla_dag.py
[2023-11-16T06:22:44.629+0000] {logging_mixin.py:154} INFO - [2023-11-16T06:22:44.629+0000] {dag.py:2941} INFO - Sync 1 DAGs
[2023-11-16T06:22:44.642+0000] {logging_mixin.py:154} INFO - [2023-11-16T06:22:44.642+0000] {dag.py:3722} INFO - Setting next_dagrun for example_sla_dag to 2023-11-16T06:20:00+00:00, run_after=2023-11-16T06:22:00+00:00
[2023-11-16T06:22:44.651+0000] {processor.py:179} INFO - Processing /home/airflow/.local/lib/python3.8/site-packages/airflow/example_dags/example_sla_dag.py took 0.042 seconds
[2023-11-16T06:23:14.857+0000] {processor.py:157} INFO - Started process (PID=592) to work on /home/airflow/.local/lib/python3.8/site-packages/airflow/example_dags/example_sla_dag.py
[2023-11-16T06:23:14.859+0000] {processor.py:829} INFO - Processing file /home/airflow/.local/lib/python3.8/site-packages/airflow/example_dags/example_sla_dag.py for tasks to queue
[2023-11-16T06:23:14.862+0000] {logging_mixin.py:154} INFO - [2023-11-16T06:23:14.862+0000] {dagbag.py:536} INFO - Filling up the DagBag from /home/airflow/.local/lib/python3.8/site-packages/airflow/example_dags/example_sla_dag.py
[2023-11-16T06:23:14.868+0000] {processor.py:839} INFO - DAG(s) dict_keys(['example_sla_dag']) retrieved from /home/airflow/.local/lib/python3.8/site-packages/airflow/example_dags/example_sla_dag.py
[2023-11-16T06:23:14.885+0000] {logging_mixin.py:154} INFO - [2023-11-16T06:23:14.885+0000] {dag.py:2941} INFO - Sync 1 DAGs
[2023-11-16T06:23:14.900+0000] {logging_mixin.py:154} INFO - [2023-11-16T06:23:14.900+0000] {dag.py:3722} INFO - Setting next_dagrun for example_sla_dag to 2023-11-16T06:20:00+00:00, run_after=2023-11-16T06:22:00+00:00
[2023-11-16T06:23:14.911+0000] {processor.py:179} INFO - Processing /home/airflow/.local/lib/python3.8/site-packages/airflow/example_dags/example_sla_dag.py took 0.057 seconds
[2023-11-16T06:23:45.064+0000] {processor.py:157} INFO - Started process (PID=646) to work on /home/airflow/.local/lib/python3.8/site-packages/airflow/example_dags/example_sla_dag.py
[2023-11-16T06:23:45.065+0000] {processor.py:829} INFO - Processing file /home/airflow/.local/lib/python3.8/site-packages/airflow/example_dags/example_sla_dag.py for tasks to queue
[2023-11-16T06:23:45.066+0000] {logging_mixin.py:154} INFO - [2023-11-16T06:23:45.066+0000] {dagbag.py:536} INFO - Filling up the DagBag from /home/airflow/.local/lib/python3.8/site-packages/airflow/example_dags/example_sla_dag.py
[2023-11-16T06:23:45.071+0000] {processor.py:839} INFO - DAG(s) dict_keys(['example_sla_dag']) retrieved from /home/airflow/.local/lib/python3.8/site-packages/airflow/example_dags/example_sla_dag.py
[2023-11-16T06:23:45.082+0000] {logging_mixin.py:154} INFO - [2023-11-16T06:23:45.082+0000] {dag.py:2941} INFO - Sync 1 DAGs
[2023-11-16T06:23:45.095+0000] {logging_mixin.py:154} INFO - [2023-11-16T06:23:45.095+0000] {dag.py:3722} INFO - Setting next_dagrun for example_sla_dag to 2023-11-16T06:20:00+00:00, run_after=2023-11-16T06:22:00+00:00
[2023-11-16T06:23:45.104+0000] {processor.py:179} INFO - Processing /home/airflow/.local/lib/python3.8/site-packages/airflow/example_dags/example_sla_dag.py took 0.041 seconds
[2023-11-16T06:24:15.304+0000] {processor.py:157} INFO - Started process (PID=700) to work on /home/airflow/.local/lib/python3.8/site-packages/airflow/example_dags/example_sla_dag.py
[2023-11-16T06:24:15.305+0000] {processor.py:829} INFO - Processing file /home/airflow/.local/lib/python3.8/site-packages/airflow/example_dags/example_sla_dag.py for tasks to queue
[2023-11-16T06:24:15.306+0000] {logging_mixin.py:154} INFO - [2023-11-16T06:24:15.306+0000] {dagbag.py:536} INFO - Filling up the DagBag from /home/airflow/.local/lib/python3.8/site-packages/airflow/example_dags/example_sla_dag.py
[2023-11-16T06:24:15.311+0000] {processor.py:839} INFO - DAG(s) dict_keys(['example_sla_dag']) retrieved from /home/airflow/.local/lib/python3.8/site-packages/airflow/example_dags/example_sla_dag.py
[2023-11-16T06:24:15.322+0000] {logging_mixin.py:154} INFO - [2023-11-16T06:24:15.322+0000] {dag.py:2941} INFO - Sync 1 DAGs
[2023-11-16T06:24:15.335+0000] {logging_mixin.py:154} INFO - [2023-11-16T06:24:15.335+0000] {dag.py:3722} INFO - Setting next_dagrun for example_sla_dag to 2023-11-16T06:22:00+00:00, run_after=2023-11-16T06:24:00+00:00
[2023-11-16T06:24:15.344+0000] {processor.py:179} INFO - Processing /home/airflow/.local/lib/python3.8/site-packages/airflow/example_dags/example_sla_dag.py took 0.042 seconds
[2023-11-16T06:24:45.511+0000] {processor.py:157} INFO - Started process (PID=754) to work on /home/airflow/.local/lib/python3.8/site-packages/airflow/example_dags/example_sla_dag.py
[2023-11-16T06:24:45.512+0000] {processor.py:829} INFO - Processing file /home/airflow/.local/lib/python3.8/site-packages/airflow/example_dags/example_sla_dag.py for tasks to queue
[2023-11-16T06:24:45.514+0000] {logging_mixin.py:154} INFO - [2023-11-16T06:24:45.514+0000] {dagbag.py:536} INFO - Filling up the DagBag from /home/airflow/.local/lib/python3.8/site-packages/airflow/example_dags/example_sla_dag.py
[2023-11-16T06:24:45.520+0000] {processor.py:839} INFO - DAG(s) dict_keys(['example_sla_dag']) retrieved from /home/airflow/.local/lib/python3.8/site-packages/airflow/example_dags/example_sla_dag.py
[2023-11-16T06:24:45.531+0000] {logging_mixin.py:154} INFO - [2023-11-16T06:24:45.531+0000] {dag.py:2941} INFO - Sync 1 DAGs
[2023-11-16T06:24:45.545+0000] {logging_mixin.py:154} INFO - [2023-11-16T06:24:45.544+0000] {dag.py:3722} INFO - Setting next_dagrun for example_sla_dag to 2023-11-16T06:22:00+00:00, run_after=2023-11-16T06:24:00+00:00
[2023-11-16T06:24:45.553+0000] {processor.py:179} INFO - Processing /home/airflow/.local/lib/python3.8/site-packages/airflow/example_dags/example_sla_dag.py took 0.044 seconds
[2023-11-16T06:25:15.911+0000] {processor.py:157} INFO - Started process (PID=808) to work on /home/airflow/.local/lib/python3.8/site-packages/airflow/example_dags/example_sla_dag.py
[2023-11-16T06:25:15.912+0000] {processor.py:829} INFO - Processing file /home/airflow/.local/lib/python3.8/site-packages/airflow/example_dags/example_sla_dag.py for tasks to queue
[2023-11-16T06:25:15.913+0000] {logging_mixin.py:154} INFO - [2023-11-16T06:25:15.913+0000] {dagbag.py:536} INFO - Filling up the DagBag from /home/airflow/.local/lib/python3.8/site-packages/airflow/example_dags/example_sla_dag.py
[2023-11-16T06:25:15.919+0000] {processor.py:839} INFO - DAG(s) dict_keys(['example_sla_dag']) retrieved from /home/airflow/.local/lib/python3.8/site-packages/airflow/example_dags/example_sla_dag.py
[2023-11-16T06:25:15.931+0000] {logging_mixin.py:154} INFO - [2023-11-16T06:25:15.931+0000] {dag.py:2941} INFO - Sync 1 DAGs
[2023-11-16T06:25:15.945+0000] {logging_mixin.py:154} INFO - [2023-11-16T06:25:15.945+0000] {dag.py:3722} INFO - Setting next_dagrun for example_sla_dag to 2023-11-16T06:22:00+00:00, run_after=2023-11-16T06:24:00+00:00
[2023-11-16T06:25:15.955+0000] {processor.py:179} INFO - Processing /home/airflow/.local/lib/python3.8/site-packages/airflow/example_dags/example_sla_dag.py took 0.046 seconds
[2023-11-16T06:25:46.579+0000] {processor.py:157} INFO - Started process (PID=862) to work on /home/airflow/.local/lib/python3.8/site-packages/airflow/example_dags/example_sla_dag.py
[2023-11-16T06:25:46.580+0000] {processor.py:829} INFO - Processing file /home/airflow/.local/lib/python3.8/site-packages/airflow/example_dags/example_sla_dag.py for tasks to queue
[2023-11-16T06:25:46.582+0000] {logging_mixin.py:154} INFO - [2023-11-16T06:25:46.582+0000] {dagbag.py:536} INFO - Filling up the DagBag from /home/airflow/.local/lib/python3.8/site-packages/airflow/example_dags/example_sla_dag.py
[2023-11-16T06:25:46.587+0000] {processor.py:839} INFO - DAG(s) dict_keys(['example_sla_dag']) retrieved from /home/airflow/.local/lib/python3.8/site-packages/airflow/example_dags/example_sla_dag.py
[2023-11-16T06:25:46.601+0000] {logging_mixin.py:154} INFO - [2023-11-16T06:25:46.601+0000] {dag.py:2941} INFO - Sync 1 DAGs
[2023-11-16T06:25:46.616+0000] {logging_mixin.py:154} INFO - [2023-11-16T06:25:46.616+0000] {dag.py:3722} INFO - Setting next_dagrun for example_sla_dag to 2023-11-16T06:22:00+00:00, run_after=2023-11-16T06:24:00+00:00
[2023-11-16T06:25:46.660+0000] {processor.py:179} INFO - Processing /home/airflow/.local/lib/python3.8/site-packages/airflow/example_dags/example_sla_dag.py took 0.083 seconds
[2023-11-16T06:26:17.102+0000] {processor.py:157} INFO - Started process (PID=916) to work on /home/airflow/.local/lib/python3.8/site-packages/airflow/example_dags/example_sla_dag.py
[2023-11-16T06:26:17.111+0000] {processor.py:829} INFO - Processing file /home/airflow/.local/lib/python3.8/site-packages/airflow/example_dags/example_sla_dag.py for tasks to queue
[2023-11-16T06:26:17.119+0000] {logging_mixin.py:154} INFO - [2023-11-16T06:26:17.119+0000] {dagbag.py:536} INFO - Filling up the DagBag from /home/airflow/.local/lib/python3.8/site-packages/airflow/example_dags/example_sla_dag.py
[2023-11-16T06:26:17.126+0000] {processor.py:839} INFO - DAG(s) dict_keys(['example_sla_dag']) retrieved from /home/airflow/.local/lib/python3.8/site-packages/airflow/example_dags/example_sla_dag.py
[2023-11-16T06:26:17.141+0000] {logging_mixin.py:154} INFO - [2023-11-16T06:26:17.141+0000] {dag.py:2941} INFO - Sync 1 DAGs
[2023-11-16T06:26:17.156+0000] {logging_mixin.py:154} INFO - [2023-11-16T06:26:17.156+0000] {dag.py:3722} INFO - Setting next_dagrun for example_sla_dag to 2023-11-16T06:24:00+00:00, run_after=2023-11-16T06:26:00+00:00
[2023-11-16T06:26:17.166+0000] {processor.py:179} INFO - Processing /home/airflow/.local/lib/python3.8/site-packages/airflow/example_dags/example_sla_dag.py took 0.067 seconds
[2023-11-16T06:26:48.034+0000] {processor.py:157} INFO - Started process (PID=970) to work on /home/airflow/.local/lib/python3.8/site-packages/airflow/example_dags/example_sla_dag.py
[2023-11-16T06:26:48.036+0000] {processor.py:829} INFO - Processing file /home/airflow/.local/lib/python3.8/site-packages/airflow/example_dags/example_sla_dag.py for tasks to queue
[2023-11-16T06:26:48.038+0000] {logging_mixin.py:154} INFO - [2023-11-16T06:26:48.038+0000] {dagbag.py:536} INFO - Filling up the DagBag from /home/airflow/.local/lib/python3.8/site-packages/airflow/example_dags/example_sla_dag.py
[2023-11-16T06:26:48.057+0000] {processor.py:839} INFO - DAG(s) dict_keys(['example_sla_dag']) retrieved from /home/airflow/.local/lib/python3.8/site-packages/airflow/example_dags/example_sla_dag.py
[2023-11-16T06:26:48.074+0000] {logging_mixin.py:154} INFO - [2023-11-16T06:26:48.074+0000] {dag.py:2941} INFO - Sync 1 DAGs
[2023-11-16T06:26:48.103+0000] {logging_mixin.py:154} INFO - [2023-11-16T06:26:48.103+0000] {dag.py:3722} INFO - Setting next_dagrun for example_sla_dag to 2023-11-16T06:24:00+00:00, run_after=2023-11-16T06:26:00+00:00
[2023-11-16T06:26:48.120+0000] {processor.py:179} INFO - Processing /home/airflow/.local/lib/python3.8/site-packages/airflow/example_dags/example_sla_dag.py took 0.090 seconds
[2023-11-16T06:27:19.492+0000] {processor.py:157} INFO - Started process (PID=1024) to work on /home/airflow/.local/lib/python3.8/site-packages/airflow/example_dags/example_sla_dag.py
[2023-11-16T06:27:19.493+0000] {processor.py:829} INFO - Processing file /home/airflow/.local/lib/python3.8/site-packages/airflow/example_dags/example_sla_dag.py for tasks to queue
[2023-11-16T06:27:19.494+0000] {logging_mixin.py:154} INFO - [2023-11-16T06:27:19.494+0000] {dagbag.py:536} INFO - Filling up the DagBag from /home/airflow/.local/lib/python3.8/site-packages/airflow/example_dags/example_sla_dag.py
[2023-11-16T06:27:19.500+0000] {processor.py:839} INFO - DAG(s) dict_keys(['example_sla_dag']) retrieved from /home/airflow/.local/lib/python3.8/site-packages/airflow/example_dags/example_sla_dag.py
[2023-11-16T06:27:19.513+0000] {logging_mixin.py:154} INFO - [2023-11-16T06:27:19.513+0000] {dag.py:2941} INFO - Sync 1 DAGs
[2023-11-16T06:27:19.652+0000] {logging_mixin.py:154} INFO - [2023-11-16T06:27:19.652+0000] {dag.py:3722} INFO - Setting next_dagrun for example_sla_dag to 2023-11-16T06:24:00+00:00, run_after=2023-11-16T06:26:00+00:00
[2023-11-16T06:27:19.662+0000] {processor.py:179} INFO - Processing /home/airflow/.local/lib/python3.8/site-packages/airflow/example_dags/example_sla_dag.py took 0.173 seconds
[2023-11-16T06:27:50.447+0000] {processor.py:157} INFO - Started process (PID=1078) to work on /home/airflow/.local/lib/python3.8/site-packages/airflow/example_dags/example_sla_dag.py
[2023-11-16T06:27:50.447+0000] {processor.py:829} INFO - Processing file /home/airflow/.local/lib/python3.8/site-packages/airflow/example_dags/example_sla_dag.py for tasks to queue
[2023-11-16T06:27:50.449+0000] {logging_mixin.py:154} INFO - [2023-11-16T06:27:50.449+0000] {dagbag.py:536} INFO - Filling up the DagBag from /home/airflow/.local/lib/python3.8/site-packages/airflow/example_dags/example_sla_dag.py
[2023-11-16T06:27:50.454+0000] {processor.py:839} INFO - DAG(s) dict_keys(['example_sla_dag']) retrieved from /home/airflow/.local/lib/python3.8/site-packages/airflow/example_dags/example_sla_dag.py
[2023-11-16T06:27:50.466+0000] {logging_mixin.py:154} INFO - [2023-11-16T06:27:50.466+0000] {dag.py:2941} INFO - Sync 1 DAGs
[2023-11-16T06:27:50.480+0000] {logging_mixin.py:154} INFO - [2023-11-16T06:27:50.480+0000] {dag.py:3722} INFO - Setting next_dagrun for example_sla_dag to 2023-11-16T06:24:00+00:00, run_after=2023-11-16T06:26:00+00:00
[2023-11-16T06:27:50.581+0000] {processor.py:179} INFO - Processing /home/airflow/.local/lib/python3.8/site-packages/airflow/example_dags/example_sla_dag.py took 0.137 seconds
[2023-11-16T06:28:20.602+0000] {processor.py:157} INFO - Started process (PID=1132) to work on /home/airflow/.local/lib/python3.8/site-packages/airflow/example_dags/example_sla_dag.py
[2023-11-16T06:28:20.603+0000] {processor.py:829} INFO - Processing file /home/airflow/.local/lib/python3.8/site-packages/airflow/example_dags/example_sla_dag.py for tasks to queue
[2023-11-16T06:28:20.604+0000] {logging_mixin.py:154} INFO - [2023-11-16T06:28:20.604+0000] {dagbag.py:536} INFO - Filling up the DagBag from /home/airflow/.local/lib/python3.8/site-packages/airflow/example_dags/example_sla_dag.py
[2023-11-16T06:28:20.609+0000] {processor.py:839} INFO - DAG(s) dict_keys(['example_sla_dag']) retrieved from /home/airflow/.local/lib/python3.8/site-packages/airflow/example_dags/example_sla_dag.py
[2023-11-16T06:28:20.620+0000] {logging_mixin.py:154} INFO - [2023-11-16T06:28:20.620+0000] {dag.py:2941} INFO - Sync 1 DAGs
[2023-11-16T06:28:20.631+0000] {logging_mixin.py:154} INFO - [2023-11-16T06:28:20.631+0000] {dag.py:3722} INFO - Setting next_dagrun for example_sla_dag to 2023-11-16T06:26:00+00:00, run_after=2023-11-16T06:28:00+00:00
[2023-11-16T06:28:20.639+0000] {processor.py:179} INFO - Processing /home/airflow/.local/lib/python3.8/site-packages/airflow/example_dags/example_sla_dag.py took 0.039 seconds
[2023-11-16T06:28:51.267+0000] {processor.py:157} INFO - Started process (PID=1186) to work on /home/airflow/.local/lib/python3.8/site-packages/airflow/example_dags/example_sla_dag.py
[2023-11-16T06:28:51.267+0000] {processor.py:829} INFO - Processing file /home/airflow/.local/lib/python3.8/site-packages/airflow/example_dags/example_sla_dag.py for tasks to queue
[2023-11-16T06:28:51.269+0000] {logging_mixin.py:154} INFO - [2023-11-16T06:28:51.269+0000] {dagbag.py:536} INFO - Filling up the DagBag from /home/airflow/.local/lib/python3.8/site-packages/airflow/example_dags/example_sla_dag.py
[2023-11-16T06:28:51.274+0000] {processor.py:839} INFO - DAG(s) dict_keys(['example_sla_dag']) retrieved from /home/airflow/.local/lib/python3.8/site-packages/airflow/example_dags/example_sla_dag.py
[2023-11-16T06:28:51.285+0000] {logging_mixin.py:154} INFO - [2023-11-16T06:28:51.284+0000] {dag.py:2941} INFO - Sync 1 DAGs
[2023-11-16T06:28:51.298+0000] {logging_mixin.py:154} INFO - [2023-11-16T06:28:51.297+0000] {dag.py:3722} INFO - Setting next_dagrun for example_sla_dag to 2023-11-16T06:26:00+00:00, run_after=2023-11-16T06:28:00+00:00
[2023-11-16T06:28:51.307+0000] {processor.py:179} INFO - Processing /home/airflow/.local/lib/python3.8/site-packages/airflow/example_dags/example_sla_dag.py took 0.043 seconds
[2023-11-16T06:29:22.254+0000] {processor.py:157} INFO - Started process (PID=1240) to work on /home/airflow/.local/lib/python3.8/site-packages/airflow/example_dags/example_sla_dag.py
[2023-11-16T06:29:22.255+0000] {processor.py:829} INFO - Processing file /home/airflow/.local/lib/python3.8/site-packages/airflow/example_dags/example_sla_dag.py for tasks to queue
[2023-11-16T06:29:22.256+0000] {logging_mixin.py:154} INFO - [2023-11-16T06:29:22.256+0000] {dagbag.py:536} INFO - Filling up the DagBag from /home/airflow/.local/lib/python3.8/site-packages/airflow/example_dags/example_sla_dag.py
[2023-11-16T06:29:22.261+0000] {processor.py:839} INFO - DAG(s) dict_keys(['example_sla_dag']) retrieved from /home/airflow/.local/lib/python3.8/site-packages/airflow/example_dags/example_sla_dag.py
[2023-11-16T06:29:22.363+0000] {logging_mixin.py:154} INFO - [2023-11-16T06:29:22.363+0000] {dag.py:2941} INFO - Sync 1 DAGs
[2023-11-16T06:29:22.374+0000] {logging_mixin.py:154} INFO - [2023-11-16T06:29:22.373+0000] {dag.py:3722} INFO - Setting next_dagrun for example_sla_dag to 2023-11-16T06:26:00+00:00, run_after=2023-11-16T06:28:00+00:00
[2023-11-16T06:29:22.381+0000] {processor.py:179} INFO - Processing /home/airflow/.local/lib/python3.8/site-packages/airflow/example_dags/example_sla_dag.py took 0.129 seconds
[2023-11-16T06:29:52.922+0000] {processor.py:157} INFO - Started process (PID=1294) to work on /home/airflow/.local/lib/python3.8/site-packages/airflow/example_dags/example_sla_dag.py
[2023-11-16T06:29:52.923+0000] {processor.py:829} INFO - Processing file /home/airflow/.local/lib/python3.8/site-packages/airflow/example_dags/example_sla_dag.py for tasks to queue
[2023-11-16T06:29:52.924+0000] {logging_mixin.py:154} INFO - [2023-11-16T06:29:52.924+0000] {dagbag.py:536} INFO - Filling up the DagBag from /home/airflow/.local/lib/python3.8/site-packages/airflow/example_dags/example_sla_dag.py
[2023-11-16T06:29:52.929+0000] {processor.py:839} INFO - DAG(s) dict_keys(['example_sla_dag']) retrieved from /home/airflow/.local/lib/python3.8/site-packages/airflow/example_dags/example_sla_dag.py
[2023-11-16T06:29:52.941+0000] {logging_mixin.py:154} INFO - [2023-11-16T06:29:52.941+0000] {dag.py:2941} INFO - Sync 1 DAGs
[2023-11-16T06:29:53.035+0000] {logging_mixin.py:154} INFO - [2023-11-16T06:29:53.034+0000] {dag.py:3722} INFO - Setting next_dagrun for example_sla_dag to 2023-11-16T06:26:00+00:00, run_after=2023-11-16T06:28:00+00:00
[2023-11-16T06:29:53.042+0000] {processor.py:179} INFO - Processing /home/airflow/.local/lib/python3.8/site-packages/airflow/example_dags/example_sla_dag.py took 0.122 seconds
[2023-11-16T06:30:23.571+0000] {processor.py:157} INFO - Started process (PID=1348) to work on /home/airflow/.local/lib/python3.8/site-packages/airflow/example_dags/example_sla_dag.py
[2023-11-16T06:30:23.572+0000] {processor.py:829} INFO - Processing file /home/airflow/.local/lib/python3.8/site-packages/airflow/example_dags/example_sla_dag.py for tasks to queue
[2023-11-16T06:30:23.573+0000] {logging_mixin.py:154} INFO - [2023-11-16T06:30:23.573+0000] {dagbag.py:536} INFO - Filling up the DagBag from /home/airflow/.local/lib/python3.8/site-packages/airflow/example_dags/example_sla_dag.py
[2023-11-16T06:30:23.579+0000] {processor.py:839} INFO - DAG(s) dict_keys(['example_sla_dag']) retrieved from /home/airflow/.local/lib/python3.8/site-packages/airflow/example_dags/example_sla_dag.py
[2023-11-16T06:30:23.589+0000] {logging_mixin.py:154} INFO - [2023-11-16T06:30:23.589+0000] {dag.py:2941} INFO - Sync 1 DAGs
[2023-11-16T06:30:23.603+0000] {logging_mixin.py:154} INFO - [2023-11-16T06:30:23.603+0000] {dag.py:3722} INFO - Setting next_dagrun for example_sla_dag to 2023-11-16T06:28:00+00:00, run_after=2023-11-16T06:30:00+00:00
[2023-11-16T06:30:23.611+0000] {processor.py:179} INFO - Processing /home/airflow/.local/lib/python3.8/site-packages/airflow/example_dags/example_sla_dag.py took 0.042 seconds
[2023-11-16T06:30:54.567+0000] {processor.py:157} INFO - Started process (PID=1402) to work on /home/airflow/.local/lib/python3.8/site-packages/airflow/example_dags/example_sla_dag.py
[2023-11-16T06:30:54.567+0000] {processor.py:829} INFO - Processing file /home/airflow/.local/lib/python3.8/site-packages/airflow/example_dags/example_sla_dag.py for tasks to queue
[2023-11-16T06:30:54.569+0000] {logging_mixin.py:154} INFO - [2023-11-16T06:30:54.569+0000] {dagbag.py:536} INFO - Filling up the DagBag from /home/airflow/.local/lib/python3.8/site-packages/airflow/example_dags/example_sla_dag.py
[2023-11-16T06:30:54.574+0000] {processor.py:839} INFO - DAG(s) dict_keys(['example_sla_dag']) retrieved from /home/airflow/.local/lib/python3.8/site-packages/airflow/example_dags/example_sla_dag.py
[2023-11-16T06:30:54.585+0000] {logging_mixin.py:154} INFO - [2023-11-16T06:30:54.585+0000] {dag.py:2941} INFO - Sync 1 DAGs
[2023-11-16T06:30:54.598+0000] {logging_mixin.py:154} INFO - [2023-11-16T06:30:54.598+0000] {dag.py:3722} INFO - Setting next_dagrun for example_sla_dag to 2023-11-16T06:28:00+00:00, run_after=2023-11-16T06:30:00+00:00
[2023-11-16T06:30:54.607+0000] {processor.py:179} INFO - Processing /home/airflow/.local/lib/python3.8/site-packages/airflow/example_dags/example_sla_dag.py took 0.042 seconds
[2023-11-16T06:31:25.507+0000] {processor.py:157} INFO - Started process (PID=1456) to work on /home/airflow/.local/lib/python3.8/site-packages/airflow/example_dags/example_sla_dag.py
[2023-11-16T06:31:25.508+0000] {processor.py:829} INFO - Processing file /home/airflow/.local/lib/python3.8/site-packages/airflow/example_dags/example_sla_dag.py for tasks to queue
[2023-11-16T06:31:25.509+0000] {logging_mixin.py:154} INFO - [2023-11-16T06:31:25.509+0000] {dagbag.py:536} INFO - Filling up the DagBag from /home/airflow/.local/lib/python3.8/site-packages/airflow/example_dags/example_sla_dag.py
[2023-11-16T06:31:25.514+0000] {processor.py:839} INFO - DAG(s) dict_keys(['example_sla_dag']) retrieved from /home/airflow/.local/lib/python3.8/site-packages/airflow/example_dags/example_sla_dag.py
[2023-11-16T06:31:25.526+0000] {logging_mixin.py:154} INFO - [2023-11-16T06:31:25.526+0000] {dag.py:2941} INFO - Sync 1 DAGs
[2023-11-16T06:31:25.542+0000] {logging_mixin.py:154} INFO - [2023-11-16T06:31:25.542+0000] {dag.py:3722} INFO - Setting next_dagrun for example_sla_dag to 2023-11-16T06:28:00+00:00, run_after=2023-11-16T06:30:00+00:00
[2023-11-16T06:31:25.550+0000] {processor.py:179} INFO - Processing /home/airflow/.local/lib/python3.8/site-packages/airflow/example_dags/example_sla_dag.py took 0.046 seconds
[2023-11-16T06:42:47.221+0000] {processor.py:157} INFO - Started process (PID=52) to work on /home/airflow/.local/lib/python3.8/site-packages/airflow/example_dags/example_sla_dag.py
[2023-11-16T06:42:47.222+0000] {processor.py:829} INFO - Processing file /home/airflow/.local/lib/python3.8/site-packages/airflow/example_dags/example_sla_dag.py for tasks to queue
[2023-11-16T06:42:47.224+0000] {logging_mixin.py:154} INFO - [2023-11-16T06:42:47.224+0000] {dagbag.py:536} INFO - Filling up the DagBag from /home/airflow/.local/lib/python3.8/site-packages/airflow/example_dags/example_sla_dag.py
[2023-11-16T06:42:47.234+0000] {processor.py:839} INFO - DAG(s) dict_keys(['example_sla_dag']) retrieved from /home/airflow/.local/lib/python3.8/site-packages/airflow/example_dags/example_sla_dag.py
[2023-11-16T06:42:47.250+0000] {logging_mixin.py:154} INFO - [2023-11-16T06:42:47.250+0000] {dag.py:2941} INFO - Sync 1 DAGs
[2023-11-16T06:42:47.269+0000] {logging_mixin.py:154} INFO - [2023-11-16T06:42:47.269+0000] {dag.py:3722} INFO - Setting next_dagrun for example_sla_dag to 2023-11-16T06:40:00+00:00, run_after=2023-11-16T06:42:00+00:00
[2023-11-16T06:42:47.282+0000] {processor.py:179} INFO - Processing /home/airflow/.local/lib/python3.8/site-packages/airflow/example_dags/example_sla_dag.py took 0.064 seconds
[2023-11-16T06:43:18.076+0000] {processor.py:157} INFO - Started process (PID=106) to work on /home/airflow/.local/lib/python3.8/site-packages/airflow/example_dags/example_sla_dag.py
[2023-11-16T06:43:18.077+0000] {processor.py:829} INFO - Processing file /home/airflow/.local/lib/python3.8/site-packages/airflow/example_dags/example_sla_dag.py for tasks to queue
[2023-11-16T06:43:18.078+0000] {logging_mixin.py:154} INFO - [2023-11-16T06:43:18.078+0000] {dagbag.py:536} INFO - Filling up the DagBag from /home/airflow/.local/lib/python3.8/site-packages/airflow/example_dags/example_sla_dag.py
[2023-11-16T06:43:18.083+0000] {processor.py:839} INFO - DAG(s) dict_keys(['example_sla_dag']) retrieved from /home/airflow/.local/lib/python3.8/site-packages/airflow/example_dags/example_sla_dag.py
[2023-11-16T06:43:18.096+0000] {logging_mixin.py:154} INFO - [2023-11-16T06:43:18.096+0000] {dag.py:2941} INFO - Sync 1 DAGs
[2023-11-16T06:43:18.110+0000] {logging_mixin.py:154} INFO - [2023-11-16T06:43:18.110+0000] {dag.py:3722} INFO - Setting next_dagrun for example_sla_dag to 2023-11-16T06:40:00+00:00, run_after=2023-11-16T06:42:00+00:00
[2023-11-16T06:43:18.122+0000] {processor.py:179} INFO - Processing /home/airflow/.local/lib/python3.8/site-packages/airflow/example_dags/example_sla_dag.py took 0.049 seconds
[2023-11-16T06:43:48.395+0000] {processor.py:157} INFO - Started process (PID=160) to work on /home/airflow/.local/lib/python3.8/site-packages/airflow/example_dags/example_sla_dag.py
[2023-11-16T06:43:48.396+0000] {processor.py:829} INFO - Processing file /home/airflow/.local/lib/python3.8/site-packages/airflow/example_dags/example_sla_dag.py for tasks to queue
[2023-11-16T06:43:48.397+0000] {logging_mixin.py:154} INFO - [2023-11-16T06:43:48.397+0000] {dagbag.py:536} INFO - Filling up the DagBag from /home/airflow/.local/lib/python3.8/site-packages/airflow/example_dags/example_sla_dag.py
[2023-11-16T06:43:48.402+0000] {processor.py:839} INFO - DAG(s) dict_keys(['example_sla_dag']) retrieved from /home/airflow/.local/lib/python3.8/site-packages/airflow/example_dags/example_sla_dag.py
[2023-11-16T06:43:48.413+0000] {logging_mixin.py:154} INFO - [2023-11-16T06:43:48.413+0000] {dag.py:2941} INFO - Sync 1 DAGs
[2023-11-16T06:43:48.426+0000] {logging_mixin.py:154} INFO - [2023-11-16T06:43:48.425+0000] {dag.py:3722} INFO - Setting next_dagrun for example_sla_dag to 2023-11-16T06:40:00+00:00, run_after=2023-11-16T06:42:00+00:00
[2023-11-16T06:43:48.434+0000] {processor.py:179} INFO - Processing /home/airflow/.local/lib/python3.8/site-packages/airflow/example_dags/example_sla_dag.py took 0.041 seconds
[2023-11-16T06:44:19.270+0000] {processor.py:157} INFO - Started process (PID=214) to work on /home/airflow/.local/lib/python3.8/site-packages/airflow/example_dags/example_sla_dag.py
[2023-11-16T06:44:19.271+0000] {processor.py:829} INFO - Processing file /home/airflow/.local/lib/python3.8/site-packages/airflow/example_dags/example_sla_dag.py for tasks to queue
[2023-11-16T06:44:19.273+0000] {logging_mixin.py:154} INFO - [2023-11-16T06:44:19.272+0000] {dagbag.py:536} INFO - Filling up the DagBag from /home/airflow/.local/lib/python3.8/site-packages/airflow/example_dags/example_sla_dag.py
[2023-11-16T06:44:19.277+0000] {processor.py:839} INFO - DAG(s) dict_keys(['example_sla_dag']) retrieved from /home/airflow/.local/lib/python3.8/site-packages/airflow/example_dags/example_sla_dag.py
[2023-11-16T06:44:19.289+0000] {logging_mixin.py:154} INFO - [2023-11-16T06:44:19.288+0000] {dag.py:2941} INFO - Sync 1 DAGs
[2023-11-16T06:44:19.301+0000] {logging_mixin.py:154} INFO - [2023-11-16T06:44:19.301+0000] {dag.py:3722} INFO - Setting next_dagrun for example_sla_dag to 2023-11-16T06:42:00+00:00, run_after=2023-11-16T06:44:00+00:00
[2023-11-16T06:44:19.310+0000] {processor.py:179} INFO - Processing /home/airflow/.local/lib/python3.8/site-packages/airflow/example_dags/example_sla_dag.py took 0.042 seconds
[2023-11-16T06:44:50.068+0000] {processor.py:157} INFO - Started process (PID=269) to work on /home/airflow/.local/lib/python3.8/site-packages/airflow/example_dags/example_sla_dag.py
[2023-11-16T06:44:50.069+0000] {processor.py:829} INFO - Processing file /home/airflow/.local/lib/python3.8/site-packages/airflow/example_dags/example_sla_dag.py for tasks to queue
[2023-11-16T06:44:50.071+0000] {logging_mixin.py:154} INFO - [2023-11-16T06:44:50.071+0000] {dagbag.py:536} INFO - Filling up the DagBag from /home/airflow/.local/lib/python3.8/site-packages/airflow/example_dags/example_sla_dag.py
[2023-11-16T06:44:50.076+0000] {processor.py:839} INFO - DAG(s) dict_keys(['example_sla_dag']) retrieved from /home/airflow/.local/lib/python3.8/site-packages/airflow/example_dags/example_sla_dag.py
[2023-11-16T06:44:50.088+0000] {logging_mixin.py:154} INFO - [2023-11-16T06:44:50.088+0000] {dag.py:2941} INFO - Sync 1 DAGs
[2023-11-16T06:44:50.102+0000] {logging_mixin.py:154} INFO - [2023-11-16T06:44:50.101+0000] {dag.py:3722} INFO - Setting next_dagrun for example_sla_dag to 2023-11-16T06:42:00+00:00, run_after=2023-11-16T06:44:00+00:00
[2023-11-16T06:44:50.110+0000] {processor.py:179} INFO - Processing /home/airflow/.local/lib/python3.8/site-packages/airflow/example_dags/example_sla_dag.py took 0.044 seconds
[2023-11-16T06:45:20.250+0000] {processor.py:157} INFO - Started process (PID=323) to work on /home/airflow/.local/lib/python3.8/site-packages/airflow/example_dags/example_sla_dag.py
[2023-11-16T06:45:20.251+0000] {processor.py:829} INFO - Processing file /home/airflow/.local/lib/python3.8/site-packages/airflow/example_dags/example_sla_dag.py for tasks to queue
[2023-11-16T06:45:20.253+0000] {logging_mixin.py:154} INFO - [2023-11-16T06:45:20.253+0000] {dagbag.py:536} INFO - Filling up the DagBag from /home/airflow/.local/lib/python3.8/site-packages/airflow/example_dags/example_sla_dag.py
[2023-11-16T06:45:20.258+0000] {processor.py:839} INFO - DAG(s) dict_keys(['example_sla_dag']) retrieved from /home/airflow/.local/lib/python3.8/site-packages/airflow/example_dags/example_sla_dag.py
[2023-11-16T06:45:20.269+0000] {logging_mixin.py:154} INFO - [2023-11-16T06:45:20.269+0000] {dag.py:2941} INFO - Sync 1 DAGs
[2023-11-16T06:45:20.282+0000] {logging_mixin.py:154} INFO - [2023-11-16T06:45:20.282+0000] {dag.py:3722} INFO - Setting next_dagrun for example_sla_dag to 2023-11-16T06:42:00+00:00, run_after=2023-11-16T06:44:00+00:00
[2023-11-16T06:45:20.291+0000] {processor.py:179} INFO - Processing /home/airflow/.local/lib/python3.8/site-packages/airflow/example_dags/example_sla_dag.py took 0.043 seconds
[2023-11-16T06:45:50.545+0000] {processor.py:157} INFO - Started process (PID=377) to work on /home/airflow/.local/lib/python3.8/site-packages/airflow/example_dags/example_sla_dag.py
[2023-11-16T06:45:50.546+0000] {processor.py:829} INFO - Processing file /home/airflow/.local/lib/python3.8/site-packages/airflow/example_dags/example_sla_dag.py for tasks to queue
[2023-11-16T06:45:50.547+0000] {logging_mixin.py:154} INFO - [2023-11-16T06:45:50.547+0000] {dagbag.py:536} INFO - Filling up the DagBag from /home/airflow/.local/lib/python3.8/site-packages/airflow/example_dags/example_sla_dag.py
[2023-11-16T06:45:50.555+0000] {processor.py:839} INFO - DAG(s) dict_keys(['example_sla_dag']) retrieved from /home/airflow/.local/lib/python3.8/site-packages/airflow/example_dags/example_sla_dag.py
[2023-11-16T06:45:50.569+0000] {logging_mixin.py:154} INFO - [2023-11-16T06:45:50.569+0000] {dag.py:2941} INFO - Sync 1 DAGs
[2023-11-16T06:45:50.582+0000] {logging_mixin.py:154} INFO - [2023-11-16T06:45:50.582+0000] {dag.py:3722} INFO - Setting next_dagrun for example_sla_dag to 2023-11-16T06:42:00+00:00, run_after=2023-11-16T06:44:00+00:00
[2023-11-16T06:45:50.590+0000] {processor.py:179} INFO - Processing /home/airflow/.local/lib/python3.8/site-packages/airflow/example_dags/example_sla_dag.py took 0.047 seconds
[2023-11-16T06:46:20.802+0000] {processor.py:157} INFO - Started process (PID=431) to work on /home/airflow/.local/lib/python3.8/site-packages/airflow/example_dags/example_sla_dag.py
[2023-11-16T06:46:20.803+0000] {processor.py:829} INFO - Processing file /home/airflow/.local/lib/python3.8/site-packages/airflow/example_dags/example_sla_dag.py for tasks to queue
[2023-11-16T06:46:20.804+0000] {logging_mixin.py:154} INFO - [2023-11-16T06:46:20.804+0000] {dagbag.py:536} INFO - Filling up the DagBag from /home/airflow/.local/lib/python3.8/site-packages/airflow/example_dags/example_sla_dag.py
[2023-11-16T06:46:20.809+0000] {processor.py:839} INFO - DAG(s) dict_keys(['example_sla_dag']) retrieved from /home/airflow/.local/lib/python3.8/site-packages/airflow/example_dags/example_sla_dag.py
[2023-11-16T06:46:20.819+0000] {logging_mixin.py:154} INFO - [2023-11-16T06:46:20.819+0000] {dag.py:2941} INFO - Sync 1 DAGs
[2023-11-16T06:46:20.830+0000] {logging_mixin.py:154} INFO - [2023-11-16T06:46:20.830+0000] {dag.py:3722} INFO - Setting next_dagrun for example_sla_dag to 2023-11-16T06:44:00+00:00, run_after=2023-11-16T06:46:00+00:00
[2023-11-16T06:46:20.837+0000] {processor.py:179} INFO - Processing /home/airflow/.local/lib/python3.8/site-packages/airflow/example_dags/example_sla_dag.py took 0.037 seconds
[2023-11-16T06:46:50.956+0000] {processor.py:157} INFO - Started process (PID=485) to work on /home/airflow/.local/lib/python3.8/site-packages/airflow/example_dags/example_sla_dag.py
[2023-11-16T06:46:50.957+0000] {processor.py:829} INFO - Processing file /home/airflow/.local/lib/python3.8/site-packages/airflow/example_dags/example_sla_dag.py for tasks to queue
[2023-11-16T06:46:50.958+0000] {logging_mixin.py:154} INFO - [2023-11-16T06:46:50.958+0000] {dagbag.py:536} INFO - Filling up the DagBag from /home/airflow/.local/lib/python3.8/site-packages/airflow/example_dags/example_sla_dag.py
[2023-11-16T06:46:50.963+0000] {processor.py:839} INFO - DAG(s) dict_keys(['example_sla_dag']) retrieved from /home/airflow/.local/lib/python3.8/site-packages/airflow/example_dags/example_sla_dag.py
[2023-11-16T06:46:50.975+0000] {logging_mixin.py:154} INFO - [2023-11-16T06:46:50.974+0000] {dag.py:2941} INFO - Sync 1 DAGs
[2023-11-16T06:46:50.988+0000] {logging_mixin.py:154} INFO - [2023-11-16T06:46:50.988+0000] {dag.py:3722} INFO - Setting next_dagrun for example_sla_dag to 2023-11-16T06:44:00+00:00, run_after=2023-11-16T06:46:00+00:00
[2023-11-16T06:46:50.997+0000] {processor.py:179} INFO - Processing /home/airflow/.local/lib/python3.8/site-packages/airflow/example_dags/example_sla_dag.py took 0.043 seconds
[2023-11-16T06:47:21.294+0000] {processor.py:157} INFO - Started process (PID=540) to work on /home/airflow/.local/lib/python3.8/site-packages/airflow/example_dags/example_sla_dag.py
[2023-11-16T06:47:21.295+0000] {processor.py:829} INFO - Processing file /home/airflow/.local/lib/python3.8/site-packages/airflow/example_dags/example_sla_dag.py for tasks to queue
[2023-11-16T06:47:21.297+0000] {logging_mixin.py:154} INFO - [2023-11-16T06:47:21.297+0000] {dagbag.py:536} INFO - Filling up the DagBag from /home/airflow/.local/lib/python3.8/site-packages/airflow/example_dags/example_sla_dag.py
[2023-11-16T06:47:21.302+0000] {processor.py:839} INFO - DAG(s) dict_keys(['example_sla_dag']) retrieved from /home/airflow/.local/lib/python3.8/site-packages/airflow/example_dags/example_sla_dag.py
[2023-11-16T06:47:21.314+0000] {logging_mixin.py:154} INFO - [2023-11-16T06:47:21.314+0000] {dag.py:2941} INFO - Sync 1 DAGs
[2023-11-16T06:47:21.330+0000] {logging_mixin.py:154} INFO - [2023-11-16T06:47:21.330+0000] {dag.py:3722} INFO - Setting next_dagrun for example_sla_dag to 2023-11-16T06:44:00+00:00, run_after=2023-11-16T06:46:00+00:00
[2023-11-16T06:47:21.340+0000] {processor.py:179} INFO - Processing /home/airflow/.local/lib/python3.8/site-packages/airflow/example_dags/example_sla_dag.py took 0.048 seconds
[2023-11-16T06:47:51.517+0000] {processor.py:157} INFO - Started process (PID=594) to work on /home/airflow/.local/lib/python3.8/site-packages/airflow/example_dags/example_sla_dag.py
[2023-11-16T06:47:51.519+0000] {processor.py:829} INFO - Processing file /home/airflow/.local/lib/python3.8/site-packages/airflow/example_dags/example_sla_dag.py for tasks to queue
[2023-11-16T06:47:51.521+0000] {logging_mixin.py:154} INFO - [2023-11-16T06:47:51.521+0000] {dagbag.py:536} INFO - Filling up the DagBag from /home/airflow/.local/lib/python3.8/site-packages/airflow/example_dags/example_sla_dag.py
[2023-11-16T06:47:51.527+0000] {processor.py:839} INFO - DAG(s) dict_keys(['example_sla_dag']) retrieved from /home/airflow/.local/lib/python3.8/site-packages/airflow/example_dags/example_sla_dag.py
[2023-11-16T06:47:51.543+0000] {logging_mixin.py:154} INFO - [2023-11-16T06:47:51.542+0000] {dag.py:2941} INFO - Sync 1 DAGs
[2023-11-16T06:47:51.565+0000] {logging_mixin.py:154} INFO - [2023-11-16T06:47:51.565+0000] {dag.py:3722} INFO - Setting next_dagrun for example_sla_dag to 2023-11-16T06:44:00+00:00, run_after=2023-11-16T06:46:00+00:00
[2023-11-16T06:47:51.577+0000] {processor.py:179} INFO - Processing /home/airflow/.local/lib/python3.8/site-packages/airflow/example_dags/example_sla_dag.py took 0.063 seconds
[2023-11-16T06:48:21.630+0000] {processor.py:157} INFO - Started process (PID=648) to work on /home/airflow/.local/lib/python3.8/site-packages/airflow/example_dags/example_sla_dag.py
[2023-11-16T06:48:21.630+0000] {processor.py:829} INFO - Processing file /home/airflow/.local/lib/python3.8/site-packages/airflow/example_dags/example_sla_dag.py for tasks to queue
[2023-11-16T06:48:21.632+0000] {logging_mixin.py:154} INFO - [2023-11-16T06:48:21.631+0000] {dagbag.py:536} INFO - Filling up the DagBag from /home/airflow/.local/lib/python3.8/site-packages/airflow/example_dags/example_sla_dag.py
[2023-11-16T06:48:21.637+0000] {processor.py:839} INFO - DAG(s) dict_keys(['example_sla_dag']) retrieved from /home/airflow/.local/lib/python3.8/site-packages/airflow/example_dags/example_sla_dag.py
[2023-11-16T06:48:21.648+0000] {logging_mixin.py:154} INFO - [2023-11-16T06:48:21.647+0000] {dag.py:2941} INFO - Sync 1 DAGs
[2023-11-16T06:48:21.661+0000] {logging_mixin.py:154} INFO - [2023-11-16T06:48:21.660+0000] {dag.py:3722} INFO - Setting next_dagrun for example_sla_dag to 2023-11-16T06:46:00+00:00, run_after=2023-11-16T06:48:00+00:00
[2023-11-16T06:48:21.669+0000] {processor.py:179} INFO - Processing /home/airflow/.local/lib/python3.8/site-packages/airflow/example_dags/example_sla_dag.py took 0.041 seconds
[2023-11-16T06:48:52.131+0000] {processor.py:157} INFO - Started process (PID=702) to work on /home/airflow/.local/lib/python3.8/site-packages/airflow/example_dags/example_sla_dag.py
[2023-11-16T06:48:52.132+0000] {processor.py:829} INFO - Processing file /home/airflow/.local/lib/python3.8/site-packages/airflow/example_dags/example_sla_dag.py for tasks to queue
[2023-11-16T06:48:52.133+0000] {logging_mixin.py:154} INFO - [2023-11-16T06:48:52.133+0000] {dagbag.py:536} INFO - Filling up the DagBag from /home/airflow/.local/lib/python3.8/site-packages/airflow/example_dags/example_sla_dag.py
[2023-11-16T06:48:52.138+0000] {processor.py:839} INFO - DAG(s) dict_keys(['example_sla_dag']) retrieved from /home/airflow/.local/lib/python3.8/site-packages/airflow/example_dags/example_sla_dag.py
[2023-11-16T06:48:52.149+0000] {logging_mixin.py:154} INFO - [2023-11-16T06:48:52.149+0000] {dag.py:2941} INFO - Sync 1 DAGs
[2023-11-16T06:48:52.160+0000] {logging_mixin.py:154} INFO - [2023-11-16T06:48:52.160+0000] {dag.py:3722} INFO - Setting next_dagrun for example_sla_dag to 2023-11-16T06:46:00+00:00, run_after=2023-11-16T06:48:00+00:00
[2023-11-16T06:48:52.169+0000] {processor.py:179} INFO - Processing /home/airflow/.local/lib/python3.8/site-packages/airflow/example_dags/example_sla_dag.py took 0.039 seconds
[2023-11-16T06:49:22.265+0000] {processor.py:157} INFO - Started process (PID=756) to work on /home/airflow/.local/lib/python3.8/site-packages/airflow/example_dags/example_sla_dag.py
[2023-11-16T06:49:22.265+0000] {processor.py:829} INFO - Processing file /home/airflow/.local/lib/python3.8/site-packages/airflow/example_dags/example_sla_dag.py for tasks to queue
[2023-11-16T06:49:22.267+0000] {logging_mixin.py:154} INFO - [2023-11-16T06:49:22.267+0000] {dagbag.py:536} INFO - Filling up the DagBag from /home/airflow/.local/lib/python3.8/site-packages/airflow/example_dags/example_sla_dag.py
[2023-11-16T06:49:22.272+0000] {processor.py:839} INFO - DAG(s) dict_keys(['example_sla_dag']) retrieved from /home/airflow/.local/lib/python3.8/site-packages/airflow/example_dags/example_sla_dag.py
[2023-11-16T06:49:22.283+0000] {logging_mixin.py:154} INFO - [2023-11-16T06:49:22.283+0000] {dag.py:2941} INFO - Sync 1 DAGs
[2023-11-16T06:49:22.296+0000] {logging_mixin.py:154} INFO - [2023-11-16T06:49:22.296+0000] {dag.py:3722} INFO - Setting next_dagrun for example_sla_dag to 2023-11-16T06:46:00+00:00, run_after=2023-11-16T06:48:00+00:00
[2023-11-16T06:49:22.304+0000] {processor.py:179} INFO - Processing /home/airflow/.local/lib/python3.8/site-packages/airflow/example_dags/example_sla_dag.py took 0.042 seconds
[2023-11-16T06:49:52.582+0000] {processor.py:157} INFO - Started process (PID=810) to work on /home/airflow/.local/lib/python3.8/site-packages/airflow/example_dags/example_sla_dag.py
[2023-11-16T06:49:52.583+0000] {processor.py:829} INFO - Processing file /home/airflow/.local/lib/python3.8/site-packages/airflow/example_dags/example_sla_dag.py for tasks to queue
[2023-11-16T06:49:52.584+0000] {logging_mixin.py:154} INFO - [2023-11-16T06:49:52.584+0000] {dagbag.py:536} INFO - Filling up the DagBag from /home/airflow/.local/lib/python3.8/site-packages/airflow/example_dags/example_sla_dag.py
[2023-11-16T06:49:52.589+0000] {processor.py:839} INFO - DAG(s) dict_keys(['example_sla_dag']) retrieved from /home/airflow/.local/lib/python3.8/site-packages/airflow/example_dags/example_sla_dag.py
[2023-11-16T06:49:52.601+0000] {logging_mixin.py:154} INFO - [2023-11-16T06:49:52.600+0000] {dag.py:2941} INFO - Sync 1 DAGs
[2023-11-16T06:49:52.613+0000] {logging_mixin.py:154} INFO - [2023-11-16T06:49:52.613+0000] {dag.py:3722} INFO - Setting next_dagrun for example_sla_dag to 2023-11-16T06:46:00+00:00, run_after=2023-11-16T06:48:00+00:00
[2023-11-16T06:49:52.622+0000] {processor.py:179} INFO - Processing /home/airflow/.local/lib/python3.8/site-packages/airflow/example_dags/example_sla_dag.py took 0.041 seconds
[2023-11-16T06:50:23.590+0000] {processor.py:157} INFO - Started process (PID=864) to work on /home/airflow/.local/lib/python3.8/site-packages/airflow/example_dags/example_sla_dag.py
[2023-11-16T06:50:23.591+0000] {processor.py:829} INFO - Processing file /home/airflow/.local/lib/python3.8/site-packages/airflow/example_dags/example_sla_dag.py for tasks to queue
[2023-11-16T06:50:23.592+0000] {logging_mixin.py:154} INFO - [2023-11-16T06:50:23.592+0000] {dagbag.py:536} INFO - Filling up the DagBag from /home/airflow/.local/lib/python3.8/site-packages/airflow/example_dags/example_sla_dag.py
[2023-11-16T06:50:23.599+0000] {processor.py:839} INFO - DAG(s) dict_keys(['example_sla_dag']) retrieved from /home/airflow/.local/lib/python3.8/site-packages/airflow/example_dags/example_sla_dag.py
[2023-11-16T06:50:23.610+0000] {logging_mixin.py:154} INFO - [2023-11-16T06:50:23.610+0000] {dag.py:2941} INFO - Sync 1 DAGs
[2023-11-16T06:50:23.624+0000] {logging_mixin.py:154} INFO - [2023-11-16T06:50:23.624+0000] {dag.py:3722} INFO - Setting next_dagrun for example_sla_dag to 2023-11-16T06:48:00+00:00, run_after=2023-11-16T06:50:00+00:00
[2023-11-16T06:50:23.634+0000] {processor.py:179} INFO - Processing /home/airflow/.local/lib/python3.8/site-packages/airflow/example_dags/example_sla_dag.py took 0.045 seconds
[2023-11-16T06:50:54.046+0000] {processor.py:157} INFO - Started process (PID=918) to work on /home/airflow/.local/lib/python3.8/site-packages/airflow/example_dags/example_sla_dag.py
[2023-11-16T06:50:54.047+0000] {processor.py:829} INFO - Processing file /home/airflow/.local/lib/python3.8/site-packages/airflow/example_dags/example_sla_dag.py for tasks to queue
[2023-11-16T06:50:54.048+0000] {logging_mixin.py:154} INFO - [2023-11-16T06:50:54.048+0000] {dagbag.py:536} INFO - Filling up the DagBag from /home/airflow/.local/lib/python3.8/site-packages/airflow/example_dags/example_sla_dag.py
[2023-11-16T06:50:54.053+0000] {processor.py:839} INFO - DAG(s) dict_keys(['example_sla_dag']) retrieved from /home/airflow/.local/lib/python3.8/site-packages/airflow/example_dags/example_sla_dag.py
[2023-11-16T06:50:54.064+0000] {logging_mixin.py:154} INFO - [2023-11-16T06:50:54.064+0000] {dag.py:2941} INFO - Sync 1 DAGs
[2023-11-16T06:50:54.078+0000] {logging_mixin.py:154} INFO - [2023-11-16T06:50:54.077+0000] {dag.py:3722} INFO - Setting next_dagrun for example_sla_dag to 2023-11-16T06:48:00+00:00, run_after=2023-11-16T06:50:00+00:00
[2023-11-16T06:50:54.086+0000] {processor.py:179} INFO - Processing /home/airflow/.local/lib/python3.8/site-packages/airflow/example_dags/example_sla_dag.py took 0.042 seconds
[2023-11-16T06:51:24.762+0000] {processor.py:157} INFO - Started process (PID=972) to work on /home/airflow/.local/lib/python3.8/site-packages/airflow/example_dags/example_sla_dag.py
[2023-11-16T06:51:24.762+0000] {processor.py:829} INFO - Processing file /home/airflow/.local/lib/python3.8/site-packages/airflow/example_dags/example_sla_dag.py for tasks to queue
[2023-11-16T06:51:24.764+0000] {logging_mixin.py:154} INFO - [2023-11-16T06:51:24.764+0000] {dagbag.py:536} INFO - Filling up the DagBag from /home/airflow/.local/lib/python3.8/site-packages/airflow/example_dags/example_sla_dag.py
[2023-11-16T06:51:24.768+0000] {processor.py:839} INFO - DAG(s) dict_keys(['example_sla_dag']) retrieved from /home/airflow/.local/lib/python3.8/site-packages/airflow/example_dags/example_sla_dag.py
[2023-11-16T06:51:24.779+0000] {logging_mixin.py:154} INFO - [2023-11-16T06:51:24.779+0000] {dag.py:2941} INFO - Sync 1 DAGs
[2023-11-16T06:51:24.900+0000] {logging_mixin.py:154} INFO - [2023-11-16T06:51:24.900+0000] {dag.py:3722} INFO - Setting next_dagrun for example_sla_dag to 2023-11-16T06:48:00+00:00, run_after=2023-11-16T06:50:00+00:00
[2023-11-16T06:51:24.912+0000] {processor.py:179} INFO - Processing /home/airflow/.local/lib/python3.8/site-packages/airflow/example_dags/example_sla_dag.py took 0.152 seconds
[2023-11-16T06:51:55.366+0000] {processor.py:157} INFO - Started process (PID=1026) to work on /home/airflow/.local/lib/python3.8/site-packages/airflow/example_dags/example_sla_dag.py
[2023-11-16T06:51:55.367+0000] {processor.py:829} INFO - Processing file /home/airflow/.local/lib/python3.8/site-packages/airflow/example_dags/example_sla_dag.py for tasks to queue
[2023-11-16T06:51:55.368+0000] {logging_mixin.py:154} INFO - [2023-11-16T06:51:55.368+0000] {dagbag.py:536} INFO - Filling up the DagBag from /home/airflow/.local/lib/python3.8/site-packages/airflow/example_dags/example_sla_dag.py
[2023-11-16T06:51:55.373+0000] {processor.py:839} INFO - DAG(s) dict_keys(['example_sla_dag']) retrieved from /home/airflow/.local/lib/python3.8/site-packages/airflow/example_dags/example_sla_dag.py
[2023-11-16T06:51:55.387+0000] {logging_mixin.py:154} INFO - [2023-11-16T06:51:55.387+0000] {dag.py:2941} INFO - Sync 1 DAGs
[2023-11-16T06:51:55.403+0000] {logging_mixin.py:154} INFO - [2023-11-16T06:51:55.403+0000] {dag.py:3722} INFO - Setting next_dagrun for example_sla_dag to 2023-11-16T06:48:00+00:00, run_after=2023-11-16T06:50:00+00:00
[2023-11-16T06:51:55.514+0000] {processor.py:179} INFO - Processing /home/airflow/.local/lib/python3.8/site-packages/airflow/example_dags/example_sla_dag.py took 0.152 seconds
[2023-11-16T06:52:26.165+0000] {processor.py:157} INFO - Started process (PID=1080) to work on /home/airflow/.local/lib/python3.8/site-packages/airflow/example_dags/example_sla_dag.py
[2023-11-16T06:52:26.166+0000] {processor.py:829} INFO - Processing file /home/airflow/.local/lib/python3.8/site-packages/airflow/example_dags/example_sla_dag.py for tasks to queue
[2023-11-16T06:52:26.167+0000] {logging_mixin.py:154} INFO - [2023-11-16T06:52:26.167+0000] {dagbag.py:536} INFO - Filling up the DagBag from /home/airflow/.local/lib/python3.8/site-packages/airflow/example_dags/example_sla_dag.py
[2023-11-16T06:52:26.173+0000] {processor.py:839} INFO - DAG(s) dict_keys(['example_sla_dag']) retrieved from /home/airflow/.local/lib/python3.8/site-packages/airflow/example_dags/example_sla_dag.py
[2023-11-16T06:52:26.184+0000] {logging_mixin.py:154} INFO - [2023-11-16T06:52:26.184+0000] {dag.py:2941} INFO - Sync 1 DAGs
[2023-11-16T06:52:26.197+0000] {logging_mixin.py:154} INFO - [2023-11-16T06:52:26.197+0000] {dag.py:3722} INFO - Setting next_dagrun for example_sla_dag to 2023-11-16T06:50:00+00:00, run_after=2023-11-16T06:52:00+00:00
[2023-11-16T06:52:26.206+0000] {processor.py:179} INFO - Processing /home/airflow/.local/lib/python3.8/site-packages/airflow/example_dags/example_sla_dag.py took 0.043 seconds
[2023-11-16T06:52:56.617+0000] {processor.py:157} INFO - Started process (PID=1134) to work on /home/airflow/.local/lib/python3.8/site-packages/airflow/example_dags/example_sla_dag.py
[2023-11-16T06:52:56.618+0000] {processor.py:829} INFO - Processing file /home/airflow/.local/lib/python3.8/site-packages/airflow/example_dags/example_sla_dag.py for tasks to queue
[2023-11-16T06:52:56.620+0000] {logging_mixin.py:154} INFO - [2023-11-16T06:52:56.619+0000] {dagbag.py:536} INFO - Filling up the DagBag from /home/airflow/.local/lib/python3.8/site-packages/airflow/example_dags/example_sla_dag.py
[2023-11-16T06:52:56.624+0000] {processor.py:839} INFO - DAG(s) dict_keys(['example_sla_dag']) retrieved from /home/airflow/.local/lib/python3.8/site-packages/airflow/example_dags/example_sla_dag.py
[2023-11-16T06:52:56.634+0000] {logging_mixin.py:154} INFO - [2023-11-16T06:52:56.634+0000] {dag.py:2941} INFO - Sync 1 DAGs
[2023-11-16T06:52:56.647+0000] {logging_mixin.py:154} INFO - [2023-11-16T06:52:56.647+0000] {dag.py:3722} INFO - Setting next_dagrun for example_sla_dag to 2023-11-16T06:50:00+00:00, run_after=2023-11-16T06:52:00+00:00
[2023-11-16T06:52:56.656+0000] {processor.py:179} INFO - Processing /home/airflow/.local/lib/python3.8/site-packages/airflow/example_dags/example_sla_dag.py took 0.041 seconds
[2023-11-16T06:53:28.445+0000] {processor.py:157} INFO - Started process (PID=1188) to work on /home/airflow/.local/lib/python3.8/site-packages/airflow/example_dags/example_sla_dag.py
[2023-11-16T06:53:28.446+0000] {processor.py:829} INFO - Processing file /home/airflow/.local/lib/python3.8/site-packages/airflow/example_dags/example_sla_dag.py for tasks to queue
[2023-11-16T06:53:28.447+0000] {logging_mixin.py:154} INFO - [2023-11-16T06:53:28.447+0000] {dagbag.py:536} INFO - Filling up the DagBag from /home/airflow/.local/lib/python3.8/site-packages/airflow/example_dags/example_sla_dag.py
[2023-11-16T06:53:28.452+0000] {processor.py:839} INFO - DAG(s) dict_keys(['example_sla_dag']) retrieved from /home/airflow/.local/lib/python3.8/site-packages/airflow/example_dags/example_sla_dag.py
[2023-11-16T06:53:28.462+0000] {logging_mixin.py:154} INFO - [2023-11-16T06:53:28.462+0000] {dag.py:2941} INFO - Sync 1 DAGs
[2023-11-16T06:53:28.473+0000] {logging_mixin.py:154} INFO - [2023-11-16T06:53:28.473+0000] {dag.py:3722} INFO - Setting next_dagrun for example_sla_dag to 2023-11-16T06:50:00+00:00, run_after=2023-11-16T06:52:00+00:00
[2023-11-16T06:53:28.481+0000] {processor.py:179} INFO - Processing /home/airflow/.local/lib/python3.8/site-packages/airflow/example_dags/example_sla_dag.py took 0.038 seconds
[2023-11-16T06:53:59.795+0000] {processor.py:157} INFO - Started process (PID=1242) to work on /home/airflow/.local/lib/python3.8/site-packages/airflow/example_dags/example_sla_dag.py
[2023-11-16T06:53:59.796+0000] {processor.py:829} INFO - Processing file /home/airflow/.local/lib/python3.8/site-packages/airflow/example_dags/example_sla_dag.py for tasks to queue
[2023-11-16T06:53:59.797+0000] {logging_mixin.py:154} INFO - [2023-11-16T06:53:59.797+0000] {dagbag.py:536} INFO - Filling up the DagBag from /home/airflow/.local/lib/python3.8/site-packages/airflow/example_dags/example_sla_dag.py
[2023-11-16T06:53:59.802+0000] {processor.py:839} INFO - DAG(s) dict_keys(['example_sla_dag']) retrieved from /home/airflow/.local/lib/python3.8/site-packages/airflow/example_dags/example_sla_dag.py
[2023-11-16T06:53:59.814+0000] {logging_mixin.py:154} INFO - [2023-11-16T06:53:59.813+0000] {dag.py:2941} INFO - Sync 1 DAGs
[2023-11-16T06:53:59.914+0000] {logging_mixin.py:154} INFO - [2023-11-16T06:53:59.914+0000] {dag.py:3722} INFO - Setting next_dagrun for example_sla_dag to 2023-11-16T06:50:00+00:00, run_after=2023-11-16T06:52:00+00:00
[2023-11-16T06:53:59.922+0000] {processor.py:179} INFO - Processing /home/airflow/.local/lib/python3.8/site-packages/airflow/example_dags/example_sla_dag.py took 0.128 seconds
[2023-11-16T06:54:30.536+0000] {processor.py:157} INFO - Started process (PID=1296) to work on /home/airflow/.local/lib/python3.8/site-packages/airflow/example_dags/example_sla_dag.py
[2023-11-16T06:54:30.537+0000] {processor.py:829} INFO - Processing file /home/airflow/.local/lib/python3.8/site-packages/airflow/example_dags/example_sla_dag.py for tasks to queue
[2023-11-16T06:54:30.538+0000] {logging_mixin.py:154} INFO - [2023-11-16T06:54:30.538+0000] {dagbag.py:536} INFO - Filling up the DagBag from /home/airflow/.local/lib/python3.8/site-packages/airflow/example_dags/example_sla_dag.py
[2023-11-16T06:54:30.543+0000] {processor.py:839} INFO - DAG(s) dict_keys(['example_sla_dag']) retrieved from /home/airflow/.local/lib/python3.8/site-packages/airflow/example_dags/example_sla_dag.py
[2023-11-16T06:54:30.555+0000] {logging_mixin.py:154} INFO - [2023-11-16T06:54:30.555+0000] {dag.py:2941} INFO - Sync 1 DAGs
[2023-11-16T06:54:30.672+0000] {logging_mixin.py:154} INFO - [2023-11-16T06:54:30.672+0000] {dag.py:3722} INFO - Setting next_dagrun for example_sla_dag to 2023-11-16T06:52:00+00:00, run_after=2023-11-16T06:54:00+00:00
[2023-11-16T06:54:30.686+0000] {processor.py:179} INFO - Processing /home/airflow/.local/lib/python3.8/site-packages/airflow/example_dags/example_sla_dag.py took 0.153 seconds
[2023-11-16T06:55:00.870+0000] {processor.py:157} INFO - Started process (PID=1350) to work on /home/airflow/.local/lib/python3.8/site-packages/airflow/example_dags/example_sla_dag.py
[2023-11-16T06:55:00.871+0000] {processor.py:829} INFO - Processing file /home/airflow/.local/lib/python3.8/site-packages/airflow/example_dags/example_sla_dag.py for tasks to queue
[2023-11-16T06:55:00.873+0000] {logging_mixin.py:154} INFO - [2023-11-16T06:55:00.873+0000] {dagbag.py:536} INFO - Filling up the DagBag from /home/airflow/.local/lib/python3.8/site-packages/airflow/example_dags/example_sla_dag.py
[2023-11-16T06:55:00.878+0000] {processor.py:839} INFO - DAG(s) dict_keys(['example_sla_dag']) retrieved from /home/airflow/.local/lib/python3.8/site-packages/airflow/example_dags/example_sla_dag.py
[2023-11-16T06:55:00.890+0000] {logging_mixin.py:154} INFO - [2023-11-16T06:55:00.890+0000] {dag.py:2941} INFO - Sync 1 DAGs
[2023-11-16T06:55:00.903+0000] {logging_mixin.py:154} INFO - [2023-11-16T06:55:00.903+0000] {dag.py:3722} INFO - Setting next_dagrun for example_sla_dag to 2023-11-16T06:52:00+00:00, run_after=2023-11-16T06:54:00+00:00
[2023-11-16T06:55:01.008+0000] {processor.py:179} INFO - Processing /home/airflow/.local/lib/python3.8/site-packages/airflow/example_dags/example_sla_dag.py took 0.139 seconds
[2023-11-16T06:55:32.177+0000] {processor.py:157} INFO - Started process (PID=1404) to work on /home/airflow/.local/lib/python3.8/site-packages/airflow/example_dags/example_sla_dag.py
[2023-11-16T06:55:32.177+0000] {processor.py:829} INFO - Processing file /home/airflow/.local/lib/python3.8/site-packages/airflow/example_dags/example_sla_dag.py for tasks to queue
[2023-11-16T06:55:32.179+0000] {logging_mixin.py:154} INFO - [2023-11-16T06:55:32.179+0000] {dagbag.py:536} INFO - Filling up the DagBag from /home/airflow/.local/lib/python3.8/site-packages/airflow/example_dags/example_sla_dag.py
[2023-11-16T06:55:32.184+0000] {processor.py:839} INFO - DAG(s) dict_keys(['example_sla_dag']) retrieved from /home/airflow/.local/lib/python3.8/site-packages/airflow/example_dags/example_sla_dag.py
[2023-11-16T06:55:32.196+0000] {logging_mixin.py:154} INFO - [2023-11-16T06:55:32.196+0000] {dag.py:2941} INFO - Sync 1 DAGs
[2023-11-16T06:55:32.209+0000] {logging_mixin.py:154} INFO - [2023-11-16T06:55:32.209+0000] {dag.py:3722} INFO - Setting next_dagrun for example_sla_dag to 2023-11-16T06:52:00+00:00, run_after=2023-11-16T06:54:00+00:00
[2023-11-16T06:55:32.220+0000] {processor.py:179} INFO - Processing /home/airflow/.local/lib/python3.8/site-packages/airflow/example_dags/example_sla_dag.py took 0.045 seconds
[2023-11-16T06:56:02.340+0000] {processor.py:157} INFO - Started process (PID=1458) to work on /home/airflow/.local/lib/python3.8/site-packages/airflow/example_dags/example_sla_dag.py
[2023-11-16T06:56:02.341+0000] {processor.py:829} INFO - Processing file /home/airflow/.local/lib/python3.8/site-packages/airflow/example_dags/example_sla_dag.py for tasks to queue
[2023-11-16T06:56:02.342+0000] {logging_mixin.py:154} INFO - [2023-11-16T06:56:02.342+0000] {dagbag.py:536} INFO - Filling up the DagBag from /home/airflow/.local/lib/python3.8/site-packages/airflow/example_dags/example_sla_dag.py
[2023-11-16T06:56:02.347+0000] {processor.py:839} INFO - DAG(s) dict_keys(['example_sla_dag']) retrieved from /home/airflow/.local/lib/python3.8/site-packages/airflow/example_dags/example_sla_dag.py
[2023-11-16T06:56:02.359+0000] {logging_mixin.py:154} INFO - [2023-11-16T06:56:02.358+0000] {dag.py:2941} INFO - Sync 1 DAGs
[2023-11-16T06:56:02.370+0000] {logging_mixin.py:154} INFO - [2023-11-16T06:56:02.370+0000] {dag.py:3722} INFO - Setting next_dagrun for example_sla_dag to 2023-11-16T06:54:00+00:00, run_after=2023-11-16T06:56:00+00:00
[2023-11-16T06:56:02.378+0000] {processor.py:179} INFO - Processing /home/airflow/.local/lib/python3.8/site-packages/airflow/example_dags/example_sla_dag.py took 0.041 seconds
[2023-11-16T06:56:33.302+0000] {processor.py:157} INFO - Started process (PID=1512) to work on /home/airflow/.local/lib/python3.8/site-packages/airflow/example_dags/example_sla_dag.py
[2023-11-16T06:56:33.303+0000] {processor.py:829} INFO - Processing file /home/airflow/.local/lib/python3.8/site-packages/airflow/example_dags/example_sla_dag.py for tasks to queue
[2023-11-16T06:56:33.304+0000] {logging_mixin.py:154} INFO - [2023-11-16T06:56:33.304+0000] {dagbag.py:536} INFO - Filling up the DagBag from /home/airflow/.local/lib/python3.8/site-packages/airflow/example_dags/example_sla_dag.py
[2023-11-16T06:56:33.309+0000] {processor.py:839} INFO - DAG(s) dict_keys(['example_sla_dag']) retrieved from /home/airflow/.local/lib/python3.8/site-packages/airflow/example_dags/example_sla_dag.py
[2023-11-16T06:56:33.320+0000] {logging_mixin.py:154} INFO - [2023-11-16T06:56:33.320+0000] {dag.py:2941} INFO - Sync 1 DAGs
[2023-11-16T06:56:33.332+0000] {logging_mixin.py:154} INFO - [2023-11-16T06:56:33.332+0000] {dag.py:3722} INFO - Setting next_dagrun for example_sla_dag to 2023-11-16T06:54:00+00:00, run_after=2023-11-16T06:56:00+00:00
[2023-11-16T06:56:33.340+0000] {processor.py:179} INFO - Processing /home/airflow/.local/lib/python3.8/site-packages/airflow/example_dags/example_sla_dag.py took 0.040 seconds
[2023-11-16T06:57:04.277+0000] {processor.py:157} INFO - Started process (PID=1566) to work on /home/airflow/.local/lib/python3.8/site-packages/airflow/example_dags/example_sla_dag.py
[2023-11-16T06:57:04.278+0000] {processor.py:829} INFO - Processing file /home/airflow/.local/lib/python3.8/site-packages/airflow/example_dags/example_sla_dag.py for tasks to queue
[2023-11-16T06:57:04.280+0000] {logging_mixin.py:154} INFO - [2023-11-16T06:57:04.280+0000] {dagbag.py:536} INFO - Filling up the DagBag from /home/airflow/.local/lib/python3.8/site-packages/airflow/example_dags/example_sla_dag.py
[2023-11-16T06:57:04.285+0000] {processor.py:839} INFO - DAG(s) dict_keys(['example_sla_dag']) retrieved from /home/airflow/.local/lib/python3.8/site-packages/airflow/example_dags/example_sla_dag.py
[2023-11-16T06:57:04.297+0000] {logging_mixin.py:154} INFO - [2023-11-16T06:57:04.297+0000] {dag.py:2941} INFO - Sync 1 DAGs
[2023-11-16T06:57:04.311+0000] {logging_mixin.py:154} INFO - [2023-11-16T06:57:04.311+0000] {dag.py:3722} INFO - Setting next_dagrun for example_sla_dag to 2023-11-16T06:54:00+00:00, run_after=2023-11-16T06:56:00+00:00
[2023-11-16T06:57:04.324+0000] {processor.py:179} INFO - Processing /home/airflow/.local/lib/python3.8/site-packages/airflow/example_dags/example_sla_dag.py took 0.049 seconds
[2023-11-16T06:57:35.181+0000] {processor.py:157} INFO - Started process (PID=1620) to work on /home/airflow/.local/lib/python3.8/site-packages/airflow/example_dags/example_sla_dag.py
[2023-11-16T06:57:35.182+0000] {processor.py:829} INFO - Processing file /home/airflow/.local/lib/python3.8/site-packages/airflow/example_dags/example_sla_dag.py for tasks to queue
[2023-11-16T06:57:35.183+0000] {logging_mixin.py:154} INFO - [2023-11-16T06:57:35.183+0000] {dagbag.py:536} INFO - Filling up the DagBag from /home/airflow/.local/lib/python3.8/site-packages/airflow/example_dags/example_sla_dag.py
[2023-11-16T06:57:35.189+0000] {processor.py:839} INFO - DAG(s) dict_keys(['example_sla_dag']) retrieved from /home/airflow/.local/lib/python3.8/site-packages/airflow/example_dags/example_sla_dag.py
[2023-11-16T06:57:35.202+0000] {logging_mixin.py:154} INFO - [2023-11-16T06:57:35.202+0000] {dag.py:2941} INFO - Sync 1 DAGs
[2023-11-16T06:57:35.221+0000] {logging_mixin.py:154} INFO - [2023-11-16T06:57:35.221+0000] {dag.py:3722} INFO - Setting next_dagrun for example_sla_dag to 2023-11-16T06:54:00+00:00, run_after=2023-11-16T06:56:00+00:00
[2023-11-16T06:57:35.230+0000] {processor.py:179} INFO - Processing /home/airflow/.local/lib/python3.8/site-packages/airflow/example_dags/example_sla_dag.py took 0.052 seconds
[2023-11-16T06:58:06.275+0000] {processor.py:157} INFO - Started process (PID=1674) to work on /home/airflow/.local/lib/python3.8/site-packages/airflow/example_dags/example_sla_dag.py
[2023-11-16T06:58:06.276+0000] {processor.py:829} INFO - Processing file /home/airflow/.local/lib/python3.8/site-packages/airflow/example_dags/example_sla_dag.py for tasks to queue
[2023-11-16T06:58:06.277+0000] {logging_mixin.py:154} INFO - [2023-11-16T06:58:06.277+0000] {dagbag.py:536} INFO - Filling up the DagBag from /home/airflow/.local/lib/python3.8/site-packages/airflow/example_dags/example_sla_dag.py
[2023-11-16T06:58:06.283+0000] {processor.py:839} INFO - DAG(s) dict_keys(['example_sla_dag']) retrieved from /home/airflow/.local/lib/python3.8/site-packages/airflow/example_dags/example_sla_dag.py
[2023-11-16T06:58:06.294+0000] {logging_mixin.py:154} INFO - [2023-11-16T06:58:06.294+0000] {dag.py:2941} INFO - Sync 1 DAGs
[2023-11-16T06:58:06.307+0000] {logging_mixin.py:154} INFO - [2023-11-16T06:58:06.307+0000] {dag.py:3722} INFO - Setting next_dagrun for example_sla_dag to 2023-11-16T06:56:00+00:00, run_after=2023-11-16T06:58:00+00:00
[2023-11-16T06:58:06.316+0000] {processor.py:179} INFO - Processing /home/airflow/.local/lib/python3.8/site-packages/airflow/example_dags/example_sla_dag.py took 0.043 seconds
[2023-11-16T06:58:37.286+0000] {processor.py:157} INFO - Started process (PID=1728) to work on /home/airflow/.local/lib/python3.8/site-packages/airflow/example_dags/example_sla_dag.py
[2023-11-16T06:58:37.287+0000] {processor.py:829} INFO - Processing file /home/airflow/.local/lib/python3.8/site-packages/airflow/example_dags/example_sla_dag.py for tasks to queue
[2023-11-16T06:58:37.289+0000] {logging_mixin.py:154} INFO - [2023-11-16T06:58:37.288+0000] {dagbag.py:536} INFO - Filling up the DagBag from /home/airflow/.local/lib/python3.8/site-packages/airflow/example_dags/example_sla_dag.py
[2023-11-16T06:58:37.294+0000] {processor.py:839} INFO - DAG(s) dict_keys(['example_sla_dag']) retrieved from /home/airflow/.local/lib/python3.8/site-packages/airflow/example_dags/example_sla_dag.py
[2023-11-16T06:58:37.305+0000] {logging_mixin.py:154} INFO - [2023-11-16T06:58:37.305+0000] {dag.py:2941} INFO - Sync 1 DAGs
[2023-11-16T06:58:37.318+0000] {logging_mixin.py:154} INFO - [2023-11-16T06:58:37.318+0000] {dag.py:3722} INFO - Setting next_dagrun for example_sla_dag to 2023-11-16T06:56:00+00:00, run_after=2023-11-16T06:58:00+00:00
[2023-11-16T06:58:37.326+0000] {processor.py:179} INFO - Processing /home/airflow/.local/lib/python3.8/site-packages/airflow/example_dags/example_sla_dag.py took 0.042 seconds
[2023-11-16T06:59:08.424+0000] {processor.py:157} INFO - Started process (PID=1782) to work on /home/airflow/.local/lib/python3.8/site-packages/airflow/example_dags/example_sla_dag.py
[2023-11-16T06:59:08.425+0000] {processor.py:829} INFO - Processing file /home/airflow/.local/lib/python3.8/site-packages/airflow/example_dags/example_sla_dag.py for tasks to queue
[2023-11-16T06:59:08.426+0000] {logging_mixin.py:154} INFO - [2023-11-16T06:59:08.426+0000] {dagbag.py:536} INFO - Filling up the DagBag from /home/airflow/.local/lib/python3.8/site-packages/airflow/example_dags/example_sla_dag.py
[2023-11-16T06:59:08.432+0000] {processor.py:839} INFO - DAG(s) dict_keys(['example_sla_dag']) retrieved from /home/airflow/.local/lib/python3.8/site-packages/airflow/example_dags/example_sla_dag.py
[2023-11-16T06:59:08.443+0000] {logging_mixin.py:154} INFO - [2023-11-16T06:59:08.443+0000] {dag.py:2941} INFO - Sync 1 DAGs
[2023-11-16T06:59:08.455+0000] {logging_mixin.py:154} INFO - [2023-11-16T06:59:08.455+0000] {dag.py:3722} INFO - Setting next_dagrun for example_sla_dag to 2023-11-16T06:56:00+00:00, run_after=2023-11-16T06:58:00+00:00
[2023-11-16T06:59:08.464+0000] {processor.py:179} INFO - Processing /home/airflow/.local/lib/python3.8/site-packages/airflow/example_dags/example_sla_dag.py took 0.042 seconds
[2023-11-16T06:59:39.345+0000] {processor.py:157} INFO - Started process (PID=1835) to work on /home/airflow/.local/lib/python3.8/site-packages/airflow/example_dags/example_sla_dag.py
[2023-11-16T06:59:39.346+0000] {processor.py:829} INFO - Processing file /home/airflow/.local/lib/python3.8/site-packages/airflow/example_dags/example_sla_dag.py for tasks to queue
[2023-11-16T06:59:39.347+0000] {logging_mixin.py:154} INFO - [2023-11-16T06:59:39.347+0000] {dagbag.py:536} INFO - Filling up the DagBag from /home/airflow/.local/lib/python3.8/site-packages/airflow/example_dags/example_sla_dag.py
[2023-11-16T06:59:39.352+0000] {processor.py:839} INFO - DAG(s) dict_keys(['example_sla_dag']) retrieved from /home/airflow/.local/lib/python3.8/site-packages/airflow/example_dags/example_sla_dag.py
[2023-11-16T06:59:39.364+0000] {logging_mixin.py:154} INFO - [2023-11-16T06:59:39.364+0000] {dag.py:2941} INFO - Sync 1 DAGs
[2023-11-16T06:59:39.377+0000] {logging_mixin.py:154} INFO - [2023-11-16T06:59:39.377+0000] {dag.py:3722} INFO - Setting next_dagrun for example_sla_dag to 2023-11-16T06:56:00+00:00, run_after=2023-11-16T06:58:00+00:00
[2023-11-16T06:59:39.385+0000] {processor.py:179} INFO - Processing /home/airflow/.local/lib/python3.8/site-packages/airflow/example_dags/example_sla_dag.py took 0.043 seconds
[2023-11-16T07:00:09.635+0000] {processor.py:157} INFO - Started process (PID=1889) to work on /home/airflow/.local/lib/python3.8/site-packages/airflow/example_dags/example_sla_dag.py
[2023-11-16T07:00:09.636+0000] {processor.py:829} INFO - Processing file /home/airflow/.local/lib/python3.8/site-packages/airflow/example_dags/example_sla_dag.py for tasks to queue
[2023-11-16T07:00:09.637+0000] {logging_mixin.py:154} INFO - [2023-11-16T07:00:09.637+0000] {dagbag.py:536} INFO - Filling up the DagBag from /home/airflow/.local/lib/python3.8/site-packages/airflow/example_dags/example_sla_dag.py
[2023-11-16T07:00:09.642+0000] {processor.py:839} INFO - DAG(s) dict_keys(['example_sla_dag']) retrieved from /home/airflow/.local/lib/python3.8/site-packages/airflow/example_dags/example_sla_dag.py
[2023-11-16T07:00:09.654+0000] {logging_mixin.py:154} INFO - [2023-11-16T07:00:09.654+0000] {dag.py:2941} INFO - Sync 1 DAGs
[2023-11-16T07:00:09.666+0000] {logging_mixin.py:154} INFO - [2023-11-16T07:00:09.666+0000] {dag.py:3722} INFO - Setting next_dagrun for example_sla_dag to 2023-11-16T06:58:00+00:00, run_after=2023-11-16T07:00:00+00:00
[2023-11-16T07:00:09.675+0000] {processor.py:179} INFO - Processing /home/airflow/.local/lib/python3.8/site-packages/airflow/example_dags/example_sla_dag.py took 0.041 seconds
[2023-11-16T07:00:39.731+0000] {processor.py:157} INFO - Started process (PID=1943) to work on /home/airflow/.local/lib/python3.8/site-packages/airflow/example_dags/example_sla_dag.py
[2023-11-16T07:00:39.732+0000] {processor.py:829} INFO - Processing file /home/airflow/.local/lib/python3.8/site-packages/airflow/example_dags/example_sla_dag.py for tasks to queue
[2023-11-16T07:00:39.733+0000] {logging_mixin.py:154} INFO - [2023-11-16T07:00:39.733+0000] {dagbag.py:536} INFO - Filling up the DagBag from /home/airflow/.local/lib/python3.8/site-packages/airflow/example_dags/example_sla_dag.py
[2023-11-16T07:00:39.738+0000] {processor.py:839} INFO - DAG(s) dict_keys(['example_sla_dag']) retrieved from /home/airflow/.local/lib/python3.8/site-packages/airflow/example_dags/example_sla_dag.py
[2023-11-16T07:00:39.749+0000] {logging_mixin.py:154} INFO - [2023-11-16T07:00:39.749+0000] {dag.py:2941} INFO - Sync 1 DAGs
[2023-11-16T07:00:39.760+0000] {logging_mixin.py:154} INFO - [2023-11-16T07:00:39.760+0000] {dag.py:3722} INFO - Setting next_dagrun for example_sla_dag to 2023-11-16T06:58:00+00:00, run_after=2023-11-16T07:00:00+00:00
[2023-11-16T07:00:39.768+0000] {processor.py:179} INFO - Processing /home/airflow/.local/lib/python3.8/site-packages/airflow/example_dags/example_sla_dag.py took 0.038 seconds
[2023-11-16T07:01:10.780+0000] {processor.py:157} INFO - Started process (PID=1997) to work on /home/airflow/.local/lib/python3.8/site-packages/airflow/example_dags/example_sla_dag.py
[2023-11-16T07:01:10.780+0000] {processor.py:829} INFO - Processing file /home/airflow/.local/lib/python3.8/site-packages/airflow/example_dags/example_sla_dag.py for tasks to queue
[2023-11-16T07:01:10.782+0000] {logging_mixin.py:154} INFO - [2023-11-16T07:01:10.782+0000] {dagbag.py:536} INFO - Filling up the DagBag from /home/airflow/.local/lib/python3.8/site-packages/airflow/example_dags/example_sla_dag.py
[2023-11-16T07:01:10.787+0000] {processor.py:839} INFO - DAG(s) dict_keys(['example_sla_dag']) retrieved from /home/airflow/.local/lib/python3.8/site-packages/airflow/example_dags/example_sla_dag.py
[2023-11-16T07:01:10.800+0000] {logging_mixin.py:154} INFO - [2023-11-16T07:01:10.800+0000] {dag.py:2941} INFO - Sync 1 DAGs
[2023-11-16T07:01:10.815+0000] {logging_mixin.py:154} INFO - [2023-11-16T07:01:10.814+0000] {dag.py:3722} INFO - Setting next_dagrun for example_sla_dag to 2023-11-16T06:58:00+00:00, run_after=2023-11-16T07:00:00+00:00
[2023-11-16T07:01:10.825+0000] {processor.py:179} INFO - Processing /home/airflow/.local/lib/python3.8/site-packages/airflow/example_dags/example_sla_dag.py took 0.048 seconds
[2023-11-16T07:01:41.764+0000] {processor.py:157} INFO - Started process (PID=2051) to work on /home/airflow/.local/lib/python3.8/site-packages/airflow/example_dags/example_sla_dag.py
[2023-11-16T07:01:41.765+0000] {processor.py:829} INFO - Processing file /home/airflow/.local/lib/python3.8/site-packages/airflow/example_dags/example_sla_dag.py for tasks to queue
[2023-11-16T07:01:41.767+0000] {logging_mixin.py:154} INFO - [2023-11-16T07:01:41.766+0000] {dagbag.py:536} INFO - Filling up the DagBag from /home/airflow/.local/lib/python3.8/site-packages/airflow/example_dags/example_sla_dag.py
[2023-11-16T07:01:41.772+0000] {processor.py:839} INFO - DAG(s) dict_keys(['example_sla_dag']) retrieved from /home/airflow/.local/lib/python3.8/site-packages/airflow/example_dags/example_sla_dag.py
[2023-11-16T07:01:41.784+0000] {logging_mixin.py:154} INFO - [2023-11-16T07:01:41.784+0000] {dag.py:2941} INFO - Sync 1 DAGs
[2023-11-16T07:01:41.799+0000] {logging_mixin.py:154} INFO - [2023-11-16T07:01:41.799+0000] {dag.py:3722} INFO - Setting next_dagrun for example_sla_dag to 2023-11-16T06:58:00+00:00, run_after=2023-11-16T07:00:00+00:00
[2023-11-16T07:01:41.810+0000] {processor.py:179} INFO - Processing /home/airflow/.local/lib/python3.8/site-packages/airflow/example_dags/example_sla_dag.py took 0.049 seconds
[2023-11-16T07:02:12.859+0000] {processor.py:157} INFO - Started process (PID=2110) to work on /home/airflow/.local/lib/python3.8/site-packages/airflow/example_dags/example_sla_dag.py
[2023-11-16T07:02:12.859+0000] {processor.py:829} INFO - Processing file /home/airflow/.local/lib/python3.8/site-packages/airflow/example_dags/example_sla_dag.py for tasks to queue
[2023-11-16T07:02:12.862+0000] {logging_mixin.py:154} INFO - [2023-11-16T07:02:12.861+0000] {dagbag.py:536} INFO - Filling up the DagBag from /home/airflow/.local/lib/python3.8/site-packages/airflow/example_dags/example_sla_dag.py
[2023-11-16T07:02:12.867+0000] {processor.py:839} INFO - DAG(s) dict_keys(['example_sla_dag']) retrieved from /home/airflow/.local/lib/python3.8/site-packages/airflow/example_dags/example_sla_dag.py
[2023-11-16T07:02:12.879+0000] {logging_mixin.py:154} INFO - [2023-11-16T07:02:12.879+0000] {dag.py:2941} INFO - Sync 1 DAGs
[2023-11-16T07:02:12.892+0000] {logging_mixin.py:154} INFO - [2023-11-16T07:02:12.892+0000] {dag.py:3722} INFO - Setting next_dagrun for example_sla_dag to 2023-11-16T07:00:00+00:00, run_after=2023-11-16T07:02:00+00:00
[2023-11-16T07:02:12.901+0000] {processor.py:179} INFO - Processing /home/airflow/.local/lib/python3.8/site-packages/airflow/example_dags/example_sla_dag.py took 0.045 seconds
[2023-11-16T07:02:43.038+0000] {processor.py:157} INFO - Started process (PID=2164) to work on /home/airflow/.local/lib/python3.8/site-packages/airflow/example_dags/example_sla_dag.py
[2023-11-16T07:02:43.039+0000] {processor.py:829} INFO - Processing file /home/airflow/.local/lib/python3.8/site-packages/airflow/example_dags/example_sla_dag.py for tasks to queue
[2023-11-16T07:02:43.040+0000] {logging_mixin.py:154} INFO - [2023-11-16T07:02:43.040+0000] {dagbag.py:536} INFO - Filling up the DagBag from /home/airflow/.local/lib/python3.8/site-packages/airflow/example_dags/example_sla_dag.py
[2023-11-16T07:02:43.045+0000] {processor.py:839} INFO - DAG(s) dict_keys(['example_sla_dag']) retrieved from /home/airflow/.local/lib/python3.8/site-packages/airflow/example_dags/example_sla_dag.py
[2023-11-16T07:02:43.056+0000] {logging_mixin.py:154} INFO - [2023-11-16T07:02:43.056+0000] {dag.py:2941} INFO - Sync 1 DAGs
[2023-11-16T07:02:43.067+0000] {logging_mixin.py:154} INFO - [2023-11-16T07:02:43.067+0000] {dag.py:3722} INFO - Setting next_dagrun for example_sla_dag to 2023-11-16T07:00:00+00:00, run_after=2023-11-16T07:02:00+00:00
[2023-11-16T07:02:43.074+0000] {processor.py:179} INFO - Processing /home/airflow/.local/lib/python3.8/site-packages/airflow/example_dags/example_sla_dag.py took 0.038 seconds
[2023-11-16T07:03:13.189+0000] {processor.py:157} INFO - Started process (PID=2218) to work on /home/airflow/.local/lib/python3.8/site-packages/airflow/example_dags/example_sla_dag.py
[2023-11-16T07:03:13.190+0000] {processor.py:829} INFO - Processing file /home/airflow/.local/lib/python3.8/site-packages/airflow/example_dags/example_sla_dag.py for tasks to queue
[2023-11-16T07:03:13.191+0000] {logging_mixin.py:154} INFO - [2023-11-16T07:03:13.191+0000] {dagbag.py:536} INFO - Filling up the DagBag from /home/airflow/.local/lib/python3.8/site-packages/airflow/example_dags/example_sla_dag.py
[2023-11-16T07:03:13.196+0000] {processor.py:839} INFO - DAG(s) dict_keys(['example_sla_dag']) retrieved from /home/airflow/.local/lib/python3.8/site-packages/airflow/example_dags/example_sla_dag.py
[2023-11-16T07:03:13.206+0000] {logging_mixin.py:154} INFO - [2023-11-16T07:03:13.206+0000] {dag.py:2941} INFO - Sync 1 DAGs
[2023-11-16T07:03:13.218+0000] {logging_mixin.py:154} INFO - [2023-11-16T07:03:13.218+0000] {dag.py:3722} INFO - Setting next_dagrun for example_sla_dag to 2023-11-16T07:00:00+00:00, run_after=2023-11-16T07:02:00+00:00
[2023-11-16T07:03:13.227+0000] {processor.py:179} INFO - Processing /home/airflow/.local/lib/python3.8/site-packages/airflow/example_dags/example_sla_dag.py took 0.040 seconds
[2023-11-16T07:03:43.280+0000] {processor.py:157} INFO - Started process (PID=2272) to work on /home/airflow/.local/lib/python3.8/site-packages/airflow/example_dags/example_sla_dag.py
[2023-11-16T07:03:43.281+0000] {processor.py:829} INFO - Processing file /home/airflow/.local/lib/python3.8/site-packages/airflow/example_dags/example_sla_dag.py for tasks to queue
[2023-11-16T07:03:43.283+0000] {logging_mixin.py:154} INFO - [2023-11-16T07:03:43.283+0000] {dagbag.py:536} INFO - Filling up the DagBag from /home/airflow/.local/lib/python3.8/site-packages/airflow/example_dags/example_sla_dag.py
[2023-11-16T07:03:43.288+0000] {processor.py:839} INFO - DAG(s) dict_keys(['example_sla_dag']) retrieved from /home/airflow/.local/lib/python3.8/site-packages/airflow/example_dags/example_sla_dag.py
[2023-11-16T07:03:43.303+0000] {logging_mixin.py:154} INFO - [2023-11-16T07:03:43.303+0000] {dag.py:2941} INFO - Sync 1 DAGs
[2023-11-16T07:03:43.318+0000] {logging_mixin.py:154} INFO - [2023-11-16T07:03:43.318+0000] {dag.py:3722} INFO - Setting next_dagrun for example_sla_dag to 2023-11-16T07:00:00+00:00, run_after=2023-11-16T07:02:00+00:00
[2023-11-16T07:03:43.327+0000] {processor.py:179} INFO - Processing /home/airflow/.local/lib/python3.8/site-packages/airflow/example_dags/example_sla_dag.py took 0.049 seconds
[2023-11-16T07:04:13.497+0000] {processor.py:157} INFO - Started process (PID=2326) to work on /home/airflow/.local/lib/python3.8/site-packages/airflow/example_dags/example_sla_dag.py
[2023-11-16T07:04:13.498+0000] {processor.py:829} INFO - Processing file /home/airflow/.local/lib/python3.8/site-packages/airflow/example_dags/example_sla_dag.py for tasks to queue
[2023-11-16T07:04:13.500+0000] {logging_mixin.py:154} INFO - [2023-11-16T07:04:13.500+0000] {dagbag.py:536} INFO - Filling up the DagBag from /home/airflow/.local/lib/python3.8/site-packages/airflow/example_dags/example_sla_dag.py
[2023-11-16T07:04:13.505+0000] {processor.py:839} INFO - DAG(s) dict_keys(['example_sla_dag']) retrieved from /home/airflow/.local/lib/python3.8/site-packages/airflow/example_dags/example_sla_dag.py
[2023-11-16T07:04:13.517+0000] {logging_mixin.py:154} INFO - [2023-11-16T07:04:13.517+0000] {dag.py:2941} INFO - Sync 1 DAGs
[2023-11-16T07:04:13.531+0000] {logging_mixin.py:154} INFO - [2023-11-16T07:04:13.531+0000] {dag.py:3722} INFO - Setting next_dagrun for example_sla_dag to 2023-11-16T07:02:00+00:00, run_after=2023-11-16T07:04:00+00:00
[2023-11-16T07:04:13.540+0000] {processor.py:179} INFO - Processing /home/airflow/.local/lib/python3.8/site-packages/airflow/example_dags/example_sla_dag.py took 0.045 seconds
[2023-11-16T07:04:44.609+0000] {processor.py:157} INFO - Started process (PID=2380) to work on /home/airflow/.local/lib/python3.8/site-packages/airflow/example_dags/example_sla_dag.py
[2023-11-16T07:04:44.609+0000] {processor.py:829} INFO - Processing file /home/airflow/.local/lib/python3.8/site-packages/airflow/example_dags/example_sla_dag.py for tasks to queue
[2023-11-16T07:04:44.611+0000] {logging_mixin.py:154} INFO - [2023-11-16T07:04:44.611+0000] {dagbag.py:536} INFO - Filling up the DagBag from /home/airflow/.local/lib/python3.8/site-packages/airflow/example_dags/example_sla_dag.py
[2023-11-16T07:04:44.616+0000] {processor.py:839} INFO - DAG(s) dict_keys(['example_sla_dag']) retrieved from /home/airflow/.local/lib/python3.8/site-packages/airflow/example_dags/example_sla_dag.py
[2023-11-16T07:04:44.627+0000] {logging_mixin.py:154} INFO - [2023-11-16T07:04:44.627+0000] {dag.py:2941} INFO - Sync 1 DAGs
[2023-11-16T07:04:44.640+0000] {logging_mixin.py:154} INFO - [2023-11-16T07:04:44.640+0000] {dag.py:3722} INFO - Setting next_dagrun for example_sla_dag to 2023-11-16T07:02:00+00:00, run_after=2023-11-16T07:04:00+00:00
[2023-11-16T07:04:44.652+0000] {processor.py:179} INFO - Processing /home/airflow/.local/lib/python3.8/site-packages/airflow/example_dags/example_sla_dag.py took 0.046 seconds
[2023-11-16T07:05:15.688+0000] {processor.py:157} INFO - Started process (PID=2434) to work on /home/airflow/.local/lib/python3.8/site-packages/airflow/example_dags/example_sla_dag.py
[2023-11-16T07:05:15.689+0000] {processor.py:829} INFO - Processing file /home/airflow/.local/lib/python3.8/site-packages/airflow/example_dags/example_sla_dag.py for tasks to queue
[2023-11-16T07:05:15.690+0000] {logging_mixin.py:154} INFO - [2023-11-16T07:05:15.690+0000] {dagbag.py:536} INFO - Filling up the DagBag from /home/airflow/.local/lib/python3.8/site-packages/airflow/example_dags/example_sla_dag.py
[2023-11-16T07:05:15.696+0000] {processor.py:839} INFO - DAG(s) dict_keys(['example_sla_dag']) retrieved from /home/airflow/.local/lib/python3.8/site-packages/airflow/example_dags/example_sla_dag.py
[2023-11-16T07:05:15.707+0000] {logging_mixin.py:154} INFO - [2023-11-16T07:05:15.707+0000] {dag.py:2941} INFO - Sync 1 DAGs
[2023-11-16T07:05:15.721+0000] {logging_mixin.py:154} INFO - [2023-11-16T07:05:15.721+0000] {dag.py:3722} INFO - Setting next_dagrun for example_sla_dag to 2023-11-16T07:02:00+00:00, run_after=2023-11-16T07:04:00+00:00
[2023-11-16T07:05:15.730+0000] {processor.py:179} INFO - Processing /home/airflow/.local/lib/python3.8/site-packages/airflow/example_dags/example_sla_dag.py took 0.044 seconds
[2023-11-16T07:05:46.740+0000] {processor.py:157} INFO - Started process (PID=2488) to work on /home/airflow/.local/lib/python3.8/site-packages/airflow/example_dags/example_sla_dag.py
[2023-11-16T07:05:46.741+0000] {processor.py:829} INFO - Processing file /home/airflow/.local/lib/python3.8/site-packages/airflow/example_dags/example_sla_dag.py for tasks to queue
[2023-11-16T07:05:46.743+0000] {logging_mixin.py:154} INFO - [2023-11-16T07:05:46.742+0000] {dagbag.py:536} INFO - Filling up the DagBag from /home/airflow/.local/lib/python3.8/site-packages/airflow/example_dags/example_sla_dag.py
[2023-11-16T07:05:46.749+0000] {processor.py:839} INFO - DAG(s) dict_keys(['example_sla_dag']) retrieved from /home/airflow/.local/lib/python3.8/site-packages/airflow/example_dags/example_sla_dag.py
[2023-11-16T07:05:46.761+0000] {logging_mixin.py:154} INFO - [2023-11-16T07:05:46.761+0000] {dag.py:2941} INFO - Sync 1 DAGs
[2023-11-16T07:05:46.775+0000] {logging_mixin.py:154} INFO - [2023-11-16T07:05:46.774+0000] {dag.py:3722} INFO - Setting next_dagrun for example_sla_dag to 2023-11-16T07:02:00+00:00, run_after=2023-11-16T07:04:00+00:00
[2023-11-16T07:05:46.785+0000] {processor.py:179} INFO - Processing /home/airflow/.local/lib/python3.8/site-packages/airflow/example_dags/example_sla_dag.py took 0.046 seconds
