[2023-11-20T22:19:25.807+0000] {taskinstance.py:1159} INFO - Dependencies all met for dep_context=non-requeueable deps ti=<TaskInstance: outcomes_dag.transform scheduled__2023-11-17T00:00:00+00:00 [queued]>
[2023-11-20T22:19:25.842+0000] {taskinstance.py:1159} INFO - Dependencies all met for dep_context=requeueable deps ti=<TaskInstance: outcomes_dag.transform scheduled__2023-11-17T00:00:00+00:00 [queued]>
[2023-11-20T22:19:25.844+0000] {taskinstance.py:1361} INFO - Starting attempt 1 of 1
[2023-11-20T22:19:25.873+0000] {taskinstance.py:1382} INFO - Executing <Task(PythonOperator): transform> on 2023-11-17 00:00:00+00:00
[2023-11-20T22:19:25.895+0000] {standard_task_runner.py:57} INFO - Started process 255 to run task
[2023-11-20T22:19:25.913+0000] {standard_task_runner.py:84} INFO - Running: ['***', 'tasks', 'run', 'outcomes_dag', 'transform', 'scheduled__2023-11-17T00:00:00+00:00', '--job-id', '36', '--raw', '--subdir', 'DAGS_FOLDER/outcomes_dag.py', '--cfg-path', '/tmp/tmp_vu6dr8p']
[2023-11-20T22:19:25.955+0000] {standard_task_runner.py:85} INFO - Job 36: Subtask transform
[2023-11-20T22:19:26.174+0000] {task_command.py:416} INFO - Running <TaskInstance: outcomes_dag.transform scheduled__2023-11-17T00:00:00+00:00 [running]> on host 3286f6d7d5f2
[2023-11-20T22:19:28.308+0000] {taskinstance.py:1662} INFO - Exporting env vars: AIRFLOW_CTX_DAG_OWNER='***' AIRFLOW_CTX_DAG_ID='outcomes_dag' AIRFLOW_CTX_TASK_ID='transform' AIRFLOW_CTX_EXECUTION_DATE='2023-11-17T00:00:00+00:00' AIRFLOW_CTX_TRY_NUMBER='1' AIRFLOW_CTX_DAG_RUN_ID='scheduled__2023-11-17T00:00:00+00:00'
[2023-11-20T22:19:29.017+0000] {warnings.py:109} WARNING - /opt/***/dags/etl_scripts/transform.py:67: UserWarning: Could not infer format, so each element will be parsed individually, falling back to `dateutil`. To ensure parsing is consistent and as-expected, please specify a format.
  data['ts'] = pd.to_datetime(data.DateTime)

[2023-11-20T22:19:40.156+0000] {python.py:194} INFO - Done. Returned value was: None
[2023-11-20T22:19:40.173+0000] {taskinstance.py:1400} INFO - Marking task as SUCCESS. dag_id=outcomes_dag, task_id=transform, execution_date=20231117T000000, start_date=20231120T221925, end_date=20231120T221940
[2023-11-20T22:19:40.230+0000] {local_task_job_runner.py:228} INFO - Task exited with return code 0
[2023-11-20T22:19:40.257+0000] {taskinstance.py:2778} INFO - 1 downstream tasks scheduled from follow-on schedule check
[2023-11-20T23:58:04.240+0000] {taskinstance.py:1159} INFO - Dependencies all met for dep_context=non-requeueable deps ti=<TaskInstance: outcomes_dag.transform scheduled__2023-11-17T00:00:00+00:00 [queued]>
[2023-11-20T23:58:04.306+0000] {taskinstance.py:1159} INFO - Dependencies all met for dep_context=requeueable deps ti=<TaskInstance: outcomes_dag.transform scheduled__2023-11-17T00:00:00+00:00 [queued]>
[2023-11-20T23:58:04.310+0000] {taskinstance.py:1361} INFO - Starting attempt 1 of 1
[2023-11-20T23:58:04.449+0000] {taskinstance.py:1382} INFO - Executing <Task(PythonOperator): transform> on 2023-11-17 00:00:00+00:00
[2023-11-20T23:58:04.522+0000] {standard_task_runner.py:57} INFO - Started process 281 to run task
[2023-11-20T23:58:04.627+0000] {standard_task_runner.py:84} INFO - Running: ['***', 'tasks', 'run', 'outcomes_dag', 'transform', 'scheduled__2023-11-17T00:00:00+00:00', '--job-id', '38', '--raw', '--subdir', 'DAGS_FOLDER/outcomes_dag.py', '--cfg-path', '/tmp/tmpkw7wns2_']
[2023-11-20T23:58:04.647+0000] {standard_task_runner.py:85} INFO - Job 38: Subtask transform
[2023-11-20T23:58:04.968+0000] {task_command.py:416} INFO - Running <TaskInstance: outcomes_dag.transform scheduled__2023-11-17T00:00:00+00:00 [running]> on host 3aa39f73e581
[2023-11-20T23:58:06.281+0000] {local_task_job_runner.py:228} INFO - Task exited with return code -9
[2023-11-20T23:58:09.355+0000] {taskinstance.py:2778} INFO - 0 downstream tasks scheduled from follow-on schedule check
[2023-11-21T00:52:46.749+0000] {taskinstance.py:1159} INFO - Dependencies all met for dep_context=non-requeueable deps ti=<TaskInstance: outcomes_dag.transform scheduled__2023-11-17T00:00:00+00:00 [queued]>
[2023-11-21T00:52:46.761+0000] {taskinstance.py:1159} INFO - Dependencies all met for dep_context=requeueable deps ti=<TaskInstance: outcomes_dag.transform scheduled__2023-11-17T00:00:00+00:00 [queued]>
[2023-11-21T00:52:46.763+0000] {taskinstance.py:1361} INFO - Starting attempt 1 of 1
[2023-11-21T00:52:46.798+0000] {taskinstance.py:1382} INFO - Executing <Task(PythonOperator): transform> on 2023-11-17 00:00:00+00:00
[2023-11-21T00:52:46.807+0000] {standard_task_runner.py:57} INFO - Started process 220 to run task
[2023-11-21T00:52:46.814+0000] {standard_task_runner.py:84} INFO - Running: ['***', 'tasks', 'run', 'outcomes_dag', 'transform', 'scheduled__2023-11-17T00:00:00+00:00', '--job-id', '33', '--raw', '--subdir', 'DAGS_FOLDER/outcomes_dag.py', '--cfg-path', '/tmp/tmpoq9nh5id']
[2023-11-21T00:52:46.823+0000] {standard_task_runner.py:85} INFO - Job 33: Subtask transform
[2023-11-21T00:52:46.905+0000] {task_command.py:416} INFO - Running <TaskInstance: outcomes_dag.transform scheduled__2023-11-17T00:00:00+00:00 [running]> on host 39ee77aaeaf9
[2023-11-21T00:52:47.720+0000] {taskinstance.py:1662} INFO - Exporting env vars: AIRFLOW_CTX_DAG_OWNER='***' AIRFLOW_CTX_DAG_ID='outcomes_dag' AIRFLOW_CTX_TASK_ID='transform' AIRFLOW_CTX_EXECUTION_DATE='2023-11-17T00:00:00+00:00' AIRFLOW_CTX_TRY_NUMBER='1' AIRFLOW_CTX_DAG_RUN_ID='scheduled__2023-11-17T00:00:00+00:00'
[2023-11-21T00:52:48.424+0000] {warnings.py:109} WARNING - /opt/***/dags/etl_scripts/transform.py:67: UserWarning: Could not infer format, so each element will be parsed individually, falling back to `dateutil`. To ensure parsing is consistent and as-expected, please specify a format.
  data['ts'] = pd.to_datetime(data.DateTime)

[2023-11-21T00:52:56.359+0000] {taskinstance.py:1937} ERROR - Task failed with exception
Traceback (most recent call last):
  File "/home/airflow/.local/lib/python3.8/site-packages/airflow/operators/python.py", line 192, in execute
    return_value = self.execute_callable()
  File "/home/airflow/.local/lib/python3.8/site-packages/airflow/operators/python.py", line 209, in execute_callable
    return self.python_callable(*self.op_args, **self.op_kwargs)
  File "/opt/airflow/dags/etl_scripts/transform.py", line 21, in transform_data
    new_data = prep_data(new_data)
  File "/opt/airflow/dags/etl_scripts/transform.py", line 75, in prep_data
    data = data.drop_duplicates(subset=['animal_id'])
  File "/home/airflow/.local/lib/python3.8/site-packages/pandas/core/frame.py", line 6522, in drop_duplicates
    result = self[-self.duplicated(subset, keep=keep)]
  File "/home/airflow/.local/lib/python3.8/site-packages/pandas/core/frame.py", line 6654, in duplicated
    raise KeyError(Index(diff))
KeyError: Index(['animal_id'], dtype='object')
[2023-11-21T00:52:56.389+0000] {taskinstance.py:1400} INFO - Marking task as FAILED. dag_id=outcomes_dag, task_id=transform, execution_date=20231117T000000, start_date=20231121T005246, end_date=20231121T005256
[2023-11-21T00:52:56.431+0000] {standard_task_runner.py:104} ERROR - Failed to execute job 33 for task transform (Index(['animal_id'], dtype='object'); 220)
[2023-11-21T00:52:56.487+0000] {local_task_job_runner.py:228} INFO - Task exited with return code 1
[2023-11-21T00:52:56.521+0000] {taskinstance.py:2778} INFO - 0 downstream tasks scheduled from follow-on schedule check
[2023-11-21T01:00:03.754+0000] {taskinstance.py:1159} INFO - Dependencies all met for dep_context=non-requeueable deps ti=<TaskInstance: outcomes_dag.transform scheduled__2023-11-17T00:00:00+00:00 [queued]>
[2023-11-21T01:00:03.780+0000] {taskinstance.py:1159} INFO - Dependencies all met for dep_context=requeueable deps ti=<TaskInstance: outcomes_dag.transform scheduled__2023-11-17T00:00:00+00:00 [queued]>
[2023-11-21T01:00:03.781+0000] {taskinstance.py:1361} INFO - Starting attempt 1 of 1
[2023-11-21T01:00:03.811+0000] {taskinstance.py:1382} INFO - Executing <Task(PythonOperator): transform> on 2023-11-17 00:00:00+00:00
[2023-11-21T01:00:03.853+0000] {standard_task_runner.py:57} INFO - Started process 189 to run task
[2023-11-21T01:00:03.894+0000] {standard_task_runner.py:84} INFO - Running: ['***', 'tasks', 'run', 'outcomes_dag', 'transform', 'scheduled__2023-11-17T00:00:00+00:00', '--job-id', '30', '--raw', '--subdir', 'DAGS_FOLDER/outcomes_dag.py', '--cfg-path', '/tmp/tmpoh23u9ts']
[2023-11-21T01:00:03.905+0000] {standard_task_runner.py:85} INFO - Job 30: Subtask transform
[2023-11-21T01:00:04.107+0000] {task_command.py:416} INFO - Running <TaskInstance: outcomes_dag.transform scheduled__2023-11-17T00:00:00+00:00 [running]> on host bf1573643830
[2023-11-21T01:00:05.600+0000] {taskinstance.py:1662} INFO - Exporting env vars: AIRFLOW_CTX_DAG_OWNER='***' AIRFLOW_CTX_DAG_ID='outcomes_dag' AIRFLOW_CTX_TASK_ID='transform' AIRFLOW_CTX_EXECUTION_DATE='2023-11-17T00:00:00+00:00' AIRFLOW_CTX_TRY_NUMBER='1' AIRFLOW_CTX_DAG_RUN_ID='scheduled__2023-11-17T00:00:00+00:00'
[2023-11-21T01:00:07.257+0000] {warnings.py:109} WARNING - /opt/***/dags/etl_scripts/transform.py:67: UserWarning: Could not infer format, so each element will be parsed individually, falling back to `dateutil`. To ensure parsing is consistent and as-expected, please specify a format.
  data['ts'] = pd.to_datetime(data.DateTime)

[2023-11-21T01:00:27.988+0000] {python.py:194} INFO - Done. Returned value was: None
[2023-11-21T01:00:28.165+0000] {taskinstance.py:1400} INFO - Marking task as SUCCESS. dag_id=outcomes_dag, task_id=transform, execution_date=20231117T000000, start_date=20231121T010003, end_date=20231121T010028
[2023-11-21T01:00:28.335+0000] {local_task_job_runner.py:228} INFO - Task exited with return code 0
[2023-11-21T01:00:28.475+0000] {taskinstance.py:2778} INFO - 3 downstream tasks scheduled from follow-on schedule check
[2023-11-21T01:14:35.237+0000] {taskinstance.py:1159} INFO - Dependencies all met for dep_context=non-requeueable deps ti=<TaskInstance: outcomes_dag.transform scheduled__2023-11-17T00:00:00+00:00 [queued]>
[2023-11-21T01:14:35.325+0000] {taskinstance.py:1159} INFO - Dependencies all met for dep_context=requeueable deps ti=<TaskInstance: outcomes_dag.transform scheduled__2023-11-17T00:00:00+00:00 [queued]>
[2023-11-21T01:14:35.333+0000] {taskinstance.py:1361} INFO - Starting attempt 1 of 1
[2023-11-21T01:14:35.778+0000] {taskinstance.py:1382} INFO - Executing <Task(PythonOperator): transform> on 2023-11-17 00:00:00+00:00
[2023-11-21T01:14:35.831+0000] {standard_task_runner.py:57} INFO - Started process 273 to run task
[2023-11-21T01:14:35.918+0000] {standard_task_runner.py:84} INFO - Running: ['***', 'tasks', 'run', 'outcomes_dag', 'transform', 'scheduled__2023-11-17T00:00:00+00:00', '--job-id', '33', '--raw', '--subdir', 'DAGS_FOLDER/outcomes_dag.py', '--cfg-path', '/tmp/tmpc3tj0u5j']
[2023-11-21T01:14:35.935+0000] {standard_task_runner.py:85} INFO - Job 33: Subtask transform
[2023-11-21T01:14:36.139+0000] {task_command.py:416} INFO - Running <TaskInstance: outcomes_dag.transform scheduled__2023-11-17T00:00:00+00:00 [running]> on host 9a73044c5577
[2023-11-21T01:14:41.427+0000] {taskinstance.py:1662} INFO - Exporting env vars: AIRFLOW_CTX_DAG_OWNER='***' AIRFLOW_CTX_DAG_ID='outcomes_dag' AIRFLOW_CTX_TASK_ID='transform' AIRFLOW_CTX_EXECUTION_DATE='2023-11-17T00:00:00+00:00' AIRFLOW_CTX_TRY_NUMBER='1' AIRFLOW_CTX_DAG_RUN_ID='scheduled__2023-11-17T00:00:00+00:00'
[2023-11-21T01:14:45.607+0000] {warnings.py:109} WARNING - /opt/***/dags/etl_scripts/transform.py:67: UserWarning: Could not infer format, so each element will be parsed individually, falling back to `dateutil`. To ensure parsing is consistent and as-expected, please specify a format.
  data['ts'] = pd.to_datetime(data.DateTime)

[2023-11-21T01:14:54.202+0000] {local_task_job_runner.py:228} INFO - Task exited with return code -9
[2023-11-21T01:14:55.520+0000] {taskinstance.py:2778} INFO - 0 downstream tasks scheduled from follow-on schedule check
[2023-11-21T03:56:46.201+0000] {taskinstance.py:1159} INFO - Dependencies all met for dep_context=non-requeueable deps ti=<TaskInstance: outcomes_dag.transform scheduled__2023-11-17T00:00:00+00:00 [queued]>
[2023-11-21T03:56:46.253+0000] {taskinstance.py:1159} INFO - Dependencies all met for dep_context=requeueable deps ti=<TaskInstance: outcomes_dag.transform scheduled__2023-11-17T00:00:00+00:00 [queued]>
[2023-11-21T03:56:46.259+0000] {taskinstance.py:1361} INFO - Starting attempt 1 of 1
[2023-11-21T03:56:46.396+0000] {taskinstance.py:1382} INFO - Executing <Task(PythonOperator): transform> on 2023-11-17 00:00:00+00:00
[2023-11-21T03:56:46.431+0000] {standard_task_runner.py:57} INFO - Started process 716 to run task
[2023-11-21T03:56:46.471+0000] {standard_task_runner.py:84} INFO - Running: ['***', 'tasks', 'run', 'outcomes_dag', 'transform', 'scheduled__2023-11-17T00:00:00+00:00', '--job-id', '47', '--raw', '--subdir', 'DAGS_FOLDER/outcomes_dag.py', '--cfg-path', '/tmp/tmpffczfsfi']
[2023-11-21T03:56:46.521+0000] {standard_task_runner.py:85} INFO - Job 47: Subtask transform
[2023-11-21T03:56:47.415+0000] {task_command.py:416} INFO - Running <TaskInstance: outcomes_dag.transform scheduled__2023-11-17T00:00:00+00:00 [running]> on host a0f615083db8
[2023-11-21T03:56:56.268+0000] {taskinstance.py:1662} INFO - Exporting env vars: AIRFLOW_CTX_DAG_OWNER='***' AIRFLOW_CTX_DAG_ID='outcomes_dag' AIRFLOW_CTX_TASK_ID='transform' AIRFLOW_CTX_EXECUTION_DATE='2023-11-17T00:00:00+00:00' AIRFLOW_CTX_TRY_NUMBER='1' AIRFLOW_CTX_DAG_RUN_ID='scheduled__2023-11-17T00:00:00+00:00'
[2023-11-21T03:56:58.551+0000] {warnings.py:109} WARNING - /opt/***/dags/etl_scripts/transform.py:67: UserWarning: Could not infer format, so each element will be parsed individually, falling back to `dateutil`. To ensure parsing is consistent and as-expected, please specify a format.
  data['ts'] = pd.to_datetime(data.DateTime)

[2023-11-21T03:57:16.548+0000] {python.py:194} INFO - Done. Returned value was: None
[2023-11-21T03:57:16.568+0000] {taskinstance.py:1400} INFO - Marking task as SUCCESS. dag_id=outcomes_dag, task_id=transform, execution_date=20231117T000000, start_date=20231121T035646, end_date=20231121T035716
[2023-11-21T03:57:16.656+0000] {local_task_job_runner.py:228} INFO - Task exited with return code 0
[2023-11-21T03:57:16.798+0000] {taskinstance.py:2778} INFO - 3 downstream tasks scheduled from follow-on schedule check
[2023-11-21T04:17:15.353+0000] {taskinstance.py:1159} INFO - Dependencies all met for dep_context=non-requeueable deps ti=<TaskInstance: outcomes_dag.transform scheduled__2023-11-17T00:00:00+00:00 [queued]>
[2023-11-21T04:17:15.459+0000] {taskinstance.py:1159} INFO - Dependencies all met for dep_context=requeueable deps ti=<TaskInstance: outcomes_dag.transform scheduled__2023-11-17T00:00:00+00:00 [queued]>
[2023-11-21T04:17:15.518+0000] {taskinstance.py:1361} INFO - Starting attempt 1 of 1
[2023-11-21T04:17:15.960+0000] {taskinstance.py:1382} INFO - Executing <Task(PythonOperator): transform> on 2023-11-17 00:00:00+00:00
[2023-11-21T04:17:16.118+0000] {standard_task_runner.py:57} INFO - Started process 295 to run task
[2023-11-21T04:17:16.189+0000] {standard_task_runner.py:84} INFO - Running: ['***', 'tasks', 'run', 'outcomes_dag', 'transform', 'scheduled__2023-11-17T00:00:00+00:00', '--job-id', '37', '--raw', '--subdir', 'DAGS_FOLDER/outcomes_dag.py', '--cfg-path', '/tmp/tmpeft3egjn']
[2023-11-21T04:17:16.255+0000] {standard_task_runner.py:85} INFO - Job 37: Subtask transform
[2023-11-21T04:17:16.911+0000] {task_command.py:416} INFO - Running <TaskInstance: outcomes_dag.transform scheduled__2023-11-17T00:00:00+00:00 [running]> on host dc3ce06c67c1
[2023-11-21T04:17:27.425+0000] {taskinstance.py:1662} INFO - Exporting env vars: AIRFLOW_CTX_DAG_OWNER='***' AIRFLOW_CTX_DAG_ID='outcomes_dag' AIRFLOW_CTX_TASK_ID='transform' AIRFLOW_CTX_EXECUTION_DATE='2023-11-17T00:00:00+00:00' AIRFLOW_CTX_TRY_NUMBER='1' AIRFLOW_CTX_DAG_RUN_ID='scheduled__2023-11-17T00:00:00+00:00'
[2023-11-21T04:17:29.303+0000] {warnings.py:109} WARNING - /opt/***/dags/etl_scripts/transform.py:67: UserWarning: Could not infer format, so each element will be parsed individually, falling back to `dateutil`. To ensure parsing is consistent and as-expected, please specify a format.
  data['ts'] = pd.to_datetime(data.DateTime)

[2023-11-21T04:17:44.327+0000] {python.py:194} INFO - Done. Returned value was: None
[2023-11-21T04:17:44.404+0000] {taskinstance.py:1400} INFO - Marking task as SUCCESS. dag_id=outcomes_dag, task_id=transform, execution_date=20231117T000000, start_date=20231121T041715, end_date=20231121T041744
[2023-11-21T04:17:44.537+0000] {local_task_job_runner.py:228} INFO - Task exited with return code 0
[2023-11-21T04:17:44.769+0000] {taskinstance.py:2778} INFO - 3 downstream tasks scheduled from follow-on schedule check
[2023-11-21T04:46:59.753+0000] {taskinstance.py:1159} INFO - Dependencies all met for dep_context=non-requeueable deps ti=<TaskInstance: outcomes_dag.transform scheduled__2023-11-17T00:00:00+00:00 [queued]>
[2023-11-21T04:46:59.775+0000] {taskinstance.py:1159} INFO - Dependencies all met for dep_context=requeueable deps ti=<TaskInstance: outcomes_dag.transform scheduled__2023-11-17T00:00:00+00:00 [queued]>
[2023-11-21T04:46:59.778+0000] {taskinstance.py:1361} INFO - Starting attempt 1 of 1
[2023-11-21T04:46:59.811+0000] {taskinstance.py:1382} INFO - Executing <Task(PythonOperator): transform> on 2023-11-17 00:00:00+00:00
[2023-11-21T04:46:59.824+0000] {standard_task_runner.py:57} INFO - Started process 232 to run task
[2023-11-21T04:46:59.828+0000] {standard_task_runner.py:84} INFO - Running: ['***', 'tasks', 'run', 'outcomes_dag', 'transform', 'scheduled__2023-11-17T00:00:00+00:00', '--job-id', '33', '--raw', '--subdir', 'DAGS_FOLDER/outcomes_dag.py', '--cfg-path', '/tmp/tmphilhmj1f']
[2023-11-21T04:46:59.833+0000] {standard_task_runner.py:85} INFO - Job 33: Subtask transform
[2023-11-21T04:47:00.002+0000] {task_command.py:416} INFO - Running <TaskInstance: outcomes_dag.transform scheduled__2023-11-17T00:00:00+00:00 [running]> on host de20a855d915
[2023-11-21T04:47:02.651+0000] {taskinstance.py:1662} INFO - Exporting env vars: AIRFLOW_CTX_DAG_OWNER='***' AIRFLOW_CTX_DAG_ID='outcomes_dag' AIRFLOW_CTX_TASK_ID='transform' AIRFLOW_CTX_EXECUTION_DATE='2023-11-17T00:00:00+00:00' AIRFLOW_CTX_TRY_NUMBER='1' AIRFLOW_CTX_DAG_RUN_ID='scheduled__2023-11-17T00:00:00+00:00'
[2023-11-21T04:47:03.608+0000] {warnings.py:109} WARNING - /opt/***/dags/etl_scripts/transform.py:67: UserWarning: Could not infer format, so each element will be parsed individually, falling back to `dateutil`. To ensure parsing is consistent and as-expected, please specify a format.
  data['ts'] = pd.to_datetime(data.DateTime)

[2023-11-21T04:47:15.093+0000] {python.py:194} INFO - Done. Returned value was: None
[2023-11-21T04:47:15.122+0000] {taskinstance.py:1400} INFO - Marking task as SUCCESS. dag_id=outcomes_dag, task_id=transform, execution_date=20231117T000000, start_date=20231121T044659, end_date=20231121T044715
[2023-11-21T04:47:15.207+0000] {local_task_job_runner.py:228} INFO - Task exited with return code 0
[2023-11-21T04:47:15.232+0000] {taskinstance.py:2778} INFO - 3 downstream tasks scheduled from follow-on schedule check
[2023-11-21T04:57:30.270+0000] {taskinstance.py:1159} INFO - Dependencies all met for dep_context=non-requeueable deps ti=<TaskInstance: outcomes_dag.transform scheduled__2023-11-17T00:00:00+00:00 [queued]>
[2023-11-21T04:57:30.286+0000] {taskinstance.py:1159} INFO - Dependencies all met for dep_context=requeueable deps ti=<TaskInstance: outcomes_dag.transform scheduled__2023-11-17T00:00:00+00:00 [queued]>
[2023-11-21T04:57:30.287+0000] {taskinstance.py:1361} INFO - Starting attempt 1 of 1
[2023-11-21T04:57:30.301+0000] {taskinstance.py:1382} INFO - Executing <Task(PythonOperator): transform> on 2023-11-17 00:00:00+00:00
[2023-11-21T04:57:30.316+0000] {standard_task_runner.py:57} INFO - Started process 294 to run task
[2023-11-21T04:57:30.326+0000] {standard_task_runner.py:84} INFO - Running: ['***', 'tasks', 'run', 'outcomes_dag', 'transform', 'scheduled__2023-11-17T00:00:00+00:00', '--job-id', '34', '--raw', '--subdir', 'DAGS_FOLDER/outcomes_dag.py', '--cfg-path', '/tmp/tmpnvyigsh8']
[2023-11-21T04:57:30.330+0000] {standard_task_runner.py:85} INFO - Job 34: Subtask transform
[2023-11-21T04:57:30.418+0000] {task_command.py:416} INFO - Running <TaskInstance: outcomes_dag.transform scheduled__2023-11-17T00:00:00+00:00 [running]> on host 921d770aa62c
[2023-11-21T04:57:30.954+0000] {taskinstance.py:1662} INFO - Exporting env vars: AIRFLOW_CTX_DAG_OWNER='***' AIRFLOW_CTX_DAG_ID='outcomes_dag' AIRFLOW_CTX_TASK_ID='transform' AIRFLOW_CTX_EXECUTION_DATE='2023-11-17T00:00:00+00:00' AIRFLOW_CTX_TRY_NUMBER='1' AIRFLOW_CTX_DAG_RUN_ID='scheduled__2023-11-17T00:00:00+00:00'
[2023-11-21T04:57:31.560+0000] {warnings.py:109} WARNING - /opt/***/dags/etl_scripts/transform.py:67: UserWarning: Could not infer format, so each element will be parsed individually, falling back to `dateutil`. To ensure parsing is consistent and as-expected, please specify a format.
  data['ts'] = pd.to_datetime(data.DateTime)

[2023-11-21T04:57:55.504+0000] {python.py:194} INFO - Done. Returned value was: None
[2023-11-21T04:57:55.535+0000] {taskinstance.py:1400} INFO - Marking task as SUCCESS. dag_id=outcomes_dag, task_id=transform, execution_date=20231117T000000, start_date=20231121T045730, end_date=20231121T045755
[2023-11-21T04:57:55.671+0000] {local_task_job_runner.py:228} INFO - Task exited with return code 0
[2023-11-21T04:57:55.759+0000] {taskinstance.py:2778} INFO - 3 downstream tasks scheduled from follow-on schedule check
[2023-11-21T05:29:56.032+0000] {taskinstance.py:1159} INFO - Dependencies all met for dep_context=non-requeueable deps ti=<TaskInstance: outcomes_dag.transform scheduled__2023-11-17T00:00:00+00:00 [queued]>
[2023-11-21T05:29:56.060+0000] {taskinstance.py:1159} INFO - Dependencies all met for dep_context=requeueable deps ti=<TaskInstance: outcomes_dag.transform scheduled__2023-11-17T00:00:00+00:00 [queued]>
[2023-11-21T05:29:56.061+0000] {taskinstance.py:1361} INFO - Starting attempt 1 of 1
[2023-11-21T05:29:56.083+0000] {taskinstance.py:1382} INFO - Executing <Task(PythonOperator): transform> on 2023-11-17 00:00:00+00:00
[2023-11-21T05:29:56.091+0000] {standard_task_runner.py:57} INFO - Started process 240 to run task
[2023-11-21T05:29:56.108+0000] {standard_task_runner.py:84} INFO - Running: ['***', 'tasks', 'run', 'outcomes_dag', 'transform', 'scheduled__2023-11-17T00:00:00+00:00', '--job-id', '33', '--raw', '--subdir', 'DAGS_FOLDER/outcomes_dag.py', '--cfg-path', '/tmp/tmp0k1xa5sn']
[2023-11-21T05:29:56.126+0000] {standard_task_runner.py:85} INFO - Job 33: Subtask transform
[2023-11-21T05:29:56.269+0000] {task_command.py:416} INFO - Running <TaskInstance: outcomes_dag.transform scheduled__2023-11-17T00:00:00+00:00 [running]> on host 1df7871f6344
[2023-11-21T05:29:58.066+0000] {taskinstance.py:1662} INFO - Exporting env vars: AIRFLOW_CTX_DAG_OWNER='***' AIRFLOW_CTX_DAG_ID='outcomes_dag' AIRFLOW_CTX_TASK_ID='transform' AIRFLOW_CTX_EXECUTION_DATE='2023-11-17T00:00:00+00:00' AIRFLOW_CTX_TRY_NUMBER='1' AIRFLOW_CTX_DAG_RUN_ID='scheduled__2023-11-17T00:00:00+00:00'
[2023-11-21T05:30:00.693+0000] {warnings.py:109} WARNING - /opt/***/dags/etl_scripts/transform.py:67: UserWarning: Could not infer format, so each element will be parsed individually, falling back to `dateutil`. To ensure parsing is consistent and as-expected, please specify a format.
  data['ts'] = pd.to_datetime(data.DateTime)

[2023-11-21T05:30:17.891+0000] {local_task_job_runner.py:228} INFO - Task exited with return code -9
[2023-11-21T05:30:18.256+0000] {taskinstance.py:2778} INFO - 0 downstream tasks scheduled from follow-on schedule check
