[2023-11-25T00:23:09.897+0000] {taskinstance.py:1159} INFO - Dependencies all met for dep_context=non-requeueable deps ti=<TaskInstance: outcomes_dag.extract scheduled__2023-11-24T00:00:00+00:00 [queued]>
[2023-11-25T00:23:09.904+0000] {taskinstance.py:1159} INFO - Dependencies all met for dep_context=requeueable deps ti=<TaskInstance: outcomes_dag.extract scheduled__2023-11-24T00:00:00+00:00 [queued]>
[2023-11-25T00:23:09.905+0000] {taskinstance.py:1361} INFO - Starting attempt 1 of 1
[2023-11-25T00:23:09.912+0000] {taskinstance.py:1382} INFO - Executing <Task(BashOperator): extract> on 2023-11-24 00:00:00+00:00
[2023-11-25T00:23:09.920+0000] {standard_task_runner.py:57} INFO - Started process 10823 to run task
[2023-11-25T00:23:09.923+0000] {standard_task_runner.py:84} INFO - Running: ['***', 'tasks', 'run', 'outcomes_dag', 'extract', 'scheduled__2023-11-24T00:00:00+00:00', '--job-id', '77', '--raw', '--subdir', 'DAGS_FOLDER/outcomes_dag.py', '--cfg-path', '/tmp/tmptp26d9fu']
[2023-11-25T00:23:09.927+0000] {standard_task_runner.py:85} INFO - Job 77: Subtask extract
[2023-11-25T00:23:09.968+0000] {task_command.py:416} INFO - Running <TaskInstance: outcomes_dag.extract scheduled__2023-11-24T00:00:00+00:00 [running]> on host 1df7871f6344
[2023-11-25T00:23:10.802+0000] {taskinstance.py:1662} INFO - Exporting env vars: AIRFLOW_CTX_DAG_OWNER='***' AIRFLOW_CTX_DAG_ID='outcomes_dag' AIRFLOW_CTX_TASK_ID='extract' AIRFLOW_CTX_EXECUTION_DATE='2023-11-24T00:00:00+00:00' AIRFLOW_CTX_TRY_NUMBER='1' AIRFLOW_CTX_DAG_RUN_ID='scheduled__2023-11-24T00:00:00+00:00'
[2023-11-25T00:23:10.804+0000] {subprocess.py:63} INFO - Tmp dir root location: /tmp
[2023-11-25T00:23:10.805+0000] {subprocess.py:75} INFO - Running command: ['/bin/bash', '-c', 'curl --create-dirs -o /opt/***/data/2023-11-24/downloads/outcomes_2023-11-24.csv https://data.austintexas.gov/api/views/9t4d-g238/rows.csv']
[2023-11-25T00:23:10.819+0000] {subprocess.py:86} INFO - Output:
[2023-11-25T00:23:10.848+0000] {subprocess.py:93} INFO -   % Total    % Received % Xferd  Average Speed   Time    Time     Time  Current
[2023-11-25T00:23:10.848+0000] {subprocess.py:93} INFO -                                  Dload  Upload   Total   Spent    Left  Speed
[2023-11-25T00:23:14.024+0000] {subprocess.py:93} INFO -   0     0    0     0    0     0      0      0 --:--:-- --:--:-- --:--:--     0  0     0    0     0    0     0      0      0 --:--:-- --:--:-- --:--:--     0  0     0    0     0    0     0      0      0 --:--:--  0:00:01 --:--:--     0100  559k    0  559k    0     0   210k      0 --:--:--  0:00:02 --:--:--  210k100  639k    0  639k    0     0   201k      0 --:--:--  0:00:03 --:--:--  201k100  639k    0  639k    0     0   201k      0 --:--:--  0:00:03 --:--:--  201k
[2023-11-25T00:23:14.031+0000] {subprocess.py:93} INFO - curl: (18) transfer closed with outstanding read data remaining
[2023-11-25T00:23:14.046+0000] {subprocess.py:97} INFO - Command exited with return code 18
[2023-11-25T00:23:14.093+0000] {taskinstance.py:1937} ERROR - Task failed with exception
Traceback (most recent call last):
  File "/home/airflow/.local/lib/python3.8/site-packages/airflow/operators/bash.py", line 210, in execute
    raise AirflowException(
airflow.exceptions.AirflowException: Bash command failed. The command returned a non-zero exit code 18.
[2023-11-25T00:23:14.099+0000] {taskinstance.py:1400} INFO - Marking task as FAILED. dag_id=outcomes_dag, task_id=extract, execution_date=20231124T000000, start_date=20231125T002309, end_date=20231125T002314
[2023-11-25T00:23:14.119+0000] {standard_task_runner.py:104} ERROR - Failed to execute job 77 for task extract (Bash command failed. The command returned a non-zero exit code 18.; 10823)
[2023-11-25T00:23:14.167+0000] {local_task_job_runner.py:228} INFO - Task exited with return code 1
[2023-11-25T00:23:14.206+0000] {taskinstance.py:2778} INFO - 0 downstream tasks scheduled from follow-on schedule check
