[2023-11-20T22:18:51.009+0000] {taskinstance.py:1159} INFO - Dependencies all met for dep_context=non-requeueable deps ti=<TaskInstance: outcomes_dag.transform scheduled__2023-11-12T00:00:00+00:00 [queued]>
[2023-11-20T22:18:51.046+0000] {taskinstance.py:1159} INFO - Dependencies all met for dep_context=requeueable deps ti=<TaskInstance: outcomes_dag.transform scheduled__2023-11-12T00:00:00+00:00 [queued]>
[2023-11-20T22:18:51.047+0000] {taskinstance.py:1361} INFO - Starting attempt 1 of 1
[2023-11-20T22:18:51.073+0000] {taskinstance.py:1382} INFO - Executing <Task(PythonOperator): transform> on 2023-11-12 00:00:00+00:00
[2023-11-20T22:18:51.103+0000] {standard_task_runner.py:57} INFO - Started process 192 to run task
[2023-11-20T22:18:51.109+0000] {standard_task_runner.py:84} INFO - Running: ['***', 'tasks', 'run', 'outcomes_dag', 'transform', 'scheduled__2023-11-12T00:00:00+00:00', '--job-id', '25', '--raw', '--subdir', 'DAGS_FOLDER/outcomes_dag.py', '--cfg-path', '/tmp/tmpla8q9k6y']
[2023-11-20T22:18:51.122+0000] {standard_task_runner.py:85} INFO - Job 25: Subtask transform
[2023-11-20T22:18:51.246+0000] {task_command.py:416} INFO - Running <TaskInstance: outcomes_dag.transform scheduled__2023-11-12T00:00:00+00:00 [running]> on host 3286f6d7d5f2
[2023-11-20T22:18:54.589+0000] {taskinstance.py:1662} INFO - Exporting env vars: AIRFLOW_CTX_DAG_OWNER='***' AIRFLOW_CTX_DAG_ID='outcomes_dag' AIRFLOW_CTX_TASK_ID='transform' AIRFLOW_CTX_EXECUTION_DATE='2023-11-12T00:00:00+00:00' AIRFLOW_CTX_TRY_NUMBER='1' AIRFLOW_CTX_DAG_RUN_ID='scheduled__2023-11-12T00:00:00+00:00'
[2023-11-20T22:18:55.889+0000] {warnings.py:109} WARNING - /opt/***/dags/etl_scripts/transform.py:67: UserWarning: Could not infer format, so each element will be parsed individually, falling back to `dateutil`. To ensure parsing is consistent and as-expected, please specify a format.
  data['ts'] = pd.to_datetime(data.DateTime)

[2023-11-20T22:19:25.419+0000] {python.py:194} INFO - Done. Returned value was: None
[2023-11-20T22:19:25.470+0000] {taskinstance.py:1400} INFO - Marking task as SUCCESS. dag_id=outcomes_dag, task_id=transform, execution_date=20231112T000000, start_date=20231120T221851, end_date=20231120T221925
[2023-11-20T22:19:25.554+0000] {local_task_job_runner.py:228} INFO - Task exited with return code 0
[2023-11-20T22:19:25.623+0000] {taskinstance.py:2778} INFO - 1 downstream tasks scheduled from follow-on schedule check
[2023-11-21T01:14:06.183+0000] {taskinstance.py:1159} INFO - Dependencies all met for dep_context=non-requeueable deps ti=<TaskInstance: outcomes_dag.transform scheduled__2023-11-12T00:00:00+00:00 [queued]>
[2023-11-21T01:14:06.221+0000] {taskinstance.py:1159} INFO - Dependencies all met for dep_context=requeueable deps ti=<TaskInstance: outcomes_dag.transform scheduled__2023-11-12T00:00:00+00:00 [queued]>
[2023-11-21T01:14:06.228+0000] {taskinstance.py:1361} INFO - Starting attempt 1 of 1
[2023-11-21T01:14:06.269+0000] {taskinstance.py:1382} INFO - Executing <Task(PythonOperator): transform> on 2023-11-12 00:00:00+00:00
[2023-11-21T01:14:06.282+0000] {standard_task_runner.py:57} INFO - Started process 206 to run task
[2023-11-21T01:14:06.296+0000] {standard_task_runner.py:84} INFO - Running: ['***', 'tasks', 'run', 'outcomes_dag', 'transform', 'scheduled__2023-11-12T00:00:00+00:00', '--job-id', '25', '--raw', '--subdir', 'DAGS_FOLDER/outcomes_dag.py', '--cfg-path', '/tmp/tmpzdqy9ite']
[2023-11-21T01:14:06.305+0000] {standard_task_runner.py:85} INFO - Job 25: Subtask transform
[2023-11-21T01:14:06.669+0000] {task_command.py:416} INFO - Running <TaskInstance: outcomes_dag.transform scheduled__2023-11-12T00:00:00+00:00 [running]> on host 9a73044c5577
[2023-11-21T01:14:13.496+0000] {taskinstance.py:1662} INFO - Exporting env vars: AIRFLOW_CTX_DAG_OWNER='***' AIRFLOW_CTX_DAG_ID='outcomes_dag' AIRFLOW_CTX_TASK_ID='transform' AIRFLOW_CTX_EXECUTION_DATE='2023-11-12T00:00:00+00:00' AIRFLOW_CTX_TRY_NUMBER='1' AIRFLOW_CTX_DAG_RUN_ID='scheduled__2023-11-12T00:00:00+00:00'
[2023-11-21T01:14:16.162+0000] {warnings.py:109} WARNING - /opt/***/dags/etl_scripts/transform.py:67: UserWarning: Could not infer format, so each element will be parsed individually, falling back to `dateutil`. To ensure parsing is consistent and as-expected, please specify a format.
  data['ts'] = pd.to_datetime(data.DateTime)

[2023-11-21T01:14:30.627+0000] {python.py:194} INFO - Done. Returned value was: None
[2023-11-21T01:14:30.700+0000] {taskinstance.py:1400} INFO - Marking task as SUCCESS. dag_id=outcomes_dag, task_id=transform, execution_date=20231112T000000, start_date=20231121T011406, end_date=20231121T011430
[2023-11-21T01:14:30.816+0000] {local_task_job_runner.py:228} INFO - Task exited with return code 0
[2023-11-21T01:14:30.891+0000] {taskinstance.py:2778} INFO - 3 downstream tasks scheduled from follow-on schedule check
[2023-11-21T03:55:29.889+0000] {taskinstance.py:1159} INFO - Dependencies all met for dep_context=non-requeueable deps ti=<TaskInstance: outcomes_dag.transform scheduled__2023-11-12T00:00:00+00:00 [queued]>
[2023-11-21T03:55:30.426+0000] {taskinstance.py:1159} INFO - Dependencies all met for dep_context=requeueable deps ti=<TaskInstance: outcomes_dag.transform scheduled__2023-11-12T00:00:00+00:00 [queued]>
[2023-11-21T03:55:30.431+0000] {taskinstance.py:1361} INFO - Starting attempt 1 of 1
[2023-11-21T03:55:30.533+0000] {taskinstance.py:1382} INFO - Executing <Task(PythonOperator): transform> on 2023-11-12 00:00:00+00:00
[2023-11-21T03:55:30.564+0000] {standard_task_runner.py:57} INFO - Started process 519 to run task
[2023-11-21T03:55:30.605+0000] {standard_task_runner.py:84} INFO - Running: ['***', 'tasks', 'run', 'outcomes_dag', 'transform', 'scheduled__2023-11-12T00:00:00+00:00', '--job-id', '24', '--raw', '--subdir', 'DAGS_FOLDER/outcomes_dag.py', '--cfg-path', '/tmp/tmpkcb5q4p1']
[2023-11-21T03:55:30.621+0000] {standard_task_runner.py:85} INFO - Job 24: Subtask transform
[2023-11-21T03:55:31.533+0000] {task_command.py:416} INFO - Running <TaskInstance: outcomes_dag.transform scheduled__2023-11-12T00:00:00+00:00 [running]> on host a0f615083db8
[2023-11-21T03:55:40.736+0000] {taskinstance.py:1662} INFO - Exporting env vars: AIRFLOW_CTX_DAG_OWNER='***' AIRFLOW_CTX_DAG_ID='outcomes_dag' AIRFLOW_CTX_TASK_ID='transform' AIRFLOW_CTX_EXECUTION_DATE='2023-11-12T00:00:00+00:00' AIRFLOW_CTX_TRY_NUMBER='1' AIRFLOW_CTX_DAG_RUN_ID='scheduled__2023-11-12T00:00:00+00:00'
[2023-11-21T03:55:41.792+0000] {warnings.py:109} WARNING - /opt/***/dags/etl_scripts/transform.py:67: UserWarning: Could not infer format, so each element will be parsed individually, falling back to `dateutil`. To ensure parsing is consistent and as-expected, please specify a format.
  data['ts'] = pd.to_datetime(data.DateTime)

[2023-11-21T03:56:06.348+0000] {python.py:194} INFO - Done. Returned value was: None
[2023-11-21T03:56:06.468+0000] {taskinstance.py:1400} INFO - Marking task as SUCCESS. dag_id=outcomes_dag, task_id=transform, execution_date=20231112T000000, start_date=20231121T035529, end_date=20231121T035606
[2023-11-21T03:56:06.723+0000] {local_task_job_runner.py:228} INFO - Task exited with return code 0
[2023-11-21T03:56:07.075+0000] {taskinstance.py:2778} INFO - 0 downstream tasks scheduled from follow-on schedule check
[2023-11-21T04:16:25.970+0000] {taskinstance.py:1159} INFO - Dependencies all met for dep_context=non-requeueable deps ti=<TaskInstance: outcomes_dag.transform scheduled__2023-11-12T00:00:00+00:00 [queued]>
[2023-11-21T04:16:26.040+0000] {taskinstance.py:1159} INFO - Dependencies all met for dep_context=requeueable deps ti=<TaskInstance: outcomes_dag.transform scheduled__2023-11-12T00:00:00+00:00 [queued]>
[2023-11-21T04:16:26.042+0000] {taskinstance.py:1361} INFO - Starting attempt 1 of 1
[2023-11-21T04:16:26.283+0000] {taskinstance.py:1382} INFO - Executing <Task(PythonOperator): transform> on 2023-11-12 00:00:00+00:00
[2023-11-21T04:16:26.362+0000] {standard_task_runner.py:57} INFO - Started process 206 to run task
[2023-11-21T04:16:26.490+0000] {standard_task_runner.py:84} INFO - Running: ['***', 'tasks', 'run', 'outcomes_dag', 'transform', 'scheduled__2023-11-12T00:00:00+00:00', '--job-id', '24', '--raw', '--subdir', 'DAGS_FOLDER/outcomes_dag.py', '--cfg-path', '/tmp/tmpm2p4hopz']
[2023-11-21T04:16:26.551+0000] {standard_task_runner.py:85} INFO - Job 24: Subtask transform
[2023-11-21T04:16:27.106+0000] {task_command.py:416} INFO - Running <TaskInstance: outcomes_dag.transform scheduled__2023-11-12T00:00:00+00:00 [running]> on host dc3ce06c67c1
[2023-11-21T04:16:32.552+0000] {taskinstance.py:1662} INFO - Exporting env vars: AIRFLOW_CTX_DAG_OWNER='***' AIRFLOW_CTX_DAG_ID='outcomes_dag' AIRFLOW_CTX_TASK_ID='transform' AIRFLOW_CTX_EXECUTION_DATE='2023-11-12T00:00:00+00:00' AIRFLOW_CTX_TRY_NUMBER='1' AIRFLOW_CTX_DAG_RUN_ID='scheduled__2023-11-12T00:00:00+00:00'
[2023-11-21T04:16:33.566+0000] {local_task_job_runner.py:228} INFO - Task exited with return code -9
[2023-11-21T04:16:33.957+0000] {taskinstance.py:2778} INFO - 0 downstream tasks scheduled from follow-on schedule check
[2023-11-21T04:56:53.606+0000] {taskinstance.py:1159} INFO - Dependencies all met for dep_context=non-requeueable deps ti=<TaskInstance: outcomes_dag.transform scheduled__2023-11-12T00:00:00+00:00 [queued]>
[2023-11-21T04:56:53.655+0000] {taskinstance.py:1159} INFO - Dependencies all met for dep_context=requeueable deps ti=<TaskInstance: outcomes_dag.transform scheduled__2023-11-12T00:00:00+00:00 [queued]>
[2023-11-21T04:56:53.655+0000] {taskinstance.py:1361} INFO - Starting attempt 1 of 1
[2023-11-21T04:56:53.695+0000] {taskinstance.py:1382} INFO - Executing <Task(PythonOperator): transform> on 2023-11-12 00:00:00+00:00
[2023-11-21T04:56:53.705+0000] {standard_task_runner.py:57} INFO - Started process 255 to run task
[2023-11-21T04:56:53.722+0000] {standard_task_runner.py:84} INFO - Running: ['***', 'tasks', 'run', 'outcomes_dag', 'transform', 'scheduled__2023-11-12T00:00:00+00:00', '--job-id', '27', '--raw', '--subdir', 'DAGS_FOLDER/outcomes_dag.py', '--cfg-path', '/tmp/tmpql1tzsrr']
[2023-11-21T04:56:53.760+0000] {standard_task_runner.py:85} INFO - Job 27: Subtask transform
[2023-11-21T04:56:54.034+0000] {task_command.py:416} INFO - Running <TaskInstance: outcomes_dag.transform scheduled__2023-11-12T00:00:00+00:00 [running]> on host 921d770aa62c
[2023-11-21T04:56:59.556+0000] {taskinstance.py:1662} INFO - Exporting env vars: AIRFLOW_CTX_DAG_OWNER='***' AIRFLOW_CTX_DAG_ID='outcomes_dag' AIRFLOW_CTX_TASK_ID='transform' AIRFLOW_CTX_EXECUTION_DATE='2023-11-12T00:00:00+00:00' AIRFLOW_CTX_TRY_NUMBER='1' AIRFLOW_CTX_DAG_RUN_ID='scheduled__2023-11-12T00:00:00+00:00'
[2023-11-21T04:57:03.686+0000] {warnings.py:109} WARNING - /opt/***/dags/etl_scripts/transform.py:67: UserWarning: Could not infer format, so each element will be parsed individually, falling back to `dateutil`. To ensure parsing is consistent and as-expected, please specify a format.
  data['ts'] = pd.to_datetime(data.DateTime)

[2023-11-21T04:57:40.142+0000] {local_task_job_runner.py:228} INFO - Task exited with return code -9
[2023-11-21T04:57:40.547+0000] {taskinstance.py:2778} INFO - 0 downstream tasks scheduled from follow-on schedule check
[2023-11-21T05:29:07.595+0000] {taskinstance.py:1159} INFO - Dependencies all met for dep_context=non-requeueable deps ti=<TaskInstance: outcomes_dag.transform scheduled__2023-11-12T00:00:00+00:00 [queued]>
[2023-11-21T05:29:07.718+0000] {taskinstance.py:1159} INFO - Dependencies all met for dep_context=requeueable deps ti=<TaskInstance: outcomes_dag.transform scheduled__2023-11-12T00:00:00+00:00 [queued]>
[2023-11-21T05:29:07.752+0000] {taskinstance.py:1361} INFO - Starting attempt 1 of 1
[2023-11-21T05:29:08.123+0000] {taskinstance.py:1382} INFO - Executing <Task(PythonOperator): transform> on 2023-11-12 00:00:00+00:00
[2023-11-21T05:29:08.194+0000] {standard_task_runner.py:57} INFO - Started process 189 to run task
[2023-11-21T05:29:08.225+0000] {standard_task_runner.py:84} INFO - Running: ['***', 'tasks', 'run', 'outcomes_dag', 'transform', 'scheduled__2023-11-12T00:00:00+00:00', '--job-id', '21', '--raw', '--subdir', 'DAGS_FOLDER/outcomes_dag.py', '--cfg-path', '/tmp/tmpgagxytf_']
[2023-11-21T05:29:08.244+0000] {standard_task_runner.py:85} INFO - Job 21: Subtask transform
[2023-11-21T05:29:09.785+0000] {task_command.py:416} INFO - Running <TaskInstance: outcomes_dag.transform scheduled__2023-11-12T00:00:00+00:00 [running]> on host 1df7871f6344
[2023-11-21T05:29:20.318+0000] {taskinstance.py:1662} INFO - Exporting env vars: AIRFLOW_CTX_DAG_OWNER='***' AIRFLOW_CTX_DAG_ID='outcomes_dag' AIRFLOW_CTX_TASK_ID='transform' AIRFLOW_CTX_EXECUTION_DATE='2023-11-12T00:00:00+00:00' AIRFLOW_CTX_TRY_NUMBER='1' AIRFLOW_CTX_DAG_RUN_ID='scheduled__2023-11-12T00:00:00+00:00'
[2023-11-21T05:29:26.023+0000] {warnings.py:109} WARNING - /opt/***/dags/etl_scripts/transform.py:67: UserWarning: Could not infer format, so each element will be parsed individually, falling back to `dateutil`. To ensure parsing is consistent and as-expected, please specify a format.
  data['ts'] = pd.to_datetime(data.DateTime)

[2023-11-21T05:29:27.402+0000] {local_task_job_runner.py:228} INFO - Task exited with return code -9
[2023-11-21T05:29:27.776+0000] {taskinstance.py:2778} INFO - 0 downstream tasks scheduled from follow-on schedule check
