[2023-11-21T04:18:05.900+0000] {taskinstance.py:1159} INFO - Dependencies all met for dep_context=non-requeueable deps ti=<TaskInstance: outcomes_dag.load_animal_dim scheduled__2023-11-19T00:00:00+00:00 [queued]>
[2023-11-21T04:18:06.098+0000] {taskinstance.py:1159} INFO - Dependencies all met for dep_context=requeueable deps ti=<TaskInstance: outcomes_dag.load_animal_dim scheduled__2023-11-19T00:00:00+00:00 [queued]>
[2023-11-21T04:18:06.115+0000] {taskinstance.py:1361} INFO - Starting attempt 1 of 1
[2023-11-21T04:18:06.221+0000] {taskinstance.py:1382} INFO - Executing <Task(PythonOperator): load_animal_dim> on 2023-11-19 00:00:00+00:00
[2023-11-21T04:18:06.722+0000] {standard_task_runner.py:57} INFO - Started process 424 to run task
[2023-11-21T04:18:07.838+0000] {standard_task_runner.py:84} INFO - Running: ['***', 'tasks', 'run', 'outcomes_dag', 'load_animal_dim', 'scheduled__2023-11-19T00:00:00+00:00', '--job-id', '49', '--raw', '--subdir', 'DAGS_FOLDER/outcomes_dag.py', '--cfg-path', '/tmp/tmp6ukg9nov']
[2023-11-21T04:18:07.973+0000] {standard_task_runner.py:85} INFO - Job 49: Subtask load_animal_dim
[2023-11-21T04:18:11.949+0000] {task_command.py:416} INFO - Running <TaskInstance: outcomes_dag.load_animal_dim scheduled__2023-11-19T00:00:00+00:00 [running]> on host dc3ce06c67c1
[2023-11-21T04:18:16.936+0000] {local_task_job_runner.py:228} INFO - Task exited with return code -9
[2023-11-21T04:18:19.406+0000] {taskinstance.py:2778} INFO - 0 downstream tasks scheduled from follow-on schedule check
[2023-11-21T04:47:21.365+0000] {taskinstance.py:1159} INFO - Dependencies all met for dep_context=non-requeueable deps ti=<TaskInstance: outcomes_dag.load_animal_dim scheduled__2023-11-19T00:00:00+00:00 [queued]>
[2023-11-21T04:47:21.431+0000] {taskinstance.py:1159} INFO - Dependencies all met for dep_context=requeueable deps ti=<TaskInstance: outcomes_dag.load_animal_dim scheduled__2023-11-19T00:00:00+00:00 [queued]>
[2023-11-21T04:47:21.433+0000] {taskinstance.py:1361} INFO - Starting attempt 1 of 1
[2023-11-21T04:47:21.485+0000] {taskinstance.py:1382} INFO - Executing <Task(PythonOperator): load_animal_dim> on 2023-11-19 00:00:00+00:00
[2023-11-21T04:47:21.509+0000] {standard_task_runner.py:57} INFO - Started process 344 to run task
[2023-11-21T04:47:21.539+0000] {standard_task_runner.py:84} INFO - Running: ['***', 'tasks', 'run', 'outcomes_dag', 'load_animal_dim', 'scheduled__2023-11-19T00:00:00+00:00', '--job-id', '44', '--raw', '--subdir', 'DAGS_FOLDER/outcomes_dag.py', '--cfg-path', '/tmp/tmpeuej56_9']
[2023-11-21T04:47:21.575+0000] {standard_task_runner.py:85} INFO - Job 44: Subtask load_animal_dim
[2023-11-21T04:47:21.793+0000] {task_command.py:416} INFO - Running <TaskInstance: outcomes_dag.load_animal_dim scheduled__2023-11-19T00:00:00+00:00 [running]> on host de20a855d915
[2023-11-21T04:47:28.037+0000] {taskinstance.py:1662} INFO - Exporting env vars: AIRFLOW_CTX_DAG_OWNER='***' AIRFLOW_CTX_DAG_ID='outcomes_dag' AIRFLOW_CTX_TASK_ID='load_animal_dim' AIRFLOW_CTX_EXECUTION_DATE='2023-11-19T00:00:00+00:00' AIRFLOW_CTX_TRY_NUMBER='1' AIRFLOW_CTX_DAG_RUN_ID='scheduled__2023-11-19T00:00:00+00:00'
[2023-11-21T04:47:30.820+0000] {local_task_job_runner.py:228} INFO - Task exited with return code -9
[2023-11-21T04:47:31.218+0000] {taskinstance.py:2778} INFO - 0 downstream tasks scheduled from follow-on schedule check
[2023-11-21T04:58:09.794+0000] {taskinstance.py:1159} INFO - Dependencies all met for dep_context=non-requeueable deps ti=<TaskInstance: outcomes_dag.load_animal_dim scheduled__2023-11-19T00:00:00+00:00 [queued]>
[2023-11-21T04:58:09.872+0000] {taskinstance.py:1159} INFO - Dependencies all met for dep_context=requeueable deps ti=<TaskInstance: outcomes_dag.load_animal_dim scheduled__2023-11-19T00:00:00+00:00 [queued]>
[2023-11-21T04:58:09.875+0000] {taskinstance.py:1361} INFO - Starting attempt 1 of 1
[2023-11-21T04:58:09.957+0000] {taskinstance.py:1382} INFO - Executing <Task(PythonOperator): load_animal_dim> on 2023-11-19 00:00:00+00:00
[2023-11-21T04:58:09.992+0000] {standard_task_runner.py:57} INFO - Started process 400 to run task
[2023-11-21T04:58:10.034+0000] {standard_task_runner.py:84} INFO - Running: ['***', 'tasks', 'run', 'outcomes_dag', 'load_animal_dim', 'scheduled__2023-11-19T00:00:00+00:00', '--job-id', '46', '--raw', '--subdir', 'DAGS_FOLDER/outcomes_dag.py', '--cfg-path', '/tmp/tmpzfvt3ft6']
[2023-11-21T04:58:10.079+0000] {standard_task_runner.py:85} INFO - Job 46: Subtask load_animal_dim
[2023-11-21T04:58:10.428+0000] {task_command.py:416} INFO - Running <TaskInstance: outcomes_dag.load_animal_dim scheduled__2023-11-19T00:00:00+00:00 [running]> on host 921d770aa62c
[2023-11-21T04:58:14.487+0000] {taskinstance.py:1662} INFO - Exporting env vars: AIRFLOW_CTX_DAG_OWNER='***' AIRFLOW_CTX_DAG_ID='outcomes_dag' AIRFLOW_CTX_TASK_ID='load_animal_dim' AIRFLOW_CTX_EXECUTION_DATE='2023-11-19T00:00:00+00:00' AIRFLOW_CTX_TRY_NUMBER='1' AIRFLOW_CTX_DAG_RUN_ID='scheduled__2023-11-19T00:00:00+00:00'
[2023-11-21T04:58:50.140+0000] {local_task_job_runner.py:228} INFO - Task exited with return code -9
[2023-11-21T04:58:50.281+0000] {taskinstance.py:2778} INFO - 0 downstream tasks scheduled from follow-on schedule check
