[2023-11-21T03:56:13.331+0000] {taskinstance.py:1159} INFO - Dependencies all met for dep_context=non-requeueable deps ti=<TaskInstance: outcomes_dag.load_animal_dim scheduled__2023-11-05T00:00:00+00:00 [queued]>
[2023-11-21T03:56:13.381+0000] {taskinstance.py:1159} INFO - Dependencies all met for dep_context=requeueable deps ti=<TaskInstance: outcomes_dag.load_animal_dim scheduled__2023-11-05T00:00:00+00:00 [queued]>
[2023-11-21T03:56:13.382+0000] {taskinstance.py:1361} INFO - Starting attempt 1 of 1
[2023-11-21T03:56:13.461+0000] {taskinstance.py:1382} INFO - Executing <Task(PythonOperator): load_animal_dim> on 2023-11-05 00:00:00+00:00
[2023-11-21T03:56:13.485+0000] {standard_task_runner.py:57} INFO - Started process 614 to run task
[2023-11-21T03:56:13.509+0000] {standard_task_runner.py:84} INFO - Running: ['***', 'tasks', 'run', 'outcomes_dag', 'load_animal_dim', 'scheduled__2023-11-05T00:00:00+00:00', '--job-id', '39', '--raw', '--subdir', 'DAGS_FOLDER/outcomes_dag.py', '--cfg-path', '/tmp/tmpd0dpucu1']
[2023-11-21T03:56:13.529+0000] {standard_task_runner.py:85} INFO - Job 39: Subtask load_animal_dim
[2023-11-21T03:56:13.838+0000] {task_command.py:416} INFO - Running <TaskInstance: outcomes_dag.load_animal_dim scheduled__2023-11-05T00:00:00+00:00 [running]> on host a0f615083db8
[2023-11-21T03:56:23.784+0000] {taskinstance.py:1662} INFO - Exporting env vars: AIRFLOW_CTX_DAG_OWNER='***' AIRFLOW_CTX_DAG_ID='outcomes_dag' AIRFLOW_CTX_TASK_ID='load_animal_dim' AIRFLOW_CTX_EXECUTION_DATE='2023-11-05T00:00:00+00:00' AIRFLOW_CTX_TRY_NUMBER='1' AIRFLOW_CTX_DAG_RUN_ID='scheduled__2023-11-05T00:00:00+00:00'
[2023-11-21T03:56:27.557+0000] {local_task_job_runner.py:228} INFO - Task exited with return code -9
[2023-11-21T03:56:27.863+0000] {taskinstance.py:2778} INFO - 0 downstream tasks scheduled from follow-on schedule check
[2023-11-21T05:30:11.695+0000] {taskinstance.py:1159} INFO - Dependencies all met for dep_context=non-requeueable deps ti=<TaskInstance: outcomes_dag.load_animal_dim scheduled__2023-11-05T00:00:00+00:00 [queued]>
[2023-11-21T05:30:11.760+0000] {taskinstance.py:1159} INFO - Dependencies all met for dep_context=requeueable deps ti=<TaskInstance: outcomes_dag.load_animal_dim scheduled__2023-11-05T00:00:00+00:00 [queued]>
[2023-11-21T05:30:11.764+0000] {taskinstance.py:1361} INFO - Starting attempt 1 of 1
[2023-11-21T05:30:11.826+0000] {taskinstance.py:1382} INFO - Executing <Task(PythonOperator): load_animal_dim> on 2023-11-05 00:00:00+00:00
[2023-11-21T05:30:11.839+0000] {standard_task_runner.py:57} INFO - Started process 282 to run task
[2023-11-21T05:30:11.876+0000] {standard_task_runner.py:84} INFO - Running: ['***', 'tasks', 'run', 'outcomes_dag', 'load_animal_dim', 'scheduled__2023-11-05T00:00:00+00:00', '--job-id', '39', '--raw', '--subdir', 'DAGS_FOLDER/outcomes_dag.py', '--cfg-path', '/tmp/tmplc0ssbl2']
[2023-11-21T05:30:11.902+0000] {standard_task_runner.py:85} INFO - Job 39: Subtask load_animal_dim
[2023-11-21T05:30:12.091+0000] {task_command.py:416} INFO - Running <TaskInstance: outcomes_dag.load_animal_dim scheduled__2023-11-05T00:00:00+00:00 [running]> on host 1df7871f6344
[2023-11-21T05:30:24.510+0000] {taskinstance.py:1662} INFO - Exporting env vars: AIRFLOW_CTX_DAG_OWNER='***' AIRFLOW_CTX_DAG_ID='outcomes_dag' AIRFLOW_CTX_TASK_ID='load_animal_dim' AIRFLOW_CTX_EXECUTION_DATE='2023-11-05T00:00:00+00:00' AIRFLOW_CTX_TRY_NUMBER='1' AIRFLOW_CTX_DAG_RUN_ID='scheduled__2023-11-05T00:00:00+00:00'
[2023-11-21T05:30:49.350+0000] {local_task_job_runner.py:228} INFO - Task exited with return code -9
[2023-11-21T05:30:49.468+0000] {taskinstance.py:2778} INFO - 0 downstream tasks scheduled from follow-on schedule check
