[2023-11-20T22:18:51.041+0000] {taskinstance.py:1159} INFO - Dependencies all met for dep_context=non-requeueable deps ti=<TaskInstance: outcomes_dag.transform scheduled__2023-11-13T00:00:00+00:00 [queued]>
[2023-11-20T22:18:51.065+0000] {taskinstance.py:1159} INFO - Dependencies all met for dep_context=requeueable deps ti=<TaskInstance: outcomes_dag.transform scheduled__2023-11-13T00:00:00+00:00 [queued]>
[2023-11-20T22:18:51.066+0000] {taskinstance.py:1361} INFO - Starting attempt 1 of 1
[2023-11-20T22:18:51.109+0000] {taskinstance.py:1382} INFO - Executing <Task(PythonOperator): transform> on 2023-11-13 00:00:00+00:00
[2023-11-20T22:18:51.118+0000] {standard_task_runner.py:57} INFO - Started process 193 to run task
[2023-11-20T22:18:51.123+0000] {standard_task_runner.py:84} INFO - Running: ['***', 'tasks', 'run', 'outcomes_dag', 'transform', 'scheduled__2023-11-13T00:00:00+00:00', '--job-id', '26', '--raw', '--subdir', 'DAGS_FOLDER/outcomes_dag.py', '--cfg-path', '/tmp/tmpax96v7x7']
[2023-11-20T22:18:51.137+0000] {standard_task_runner.py:85} INFO - Job 26: Subtask transform
[2023-11-20T22:18:51.244+0000] {task_command.py:416} INFO - Running <TaskInstance: outcomes_dag.transform scheduled__2023-11-13T00:00:00+00:00 [running]> on host 3286f6d7d5f2
[2023-11-20T22:18:54.610+0000] {taskinstance.py:1662} INFO - Exporting env vars: AIRFLOW_CTX_DAG_OWNER='***' AIRFLOW_CTX_DAG_ID='outcomes_dag' AIRFLOW_CTX_TASK_ID='transform' AIRFLOW_CTX_EXECUTION_DATE='2023-11-13T00:00:00+00:00' AIRFLOW_CTX_TRY_NUMBER='1' AIRFLOW_CTX_DAG_RUN_ID='scheduled__2023-11-13T00:00:00+00:00'
[2023-11-20T22:18:55.802+0000] {warnings.py:109} WARNING - /opt/***/dags/etl_scripts/transform.py:67: UserWarning: Could not infer format, so each element will be parsed individually, falling back to `dateutil`. To ensure parsing is consistent and as-expected, please specify a format.
  data['ts'] = pd.to_datetime(data.DateTime)

[2023-11-20T22:19:08.949+0000] {local_task_job_runner.py:228} INFO - Task exited with return code -9
[2023-11-20T22:19:09.461+0000] {taskinstance.py:2778} INFO - 0 downstream tasks scheduled from follow-on schedule check
[2023-11-21T00:52:08.618+0000] {taskinstance.py:1159} INFO - Dependencies all met for dep_context=non-requeueable deps ti=<TaskInstance: outcomes_dag.transform scheduled__2023-11-13T00:00:00+00:00 [queued]>
[2023-11-21T00:52:08.646+0000] {taskinstance.py:1159} INFO - Dependencies all met for dep_context=requeueable deps ti=<TaskInstance: outcomes_dag.transform scheduled__2023-11-13T00:00:00+00:00 [queued]>
[2023-11-21T00:52:08.647+0000] {taskinstance.py:1361} INFO - Starting attempt 1 of 1
[2023-11-21T00:52:08.680+0000] {taskinstance.py:1382} INFO - Executing <Task(PythonOperator): transform> on 2023-11-13 00:00:00+00:00
[2023-11-21T00:52:08.689+0000] {standard_task_runner.py:57} INFO - Started process 169 to run task
[2023-11-21T00:52:08.699+0000] {standard_task_runner.py:84} INFO - Running: ['***', 'tasks', 'run', 'outcomes_dag', 'transform', 'scheduled__2023-11-13T00:00:00+00:00', '--job-id', '23', '--raw', '--subdir', 'DAGS_FOLDER/outcomes_dag.py', '--cfg-path', '/tmp/tmpjudxrl3b']
[2023-11-21T00:52:08.714+0000] {standard_task_runner.py:85} INFO - Job 23: Subtask transform
[2023-11-21T00:52:08.846+0000] {task_command.py:416} INFO - Running <TaskInstance: outcomes_dag.transform scheduled__2023-11-13T00:00:00+00:00 [running]> on host 39ee77aaeaf9
[2023-11-21T00:52:13.727+0000] {taskinstance.py:1662} INFO - Exporting env vars: AIRFLOW_CTX_DAG_OWNER='***' AIRFLOW_CTX_DAG_ID='outcomes_dag' AIRFLOW_CTX_TASK_ID='transform' AIRFLOW_CTX_EXECUTION_DATE='2023-11-13T00:00:00+00:00' AIRFLOW_CTX_TRY_NUMBER='1' AIRFLOW_CTX_DAG_RUN_ID='scheduled__2023-11-13T00:00:00+00:00'
[2023-11-21T00:52:15.159+0000] {local_task_job_runner.py:228} INFO - Task exited with return code -9
[2023-11-21T00:52:15.995+0000] {taskinstance.py:2778} INFO - 0 downstream tasks scheduled from follow-on schedule check
[2023-11-21T00:59:59.681+0000] {taskinstance.py:1159} INFO - Dependencies all met for dep_context=non-requeueable deps ti=<TaskInstance: outcomes_dag.transform scheduled__2023-11-13T00:00:00+00:00 [queued]>
[2023-11-21T00:59:59.784+0000] {taskinstance.py:1159} INFO - Dependencies all met for dep_context=requeueable deps ti=<TaskInstance: outcomes_dag.transform scheduled__2023-11-13T00:00:00+00:00 [queued]>
[2023-11-21T00:59:59.796+0000] {taskinstance.py:1361} INFO - Starting attempt 1 of 1
[2023-11-21T00:59:59.923+0000] {taskinstance.py:1382} INFO - Executing <Task(PythonOperator): transform> on 2023-11-13 00:00:00+00:00
[2023-11-21T01:00:00.043+0000] {standard_task_runner.py:57} INFO - Started process 188 to run task
[2023-11-21T01:00:00.110+0000] {standard_task_runner.py:84} INFO - Running: ['***', 'tasks', 'run', 'outcomes_dag', 'transform', 'scheduled__2023-11-13T00:00:00+00:00', '--job-id', '29', '--raw', '--subdir', 'DAGS_FOLDER/outcomes_dag.py', '--cfg-path', '/tmp/tmpfuwohnj5']
[2023-11-21T01:00:00.159+0000] {standard_task_runner.py:85} INFO - Job 29: Subtask transform
[2023-11-21T01:00:00.852+0000] {task_command.py:416} INFO - Running <TaskInstance: outcomes_dag.transform scheduled__2023-11-13T00:00:00+00:00 [running]> on host bf1573643830
[2023-11-21T01:00:06.060+0000] {taskinstance.py:1662} INFO - Exporting env vars: AIRFLOW_CTX_DAG_OWNER='***' AIRFLOW_CTX_DAG_ID='outcomes_dag' AIRFLOW_CTX_TASK_ID='transform' AIRFLOW_CTX_EXECUTION_DATE='2023-11-13T00:00:00+00:00' AIRFLOW_CTX_TRY_NUMBER='1' AIRFLOW_CTX_DAG_RUN_ID='scheduled__2023-11-13T00:00:00+00:00'
[2023-11-21T01:00:07.445+0000] {warnings.py:109} WARNING - /opt/***/dags/etl_scripts/transform.py:67: UserWarning: Could not infer format, so each element will be parsed individually, falling back to `dateutil`. To ensure parsing is consistent and as-expected, please specify a format.
  data['ts'] = pd.to_datetime(data.DateTime)

[2023-11-21T01:00:28.924+0000] {python.py:194} INFO - Done. Returned value was: None
[2023-11-21T01:00:28.959+0000] {taskinstance.py:1400} INFO - Marking task as SUCCESS. dag_id=outcomes_dag, task_id=transform, execution_date=20231113T000000, start_date=20231121T005959, end_date=20231121T010028
[2023-11-21T01:00:29.098+0000] {local_task_job_runner.py:228} INFO - Task exited with return code 0
[2023-11-21T01:00:29.235+0000] {taskinstance.py:2778} INFO - 3 downstream tasks scheduled from follow-on schedule check
[2023-11-21T01:14:06.262+0000] {taskinstance.py:1159} INFO - Dependencies all met for dep_context=non-requeueable deps ti=<TaskInstance: outcomes_dag.transform scheduled__2023-11-13T00:00:00+00:00 [queued]>
[2023-11-21T01:14:06.295+0000] {taskinstance.py:1159} INFO - Dependencies all met for dep_context=requeueable deps ti=<TaskInstance: outcomes_dag.transform scheduled__2023-11-13T00:00:00+00:00 [queued]>
[2023-11-21T01:14:06.297+0000] {taskinstance.py:1361} INFO - Starting attempt 1 of 1
[2023-11-21T01:14:06.414+0000] {taskinstance.py:1382} INFO - Executing <Task(PythonOperator): transform> on 2023-11-13 00:00:00+00:00
[2023-11-21T01:14:06.453+0000] {standard_task_runner.py:57} INFO - Started process 207 to run task
[2023-11-21T01:14:06.467+0000] {standard_task_runner.py:84} INFO - Running: ['***', 'tasks', 'run', 'outcomes_dag', 'transform', 'scheduled__2023-11-13T00:00:00+00:00', '--job-id', '26', '--raw', '--subdir', 'DAGS_FOLDER/outcomes_dag.py', '--cfg-path', '/tmp/tmpbakz0m90']
[2023-11-21T01:14:06.505+0000] {standard_task_runner.py:85} INFO - Job 26: Subtask transform
[2023-11-21T01:14:06.822+0000] {task_command.py:416} INFO - Running <TaskInstance: outcomes_dag.transform scheduled__2023-11-13T00:00:00+00:00 [running]> on host 9a73044c5577
[2023-11-21T01:14:15.102+0000] {taskinstance.py:1662} INFO - Exporting env vars: AIRFLOW_CTX_DAG_OWNER='***' AIRFLOW_CTX_DAG_ID='outcomes_dag' AIRFLOW_CTX_TASK_ID='transform' AIRFLOW_CTX_EXECUTION_DATE='2023-11-13T00:00:00+00:00' AIRFLOW_CTX_TRY_NUMBER='1' AIRFLOW_CTX_DAG_RUN_ID='scheduled__2023-11-13T00:00:00+00:00'
[2023-11-21T01:14:17.136+0000] {warnings.py:109} WARNING - /opt/***/dags/etl_scripts/transform.py:67: UserWarning: Could not infer format, so each element will be parsed individually, falling back to `dateutil`. To ensure parsing is consistent and as-expected, please specify a format.
  data['ts'] = pd.to_datetime(data.DateTime)

[2023-11-21T01:14:30.684+0000] {python.py:194} INFO - Done. Returned value was: None
[2023-11-21T01:14:30.726+0000] {taskinstance.py:1400} INFO - Marking task as SUCCESS. dag_id=outcomes_dag, task_id=transform, execution_date=20231113T000000, start_date=20231121T011406, end_date=20231121T011430
[2023-11-21T01:14:30.841+0000] {local_task_job_runner.py:228} INFO - Task exited with return code 0
[2023-11-21T01:14:30.916+0000] {taskinstance.py:2778} INFO - 3 downstream tasks scheduled from follow-on schedule check
[2023-11-21T04:56:41.000+0000] {taskinstance.py:1159} INFO - Dependencies all met for dep_context=non-requeueable deps ti=<TaskInstance: outcomes_dag.transform scheduled__2023-11-13T00:00:00+00:00 [queued]>
[2023-11-21T04:56:41.125+0000] {taskinstance.py:1159} INFO - Dependencies all met for dep_context=requeueable deps ti=<TaskInstance: outcomes_dag.transform scheduled__2023-11-13T00:00:00+00:00 [queued]>
[2023-11-21T04:56:41.129+0000] {taskinstance.py:1361} INFO - Starting attempt 1 of 1
[2023-11-21T04:56:41.206+0000] {taskinstance.py:1382} INFO - Executing <Task(PythonOperator): transform> on 2023-11-13 00:00:00+00:00
[2023-11-21T04:56:41.217+0000] {standard_task_runner.py:57} INFO - Started process 249 to run task
[2023-11-21T04:56:41.259+0000] {standard_task_runner.py:84} INFO - Running: ['***', 'tasks', 'run', 'outcomes_dag', 'transform', 'scheduled__2023-11-13T00:00:00+00:00', '--job-id', '24', '--raw', '--subdir', 'DAGS_FOLDER/outcomes_dag.py', '--cfg-path', '/tmp/tmpvqysnq3t']
[2023-11-21T04:56:41.282+0000] {standard_task_runner.py:85} INFO - Job 24: Subtask transform
[2023-11-21T04:56:41.449+0000] {task_command.py:416} INFO - Running <TaskInstance: outcomes_dag.transform scheduled__2023-11-13T00:00:00+00:00 [running]> on host 921d770aa62c
[2023-11-21T04:56:48.975+0000] {taskinstance.py:1662} INFO - Exporting env vars: AIRFLOW_CTX_DAG_OWNER='***' AIRFLOW_CTX_DAG_ID='outcomes_dag' AIRFLOW_CTX_TASK_ID='transform' AIRFLOW_CTX_EXECUTION_DATE='2023-11-13T00:00:00+00:00' AIRFLOW_CTX_TRY_NUMBER='1' AIRFLOW_CTX_DAG_RUN_ID='scheduled__2023-11-13T00:00:00+00:00'
[2023-11-21T04:56:51.275+0000] {warnings.py:109} WARNING - /opt/***/dags/etl_scripts/transform.py:67: UserWarning: Could not infer format, so each element will be parsed individually, falling back to `dateutil`. To ensure parsing is consistent and as-expected, please specify a format.
  data['ts'] = pd.to_datetime(data.DateTime)

[2023-11-21T04:57:26.185+0000] {local_task_job_runner.py:228} INFO - Task exited with return code -9
[2023-11-21T04:57:26.374+0000] {taskinstance.py:2778} INFO - 0 downstream tasks scheduled from follow-on schedule check
