[2023-11-20T23:57:27.260+0000] {taskinstance.py:1159} INFO - Dependencies all met for dep_context=non-requeueable deps ti=<TaskInstance: outcomes_dag.transform scheduled__2023-11-11T00:00:00+00:00 [queued]>
[2023-11-20T23:57:27.286+0000] {taskinstance.py:1159} INFO - Dependencies all met for dep_context=requeueable deps ti=<TaskInstance: outcomes_dag.transform scheduled__2023-11-11T00:00:00+00:00 [queued]>
[2023-11-20T23:57:27.286+0000] {taskinstance.py:1361} INFO - Starting attempt 1 of 1
[2023-11-20T23:57:27.330+0000] {taskinstance.py:1382} INFO - Executing <Task(PythonOperator): transform> on 2023-11-11 00:00:00+00:00
[2023-11-20T23:57:27.364+0000] {standard_task_runner.py:57} INFO - Started process 171 to run task
[2023-11-20T23:57:27.390+0000] {standard_task_runner.py:84} INFO - Running: ['***', 'tasks', 'run', 'outcomes_dag', 'transform', 'scheduled__2023-11-11T00:00:00+00:00', '--job-id', '22', '--raw', '--subdir', 'DAGS_FOLDER/outcomes_dag.py', '--cfg-path', '/tmp/tmp10oy4av7']
[2023-11-20T23:57:27.424+0000] {standard_task_runner.py:85} INFO - Job 22: Subtask transform
[2023-11-20T23:57:27.880+0000] {task_command.py:416} INFO - Running <TaskInstance: outcomes_dag.transform scheduled__2023-11-11T00:00:00+00:00 [running]> on host 3aa39f73e581
[2023-11-20T23:57:30.104+0000] {taskinstance.py:1662} INFO - Exporting env vars: AIRFLOW_CTX_DAG_OWNER='***' AIRFLOW_CTX_DAG_ID='outcomes_dag' AIRFLOW_CTX_TASK_ID='transform' AIRFLOW_CTX_EXECUTION_DATE='2023-11-11T00:00:00+00:00' AIRFLOW_CTX_TRY_NUMBER='1' AIRFLOW_CTX_DAG_RUN_ID='scheduled__2023-11-11T00:00:00+00:00'
[2023-11-20T23:57:30.880+0000] {warnings.py:109} WARNING - /opt/***/dags/etl_scripts/transform.py:67: UserWarning: Could not infer format, so each element will be parsed individually, falling back to `dateutil`. To ensure parsing is consistent and as-expected, please specify a format.
  data['ts'] = pd.to_datetime(data.DateTime)

[2023-11-20T23:57:48.831+0000] {python.py:194} INFO - Done. Returned value was: None
[2023-11-20T23:57:48.903+0000] {taskinstance.py:1400} INFO - Marking task as SUCCESS. dag_id=outcomes_dag, task_id=transform, execution_date=20231111T000000, start_date=20231120T235727, end_date=20231120T235748
[2023-11-20T23:57:49.119+0000] {local_task_job_runner.py:228} INFO - Task exited with return code 0
[2023-11-20T23:57:49.267+0000] {taskinstance.py:2778} INFO - 3 downstream tasks scheduled from follow-on schedule check
[2023-11-21T00:52:16.123+0000] {taskinstance.py:1159} INFO - Dependencies all met for dep_context=non-requeueable deps ti=<TaskInstance: outcomes_dag.transform scheduled__2023-11-11T00:00:00+00:00 [queued]>
[2023-11-21T00:52:16.182+0000] {taskinstance.py:1159} INFO - Dependencies all met for dep_context=requeueable deps ti=<TaskInstance: outcomes_dag.transform scheduled__2023-11-11T00:00:00+00:00 [queued]>
[2023-11-21T00:52:16.191+0000] {taskinstance.py:1361} INFO - Starting attempt 1 of 1
[2023-11-21T00:52:16.230+0000] {taskinstance.py:1382} INFO - Executing <Task(PythonOperator): transform> on 2023-11-11 00:00:00+00:00
[2023-11-21T00:52:16.276+0000] {standard_task_runner.py:57} INFO - Started process 174 to run task
[2023-11-21T00:52:16.287+0000] {standard_task_runner.py:84} INFO - Running: ['***', 'tasks', 'run', 'outcomes_dag', 'transform', 'scheduled__2023-11-11T00:00:00+00:00', '--job-id', '24', '--raw', '--subdir', 'DAGS_FOLDER/outcomes_dag.py', '--cfg-path', '/tmp/tmpuw9k4ld_']
[2023-11-21T00:52:16.351+0000] {standard_task_runner.py:85} INFO - Job 24: Subtask transform
[2023-11-21T00:52:16.798+0000] {task_command.py:416} INFO - Running <TaskInstance: outcomes_dag.transform scheduled__2023-11-11T00:00:00+00:00 [running]> on host 39ee77aaeaf9
[2023-11-21T00:52:19.317+0000] {taskinstance.py:1662} INFO - Exporting env vars: AIRFLOW_CTX_DAG_OWNER='***' AIRFLOW_CTX_DAG_ID='outcomes_dag' AIRFLOW_CTX_TASK_ID='transform' AIRFLOW_CTX_EXECUTION_DATE='2023-11-11T00:00:00+00:00' AIRFLOW_CTX_TRY_NUMBER='1' AIRFLOW_CTX_DAG_RUN_ID='scheduled__2023-11-11T00:00:00+00:00'
[2023-11-21T00:52:20.670+0000] {warnings.py:109} WARNING - /opt/***/dags/etl_scripts/transform.py:67: UserWarning: Could not infer format, so each element will be parsed individually, falling back to `dateutil`. To ensure parsing is consistent and as-expected, please specify a format.
  data['ts'] = pd.to_datetime(data.DateTime)

[2023-11-21T00:52:40.427+0000] {taskinstance.py:1937} ERROR - Task failed with exception
Traceback (most recent call last):
  File "/home/airflow/.local/lib/python3.8/site-packages/airflow/operators/python.py", line 192, in execute
    return_value = self.execute_callable()
  File "/home/airflow/.local/lib/python3.8/site-packages/airflow/operators/python.py", line 209, in execute_callable
    return self.python_callable(*self.op_args, **self.op_kwargs)
  File "/opt/airflow/dags/etl_scripts/transform.py", line 21, in transform_data
    new_data = prep_data(new_data)
  File "/opt/airflow/dags/etl_scripts/transform.py", line 75, in prep_data
    data = data.drop_duplicates(subset=['animal_id'])
  File "/home/airflow/.local/lib/python3.8/site-packages/pandas/core/frame.py", line 6522, in drop_duplicates
    result = self[-self.duplicated(subset, keep=keep)]
  File "/home/airflow/.local/lib/python3.8/site-packages/pandas/core/frame.py", line 6654, in duplicated
    raise KeyError(Index(diff))
KeyError: Index(['animal_id'], dtype='object')
[2023-11-21T00:52:40.508+0000] {taskinstance.py:1400} INFO - Marking task as FAILED. dag_id=outcomes_dag, task_id=transform, execution_date=20231111T000000, start_date=20231121T005216, end_date=20231121T005240
[2023-11-21T00:52:40.582+0000] {standard_task_runner.py:104} ERROR - Failed to execute job 24 for task transform (Index(['animal_id'], dtype='object'); 174)
[2023-11-21T00:52:40.674+0000] {local_task_job_runner.py:228} INFO - Task exited with return code 1
[2023-11-21T00:52:41.012+0000] {taskinstance.py:2778} INFO - 0 downstream tasks scheduled from follow-on schedule check
[2023-11-21T01:14:03.861+0000] {taskinstance.py:1159} INFO - Dependencies all met for dep_context=non-requeueable deps ti=<TaskInstance: outcomes_dag.transform scheduled__2023-11-11T00:00:00+00:00 [queued]>
[2023-11-21T01:14:03.890+0000] {taskinstance.py:1159} INFO - Dependencies all met for dep_context=requeueable deps ti=<TaskInstance: outcomes_dag.transform scheduled__2023-11-11T00:00:00+00:00 [queued]>
[2023-11-21T01:14:03.897+0000] {taskinstance.py:1361} INFO - Starting attempt 1 of 1
[2023-11-21T01:14:03.929+0000] {taskinstance.py:1382} INFO - Executing <Task(PythonOperator): transform> on 2023-11-11 00:00:00+00:00
[2023-11-21T01:14:03.942+0000] {standard_task_runner.py:57} INFO - Started process 197 to run task
[2023-11-21T01:14:03.969+0000] {standard_task_runner.py:84} INFO - Running: ['***', 'tasks', 'run', 'outcomes_dag', 'transform', 'scheduled__2023-11-11T00:00:00+00:00', '--job-id', '20', '--raw', '--subdir', 'DAGS_FOLDER/outcomes_dag.py', '--cfg-path', '/tmp/tmpiyrkjy72']
[2023-11-21T01:14:03.990+0000] {standard_task_runner.py:85} INFO - Job 20: Subtask transform
[2023-11-21T01:14:04.219+0000] {task_command.py:416} INFO - Running <TaskInstance: outcomes_dag.transform scheduled__2023-11-11T00:00:00+00:00 [running]> on host 9a73044c5577
[2023-11-21T01:14:05.493+0000] {taskinstance.py:1662} INFO - Exporting env vars: AIRFLOW_CTX_DAG_OWNER='***' AIRFLOW_CTX_DAG_ID='outcomes_dag' AIRFLOW_CTX_TASK_ID='transform' AIRFLOW_CTX_EXECUTION_DATE='2023-11-11T00:00:00+00:00' AIRFLOW_CTX_TRY_NUMBER='1' AIRFLOW_CTX_DAG_RUN_ID='scheduled__2023-11-11T00:00:00+00:00'
[2023-11-21T01:14:06.457+0000] {warnings.py:109} WARNING - /opt/***/dags/etl_scripts/transform.py:67: UserWarning: Could not infer format, so each element will be parsed individually, falling back to `dateutil`. To ensure parsing is consistent and as-expected, please specify a format.
  data['ts'] = pd.to_datetime(data.DateTime)

[2023-11-21T01:14:08.014+0000] {local_task_job_runner.py:228} INFO - Task exited with return code -9
[2023-11-21T01:14:08.216+0000] {taskinstance.py:2778} INFO - 0 downstream tasks scheduled from follow-on schedule check
[2023-11-21T03:55:27.354+0000] {taskinstance.py:1159} INFO - Dependencies all met for dep_context=non-requeueable deps ti=<TaskInstance: outcomes_dag.transform scheduled__2023-11-11T00:00:00+00:00 [queued]>
[2023-11-21T03:55:27.412+0000] {taskinstance.py:1159} INFO - Dependencies all met for dep_context=requeueable deps ti=<TaskInstance: outcomes_dag.transform scheduled__2023-11-11T00:00:00+00:00 [queued]>
[2023-11-21T03:55:27.413+0000] {taskinstance.py:1361} INFO - Starting attempt 1 of 1
[2023-11-21T03:55:27.497+0000] {taskinstance.py:1382} INFO - Executing <Task(PythonOperator): transform> on 2023-11-11 00:00:00+00:00
[2023-11-21T03:55:27.525+0000] {standard_task_runner.py:57} INFO - Started process 514 to run task
[2023-11-21T03:55:27.543+0000] {standard_task_runner.py:84} INFO - Running: ['***', 'tasks', 'run', 'outcomes_dag', 'transform', 'scheduled__2023-11-11T00:00:00+00:00', '--job-id', '21', '--raw', '--subdir', 'DAGS_FOLDER/outcomes_dag.py', '--cfg-path', '/tmp/tmp4413_9hq']
[2023-11-21T03:55:27.569+0000] {standard_task_runner.py:85} INFO - Job 21: Subtask transform
[2023-11-21T03:55:27.755+0000] {task_command.py:416} INFO - Running <TaskInstance: outcomes_dag.transform scheduled__2023-11-11T00:00:00+00:00 [running]> on host a0f615083db8
[2023-11-21T03:55:31.573+0000] {taskinstance.py:1662} INFO - Exporting env vars: AIRFLOW_CTX_DAG_OWNER='***' AIRFLOW_CTX_DAG_ID='outcomes_dag' AIRFLOW_CTX_TASK_ID='transform' AIRFLOW_CTX_EXECUTION_DATE='2023-11-11T00:00:00+00:00' AIRFLOW_CTX_TRY_NUMBER='1' AIRFLOW_CTX_DAG_RUN_ID='scheduled__2023-11-11T00:00:00+00:00'
[2023-11-21T03:55:34.201+0000] {local_task_job_runner.py:228} INFO - Task exited with return code -9
[2023-11-21T03:55:35.798+0000] {taskinstance.py:2778} INFO - 0 downstream tasks scheduled from follow-on schedule check
[2023-11-21T04:16:31.456+0000] {taskinstance.py:1159} INFO - Dependencies all met for dep_context=non-requeueable deps ti=<TaskInstance: outcomes_dag.transform scheduled__2023-11-11T00:00:00+00:00 [queued]>
[2023-11-21T04:16:31.580+0000] {taskinstance.py:1159} INFO - Dependencies all met for dep_context=requeueable deps ti=<TaskInstance: outcomes_dag.transform scheduled__2023-11-11T00:00:00+00:00 [queued]>
[2023-11-21T04:16:31.582+0000] {taskinstance.py:1361} INFO - Starting attempt 1 of 1
[2023-11-21T04:16:31.637+0000] {taskinstance.py:1382} INFO - Executing <Task(PythonOperator): transform> on 2023-11-11 00:00:00+00:00
[2023-11-21T04:16:31.724+0000] {standard_task_runner.py:57} INFO - Started process 216 to run task
[2023-11-21T04:16:31.752+0000] {standard_task_runner.py:84} INFO - Running: ['***', 'tasks', 'run', 'outcomes_dag', 'transform', 'scheduled__2023-11-11T00:00:00+00:00', '--job-id', '25', '--raw', '--subdir', 'DAGS_FOLDER/outcomes_dag.py', '--cfg-path', '/tmp/tmpsm9i7dsy']
[2023-11-21T04:16:31.768+0000] {standard_task_runner.py:85} INFO - Job 25: Subtask transform
[2023-11-21T04:16:32.035+0000] {task_command.py:416} INFO - Running <TaskInstance: outcomes_dag.transform scheduled__2023-11-11T00:00:00+00:00 [running]> on host dc3ce06c67c1
[2023-11-21T04:16:36.615+0000] {taskinstance.py:1662} INFO - Exporting env vars: AIRFLOW_CTX_DAG_OWNER='***' AIRFLOW_CTX_DAG_ID='outcomes_dag' AIRFLOW_CTX_TASK_ID='transform' AIRFLOW_CTX_EXECUTION_DATE='2023-11-11T00:00:00+00:00' AIRFLOW_CTX_TRY_NUMBER='1' AIRFLOW_CTX_DAG_RUN_ID='scheduled__2023-11-11T00:00:00+00:00'
[2023-11-21T04:16:40.623+0000] {warnings.py:109} WARNING - /opt/***/dags/etl_scripts/transform.py:67: UserWarning: Could not infer format, so each element will be parsed individually, falling back to `dateutil`. To ensure parsing is consistent and as-expected, please specify a format.
  data['ts'] = pd.to_datetime(data.DateTime)

[2023-11-21T04:16:43.914+0000] {local_task_job_runner.py:228} INFO - Task exited with return code -9
[2023-11-21T04:16:44.283+0000] {taskinstance.py:2778} INFO - 0 downstream tasks scheduled from follow-on schedule check
[2023-11-21T04:46:29.298+0000] {taskinstance.py:1159} INFO - Dependencies all met for dep_context=non-requeueable deps ti=<TaskInstance: outcomes_dag.transform scheduled__2023-11-11T00:00:00+00:00 [queued]>
[2023-11-21T04:46:29.333+0000] {taskinstance.py:1159} INFO - Dependencies all met for dep_context=requeueable deps ti=<TaskInstance: outcomes_dag.transform scheduled__2023-11-11T00:00:00+00:00 [queued]>
[2023-11-21T04:46:29.336+0000] {taskinstance.py:1361} INFO - Starting attempt 1 of 1
[2023-11-21T04:46:29.417+0000] {taskinstance.py:1382} INFO - Executing <Task(PythonOperator): transform> on 2023-11-11 00:00:00+00:00
[2023-11-21T04:46:29.451+0000] {standard_task_runner.py:57} INFO - Started process 180 to run task
[2023-11-21T04:46:29.471+0000] {standard_task_runner.py:84} INFO - Running: ['***', 'tasks', 'run', 'outcomes_dag', 'transform', 'scheduled__2023-11-11T00:00:00+00:00', '--job-id', '20', '--raw', '--subdir', 'DAGS_FOLDER/outcomes_dag.py', '--cfg-path', '/tmp/tmpv8ajz77h']
[2023-11-21T04:46:29.520+0000] {standard_task_runner.py:85} INFO - Job 20: Subtask transform
[2023-11-21T04:46:29.726+0000] {task_command.py:416} INFO - Running <TaskInstance: outcomes_dag.transform scheduled__2023-11-11T00:00:00+00:00 [running]> on host de20a855d915
[2023-11-21T04:46:32.052+0000] {taskinstance.py:1662} INFO - Exporting env vars: AIRFLOW_CTX_DAG_OWNER='***' AIRFLOW_CTX_DAG_ID='outcomes_dag' AIRFLOW_CTX_TASK_ID='transform' AIRFLOW_CTX_EXECUTION_DATE='2023-11-11T00:00:00+00:00' AIRFLOW_CTX_TRY_NUMBER='1' AIRFLOW_CTX_DAG_RUN_ID='scheduled__2023-11-11T00:00:00+00:00'
[2023-11-21T04:46:33.929+0000] {warnings.py:109} WARNING - /opt/***/dags/etl_scripts/transform.py:67: UserWarning: Could not infer format, so each element will be parsed individually, falling back to `dateutil`. To ensure parsing is consistent and as-expected, please specify a format.
  data['ts'] = pd.to_datetime(data.DateTime)

[2023-11-21T04:46:49.333+0000] {python.py:194} INFO - Done. Returned value was: None
[2023-11-21T04:46:49.880+0000] {taskinstance.py:1400} INFO - Marking task as SUCCESS. dag_id=outcomes_dag, task_id=transform, execution_date=20231111T000000, start_date=20231121T044629, end_date=20231121T044649
[2023-11-21T04:46:53.880+0000] {local_task_job_runner.py:228} INFO - Task exited with return code 0
[2023-11-21T04:46:54.136+0000] {taskinstance.py:2778} INFO - 3 downstream tasks scheduled from follow-on schedule check
