[2023-11-25T00:23:07.611+0000] {processor.py:157} INFO - Started process (PID=12335) to work on /opt/airflow/dags/outcomes_dag.py
[2023-11-25T00:23:07.615+0000] {processor.py:829} INFO - Processing file /opt/airflow/dags/outcomes_dag.py for tasks to queue
[2023-11-25T00:23:07.641+0000] {logging_mixin.py:154} INFO - [2023-11-25T00:23:07.639+0000] {dagbag.py:536} INFO - Filling up the DagBag from /opt/airflow/dags/outcomes_dag.py
[2023-11-25T00:23:08.748+0000] {processor.py:839} INFO - DAG(s) dict_keys(['outcomes_dag']) retrieved from /opt/airflow/dags/outcomes_dag.py
[2023-11-25T00:23:08.798+0000] {logging_mixin.py:154} INFO - [2023-11-25T00:23:08.797+0000] {dag.py:2941} INFO - Sync 1 DAGs
[2023-11-25T00:23:08.828+0000] {logging_mixin.py:154} INFO - [2023-11-25T00:23:08.828+0000] {dag.py:3722} INFO - Setting next_dagrun for outcomes_dag to 2023-11-25T00:00:00+00:00, run_after=2023-11-26T00:00:00+00:00
[2023-11-25T00:23:08.841+0000] {processor.py:179} INFO - Processing /opt/airflow/dags/outcomes_dag.py took 1.268 seconds
[2023-11-25T00:50:16.395+0000] {processor.py:157} INFO - Started process (PID=12344) to work on /opt/airflow/dags/outcomes_dag.py
[2023-11-25T00:50:16.396+0000] {processor.py:829} INFO - Processing file /opt/airflow/dags/outcomes_dag.py for tasks to queue
[2023-11-25T00:50:16.401+0000] {logging_mixin.py:154} INFO - [2023-11-25T00:50:16.401+0000] {dagbag.py:536} INFO - Filling up the DagBag from /opt/airflow/dags/outcomes_dag.py
[2023-11-25T00:50:16.772+0000] {processor.py:839} INFO - DAG(s) dict_keys(['outcomes_dag']) retrieved from /opt/airflow/dags/outcomes_dag.py
[2023-11-25T00:50:16.796+0000] {logging_mixin.py:154} INFO - [2023-11-25T00:50:16.796+0000] {dag.py:2941} INFO - Sync 1 DAGs
[2023-11-25T00:50:16.819+0000] {logging_mixin.py:154} INFO - [2023-11-25T00:50:16.818+0000] {dag.py:3722} INFO - Setting next_dagrun for outcomes_dag to 2023-11-25T00:00:00+00:00, run_after=2023-11-26T00:00:00+00:00
[2023-11-25T00:50:16.831+0000] {processor.py:179} INFO - Processing /opt/airflow/dags/outcomes_dag.py took 0.449 seconds
[2023-11-25T01:51:10.920+0000] {processor.py:157} INFO - Started process (PID=12353) to work on /opt/airflow/dags/outcomes_dag.py
[2023-11-25T01:51:10.923+0000] {processor.py:829} INFO - Processing file /opt/airflow/dags/outcomes_dag.py for tasks to queue
[2023-11-25T01:51:10.942+0000] {logging_mixin.py:154} INFO - [2023-11-25T01:51:10.941+0000] {dagbag.py:536} INFO - Filling up the DagBag from /opt/airflow/dags/outcomes_dag.py
[2023-11-25T01:51:11.952+0000] {processor.py:839} INFO - DAG(s) dict_keys(['outcomes_dag']) retrieved from /opt/airflow/dags/outcomes_dag.py
[2023-11-25T01:51:12.010+0000] {logging_mixin.py:154} INFO - [2023-11-25T01:51:12.010+0000] {dag.py:2941} INFO - Sync 1 DAGs
[2023-11-25T01:51:12.036+0000] {logging_mixin.py:154} INFO - [2023-11-25T01:51:12.036+0000] {dag.py:3722} INFO - Setting next_dagrun for outcomes_dag to 2023-11-25T00:00:00+00:00, run_after=2023-11-26T00:00:00+00:00
[2023-11-25T01:51:12.050+0000] {processor.py:179} INFO - Processing /opt/airflow/dags/outcomes_dag.py took 1.163 seconds
[2023-11-25T02:17:38.559+0000] {processor.py:157} INFO - Started process (PID=12362) to work on /opt/airflow/dags/outcomes_dag.py
[2023-11-25T02:17:38.561+0000] {processor.py:829} INFO - Processing file /opt/airflow/dags/outcomes_dag.py for tasks to queue
[2023-11-25T02:17:38.570+0000] {logging_mixin.py:154} INFO - [2023-11-25T02:17:38.568+0000] {dagbag.py:536} INFO - Filling up the DagBag from /opt/airflow/dags/outcomes_dag.py
[2023-11-25T02:17:39.467+0000] {processor.py:839} INFO - DAG(s) dict_keys(['outcomes_dag']) retrieved from /opt/airflow/dags/outcomes_dag.py
[2023-11-25T02:17:39.538+0000] {logging_mixin.py:154} INFO - [2023-11-25T02:17:39.537+0000] {dag.py:2941} INFO - Sync 1 DAGs
[2023-11-25T02:17:39.604+0000] {logging_mixin.py:154} INFO - [2023-11-25T02:17:39.603+0000] {dag.py:3722} INFO - Setting next_dagrun for outcomes_dag to 2023-11-25T00:00:00+00:00, run_after=2023-11-26T00:00:00+00:00
[2023-11-25T02:17:39.688+0000] {processor.py:179} INFO - Processing /opt/airflow/dags/outcomes_dag.py took 1.138 seconds
[2023-11-25T02:46:20.807+0000] {processor.py:157} INFO - Started process (PID=12371) to work on /opt/airflow/dags/outcomes_dag.py
[2023-11-25T02:46:20.810+0000] {processor.py:829} INFO - Processing file /opt/airflow/dags/outcomes_dag.py for tasks to queue
[2023-11-25T02:46:20.826+0000] {logging_mixin.py:154} INFO - [2023-11-25T02:46:20.825+0000] {dagbag.py:536} INFO - Filling up the DagBag from /opt/airflow/dags/outcomes_dag.py
[2023-11-25T02:46:21.765+0000] {processor.py:839} INFO - DAG(s) dict_keys(['outcomes_dag']) retrieved from /opt/airflow/dags/outcomes_dag.py
[2023-11-25T02:46:21.820+0000] {logging_mixin.py:154} INFO - [2023-11-25T02:46:21.820+0000] {dag.py:2941} INFO - Sync 1 DAGs
[2023-11-25T02:46:21.846+0000] {logging_mixin.py:154} INFO - [2023-11-25T02:46:21.845+0000] {dag.py:3722} INFO - Setting next_dagrun for outcomes_dag to 2023-11-25T00:00:00+00:00, run_after=2023-11-26T00:00:00+00:00
[2023-11-25T02:46:21.861+0000] {processor.py:179} INFO - Processing /opt/airflow/dags/outcomes_dag.py took 1.081 seconds
[2023-11-25T03:22:46.506+0000] {processor.py:157} INFO - Started process (PID=12380) to work on /opt/airflow/dags/outcomes_dag.py
[2023-11-25T03:22:46.510+0000] {processor.py:829} INFO - Processing file /opt/airflow/dags/outcomes_dag.py for tasks to queue
[2023-11-25T03:22:46.526+0000] {logging_mixin.py:154} INFO - [2023-11-25T03:22:46.525+0000] {dagbag.py:536} INFO - Filling up the DagBag from /opt/airflow/dags/outcomes_dag.py
[2023-11-25T03:22:47.549+0000] {processor.py:839} INFO - DAG(s) dict_keys(['outcomes_dag']) retrieved from /opt/airflow/dags/outcomes_dag.py
[2023-11-25T03:22:47.596+0000] {logging_mixin.py:154} INFO - [2023-11-25T03:22:47.595+0000] {dag.py:2941} INFO - Sync 1 DAGs
[2023-11-25T03:22:47.623+0000] {logging_mixin.py:154} INFO - [2023-11-25T03:22:47.623+0000] {dag.py:3722} INFO - Setting next_dagrun for outcomes_dag to 2023-11-25T00:00:00+00:00, run_after=2023-11-26T00:00:00+00:00
[2023-11-25T03:22:47.633+0000] {processor.py:179} INFO - Processing /opt/airflow/dags/outcomes_dag.py took 1.140 seconds
[2023-11-25T04:27:42.272+0000] {processor.py:157} INFO - Started process (PID=12389) to work on /opt/airflow/dags/outcomes_dag.py
[2023-11-25T04:27:42.277+0000] {processor.py:829} INFO - Processing file /opt/airflow/dags/outcomes_dag.py for tasks to queue
[2023-11-25T04:27:42.303+0000] {logging_mixin.py:154} INFO - [2023-11-25T04:27:42.301+0000] {dagbag.py:536} INFO - Filling up the DagBag from /opt/airflow/dags/outcomes_dag.py
[2023-11-25T04:27:43.755+0000] {processor.py:839} INFO - DAG(s) dict_keys(['outcomes_dag']) retrieved from /opt/airflow/dags/outcomes_dag.py
[2023-11-25T04:27:43.809+0000] {logging_mixin.py:154} INFO - [2023-11-25T04:27:43.808+0000] {dag.py:2941} INFO - Sync 1 DAGs
[2023-11-25T04:27:43.834+0000] {logging_mixin.py:154} INFO - [2023-11-25T04:27:43.834+0000] {dag.py:3722} INFO - Setting next_dagrun for outcomes_dag to 2023-11-25T00:00:00+00:00, run_after=2023-11-26T00:00:00+00:00
[2023-11-25T04:27:43.857+0000] {processor.py:179} INFO - Processing /opt/airflow/dags/outcomes_dag.py took 1.594 seconds
[2023-11-25T05:17:57.528+0000] {processor.py:157} INFO - Started process (PID=12398) to work on /opt/airflow/dags/outcomes_dag.py
[2023-11-25T05:17:57.532+0000] {processor.py:829} INFO - Processing file /opt/airflow/dags/outcomes_dag.py for tasks to queue
[2023-11-25T05:17:57.545+0000] {logging_mixin.py:154} INFO - [2023-11-25T05:17:57.544+0000] {dagbag.py:536} INFO - Filling up the DagBag from /opt/airflow/dags/outcomes_dag.py
[2023-11-25T05:17:58.311+0000] {processor.py:839} INFO - DAG(s) dict_keys(['outcomes_dag']) retrieved from /opt/airflow/dags/outcomes_dag.py
[2023-11-25T05:17:58.362+0000] {logging_mixin.py:154} INFO - [2023-11-25T05:17:58.362+0000] {dag.py:2941} INFO - Sync 1 DAGs
[2023-11-25T05:17:58.468+0000] {logging_mixin.py:154} INFO - [2023-11-25T05:17:58.467+0000] {dag.py:3722} INFO - Setting next_dagrun for outcomes_dag to 2023-11-25T00:00:00+00:00, run_after=2023-11-26T00:00:00+00:00
[2023-11-25T05:17:58.491+0000] {processor.py:179} INFO - Processing /opt/airflow/dags/outcomes_dag.py took 0.976 seconds
[2023-11-25T05:25:44.345+0000] {processor.py:157} INFO - Started process (PID=12407) to work on /opt/airflow/dags/outcomes_dag.py
[2023-11-25T05:25:44.347+0000] {processor.py:829} INFO - Processing file /opt/airflow/dags/outcomes_dag.py for tasks to queue
[2023-11-25T05:25:44.353+0000] {logging_mixin.py:154} INFO - [2023-11-25T05:25:44.352+0000] {dagbag.py:536} INFO - Filling up the DagBag from /opt/airflow/dags/outcomes_dag.py
[2023-11-25T05:25:45.087+0000] {processor.py:839} INFO - DAG(s) dict_keys(['outcomes_dag']) retrieved from /opt/airflow/dags/outcomes_dag.py
[2023-11-25T05:25:45.133+0000] {logging_mixin.py:154} INFO - [2023-11-25T05:25:45.133+0000] {dag.py:2941} INFO - Sync 1 DAGs
[2023-11-25T05:25:45.169+0000] {logging_mixin.py:154} INFO - [2023-11-25T05:25:45.169+0000] {dag.py:3722} INFO - Setting next_dagrun for outcomes_dag to 2023-11-25T00:00:00+00:00, run_after=2023-11-26T00:00:00+00:00
[2023-11-25T05:25:45.195+0000] {processor.py:179} INFO - Processing /opt/airflow/dags/outcomes_dag.py took 0.857 seconds
[2023-11-25T05:47:36.376+0000] {processor.py:157} INFO - Started process (PID=12416) to work on /opt/airflow/dags/outcomes_dag.py
[2023-11-25T05:47:36.378+0000] {processor.py:829} INFO - Processing file /opt/airflow/dags/outcomes_dag.py for tasks to queue
[2023-11-25T05:47:36.382+0000] {logging_mixin.py:154} INFO - [2023-11-25T05:47:36.381+0000] {dagbag.py:536} INFO - Filling up the DagBag from /opt/airflow/dags/outcomes_dag.py
[2023-11-25T05:47:37.130+0000] {processor.py:839} INFO - DAG(s) dict_keys(['outcomes_dag']) retrieved from /opt/airflow/dags/outcomes_dag.py
[2023-11-25T05:47:37.319+0000] {logging_mixin.py:154} INFO - [2023-11-25T05:47:37.318+0000] {dag.py:2941} INFO - Sync 1 DAGs
[2023-11-25T05:47:37.394+0000] {logging_mixin.py:154} INFO - [2023-11-25T05:47:37.392+0000] {dag.py:3722} INFO - Setting next_dagrun for outcomes_dag to 2023-11-25T00:00:00+00:00, run_after=2023-11-26T00:00:00+00:00
[2023-11-25T05:47:37.432+0000] {processor.py:179} INFO - Processing /opt/airflow/dags/outcomes_dag.py took 1.063 seconds
[2023-11-25T06:25:49.316+0000] {processor.py:157} INFO - Started process (PID=12425) to work on /opt/airflow/dags/outcomes_dag.py
[2023-11-25T06:25:49.317+0000] {processor.py:829} INFO - Processing file /opt/airflow/dags/outcomes_dag.py for tasks to queue
[2023-11-25T06:25:49.324+0000] {logging_mixin.py:154} INFO - [2023-11-25T06:25:49.323+0000] {dagbag.py:536} INFO - Filling up the DagBag from /opt/airflow/dags/outcomes_dag.py
[2023-11-25T06:25:49.599+0000] {processor.py:839} INFO - DAG(s) dict_keys(['outcomes_dag']) retrieved from /opt/airflow/dags/outcomes_dag.py
[2023-11-25T06:25:49.639+0000] {logging_mixin.py:154} INFO - [2023-11-25T06:25:49.638+0000] {dag.py:2941} INFO - Sync 1 DAGs
[2023-11-25T06:25:49.658+0000] {logging_mixin.py:154} INFO - [2023-11-25T06:25:49.658+0000] {dag.py:3722} INFO - Setting next_dagrun for outcomes_dag to 2023-11-25T00:00:00+00:00, run_after=2023-11-26T00:00:00+00:00
[2023-11-25T06:25:49.670+0000] {processor.py:179} INFO - Processing /opt/airflow/dags/outcomes_dag.py took 0.359 seconds
[2023-11-25T07:03:23.783+0000] {processor.py:157} INFO - Started process (PID=12434) to work on /opt/airflow/dags/outcomes_dag.py
[2023-11-25T07:03:23.789+0000] {processor.py:829} INFO - Processing file /opt/airflow/dags/outcomes_dag.py for tasks to queue
[2023-11-25T07:03:23.799+0000] {logging_mixin.py:154} INFO - [2023-11-25T07:03:23.799+0000] {dagbag.py:536} INFO - Filling up the DagBag from /opt/airflow/dags/outcomes_dag.py
[2023-11-25T07:03:24.662+0000] {processor.py:839} INFO - DAG(s) dict_keys(['outcomes_dag']) retrieved from /opt/airflow/dags/outcomes_dag.py
[2023-11-25T07:03:24.754+0000] {logging_mixin.py:154} INFO - [2023-11-25T07:03:24.754+0000] {dag.py:2941} INFO - Sync 1 DAGs
[2023-11-25T07:03:24.790+0000] {logging_mixin.py:154} INFO - [2023-11-25T07:03:24.790+0000] {dag.py:3722} INFO - Setting next_dagrun for outcomes_dag to 2023-11-25T00:00:00+00:00, run_after=2023-11-26T00:00:00+00:00
[2023-11-25T07:03:24.801+0000] {processor.py:179} INFO - Processing /opt/airflow/dags/outcomes_dag.py took 1.023 seconds
[2023-11-25T07:12:46.684+0000] {processor.py:157} INFO - Started process (PID=12443) to work on /opt/airflow/dags/outcomes_dag.py
[2023-11-25T07:12:46.688+0000] {processor.py:829} INFO - Processing file /opt/airflow/dags/outcomes_dag.py for tasks to queue
[2023-11-25T07:12:46.701+0000] {logging_mixin.py:154} INFO - [2023-11-25T07:12:46.700+0000] {dagbag.py:536} INFO - Filling up the DagBag from /opt/airflow/dags/outcomes_dag.py
[2023-11-25T07:12:48.348+0000] {processor.py:839} INFO - DAG(s) dict_keys(['outcomes_dag']) retrieved from /opt/airflow/dags/outcomes_dag.py
[2023-11-25T07:12:48.474+0000] {logging_mixin.py:154} INFO - [2023-11-25T07:12:48.474+0000] {dag.py:2941} INFO - Sync 1 DAGs
[2023-11-25T07:12:48.499+0000] {logging_mixin.py:154} INFO - [2023-11-25T07:12:48.499+0000] {dag.py:3722} INFO - Setting next_dagrun for outcomes_dag to 2023-11-25T00:00:00+00:00, run_after=2023-11-26T00:00:00+00:00
[2023-11-25T07:12:48.528+0000] {processor.py:179} INFO - Processing /opt/airflow/dags/outcomes_dag.py took 1.856 seconds
[2023-11-25T07:23:28.621+0000] {processor.py:157} INFO - Started process (PID=12452) to work on /opt/airflow/dags/outcomes_dag.py
[2023-11-25T07:23:28.623+0000] {processor.py:829} INFO - Processing file /opt/airflow/dags/outcomes_dag.py for tasks to queue
[2023-11-25T07:23:28.631+0000] {logging_mixin.py:154} INFO - [2023-11-25T07:23:28.630+0000] {dagbag.py:536} INFO - Filling up the DagBag from /opt/airflow/dags/outcomes_dag.py
[2023-11-25T07:23:29.991+0000] {processor.py:839} INFO - DAG(s) dict_keys(['outcomes_dag']) retrieved from /opt/airflow/dags/outcomes_dag.py
[2023-11-25T07:23:30.141+0000] {logging_mixin.py:154} INFO - [2023-11-25T07:23:30.140+0000] {dag.py:2941} INFO - Sync 1 DAGs
[2023-11-25T07:23:30.222+0000] {logging_mixin.py:154} INFO - [2023-11-25T07:23:30.221+0000] {dag.py:3722} INFO - Setting next_dagrun for outcomes_dag to 2023-11-25T00:00:00+00:00, run_after=2023-11-26T00:00:00+00:00
[2023-11-25T07:23:30.255+0000] {processor.py:179} INFO - Processing /opt/airflow/dags/outcomes_dag.py took 1.648 seconds
[2023-11-25T07:26:06.156+0000] {processor.py:157} INFO - Started process (PID=12461) to work on /opt/airflow/dags/outcomes_dag.py
[2023-11-25T07:26:06.161+0000] {processor.py:829} INFO - Processing file /opt/airflow/dags/outcomes_dag.py for tasks to queue
[2023-11-25T07:26:06.207+0000] {logging_mixin.py:154} INFO - [2023-11-25T07:26:06.199+0000] {dagbag.py:536} INFO - Filling up the DagBag from /opt/airflow/dags/outcomes_dag.py
[2023-11-25T07:26:09.359+0000] {processor.py:839} INFO - DAG(s) dict_keys(['outcomes_dag']) retrieved from /opt/airflow/dags/outcomes_dag.py
[2023-11-25T07:26:09.590+0000] {logging_mixin.py:154} INFO - [2023-11-25T07:26:09.586+0000] {dag.py:2941} INFO - Sync 1 DAGs
[2023-11-25T07:26:09.636+0000] {logging_mixin.py:154} INFO - [2023-11-25T07:26:09.635+0000] {dag.py:3722} INFO - Setting next_dagrun for outcomes_dag to 2023-11-25T00:00:00+00:00, run_after=2023-11-26T00:00:00+00:00
[2023-11-25T07:26:09.675+0000] {processor.py:179} INFO - Processing /opt/airflow/dags/outcomes_dag.py took 3.542 seconds
[2023-11-25T07:26:40.183+0000] {processor.py:157} INFO - Started process (PID=12470) to work on /opt/airflow/dags/outcomes_dag.py
[2023-11-25T07:26:40.186+0000] {processor.py:829} INFO - Processing file /opt/airflow/dags/outcomes_dag.py for tasks to queue
[2023-11-25T07:26:40.195+0000] {logging_mixin.py:154} INFO - [2023-11-25T07:26:40.194+0000] {dagbag.py:536} INFO - Filling up the DagBag from /opt/airflow/dags/outcomes_dag.py
[2023-11-25T07:26:40.528+0000] {processor.py:839} INFO - DAG(s) dict_keys(['outcomes_dag']) retrieved from /opt/airflow/dags/outcomes_dag.py
[2023-11-25T07:26:40.563+0000] {logging_mixin.py:154} INFO - [2023-11-25T07:26:40.563+0000] {dag.py:2941} INFO - Sync 1 DAGs
[2023-11-25T07:26:40.578+0000] {logging_mixin.py:154} INFO - [2023-11-25T07:26:40.578+0000] {dag.py:3722} INFO - Setting next_dagrun for outcomes_dag to 2023-11-25T00:00:00+00:00, run_after=2023-11-26T00:00:00+00:00
[2023-11-25T07:26:40.591+0000] {processor.py:179} INFO - Processing /opt/airflow/dags/outcomes_dag.py took 0.427 seconds
[2023-11-25T07:27:10.998+0000] {processor.py:157} INFO - Started process (PID=12479) to work on /opt/airflow/dags/outcomes_dag.py
[2023-11-25T07:27:11.001+0000] {processor.py:829} INFO - Processing file /opt/airflow/dags/outcomes_dag.py for tasks to queue
[2023-11-25T07:27:11.006+0000] {logging_mixin.py:154} INFO - [2023-11-25T07:27:11.005+0000] {dagbag.py:536} INFO - Filling up the DagBag from /opt/airflow/dags/outcomes_dag.py
[2023-11-25T07:27:11.424+0000] {processor.py:839} INFO - DAG(s) dict_keys(['outcomes_dag']) retrieved from /opt/airflow/dags/outcomes_dag.py
[2023-11-25T07:27:11.510+0000] {logging_mixin.py:154} INFO - [2023-11-25T07:27:11.510+0000] {dag.py:2941} INFO - Sync 1 DAGs
[2023-11-25T07:27:11.541+0000] {logging_mixin.py:154} INFO - [2023-11-25T07:27:11.541+0000] {dag.py:3722} INFO - Setting next_dagrun for outcomes_dag to 2023-11-25T00:00:00+00:00, run_after=2023-11-26T00:00:00+00:00
[2023-11-25T07:27:11.618+0000] {processor.py:179} INFO - Processing /opt/airflow/dags/outcomes_dag.py took 0.628 seconds
[2023-11-25T07:27:42.289+0000] {processor.py:157} INFO - Started process (PID=12488) to work on /opt/airflow/dags/outcomes_dag.py
[2023-11-25T07:27:42.294+0000] {processor.py:829} INFO - Processing file /opt/airflow/dags/outcomes_dag.py for tasks to queue
[2023-11-25T07:27:42.303+0000] {logging_mixin.py:154} INFO - [2023-11-25T07:27:42.302+0000] {dagbag.py:536} INFO - Filling up the DagBag from /opt/airflow/dags/outcomes_dag.py
[2023-11-25T07:27:42.621+0000] {processor.py:839} INFO - DAG(s) dict_keys(['outcomes_dag']) retrieved from /opt/airflow/dags/outcomes_dag.py
[2023-11-25T07:27:42.662+0000] {logging_mixin.py:154} INFO - [2023-11-25T07:27:42.661+0000] {dag.py:2941} INFO - Sync 1 DAGs
[2023-11-25T07:27:42.678+0000] {logging_mixin.py:154} INFO - [2023-11-25T07:27:42.678+0000] {dag.py:3722} INFO - Setting next_dagrun for outcomes_dag to 2023-11-25T00:00:00+00:00, run_after=2023-11-26T00:00:00+00:00
[2023-11-25T07:27:42.689+0000] {processor.py:179} INFO - Processing /opt/airflow/dags/outcomes_dag.py took 0.418 seconds
[2023-11-25T07:28:12.919+0000] {processor.py:157} INFO - Started process (PID=12497) to work on /opt/airflow/dags/outcomes_dag.py
[2023-11-25T07:28:12.924+0000] {processor.py:829} INFO - Processing file /opt/airflow/dags/outcomes_dag.py for tasks to queue
[2023-11-25T07:28:12.929+0000] {logging_mixin.py:154} INFO - [2023-11-25T07:28:12.929+0000] {dagbag.py:536} INFO - Filling up the DagBag from /opt/airflow/dags/outcomes_dag.py
[2023-11-25T07:28:13.218+0000] {processor.py:839} INFO - DAG(s) dict_keys(['outcomes_dag']) retrieved from /opt/airflow/dags/outcomes_dag.py
[2023-11-25T07:28:13.250+0000] {logging_mixin.py:154} INFO - [2023-11-25T07:28:13.249+0000] {dag.py:2941} INFO - Sync 1 DAGs
[2023-11-25T07:28:13.280+0000] {logging_mixin.py:154} INFO - [2023-11-25T07:28:13.279+0000] {dag.py:3722} INFO - Setting next_dagrun for outcomes_dag to 2023-11-25T00:00:00+00:00, run_after=2023-11-26T00:00:00+00:00
[2023-11-25T07:28:13.290+0000] {processor.py:179} INFO - Processing /opt/airflow/dags/outcomes_dag.py took 0.403 seconds
[2023-11-25T07:28:43.561+0000] {processor.py:157} INFO - Started process (PID=12506) to work on /opt/airflow/dags/outcomes_dag.py
[2023-11-25T07:28:43.563+0000] {processor.py:829} INFO - Processing file /opt/airflow/dags/outcomes_dag.py for tasks to queue
[2023-11-25T07:28:43.568+0000] {logging_mixin.py:154} INFO - [2023-11-25T07:28:43.568+0000] {dagbag.py:536} INFO - Filling up the DagBag from /opt/airflow/dags/outcomes_dag.py
[2023-11-25T07:28:43.862+0000] {processor.py:839} INFO - DAG(s) dict_keys(['outcomes_dag']) retrieved from /opt/airflow/dags/outcomes_dag.py
[2023-11-25T07:28:43.884+0000] {logging_mixin.py:154} INFO - [2023-11-25T07:28:43.883+0000] {dag.py:2941} INFO - Sync 1 DAGs
[2023-11-25T07:28:43.897+0000] {logging_mixin.py:154} INFO - [2023-11-25T07:28:43.897+0000] {dag.py:3722} INFO - Setting next_dagrun for outcomes_dag to 2023-11-25T00:00:00+00:00, run_after=2023-11-26T00:00:00+00:00
[2023-11-25T07:28:43.906+0000] {processor.py:179} INFO - Processing /opt/airflow/dags/outcomes_dag.py took 0.352 seconds
[2023-11-25T07:29:14.091+0000] {processor.py:157} INFO - Started process (PID=12515) to work on /opt/airflow/dags/outcomes_dag.py
[2023-11-25T07:29:14.095+0000] {processor.py:829} INFO - Processing file /opt/airflow/dags/outcomes_dag.py for tasks to queue
[2023-11-25T07:29:14.101+0000] {logging_mixin.py:154} INFO - [2023-11-25T07:29:14.101+0000] {dagbag.py:536} INFO - Filling up the DagBag from /opt/airflow/dags/outcomes_dag.py
[2023-11-25T07:29:14.381+0000] {processor.py:839} INFO - DAG(s) dict_keys(['outcomes_dag']) retrieved from /opt/airflow/dags/outcomes_dag.py
[2023-11-25T07:29:14.405+0000] {logging_mixin.py:154} INFO - [2023-11-25T07:29:14.405+0000] {dag.py:2941} INFO - Sync 1 DAGs
[2023-11-25T07:29:14.419+0000] {logging_mixin.py:154} INFO - [2023-11-25T07:29:14.419+0000] {dag.py:3722} INFO - Setting next_dagrun for outcomes_dag to 2023-11-25T00:00:00+00:00, run_after=2023-11-26T00:00:00+00:00
[2023-11-25T07:29:14.429+0000] {processor.py:179} INFO - Processing /opt/airflow/dags/outcomes_dag.py took 0.369 seconds
[2023-11-25T07:29:44.641+0000] {processor.py:157} INFO - Started process (PID=12524) to work on /opt/airflow/dags/outcomes_dag.py
[2023-11-25T07:29:44.643+0000] {processor.py:829} INFO - Processing file /opt/airflow/dags/outcomes_dag.py for tasks to queue
[2023-11-25T07:29:44.648+0000] {logging_mixin.py:154} INFO - [2023-11-25T07:29:44.647+0000] {dagbag.py:536} INFO - Filling up the DagBag from /opt/airflow/dags/outcomes_dag.py
[2023-11-25T07:29:44.910+0000] {processor.py:839} INFO - DAG(s) dict_keys(['outcomes_dag']) retrieved from /opt/airflow/dags/outcomes_dag.py
[2023-11-25T07:29:44.934+0000] {logging_mixin.py:154} INFO - [2023-11-25T07:29:44.934+0000] {dag.py:2941} INFO - Sync 1 DAGs
[2023-11-25T07:29:44.949+0000] {logging_mixin.py:154} INFO - [2023-11-25T07:29:44.949+0000] {dag.py:3722} INFO - Setting next_dagrun for outcomes_dag to 2023-11-25T00:00:00+00:00, run_after=2023-11-26T00:00:00+00:00
[2023-11-25T07:29:44.959+0000] {processor.py:179} INFO - Processing /opt/airflow/dags/outcomes_dag.py took 0.336 seconds
[2023-11-25T07:30:15.280+0000] {processor.py:157} INFO - Started process (PID=12533) to work on /opt/airflow/dags/outcomes_dag.py
[2023-11-25T07:30:15.282+0000] {processor.py:829} INFO - Processing file /opt/airflow/dags/outcomes_dag.py for tasks to queue
[2023-11-25T07:30:15.286+0000] {logging_mixin.py:154} INFO - [2023-11-25T07:30:15.286+0000] {dagbag.py:536} INFO - Filling up the DagBag from /opt/airflow/dags/outcomes_dag.py
[2023-11-25T07:30:15.579+0000] {processor.py:839} INFO - DAG(s) dict_keys(['outcomes_dag']) retrieved from /opt/airflow/dags/outcomes_dag.py
[2023-11-25T07:30:15.605+0000] {logging_mixin.py:154} INFO - [2023-11-25T07:30:15.605+0000] {dag.py:2941} INFO - Sync 1 DAGs
[2023-11-25T07:30:15.638+0000] {logging_mixin.py:154} INFO - [2023-11-25T07:30:15.638+0000] {dag.py:3722} INFO - Setting next_dagrun for outcomes_dag to 2023-11-25T00:00:00+00:00, run_after=2023-11-26T00:00:00+00:00
[2023-11-25T07:30:15.649+0000] {processor.py:179} INFO - Processing /opt/airflow/dags/outcomes_dag.py took 0.376 seconds
[2023-11-25T07:30:45.753+0000] {processor.py:157} INFO - Started process (PID=12542) to work on /opt/airflow/dags/outcomes_dag.py
[2023-11-25T07:30:45.756+0000] {processor.py:829} INFO - Processing file /opt/airflow/dags/outcomes_dag.py for tasks to queue
[2023-11-25T07:30:45.761+0000] {logging_mixin.py:154} INFO - [2023-11-25T07:30:45.761+0000] {dagbag.py:536} INFO - Filling up the DagBag from /opt/airflow/dags/outcomes_dag.py
[2023-11-25T07:30:46.000+0000] {processor.py:839} INFO - DAG(s) dict_keys(['outcomes_dag']) retrieved from /opt/airflow/dags/outcomes_dag.py
[2023-11-25T07:30:46.021+0000] {logging_mixin.py:154} INFO - [2023-11-25T07:30:46.020+0000] {dag.py:2941} INFO - Sync 1 DAGs
[2023-11-25T07:30:46.039+0000] {logging_mixin.py:154} INFO - [2023-11-25T07:30:46.039+0000] {dag.py:3722} INFO - Setting next_dagrun for outcomes_dag to 2023-11-25T00:00:00+00:00, run_after=2023-11-26T00:00:00+00:00
[2023-11-25T07:30:46.053+0000] {processor.py:179} INFO - Processing /opt/airflow/dags/outcomes_dag.py took 0.308 seconds
[2023-11-25T07:46:56.913+0000] {processor.py:157} INFO - Started process (PID=12551) to work on /opt/airflow/dags/outcomes_dag.py
[2023-11-25T07:46:56.916+0000] {processor.py:829} INFO - Processing file /opt/airflow/dags/outcomes_dag.py for tasks to queue
[2023-11-25T07:46:56.985+0000] {logging_mixin.py:154} INFO - [2023-11-25T07:46:56.983+0000] {dagbag.py:536} INFO - Filling up the DagBag from /opt/airflow/dags/outcomes_dag.py
[2023-11-25T07:46:58.216+0000] {processor.py:839} INFO - DAG(s) dict_keys(['outcomes_dag']) retrieved from /opt/airflow/dags/outcomes_dag.py
[2023-11-25T07:46:58.293+0000] {logging_mixin.py:154} INFO - [2023-11-25T07:46:58.293+0000] {dag.py:2941} INFO - Sync 1 DAGs
[2023-11-25T07:46:58.321+0000] {logging_mixin.py:154} INFO - [2023-11-25T07:46:58.320+0000] {dag.py:3722} INFO - Setting next_dagrun for outcomes_dag to 2023-11-25T00:00:00+00:00, run_after=2023-11-26T00:00:00+00:00
[2023-11-25T07:46:58.336+0000] {processor.py:179} INFO - Processing /opt/airflow/dags/outcomes_dag.py took 1.432 seconds
[2023-11-25T08:54:13.703+0000] {processor.py:157} INFO - Started process (PID=12560) to work on /opt/airflow/dags/outcomes_dag.py
[2023-11-25T08:54:13.704+0000] {processor.py:829} INFO - Processing file /opt/airflow/dags/outcomes_dag.py for tasks to queue
[2023-11-25T08:54:13.710+0000] {logging_mixin.py:154} INFO - [2023-11-25T08:54:13.709+0000] {dagbag.py:536} INFO - Filling up the DagBag from /opt/airflow/dags/outcomes_dag.py
[2023-11-25T08:54:14.037+0000] {processor.py:839} INFO - DAG(s) dict_keys(['outcomes_dag']) retrieved from /opt/airflow/dags/outcomes_dag.py
[2023-11-25T08:54:14.060+0000] {logging_mixin.py:154} INFO - [2023-11-25T08:54:14.060+0000] {dag.py:2941} INFO - Sync 1 DAGs
[2023-11-25T08:54:14.076+0000] {logging_mixin.py:154} INFO - [2023-11-25T08:54:14.076+0000] {dag.py:3722} INFO - Setting next_dagrun for outcomes_dag to 2023-11-25T00:00:00+00:00, run_after=2023-11-26T00:00:00+00:00
[2023-11-25T08:54:14.086+0000] {processor.py:179} INFO - Processing /opt/airflow/dags/outcomes_dag.py took 0.393 seconds
[2023-11-25T09:47:42.530+0000] {processor.py:157} INFO - Started process (PID=12570) to work on /opt/airflow/dags/outcomes_dag.py
[2023-11-25T09:47:42.531+0000] {processor.py:829} INFO - Processing file /opt/airflow/dags/outcomes_dag.py for tasks to queue
[2023-11-25T09:47:42.536+0000] {logging_mixin.py:154} INFO - [2023-11-25T09:47:42.536+0000] {dagbag.py:536} INFO - Filling up the DagBag from /opt/airflow/dags/outcomes_dag.py
[2023-11-25T09:47:43.842+0000] {processor.py:839} INFO - DAG(s) dict_keys(['outcomes_dag']) retrieved from /opt/airflow/dags/outcomes_dag.py
[2023-11-25T09:47:43.888+0000] {logging_mixin.py:154} INFO - [2023-11-25T09:47:43.888+0000] {dag.py:2941} INFO - Sync 1 DAGs
[2023-11-25T09:47:43.906+0000] {logging_mixin.py:154} INFO - [2023-11-25T09:47:43.906+0000] {dag.py:3722} INFO - Setting next_dagrun for outcomes_dag to 2023-11-25T00:00:00+00:00, run_after=2023-11-26T00:00:00+00:00
[2023-11-25T09:47:43.918+0000] {processor.py:179} INFO - Processing /opt/airflow/dags/outcomes_dag.py took 1.394 seconds
[2023-11-25T11:09:22.686+0000] {processor.py:157} INFO - Started process (PID=12579) to work on /opt/airflow/dags/outcomes_dag.py
[2023-11-25T11:09:22.693+0000] {processor.py:829} INFO - Processing file /opt/airflow/dags/outcomes_dag.py for tasks to queue
[2023-11-25T11:09:22.720+0000] {logging_mixin.py:154} INFO - [2023-11-25T11:09:22.716+0000] {dagbag.py:536} INFO - Filling up the DagBag from /opt/airflow/dags/outcomes_dag.py
[2023-11-25T11:09:23.775+0000] {processor.py:839} INFO - DAG(s) dict_keys(['outcomes_dag']) retrieved from /opt/airflow/dags/outcomes_dag.py
[2023-11-25T11:09:23.815+0000] {logging_mixin.py:154} INFO - [2023-11-25T11:09:23.815+0000] {dag.py:2941} INFO - Sync 1 DAGs
[2023-11-25T11:09:23.844+0000] {logging_mixin.py:154} INFO - [2023-11-25T11:09:23.844+0000] {dag.py:3722} INFO - Setting next_dagrun for outcomes_dag to 2023-11-25T00:00:00+00:00, run_after=2023-11-26T00:00:00+00:00
[2023-11-25T11:09:23.861+0000] {processor.py:179} INFO - Processing /opt/airflow/dags/outcomes_dag.py took 1.233 seconds
[2023-11-25T12:18:49.323+0000] {processor.py:157} INFO - Started process (PID=12588) to work on /opt/airflow/dags/outcomes_dag.py
[2023-11-25T12:18:49.328+0000] {processor.py:829} INFO - Processing file /opt/airflow/dags/outcomes_dag.py for tasks to queue
[2023-11-25T12:18:49.344+0000] {logging_mixin.py:154} INFO - [2023-11-25T12:18:49.344+0000] {dagbag.py:536} INFO - Filling up the DagBag from /opt/airflow/dags/outcomes_dag.py
[2023-11-25T12:18:50.450+0000] {processor.py:839} INFO - DAG(s) dict_keys(['outcomes_dag']) retrieved from /opt/airflow/dags/outcomes_dag.py
[2023-11-25T12:18:50.505+0000] {logging_mixin.py:154} INFO - [2023-11-25T12:18:50.504+0000] {dag.py:2941} INFO - Sync 1 DAGs
[2023-11-25T12:18:50.527+0000] {logging_mixin.py:154} INFO - [2023-11-25T12:18:50.527+0000] {dag.py:3722} INFO - Setting next_dagrun for outcomes_dag to 2023-11-25T00:00:00+00:00, run_after=2023-11-26T00:00:00+00:00
[2023-11-25T12:18:50.539+0000] {processor.py:179} INFO - Processing /opt/airflow/dags/outcomes_dag.py took 1.233 seconds
[2023-11-25T13:11:55.213+0000] {processor.py:157} INFO - Started process (PID=12597) to work on /opt/airflow/dags/outcomes_dag.py
[2023-11-25T13:11:55.216+0000] {processor.py:829} INFO - Processing file /opt/airflow/dags/outcomes_dag.py for tasks to queue
[2023-11-25T13:11:55.239+0000] {logging_mixin.py:154} INFO - [2023-11-25T13:11:55.238+0000] {dagbag.py:536} INFO - Filling up the DagBag from /opt/airflow/dags/outcomes_dag.py
[2023-11-25T13:11:56.110+0000] {processor.py:839} INFO - DAG(s) dict_keys(['outcomes_dag']) retrieved from /opt/airflow/dags/outcomes_dag.py
[2023-11-25T13:11:56.186+0000] {logging_mixin.py:154} INFO - [2023-11-25T13:11:56.185+0000] {dag.py:2941} INFO - Sync 1 DAGs
[2023-11-25T13:11:56.208+0000] {logging_mixin.py:154} INFO - [2023-11-25T13:11:56.207+0000] {dag.py:3722} INFO - Setting next_dagrun for outcomes_dag to 2023-11-25T00:00:00+00:00, run_after=2023-11-26T00:00:00+00:00
[2023-11-25T13:11:56.218+0000] {processor.py:179} INFO - Processing /opt/airflow/dags/outcomes_dag.py took 1.012 seconds
[2023-11-25T14:22:28.785+0000] {processor.py:157} INFO - Started process (PID=12606) to work on /opt/airflow/dags/outcomes_dag.py
[2023-11-25T14:22:28.788+0000] {processor.py:829} INFO - Processing file /opt/airflow/dags/outcomes_dag.py for tasks to queue
[2023-11-25T14:22:28.806+0000] {logging_mixin.py:154} INFO - [2023-11-25T14:22:28.805+0000] {dagbag.py:536} INFO - Filling up the DagBag from /opt/airflow/dags/outcomes_dag.py
[2023-11-25T14:22:29.302+0000] {processor.py:839} INFO - DAG(s) dict_keys(['outcomes_dag']) retrieved from /opt/airflow/dags/outcomes_dag.py
[2023-11-25T14:22:29.385+0000] {logging_mixin.py:154} INFO - [2023-11-25T14:22:29.385+0000] {dag.py:2941} INFO - Sync 1 DAGs
[2023-11-25T14:22:29.405+0000] {logging_mixin.py:154} INFO - [2023-11-25T14:22:29.405+0000] {dag.py:3722} INFO - Setting next_dagrun for outcomes_dag to 2023-11-25T00:00:00+00:00, run_after=2023-11-26T00:00:00+00:00
[2023-11-25T14:22:29.417+0000] {processor.py:179} INFO - Processing /opt/airflow/dags/outcomes_dag.py took 0.639 seconds
[2023-11-25T15:14:07.760+0000] {processor.py:157} INFO - Started process (PID=12615) to work on /opt/airflow/dags/outcomes_dag.py
[2023-11-25T15:14:07.764+0000] {processor.py:829} INFO - Processing file /opt/airflow/dags/outcomes_dag.py for tasks to queue
[2023-11-25T15:14:07.780+0000] {logging_mixin.py:154} INFO - [2023-11-25T15:14:07.779+0000] {dagbag.py:536} INFO - Filling up the DagBag from /opt/airflow/dags/outcomes_dag.py
[2023-11-25T15:14:08.512+0000] {processor.py:839} INFO - DAG(s) dict_keys(['outcomes_dag']) retrieved from /opt/airflow/dags/outcomes_dag.py
[2023-11-25T15:14:08.560+0000] {logging_mixin.py:154} INFO - [2023-11-25T15:14:08.559+0000] {dag.py:2941} INFO - Sync 1 DAGs
[2023-11-25T15:14:08.574+0000] {logging_mixin.py:154} INFO - [2023-11-25T15:14:08.574+0000] {dag.py:3722} INFO - Setting next_dagrun for outcomes_dag to 2023-11-25T00:00:00+00:00, run_after=2023-11-26T00:00:00+00:00
[2023-11-25T15:14:08.585+0000] {processor.py:179} INFO - Processing /opt/airflow/dags/outcomes_dag.py took 0.837 seconds
[2023-11-25T16:09:44.861+0000] {processor.py:157} INFO - Started process (PID=12625) to work on /opt/airflow/dags/outcomes_dag.py
[2023-11-25T16:09:44.862+0000] {processor.py:829} INFO - Processing file /opt/airflow/dags/outcomes_dag.py for tasks to queue
[2023-11-25T16:09:44.869+0000] {logging_mixin.py:154} INFO - [2023-11-25T16:09:44.869+0000] {dagbag.py:536} INFO - Filling up the DagBag from /opt/airflow/dags/outcomes_dag.py
[2023-11-25T16:09:45.687+0000] {processor.py:839} INFO - DAG(s) dict_keys(['outcomes_dag']) retrieved from /opt/airflow/dags/outcomes_dag.py
[2023-11-25T16:09:45.816+0000] {logging_mixin.py:154} INFO - [2023-11-25T16:09:45.815+0000] {dag.py:2941} INFO - Sync 1 DAGs
[2023-11-25T16:09:45.945+0000] {logging_mixin.py:154} INFO - [2023-11-25T16:09:45.945+0000] {dag.py:3722} INFO - Setting next_dagrun for outcomes_dag to 2023-11-25T00:00:00+00:00, run_after=2023-11-26T00:00:00+00:00
[2023-11-25T16:09:45.992+0000] {processor.py:179} INFO - Processing /opt/airflow/dags/outcomes_dag.py took 1.139 seconds
[2023-11-25T16:54:24.686+0000] {processor.py:157} INFO - Started process (PID=12634) to work on /opt/airflow/dags/outcomes_dag.py
[2023-11-25T16:54:24.688+0000] {processor.py:829} INFO - Processing file /opt/airflow/dags/outcomes_dag.py for tasks to queue
[2023-11-25T16:54:24.694+0000] {logging_mixin.py:154} INFO - [2023-11-25T16:54:24.694+0000] {dagbag.py:536} INFO - Filling up the DagBag from /opt/airflow/dags/outcomes_dag.py
[2023-11-25T16:54:25.632+0000] {processor.py:839} INFO - DAG(s) dict_keys(['outcomes_dag']) retrieved from /opt/airflow/dags/outcomes_dag.py
[2023-11-25T16:54:25.697+0000] {logging_mixin.py:154} INFO - [2023-11-25T16:54:25.697+0000] {dag.py:2941} INFO - Sync 1 DAGs
[2023-11-25T16:54:25.713+0000] {logging_mixin.py:154} INFO - [2023-11-25T16:54:25.712+0000] {dag.py:3722} INFO - Setting next_dagrun for outcomes_dag to 2023-11-25T00:00:00+00:00, run_after=2023-11-26T00:00:00+00:00
[2023-11-25T16:54:25.722+0000] {processor.py:179} INFO - Processing /opt/airflow/dags/outcomes_dag.py took 1.046 seconds
[2023-11-25T17:50:19.811+0000] {processor.py:157} INFO - Started process (PID=12643) to work on /opt/airflow/dags/outcomes_dag.py
[2023-11-25T17:50:19.813+0000] {processor.py:829} INFO - Processing file /opt/airflow/dags/outcomes_dag.py for tasks to queue
[2023-11-25T17:50:19.828+0000] {logging_mixin.py:154} INFO - [2023-11-25T17:50:19.826+0000] {dagbag.py:536} INFO - Filling up the DagBag from /opt/airflow/dags/outcomes_dag.py
[2023-11-25T17:50:20.152+0000] {processor.py:839} INFO - DAG(s) dict_keys(['outcomes_dag']) retrieved from /opt/airflow/dags/outcomes_dag.py
[2023-11-25T17:50:20.176+0000] {logging_mixin.py:154} INFO - [2023-11-25T17:50:20.176+0000] {dag.py:2941} INFO - Sync 1 DAGs
[2023-11-25T17:50:20.190+0000] {logging_mixin.py:154} INFO - [2023-11-25T17:50:20.190+0000] {dag.py:3722} INFO - Setting next_dagrun for outcomes_dag to 2023-11-25T00:00:00+00:00, run_after=2023-11-26T00:00:00+00:00
[2023-11-25T17:50:20.199+0000] {processor.py:179} INFO - Processing /opt/airflow/dags/outcomes_dag.py took 0.392 seconds
[2023-11-25T18:06:30.684+0000] {processor.py:157} INFO - Started process (PID=12652) to work on /opt/airflow/dags/outcomes_dag.py
[2023-11-25T18:06:30.685+0000] {processor.py:829} INFO - Processing file /opt/airflow/dags/outcomes_dag.py for tasks to queue
[2023-11-25T18:06:30.689+0000] {logging_mixin.py:154} INFO - [2023-11-25T18:06:30.688+0000] {dagbag.py:536} INFO - Filling up the DagBag from /opt/airflow/dags/outcomes_dag.py
[2023-11-25T18:06:31.613+0000] {processor.py:839} INFO - DAG(s) dict_keys(['outcomes_dag']) retrieved from /opt/airflow/dags/outcomes_dag.py
[2023-11-25T18:06:31.800+0000] {logging_mixin.py:154} INFO - [2023-11-25T18:06:31.799+0000] {dag.py:2941} INFO - Sync 1 DAGs
[2023-11-25T18:06:31.830+0000] {logging_mixin.py:154} INFO - [2023-11-25T18:06:31.830+0000] {dag.py:3722} INFO - Setting next_dagrun for outcomes_dag to 2023-11-25T00:00:00+00:00, run_after=2023-11-26T00:00:00+00:00
[2023-11-25T18:06:31.855+0000] {processor.py:179} INFO - Processing /opt/airflow/dags/outcomes_dag.py took 1.176 seconds
[2023-11-25T19:13:37.385+0000] {processor.py:157} INFO - Started process (PID=12661) to work on /opt/airflow/dags/outcomes_dag.py
[2023-11-25T19:13:37.387+0000] {processor.py:829} INFO - Processing file /opt/airflow/dags/outcomes_dag.py for tasks to queue
[2023-11-25T19:13:37.392+0000] {logging_mixin.py:154} INFO - [2023-11-25T19:13:37.391+0000] {dagbag.py:536} INFO - Filling up the DagBag from /opt/airflow/dags/outcomes_dag.py
[2023-11-25T19:13:38.081+0000] {processor.py:839} INFO - DAG(s) dict_keys(['outcomes_dag']) retrieved from /opt/airflow/dags/outcomes_dag.py
[2023-11-25T19:13:38.157+0000] {logging_mixin.py:154} INFO - [2023-11-25T19:13:38.156+0000] {dag.py:2941} INFO - Sync 1 DAGs
[2023-11-25T19:13:38.186+0000] {logging_mixin.py:154} INFO - [2023-11-25T19:13:38.185+0000] {dag.py:3722} INFO - Setting next_dagrun for outcomes_dag to 2023-11-25T00:00:00+00:00, run_after=2023-11-26T00:00:00+00:00
[2023-11-25T19:13:38.209+0000] {processor.py:179} INFO - Processing /opt/airflow/dags/outcomes_dag.py took 0.833 seconds
[2023-11-25T19:33:16.027+0000] {processor.py:157} INFO - Started process (PID=12670) to work on /opt/airflow/dags/outcomes_dag.py
[2023-11-25T19:33:16.031+0000] {processor.py:829} INFO - Processing file /opt/airflow/dags/outcomes_dag.py for tasks to queue
[2023-11-25T19:33:16.061+0000] {logging_mixin.py:154} INFO - [2023-11-25T19:33:16.057+0000] {dagbag.py:536} INFO - Filling up the DagBag from /opt/airflow/dags/outcomes_dag.py
[2023-11-25T19:33:16.753+0000] {processor.py:839} INFO - DAG(s) dict_keys(['outcomes_dag']) retrieved from /opt/airflow/dags/outcomes_dag.py
[2023-11-25T19:33:16.794+0000] {logging_mixin.py:154} INFO - [2023-11-25T19:33:16.794+0000] {dag.py:2941} INFO - Sync 1 DAGs
[2023-11-25T19:33:16.813+0000] {logging_mixin.py:154} INFO - [2023-11-25T19:33:16.813+0000] {dag.py:3722} INFO - Setting next_dagrun for outcomes_dag to 2023-11-25T00:00:00+00:00, run_after=2023-11-26T00:00:00+00:00
[2023-11-25T19:33:16.833+0000] {processor.py:179} INFO - Processing /opt/airflow/dags/outcomes_dag.py took 0.813 seconds
[2023-11-25T19:40:10.788+0000] {processor.py:157} INFO - Started process (PID=12679) to work on /opt/airflow/dags/outcomes_dag.py
[2023-11-25T19:40:10.790+0000] {processor.py:829} INFO - Processing file /opt/airflow/dags/outcomes_dag.py for tasks to queue
[2023-11-25T19:40:10.796+0000] {logging_mixin.py:154} INFO - [2023-11-25T19:40:10.795+0000] {dagbag.py:536} INFO - Filling up the DagBag from /opt/airflow/dags/outcomes_dag.py
[2023-11-25T19:40:11.415+0000] {processor.py:839} INFO - DAG(s) dict_keys(['outcomes_dag']) retrieved from /opt/airflow/dags/outcomes_dag.py
[2023-11-25T19:40:11.505+0000] {logging_mixin.py:154} INFO - [2023-11-25T19:40:11.504+0000] {dag.py:2941} INFO - Sync 1 DAGs
[2023-11-25T19:40:11.543+0000] {logging_mixin.py:154} INFO - [2023-11-25T19:40:11.543+0000] {dag.py:3722} INFO - Setting next_dagrun for outcomes_dag to 2023-11-25T00:00:00+00:00, run_after=2023-11-26T00:00:00+00:00
[2023-11-25T19:40:11.564+0000] {processor.py:179} INFO - Processing /opt/airflow/dags/outcomes_dag.py took 0.784 seconds
[2023-11-25T20:12:56.569+0000] {processor.py:157} INFO - Started process (PID=12688) to work on /opt/airflow/dags/outcomes_dag.py
[2023-11-25T20:12:56.572+0000] {processor.py:829} INFO - Processing file /opt/airflow/dags/outcomes_dag.py for tasks to queue
[2023-11-25T20:12:56.585+0000] {logging_mixin.py:154} INFO - [2023-11-25T20:12:56.582+0000] {dagbag.py:536} INFO - Filling up the DagBag from /opt/airflow/dags/outcomes_dag.py
[2023-11-25T20:12:57.368+0000] {processor.py:839} INFO - DAG(s) dict_keys(['outcomes_dag']) retrieved from /opt/airflow/dags/outcomes_dag.py
[2023-11-25T20:12:57.450+0000] {logging_mixin.py:154} INFO - [2023-11-25T20:12:57.449+0000] {dag.py:2941} INFO - Sync 1 DAGs
[2023-11-25T20:12:57.486+0000] {logging_mixin.py:154} INFO - [2023-11-25T20:12:57.486+0000] {dag.py:3722} INFO - Setting next_dagrun for outcomes_dag to 2023-11-25T00:00:00+00:00, run_after=2023-11-26T00:00:00+00:00
[2023-11-25T20:12:57.497+0000] {processor.py:179} INFO - Processing /opt/airflow/dags/outcomes_dag.py took 0.935 seconds
[2023-11-25T20:44:59.151+0000] {processor.py:157} INFO - Started process (PID=12697) to work on /opt/airflow/dags/outcomes_dag.py
[2023-11-25T20:44:59.154+0000] {processor.py:829} INFO - Processing file /opt/airflow/dags/outcomes_dag.py for tasks to queue
[2023-11-25T20:44:59.174+0000] {logging_mixin.py:154} INFO - [2023-11-25T20:44:59.167+0000] {dagbag.py:536} INFO - Filling up the DagBag from /opt/airflow/dags/outcomes_dag.py
[2023-11-25T20:44:59.822+0000] {processor.py:839} INFO - DAG(s) dict_keys(['outcomes_dag']) retrieved from /opt/airflow/dags/outcomes_dag.py
[2023-11-25T20:44:59.928+0000] {logging_mixin.py:154} INFO - [2023-11-25T20:44:59.928+0000] {dag.py:2941} INFO - Sync 1 DAGs
[2023-11-25T20:44:59.989+0000] {logging_mixin.py:154} INFO - [2023-11-25T20:44:59.989+0000] {dag.py:3722} INFO - Setting next_dagrun for outcomes_dag to 2023-11-25T00:00:00+00:00, run_after=2023-11-26T00:00:00+00:00
[2023-11-25T20:45:00.021+0000] {processor.py:179} INFO - Processing /opt/airflow/dags/outcomes_dag.py took 0.876 seconds
[2023-11-25T21:14:54.066+0000] {processor.py:157} INFO - Started process (PID=12706) to work on /opt/airflow/dags/outcomes_dag.py
[2023-11-25T21:14:54.121+0000] {processor.py:829} INFO - Processing file /opt/airflow/dags/outcomes_dag.py for tasks to queue
[2023-11-25T21:14:54.306+0000] {logging_mixin.py:154} INFO - [2023-11-25T21:14:54.297+0000] {dagbag.py:536} INFO - Filling up the DagBag from /opt/airflow/dags/outcomes_dag.py
[2023-11-25T21:14:54.885+0000] {processor.py:839} INFO - DAG(s) dict_keys(['outcomes_dag']) retrieved from /opt/airflow/dags/outcomes_dag.py
[2023-11-25T21:14:54.930+0000] {logging_mixin.py:154} INFO - [2023-11-25T21:14:54.930+0000] {dag.py:2941} INFO - Sync 1 DAGs
[2023-11-25T21:14:54.945+0000] {logging_mixin.py:154} INFO - [2023-11-25T21:14:54.945+0000] {dag.py:3722} INFO - Setting next_dagrun for outcomes_dag to 2023-11-25T00:00:00+00:00, run_after=2023-11-26T00:00:00+00:00
[2023-11-25T21:14:54.959+0000] {processor.py:179} INFO - Processing /opt/airflow/dags/outcomes_dag.py took 1.584 seconds
[2023-11-25T21:49:05.411+0000] {processor.py:157} INFO - Started process (PID=12715) to work on /opt/airflow/dags/outcomes_dag.py
[2023-11-25T21:49:05.420+0000] {processor.py:829} INFO - Processing file /opt/airflow/dags/outcomes_dag.py for tasks to queue
[2023-11-25T21:49:05.458+0000] {logging_mixin.py:154} INFO - [2023-11-25T21:49:05.457+0000] {dagbag.py:536} INFO - Filling up the DagBag from /opt/airflow/dags/outcomes_dag.py
[2023-11-25T21:49:06.261+0000] {processor.py:839} INFO - DAG(s) dict_keys(['outcomes_dag']) retrieved from /opt/airflow/dags/outcomes_dag.py
[2023-11-25T21:49:06.318+0000] {logging_mixin.py:154} INFO - [2023-11-25T21:49:06.318+0000] {dag.py:2941} INFO - Sync 1 DAGs
[2023-11-25T21:49:06.343+0000] {logging_mixin.py:154} INFO - [2023-11-25T21:49:06.343+0000] {dag.py:3722} INFO - Setting next_dagrun for outcomes_dag to 2023-11-25T00:00:00+00:00, run_after=2023-11-26T00:00:00+00:00
[2023-11-25T21:49:06.361+0000] {processor.py:179} INFO - Processing /opt/airflow/dags/outcomes_dag.py took 0.966 seconds
[2023-11-25T21:52:28.664+0000] {processor.py:157} INFO - Started process (PID=12725) to work on /opt/airflow/dags/outcomes_dag.py
[2023-11-25T21:52:28.667+0000] {processor.py:829} INFO - Processing file /opt/airflow/dags/outcomes_dag.py for tasks to queue
[2023-11-25T21:52:28.676+0000] {logging_mixin.py:154} INFO - [2023-11-25T21:52:28.675+0000] {dagbag.py:536} INFO - Filling up the DagBag from /opt/airflow/dags/outcomes_dag.py
[2023-11-25T21:52:29.534+0000] {processor.py:839} INFO - DAG(s) dict_keys(['outcomes_dag']) retrieved from /opt/airflow/dags/outcomes_dag.py
[2023-11-25T21:52:29.614+0000] {logging_mixin.py:154} INFO - [2023-11-25T21:52:29.614+0000] {dag.py:2941} INFO - Sync 1 DAGs
[2023-11-25T21:52:29.640+0000] {logging_mixin.py:154} INFO - [2023-11-25T21:52:29.640+0000] {dag.py:3722} INFO - Setting next_dagrun for outcomes_dag to 2023-11-25T00:00:00+00:00, run_after=2023-11-26T00:00:00+00:00
[2023-11-25T21:52:29.681+0000] {processor.py:179} INFO - Processing /opt/airflow/dags/outcomes_dag.py took 1.048 seconds
[2023-11-25T21:53:00.226+0000] {processor.py:157} INFO - Started process (PID=12734) to work on /opt/airflow/dags/outcomes_dag.py
[2023-11-25T21:53:00.230+0000] {processor.py:829} INFO - Processing file /opt/airflow/dags/outcomes_dag.py for tasks to queue
[2023-11-25T21:53:00.239+0000] {logging_mixin.py:154} INFO - [2023-11-25T21:53:00.239+0000] {dagbag.py:536} INFO - Filling up the DagBag from /opt/airflow/dags/outcomes_dag.py
[2023-11-25T21:53:00.646+0000] {processor.py:839} INFO - DAG(s) dict_keys(['outcomes_dag']) retrieved from /opt/airflow/dags/outcomes_dag.py
[2023-11-25T21:53:00.692+0000] {logging_mixin.py:154} INFO - [2023-11-25T21:53:00.692+0000] {dag.py:2941} INFO - Sync 1 DAGs
[2023-11-25T21:53:00.716+0000] {logging_mixin.py:154} INFO - [2023-11-25T21:53:00.715+0000] {dag.py:3722} INFO - Setting next_dagrun for outcomes_dag to 2023-11-25T00:00:00+00:00, run_after=2023-11-26T00:00:00+00:00
[2023-11-25T21:53:00.728+0000] {processor.py:179} INFO - Processing /opt/airflow/dags/outcomes_dag.py took 0.514 seconds
[2023-11-25T21:53:31.181+0000] {processor.py:157} INFO - Started process (PID=12743) to work on /opt/airflow/dags/outcomes_dag.py
[2023-11-25T21:53:31.185+0000] {processor.py:829} INFO - Processing file /opt/airflow/dags/outcomes_dag.py for tasks to queue
[2023-11-25T21:53:31.191+0000] {logging_mixin.py:154} INFO - [2023-11-25T21:53:31.190+0000] {dagbag.py:536} INFO - Filling up the DagBag from /opt/airflow/dags/outcomes_dag.py
[2023-11-25T21:53:31.489+0000] {processor.py:839} INFO - DAG(s) dict_keys(['outcomes_dag']) retrieved from /opt/airflow/dags/outcomes_dag.py
[2023-11-25T21:53:31.542+0000] {logging_mixin.py:154} INFO - [2023-11-25T21:53:31.542+0000] {dag.py:2941} INFO - Sync 1 DAGs
[2023-11-25T21:53:31.564+0000] {logging_mixin.py:154} INFO - [2023-11-25T21:53:31.564+0000] {dag.py:3722} INFO - Setting next_dagrun for outcomes_dag to 2023-11-25T00:00:00+00:00, run_after=2023-11-26T00:00:00+00:00
[2023-11-25T21:53:31.588+0000] {processor.py:179} INFO - Processing /opt/airflow/dags/outcomes_dag.py took 0.414 seconds
[2023-11-25T21:54:02.045+0000] {processor.py:157} INFO - Started process (PID=12752) to work on /opt/airflow/dags/outcomes_dag.py
[2023-11-25T21:54:02.048+0000] {processor.py:829} INFO - Processing file /opt/airflow/dags/outcomes_dag.py for tasks to queue
[2023-11-25T21:54:02.055+0000] {logging_mixin.py:154} INFO - [2023-11-25T21:54:02.054+0000] {dagbag.py:536} INFO - Filling up the DagBag from /opt/airflow/dags/outcomes_dag.py
[2023-11-25T21:54:02.435+0000] {processor.py:839} INFO - DAG(s) dict_keys(['outcomes_dag']) retrieved from /opt/airflow/dags/outcomes_dag.py
[2023-11-25T21:54:02.465+0000] {logging_mixin.py:154} INFO - [2023-11-25T21:54:02.465+0000] {dag.py:2941} INFO - Sync 1 DAGs
[2023-11-25T21:54:02.483+0000] {logging_mixin.py:154} INFO - [2023-11-25T21:54:02.482+0000] {dag.py:3722} INFO - Setting next_dagrun for outcomes_dag to 2023-11-25T00:00:00+00:00, run_after=2023-11-26T00:00:00+00:00
[2023-11-25T21:54:02.493+0000] {processor.py:179} INFO - Processing /opt/airflow/dags/outcomes_dag.py took 0.460 seconds
[2023-11-25T21:54:32.848+0000] {processor.py:157} INFO - Started process (PID=12761) to work on /opt/airflow/dags/outcomes_dag.py
[2023-11-25T21:54:32.850+0000] {processor.py:829} INFO - Processing file /opt/airflow/dags/outcomes_dag.py for tasks to queue
[2023-11-25T21:54:32.852+0000] {logging_mixin.py:154} INFO - [2023-11-25T21:54:32.852+0000] {dagbag.py:536} INFO - Filling up the DagBag from /opt/airflow/dags/outcomes_dag.py
[2023-11-25T21:54:33.101+0000] {processor.py:839} INFO - DAG(s) dict_keys(['outcomes_dag']) retrieved from /opt/airflow/dags/outcomes_dag.py
[2023-11-25T21:54:33.121+0000] {logging_mixin.py:154} INFO - [2023-11-25T21:54:33.120+0000] {dag.py:2941} INFO - Sync 1 DAGs
[2023-11-25T21:54:33.134+0000] {logging_mixin.py:154} INFO - [2023-11-25T21:54:33.134+0000] {dag.py:3722} INFO - Setting next_dagrun for outcomes_dag to 2023-11-25T00:00:00+00:00, run_after=2023-11-26T00:00:00+00:00
[2023-11-25T21:54:33.144+0000] {processor.py:179} INFO - Processing /opt/airflow/dags/outcomes_dag.py took 0.299 seconds
[2023-11-25T21:55:03.487+0000] {processor.py:157} INFO - Started process (PID=12770) to work on /opt/airflow/dags/outcomes_dag.py
[2023-11-25T21:55:03.489+0000] {processor.py:829} INFO - Processing file /opt/airflow/dags/outcomes_dag.py for tasks to queue
[2023-11-25T21:55:03.493+0000] {logging_mixin.py:154} INFO - [2023-11-25T21:55:03.493+0000] {dagbag.py:536} INFO - Filling up the DagBag from /opt/airflow/dags/outcomes_dag.py
[2023-11-25T21:55:03.769+0000] {processor.py:839} INFO - DAG(s) dict_keys(['outcomes_dag']) retrieved from /opt/airflow/dags/outcomes_dag.py
[2023-11-25T21:55:03.800+0000] {logging_mixin.py:154} INFO - [2023-11-25T21:55:03.800+0000] {dag.py:2941} INFO - Sync 1 DAGs
[2023-11-25T21:55:03.814+0000] {logging_mixin.py:154} INFO - [2023-11-25T21:55:03.814+0000] {dag.py:3722} INFO - Setting next_dagrun for outcomes_dag to 2023-11-25T00:00:00+00:00, run_after=2023-11-26T00:00:00+00:00
[2023-11-25T21:55:03.824+0000] {processor.py:179} INFO - Processing /opt/airflow/dags/outcomes_dag.py took 0.342 seconds
[2023-11-25T21:55:34.168+0000] {processor.py:157} INFO - Started process (PID=12779) to work on /opt/airflow/dags/outcomes_dag.py
[2023-11-25T21:55:34.173+0000] {processor.py:829} INFO - Processing file /opt/airflow/dags/outcomes_dag.py for tasks to queue
[2023-11-25T21:55:34.189+0000] {logging_mixin.py:154} INFO - [2023-11-25T21:55:34.186+0000] {dagbag.py:536} INFO - Filling up the DagBag from /opt/airflow/dags/outcomes_dag.py
[2023-11-25T21:55:34.448+0000] {processor.py:839} INFO - DAG(s) dict_keys(['outcomes_dag']) retrieved from /opt/airflow/dags/outcomes_dag.py
[2023-11-25T21:55:34.488+0000] {logging_mixin.py:154} INFO - [2023-11-25T21:55:34.488+0000] {dag.py:2941} INFO - Sync 1 DAGs
[2023-11-25T21:55:34.505+0000] {logging_mixin.py:154} INFO - [2023-11-25T21:55:34.505+0000] {dag.py:3722} INFO - Setting next_dagrun for outcomes_dag to 2023-11-25T00:00:00+00:00, run_after=2023-11-26T00:00:00+00:00
[2023-11-25T21:55:34.515+0000] {processor.py:179} INFO - Processing /opt/airflow/dags/outcomes_dag.py took 0.362 seconds
[2023-11-25T21:56:04.878+0000] {processor.py:157} INFO - Started process (PID=12788) to work on /opt/airflow/dags/outcomes_dag.py
[2023-11-25T21:56:04.882+0000] {processor.py:829} INFO - Processing file /opt/airflow/dags/outcomes_dag.py for tasks to queue
[2023-11-25T21:56:04.888+0000] {logging_mixin.py:154} INFO - [2023-11-25T21:56:04.887+0000] {dagbag.py:536} INFO - Filling up the DagBag from /opt/airflow/dags/outcomes_dag.py
[2023-11-25T21:56:05.160+0000] {processor.py:839} INFO - DAG(s) dict_keys(['outcomes_dag']) retrieved from /opt/airflow/dags/outcomes_dag.py
[2023-11-25T21:56:05.197+0000] {logging_mixin.py:154} INFO - [2023-11-25T21:56:05.197+0000] {dag.py:2941} INFO - Sync 1 DAGs
[2023-11-25T21:56:05.218+0000] {logging_mixin.py:154} INFO - [2023-11-25T21:56:05.217+0000] {dag.py:3722} INFO - Setting next_dagrun for outcomes_dag to 2023-11-25T00:00:00+00:00, run_after=2023-11-26T00:00:00+00:00
[2023-11-25T21:56:05.228+0000] {processor.py:179} INFO - Processing /opt/airflow/dags/outcomes_dag.py took 0.359 seconds
[2023-11-25T21:56:35.349+0000] {processor.py:157} INFO - Started process (PID=12797) to work on /opt/airflow/dags/outcomes_dag.py
[2023-11-25T21:56:35.351+0000] {processor.py:829} INFO - Processing file /opt/airflow/dags/outcomes_dag.py for tasks to queue
[2023-11-25T21:56:35.358+0000] {logging_mixin.py:154} INFO - [2023-11-25T21:56:35.357+0000] {dagbag.py:536} INFO - Filling up the DagBag from /opt/airflow/dags/outcomes_dag.py
[2023-11-25T21:56:35.602+0000] {processor.py:839} INFO - DAG(s) dict_keys(['outcomes_dag']) retrieved from /opt/airflow/dags/outcomes_dag.py
[2023-11-25T21:56:35.624+0000] {logging_mixin.py:154} INFO - [2023-11-25T21:56:35.624+0000] {dag.py:2941} INFO - Sync 1 DAGs
[2023-11-25T21:56:35.639+0000] {logging_mixin.py:154} INFO - [2023-11-25T21:56:35.639+0000] {dag.py:3722} INFO - Setting next_dagrun for outcomes_dag to 2023-11-25T00:00:00+00:00, run_after=2023-11-26T00:00:00+00:00
[2023-11-25T21:56:35.648+0000] {processor.py:179} INFO - Processing /opt/airflow/dags/outcomes_dag.py took 0.308 seconds
[2023-11-25T21:57:06.113+0000] {processor.py:157} INFO - Started process (PID=12806) to work on /opt/airflow/dags/outcomes_dag.py
[2023-11-25T21:57:06.115+0000] {processor.py:829} INFO - Processing file /opt/airflow/dags/outcomes_dag.py for tasks to queue
[2023-11-25T21:57:06.122+0000] {logging_mixin.py:154} INFO - [2023-11-25T21:57:06.121+0000] {dagbag.py:536} INFO - Filling up the DagBag from /opt/airflow/dags/outcomes_dag.py
[2023-11-25T21:57:06.409+0000] {processor.py:839} INFO - DAG(s) dict_keys(['outcomes_dag']) retrieved from /opt/airflow/dags/outcomes_dag.py
[2023-11-25T21:57:06.435+0000] {logging_mixin.py:154} INFO - [2023-11-25T21:57:06.435+0000] {dag.py:2941} INFO - Sync 1 DAGs
[2023-11-25T21:57:06.450+0000] {logging_mixin.py:154} INFO - [2023-11-25T21:57:06.450+0000] {dag.py:3722} INFO - Setting next_dagrun for outcomes_dag to 2023-11-25T00:00:00+00:00, run_after=2023-11-26T00:00:00+00:00
[2023-11-25T21:57:06.459+0000] {processor.py:179} INFO - Processing /opt/airflow/dags/outcomes_dag.py took 0.354 seconds
[2023-11-25T22:30:17.380+0000] {processor.py:157} INFO - Started process (PID=12815) to work on /opt/airflow/dags/outcomes_dag.py
[2023-11-25T22:30:17.383+0000] {processor.py:829} INFO - Processing file /opt/airflow/dags/outcomes_dag.py for tasks to queue
[2023-11-25T22:30:17.429+0000] {logging_mixin.py:154} INFO - [2023-11-25T22:30:17.426+0000] {dagbag.py:536} INFO - Filling up the DagBag from /opt/airflow/dags/outcomes_dag.py
[2023-11-25T22:30:18.373+0000] {processor.py:839} INFO - DAG(s) dict_keys(['outcomes_dag']) retrieved from /opt/airflow/dags/outcomes_dag.py
[2023-11-25T22:30:18.440+0000] {logging_mixin.py:154} INFO - [2023-11-25T22:30:18.440+0000] {dag.py:2941} INFO - Sync 1 DAGs
[2023-11-25T22:30:18.461+0000] {logging_mixin.py:154} INFO - [2023-11-25T22:30:18.461+0000] {dag.py:3722} INFO - Setting next_dagrun for outcomes_dag to 2023-11-25T00:00:00+00:00, run_after=2023-11-26T00:00:00+00:00
[2023-11-25T22:30:18.475+0000] {processor.py:179} INFO - Processing /opt/airflow/dags/outcomes_dag.py took 1.107 seconds
[2023-11-25T22:37:10.353+0000] {processor.py:157} INFO - Started process (PID=12824) to work on /opt/airflow/dags/outcomes_dag.py
[2023-11-25T22:37:10.355+0000] {processor.py:829} INFO - Processing file /opt/airflow/dags/outcomes_dag.py for tasks to queue
[2023-11-25T22:37:10.362+0000] {logging_mixin.py:154} INFO - [2023-11-25T22:37:10.361+0000] {dagbag.py:536} INFO - Filling up the DagBag from /opt/airflow/dags/outcomes_dag.py
[2023-11-25T22:37:10.980+0000] {processor.py:839} INFO - DAG(s) dict_keys(['outcomes_dag']) retrieved from /opt/airflow/dags/outcomes_dag.py
[2023-11-25T22:37:11.056+0000] {logging_mixin.py:154} INFO - [2023-11-25T22:37:11.052+0000] {dag.py:2941} INFO - Sync 1 DAGs
[2023-11-25T22:37:11.075+0000] {logging_mixin.py:154} INFO - [2023-11-25T22:37:11.075+0000] {dag.py:3722} INFO - Setting next_dagrun for outcomes_dag to 2023-11-25T00:00:00+00:00, run_after=2023-11-26T00:00:00+00:00
[2023-11-25T22:37:11.086+0000] {processor.py:179} INFO - Processing /opt/airflow/dags/outcomes_dag.py took 0.737 seconds
[2023-11-25T23:09:55.065+0000] {processor.py:157} INFO - Started process (PID=12833) to work on /opt/airflow/dags/outcomes_dag.py
[2023-11-25T23:09:55.066+0000] {processor.py:829} INFO - Processing file /opt/airflow/dags/outcomes_dag.py for tasks to queue
[2023-11-25T23:09:55.072+0000] {logging_mixin.py:154} INFO - [2023-11-25T23:09:55.071+0000] {dagbag.py:536} INFO - Filling up the DagBag from /opt/airflow/dags/outcomes_dag.py
[2023-11-25T23:09:55.423+0000] {processor.py:839} INFO - DAG(s) dict_keys(['outcomes_dag']) retrieved from /opt/airflow/dags/outcomes_dag.py
[2023-11-25T23:09:55.447+0000] {logging_mixin.py:154} INFO - [2023-11-25T23:09:55.446+0000] {dag.py:2941} INFO - Sync 1 DAGs
[2023-11-25T23:09:55.472+0000] {logging_mixin.py:154} INFO - [2023-11-25T23:09:55.472+0000] {dag.py:3722} INFO - Setting next_dagrun for outcomes_dag to 2023-11-25T00:00:00+00:00, run_after=2023-11-26T00:00:00+00:00
[2023-11-25T23:09:55.483+0000] {processor.py:179} INFO - Processing /opt/airflow/dags/outcomes_dag.py took 0.424 seconds
