[2023-11-21T00:52:20.391+0000] {taskinstance.py:1159} INFO - Dependencies all met for dep_context=non-requeueable deps ti=<TaskInstance: outcomes_dag.transform scheduled__2023-11-07T00:00:00+00:00 [queued]>
[2023-11-21T00:52:20.426+0000] {taskinstance.py:1159} INFO - Dependencies all met for dep_context=requeueable deps ti=<TaskInstance: outcomes_dag.transform scheduled__2023-11-07T00:00:00+00:00 [queued]>
[2023-11-21T00:52:20.428+0000] {taskinstance.py:1361} INFO - Starting attempt 1 of 1
[2023-11-21T00:52:20.504+0000] {taskinstance.py:1382} INFO - Executing <Task(PythonOperator): transform> on 2023-11-07 00:00:00+00:00
[2023-11-21T00:52:20.526+0000] {standard_task_runner.py:57} INFO - Started process 181 to run task
[2023-11-21T00:52:20.539+0000] {standard_task_runner.py:84} INFO - Running: ['***', 'tasks', 'run', 'outcomes_dag', 'transform', 'scheduled__2023-11-07T00:00:00+00:00', '--job-id', '26', '--raw', '--subdir', 'DAGS_FOLDER/outcomes_dag.py', '--cfg-path', '/tmp/tmpukjyp5wp']
[2023-11-21T00:52:20.556+0000] {standard_task_runner.py:85} INFO - Job 26: Subtask transform
[2023-11-21T00:52:20.710+0000] {task_command.py:416} INFO - Running <TaskInstance: outcomes_dag.transform scheduled__2023-11-07T00:00:00+00:00 [running]> on host 39ee77aaeaf9
[2023-11-21T00:52:21.429+0000] {taskinstance.py:1662} INFO - Exporting env vars: AIRFLOW_CTX_DAG_OWNER='***' AIRFLOW_CTX_DAG_ID='outcomes_dag' AIRFLOW_CTX_TASK_ID='transform' AIRFLOW_CTX_EXECUTION_DATE='2023-11-07T00:00:00+00:00' AIRFLOW_CTX_TRY_NUMBER='1' AIRFLOW_CTX_DAG_RUN_ID='scheduled__2023-11-07T00:00:00+00:00'
[2023-11-21T00:52:22.335+0000] {warnings.py:109} WARNING - /opt/***/dags/etl_scripts/transform.py:67: UserWarning: Could not infer format, so each element will be parsed individually, falling back to `dateutil`. To ensure parsing is consistent and as-expected, please specify a format.
  data['ts'] = pd.to_datetime(data.DateTime)

[2023-11-21T00:52:33.750+0000] {local_task_job_runner.py:228} INFO - Task exited with return code -9
[2023-11-21T00:52:34.199+0000] {taskinstance.py:2778} INFO - 0 downstream tasks scheduled from follow-on schedule check
[2023-11-21T01:13:56.426+0000] {taskinstance.py:1159} INFO - Dependencies all met for dep_context=non-requeueable deps ti=<TaskInstance: outcomes_dag.transform scheduled__2023-11-07T00:00:00+00:00 [queued]>
[2023-11-21T01:13:56.480+0000] {taskinstance.py:1159} INFO - Dependencies all met for dep_context=requeueable deps ti=<TaskInstance: outcomes_dag.transform scheduled__2023-11-07T00:00:00+00:00 [queued]>
[2023-11-21T01:13:56.483+0000] {taskinstance.py:1361} INFO - Starting attempt 1 of 1
[2023-11-21T01:13:56.510+0000] {taskinstance.py:1382} INFO - Executing <Task(PythonOperator): transform> on 2023-11-07 00:00:00+00:00
[2023-11-21T01:13:56.534+0000] {standard_task_runner.py:57} INFO - Started process 182 to run task
[2023-11-21T01:13:56.561+0000] {standard_task_runner.py:84} INFO - Running: ['***', 'tasks', 'run', 'outcomes_dag', 'transform', 'scheduled__2023-11-07T00:00:00+00:00', '--job-id', '19', '--raw', '--subdir', 'DAGS_FOLDER/outcomes_dag.py', '--cfg-path', '/tmp/tmpqr8d8yuv']
[2023-11-21T01:13:56.585+0000] {standard_task_runner.py:85} INFO - Job 19: Subtask transform
[2023-11-21T01:13:56.739+0000] {task_command.py:416} INFO - Running <TaskInstance: outcomes_dag.transform scheduled__2023-11-07T00:00:00+00:00 [running]> on host 9a73044c5577
[2023-11-21T01:13:58.598+0000] {taskinstance.py:1662} INFO - Exporting env vars: AIRFLOW_CTX_DAG_OWNER='***' AIRFLOW_CTX_DAG_ID='outcomes_dag' AIRFLOW_CTX_TASK_ID='transform' AIRFLOW_CTX_EXECUTION_DATE='2023-11-07T00:00:00+00:00' AIRFLOW_CTX_TRY_NUMBER='1' AIRFLOW_CTX_DAG_RUN_ID='scheduled__2023-11-07T00:00:00+00:00'
[2023-11-21T01:14:01.160+0000] {warnings.py:109} WARNING - /opt/***/dags/etl_scripts/transform.py:67: UserWarning: Could not infer format, so each element will be parsed individually, falling back to `dateutil`. To ensure parsing is consistent and as-expected, please specify a format.
  data['ts'] = pd.to_datetime(data.DateTime)

[2023-11-21T01:14:10.667+0000] {local_task_job_runner.py:228} INFO - Task exited with return code -9
[2023-11-21T01:14:11.094+0000] {taskinstance.py:2778} INFO - 0 downstream tasks scheduled from follow-on schedule check
[2023-11-21T03:55:41.098+0000] {taskinstance.py:1159} INFO - Dependencies all met for dep_context=non-requeueable deps ti=<TaskInstance: outcomes_dag.transform scheduled__2023-11-07T00:00:00+00:00 [queued]>
[2023-11-21T03:55:41.188+0000] {taskinstance.py:1159} INFO - Dependencies all met for dep_context=requeueable deps ti=<TaskInstance: outcomes_dag.transform scheduled__2023-11-07T00:00:00+00:00 [queued]>
[2023-11-21T03:55:41.189+0000] {taskinstance.py:1361} INFO - Starting attempt 1 of 1
[2023-11-21T03:55:41.269+0000] {taskinstance.py:1382} INFO - Executing <Task(PythonOperator): transform> on 2023-11-07 00:00:00+00:00
[2023-11-21T03:55:41.298+0000] {standard_task_runner.py:57} INFO - Started process 535 to run task
[2023-11-21T03:55:41.326+0000] {standard_task_runner.py:84} INFO - Running: ['***', 'tasks', 'run', 'outcomes_dag', 'transform', 'scheduled__2023-11-07T00:00:00+00:00', '--job-id', '26', '--raw', '--subdir', 'DAGS_FOLDER/outcomes_dag.py', '--cfg-path', '/tmp/tmpwh7sfg4l']
[2023-11-21T03:55:41.333+0000] {standard_task_runner.py:85} INFO - Job 26: Subtask transform
[2023-11-21T03:55:41.449+0000] {task_command.py:416} INFO - Running <TaskInstance: outcomes_dag.transform scheduled__2023-11-07T00:00:00+00:00 [running]> on host a0f615083db8
[2023-11-21T03:55:43.163+0000] {taskinstance.py:1662} INFO - Exporting env vars: AIRFLOW_CTX_DAG_OWNER='***' AIRFLOW_CTX_DAG_ID='outcomes_dag' AIRFLOW_CTX_TASK_ID='transform' AIRFLOW_CTX_EXECUTION_DATE='2023-11-07T00:00:00+00:00' AIRFLOW_CTX_TRY_NUMBER='1' AIRFLOW_CTX_DAG_RUN_ID='scheduled__2023-11-07T00:00:00+00:00'
[2023-11-21T03:55:44.557+0000] {warnings.py:109} WARNING - /opt/***/dags/etl_scripts/transform.py:67: UserWarning: Could not infer format, so each element will be parsed individually, falling back to `dateutil`. To ensure parsing is consistent and as-expected, please specify a format.
  data['ts'] = pd.to_datetime(data.DateTime)

[2023-11-21T03:56:06.325+0000] {python.py:194} INFO - Done. Returned value was: None
[2023-11-21T03:56:06.424+0000] {taskinstance.py:1400} INFO - Marking task as SUCCESS. dag_id=outcomes_dag, task_id=transform, execution_date=20231107T000000, start_date=20231121T035541, end_date=20231121T035606
[2023-11-21T03:56:06.675+0000] {local_task_job_runner.py:228} INFO - Task exited with return code 0
[2023-11-21T03:56:07.048+0000] {taskinstance.py:2778} INFO - 0 downstream tasks scheduled from follow-on schedule check
[2023-11-21T04:56:35.831+0000] {taskinstance.py:1159} INFO - Dependencies all met for dep_context=non-requeueable deps ti=<TaskInstance: outcomes_dag.transform scheduled__2023-11-07T00:00:00+00:00 [queued]>
[2023-11-21T04:56:36.010+0000] {taskinstance.py:1159} INFO - Dependencies all met for dep_context=requeueable deps ti=<TaskInstance: outcomes_dag.transform scheduled__2023-11-07T00:00:00+00:00 [queued]>
[2023-11-21T04:56:36.015+0000] {taskinstance.py:1361} INFO - Starting attempt 1 of 1
[2023-11-21T04:56:36.241+0000] {taskinstance.py:1382} INFO - Executing <Task(PythonOperator): transform> on 2023-11-07 00:00:00+00:00
[2023-11-21T04:56:36.491+0000] {standard_task_runner.py:57} INFO - Started process 237 to run task
[2023-11-21T04:56:36.572+0000] {standard_task_runner.py:84} INFO - Running: ['***', 'tasks', 'run', 'outcomes_dag', 'transform', 'scheduled__2023-11-07T00:00:00+00:00', '--job-id', '21', '--raw', '--subdir', 'DAGS_FOLDER/outcomes_dag.py', '--cfg-path', '/tmp/tmpfqgiwhtn']
[2023-11-21T04:56:36.628+0000] {standard_task_runner.py:85} INFO - Job 21: Subtask transform
[2023-11-21T04:56:37.440+0000] {task_command.py:416} INFO - Running <TaskInstance: outcomes_dag.transform scheduled__2023-11-07T00:00:00+00:00 [running]> on host 921d770aa62c
[2023-11-21T04:56:42.714+0000] {taskinstance.py:1662} INFO - Exporting env vars: AIRFLOW_CTX_DAG_OWNER='***' AIRFLOW_CTX_DAG_ID='outcomes_dag' AIRFLOW_CTX_TASK_ID='transform' AIRFLOW_CTX_EXECUTION_DATE='2023-11-07T00:00:00+00:00' AIRFLOW_CTX_TRY_NUMBER='1' AIRFLOW_CTX_DAG_RUN_ID='scheduled__2023-11-07T00:00:00+00:00'
[2023-11-21T04:56:45.333+0000] {warnings.py:109} WARNING - /opt/***/dags/etl_scripts/transform.py:67: UserWarning: Could not infer format, so each element will be parsed individually, falling back to `dateutil`. To ensure parsing is consistent and as-expected, please specify a format.
  data['ts'] = pd.to_datetime(data.DateTime)

[2023-11-21T04:56:56.855+0000] {local_task_job_runner.py:228} INFO - Task exited with return code -9
[2023-11-21T04:56:57.573+0000] {taskinstance.py:2778} INFO - 0 downstream tasks scheduled from follow-on schedule check
[2023-11-21T05:29:28.310+0000] {taskinstance.py:1159} INFO - Dependencies all met for dep_context=non-requeueable deps ti=<TaskInstance: outcomes_dag.transform scheduled__2023-11-07T00:00:00+00:00 [queued]>
[2023-11-21T05:29:28.349+0000] {taskinstance.py:1159} INFO - Dependencies all met for dep_context=requeueable deps ti=<TaskInstance: outcomes_dag.transform scheduled__2023-11-07T00:00:00+00:00 [queued]>
[2023-11-21T05:29:28.353+0000] {taskinstance.py:1361} INFO - Starting attempt 1 of 1
[2023-11-21T05:29:28.455+0000] {taskinstance.py:1382} INFO - Executing <Task(PythonOperator): transform> on 2023-11-07 00:00:00+00:00
[2023-11-21T05:29:28.489+0000] {standard_task_runner.py:57} INFO - Started process 209 to run task
[2023-11-21T05:29:28.581+0000] {standard_task_runner.py:84} INFO - Running: ['***', 'tasks', 'run', 'outcomes_dag', 'transform', 'scheduled__2023-11-07T00:00:00+00:00', '--job-id', '28', '--raw', '--subdir', 'DAGS_FOLDER/outcomes_dag.py', '--cfg-path', '/tmp/tmp1cdlepwt']
[2023-11-21T05:29:28.642+0000] {standard_task_runner.py:85} INFO - Job 28: Subtask transform
[2023-11-21T05:29:28.979+0000] {task_command.py:416} INFO - Running <TaskInstance: outcomes_dag.transform scheduled__2023-11-07T00:00:00+00:00 [running]> on host 1df7871f6344
[2023-11-21T05:29:37.300+0000] {taskinstance.py:1662} INFO - Exporting env vars: AIRFLOW_CTX_DAG_OWNER='***' AIRFLOW_CTX_DAG_ID='outcomes_dag' AIRFLOW_CTX_TASK_ID='transform' AIRFLOW_CTX_EXECUTION_DATE='2023-11-07T00:00:00+00:00' AIRFLOW_CTX_TRY_NUMBER='1' AIRFLOW_CTX_DAG_RUN_ID='scheduled__2023-11-07T00:00:00+00:00'
[2023-11-21T05:29:38.784+0000] {warnings.py:109} WARNING - /opt/***/dags/etl_scripts/transform.py:67: UserWarning: Could not infer format, so each element will be parsed individually, falling back to `dateutil`. To ensure parsing is consistent and as-expected, please specify a format.
  data['ts'] = pd.to_datetime(data.DateTime)

[2023-11-21T05:29:45.192+0000] {local_task_job_runner.py:228} INFO - Task exited with return code -9
[2023-11-21T05:29:45.271+0000] {taskinstance.py:2778} INFO - 0 downstream tasks scheduled from follow-on schedule check
