[2023-11-19T00:07:46.112+0000] {processor.py:157} INFO - Started process (PID=1235) to work on /opt/airflow/dags/outcomes_dag.py
[2023-11-19T00:07:46.113+0000] {processor.py:829} INFO - Processing file /opt/airflow/dags/outcomes_dag.py for tasks to queue
[2023-11-19T00:07:46.116+0000] {logging_mixin.py:154} INFO - [2023-11-19T00:07:46.116+0000] {dagbag.py:536} INFO - Filling up the DagBag from /opt/airflow/dags/outcomes_dag.py
[2023-11-19T00:07:47.722+0000] {processor.py:839} INFO - DAG(s) dict_keys(['outcomes_dag']) retrieved from /opt/airflow/dags/outcomes_dag.py
[2023-11-19T00:07:47.742+0000] {logging_mixin.py:154} INFO - [2023-11-19T00:07:47.741+0000] {dag.py:2941} INFO - Sync 1 DAGs
[2023-11-19T00:07:47.766+0000] {logging_mixin.py:154} INFO - [2023-11-19T00:07:47.766+0000] {dag.py:3722} INFO - Setting next_dagrun for outcomes_dag to 2023-11-19T00:00:00+00:00, run_after=2023-11-20T00:00:00+00:00
[2023-11-19T00:07:47.779+0000] {processor.py:179} INFO - Processing /opt/airflow/dags/outcomes_dag.py took 1.671 seconds
[2023-11-19T00:43:06.085+0000] {processor.py:157} INFO - Started process (PID=1244) to work on /opt/airflow/dags/outcomes_dag.py
[2023-11-19T00:43:06.087+0000] {processor.py:829} INFO - Processing file /opt/airflow/dags/outcomes_dag.py for tasks to queue
[2023-11-19T00:43:06.092+0000] {logging_mixin.py:154} INFO - [2023-11-19T00:43:06.091+0000] {dagbag.py:536} INFO - Filling up the DagBag from /opt/airflow/dags/outcomes_dag.py
[2023-11-19T00:43:06.613+0000] {processor.py:839} INFO - DAG(s) dict_keys(['outcomes_dag']) retrieved from /opt/airflow/dags/outcomes_dag.py
[2023-11-19T00:43:07.348+0000] {logging_mixin.py:154} INFO - [2023-11-19T00:43:07.347+0000] {dag.py:2941} INFO - Sync 1 DAGs
[2023-11-19T00:43:07.713+0000] {logging_mixin.py:154} INFO - [2023-11-19T00:43:07.711+0000] {dag.py:3722} INFO - Setting next_dagrun for outcomes_dag to 2023-11-19T00:00:00+00:00, run_after=2023-11-20T00:00:00+00:00
[2023-11-19T00:43:07.813+0000] {processor.py:179} INFO - Processing /opt/airflow/dags/outcomes_dag.py took 1.733 seconds
[2023-11-19T01:12:52.256+0000] {processor.py:157} INFO - Started process (PID=1253) to work on /opt/airflow/dags/outcomes_dag.py
[2023-11-19T01:12:52.258+0000] {processor.py:829} INFO - Processing file /opt/airflow/dags/outcomes_dag.py for tasks to queue
[2023-11-19T01:12:52.262+0000] {logging_mixin.py:154} INFO - [2023-11-19T01:12:52.261+0000] {dagbag.py:536} INFO - Filling up the DagBag from /opt/airflow/dags/outcomes_dag.py
[2023-11-19T01:12:53.474+0000] {processor.py:839} INFO - DAG(s) dict_keys(['outcomes_dag']) retrieved from /opt/airflow/dags/outcomes_dag.py
[2023-11-19T01:12:53.512+0000] {logging_mixin.py:154} INFO - [2023-11-19T01:12:53.511+0000] {dag.py:2941} INFO - Sync 1 DAGs
[2023-11-19T01:12:53.566+0000] {logging_mixin.py:154} INFO - [2023-11-19T01:12:53.566+0000] {dag.py:3722} INFO - Setting next_dagrun for outcomes_dag to 2023-11-19T00:00:00+00:00, run_after=2023-11-20T00:00:00+00:00
[2023-11-19T01:12:53.589+0000] {processor.py:179} INFO - Processing /opt/airflow/dags/outcomes_dag.py took 1.341 seconds
[2023-11-19T01:18:41.403+0000] {processor.py:157} INFO - Started process (PID=1262) to work on /opt/airflow/dags/outcomes_dag.py
[2023-11-19T01:18:41.406+0000] {processor.py:829} INFO - Processing file /opt/airflow/dags/outcomes_dag.py for tasks to queue
[2023-11-19T01:18:41.424+0000] {logging_mixin.py:154} INFO - [2023-11-19T01:18:41.422+0000] {dagbag.py:536} INFO - Filling up the DagBag from /opt/airflow/dags/outcomes_dag.py
[2023-11-19T01:18:43.720+0000] {processor.py:839} INFO - DAG(s) dict_keys(['outcomes_dag']) retrieved from /opt/airflow/dags/outcomes_dag.py
[2023-11-19T01:18:43.980+0000] {logging_mixin.py:154} INFO - [2023-11-19T01:18:43.979+0000] {dag.py:2941} INFO - Sync 1 DAGs
[2023-11-19T01:18:44.033+0000] {logging_mixin.py:154} INFO - [2023-11-19T01:18:44.032+0000] {dag.py:3722} INFO - Setting next_dagrun for outcomes_dag to 2023-11-19T00:00:00+00:00, run_after=2023-11-20T00:00:00+00:00
[2023-11-19T01:18:44.062+0000] {processor.py:179} INFO - Processing /opt/airflow/dags/outcomes_dag.py took 2.666 seconds
[2023-11-19T01:36:47.008+0000] {processor.py:157} INFO - Started process (PID=1271) to work on /opt/airflow/dags/outcomes_dag.py
[2023-11-19T01:36:47.010+0000] {processor.py:829} INFO - Processing file /opt/airflow/dags/outcomes_dag.py for tasks to queue
[2023-11-19T01:36:47.018+0000] {logging_mixin.py:154} INFO - [2023-11-19T01:36:47.018+0000] {dagbag.py:536} INFO - Filling up the DagBag from /opt/airflow/dags/outcomes_dag.py
[2023-11-19T01:36:48.178+0000] {processor.py:839} INFO - DAG(s) dict_keys(['outcomes_dag']) retrieved from /opt/airflow/dags/outcomes_dag.py
[2023-11-19T01:36:48.210+0000] {logging_mixin.py:154} INFO - [2023-11-19T01:36:48.210+0000] {dag.py:2941} INFO - Sync 1 DAGs
[2023-11-19T01:36:48.245+0000] {logging_mixin.py:154} INFO - [2023-11-19T01:36:48.245+0000] {dag.py:3722} INFO - Setting next_dagrun for outcomes_dag to 2023-11-19T00:00:00+00:00, run_after=2023-11-20T00:00:00+00:00
[2023-11-19T01:36:48.258+0000] {processor.py:179} INFO - Processing /opt/airflow/dags/outcomes_dag.py took 1.269 seconds
[2023-11-19T02:13:19.392+0000] {processor.py:157} INFO - Started process (PID=1280) to work on /opt/airflow/dags/outcomes_dag.py
[2023-11-19T02:13:19.395+0000] {processor.py:829} INFO - Processing file /opt/airflow/dags/outcomes_dag.py for tasks to queue
[2023-11-19T02:13:19.402+0000] {logging_mixin.py:154} INFO - [2023-11-19T02:13:19.401+0000] {dagbag.py:536} INFO - Filling up the DagBag from /opt/airflow/dags/outcomes_dag.py
[2023-11-19T02:13:20.518+0000] {processor.py:839} INFO - DAG(s) dict_keys(['outcomes_dag']) retrieved from /opt/airflow/dags/outcomes_dag.py
[2023-11-19T02:13:20.558+0000] {logging_mixin.py:154} INFO - [2023-11-19T02:13:20.558+0000] {dag.py:2941} INFO - Sync 1 DAGs
[2023-11-19T02:13:20.586+0000] {logging_mixin.py:154} INFO - [2023-11-19T02:13:20.585+0000] {dag.py:3722} INFO - Setting next_dagrun for outcomes_dag to 2023-11-19T00:00:00+00:00, run_after=2023-11-20T00:00:00+00:00
[2023-11-19T02:13:20.598+0000] {processor.py:179} INFO - Processing /opt/airflow/dags/outcomes_dag.py took 1.223 seconds
[2023-11-19T02:50:16.099+0000] {processor.py:157} INFO - Started process (PID=1289) to work on /opt/airflow/dags/outcomes_dag.py
[2023-11-19T02:50:16.100+0000] {processor.py:829} INFO - Processing file /opt/airflow/dags/outcomes_dag.py for tasks to queue
[2023-11-19T02:50:16.103+0000] {logging_mixin.py:154} INFO - [2023-11-19T02:50:16.103+0000] {dagbag.py:536} INFO - Filling up the DagBag from /opt/airflow/dags/outcomes_dag.py
[2023-11-19T02:50:16.592+0000] {processor.py:839} INFO - DAG(s) dict_keys(['outcomes_dag']) retrieved from /opt/airflow/dags/outcomes_dag.py
[2023-11-19T02:50:16.610+0000] {logging_mixin.py:154} INFO - [2023-11-19T02:50:16.610+0000] {dag.py:2941} INFO - Sync 1 DAGs
[2023-11-19T02:50:16.632+0000] {logging_mixin.py:154} INFO - [2023-11-19T02:50:16.632+0000] {dag.py:3722} INFO - Setting next_dagrun for outcomes_dag to 2023-11-19T00:00:00+00:00, run_after=2023-11-20T00:00:00+00:00
[2023-11-19T02:50:16.640+0000] {processor.py:179} INFO - Processing /opt/airflow/dags/outcomes_dag.py took 0.545 seconds
[2023-11-19T03:38:32.219+0000] {processor.py:157} INFO - Started process (PID=1298) to work on /opt/airflow/dags/outcomes_dag.py
[2023-11-19T03:38:32.223+0000] {processor.py:829} INFO - Processing file /opt/airflow/dags/outcomes_dag.py for tasks to queue
[2023-11-19T03:38:32.243+0000] {logging_mixin.py:154} INFO - [2023-11-19T03:38:32.242+0000] {dagbag.py:536} INFO - Filling up the DagBag from /opt/airflow/dags/outcomes_dag.py
[2023-11-19T03:38:33.359+0000] {processor.py:839} INFO - DAG(s) dict_keys(['outcomes_dag']) retrieved from /opt/airflow/dags/outcomes_dag.py
[2023-11-19T03:38:33.387+0000] {logging_mixin.py:154} INFO - [2023-11-19T03:38:33.386+0000] {dag.py:2941} INFO - Sync 1 DAGs
[2023-11-19T03:38:33.400+0000] {logging_mixin.py:154} INFO - [2023-11-19T03:38:33.400+0000] {dag.py:3722} INFO - Setting next_dagrun for outcomes_dag to 2023-11-19T00:00:00+00:00, run_after=2023-11-20T00:00:00+00:00
[2023-11-19T03:38:33.408+0000] {processor.py:179} INFO - Processing /opt/airflow/dags/outcomes_dag.py took 1.204 seconds
[2023-11-19T04:29:12.528+0000] {processor.py:157} INFO - Started process (PID=1307) to work on /opt/airflow/dags/outcomes_dag.py
[2023-11-19T04:29:12.536+0000] {processor.py:829} INFO - Processing file /opt/airflow/dags/outcomes_dag.py for tasks to queue
[2023-11-19T04:29:12.584+0000] {logging_mixin.py:154} INFO - [2023-11-19T04:29:12.582+0000] {dagbag.py:536} INFO - Filling up the DagBag from /opt/airflow/dags/outcomes_dag.py
[2023-11-19T04:29:13.924+0000] {processor.py:839} INFO - DAG(s) dict_keys(['outcomes_dag']) retrieved from /opt/airflow/dags/outcomes_dag.py
[2023-11-19T04:29:13.950+0000] {logging_mixin.py:154} INFO - [2023-11-19T04:29:13.950+0000] {dag.py:2941} INFO - Sync 1 DAGs
[2023-11-19T04:29:13.964+0000] {logging_mixin.py:154} INFO - [2023-11-19T04:29:13.964+0000] {dag.py:3722} INFO - Setting next_dagrun for outcomes_dag to 2023-11-19T00:00:00+00:00, run_after=2023-11-20T00:00:00+00:00
[2023-11-19T04:29:13.973+0000] {processor.py:179} INFO - Processing /opt/airflow/dags/outcomes_dag.py took 1.486 seconds
[2023-11-19T05:18:48.939+0000] {processor.py:157} INFO - Started process (PID=1316) to work on /opt/airflow/dags/outcomes_dag.py
[2023-11-19T05:18:48.941+0000] {processor.py:829} INFO - Processing file /opt/airflow/dags/outcomes_dag.py for tasks to queue
[2023-11-19T05:18:48.948+0000] {logging_mixin.py:154} INFO - [2023-11-19T05:18:48.946+0000] {dagbag.py:536} INFO - Filling up the DagBag from /opt/airflow/dags/outcomes_dag.py
[2023-11-19T05:18:50.237+0000] {processor.py:839} INFO - DAG(s) dict_keys(['outcomes_dag']) retrieved from /opt/airflow/dags/outcomes_dag.py
[2023-11-19T05:18:50.271+0000] {logging_mixin.py:154} INFO - [2023-11-19T05:18:50.271+0000] {dag.py:2941} INFO - Sync 1 DAGs
[2023-11-19T05:18:50.287+0000] {logging_mixin.py:154} INFO - [2023-11-19T05:18:50.286+0000] {dag.py:3722} INFO - Setting next_dagrun for outcomes_dag to 2023-11-19T00:00:00+00:00, run_after=2023-11-20T00:00:00+00:00
[2023-11-19T05:18:50.295+0000] {processor.py:179} INFO - Processing /opt/airflow/dags/outcomes_dag.py took 1.361 seconds
[2023-11-19T05:53:01.288+0000] {processor.py:157} INFO - Started process (PID=1325) to work on /opt/airflow/dags/outcomes_dag.py
[2023-11-19T05:53:01.290+0000] {processor.py:829} INFO - Processing file /opt/airflow/dags/outcomes_dag.py for tasks to queue
[2023-11-19T05:53:01.292+0000] {logging_mixin.py:154} INFO - [2023-11-19T05:53:01.292+0000] {dagbag.py:536} INFO - Filling up the DagBag from /opt/airflow/dags/outcomes_dag.py
[2023-11-19T05:53:02.536+0000] {processor.py:839} INFO - DAG(s) dict_keys(['outcomes_dag']) retrieved from /opt/airflow/dags/outcomes_dag.py
[2023-11-19T05:53:03.563+0000] {logging_mixin.py:154} INFO - [2023-11-19T05:53:03.562+0000] {dag.py:2941} INFO - Sync 1 DAGs
[2023-11-19T05:53:03.636+0000] {logging_mixin.py:154} INFO - [2023-11-19T05:53:03.635+0000] {dag.py:3722} INFO - Setting next_dagrun for outcomes_dag to 2023-11-19T00:00:00+00:00, run_after=2023-11-20T00:00:00+00:00
[2023-11-19T05:53:03.715+0000] {processor.py:179} INFO - Processing /opt/airflow/dags/outcomes_dag.py took 2.431 seconds
[2023-11-19T06:24:57.896+0000] {processor.py:157} INFO - Started process (PID=1334) to work on /opt/airflow/dags/outcomes_dag.py
[2023-11-19T06:24:57.898+0000] {processor.py:829} INFO - Processing file /opt/airflow/dags/outcomes_dag.py for tasks to queue
[2023-11-19T06:24:57.901+0000] {logging_mixin.py:154} INFO - [2023-11-19T06:24:57.901+0000] {dagbag.py:536} INFO - Filling up the DagBag from /opt/airflow/dags/outcomes_dag.py
[2023-11-19T06:24:59.244+0000] {processor.py:839} INFO - DAG(s) dict_keys(['outcomes_dag']) retrieved from /opt/airflow/dags/outcomes_dag.py
[2023-11-19T06:24:59.278+0000] {logging_mixin.py:154} INFO - [2023-11-19T06:24:59.278+0000] {dag.py:2941} INFO - Sync 1 DAGs
[2023-11-19T06:24:59.298+0000] {logging_mixin.py:154} INFO - [2023-11-19T06:24:59.298+0000] {dag.py:3722} INFO - Setting next_dagrun for outcomes_dag to 2023-11-19T00:00:00+00:00, run_after=2023-11-20T00:00:00+00:00
[2023-11-19T06:24:59.310+0000] {processor.py:179} INFO - Processing /opt/airflow/dags/outcomes_dag.py took 1.420 seconds
[2023-11-19T07:11:47.142+0000] {processor.py:157} INFO - Started process (PID=1343) to work on /opt/airflow/dags/outcomes_dag.py
[2023-11-19T07:11:47.148+0000] {processor.py:829} INFO - Processing file /opt/airflow/dags/outcomes_dag.py for tasks to queue
[2023-11-19T07:11:47.159+0000] {logging_mixin.py:154} INFO - [2023-11-19T07:11:47.158+0000] {dagbag.py:536} INFO - Filling up the DagBag from /opt/airflow/dags/outcomes_dag.py
[2023-11-19T07:11:48.370+0000] {processor.py:839} INFO - DAG(s) dict_keys(['outcomes_dag']) retrieved from /opt/airflow/dags/outcomes_dag.py
[2023-11-19T07:11:48.404+0000] {logging_mixin.py:154} INFO - [2023-11-19T07:11:48.404+0000] {dag.py:2941} INFO - Sync 1 DAGs
[2023-11-19T07:11:48.426+0000] {logging_mixin.py:154} INFO - [2023-11-19T07:11:48.426+0000] {dag.py:3722} INFO - Setting next_dagrun for outcomes_dag to 2023-11-19T00:00:00+00:00, run_after=2023-11-20T00:00:00+00:00
[2023-11-19T07:11:48.437+0000] {processor.py:179} INFO - Processing /opt/airflow/dags/outcomes_dag.py took 1.312 seconds
[2023-11-19T07:24:45.938+0000] {processor.py:157} INFO - Started process (PID=1352) to work on /opt/airflow/dags/outcomes_dag.py
[2023-11-19T07:24:45.940+0000] {processor.py:829} INFO - Processing file /opt/airflow/dags/outcomes_dag.py for tasks to queue
[2023-11-19T07:24:45.943+0000] {logging_mixin.py:154} INFO - [2023-11-19T07:24:45.942+0000] {dagbag.py:536} INFO - Filling up the DagBag from /opt/airflow/dags/outcomes_dag.py
[2023-11-19T07:24:47.825+0000] {processor.py:839} INFO - DAG(s) dict_keys(['outcomes_dag']) retrieved from /opt/airflow/dags/outcomes_dag.py
[2023-11-19T07:24:47.883+0000] {logging_mixin.py:154} INFO - [2023-11-19T07:24:47.882+0000] {dag.py:2941} INFO - Sync 1 DAGs
[2023-11-19T07:24:47.921+0000] {logging_mixin.py:154} INFO - [2023-11-19T07:24:47.921+0000] {dag.py:3722} INFO - Setting next_dagrun for outcomes_dag to 2023-11-19T00:00:00+00:00, run_after=2023-11-20T00:00:00+00:00
[2023-11-19T07:24:47.933+0000] {processor.py:179} INFO - Processing /opt/airflow/dags/outcomes_dag.py took 1.999 seconds
[2023-11-19T07:26:03.300+0000] {processor.py:157} INFO - Started process (PID=1361) to work on /opt/airflow/dags/outcomes_dag.py
[2023-11-19T07:26:03.301+0000] {processor.py:829} INFO - Processing file /opt/airflow/dags/outcomes_dag.py for tasks to queue
[2023-11-19T07:26:03.306+0000] {logging_mixin.py:154} INFO - [2023-11-19T07:26:03.306+0000] {dagbag.py:536} INFO - Filling up the DagBag from /opt/airflow/dags/outcomes_dag.py
[2023-11-19T07:26:03.936+0000] {processor.py:839} INFO - DAG(s) dict_keys(['outcomes_dag']) retrieved from /opt/airflow/dags/outcomes_dag.py
[2023-11-19T07:26:03.971+0000] {logging_mixin.py:154} INFO - [2023-11-19T07:26:03.970+0000] {dag.py:2941} INFO - Sync 1 DAGs
[2023-11-19T07:26:03.983+0000] {logging_mixin.py:154} INFO - [2023-11-19T07:26:03.983+0000] {dag.py:3722} INFO - Setting next_dagrun for outcomes_dag to 2023-11-19T00:00:00+00:00, run_after=2023-11-20T00:00:00+00:00
[2023-11-19T07:26:03.992+0000] {processor.py:179} INFO - Processing /opt/airflow/dags/outcomes_dag.py took 0.699 seconds
[2023-11-19T07:26:37.870+0000] {processor.py:157} INFO - Started process (PID=1370) to work on /opt/airflow/dags/outcomes_dag.py
[2023-11-19T07:26:37.873+0000] {processor.py:829} INFO - Processing file /opt/airflow/dags/outcomes_dag.py for tasks to queue
[2023-11-19T07:26:37.890+0000] {logging_mixin.py:154} INFO - [2023-11-19T07:26:37.888+0000] {dagbag.py:536} INFO - Filling up the DagBag from /opt/airflow/dags/outcomes_dag.py
[2023-11-19T07:26:38.330+0000] {processor.py:839} INFO - DAG(s) dict_keys(['outcomes_dag']) retrieved from /opt/airflow/dags/outcomes_dag.py
[2023-11-19T07:26:38.359+0000] {logging_mixin.py:154} INFO - [2023-11-19T07:26:38.359+0000] {dag.py:2941} INFO - Sync 1 DAGs
[2023-11-19T07:26:38.371+0000] {logging_mixin.py:154} INFO - [2023-11-19T07:26:38.371+0000] {dag.py:3722} INFO - Setting next_dagrun for outcomes_dag to 2023-11-19T00:00:00+00:00, run_after=2023-11-20T00:00:00+00:00
[2023-11-19T07:26:38.379+0000] {processor.py:179} INFO - Processing /opt/airflow/dags/outcomes_dag.py took 0.517 seconds
[2023-11-19T07:38:06.365+0000] {processor.py:157} INFO - Started process (PID=1379) to work on /opt/airflow/dags/outcomes_dag.py
[2023-11-19T07:38:06.367+0000] {processor.py:829} INFO - Processing file /opt/airflow/dags/outcomes_dag.py for tasks to queue
[2023-11-19T07:38:06.371+0000] {logging_mixin.py:154} INFO - [2023-11-19T07:38:06.370+0000] {dagbag.py:536} INFO - Filling up the DagBag from /opt/airflow/dags/outcomes_dag.py
[2023-11-19T07:38:06.801+0000] {processor.py:839} INFO - DAG(s) dict_keys(['outcomes_dag']) retrieved from /opt/airflow/dags/outcomes_dag.py
[2023-11-19T07:38:06.823+0000] {logging_mixin.py:154} INFO - [2023-11-19T07:38:06.822+0000] {dag.py:2941} INFO - Sync 1 DAGs
[2023-11-19T07:38:06.841+0000] {logging_mixin.py:154} INFO - [2023-11-19T07:38:06.840+0000] {dag.py:3722} INFO - Setting next_dagrun for outcomes_dag to 2023-11-19T00:00:00+00:00, run_after=2023-11-20T00:00:00+00:00
[2023-11-19T07:38:06.852+0000] {processor.py:179} INFO - Processing /opt/airflow/dags/outcomes_dag.py took 0.492 seconds
[2023-11-19T07:56:09.012+0000] {processor.py:157} INFO - Started process (PID=1388) to work on /opt/airflow/dags/outcomes_dag.py
[2023-11-19T07:56:09.018+0000] {processor.py:829} INFO - Processing file /opt/airflow/dags/outcomes_dag.py for tasks to queue
[2023-11-19T07:56:09.054+0000] {logging_mixin.py:154} INFO - [2023-11-19T07:56:09.050+0000] {dagbag.py:536} INFO - Filling up the DagBag from /opt/airflow/dags/outcomes_dag.py
[2023-11-19T07:56:10.330+0000] {processor.py:839} INFO - DAG(s) dict_keys(['outcomes_dag']) retrieved from /opt/airflow/dags/outcomes_dag.py
[2023-11-19T07:56:10.367+0000] {logging_mixin.py:154} INFO - [2023-11-19T07:56:10.367+0000] {dag.py:2941} INFO - Sync 1 DAGs
[2023-11-19T07:56:10.381+0000] {logging_mixin.py:154} INFO - [2023-11-19T07:56:10.381+0000] {dag.py:3722} INFO - Setting next_dagrun for outcomes_dag to 2023-11-19T00:00:00+00:00, run_after=2023-11-20T00:00:00+00:00
[2023-11-19T07:56:10.390+0000] {processor.py:179} INFO - Processing /opt/airflow/dags/outcomes_dag.py took 1.389 seconds
[2023-11-19T08:44:52.279+0000] {processor.py:157} INFO - Started process (PID=1397) to work on /opt/airflow/dags/outcomes_dag.py
[2023-11-19T08:44:52.283+0000] {processor.py:829} INFO - Processing file /opt/airflow/dags/outcomes_dag.py for tasks to queue
[2023-11-19T08:44:52.302+0000] {logging_mixin.py:154} INFO - [2023-11-19T08:44:52.299+0000] {dagbag.py:536} INFO - Filling up the DagBag from /opt/airflow/dags/outcomes_dag.py
[2023-11-19T08:44:53.476+0000] {processor.py:839} INFO - DAG(s) dict_keys(['outcomes_dag']) retrieved from /opt/airflow/dags/outcomes_dag.py
[2023-11-19T08:44:53.522+0000] {logging_mixin.py:154} INFO - [2023-11-19T08:44:53.522+0000] {dag.py:2941} INFO - Sync 1 DAGs
[2023-11-19T08:44:53.536+0000] {logging_mixin.py:154} INFO - [2023-11-19T08:44:53.536+0000] {dag.py:3722} INFO - Setting next_dagrun for outcomes_dag to 2023-11-19T00:00:00+00:00, run_after=2023-11-20T00:00:00+00:00
[2023-11-19T08:44:53.553+0000] {processor.py:179} INFO - Processing /opt/airflow/dags/outcomes_dag.py took 1.281 seconds
[2023-11-19T09:22:47.184+0000] {processor.py:157} INFO - Started process (PID=1406) to work on /opt/airflow/dags/outcomes_dag.py
[2023-11-19T09:22:47.185+0000] {processor.py:829} INFO - Processing file /opt/airflow/dags/outcomes_dag.py for tasks to queue
[2023-11-19T09:22:47.193+0000] {logging_mixin.py:154} INFO - [2023-11-19T09:22:47.191+0000] {dagbag.py:536} INFO - Filling up the DagBag from /opt/airflow/dags/outcomes_dag.py
[2023-11-19T09:22:48.278+0000] {processor.py:839} INFO - DAG(s) dict_keys(['outcomes_dag']) retrieved from /opt/airflow/dags/outcomes_dag.py
[2023-11-19T09:22:48.321+0000] {logging_mixin.py:154} INFO - [2023-11-19T09:22:48.320+0000] {dag.py:2941} INFO - Sync 1 DAGs
[2023-11-19T09:22:48.341+0000] {logging_mixin.py:154} INFO - [2023-11-19T09:22:48.341+0000] {dag.py:3722} INFO - Setting next_dagrun for outcomes_dag to 2023-11-19T00:00:00+00:00, run_after=2023-11-20T00:00:00+00:00
[2023-11-19T09:22:48.349+0000] {processor.py:179} INFO - Processing /opt/airflow/dags/outcomes_dag.py took 1.169 seconds
[2023-11-19T10:16:19.267+0000] {processor.py:157} INFO - Started process (PID=1415) to work on /opt/airflow/dags/outcomes_dag.py
[2023-11-19T10:16:19.268+0000] {processor.py:829} INFO - Processing file /opt/airflow/dags/outcomes_dag.py for tasks to queue
[2023-11-19T10:16:19.273+0000] {logging_mixin.py:154} INFO - [2023-11-19T10:16:19.271+0000] {dagbag.py:536} INFO - Filling up the DagBag from /opt/airflow/dags/outcomes_dag.py
[2023-11-19T10:16:19.709+0000] {processor.py:839} INFO - DAG(s) dict_keys(['outcomes_dag']) retrieved from /opt/airflow/dags/outcomes_dag.py
[2023-11-19T10:16:19.731+0000] {logging_mixin.py:154} INFO - [2023-11-19T10:16:19.731+0000] {dag.py:2941} INFO - Sync 1 DAGs
[2023-11-19T10:16:19.745+0000] {logging_mixin.py:154} INFO - [2023-11-19T10:16:19.745+0000] {dag.py:3722} INFO - Setting next_dagrun for outcomes_dag to 2023-11-19T00:00:00+00:00, run_after=2023-11-20T00:00:00+00:00
[2023-11-19T10:16:19.754+0000] {processor.py:179} INFO - Processing /opt/airflow/dags/outcomes_dag.py took 0.491 seconds
[2023-11-19T10:29:03.357+0000] {processor.py:157} INFO - Started process (PID=1424) to work on /opt/airflow/dags/outcomes_dag.py
[2023-11-19T10:29:03.358+0000] {processor.py:829} INFO - Processing file /opt/airflow/dags/outcomes_dag.py for tasks to queue
[2023-11-19T10:29:03.362+0000] {logging_mixin.py:154} INFO - [2023-11-19T10:29:03.361+0000] {dagbag.py:536} INFO - Filling up the DagBag from /opt/airflow/dags/outcomes_dag.py
[2023-11-19T10:29:03.873+0000] {processor.py:839} INFO - DAG(s) dict_keys(['outcomes_dag']) retrieved from /opt/airflow/dags/outcomes_dag.py
[2023-11-19T10:29:03.903+0000] {logging_mixin.py:154} INFO - [2023-11-19T10:29:03.903+0000] {dag.py:2941} INFO - Sync 1 DAGs
[2023-11-19T10:29:03.917+0000] {logging_mixin.py:154} INFO - [2023-11-19T10:29:03.916+0000] {dag.py:3722} INFO - Setting next_dagrun for outcomes_dag to 2023-11-19T00:00:00+00:00, run_after=2023-11-20T00:00:00+00:00
[2023-11-19T10:29:03.936+0000] {processor.py:179} INFO - Processing /opt/airflow/dags/outcomes_dag.py took 0.583 seconds
[2023-11-19T11:04:00.502+0000] {processor.py:157} INFO - Started process (PID=1433) to work on /opt/airflow/dags/outcomes_dag.py
[2023-11-19T11:04:00.504+0000] {processor.py:829} INFO - Processing file /opt/airflow/dags/outcomes_dag.py for tasks to queue
[2023-11-19T11:04:00.514+0000] {logging_mixin.py:154} INFO - [2023-11-19T11:04:00.513+0000] {dagbag.py:536} INFO - Filling up the DagBag from /opt/airflow/dags/outcomes_dag.py
[2023-11-19T11:04:01.530+0000] {processor.py:839} INFO - DAG(s) dict_keys(['outcomes_dag']) retrieved from /opt/airflow/dags/outcomes_dag.py
[2023-11-19T11:04:01.557+0000] {logging_mixin.py:154} INFO - [2023-11-19T11:04:01.557+0000] {dag.py:2941} INFO - Sync 1 DAGs
[2023-11-19T11:04:01.570+0000] {logging_mixin.py:154} INFO - [2023-11-19T11:04:01.570+0000] {dag.py:3722} INFO - Setting next_dagrun for outcomes_dag to 2023-11-19T00:00:00+00:00, run_after=2023-11-20T00:00:00+00:00
[2023-11-19T11:04:01.579+0000] {processor.py:179} INFO - Processing /opt/airflow/dags/outcomes_dag.py took 1.084 seconds
[2023-11-19T12:25:58.145+0000] {processor.py:157} INFO - Started process (PID=1442) to work on /opt/airflow/dags/outcomes_dag.py
[2023-11-19T12:25:58.151+0000] {processor.py:829} INFO - Processing file /opt/airflow/dags/outcomes_dag.py for tasks to queue
[2023-11-19T12:25:58.165+0000] {logging_mixin.py:154} INFO - [2023-11-19T12:25:58.165+0000] {dagbag.py:536} INFO - Filling up the DagBag from /opt/airflow/dags/outcomes_dag.py
[2023-11-19T12:25:59.906+0000] {processor.py:839} INFO - DAG(s) dict_keys(['outcomes_dag']) retrieved from /opt/airflow/dags/outcomes_dag.py
[2023-11-19T12:25:59.941+0000] {logging_mixin.py:154} INFO - [2023-11-19T12:25:59.941+0000] {dag.py:2941} INFO - Sync 1 DAGs
[2023-11-19T12:25:59.955+0000] {logging_mixin.py:154} INFO - [2023-11-19T12:25:59.955+0000] {dag.py:3722} INFO - Setting next_dagrun for outcomes_dag to 2023-11-19T00:00:00+00:00, run_after=2023-11-20T00:00:00+00:00
[2023-11-19T12:25:59.964+0000] {processor.py:179} INFO - Processing /opt/airflow/dags/outcomes_dag.py took 1.846 seconds
[2023-11-19T13:26:52.961+0000] {processor.py:157} INFO - Started process (PID=1451) to work on /opt/airflow/dags/outcomes_dag.py
[2023-11-19T13:26:52.962+0000] {processor.py:829} INFO - Processing file /opt/airflow/dags/outcomes_dag.py for tasks to queue
[2023-11-19T13:26:52.968+0000] {logging_mixin.py:154} INFO - [2023-11-19T13:26:52.967+0000] {dagbag.py:536} INFO - Filling up the DagBag from /opt/airflow/dags/outcomes_dag.py
[2023-11-19T13:26:53.566+0000] {processor.py:839} INFO - DAG(s) dict_keys(['outcomes_dag']) retrieved from /opt/airflow/dags/outcomes_dag.py
[2023-11-19T13:26:53.592+0000] {logging_mixin.py:154} INFO - [2023-11-19T13:26:53.591+0000] {dag.py:2941} INFO - Sync 1 DAGs
[2023-11-19T13:26:53.605+0000] {logging_mixin.py:154} INFO - [2023-11-19T13:26:53.605+0000] {dag.py:3722} INFO - Setting next_dagrun for outcomes_dag to 2023-11-19T00:00:00+00:00, run_after=2023-11-20T00:00:00+00:00
[2023-11-19T13:26:53.613+0000] {processor.py:179} INFO - Processing /opt/airflow/dags/outcomes_dag.py took 0.671 seconds
[2023-11-19T14:20:02.934+0000] {processor.py:157} INFO - Started process (PID=1460) to work on /opt/airflow/dags/outcomes_dag.py
[2023-11-19T14:20:02.941+0000] {processor.py:829} INFO - Processing file /opt/airflow/dags/outcomes_dag.py for tasks to queue
[2023-11-19T14:20:02.953+0000] {logging_mixin.py:154} INFO - [2023-11-19T14:20:02.951+0000] {dagbag.py:536} INFO - Filling up the DagBag from /opt/airflow/dags/outcomes_dag.py
[2023-11-19T14:20:04.290+0000] {processor.py:839} INFO - DAG(s) dict_keys(['outcomes_dag']) retrieved from /opt/airflow/dags/outcomes_dag.py
[2023-11-19T14:20:04.323+0000] {logging_mixin.py:154} INFO - [2023-11-19T14:20:04.322+0000] {dag.py:2941} INFO - Sync 1 DAGs
[2023-11-19T14:20:04.336+0000] {logging_mixin.py:154} INFO - [2023-11-19T14:20:04.336+0000] {dag.py:3722} INFO - Setting next_dagrun for outcomes_dag to 2023-11-19T00:00:00+00:00, run_after=2023-11-20T00:00:00+00:00
[2023-11-19T14:20:04.345+0000] {processor.py:179} INFO - Processing /opt/airflow/dags/outcomes_dag.py took 1.428 seconds
[2023-11-19T15:27:31.955+0000] {processor.py:157} INFO - Started process (PID=1469) to work on /opt/airflow/dags/outcomes_dag.py
[2023-11-19T15:27:31.959+0000] {processor.py:829} INFO - Processing file /opt/airflow/dags/outcomes_dag.py for tasks to queue
[2023-11-19T15:27:31.982+0000] {logging_mixin.py:154} INFO - [2023-11-19T15:27:31.982+0000] {dagbag.py:536} INFO - Filling up the DagBag from /opt/airflow/dags/outcomes_dag.py
[2023-11-19T15:27:33.033+0000] {processor.py:839} INFO - DAG(s) dict_keys(['outcomes_dag']) retrieved from /opt/airflow/dags/outcomes_dag.py
[2023-11-19T15:27:33.078+0000] {logging_mixin.py:154} INFO - [2023-11-19T15:27:33.078+0000] {dag.py:2941} INFO - Sync 1 DAGs
[2023-11-19T15:27:33.091+0000] {logging_mixin.py:154} INFO - [2023-11-19T15:27:33.090+0000] {dag.py:3722} INFO - Setting next_dagrun for outcomes_dag to 2023-11-19T00:00:00+00:00, run_after=2023-11-20T00:00:00+00:00
[2023-11-19T15:27:33.113+0000] {processor.py:179} INFO - Processing /opt/airflow/dags/outcomes_dag.py took 1.163 seconds
[2023-11-19T15:44:47.117+0000] {processor.py:157} INFO - Started process (PID=1478) to work on /opt/airflow/dags/outcomes_dag.py
[2023-11-19T15:44:47.119+0000] {processor.py:829} INFO - Processing file /opt/airflow/dags/outcomes_dag.py for tasks to queue
[2023-11-19T15:44:47.127+0000] {logging_mixin.py:154} INFO - [2023-11-19T15:44:47.126+0000] {dagbag.py:536} INFO - Filling up the DagBag from /opt/airflow/dags/outcomes_dag.py
[2023-11-19T15:44:48.214+0000] {processor.py:839} INFO - DAG(s) dict_keys(['outcomes_dag']) retrieved from /opt/airflow/dags/outcomes_dag.py
[2023-11-19T15:44:48.234+0000] {logging_mixin.py:154} INFO - [2023-11-19T15:44:48.234+0000] {dag.py:2941} INFO - Sync 1 DAGs
[2023-11-19T15:44:48.245+0000] {logging_mixin.py:154} INFO - [2023-11-19T15:44:48.245+0000] {dag.py:3722} INFO - Setting next_dagrun for outcomes_dag to 2023-11-19T00:00:00+00:00, run_after=2023-11-20T00:00:00+00:00
[2023-11-19T15:44:48.259+0000] {processor.py:179} INFO - Processing /opt/airflow/dags/outcomes_dag.py took 1.146 seconds
[2023-11-19T15:56:17.616+0000] {processor.py:157} INFO - Started process (PID=1487) to work on /opt/airflow/dags/outcomes_dag.py
[2023-11-19T15:56:17.618+0000] {processor.py:829} INFO - Processing file /opt/airflow/dags/outcomes_dag.py for tasks to queue
[2023-11-19T15:56:17.622+0000] {logging_mixin.py:154} INFO - [2023-11-19T15:56:17.622+0000] {dagbag.py:536} INFO - Filling up the DagBag from /opt/airflow/dags/outcomes_dag.py
[2023-11-19T15:56:19.017+0000] {processor.py:839} INFO - DAG(s) dict_keys(['outcomes_dag']) retrieved from /opt/airflow/dags/outcomes_dag.py
[2023-11-19T15:56:19.068+0000] {logging_mixin.py:154} INFO - [2023-11-19T15:56:19.068+0000] {dag.py:2941} INFO - Sync 1 DAGs
[2023-11-19T15:56:19.103+0000] {logging_mixin.py:154} INFO - [2023-11-19T15:56:19.103+0000] {dag.py:3722} INFO - Setting next_dagrun for outcomes_dag to 2023-11-19T00:00:00+00:00, run_after=2023-11-20T00:00:00+00:00
[2023-11-19T15:56:19.113+0000] {processor.py:179} INFO - Processing /opt/airflow/dags/outcomes_dag.py took 1.501 seconds
[2023-11-19T16:09:11.815+0000] {processor.py:157} INFO - Started process (PID=1496) to work on /opt/airflow/dags/outcomes_dag.py
[2023-11-19T16:09:11.816+0000] {processor.py:829} INFO - Processing file /opt/airflow/dags/outcomes_dag.py for tasks to queue
[2023-11-19T16:09:11.820+0000] {logging_mixin.py:154} INFO - [2023-11-19T16:09:11.820+0000] {dagbag.py:536} INFO - Filling up the DagBag from /opt/airflow/dags/outcomes_dag.py
[2023-11-19T16:09:12.395+0000] {processor.py:839} INFO - DAG(s) dict_keys(['outcomes_dag']) retrieved from /opt/airflow/dags/outcomes_dag.py
[2023-11-19T16:09:12.429+0000] {logging_mixin.py:154} INFO - [2023-11-19T16:09:12.429+0000] {dag.py:2941} INFO - Sync 1 DAGs
[2023-11-19T16:09:12.448+0000] {logging_mixin.py:154} INFO - [2023-11-19T16:09:12.448+0000] {dag.py:3722} INFO - Setting next_dagrun for outcomes_dag to 2023-11-19T00:00:00+00:00, run_after=2023-11-20T00:00:00+00:00
[2023-11-19T16:09:12.458+0000] {processor.py:179} INFO - Processing /opt/airflow/dags/outcomes_dag.py took 0.647 seconds
[2023-11-19T16:11:36.077+0000] {processor.py:157} INFO - Started process (PID=1505) to work on /opt/airflow/dags/outcomes_dag.py
[2023-11-19T16:11:36.079+0000] {processor.py:829} INFO - Processing file /opt/airflow/dags/outcomes_dag.py for tasks to queue
[2023-11-19T16:11:36.082+0000] {logging_mixin.py:154} INFO - [2023-11-19T16:11:36.082+0000] {dagbag.py:536} INFO - Filling up the DagBag from /opt/airflow/dags/outcomes_dag.py
[2023-11-19T16:11:36.632+0000] {processor.py:839} INFO - DAG(s) dict_keys(['outcomes_dag']) retrieved from /opt/airflow/dags/outcomes_dag.py
[2023-11-19T16:11:36.657+0000] {logging_mixin.py:154} INFO - [2023-11-19T16:11:36.657+0000] {dag.py:2941} INFO - Sync 1 DAGs
[2023-11-19T16:11:36.669+0000] {logging_mixin.py:154} INFO - [2023-11-19T16:11:36.669+0000] {dag.py:3722} INFO - Setting next_dagrun for outcomes_dag to 2023-11-19T00:00:00+00:00, run_after=2023-11-20T00:00:00+00:00
[2023-11-19T16:11:36.677+0000] {processor.py:179} INFO - Processing /opt/airflow/dags/outcomes_dag.py took 0.616 seconds
[2023-11-19T16:23:24.598+0000] {processor.py:157} INFO - Started process (PID=1513) to work on /opt/airflow/dags/outcomes_dag.py
[2023-11-19T16:23:24.600+0000] {processor.py:829} INFO - Processing file /opt/airflow/dags/outcomes_dag.py for tasks to queue
[2023-11-19T16:23:24.612+0000] {logging_mixin.py:154} INFO - [2023-11-19T16:23:24.611+0000] {dagbag.py:536} INFO - Filling up the DagBag from /opt/airflow/dags/outcomes_dag.py
[2023-11-19T16:23:25.067+0000] {processor.py:839} INFO - DAG(s) dict_keys(['outcomes_dag']) retrieved from /opt/airflow/dags/outcomes_dag.py
[2023-11-19T16:23:25.096+0000] {logging_mixin.py:154} INFO - [2023-11-19T16:23:25.095+0000] {dag.py:2941} INFO - Sync 1 DAGs
[2023-11-19T16:23:25.109+0000] {logging_mixin.py:154} INFO - [2023-11-19T16:23:25.108+0000] {dag.py:3722} INFO - Setting next_dagrun for outcomes_dag to 2023-11-19T00:00:00+00:00, run_after=2023-11-20T00:00:00+00:00
[2023-11-19T16:23:25.116+0000] {processor.py:179} INFO - Processing /opt/airflow/dags/outcomes_dag.py took 0.524 seconds
[2023-11-19T16:26:17.662+0000] {processor.py:157} INFO - Started process (PID=1515) to work on /opt/airflow/dags/outcomes_dag.py
[2023-11-19T16:26:17.665+0000] {processor.py:829} INFO - Processing file /opt/airflow/dags/outcomes_dag.py for tasks to queue
[2023-11-19T16:26:17.688+0000] {logging_mixin.py:154} INFO - [2023-11-19T16:26:17.684+0000] {dagbag.py:536} INFO - Filling up the DagBag from /opt/airflow/dags/outcomes_dag.py
[2023-11-19T16:26:18.857+0000] {processor.py:839} INFO - DAG(s) dict_keys(['outcomes_dag']) retrieved from /opt/airflow/dags/outcomes_dag.py
[2023-11-19T16:26:18.871+0000] {logging_mixin.py:154} INFO - [2023-11-19T16:26:18.871+0000] {dag.py:2941} INFO - Sync 1 DAGs
[2023-11-19T16:26:18.882+0000] {logging_mixin.py:154} INFO - [2023-11-19T16:26:18.882+0000] {dag.py:3722} INFO - Setting next_dagrun for outcomes_dag to 2023-11-19T00:00:00+00:00, run_after=2023-11-20T00:00:00+00:00
[2023-11-19T16:26:18.890+0000] {processor.py:179} INFO - Processing /opt/airflow/dags/outcomes_dag.py took 1.234 seconds
[2023-11-19T17:08:03.939+0000] {processor.py:157} INFO - Started process (PID=1531) to work on /opt/airflow/dags/outcomes_dag.py
[2023-11-19T17:08:03.942+0000] {processor.py:829} INFO - Processing file /opt/airflow/dags/outcomes_dag.py for tasks to queue
[2023-11-19T17:08:03.959+0000] {logging_mixin.py:154} INFO - [2023-11-19T17:08:03.958+0000] {dagbag.py:536} INFO - Filling up the DagBag from /opt/airflow/dags/outcomes_dag.py
[2023-11-19T17:08:05.114+0000] {processor.py:839} INFO - DAG(s) dict_keys(['outcomes_dag']) retrieved from /opt/airflow/dags/outcomes_dag.py
[2023-11-19T17:08:05.130+0000] {logging_mixin.py:154} INFO - [2023-11-19T17:08:05.130+0000] {dag.py:2941} INFO - Sync 1 DAGs
[2023-11-19T17:08:05.144+0000] {logging_mixin.py:154} INFO - [2023-11-19T17:08:05.144+0000] {dag.py:3722} INFO - Setting next_dagrun for outcomes_dag to 2023-11-19T00:00:00+00:00, run_after=2023-11-20T00:00:00+00:00
[2023-11-19T17:08:05.152+0000] {processor.py:179} INFO - Processing /opt/airflow/dags/outcomes_dag.py took 1.233 seconds
[2023-11-19T17:45:35.902+0000] {processor.py:157} INFO - Started process (PID=1533) to work on /opt/airflow/dags/outcomes_dag.py
[2023-11-19T17:45:35.904+0000] {processor.py:829} INFO - Processing file /opt/airflow/dags/outcomes_dag.py for tasks to queue
[2023-11-19T17:45:35.909+0000] {logging_mixin.py:154} INFO - [2023-11-19T17:45:35.908+0000] {dagbag.py:536} INFO - Filling up the DagBag from /opt/airflow/dags/outcomes_dag.py
[2023-11-19T17:45:37.115+0000] {processor.py:839} INFO - DAG(s) dict_keys(['outcomes_dag']) retrieved from /opt/airflow/dags/outcomes_dag.py
[2023-11-19T17:45:37.212+0000] {logging_mixin.py:154} INFO - [2023-11-19T17:45:37.211+0000] {dag.py:2941} INFO - Sync 1 DAGs
[2023-11-19T17:45:37.271+0000] {logging_mixin.py:154} INFO - [2023-11-19T17:45:37.271+0000] {dag.py:3722} INFO - Setting next_dagrun for outcomes_dag to 2023-11-19T00:00:00+00:00, run_after=2023-11-20T00:00:00+00:00
[2023-11-19T17:45:37.300+0000] {processor.py:179} INFO - Processing /opt/airflow/dags/outcomes_dag.py took 1.403 seconds
[2023-11-19T18:20:47.232+0000] {processor.py:157} INFO - Started process (PID=1542) to work on /opt/airflow/dags/outcomes_dag.py
[2023-11-19T18:20:47.237+0000] {processor.py:829} INFO - Processing file /opt/airflow/dags/outcomes_dag.py for tasks to queue
[2023-11-19T18:20:47.258+0000] {logging_mixin.py:154} INFO - [2023-11-19T18:20:47.257+0000] {dagbag.py:536} INFO - Filling up the DagBag from /opt/airflow/dags/outcomes_dag.py
[2023-11-19T18:20:48.401+0000] {processor.py:839} INFO - DAG(s) dict_keys(['outcomes_dag']) retrieved from /opt/airflow/dags/outcomes_dag.py
[2023-11-19T18:20:48.442+0000] {logging_mixin.py:154} INFO - [2023-11-19T18:20:48.441+0000] {dag.py:2941} INFO - Sync 1 DAGs
[2023-11-19T18:20:48.459+0000] {logging_mixin.py:154} INFO - [2023-11-19T18:20:48.459+0000] {dag.py:3722} INFO - Setting next_dagrun for outcomes_dag to 2023-11-19T00:00:00+00:00, run_after=2023-11-20T00:00:00+00:00
[2023-11-19T18:20:48.497+0000] {processor.py:179} INFO - Processing /opt/airflow/dags/outcomes_dag.py took 1.284 seconds
[2023-11-19T18:26:58.000+0000] {processor.py:157} INFO - Started process (PID=1551) to work on /opt/airflow/dags/outcomes_dag.py
[2023-11-19T18:26:58.002+0000] {processor.py:829} INFO - Processing file /opt/airflow/dags/outcomes_dag.py for tasks to queue
[2023-11-19T18:26:58.008+0000] {logging_mixin.py:154} INFO - [2023-11-19T18:26:58.007+0000] {dagbag.py:536} INFO - Filling up the DagBag from /opt/airflow/dags/outcomes_dag.py
[2023-11-19T18:26:58.491+0000] {processor.py:839} INFO - DAG(s) dict_keys(['outcomes_dag']) retrieved from /opt/airflow/dags/outcomes_dag.py
[2023-11-19T18:26:58.510+0000] {logging_mixin.py:154} INFO - [2023-11-19T18:26:58.510+0000] {dag.py:2941} INFO - Sync 1 DAGs
[2023-11-19T18:26:58.521+0000] {logging_mixin.py:154} INFO - [2023-11-19T18:26:58.521+0000] {dag.py:3722} INFO - Setting next_dagrun for outcomes_dag to 2023-11-19T00:00:00+00:00, run_after=2023-11-20T00:00:00+00:00
[2023-11-19T18:26:58.529+0000] {processor.py:179} INFO - Processing /opt/airflow/dags/outcomes_dag.py took 0.563 seconds
[2023-11-19T18:47:32.029+0000] {processor.py:157} INFO - Started process (PID=1560) to work on /opt/airflow/dags/outcomes_dag.py
[2023-11-19T18:47:32.034+0000] {processor.py:829} INFO - Processing file /opt/airflow/dags/outcomes_dag.py for tasks to queue
[2023-11-19T18:47:32.042+0000] {logging_mixin.py:154} INFO - [2023-11-19T18:47:32.041+0000] {dagbag.py:536} INFO - Filling up the DagBag from /opt/airflow/dags/outcomes_dag.py
[2023-11-19T18:47:33.376+0000] {processor.py:839} INFO - DAG(s) dict_keys(['outcomes_dag']) retrieved from /opt/airflow/dags/outcomes_dag.py
[2023-11-19T18:47:33.422+0000] {logging_mixin.py:154} INFO - [2023-11-19T18:47:33.421+0000] {dag.py:2941} INFO - Sync 1 DAGs
[2023-11-19T18:47:33.471+0000] {logging_mixin.py:154} INFO - [2023-11-19T18:47:33.470+0000] {dag.py:3722} INFO - Setting next_dagrun for outcomes_dag to 2023-11-19T00:00:00+00:00, run_after=2023-11-20T00:00:00+00:00
[2023-11-19T18:47:33.484+0000] {processor.py:179} INFO - Processing /opt/airflow/dags/outcomes_dag.py took 1.473 seconds
[2023-11-19T19:01:46.522+0000] {processor.py:157} INFO - Started process (PID=1569) to work on /opt/airflow/dags/outcomes_dag.py
[2023-11-19T19:01:46.525+0000] {processor.py:829} INFO - Processing file /opt/airflow/dags/outcomes_dag.py for tasks to queue
[2023-11-19T19:01:46.538+0000] {logging_mixin.py:154} INFO - [2023-11-19T19:01:46.536+0000] {dagbag.py:536} INFO - Filling up the DagBag from /opt/airflow/dags/outcomes_dag.py
[2023-11-19T19:01:47.800+0000] {processor.py:839} INFO - DAG(s) dict_keys(['outcomes_dag']) retrieved from /opt/airflow/dags/outcomes_dag.py
[2023-11-19T19:01:47.840+0000] {logging_mixin.py:154} INFO - [2023-11-19T19:01:47.839+0000] {dag.py:2941} INFO - Sync 1 DAGs
[2023-11-19T19:01:47.861+0000] {logging_mixin.py:154} INFO - [2023-11-19T19:01:47.861+0000] {dag.py:3722} INFO - Setting next_dagrun for outcomes_dag to 2023-11-19T00:00:00+00:00, run_after=2023-11-20T00:00:00+00:00
[2023-11-19T19:01:47.875+0000] {processor.py:179} INFO - Processing /opt/airflow/dags/outcomes_dag.py took 1.359 seconds
[2023-11-19T19:15:36.330+0000] {processor.py:157} INFO - Started process (PID=1578) to work on /opt/airflow/dags/outcomes_dag.py
[2023-11-19T19:15:36.333+0000] {processor.py:829} INFO - Processing file /opt/airflow/dags/outcomes_dag.py for tasks to queue
[2023-11-19T19:15:36.338+0000] {logging_mixin.py:154} INFO - [2023-11-19T19:15:36.337+0000] {dagbag.py:536} INFO - Filling up the DagBag from /opt/airflow/dags/outcomes_dag.py
[2023-11-19T19:15:37.556+0000] {processor.py:839} INFO - DAG(s) dict_keys(['outcomes_dag']) retrieved from /opt/airflow/dags/outcomes_dag.py
[2023-11-19T19:15:37.579+0000] {logging_mixin.py:154} INFO - [2023-11-19T19:15:37.579+0000] {dag.py:2941} INFO - Sync 1 DAGs
[2023-11-19T19:15:37.604+0000] {logging_mixin.py:154} INFO - [2023-11-19T19:15:37.603+0000] {dag.py:3722} INFO - Setting next_dagrun for outcomes_dag to 2023-11-19T00:00:00+00:00, run_after=2023-11-20T00:00:00+00:00
[2023-11-19T19:15:37.615+0000] {processor.py:179} INFO - Processing /opt/airflow/dags/outcomes_dag.py took 1.293 seconds
[2023-11-19T19:54:02.892+0000] {processor.py:157} INFO - Started process (PID=1587) to work on /opt/airflow/dags/outcomes_dag.py
[2023-11-19T19:54:02.895+0000] {processor.py:829} INFO - Processing file /opt/airflow/dags/outcomes_dag.py for tasks to queue
[2023-11-19T19:54:02.900+0000] {logging_mixin.py:154} INFO - [2023-11-19T19:54:02.900+0000] {dagbag.py:536} INFO - Filling up the DagBag from /opt/airflow/dags/outcomes_dag.py
[2023-11-19T19:54:03.959+0000] {processor.py:839} INFO - DAG(s) dict_keys(['outcomes_dag']) retrieved from /opt/airflow/dags/outcomes_dag.py
[2023-11-19T19:54:03.981+0000] {logging_mixin.py:154} INFO - [2023-11-19T19:54:03.981+0000] {dag.py:2941} INFO - Sync 1 DAGs
[2023-11-19T19:54:03.995+0000] {logging_mixin.py:154} INFO - [2023-11-19T19:54:03.994+0000] {dag.py:3722} INFO - Setting next_dagrun for outcomes_dag to 2023-11-19T00:00:00+00:00, run_after=2023-11-20T00:00:00+00:00
[2023-11-19T19:54:04.009+0000] {processor.py:179} INFO - Processing /opt/airflow/dags/outcomes_dag.py took 1.121 seconds
[2023-11-19T20:20:01.453+0000] {processor.py:157} INFO - Started process (PID=1596) to work on /opt/airflow/dags/outcomes_dag.py
[2023-11-19T20:20:01.457+0000] {processor.py:829} INFO - Processing file /opt/airflow/dags/outcomes_dag.py for tasks to queue
[2023-11-19T20:20:01.466+0000] {logging_mixin.py:154} INFO - [2023-11-19T20:20:01.465+0000] {dagbag.py:536} INFO - Filling up the DagBag from /opt/airflow/dags/outcomes_dag.py
[2023-11-19T20:20:02.598+0000] {processor.py:839} INFO - DAG(s) dict_keys(['outcomes_dag']) retrieved from /opt/airflow/dags/outcomes_dag.py
[2023-11-19T20:20:02.630+0000] {logging_mixin.py:154} INFO - [2023-11-19T20:20:02.629+0000] {dag.py:2941} INFO - Sync 1 DAGs
[2023-11-19T20:20:02.654+0000] {logging_mixin.py:154} INFO - [2023-11-19T20:20:02.653+0000] {dag.py:3722} INFO - Setting next_dagrun for outcomes_dag to 2023-11-19T00:00:00+00:00, run_after=2023-11-20T00:00:00+00:00
[2023-11-19T20:20:02.667+0000] {processor.py:179} INFO - Processing /opt/airflow/dags/outcomes_dag.py took 1.235 seconds
[2023-11-19T20:32:05.062+0000] {processor.py:157} INFO - Started process (PID=1605) to work on /opt/airflow/dags/outcomes_dag.py
[2023-11-19T20:32:05.065+0000] {processor.py:829} INFO - Processing file /opt/airflow/dags/outcomes_dag.py for tasks to queue
[2023-11-19T20:32:05.074+0000] {logging_mixin.py:154} INFO - [2023-11-19T20:32:05.073+0000] {dagbag.py:536} INFO - Filling up the DagBag from /opt/airflow/dags/outcomes_dag.py
[2023-11-19T20:32:06.136+0000] {processor.py:839} INFO - DAG(s) dict_keys(['outcomes_dag']) retrieved from /opt/airflow/dags/outcomes_dag.py
[2023-11-19T20:32:06.157+0000] {logging_mixin.py:154} INFO - [2023-11-19T20:32:06.157+0000] {dag.py:2941} INFO - Sync 1 DAGs
[2023-11-19T20:32:06.168+0000] {logging_mixin.py:154} INFO - [2023-11-19T20:32:06.167+0000] {dag.py:3722} INFO - Setting next_dagrun for outcomes_dag to 2023-11-19T00:00:00+00:00, run_after=2023-11-20T00:00:00+00:00
[2023-11-19T20:32:06.176+0000] {processor.py:179} INFO - Processing /opt/airflow/dags/outcomes_dag.py took 1.124 seconds
[2023-11-19T20:39:11.193+0000] {processor.py:157} INFO - Started process (PID=1614) to work on /opt/airflow/dags/outcomes_dag.py
[2023-11-19T20:39:11.196+0000] {processor.py:829} INFO - Processing file /opt/airflow/dags/outcomes_dag.py for tasks to queue
[2023-11-19T20:39:11.204+0000] {logging_mixin.py:154} INFO - [2023-11-19T20:39:11.203+0000] {dagbag.py:536} INFO - Filling up the DagBag from /opt/airflow/dags/outcomes_dag.py
[2023-11-19T20:39:13.147+0000] {processor.py:839} INFO - DAG(s) dict_keys(['outcomes_dag']) retrieved from /opt/airflow/dags/outcomes_dag.py
[2023-11-19T20:39:13.167+0000] {logging_mixin.py:154} INFO - [2023-11-19T20:39:13.167+0000] {dag.py:2941} INFO - Sync 1 DAGs
[2023-11-19T20:39:13.179+0000] {logging_mixin.py:154} INFO - [2023-11-19T20:39:13.179+0000] {dag.py:3722} INFO - Setting next_dagrun for outcomes_dag to 2023-11-19T00:00:00+00:00, run_after=2023-11-20T00:00:00+00:00
[2023-11-19T20:39:13.187+0000] {processor.py:179} INFO - Processing /opt/airflow/dags/outcomes_dag.py took 2.011 seconds
[2023-11-19T20:51:11.831+0000] {processor.py:157} INFO - Started process (PID=1622) to work on /opt/airflow/dags/outcomes_dag.py
[2023-11-19T20:51:11.834+0000] {processor.py:829} INFO - Processing file /opt/airflow/dags/outcomes_dag.py for tasks to queue
[2023-11-19T20:51:11.841+0000] {logging_mixin.py:154} INFO - [2023-11-19T20:51:11.840+0000] {dagbag.py:536} INFO - Filling up the DagBag from /opt/airflow/dags/outcomes_dag.py
[2023-11-19T20:51:12.391+0000] {processor.py:839} INFO - DAG(s) dict_keys(['outcomes_dag']) retrieved from /opt/airflow/dags/outcomes_dag.py
[2023-11-19T20:51:12.410+0000] {logging_mixin.py:154} INFO - [2023-11-19T20:51:12.410+0000] {dag.py:2941} INFO - Sync 1 DAGs
[2023-11-19T20:51:12.421+0000] {logging_mixin.py:154} INFO - [2023-11-19T20:51:12.421+0000] {dag.py:3722} INFO - Setting next_dagrun for outcomes_dag to 2023-11-19T00:00:00+00:00, run_after=2023-11-20T00:00:00+00:00
[2023-11-19T20:51:12.429+0000] {processor.py:179} INFO - Processing /opt/airflow/dags/outcomes_dag.py took 0.607 seconds
[2023-11-19T21:17:50.054+0000] {processor.py:157} INFO - Started process (PID=1631) to work on /opt/airflow/dags/outcomes_dag.py
[2023-11-19T21:17:50.057+0000] {processor.py:829} INFO - Processing file /opt/airflow/dags/outcomes_dag.py for tasks to queue
[2023-11-19T21:17:50.061+0000] {logging_mixin.py:154} INFO - [2023-11-19T21:17:50.060+0000] {dagbag.py:536} INFO - Filling up the DagBag from /opt/airflow/dags/outcomes_dag.py
[2023-11-19T21:17:50.548+0000] {processor.py:839} INFO - DAG(s) dict_keys(['outcomes_dag']) retrieved from /opt/airflow/dags/outcomes_dag.py
[2023-11-19T21:17:50.566+0000] {logging_mixin.py:154} INFO - [2023-11-19T21:17:50.566+0000] {dag.py:2941} INFO - Sync 1 DAGs
[2023-11-19T21:17:50.577+0000] {logging_mixin.py:154} INFO - [2023-11-19T21:17:50.576+0000] {dag.py:3722} INFO - Setting next_dagrun for outcomes_dag to 2023-11-19T00:00:00+00:00, run_after=2023-11-20T00:00:00+00:00
[2023-11-19T21:17:50.585+0000] {processor.py:179} INFO - Processing /opt/airflow/dags/outcomes_dag.py took 0.553 seconds
[2023-11-19T21:24:34.758+0000] {processor.py:157} INFO - Started process (PID=1640) to work on /opt/airflow/dags/outcomes_dag.py
[2023-11-19T21:24:34.760+0000] {processor.py:829} INFO - Processing file /opt/airflow/dags/outcomes_dag.py for tasks to queue
[2023-11-19T21:24:34.764+0000] {logging_mixin.py:154} INFO - [2023-11-19T21:24:34.763+0000] {dagbag.py:536} INFO - Filling up the DagBag from /opt/airflow/dags/outcomes_dag.py
[2023-11-19T21:24:36.097+0000] {processor.py:839} INFO - DAG(s) dict_keys(['outcomes_dag']) retrieved from /opt/airflow/dags/outcomes_dag.py
[2023-11-19T21:24:36.120+0000] {logging_mixin.py:154} INFO - [2023-11-19T21:24:36.120+0000] {dag.py:2941} INFO - Sync 1 DAGs
[2023-11-19T21:24:36.135+0000] {logging_mixin.py:154} INFO - [2023-11-19T21:24:36.134+0000] {dag.py:3722} INFO - Setting next_dagrun for outcomes_dag to 2023-11-19T00:00:00+00:00, run_after=2023-11-20T00:00:00+00:00
[2023-11-19T21:24:36.148+0000] {processor.py:179} INFO - Processing /opt/airflow/dags/outcomes_dag.py took 1.396 seconds
[2023-11-19T21:47:59.264+0000] {processor.py:157} INFO - Started process (PID=1649) to work on /opt/airflow/dags/outcomes_dag.py
[2023-11-19T21:47:59.267+0000] {processor.py:829} INFO - Processing file /opt/airflow/dags/outcomes_dag.py for tasks to queue
[2023-11-19T21:47:59.279+0000] {logging_mixin.py:154} INFO - [2023-11-19T21:47:59.277+0000] {dagbag.py:536} INFO - Filling up the DagBag from /opt/airflow/dags/outcomes_dag.py
[2023-11-19T21:48:00.329+0000] {processor.py:839} INFO - DAG(s) dict_keys(['outcomes_dag']) retrieved from /opt/airflow/dags/outcomes_dag.py
[2023-11-19T21:48:00.363+0000] {logging_mixin.py:154} INFO - [2023-11-19T21:48:00.363+0000] {dag.py:2941} INFO - Sync 1 DAGs
[2023-11-19T21:48:00.377+0000] {logging_mixin.py:154} INFO - [2023-11-19T21:48:00.377+0000] {dag.py:3722} INFO - Setting next_dagrun for outcomes_dag to 2023-11-19T00:00:00+00:00, run_after=2023-11-20T00:00:00+00:00
[2023-11-19T21:48:00.386+0000] {processor.py:179} INFO - Processing /opt/airflow/dags/outcomes_dag.py took 1.130 seconds
[2023-11-19T22:41:48.688+0000] {processor.py:157} INFO - Started process (PID=1658) to work on /opt/airflow/dags/outcomes_dag.py
[2023-11-19T22:41:48.689+0000] {processor.py:829} INFO - Processing file /opt/airflow/dags/outcomes_dag.py for tasks to queue
[2023-11-19T22:41:48.692+0000] {logging_mixin.py:154} INFO - [2023-11-19T22:41:48.692+0000] {dagbag.py:536} INFO - Filling up the DagBag from /opt/airflow/dags/outcomes_dag.py
[2023-11-19T22:41:50.551+0000] {processor.py:839} INFO - DAG(s) dict_keys(['outcomes_dag']) retrieved from /opt/airflow/dags/outcomes_dag.py
[2023-11-19T22:41:50.573+0000] {logging_mixin.py:154} INFO - [2023-11-19T22:41:50.573+0000] {dag.py:2941} INFO - Sync 1 DAGs
[2023-11-19T22:41:50.588+0000] {logging_mixin.py:154} INFO - [2023-11-19T22:41:50.588+0000] {dag.py:3722} INFO - Setting next_dagrun for outcomes_dag to 2023-11-19T00:00:00+00:00, run_after=2023-11-20T00:00:00+00:00
[2023-11-19T22:41:50.597+0000] {processor.py:179} INFO - Processing /opt/airflow/dags/outcomes_dag.py took 1.922 seconds
[2023-11-19T23:49:15.808+0000] {processor.py:157} INFO - Started process (PID=1667) to work on /opt/airflow/dags/outcomes_dag.py
[2023-11-19T23:49:15.812+0000] {processor.py:829} INFO - Processing file /opt/airflow/dags/outcomes_dag.py for tasks to queue
[2023-11-19T23:49:15.822+0000] {logging_mixin.py:154} INFO - [2023-11-19T23:49:15.819+0000] {dagbag.py:536} INFO - Filling up the DagBag from /opt/airflow/dags/outcomes_dag.py
[2023-11-19T23:49:16.970+0000] {processor.py:839} INFO - DAG(s) dict_keys(['outcomes_dag']) retrieved from /opt/airflow/dags/outcomes_dag.py
[2023-11-19T23:49:16.990+0000] {logging_mixin.py:154} INFO - [2023-11-19T23:49:16.990+0000] {dag.py:2941} INFO - Sync 1 DAGs
[2023-11-19T23:49:17.003+0000] {logging_mixin.py:154} INFO - [2023-11-19T23:49:17.003+0000] {dag.py:3722} INFO - Setting next_dagrun for outcomes_dag to 2023-11-19T00:00:00+00:00, run_after=2023-11-20T00:00:00+00:00
[2023-11-19T23:49:17.014+0000] {processor.py:179} INFO - Processing /opt/airflow/dags/outcomes_dag.py took 1.211 seconds
