[2023-11-21T01:00:37.484+0000] {taskinstance.py:1159} INFO - Dependencies all met for dep_context=non-requeueable deps ti=<TaskInstance: outcomes_dag.load_animal_dim scheduled__2023-11-13T00:00:00+00:00 [queued]>
[2023-11-21T01:00:37.575+0000] {taskinstance.py:1159} INFO - Dependencies all met for dep_context=requeueable deps ti=<TaskInstance: outcomes_dag.load_animal_dim scheduled__2023-11-13T00:00:00+00:00 [queued]>
[2023-11-21T01:00:37.577+0000] {taskinstance.py:1361} INFO - Starting attempt 1 of 1
[2023-11-21T01:00:37.650+0000] {taskinstance.py:1382} INFO - Executing <Task(PythonOperator): load_animal_dim> on 2023-11-13 00:00:00+00:00
[2023-11-21T01:00:37.726+0000] {standard_task_runner.py:57} INFO - Started process 269 to run task
[2023-11-21T01:00:37.775+0000] {standard_task_runner.py:84} INFO - Running: ['***', 'tasks', 'run', 'outcomes_dag', 'load_animal_dim', 'scheduled__2023-11-13T00:00:00+00:00', '--job-id', '43', '--raw', '--subdir', 'DAGS_FOLDER/outcomes_dag.py', '--cfg-path', '/tmp/tmpymdm553e']
[2023-11-21T01:00:37.798+0000] {standard_task_runner.py:85} INFO - Job 43: Subtask load_animal_dim
[2023-11-21T01:00:38.862+0000] {task_command.py:416} INFO - Running <TaskInstance: outcomes_dag.load_animal_dim scheduled__2023-11-13T00:00:00+00:00 [running]> on host bf1573643830
[2023-11-21T01:00:41.122+0000] {local_task_job_runner.py:228} INFO - Task exited with return code -9
[2023-11-21T01:00:42.948+0000] {taskinstance.py:2778} INFO - 0 downstream tasks scheduled from follow-on schedule check
[2023-11-21T01:14:52.671+0000] {taskinstance.py:1159} INFO - Dependencies all met for dep_context=non-requeueable deps ti=<TaskInstance: outcomes_dag.load_animal_dim scheduled__2023-11-13T00:00:00+00:00 [queued]>
[2023-11-21T01:14:52.720+0000] {taskinstance.py:1159} INFO - Dependencies all met for dep_context=requeueable deps ti=<TaskInstance: outcomes_dag.load_animal_dim scheduled__2023-11-13T00:00:00+00:00 [queued]>
[2023-11-21T01:14:52.721+0000] {taskinstance.py:1361} INFO - Starting attempt 1 of 1
[2023-11-21T01:14:52.775+0000] {taskinstance.py:1382} INFO - Executing <Task(PythonOperator): load_animal_dim> on 2023-11-13 00:00:00+00:00
[2023-11-21T01:14:52.797+0000] {standard_task_runner.py:57} INFO - Started process 329 to run task
[2023-11-21T01:14:52.820+0000] {standard_task_runner.py:84} INFO - Running: ['***', 'tasks', 'run', 'outcomes_dag', 'load_animal_dim', 'scheduled__2023-11-13T00:00:00+00:00', '--job-id', '43', '--raw', '--subdir', 'DAGS_FOLDER/outcomes_dag.py', '--cfg-path', '/tmp/tmphax6e1q4']
[2023-11-21T01:14:52.834+0000] {standard_task_runner.py:85} INFO - Job 43: Subtask load_animal_dim
[2023-11-21T01:14:53.035+0000] {task_command.py:416} INFO - Running <TaskInstance: outcomes_dag.load_animal_dim scheduled__2023-11-13T00:00:00+00:00 [running]> on host 9a73044c5577
[2023-11-21T01:14:57.113+0000] {taskinstance.py:1662} INFO - Exporting env vars: AIRFLOW_CTX_DAG_OWNER='***' AIRFLOW_CTX_DAG_ID='outcomes_dag' AIRFLOW_CTX_TASK_ID='load_animal_dim' AIRFLOW_CTX_EXECUTION_DATE='2023-11-13T00:00:00+00:00' AIRFLOW_CTX_TRY_NUMBER='1' AIRFLOW_CTX_DAG_RUN_ID='scheduled__2023-11-13T00:00:00+00:00'
[2023-11-21T01:15:04.622+0000] {logging_mixin.py:154} INFO - dim_animals loaded
[2023-11-21T01:15:04.625+0000] {python.py:194} INFO - Done. Returned value was: None
[2023-11-21T01:15:04.650+0000] {taskinstance.py:1400} INFO - Marking task as SUCCESS. dag_id=outcomes_dag, task_id=load_animal_dim, execution_date=20231113T000000, start_date=20231121T011452, end_date=20231121T011504
[2023-11-21T01:15:04.709+0000] {local_task_job_runner.py:228} INFO - Task exited with return code 0
[2023-11-21T01:15:04.731+0000] {taskinstance.py:2778} INFO - 0 downstream tasks scheduled from follow-on schedule check
