[2023-11-20T22:18:47.563+0000] {taskinstance.py:1159} INFO - Dependencies all met for dep_context=non-requeueable deps ti=<TaskInstance: outcomes_dag.transform scheduled__2023-11-15T00:00:00+00:00 [queued]>
[2023-11-20T22:18:47.573+0000] {taskinstance.py:1159} INFO - Dependencies all met for dep_context=requeueable deps ti=<TaskInstance: outcomes_dag.transform scheduled__2023-11-15T00:00:00+00:00 [queued]>
[2023-11-20T22:18:47.574+0000] {taskinstance.py:1361} INFO - Starting attempt 1 of 1
[2023-11-20T22:18:47.611+0000] {taskinstance.py:1382} INFO - Executing <Task(PythonOperator): transform> on 2023-11-15 00:00:00+00:00
[2023-11-20T22:18:47.623+0000] {standard_task_runner.py:57} INFO - Started process 186 to run task
[2023-11-20T22:18:47.629+0000] {standard_task_runner.py:84} INFO - Running: ['***', 'tasks', 'run', 'outcomes_dag', 'transform', 'scheduled__2023-11-15T00:00:00+00:00', '--job-id', '23', '--raw', '--subdir', 'DAGS_FOLDER/outcomes_dag.py', '--cfg-path', '/tmp/tmpxp_b65xf']
[2023-11-20T22:18:47.636+0000] {standard_task_runner.py:85} INFO - Job 23: Subtask transform
[2023-11-20T22:18:47.773+0000] {task_command.py:416} INFO - Running <TaskInstance: outcomes_dag.transform scheduled__2023-11-15T00:00:00+00:00 [running]> on host 3286f6d7d5f2
[2023-11-20T22:18:48.987+0000] {taskinstance.py:1662} INFO - Exporting env vars: AIRFLOW_CTX_DAG_OWNER='***' AIRFLOW_CTX_DAG_ID='outcomes_dag' AIRFLOW_CTX_TASK_ID='transform' AIRFLOW_CTX_EXECUTION_DATE='2023-11-15T00:00:00+00:00' AIRFLOW_CTX_TRY_NUMBER='1' AIRFLOW_CTX_DAG_RUN_ID='scheduled__2023-11-15T00:00:00+00:00'
[2023-11-20T22:18:50.425+0000] {warnings.py:109} WARNING - /opt/***/dags/etl_scripts/transform.py:67: UserWarning: Could not infer format, so each element will be parsed individually, falling back to `dateutil`. To ensure parsing is consistent and as-expected, please specify a format.
  data['ts'] = pd.to_datetime(data.DateTime)

[2023-11-20T22:19:15.787+0000] {local_task_job_runner.py:228} INFO - Task exited with return code -9
[2023-11-20T22:19:16.007+0000] {taskinstance.py:2778} INFO - 0 downstream tasks scheduled from follow-on schedule check
[2023-11-21T00:59:39.498+0000] {taskinstance.py:1159} INFO - Dependencies all met for dep_context=non-requeueable deps ti=<TaskInstance: outcomes_dag.transform scheduled__2023-11-15T00:00:00+00:00 [queued]>
[2023-11-21T00:59:39.506+0000] {taskinstance.py:1159} INFO - Dependencies all met for dep_context=requeueable deps ti=<TaskInstance: outcomes_dag.transform scheduled__2023-11-15T00:00:00+00:00 [queued]>
[2023-11-21T00:59:39.506+0000] {taskinstance.py:1361} INFO - Starting attempt 1 of 1
[2023-11-21T00:59:39.516+0000] {taskinstance.py:1382} INFO - Executing <Task(PythonOperator): transform> on 2023-11-15 00:00:00+00:00
[2023-11-21T00:59:39.525+0000] {standard_task_runner.py:57} INFO - Started process 147 to run task
[2023-11-21T00:59:39.540+0000] {standard_task_runner.py:84} INFO - Running: ['***', 'tasks', 'run', 'outcomes_dag', 'transform', 'scheduled__2023-11-15T00:00:00+00:00', '--job-id', '20', '--raw', '--subdir', 'DAGS_FOLDER/outcomes_dag.py', '--cfg-path', '/tmp/tmpwgycpj_y']
[2023-11-21T00:59:39.553+0000] {standard_task_runner.py:85} INFO - Job 20: Subtask transform
[2023-11-21T00:59:39.623+0000] {task_command.py:416} INFO - Running <TaskInstance: outcomes_dag.transform scheduled__2023-11-15T00:00:00+00:00 [running]> on host bf1573643830
[2023-11-21T00:59:41.703+0000] {taskinstance.py:1662} INFO - Exporting env vars: AIRFLOW_CTX_DAG_OWNER='***' AIRFLOW_CTX_DAG_ID='outcomes_dag' AIRFLOW_CTX_TASK_ID='transform' AIRFLOW_CTX_EXECUTION_DATE='2023-11-15T00:00:00+00:00' AIRFLOW_CTX_TRY_NUMBER='1' AIRFLOW_CTX_DAG_RUN_ID='scheduled__2023-11-15T00:00:00+00:00'
[2023-11-21T00:59:42.855+0000] {warnings.py:109} WARNING - /opt/***/dags/etl_scripts/transform.py:67: UserWarning: Could not infer format, so each element will be parsed individually, falling back to `dateutil`. To ensure parsing is consistent and as-expected, please specify a format.
  data['ts'] = pd.to_datetime(data.DateTime)

[2023-11-21T01:00:08.367+0000] {local_task_job_runner.py:228} INFO - Task exited with return code -9
[2023-11-21T01:00:08.826+0000] {taskinstance.py:2778} INFO - 0 downstream tasks scheduled from follow-on schedule check
[2023-11-21T03:55:54.824+0000] {taskinstance.py:1159} INFO - Dependencies all met for dep_context=non-requeueable deps ti=<TaskInstance: outcomes_dag.transform scheduled__2023-11-15T00:00:00+00:00 [queued]>
[2023-11-21T03:55:54.840+0000] {taskinstance.py:1159} INFO - Dependencies all met for dep_context=requeueable deps ti=<TaskInstance: outcomes_dag.transform scheduled__2023-11-15T00:00:00+00:00 [queued]>
[2023-11-21T03:55:54.841+0000] {taskinstance.py:1361} INFO - Starting attempt 1 of 1
[2023-11-21T03:55:54.865+0000] {taskinstance.py:1382} INFO - Executing <Task(PythonOperator): transform> on 2023-11-15 00:00:00+00:00
[2023-11-21T03:55:54.875+0000] {standard_task_runner.py:57} INFO - Started process 544 to run task
[2023-11-21T03:55:54.886+0000] {standard_task_runner.py:84} INFO - Running: ['***', 'tasks', 'run', 'outcomes_dag', 'transform', 'scheduled__2023-11-15T00:00:00+00:00', '--job-id', '29', '--raw', '--subdir', 'DAGS_FOLDER/outcomes_dag.py', '--cfg-path', '/tmp/tmp2holn1br']
[2023-11-21T03:55:54.896+0000] {standard_task_runner.py:85} INFO - Job 29: Subtask transform
[2023-11-21T03:55:55.014+0000] {task_command.py:416} INFO - Running <TaskInstance: outcomes_dag.transform scheduled__2023-11-15T00:00:00+00:00 [running]> on host a0f615083db8
[2023-11-21T03:55:57.267+0000] {taskinstance.py:1662} INFO - Exporting env vars: AIRFLOW_CTX_DAG_OWNER='***' AIRFLOW_CTX_DAG_ID='outcomes_dag' AIRFLOW_CTX_TASK_ID='transform' AIRFLOW_CTX_EXECUTION_DATE='2023-11-15T00:00:00+00:00' AIRFLOW_CTX_TRY_NUMBER='1' AIRFLOW_CTX_DAG_RUN_ID='scheduled__2023-11-15T00:00:00+00:00'
[2023-11-21T03:55:58.626+0000] {warnings.py:109} WARNING - /opt/***/dags/etl_scripts/transform.py:67: UserWarning: Could not infer format, so each element will be parsed individually, falling back to `dateutil`. To ensure parsing is consistent and as-expected, please specify a format.
  data['ts'] = pd.to_datetime(data.DateTime)

[2023-11-21T03:56:15.405+0000] {local_task_job_runner.py:228} INFO - Task exited with return code -9
[2023-11-21T03:56:17.803+0000] {taskinstance.py:2778} INFO - 0 downstream tasks scheduled from follow-on schedule check
[2023-11-21T04:56:40.981+0000] {taskinstance.py:1159} INFO - Dependencies all met for dep_context=non-requeueable deps ti=<TaskInstance: outcomes_dag.transform scheduled__2023-11-15T00:00:00+00:00 [queued]>
[2023-11-21T04:56:41.048+0000] {taskinstance.py:1159} INFO - Dependencies all met for dep_context=requeueable deps ti=<TaskInstance: outcomes_dag.transform scheduled__2023-11-15T00:00:00+00:00 [queued]>
[2023-11-21T04:56:41.052+0000] {taskinstance.py:1361} INFO - Starting attempt 1 of 1
[2023-11-21T04:56:41.170+0000] {taskinstance.py:1382} INFO - Executing <Task(PythonOperator): transform> on 2023-11-15 00:00:00+00:00
[2023-11-21T04:56:41.186+0000] {standard_task_runner.py:57} INFO - Started process 248 to run task
[2023-11-21T04:56:41.205+0000] {standard_task_runner.py:84} INFO - Running: ['***', 'tasks', 'run', 'outcomes_dag', 'transform', 'scheduled__2023-11-15T00:00:00+00:00', '--job-id', '25', '--raw', '--subdir', 'DAGS_FOLDER/outcomes_dag.py', '--cfg-path', '/tmp/tmpdxizn8vl']
[2023-11-21T04:56:41.217+0000] {standard_task_runner.py:85} INFO - Job 25: Subtask transform
[2023-11-21T04:56:41.432+0000] {task_command.py:416} INFO - Running <TaskInstance: outcomes_dag.transform scheduled__2023-11-15T00:00:00+00:00 [running]> on host 921d770aa62c
[2023-11-21T04:56:48.848+0000] {taskinstance.py:1662} INFO - Exporting env vars: AIRFLOW_CTX_DAG_OWNER='***' AIRFLOW_CTX_DAG_ID='outcomes_dag' AIRFLOW_CTX_TASK_ID='transform' AIRFLOW_CTX_EXECUTION_DATE='2023-11-15T00:00:00+00:00' AIRFLOW_CTX_TRY_NUMBER='1' AIRFLOW_CTX_DAG_RUN_ID='scheduled__2023-11-15T00:00:00+00:00'
[2023-11-21T04:56:51.254+0000] {warnings.py:109} WARNING - /opt/***/dags/etl_scripts/transform.py:67: UserWarning: Could not infer format, so each element will be parsed individually, falling back to `dateutil`. To ensure parsing is consistent and as-expected, please specify a format.
  data['ts'] = pd.to_datetime(data.DateTime)

[2023-11-21T04:57:02.201+0000] {local_task_job_runner.py:228} INFO - Task exited with return code -9
[2023-11-21T04:57:02.792+0000] {taskinstance.py:2778} INFO - 0 downstream tasks scheduled from follow-on schedule check
[2023-11-21T05:29:07.581+0000] {taskinstance.py:1159} INFO - Dependencies all met for dep_context=non-requeueable deps ti=<TaskInstance: outcomes_dag.transform scheduled__2023-11-15T00:00:00+00:00 [queued]>
[2023-11-21T05:29:07.654+0000] {taskinstance.py:1159} INFO - Dependencies all met for dep_context=requeueable deps ti=<TaskInstance: outcomes_dag.transform scheduled__2023-11-15T00:00:00+00:00 [queued]>
[2023-11-21T05:29:07.700+0000] {taskinstance.py:1361} INFO - Starting attempt 1 of 1
[2023-11-21T05:29:08.126+0000] {taskinstance.py:1382} INFO - Executing <Task(PythonOperator): transform> on 2023-11-15 00:00:00+00:00
[2023-11-21T05:29:08.195+0000] {standard_task_runner.py:57} INFO - Started process 188 to run task
[2023-11-21T05:29:08.225+0000] {standard_task_runner.py:84} INFO - Running: ['***', 'tasks', 'run', 'outcomes_dag', 'transform', 'scheduled__2023-11-15T00:00:00+00:00', '--job-id', '20', '--raw', '--subdir', 'DAGS_FOLDER/outcomes_dag.py', '--cfg-path', '/tmp/tmpilm_5wml']
[2023-11-21T05:29:08.252+0000] {standard_task_runner.py:85} INFO - Job 20: Subtask transform
[2023-11-21T05:29:09.560+0000] {task_command.py:416} INFO - Running <TaskInstance: outcomes_dag.transform scheduled__2023-11-15T00:00:00+00:00 [running]> on host 1df7871f6344
[2023-11-21T05:29:21.020+0000] {taskinstance.py:1662} INFO - Exporting env vars: AIRFLOW_CTX_DAG_OWNER='***' AIRFLOW_CTX_DAG_ID='outcomes_dag' AIRFLOW_CTX_TASK_ID='transform' AIRFLOW_CTX_EXECUTION_DATE='2023-11-15T00:00:00+00:00' AIRFLOW_CTX_TRY_NUMBER='1' AIRFLOW_CTX_DAG_RUN_ID='scheduled__2023-11-15T00:00:00+00:00'
[2023-11-21T05:29:26.051+0000] {warnings.py:109} WARNING - /opt/***/dags/etl_scripts/transform.py:67: UserWarning: Could not infer format, so each element will be parsed individually, falling back to `dateutil`. To ensure parsing is consistent and as-expected, please specify a format.
  data['ts'] = pd.to_datetime(data.DateTime)

[2023-11-21T05:29:33.783+0000] {local_task_job_runner.py:228} INFO - Task exited with return code -9
[2023-11-21T05:29:34.899+0000] {taskinstance.py:2778} INFO - 0 downstream tasks scheduled from follow-on schedule check
