[2023-11-20T22:18:49.333+0000] {taskinstance.py:1159} INFO - Dependencies all met for dep_context=non-requeueable deps ti=<TaskInstance: outcomes_dag.transform scheduled__2023-11-08T00:00:00+00:00 [queued]>
[2023-11-20T22:18:49.417+0000] {taskinstance.py:1159} INFO - Dependencies all met for dep_context=requeueable deps ti=<TaskInstance: outcomes_dag.transform scheduled__2023-11-08T00:00:00+00:00 [queued]>
[2023-11-20T22:18:49.420+0000] {taskinstance.py:1361} INFO - Starting attempt 1 of 1
[2023-11-20T22:18:49.479+0000] {taskinstance.py:1382} INFO - Executing <Task(PythonOperator): transform> on 2023-11-08 00:00:00+00:00
[2023-11-20T22:18:49.503+0000] {standard_task_runner.py:57} INFO - Started process 189 to run task
[2023-11-20T22:18:49.518+0000] {standard_task_runner.py:84} INFO - Running: ['***', 'tasks', 'run', 'outcomes_dag', 'transform', 'scheduled__2023-11-08T00:00:00+00:00', '--job-id', '24', '--raw', '--subdir', 'DAGS_FOLDER/outcomes_dag.py', '--cfg-path', '/tmp/tmpu4vdmytq']
[2023-11-20T22:18:49.544+0000] {standard_task_runner.py:85} INFO - Job 24: Subtask transform
[2023-11-20T22:18:49.761+0000] {task_command.py:416} INFO - Running <TaskInstance: outcomes_dag.transform scheduled__2023-11-08T00:00:00+00:00 [running]> on host 3286f6d7d5f2
[2023-11-20T22:18:52.116+0000] {taskinstance.py:1662} INFO - Exporting env vars: AIRFLOW_CTX_DAG_OWNER='***' AIRFLOW_CTX_DAG_ID='outcomes_dag' AIRFLOW_CTX_TASK_ID='transform' AIRFLOW_CTX_EXECUTION_DATE='2023-11-08T00:00:00+00:00' AIRFLOW_CTX_TRY_NUMBER='1' AIRFLOW_CTX_DAG_RUN_ID='scheduled__2023-11-08T00:00:00+00:00'
[2023-11-20T22:18:54.414+0000] {warnings.py:109} WARNING - /opt/***/dags/etl_scripts/transform.py:67: UserWarning: Could not infer format, so each element will be parsed individually, falling back to `dateutil`. To ensure parsing is consistent and as-expected, please specify a format.
  data['ts'] = pd.to_datetime(data.DateTime)

[2023-11-20T22:18:58.122+0000] {local_task_job_runner.py:228} INFO - Task exited with return code -9
[2023-11-20T22:18:58.631+0000] {taskinstance.py:2778} INFO - 0 downstream tasks scheduled from follow-on schedule check
[2023-11-21T00:52:08.508+0000] {taskinstance.py:1159} INFO - Dependencies all met for dep_context=non-requeueable deps ti=<TaskInstance: outcomes_dag.transform scheduled__2023-11-08T00:00:00+00:00 [queued]>
[2023-11-21T00:52:08.533+0000] {taskinstance.py:1159} INFO - Dependencies all met for dep_context=requeueable deps ti=<TaskInstance: outcomes_dag.transform scheduled__2023-11-08T00:00:00+00:00 [queued]>
[2023-11-21T00:52:08.535+0000] {taskinstance.py:1361} INFO - Starting attempt 1 of 1
[2023-11-21T00:52:08.673+0000] {taskinstance.py:1382} INFO - Executing <Task(PythonOperator): transform> on 2023-11-08 00:00:00+00:00
[2023-11-21T00:52:08.698+0000] {standard_task_runner.py:57} INFO - Started process 170 to run task
[2023-11-21T00:52:08.711+0000] {standard_task_runner.py:84} INFO - Running: ['***', 'tasks', 'run', 'outcomes_dag', 'transform', 'scheduled__2023-11-08T00:00:00+00:00', '--job-id', '21', '--raw', '--subdir', 'DAGS_FOLDER/outcomes_dag.py', '--cfg-path', '/tmp/tmpkq88qh7l']
[2023-11-21T00:52:08.720+0000] {standard_task_runner.py:85} INFO - Job 21: Subtask transform
[2023-11-21T00:52:08.854+0000] {task_command.py:416} INFO - Running <TaskInstance: outcomes_dag.transform scheduled__2023-11-08T00:00:00+00:00 [running]> on host 39ee77aaeaf9
[2023-11-21T00:52:14.201+0000] {taskinstance.py:1662} INFO - Exporting env vars: AIRFLOW_CTX_DAG_OWNER='***' AIRFLOW_CTX_DAG_ID='outcomes_dag' AIRFLOW_CTX_TASK_ID='transform' AIRFLOW_CTX_EXECUTION_DATE='2023-11-08T00:00:00+00:00' AIRFLOW_CTX_TRY_NUMBER='1' AIRFLOW_CTX_DAG_RUN_ID='scheduled__2023-11-08T00:00:00+00:00'
[2023-11-21T00:52:17.822+0000] {warnings.py:109} WARNING - /opt/***/dags/etl_scripts/transform.py:67: UserWarning: Could not infer format, so each element will be parsed individually, falling back to `dateutil`. To ensure parsing is consistent and as-expected, please specify a format.
  data['ts'] = pd.to_datetime(data.DateTime)

[2023-11-21T00:52:38.789+0000] {taskinstance.py:1937} ERROR - Task failed with exception
Traceback (most recent call last):
  File "/home/airflow/.local/lib/python3.8/site-packages/airflow/operators/python.py", line 192, in execute
    return_value = self.execute_callable()
  File "/home/airflow/.local/lib/python3.8/site-packages/airflow/operators/python.py", line 209, in execute_callable
    return self.python_callable(*self.op_args, **self.op_kwargs)
  File "/opt/airflow/dags/etl_scripts/transform.py", line 21, in transform_data
    new_data = prep_data(new_data)
  File "/opt/airflow/dags/etl_scripts/transform.py", line 75, in prep_data
    data = data.drop_duplicates(subset=['animal_id'])
  File "/home/airflow/.local/lib/python3.8/site-packages/pandas/core/frame.py", line 6522, in drop_duplicates
    result = self[-self.duplicated(subset, keep=keep)]
  File "/home/airflow/.local/lib/python3.8/site-packages/pandas/core/frame.py", line 6654, in duplicated
    raise KeyError(Index(diff))
KeyError: Index(['animal_id'], dtype='object')
[2023-11-21T00:52:39.009+0000] {taskinstance.py:1400} INFO - Marking task as FAILED. dag_id=outcomes_dag, task_id=transform, execution_date=20231108T000000, start_date=20231121T005208, end_date=20231121T005238
[2023-11-21T00:52:39.451+0000] {standard_task_runner.py:104} ERROR - Failed to execute job 21 for task transform (Index(['animal_id'], dtype='object'); 170)
[2023-11-21T00:52:39.559+0000] {local_task_job_runner.py:228} INFO - Task exited with return code 1
[2023-11-21T00:52:39.662+0000] {taskinstance.py:2778} INFO - 0 downstream tasks scheduled from follow-on schedule check
[2023-11-21T01:14:08.903+0000] {taskinstance.py:1159} INFO - Dependencies all met for dep_context=non-requeueable deps ti=<TaskInstance: outcomes_dag.transform scheduled__2023-11-08T00:00:00+00:00 [queued]>
[2023-11-21T01:14:08.925+0000] {taskinstance.py:1159} INFO - Dependencies all met for dep_context=requeueable deps ti=<TaskInstance: outcomes_dag.transform scheduled__2023-11-08T00:00:00+00:00 [queued]>
[2023-11-21T01:14:08.927+0000] {taskinstance.py:1361} INFO - Starting attempt 1 of 1
[2023-11-21T01:14:08.983+0000] {taskinstance.py:1382} INFO - Executing <Task(PythonOperator): transform> on 2023-11-08 00:00:00+00:00
[2023-11-21T01:14:09.015+0000] {standard_task_runner.py:57} INFO - Started process 209 to run task
[2023-11-21T01:14:09.159+0000] {standard_task_runner.py:84} INFO - Running: ['***', 'tasks', 'run', 'outcomes_dag', 'transform', 'scheduled__2023-11-08T00:00:00+00:00', '--job-id', '28', '--raw', '--subdir', 'DAGS_FOLDER/outcomes_dag.py', '--cfg-path', '/tmp/tmpxmbrpmb3']
[2023-11-21T01:14:10.583+0000] {standard_task_runner.py:85} INFO - Job 28: Subtask transform
[2023-11-21T01:14:11.403+0000] {task_command.py:416} INFO - Running <TaskInstance: outcomes_dag.transform scheduled__2023-11-08T00:00:00+00:00 [running]> on host 9a73044c5577
[2023-11-21T01:14:18.121+0000] {taskinstance.py:1662} INFO - Exporting env vars: AIRFLOW_CTX_DAG_OWNER='***' AIRFLOW_CTX_DAG_ID='outcomes_dag' AIRFLOW_CTX_TASK_ID='transform' AIRFLOW_CTX_EXECUTION_DATE='2023-11-08T00:00:00+00:00' AIRFLOW_CTX_TRY_NUMBER='1' AIRFLOW_CTX_DAG_RUN_ID='scheduled__2023-11-08T00:00:00+00:00'
[2023-11-21T01:14:18.621+0000] {warnings.py:109} WARNING - /opt/***/dags/etl_scripts/transform.py:67: UserWarning: Could not infer format, so each element will be parsed individually, falling back to `dateutil`. To ensure parsing is consistent and as-expected, please specify a format.
  data['ts'] = pd.to_datetime(data.DateTime)

[2023-11-21T01:14:33.282+0000] {python.py:194} INFO - Done. Returned value was: None
[2023-11-21T01:14:33.332+0000] {taskinstance.py:1400} INFO - Marking task as SUCCESS. dag_id=outcomes_dag, task_id=transform, execution_date=20231108T000000, start_date=20231121T011408, end_date=20231121T011433
[2023-11-21T01:14:33.532+0000] {local_task_job_runner.py:228} INFO - Task exited with return code 0
[2023-11-21T01:14:33.749+0000] {taskinstance.py:2778} INFO - 3 downstream tasks scheduled from follow-on schedule check
[2023-11-21T04:16:18.362+0000] {taskinstance.py:1159} INFO - Dependencies all met for dep_context=non-requeueable deps ti=<TaskInstance: outcomes_dag.transform scheduled__2023-11-08T00:00:00+00:00 [queued]>
[2023-11-21T04:16:18.405+0000] {taskinstance.py:1159} INFO - Dependencies all met for dep_context=requeueable deps ti=<TaskInstance: outcomes_dag.transform scheduled__2023-11-08T00:00:00+00:00 [queued]>
[2023-11-21T04:16:18.406+0000] {taskinstance.py:1361} INFO - Starting attempt 1 of 1
[2023-11-21T04:16:18.475+0000] {taskinstance.py:1382} INFO - Executing <Task(PythonOperator): transform> on 2023-11-08 00:00:00+00:00
[2023-11-21T04:16:18.493+0000] {standard_task_runner.py:57} INFO - Started process 200 to run task
[2023-11-21T04:16:18.505+0000] {standard_task_runner.py:84} INFO - Running: ['***', 'tasks', 'run', 'outcomes_dag', 'transform', 'scheduled__2023-11-08T00:00:00+00:00', '--job-id', '21', '--raw', '--subdir', 'DAGS_FOLDER/outcomes_dag.py', '--cfg-path', '/tmp/tmp2rlrih5v']
[2023-11-21T04:16:18.564+0000] {standard_task_runner.py:85} INFO - Job 21: Subtask transform
[2023-11-21T04:16:18.804+0000] {task_command.py:416} INFO - Running <TaskInstance: outcomes_dag.transform scheduled__2023-11-08T00:00:00+00:00 [running]> on host dc3ce06c67c1
[2023-11-21T04:16:25.302+0000] {taskinstance.py:1662} INFO - Exporting env vars: AIRFLOW_CTX_DAG_OWNER='***' AIRFLOW_CTX_DAG_ID='outcomes_dag' AIRFLOW_CTX_TASK_ID='transform' AIRFLOW_CTX_EXECUTION_DATE='2023-11-08T00:00:00+00:00' AIRFLOW_CTX_TRY_NUMBER='1' AIRFLOW_CTX_DAG_RUN_ID='scheduled__2023-11-08T00:00:00+00:00'
[2023-11-21T04:16:27.098+0000] {warnings.py:109} WARNING - /opt/***/dags/etl_scripts/transform.py:67: UserWarning: Could not infer format, so each element will be parsed individually, falling back to `dateutil`. To ensure parsing is consistent and as-expected, please specify a format.
  data['ts'] = pd.to_datetime(data.DateTime)

[2023-11-21T04:17:02.460+0000] {local_task_job_runner.py:228} INFO - Task exited with return code -9
[2023-11-21T04:17:02.659+0000] {taskinstance.py:2778} INFO - 0 downstream tasks scheduled from follow-on schedule check
