[2023-11-20T22:18:39.742+0000] {taskinstance.py:1159} INFO - Dependencies all met for dep_context=non-requeueable deps ti=<TaskInstance: outcomes_dag.transform scheduled__2023-11-06T00:00:00+00:00 [queued]>
[2023-11-20T22:18:39.788+0000] {taskinstance.py:1159} INFO - Dependencies all met for dep_context=requeueable deps ti=<TaskInstance: outcomes_dag.transform scheduled__2023-11-06T00:00:00+00:00 [queued]>
[2023-11-20T22:18:39.790+0000] {taskinstance.py:1361} INFO - Starting attempt 1 of 1
[2023-11-20T22:18:39.833+0000] {taskinstance.py:1382} INFO - Executing <Task(PythonOperator): transform> on 2023-11-06 00:00:00+00:00
[2023-11-20T22:18:39.868+0000] {standard_task_runner.py:57} INFO - Started process 172 to run task
[2023-11-20T22:18:39.901+0000] {standard_task_runner.py:84} INFO - Running: ['***', 'tasks', 'run', 'outcomes_dag', 'transform', 'scheduled__2023-11-06T00:00:00+00:00', '--job-id', '21', '--raw', '--subdir', 'DAGS_FOLDER/outcomes_dag.py', '--cfg-path', '/tmp/tmpqicpkneq']
[2023-11-20T22:18:39.911+0000] {standard_task_runner.py:85} INFO - Job 21: Subtask transform
[2023-11-20T22:18:40.028+0000] {task_command.py:416} INFO - Running <TaskInstance: outcomes_dag.transform scheduled__2023-11-06T00:00:00+00:00 [running]> on host 3286f6d7d5f2
[2023-11-20T22:18:43.787+0000] {taskinstance.py:1662} INFO - Exporting env vars: AIRFLOW_CTX_DAG_OWNER='***' AIRFLOW_CTX_DAG_ID='outcomes_dag' AIRFLOW_CTX_TASK_ID='transform' AIRFLOW_CTX_EXECUTION_DATE='2023-11-06T00:00:00+00:00' AIRFLOW_CTX_TRY_NUMBER='1' AIRFLOW_CTX_DAG_RUN_ID='scheduled__2023-11-06T00:00:00+00:00'
[2023-11-20T22:18:46.054+0000] {warnings.py:109} WARNING - /opt/***/dags/etl_scripts/transform.py:67: UserWarning: Could not infer format, so each element will be parsed individually, falling back to `dateutil`. To ensure parsing is consistent and as-expected, please specify a format.
  data['ts'] = pd.to_datetime(data.DateTime)

[2023-11-20T22:18:53.905+0000] {local_task_job_runner.py:228} INFO - Task exited with return code -9
[2023-11-20T22:18:54.408+0000] {taskinstance.py:2778} INFO - 0 downstream tasks scheduled from follow-on schedule check
[2023-11-21T00:52:21.017+0000] {taskinstance.py:1159} INFO - Dependencies all met for dep_context=non-requeueable deps ti=<TaskInstance: outcomes_dag.transform scheduled__2023-11-06T00:00:00+00:00 [queued]>
[2023-11-21T00:52:21.044+0000] {taskinstance.py:1159} INFO - Dependencies all met for dep_context=requeueable deps ti=<TaskInstance: outcomes_dag.transform scheduled__2023-11-06T00:00:00+00:00 [queued]>
[2023-11-21T00:52:21.045+0000] {taskinstance.py:1361} INFO - Starting attempt 1 of 1
[2023-11-21T00:52:21.080+0000] {taskinstance.py:1382} INFO - Executing <Task(PythonOperator): transform> on 2023-11-06 00:00:00+00:00
[2023-11-21T00:52:21.095+0000] {standard_task_runner.py:57} INFO - Started process 182 to run task
[2023-11-21T00:52:21.121+0000] {standard_task_runner.py:84} INFO - Running: ['***', 'tasks', 'run', 'outcomes_dag', 'transform', 'scheduled__2023-11-06T00:00:00+00:00', '--job-id', '27', '--raw', '--subdir', 'DAGS_FOLDER/outcomes_dag.py', '--cfg-path', '/tmp/tmpyl3jzhzk']
[2023-11-21T00:52:21.129+0000] {standard_task_runner.py:85} INFO - Job 27: Subtask transform
[2023-11-21T00:52:21.288+0000] {task_command.py:416} INFO - Running <TaskInstance: outcomes_dag.transform scheduled__2023-11-06T00:00:00+00:00 [running]> on host 39ee77aaeaf9
[2023-11-21T00:52:22.269+0000] {taskinstance.py:1662} INFO - Exporting env vars: AIRFLOW_CTX_DAG_OWNER='***' AIRFLOW_CTX_DAG_ID='outcomes_dag' AIRFLOW_CTX_TASK_ID='transform' AIRFLOW_CTX_EXECUTION_DATE='2023-11-06T00:00:00+00:00' AIRFLOW_CTX_TRY_NUMBER='1' AIRFLOW_CTX_DAG_RUN_ID='scheduled__2023-11-06T00:00:00+00:00'
[2023-11-21T00:52:23.346+0000] {warnings.py:109} WARNING - /opt/***/dags/etl_scripts/transform.py:67: UserWarning: Could not infer format, so each element will be parsed individually, falling back to `dateutil`. To ensure parsing is consistent and as-expected, please specify a format.
  data['ts'] = pd.to_datetime(data.DateTime)

[2023-11-21T00:52:31.776+0000] {local_task_job_runner.py:228} INFO - Task exited with return code -9
[2023-11-21T00:52:31.894+0000] {taskinstance.py:2778} INFO - 0 downstream tasks scheduled from follow-on schedule check
[2023-11-21T03:55:42.011+0000] {taskinstance.py:1159} INFO - Dependencies all met for dep_context=non-requeueable deps ti=<TaskInstance: outcomes_dag.transform scheduled__2023-11-06T00:00:00+00:00 [queued]>
[2023-11-21T03:55:42.040+0000] {taskinstance.py:1159} INFO - Dependencies all met for dep_context=requeueable deps ti=<TaskInstance: outcomes_dag.transform scheduled__2023-11-06T00:00:00+00:00 [queued]>
[2023-11-21T03:55:42.043+0000] {taskinstance.py:1361} INFO - Starting attempt 1 of 1
[2023-11-21T03:55:42.061+0000] {taskinstance.py:1382} INFO - Executing <Task(PythonOperator): transform> on 2023-11-06 00:00:00+00:00
[2023-11-21T03:55:42.069+0000] {standard_task_runner.py:57} INFO - Started process 538 to run task
[2023-11-21T03:55:42.109+0000] {standard_task_runner.py:84} INFO - Running: ['***', 'tasks', 'run', 'outcomes_dag', 'transform', 'scheduled__2023-11-06T00:00:00+00:00', '--job-id', '27', '--raw', '--subdir', 'DAGS_FOLDER/outcomes_dag.py', '--cfg-path', '/tmp/tmpksq8b5iw']
[2023-11-21T03:55:42.117+0000] {standard_task_runner.py:85} INFO - Job 27: Subtask transform
[2023-11-21T03:55:42.226+0000] {task_command.py:416} INFO - Running <TaskInstance: outcomes_dag.transform scheduled__2023-11-06T00:00:00+00:00 [running]> on host a0f615083db8
[2023-11-21T03:55:45.831+0000] {taskinstance.py:1662} INFO - Exporting env vars: AIRFLOW_CTX_DAG_OWNER='***' AIRFLOW_CTX_DAG_ID='outcomes_dag' AIRFLOW_CTX_TASK_ID='transform' AIRFLOW_CTX_EXECUTION_DATE='2023-11-06T00:00:00+00:00' AIRFLOW_CTX_TRY_NUMBER='1' AIRFLOW_CTX_DAG_RUN_ID='scheduled__2023-11-06T00:00:00+00:00'
[2023-11-21T03:55:47.266+0000] {warnings.py:109} WARNING - /opt/***/dags/etl_scripts/transform.py:67: UserWarning: Could not infer format, so each element will be parsed individually, falling back to `dateutil`. To ensure parsing is consistent and as-expected, please specify a format.
  data['ts'] = pd.to_datetime(data.DateTime)

[2023-11-21T03:56:11.470+0000] {python.py:194} INFO - Done. Returned value was: None
[2023-11-21T03:56:11.576+0000] {taskinstance.py:1400} INFO - Marking task as SUCCESS. dag_id=outcomes_dag, task_id=transform, execution_date=20231106T000000, start_date=20231121T035542, end_date=20231121T035611
[2023-11-21T03:56:11.729+0000] {local_task_job_runner.py:228} INFO - Task exited with return code 0
[2023-11-21T03:56:11.962+0000] {taskinstance.py:2778} INFO - 3 downstream tasks scheduled from follow-on schedule check
[2023-11-21T05:29:28.292+0000] {taskinstance.py:1159} INFO - Dependencies all met for dep_context=non-requeueable deps ti=<TaskInstance: outcomes_dag.transform scheduled__2023-11-06T00:00:00+00:00 [queued]>
[2023-11-21T05:29:28.334+0000] {taskinstance.py:1159} INFO - Dependencies all met for dep_context=requeueable deps ti=<TaskInstance: outcomes_dag.transform scheduled__2023-11-06T00:00:00+00:00 [queued]>
[2023-11-21T05:29:28.335+0000] {taskinstance.py:1361} INFO - Starting attempt 1 of 1
[2023-11-21T05:29:28.411+0000] {taskinstance.py:1382} INFO - Executing <Task(PythonOperator): transform> on 2023-11-06 00:00:00+00:00
[2023-11-21T05:29:28.433+0000] {standard_task_runner.py:57} INFO - Started process 208 to run task
[2023-11-21T05:29:28.487+0000] {standard_task_runner.py:84} INFO - Running: ['***', 'tasks', 'run', 'outcomes_dag', 'transform', 'scheduled__2023-11-06T00:00:00+00:00', '--job-id', '27', '--raw', '--subdir', 'DAGS_FOLDER/outcomes_dag.py', '--cfg-path', '/tmp/tmpzlumk7hv']
[2023-11-21T05:29:28.557+0000] {standard_task_runner.py:85} INFO - Job 27: Subtask transform
[2023-11-21T05:29:28.919+0000] {task_command.py:416} INFO - Running <TaskInstance: outcomes_dag.transform scheduled__2023-11-06T00:00:00+00:00 [running]> on host 1df7871f6344
[2023-11-21T05:29:35.516+0000] {taskinstance.py:1662} INFO - Exporting env vars: AIRFLOW_CTX_DAG_OWNER='***' AIRFLOW_CTX_DAG_ID='outcomes_dag' AIRFLOW_CTX_TASK_ID='transform' AIRFLOW_CTX_EXECUTION_DATE='2023-11-06T00:00:00+00:00' AIRFLOW_CTX_TRY_NUMBER='1' AIRFLOW_CTX_DAG_RUN_ID='scheduled__2023-11-06T00:00:00+00:00'
[2023-11-21T05:29:37.827+0000] {warnings.py:109} WARNING - /opt/***/dags/etl_scripts/transform.py:67: UserWarning: Could not infer format, so each element will be parsed individually, falling back to `dateutil`. To ensure parsing is consistent and as-expected, please specify a format.
  data['ts'] = pd.to_datetime(data.DateTime)

[2023-11-21T05:29:52.469+0000] {local_task_job_runner.py:228} INFO - Task exited with return code -9
[2023-11-21T05:29:52.671+0000] {taskinstance.py:2778} INFO - 0 downstream tasks scheduled from follow-on schedule check
