[2023-11-21T00:00:11.661+0000] {taskinstance.py:1159} INFO - Dependencies all met for dep_context=non-requeueable deps ti=<TaskInstance: outcomes_dag.transform scheduled__2023-11-20T00:00:00+00:00 [queued]>
[2023-11-21T00:00:11.666+0000] {taskinstance.py:1159} INFO - Dependencies all met for dep_context=requeueable deps ti=<TaskInstance: outcomes_dag.transform scheduled__2023-11-20T00:00:00+00:00 [queued]>
[2023-11-21T00:00:11.666+0000] {taskinstance.py:1361} INFO - Starting attempt 1 of 1
[2023-11-21T00:00:11.673+0000] {taskinstance.py:1382} INFO - Executing <Task(PythonOperator): transform> on 2023-11-20 00:00:00+00:00
[2023-11-21T00:00:11.678+0000] {standard_task_runner.py:57} INFO - Started process 433 to run task
[2023-11-21T00:00:11.682+0000] {standard_task_runner.py:84} INFO - Running: ['***', 'tasks', 'run', 'outcomes_dag', 'transform', 'scheduled__2023-11-20T00:00:00+00:00', '--job-id', '47', '--raw', '--subdir', 'DAGS_FOLDER/outcomes_dag.py', '--cfg-path', '/tmp/tmp8_1jyy60']
[2023-11-21T00:00:11.689+0000] {standard_task_runner.py:85} INFO - Job 47: Subtask transform
[2023-11-21T00:00:11.745+0000] {task_command.py:416} INFO - Running <TaskInstance: outcomes_dag.transform scheduled__2023-11-20T00:00:00+00:00 [running]> on host 3aa39f73e581
[2023-11-21T00:00:11.999+0000] {taskinstance.py:1662} INFO - Exporting env vars: AIRFLOW_CTX_DAG_OWNER='***' AIRFLOW_CTX_DAG_ID='outcomes_dag' AIRFLOW_CTX_TASK_ID='transform' AIRFLOW_CTX_EXECUTION_DATE='2023-11-20T00:00:00+00:00' AIRFLOW_CTX_TRY_NUMBER='1' AIRFLOW_CTX_DAG_RUN_ID='scheduled__2023-11-20T00:00:00+00:00'
[2023-11-21T00:00:12.345+0000] {warnings.py:109} WARNING - /opt/***/dags/etl_scripts/transform.py:67: UserWarning: Could not infer format, so each element will be parsed individually, falling back to `dateutil`. To ensure parsing is consistent and as-expected, please specify a format.
  data['ts'] = pd.to_datetime(data.DateTime)

[2023-11-21T00:00:18.986+0000] {python.py:194} INFO - Done. Returned value was: None
[2023-11-21T00:00:19.002+0000] {taskinstance.py:1400} INFO - Marking task as SUCCESS. dag_id=outcomes_dag, task_id=transform, execution_date=20231120T000000, start_date=20231121T000011, end_date=20231121T000019
[2023-11-21T00:00:19.044+0000] {local_task_job_runner.py:228} INFO - Task exited with return code 0
[2023-11-21T00:00:19.081+0000] {taskinstance.py:2778} INFO - 3 downstream tasks scheduled from follow-on schedule check
[2023-11-21T00:52:58.642+0000] {taskinstance.py:1159} INFO - Dependencies all met for dep_context=non-requeueable deps ti=<TaskInstance: outcomes_dag.transform scheduled__2023-11-20T00:00:00+00:00 [queued]>
[2023-11-21T00:52:58.656+0000] {taskinstance.py:1159} INFO - Dependencies all met for dep_context=requeueable deps ti=<TaskInstance: outcomes_dag.transform scheduled__2023-11-20T00:00:00+00:00 [queued]>
[2023-11-21T00:52:58.657+0000] {taskinstance.py:1361} INFO - Starting attempt 1 of 1
[2023-11-21T00:52:58.665+0000] {taskinstance.py:1382} INFO - Executing <Task(PythonOperator): transform> on 2023-11-20 00:00:00+00:00
[2023-11-21T00:52:58.673+0000] {standard_task_runner.py:57} INFO - Started process 230 to run task
[2023-11-21T00:52:58.678+0000] {standard_task_runner.py:84} INFO - Running: ['***', 'tasks', 'run', 'outcomes_dag', 'transform', 'scheduled__2023-11-20T00:00:00+00:00', '--job-id', '37', '--raw', '--subdir', 'DAGS_FOLDER/outcomes_dag.py', '--cfg-path', '/tmp/tmpswplucd0']
[2023-11-21T00:52:58.683+0000] {standard_task_runner.py:85} INFO - Job 37: Subtask transform
[2023-11-21T00:52:58.720+0000] {task_command.py:416} INFO - Running <TaskInstance: outcomes_dag.transform scheduled__2023-11-20T00:00:00+00:00 [running]> on host 39ee77aaeaf9
[2023-11-21T00:52:58.963+0000] {taskinstance.py:1662} INFO - Exporting env vars: AIRFLOW_CTX_DAG_OWNER='***' AIRFLOW_CTX_DAG_ID='outcomes_dag' AIRFLOW_CTX_TASK_ID='transform' AIRFLOW_CTX_EXECUTION_DATE='2023-11-20T00:00:00+00:00' AIRFLOW_CTX_TRY_NUMBER='1' AIRFLOW_CTX_DAG_RUN_ID='scheduled__2023-11-20T00:00:00+00:00'
[2023-11-21T00:52:59.278+0000] {warnings.py:109} WARNING - /opt/***/dags/etl_scripts/transform.py:67: UserWarning: Could not infer format, so each element will be parsed individually, falling back to `dateutil`. To ensure parsing is consistent and as-expected, please specify a format.
  data['ts'] = pd.to_datetime(data.DateTime)

[2023-11-21T00:53:05.608+0000] {taskinstance.py:1937} ERROR - Task failed with exception
Traceback (most recent call last):
  File "/home/airflow/.local/lib/python3.8/site-packages/airflow/operators/python.py", line 192, in execute
    return_value = self.execute_callable()
  File "/home/airflow/.local/lib/python3.8/site-packages/airflow/operators/python.py", line 209, in execute_callable
    return self.python_callable(*self.op_args, **self.op_kwargs)
  File "/opt/airflow/dags/etl_scripts/transform.py", line 21, in transform_data
    new_data = prep_data(new_data)
  File "/opt/airflow/dags/etl_scripts/transform.py", line 75, in prep_data
    data = data.drop_duplicates(subset=['animal_id'])
  File "/home/airflow/.local/lib/python3.8/site-packages/pandas/core/frame.py", line 6522, in drop_duplicates
    result = self[-self.duplicated(subset, keep=keep)]
  File "/home/airflow/.local/lib/python3.8/site-packages/pandas/core/frame.py", line 6654, in duplicated
    raise KeyError(Index(diff))
KeyError: Index(['animal_id'], dtype='object')
[2023-11-21T00:53:05.623+0000] {taskinstance.py:1400} INFO - Marking task as FAILED. dag_id=outcomes_dag, task_id=transform, execution_date=20231120T000000, start_date=20231121T005258, end_date=20231121T005305
[2023-11-21T00:53:05.633+0000] {standard_task_runner.py:104} ERROR - Failed to execute job 37 for task transform (Index(['animal_id'], dtype='object'); 230)
[2023-11-21T00:53:05.661+0000] {local_task_job_runner.py:228} INFO - Task exited with return code 1
[2023-11-21T00:53:05.681+0000] {taskinstance.py:2778} INFO - 0 downstream tasks scheduled from follow-on schedule check
[2023-11-21T01:00:34.261+0000] {taskinstance.py:1159} INFO - Dependencies all met for dep_context=non-requeueable deps ti=<TaskInstance: outcomes_dag.transform scheduled__2023-11-20T00:00:00+00:00 [queued]>
[2023-11-21T01:00:34.314+0000] {taskinstance.py:1159} INFO - Dependencies all met for dep_context=requeueable deps ti=<TaskInstance: outcomes_dag.transform scheduled__2023-11-20T00:00:00+00:00 [queued]>
[2023-11-21T01:00:34.315+0000] {taskinstance.py:1361} INFO - Starting attempt 1 of 1
[2023-11-21T01:00:34.379+0000] {taskinstance.py:1382} INFO - Executing <Task(PythonOperator): transform> on 2023-11-20 00:00:00+00:00
[2023-11-21T01:00:34.411+0000] {standard_task_runner.py:57} INFO - Started process 263 to run task
[2023-11-21T01:00:34.450+0000] {standard_task_runner.py:84} INFO - Running: ['***', 'tasks', 'run', 'outcomes_dag', 'transform', 'scheduled__2023-11-20T00:00:00+00:00', '--job-id', '38', '--raw', '--subdir', 'DAGS_FOLDER/outcomes_dag.py', '--cfg-path', '/tmp/tmpiyhtxm12']
[2023-11-21T01:00:34.480+0000] {standard_task_runner.py:85} INFO - Job 38: Subtask transform
[2023-11-21T01:00:34.844+0000] {task_command.py:416} INFO - Running <TaskInstance: outcomes_dag.transform scheduled__2023-11-20T00:00:00+00:00 [running]> on host bf1573643830
[2023-11-21T01:00:38.235+0000] {local_task_job_runner.py:228} INFO - Task exited with return code -9
[2023-11-21T01:00:39.188+0000] {taskinstance.py:2778} INFO - 0 downstream tasks scheduled from follow-on schedule check
[2023-11-21T01:15:02.194+0000] {taskinstance.py:1159} INFO - Dependencies all met for dep_context=non-requeueable deps ti=<TaskInstance: outcomes_dag.transform scheduled__2023-11-20T00:00:00+00:00 [queued]>
[2023-11-21T01:15:02.204+0000] {taskinstance.py:1159} INFO - Dependencies all met for dep_context=requeueable deps ti=<TaskInstance: outcomes_dag.transform scheduled__2023-11-20T00:00:00+00:00 [queued]>
[2023-11-21T01:15:02.205+0000] {taskinstance.py:1361} INFO - Starting attempt 1 of 1
[2023-11-21T01:15:02.218+0000] {taskinstance.py:1382} INFO - Executing <Task(PythonOperator): transform> on 2023-11-20 00:00:00+00:00
[2023-11-21T01:15:02.226+0000] {standard_task_runner.py:57} INFO - Started process 373 to run task
[2023-11-21T01:15:02.233+0000] {standard_task_runner.py:84} INFO - Running: ['***', 'tasks', 'run', 'outcomes_dag', 'transform', 'scheduled__2023-11-20T00:00:00+00:00', '--job-id', '45', '--raw', '--subdir', 'DAGS_FOLDER/outcomes_dag.py', '--cfg-path', '/tmp/tmp0b0djl1s']
[2023-11-21T01:15:02.241+0000] {standard_task_runner.py:85} INFO - Job 45: Subtask transform
[2023-11-21T01:15:02.293+0000] {task_command.py:416} INFO - Running <TaskInstance: outcomes_dag.transform scheduled__2023-11-20T00:00:00+00:00 [running]> on host 9a73044c5577
[2023-11-21T01:15:02.682+0000] {taskinstance.py:1662} INFO - Exporting env vars: AIRFLOW_CTX_DAG_OWNER='***' AIRFLOW_CTX_DAG_ID='outcomes_dag' AIRFLOW_CTX_TASK_ID='transform' AIRFLOW_CTX_EXECUTION_DATE='2023-11-20T00:00:00+00:00' AIRFLOW_CTX_TRY_NUMBER='1' AIRFLOW_CTX_DAG_RUN_ID='scheduled__2023-11-20T00:00:00+00:00'
[2023-11-21T01:15:03.024+0000] {warnings.py:109} WARNING - /opt/***/dags/etl_scripts/transform.py:67: UserWarning: Could not infer format, so each element will be parsed individually, falling back to `dateutil`. To ensure parsing is consistent and as-expected, please specify a format.
  data['ts'] = pd.to_datetime(data.DateTime)

[2023-11-21T01:15:11.340+0000] {python.py:194} INFO - Done. Returned value was: None
[2023-11-21T01:15:11.352+0000] {taskinstance.py:1400} INFO - Marking task as SUCCESS. dag_id=outcomes_dag, task_id=transform, execution_date=20231120T000000, start_date=20231121T011502, end_date=20231121T011511
[2023-11-21T01:15:11.434+0000] {local_task_job_runner.py:228} INFO - Task exited with return code 0
[2023-11-21T01:15:11.482+0000] {taskinstance.py:2778} INFO - 3 downstream tasks scheduled from follow-on schedule check
[2023-11-21T03:56:57.896+0000] {taskinstance.py:1159} INFO - Dependencies all met for dep_context=non-requeueable deps ti=<TaskInstance: outcomes_dag.transform scheduled__2023-11-20T00:00:00+00:00 [queued]>
[2023-11-21T03:56:57.962+0000] {taskinstance.py:1159} INFO - Dependencies all met for dep_context=requeueable deps ti=<TaskInstance: outcomes_dag.transform scheduled__2023-11-20T00:00:00+00:00 [queued]>
[2023-11-21T03:56:57.965+0000] {taskinstance.py:1361} INFO - Starting attempt 1 of 1
[2023-11-21T03:56:58.010+0000] {taskinstance.py:1382} INFO - Executing <Task(PythonOperator): transform> on 2023-11-20 00:00:00+00:00
[2023-11-21T03:56:58.062+0000] {standard_task_runner.py:57} INFO - Started process 732 to run task
[2023-11-21T03:56:58.090+0000] {standard_task_runner.py:84} INFO - Running: ['***', 'tasks', 'run', 'outcomes_dag', 'transform', 'scheduled__2023-11-20T00:00:00+00:00', '--job-id', '50', '--raw', '--subdir', 'DAGS_FOLDER/outcomes_dag.py', '--cfg-path', '/tmp/tmpmuysvaos']
[2023-11-21T03:56:58.151+0000] {standard_task_runner.py:85} INFO - Job 50: Subtask transform
[2023-11-21T03:56:58.398+0000] {task_command.py:416} INFO - Running <TaskInstance: outcomes_dag.transform scheduled__2023-11-20T00:00:00+00:00 [running]> on host a0f615083db8
[2023-11-21T03:56:59.742+0000] {taskinstance.py:1662} INFO - Exporting env vars: AIRFLOW_CTX_DAG_OWNER='***' AIRFLOW_CTX_DAG_ID='outcomes_dag' AIRFLOW_CTX_TASK_ID='transform' AIRFLOW_CTX_EXECUTION_DATE='2023-11-20T00:00:00+00:00' AIRFLOW_CTX_TRY_NUMBER='1' AIRFLOW_CTX_DAG_RUN_ID='scheduled__2023-11-20T00:00:00+00:00'
[2023-11-21T03:57:00.759+0000] {warnings.py:109} WARNING - /opt/***/dags/etl_scripts/transform.py:67: UserWarning: Could not infer format, so each element will be parsed individually, falling back to `dateutil`. To ensure parsing is consistent and as-expected, please specify a format.
  data['ts'] = pd.to_datetime(data.DateTime)

[2023-11-21T03:57:20.620+0000] {python.py:194} INFO - Done. Returned value was: None
[2023-11-21T03:57:20.690+0000] {taskinstance.py:1400} INFO - Marking task as SUCCESS. dag_id=outcomes_dag, task_id=transform, execution_date=20231120T000000, start_date=20231121T035657, end_date=20231121T035720
[2023-11-21T03:57:20.833+0000] {local_task_job_runner.py:228} INFO - Task exited with return code 0
[2023-11-21T03:57:20.939+0000] {taskinstance.py:2778} INFO - 3 downstream tasks scheduled from follow-on schedule check
[2023-11-21T04:17:29.173+0000] {taskinstance.py:1159} INFO - Dependencies all met for dep_context=non-requeueable deps ti=<TaskInstance: outcomes_dag.transform scheduled__2023-11-20T00:00:00+00:00 [queued]>
[2023-11-21T04:17:29.223+0000] {taskinstance.py:1159} INFO - Dependencies all met for dep_context=requeueable deps ti=<TaskInstance: outcomes_dag.transform scheduled__2023-11-20T00:00:00+00:00 [queued]>
[2023-11-21T04:17:29.224+0000] {taskinstance.py:1361} INFO - Starting attempt 1 of 1
[2023-11-21T04:17:29.251+0000] {taskinstance.py:1382} INFO - Executing <Task(PythonOperator): transform> on 2023-11-20 00:00:00+00:00
[2023-11-21T04:17:29.271+0000] {standard_task_runner.py:57} INFO - Started process 313 to run task
[2023-11-21T04:17:29.291+0000] {standard_task_runner.py:84} INFO - Running: ['***', 'tasks', 'run', 'outcomes_dag', 'transform', 'scheduled__2023-11-20T00:00:00+00:00', '--job-id', '39', '--raw', '--subdir', 'DAGS_FOLDER/outcomes_dag.py', '--cfg-path', '/tmp/tmpjx1kaf78']
[2023-11-21T04:17:29.309+0000] {standard_task_runner.py:85} INFO - Job 39: Subtask transform
[2023-11-21T04:17:29.485+0000] {task_command.py:416} INFO - Running <TaskInstance: outcomes_dag.transform scheduled__2023-11-20T00:00:00+00:00 [running]> on host dc3ce06c67c1
[2023-11-21T04:17:31.209+0000] {taskinstance.py:1662} INFO - Exporting env vars: AIRFLOW_CTX_DAG_OWNER='***' AIRFLOW_CTX_DAG_ID='outcomes_dag' AIRFLOW_CTX_TASK_ID='transform' AIRFLOW_CTX_EXECUTION_DATE='2023-11-20T00:00:00+00:00' AIRFLOW_CTX_TRY_NUMBER='1' AIRFLOW_CTX_DAG_RUN_ID='scheduled__2023-11-20T00:00:00+00:00'
[2023-11-21T04:17:32.023+0000] {warnings.py:109} WARNING - /opt/***/dags/etl_scripts/transform.py:67: UserWarning: Could not infer format, so each element will be parsed individually, falling back to `dateutil`. To ensure parsing is consistent and as-expected, please specify a format.
  data['ts'] = pd.to_datetime(data.DateTime)

[2023-11-21T04:17:50.937+0000] {python.py:194} INFO - Done. Returned value was: None
[2023-11-21T04:17:51.111+0000] {taskinstance.py:1400} INFO - Marking task as SUCCESS. dag_id=outcomes_dag, task_id=transform, execution_date=20231120T000000, start_date=20231121T041729, end_date=20231121T041751
[2023-11-21T04:17:51.283+0000] {local_task_job_runner.py:228} INFO - Task exited with return code 0
[2023-11-21T04:17:51.602+0000] {taskinstance.py:2778} INFO - 3 downstream tasks scheduled from follow-on schedule check
[2023-11-21T04:47:12.737+0000] {taskinstance.py:1159} INFO - Dependencies all met for dep_context=non-requeueable deps ti=<TaskInstance: outcomes_dag.transform scheduled__2023-11-20T00:00:00+00:00 [queued]>
[2023-11-21T04:47:12.742+0000] {taskinstance.py:1159} INFO - Dependencies all met for dep_context=requeueable deps ti=<TaskInstance: outcomes_dag.transform scheduled__2023-11-20T00:00:00+00:00 [queued]>
[2023-11-21T04:47:12.742+0000] {taskinstance.py:1361} INFO - Starting attempt 1 of 1
[2023-11-21T04:47:12.748+0000] {taskinstance.py:1382} INFO - Executing <Task(PythonOperator): transform> on 2023-11-20 00:00:00+00:00
[2023-11-21T04:47:12.754+0000] {standard_task_runner.py:57} INFO - Started process 270 to run task
[2023-11-21T04:47:12.759+0000] {standard_task_runner.py:84} INFO - Running: ['***', 'tasks', 'run', 'outcomes_dag', 'transform', 'scheduled__2023-11-20T00:00:00+00:00', '--job-id', '37', '--raw', '--subdir', 'DAGS_FOLDER/outcomes_dag.py', '--cfg-path', '/tmp/tmplq5ke60k']
[2023-11-21T04:47:12.777+0000] {standard_task_runner.py:85} INFO - Job 37: Subtask transform
[2023-11-21T04:47:12.831+0000] {task_command.py:416} INFO - Running <TaskInstance: outcomes_dag.transform scheduled__2023-11-20T00:00:00+00:00 [running]> on host de20a855d915
[2023-11-21T04:47:13.160+0000] {taskinstance.py:1662} INFO - Exporting env vars: AIRFLOW_CTX_DAG_OWNER='***' AIRFLOW_CTX_DAG_ID='outcomes_dag' AIRFLOW_CTX_TASK_ID='transform' AIRFLOW_CTX_EXECUTION_DATE='2023-11-20T00:00:00+00:00' AIRFLOW_CTX_TRY_NUMBER='1' AIRFLOW_CTX_DAG_RUN_ID='scheduled__2023-11-20T00:00:00+00:00'
[2023-11-21T04:47:13.554+0000] {warnings.py:109} WARNING - /opt/***/dags/etl_scripts/transform.py:67: UserWarning: Could not infer format, so each element will be parsed individually, falling back to `dateutil`. To ensure parsing is consistent and as-expected, please specify a format.
  data['ts'] = pd.to_datetime(data.DateTime)

[2023-11-21T04:47:28.072+0000] {local_task_job_runner.py:228} INFO - Task exited with return code -9
[2023-11-21T04:47:28.655+0000] {taskinstance.py:2778} INFO - 0 downstream tasks scheduled from follow-on schedule check
[2023-11-21T04:57:36.360+0000] {taskinstance.py:1159} INFO - Dependencies all met for dep_context=non-requeueable deps ti=<TaskInstance: outcomes_dag.transform scheduled__2023-11-20T00:00:00+00:00 [queued]>
[2023-11-21T04:57:36.398+0000] {taskinstance.py:1159} INFO - Dependencies all met for dep_context=requeueable deps ti=<TaskInstance: outcomes_dag.transform scheduled__2023-11-20T00:00:00+00:00 [queued]>
[2023-11-21T04:57:36.400+0000] {taskinstance.py:1361} INFO - Starting attempt 1 of 1
[2023-11-21T04:57:36.447+0000] {taskinstance.py:1382} INFO - Executing <Task(PythonOperator): transform> on 2023-11-20 00:00:00+00:00
[2023-11-21T04:57:36.499+0000] {standard_task_runner.py:57} INFO - Started process 302 to run task
[2023-11-21T04:57:36.530+0000] {standard_task_runner.py:84} INFO - Running: ['***', 'tasks', 'run', 'outcomes_dag', 'transform', 'scheduled__2023-11-20T00:00:00+00:00', '--job-id', '36', '--raw', '--subdir', 'DAGS_FOLDER/outcomes_dag.py', '--cfg-path', '/tmp/tmpo8kw2ffn']
[2023-11-21T04:57:36.539+0000] {standard_task_runner.py:85} INFO - Job 36: Subtask transform
[2023-11-21T04:57:36.848+0000] {task_command.py:416} INFO - Running <TaskInstance: outcomes_dag.transform scheduled__2023-11-20T00:00:00+00:00 [running]> on host 921d770aa62c
[2023-11-21T04:57:41.900+0000] {taskinstance.py:1662} INFO - Exporting env vars: AIRFLOW_CTX_DAG_OWNER='***' AIRFLOW_CTX_DAG_ID='outcomes_dag' AIRFLOW_CTX_TASK_ID='transform' AIRFLOW_CTX_EXECUTION_DATE='2023-11-20T00:00:00+00:00' AIRFLOW_CTX_TRY_NUMBER='1' AIRFLOW_CTX_DAG_RUN_ID='scheduled__2023-11-20T00:00:00+00:00'
[2023-11-21T04:57:47.437+0000] {warnings.py:109} WARNING - /opt/***/dags/etl_scripts/transform.py:67: UserWarning: Could not infer format, so each element will be parsed individually, falling back to `dateutil`. To ensure parsing is consistent and as-expected, please specify a format.
  data['ts'] = pd.to_datetime(data.DateTime)

[2023-11-21T04:58:12.017+0000] {python.py:194} INFO - Done. Returned value was: None
[2023-11-21T04:58:12.098+0000] {taskinstance.py:1400} INFO - Marking task as SUCCESS. dag_id=outcomes_dag, task_id=transform, execution_date=20231120T000000, start_date=20231121T045736, end_date=20231121T045812
[2023-11-21T04:58:12.252+0000] {local_task_job_runner.py:228} INFO - Task exited with return code 0
[2023-11-21T04:58:12.411+0000] {taskinstance.py:2778} INFO - 3 downstream tasks scheduled from follow-on schedule check
[2023-11-21T05:30:05.334+0000] {taskinstance.py:1159} INFO - Dependencies all met for dep_context=non-requeueable deps ti=<TaskInstance: outcomes_dag.transform scheduled__2023-11-20T00:00:00+00:00 [queued]>
[2023-11-21T05:30:05.346+0000] {taskinstance.py:1159} INFO - Dependencies all met for dep_context=requeueable deps ti=<TaskInstance: outcomes_dag.transform scheduled__2023-11-20T00:00:00+00:00 [queued]>
[2023-11-21T05:30:05.347+0000] {taskinstance.py:1361} INFO - Starting attempt 1 of 1
[2023-11-21T05:30:05.387+0000] {taskinstance.py:1382} INFO - Executing <Task(PythonOperator): transform> on 2023-11-20 00:00:00+00:00
[2023-11-21T05:30:05.403+0000] {standard_task_runner.py:57} INFO - Started process 257 to run task
[2023-11-21T05:30:05.421+0000] {standard_task_runner.py:84} INFO - Running: ['***', 'tasks', 'run', 'outcomes_dag', 'transform', 'scheduled__2023-11-20T00:00:00+00:00', '--job-id', '35', '--raw', '--subdir', 'DAGS_FOLDER/outcomes_dag.py', '--cfg-path', '/tmp/tmp1eci9i_v']
[2023-11-21T05:30:05.430+0000] {standard_task_runner.py:85} INFO - Job 35: Subtask transform
[2023-11-21T05:30:05.557+0000] {task_command.py:416} INFO - Running <TaskInstance: outcomes_dag.transform scheduled__2023-11-20T00:00:00+00:00 [running]> on host 1df7871f6344
[2023-11-21T05:30:08.201+0000] {taskinstance.py:1662} INFO - Exporting env vars: AIRFLOW_CTX_DAG_OWNER='***' AIRFLOW_CTX_DAG_ID='outcomes_dag' AIRFLOW_CTX_TASK_ID='transform' AIRFLOW_CTX_EXECUTION_DATE='2023-11-20T00:00:00+00:00' AIRFLOW_CTX_TRY_NUMBER='1' AIRFLOW_CTX_DAG_RUN_ID='scheduled__2023-11-20T00:00:00+00:00'
[2023-11-21T05:30:09.863+0000] {warnings.py:109} WARNING - /opt/***/dags/etl_scripts/transform.py:67: UserWarning: Could not infer format, so each element will be parsed individually, falling back to `dateutil`. To ensure parsing is consistent and as-expected, please specify a format.
  data['ts'] = pd.to_datetime(data.DateTime)

[2023-11-21T05:30:20.040+0000] {local_task_job_runner.py:228} INFO - Task exited with return code -9
[2023-11-21T05:30:20.620+0000] {taskinstance.py:2778} INFO - 0 downstream tasks scheduled from follow-on schedule check
