[2023-11-21T01:14:38.750+0000] {taskinstance.py:1159} INFO - Dependencies all met for dep_context=non-requeueable deps ti=<TaskInstance: outcomes_dag.load_animal_dim scheduled__2023-11-12T00:00:00+00:00 [queued]>
[2023-11-21T01:14:38.911+0000] {taskinstance.py:1159} INFO - Dependencies all met for dep_context=requeueable deps ti=<TaskInstance: outcomes_dag.load_animal_dim scheduled__2023-11-12T00:00:00+00:00 [queued]>
[2023-11-21T01:14:38.912+0000] {taskinstance.py:1361} INFO - Starting attempt 1 of 1
[2023-11-21T01:14:39.128+0000] {taskinstance.py:1382} INFO - Executing <Task(PythonOperator): load_animal_dim> on 2023-11-12 00:00:00+00:00
[2023-11-21T01:14:39.173+0000] {standard_task_runner.py:57} INFO - Started process 282 to run task
[2023-11-21T01:14:39.225+0000] {standard_task_runner.py:84} INFO - Running: ['***', 'tasks', 'run', 'outcomes_dag', 'load_animal_dim', 'scheduled__2023-11-12T00:00:00+00:00', '--job-id', '37', '--raw', '--subdir', 'DAGS_FOLDER/outcomes_dag.py', '--cfg-path', '/tmp/tmpuk4alq39']
[2023-11-21T01:14:39.287+0000] {standard_task_runner.py:85} INFO - Job 37: Subtask load_animal_dim
[2023-11-21T01:14:39.699+0000] {task_command.py:416} INFO - Running <TaskInstance: outcomes_dag.load_animal_dim scheduled__2023-11-12T00:00:00+00:00 [running]> on host 9a73044c5577
[2023-11-21T01:14:45.132+0000] {taskinstance.py:1662} INFO - Exporting env vars: AIRFLOW_CTX_DAG_OWNER='***' AIRFLOW_CTX_DAG_ID='outcomes_dag' AIRFLOW_CTX_TASK_ID='load_animal_dim' AIRFLOW_CTX_EXECUTION_DATE='2023-11-12T00:00:00+00:00' AIRFLOW_CTX_TRY_NUMBER='1' AIRFLOW_CTX_DAG_RUN_ID='scheduled__2023-11-12T00:00:00+00:00'
[2023-11-21T01:14:50.949+0000] {local_task_job_runner.py:228} INFO - Task exited with return code -9
[2023-11-21T01:14:51.259+0000] {taskinstance.py:2778} INFO - 0 downstream tasks scheduled from follow-on schedule check
[2023-11-21T03:56:32.098+0000] {taskinstance.py:1159} INFO - Dependencies all met for dep_context=non-requeueable deps ti=<TaskInstance: outcomes_dag.load_animal_dim scheduled__2023-11-12T00:00:00+00:00 [queued]>
[2023-11-21T03:56:32.118+0000] {taskinstance.py:1159} INFO - Dependencies all met for dep_context=requeueable deps ti=<TaskInstance: outcomes_dag.load_animal_dim scheduled__2023-11-12T00:00:00+00:00 [queued]>
[2023-11-21T03:56:32.130+0000] {taskinstance.py:1361} INFO - Starting attempt 1 of 1
[2023-11-21T03:56:32.181+0000] {taskinstance.py:1382} INFO - Executing <Task(PythonOperator): load_animal_dim> on 2023-11-12 00:00:00+00:00
[2023-11-21T03:56:32.192+0000] {standard_task_runner.py:57} INFO - Started process 672 to run task
[2023-11-21T03:56:32.201+0000] {standard_task_runner.py:84} INFO - Running: ['***', 'tasks', 'run', 'outcomes_dag', 'load_animal_dim', 'scheduled__2023-11-12T00:00:00+00:00', '--job-id', '45', '--raw', '--subdir', 'DAGS_FOLDER/outcomes_dag.py', '--cfg-path', '/tmp/tmph5ycffbu']
[2023-11-21T03:56:32.208+0000] {standard_task_runner.py:85} INFO - Job 45: Subtask load_animal_dim
[2023-11-21T03:56:32.317+0000] {task_command.py:416} INFO - Running <TaskInstance: outcomes_dag.load_animal_dim scheduled__2023-11-12T00:00:00+00:00 [running]> on host a0f615083db8
[2023-11-21T03:56:38.674+0000] {taskinstance.py:1662} INFO - Exporting env vars: AIRFLOW_CTX_DAG_OWNER='***' AIRFLOW_CTX_DAG_ID='outcomes_dag' AIRFLOW_CTX_TASK_ID='load_animal_dim' AIRFLOW_CTX_EXECUTION_DATE='2023-11-12T00:00:00+00:00' AIRFLOW_CTX_TRY_NUMBER='1' AIRFLOW_CTX_DAG_RUN_ID='scheduled__2023-11-12T00:00:00+00:00'
[2023-11-21T03:56:44.208+0000] {local_task_job_runner.py:228} INFO - Task exited with return code -9
[2023-11-21T03:56:44.554+0000] {taskinstance.py:2778} INFO - 0 downstream tasks scheduled from follow-on schedule check
