[2023-11-21T03:55:29.795+0000] {taskinstance.py:1159} INFO - Dependencies all met for dep_context=non-requeueable deps ti=<TaskInstance: outcomes_dag.transform scheduled__2023-11-05T00:00:00+00:00 [queued]>
[2023-11-21T03:55:29.819+0000] {taskinstance.py:1159} INFO - Dependencies all met for dep_context=requeueable deps ti=<TaskInstance: outcomes_dag.transform scheduled__2023-11-05T00:00:00+00:00 [queued]>
[2023-11-21T03:55:29.820+0000] {taskinstance.py:1361} INFO - Starting attempt 1 of 1
[2023-11-21T03:55:29.873+0000] {taskinstance.py:1382} INFO - Executing <Task(PythonOperator): transform> on 2023-11-05 00:00:00+00:00
[2023-11-21T03:55:29.887+0000] {standard_task_runner.py:57} INFO - Started process 518 to run task
[2023-11-21T03:55:29.939+0000] {standard_task_runner.py:84} INFO - Running: ['***', 'tasks', 'run', 'outcomes_dag', 'transform', 'scheduled__2023-11-05T00:00:00+00:00', '--job-id', '23', '--raw', '--subdir', 'DAGS_FOLDER/outcomes_dag.py', '--cfg-path', '/tmp/tmpux5z6rhp']
[2023-11-21T03:55:30.229+0000] {standard_task_runner.py:85} INFO - Job 23: Subtask transform
[2023-11-21T03:55:31.455+0000] {task_command.py:416} INFO - Running <TaskInstance: outcomes_dag.transform scheduled__2023-11-05T00:00:00+00:00 [running]> on host a0f615083db8
[2023-11-21T03:55:37.468+0000] {taskinstance.py:1662} INFO - Exporting env vars: AIRFLOW_CTX_DAG_OWNER='***' AIRFLOW_CTX_DAG_ID='outcomes_dag' AIRFLOW_CTX_TASK_ID='transform' AIRFLOW_CTX_EXECUTION_DATE='2023-11-05T00:00:00+00:00' AIRFLOW_CTX_TRY_NUMBER='1' AIRFLOW_CTX_DAG_RUN_ID='scheduled__2023-11-05T00:00:00+00:00'
[2023-11-21T03:55:39.544+0000] {warnings.py:109} WARNING - /opt/***/dags/etl_scripts/transform.py:67: UserWarning: Could not infer format, so each element will be parsed individually, falling back to `dateutil`. To ensure parsing is consistent and as-expected, please specify a format.
  data['ts'] = pd.to_datetime(data.DateTime)

[2023-11-21T03:56:05.240+0000] {python.py:194} INFO - Done. Returned value was: None
[2023-11-21T03:56:05.329+0000] {taskinstance.py:1400} INFO - Marking task as SUCCESS. dag_id=outcomes_dag, task_id=transform, execution_date=20231105T000000, start_date=20231121T035529, end_date=20231121T035605
[2023-11-21T03:56:05.465+0000] {local_task_job_runner.py:228} INFO - Task exited with return code 0
[2023-11-21T03:56:05.619+0000] {taskinstance.py:2778} INFO - 3 downstream tasks scheduled from follow-on schedule check
[2023-11-21T04:46:29.397+0000] {taskinstance.py:1159} INFO - Dependencies all met for dep_context=non-requeueable deps ti=<TaskInstance: outcomes_dag.transform scheduled__2023-11-05T00:00:00+00:00 [queued]>
[2023-11-21T04:46:29.441+0000] {taskinstance.py:1159} INFO - Dependencies all met for dep_context=requeueable deps ti=<TaskInstance: outcomes_dag.transform scheduled__2023-11-05T00:00:00+00:00 [queued]>
[2023-11-21T04:46:29.449+0000] {taskinstance.py:1361} INFO - Starting attempt 1 of 1
[2023-11-21T04:46:29.531+0000] {taskinstance.py:1382} INFO - Executing <Task(PythonOperator): transform> on 2023-11-05 00:00:00+00:00
[2023-11-21T04:46:29.555+0000] {standard_task_runner.py:57} INFO - Started process 183 to run task
[2023-11-21T04:46:29.574+0000] {standard_task_runner.py:84} INFO - Running: ['***', 'tasks', 'run', 'outcomes_dag', 'transform', 'scheduled__2023-11-05T00:00:00+00:00', '--job-id', '24', '--raw', '--subdir', 'DAGS_FOLDER/outcomes_dag.py', '--cfg-path', '/tmp/tmppkuhqq5s']
[2023-11-21T04:46:29.589+0000] {standard_task_runner.py:85} INFO - Job 24: Subtask transform
[2023-11-21T04:46:29.748+0000] {task_command.py:416} INFO - Running <TaskInstance: outcomes_dag.transform scheduled__2023-11-05T00:00:00+00:00 [running]> on host de20a855d915
[2023-11-21T04:46:31.981+0000] {taskinstance.py:1662} INFO - Exporting env vars: AIRFLOW_CTX_DAG_OWNER='***' AIRFLOW_CTX_DAG_ID='outcomes_dag' AIRFLOW_CTX_TASK_ID='transform' AIRFLOW_CTX_EXECUTION_DATE='2023-11-05T00:00:00+00:00' AIRFLOW_CTX_TRY_NUMBER='1' AIRFLOW_CTX_DAG_RUN_ID='scheduled__2023-11-05T00:00:00+00:00'
[2023-11-21T04:46:33.352+0000] {local_task_job_runner.py:228} INFO - Task exited with return code -9
[2023-11-21T04:46:33.976+0000] {taskinstance.py:2778} INFO - 0 downstream tasks scheduled from follow-on schedule check
[2023-11-21T04:56:28.433+0000] {taskinstance.py:1159} INFO - Dependencies all met for dep_context=non-requeueable deps ti=<TaskInstance: outcomes_dag.transform scheduled__2023-11-05T00:00:00+00:00 [queued]>
[2023-11-21T04:56:28.466+0000] {taskinstance.py:1159} INFO - Dependencies all met for dep_context=requeueable deps ti=<TaskInstance: outcomes_dag.transform scheduled__2023-11-05T00:00:00+00:00 [queued]>
[2023-11-21T04:56:28.472+0000] {taskinstance.py:1361} INFO - Starting attempt 1 of 1
[2023-11-21T04:56:28.530+0000] {taskinstance.py:1382} INFO - Executing <Task(PythonOperator): transform> on 2023-11-05 00:00:00+00:00
[2023-11-21T04:56:28.542+0000] {standard_task_runner.py:57} INFO - Started process 231 to run task
[2023-11-21T04:56:28.551+0000] {standard_task_runner.py:84} INFO - Running: ['***', 'tasks', 'run', 'outcomes_dag', 'transform', 'scheduled__2023-11-05T00:00:00+00:00', '--job-id', '20', '--raw', '--subdir', 'DAGS_FOLDER/outcomes_dag.py', '--cfg-path', '/tmp/tmpoaoxk9u1']
[2023-11-21T04:56:28.561+0000] {standard_task_runner.py:85} INFO - Job 20: Subtask transform
[2023-11-21T04:56:28.814+0000] {task_command.py:416} INFO - Running <TaskInstance: outcomes_dag.transform scheduled__2023-11-05T00:00:00+00:00 [running]> on host 921d770aa62c
[2023-11-21T04:56:30.865+0000] {taskinstance.py:1662} INFO - Exporting env vars: AIRFLOW_CTX_DAG_OWNER='***' AIRFLOW_CTX_DAG_ID='outcomes_dag' AIRFLOW_CTX_TASK_ID='transform' AIRFLOW_CTX_EXECUTION_DATE='2023-11-05T00:00:00+00:00' AIRFLOW_CTX_TRY_NUMBER='1' AIRFLOW_CTX_DAG_RUN_ID='scheduled__2023-11-05T00:00:00+00:00'
[2023-11-21T04:56:36.131+0000] {warnings.py:109} WARNING - /opt/***/dags/etl_scripts/transform.py:67: UserWarning: Could not infer format, so each element will be parsed individually, falling back to `dateutil`. To ensure parsing is consistent and as-expected, please specify a format.
  data['ts'] = pd.to_datetime(data.DateTime)

[2023-11-21T04:57:11.753+0000] {local_task_job_runner.py:228} INFO - Task exited with return code -9
[2023-11-21T04:57:12.570+0000] {taskinstance.py:2778} INFO - 0 downstream tasks scheduled from follow-on schedule check
[2023-11-21T05:29:25.104+0000] {taskinstance.py:1159} INFO - Dependencies all met for dep_context=non-requeueable deps ti=<TaskInstance: outcomes_dag.transform scheduled__2023-11-05T00:00:00+00:00 [queued]>
[2023-11-21T05:29:25.610+0000] {taskinstance.py:1159} INFO - Dependencies all met for dep_context=requeueable deps ti=<TaskInstance: outcomes_dag.transform scheduled__2023-11-05T00:00:00+00:00 [queued]>
[2023-11-21T05:29:25.637+0000] {taskinstance.py:1361} INFO - Starting attempt 1 of 1
[2023-11-21T05:29:25.992+0000] {taskinstance.py:1382} INFO - Executing <Task(PythonOperator): transform> on 2023-11-05 00:00:00+00:00
[2023-11-21T05:29:26.113+0000] {standard_task_runner.py:57} INFO - Started process 204 to run task
[2023-11-21T05:29:26.156+0000] {standard_task_runner.py:84} INFO - Running: ['***', 'tasks', 'run', 'outcomes_dag', 'transform', 'scheduled__2023-11-05T00:00:00+00:00', '--job-id', '24', '--raw', '--subdir', 'DAGS_FOLDER/outcomes_dag.py', '--cfg-path', '/tmp/tmp0ox9idjv']
[2023-11-21T05:29:26.204+0000] {standard_task_runner.py:85} INFO - Job 24: Subtask transform
[2023-11-21T05:29:26.677+0000] {task_command.py:416} INFO - Running <TaskInstance: outcomes_dag.transform scheduled__2023-11-05T00:00:00+00:00 [running]> on host 1df7871f6344
[2023-11-21T05:29:32.584+0000] {taskinstance.py:1662} INFO - Exporting env vars: AIRFLOW_CTX_DAG_OWNER='***' AIRFLOW_CTX_DAG_ID='outcomes_dag' AIRFLOW_CTX_TASK_ID='transform' AIRFLOW_CTX_EXECUTION_DATE='2023-11-05T00:00:00+00:00' AIRFLOW_CTX_TRY_NUMBER='1' AIRFLOW_CTX_DAG_RUN_ID='scheduled__2023-11-05T00:00:00+00:00'
[2023-11-21T05:29:35.192+0000] {warnings.py:109} WARNING - /opt/***/dags/etl_scripts/transform.py:67: UserWarning: Could not infer format, so each element will be parsed individually, falling back to `dateutil`. To ensure parsing is consistent and as-expected, please specify a format.
  data['ts'] = pd.to_datetime(data.DateTime)

[2023-11-21T05:30:05.400+0000] {python.py:194} INFO - Done. Returned value was: None
[2023-11-21T05:30:05.458+0000] {taskinstance.py:1400} INFO - Marking task as SUCCESS. dag_id=outcomes_dag, task_id=transform, execution_date=20231105T000000, start_date=20231121T052925, end_date=20231121T053005
[2023-11-21T05:30:05.548+0000] {local_task_job_runner.py:228} INFO - Task exited with return code 0
[2023-11-21T05:30:05.679+0000] {taskinstance.py:2778} INFO - 3 downstream tasks scheduled from follow-on schedule check
