[2023-11-20T22:19:32.837+0000] {taskinstance.py:1159} INFO - Dependencies all met for dep_context=non-requeueable deps ti=<TaskInstance: outcomes_dag.transform scheduled__2023-11-19T00:00:00+00:00 [queued]>
[2023-11-20T22:19:32.848+0000] {taskinstance.py:1159} INFO - Dependencies all met for dep_context=requeueable deps ti=<TaskInstance: outcomes_dag.transform scheduled__2023-11-19T00:00:00+00:00 [queued]>
[2023-11-20T22:19:32.849+0000] {taskinstance.py:1361} INFO - Starting attempt 1 of 1
[2023-11-20T22:19:32.864+0000] {taskinstance.py:1382} INFO - Executing <Task(PythonOperator): transform> on 2023-11-19 00:00:00+00:00
[2023-11-20T22:19:32.869+0000] {standard_task_runner.py:57} INFO - Started process 273 to run task
[2023-11-20T22:19:32.877+0000] {standard_task_runner.py:84} INFO - Running: ['***', 'tasks', 'run', 'outcomes_dag', 'transform', 'scheduled__2023-11-19T00:00:00+00:00', '--job-id', '39', '--raw', '--subdir', 'DAGS_FOLDER/outcomes_dag.py', '--cfg-path', '/tmp/tmp9n2qr8x0']
[2023-11-20T22:19:32.884+0000] {standard_task_runner.py:85} INFO - Job 39: Subtask transform
[2023-11-20T22:19:32.941+0000] {task_command.py:416} INFO - Running <TaskInstance: outcomes_dag.transform scheduled__2023-11-19T00:00:00+00:00 [running]> on host 3286f6d7d5f2
[2023-11-20T22:19:33.286+0000] {taskinstance.py:1662} INFO - Exporting env vars: AIRFLOW_CTX_DAG_OWNER='***' AIRFLOW_CTX_DAG_ID='outcomes_dag' AIRFLOW_CTX_TASK_ID='transform' AIRFLOW_CTX_EXECUTION_DATE='2023-11-19T00:00:00+00:00' AIRFLOW_CTX_TRY_NUMBER='1' AIRFLOW_CTX_DAG_RUN_ID='scheduled__2023-11-19T00:00:00+00:00'
[2023-11-20T22:19:33.741+0000] {warnings.py:109} WARNING - /opt/***/dags/etl_scripts/transform.py:67: UserWarning: Could not infer format, so each element will be parsed individually, falling back to `dateutil`. To ensure parsing is consistent and as-expected, please specify a format.
  data['ts'] = pd.to_datetime(data.DateTime)

[2023-11-20T22:19:43.749+0000] {python.py:194} INFO - Done. Returned value was: None
[2023-11-20T22:19:43.765+0000] {taskinstance.py:1400} INFO - Marking task as SUCCESS. dag_id=outcomes_dag, task_id=transform, execution_date=20231119T000000, start_date=20231120T221932, end_date=20231120T221943
[2023-11-20T22:19:43.826+0000] {local_task_job_runner.py:228} INFO - Task exited with return code 0
[2023-11-20T22:19:43.845+0000] {taskinstance.py:2778} INFO - 0 downstream tasks scheduled from follow-on schedule check
[2023-11-20T23:58:13.098+0000] {taskinstance.py:1159} INFO - Dependencies all met for dep_context=non-requeueable deps ti=<TaskInstance: outcomes_dag.transform scheduled__2023-11-19T00:00:00+00:00 [queued]>
[2023-11-20T23:58:13.106+0000] {taskinstance.py:1159} INFO - Dependencies all met for dep_context=requeueable deps ti=<TaskInstance: outcomes_dag.transform scheduled__2023-11-19T00:00:00+00:00 [queued]>
[2023-11-20T23:58:13.106+0000] {taskinstance.py:1361} INFO - Starting attempt 1 of 1
[2023-11-20T23:58:13.116+0000] {taskinstance.py:1382} INFO - Executing <Task(PythonOperator): transform> on 2023-11-19 00:00:00+00:00
[2023-11-20T23:58:13.140+0000] {standard_task_runner.py:57} INFO - Started process 313 to run task
[2023-11-20T23:58:13.158+0000] {standard_task_runner.py:84} INFO - Running: ['***', 'tasks', 'run', 'outcomes_dag', 'transform', 'scheduled__2023-11-19T00:00:00+00:00', '--job-id', '39', '--raw', '--subdir', 'DAGS_FOLDER/outcomes_dag.py', '--cfg-path', '/tmp/tmpn34rb6wd']
[2023-11-20T23:58:13.169+0000] {standard_task_runner.py:85} INFO - Job 39: Subtask transform
[2023-11-20T23:58:13.279+0000] {task_command.py:416} INFO - Running <TaskInstance: outcomes_dag.transform scheduled__2023-11-19T00:00:00+00:00 [running]> on host 3aa39f73e581
[2023-11-20T23:58:13.666+0000] {taskinstance.py:1662} INFO - Exporting env vars: AIRFLOW_CTX_DAG_OWNER='***' AIRFLOW_CTX_DAG_ID='outcomes_dag' AIRFLOW_CTX_TASK_ID='transform' AIRFLOW_CTX_EXECUTION_DATE='2023-11-19T00:00:00+00:00' AIRFLOW_CTX_TRY_NUMBER='1' AIRFLOW_CTX_DAG_RUN_ID='scheduled__2023-11-19T00:00:00+00:00'
[2023-11-20T23:58:14.113+0000] {warnings.py:109} WARNING - /opt/***/dags/etl_scripts/transform.py:67: UserWarning: Could not infer format, so each element will be parsed individually, falling back to `dateutil`. To ensure parsing is consistent and as-expected, please specify a format.
  data['ts'] = pd.to_datetime(data.DateTime)

[2023-11-20T23:58:23.853+0000] {python.py:194} INFO - Done. Returned value was: None
[2023-11-20T23:58:23.917+0000] {taskinstance.py:1400} INFO - Marking task as SUCCESS. dag_id=outcomes_dag, task_id=transform, execution_date=20231119T000000, start_date=20231120T235813, end_date=20231120T235823
[2023-11-20T23:58:24.040+0000] {local_task_job_runner.py:228} INFO - Task exited with return code 0
[2023-11-20T23:58:24.131+0000] {taskinstance.py:2778} INFO - 3 downstream tasks scheduled from follow-on schedule check
[2023-11-21T00:52:54.875+0000] {taskinstance.py:1159} INFO - Dependencies all met for dep_context=non-requeueable deps ti=<TaskInstance: outcomes_dag.transform scheduled__2023-11-19T00:00:00+00:00 [queued]>
[2023-11-21T00:52:54.881+0000] {taskinstance.py:1159} INFO - Dependencies all met for dep_context=requeueable deps ti=<TaskInstance: outcomes_dag.transform scheduled__2023-11-19T00:00:00+00:00 [queued]>
[2023-11-21T00:52:54.881+0000] {taskinstance.py:1361} INFO - Starting attempt 1 of 1
[2023-11-21T00:52:54.893+0000] {taskinstance.py:1382} INFO - Executing <Task(PythonOperator): transform> on 2023-11-19 00:00:00+00:00
[2023-11-21T00:52:54.899+0000] {standard_task_runner.py:57} INFO - Started process 227 to run task
[2023-11-21T00:52:54.904+0000] {standard_task_runner.py:84} INFO - Running: ['***', 'tasks', 'run', 'outcomes_dag', 'transform', 'scheduled__2023-11-19T00:00:00+00:00', '--job-id', '36', '--raw', '--subdir', 'DAGS_FOLDER/outcomes_dag.py', '--cfg-path', '/tmp/tmpj_z_1v3_']
[2023-11-21T00:52:54.909+0000] {standard_task_runner.py:85} INFO - Job 36: Subtask transform
[2023-11-21T00:52:54.955+0000] {task_command.py:416} INFO - Running <TaskInstance: outcomes_dag.transform scheduled__2023-11-19T00:00:00+00:00 [running]> on host 39ee77aaeaf9
[2023-11-21T00:52:55.284+0000] {taskinstance.py:1662} INFO - Exporting env vars: AIRFLOW_CTX_DAG_OWNER='***' AIRFLOW_CTX_DAG_ID='outcomes_dag' AIRFLOW_CTX_TASK_ID='transform' AIRFLOW_CTX_EXECUTION_DATE='2023-11-19T00:00:00+00:00' AIRFLOW_CTX_TRY_NUMBER='1' AIRFLOW_CTX_DAG_RUN_ID='scheduled__2023-11-19T00:00:00+00:00'
[2023-11-21T00:52:55.671+0000] {warnings.py:109} WARNING - /opt/***/dags/etl_scripts/transform.py:67: UserWarning: Could not infer format, so each element will be parsed individually, falling back to `dateutil`. To ensure parsing is consistent and as-expected, please specify a format.
  data['ts'] = pd.to_datetime(data.DateTime)

[2023-11-21T00:53:02.840+0000] {taskinstance.py:1937} ERROR - Task failed with exception
Traceback (most recent call last):
  File "/home/airflow/.local/lib/python3.8/site-packages/airflow/operators/python.py", line 192, in execute
    return_value = self.execute_callable()
  File "/home/airflow/.local/lib/python3.8/site-packages/airflow/operators/python.py", line 209, in execute_callable
    return self.python_callable(*self.op_args, **self.op_kwargs)
  File "/opt/airflow/dags/etl_scripts/transform.py", line 21, in transform_data
    new_data = prep_data(new_data)
  File "/opt/airflow/dags/etl_scripts/transform.py", line 75, in prep_data
    data = data.drop_duplicates(subset=['animal_id'])
  File "/home/airflow/.local/lib/python3.8/site-packages/pandas/core/frame.py", line 6522, in drop_duplicates
    result = self[-self.duplicated(subset, keep=keep)]
  File "/home/airflow/.local/lib/python3.8/site-packages/pandas/core/frame.py", line 6654, in duplicated
    raise KeyError(Index(diff))
KeyError: Index(['animal_id'], dtype='object')
[2023-11-21T00:53:02.883+0000] {taskinstance.py:1400} INFO - Marking task as FAILED. dag_id=outcomes_dag, task_id=transform, execution_date=20231119T000000, start_date=20231121T005254, end_date=20231121T005302
[2023-11-21T00:53:02.898+0000] {standard_task_runner.py:104} ERROR - Failed to execute job 36 for task transform (Index(['animal_id'], dtype='object'); 227)
[2023-11-21T00:53:02.956+0000] {local_task_job_runner.py:228} INFO - Task exited with return code 1
[2023-11-21T00:53:02.997+0000] {taskinstance.py:2778} INFO - 0 downstream tasks scheduled from follow-on schedule check
[2023-11-21T01:00:22.650+0000] {taskinstance.py:1159} INFO - Dependencies all met for dep_context=non-requeueable deps ti=<TaskInstance: outcomes_dag.transform scheduled__2023-11-19T00:00:00+00:00 [queued]>
[2023-11-21T01:00:22.661+0000] {taskinstance.py:1159} INFO - Dependencies all met for dep_context=requeueable deps ti=<TaskInstance: outcomes_dag.transform scheduled__2023-11-19T00:00:00+00:00 [queued]>
[2023-11-21T01:00:22.662+0000] {taskinstance.py:1361} INFO - Starting attempt 1 of 1
[2023-11-21T01:00:22.672+0000] {taskinstance.py:1382} INFO - Executing <Task(PythonOperator): transform> on 2023-11-19 00:00:00+00:00
[2023-11-21T01:00:22.679+0000] {standard_task_runner.py:57} INFO - Started process 205 to run task
[2023-11-21T01:00:22.685+0000] {standard_task_runner.py:84} INFO - Running: ['***', 'tasks', 'run', 'outcomes_dag', 'transform', 'scheduled__2023-11-19T00:00:00+00:00', '--job-id', '34', '--raw', '--subdir', 'DAGS_FOLDER/outcomes_dag.py', '--cfg-path', '/tmp/tmp6xmxfk9h']
[2023-11-21T01:00:22.690+0000] {standard_task_runner.py:85} INFO - Job 34: Subtask transform
[2023-11-21T01:00:22.775+0000] {task_command.py:416} INFO - Running <TaskInstance: outcomes_dag.transform scheduled__2023-11-19T00:00:00+00:00 [running]> on host bf1573643830
[2023-11-21T01:00:23.410+0000] {taskinstance.py:1662} INFO - Exporting env vars: AIRFLOW_CTX_DAG_OWNER='***' AIRFLOW_CTX_DAG_ID='outcomes_dag' AIRFLOW_CTX_TASK_ID='transform' AIRFLOW_CTX_EXECUTION_DATE='2023-11-19T00:00:00+00:00' AIRFLOW_CTX_TRY_NUMBER='1' AIRFLOW_CTX_DAG_RUN_ID='scheduled__2023-11-19T00:00:00+00:00'
[2023-11-21T01:00:24.138+0000] {warnings.py:109} WARNING - /opt/***/dags/etl_scripts/transform.py:67: UserWarning: Could not infer format, so each element will be parsed individually, falling back to `dateutil`. To ensure parsing is consistent and as-expected, please specify a format.
  data['ts'] = pd.to_datetime(data.DateTime)

[2023-11-21T01:00:37.001+0000] {local_task_job_runner.py:228} INFO - Task exited with return code -9
[2023-11-21T01:00:37.469+0000] {taskinstance.py:2778} INFO - 0 downstream tasks scheduled from follow-on schedule check
[2023-11-21T01:14:46.323+0000] {taskinstance.py:1159} INFO - Dependencies all met for dep_context=non-requeueable deps ti=<TaskInstance: outcomes_dag.transform scheduled__2023-11-19T00:00:00+00:00 [queued]>
[2023-11-21T01:14:46.399+0000] {taskinstance.py:1159} INFO - Dependencies all met for dep_context=requeueable deps ti=<TaskInstance: outcomes_dag.transform scheduled__2023-11-19T00:00:00+00:00 [queued]>
[2023-11-21T01:14:46.401+0000] {taskinstance.py:1361} INFO - Starting attempt 1 of 1
[2023-11-21T01:14:46.617+0000] {taskinstance.py:1382} INFO - Executing <Task(PythonOperator): transform> on 2023-11-19 00:00:00+00:00
[2023-11-21T01:14:46.691+0000] {standard_task_runner.py:57} INFO - Started process 317 to run task
[2023-11-21T01:14:46.759+0000] {standard_task_runner.py:84} INFO - Running: ['***', 'tasks', 'run', 'outcomes_dag', 'transform', 'scheduled__2023-11-19T00:00:00+00:00', '--job-id', '38', '--raw', '--subdir', 'DAGS_FOLDER/outcomes_dag.py', '--cfg-path', '/tmp/tmpqn5rns34']
[2023-11-21T01:14:46.803+0000] {standard_task_runner.py:85} INFO - Job 38: Subtask transform
[2023-11-21T01:14:47.131+0000] {task_command.py:416} INFO - Running <TaskInstance: outcomes_dag.transform scheduled__2023-11-19T00:00:00+00:00 [running]> on host 9a73044c5577
[2023-11-21T01:14:50.465+0000] {taskinstance.py:1662} INFO - Exporting env vars: AIRFLOW_CTX_DAG_OWNER='***' AIRFLOW_CTX_DAG_ID='outcomes_dag' AIRFLOW_CTX_TASK_ID='transform' AIRFLOW_CTX_EXECUTION_DATE='2023-11-19T00:00:00+00:00' AIRFLOW_CTX_TRY_NUMBER='1' AIRFLOW_CTX_DAG_RUN_ID='scheduled__2023-11-19T00:00:00+00:00'
[2023-11-21T01:14:52.954+0000] {warnings.py:109} WARNING - /opt/***/dags/etl_scripts/transform.py:67: UserWarning: Could not infer format, so each element will be parsed individually, falling back to `dateutil`. To ensure parsing is consistent and as-expected, please specify a format.
  data['ts'] = pd.to_datetime(data.DateTime)

[2023-11-21T01:14:55.020+0000] {local_task_job_runner.py:228} INFO - Task exited with return code -9
[2023-11-21T01:14:55.690+0000] {taskinstance.py:2778} INFO - 0 downstream tasks scheduled from follow-on schedule check
[2023-11-21T04:17:28.613+0000] {taskinstance.py:1159} INFO - Dependencies all met for dep_context=non-requeueable deps ti=<TaskInstance: outcomes_dag.transform scheduled__2023-11-19T00:00:00+00:00 [queued]>
[2023-11-21T04:17:28.647+0000] {taskinstance.py:1159} INFO - Dependencies all met for dep_context=requeueable deps ti=<TaskInstance: outcomes_dag.transform scheduled__2023-11-19T00:00:00+00:00 [queued]>
[2023-11-21T04:17:28.648+0000] {taskinstance.py:1361} INFO - Starting attempt 1 of 1
[2023-11-21T04:17:28.717+0000] {taskinstance.py:1382} INFO - Executing <Task(PythonOperator): transform> on 2023-11-19 00:00:00+00:00
[2023-11-21T04:17:28.780+0000] {standard_task_runner.py:57} INFO - Started process 312 to run task
[2023-11-21T04:17:28.795+0000] {standard_task_runner.py:84} INFO - Running: ['***', 'tasks', 'run', 'outcomes_dag', 'transform', 'scheduled__2023-11-19T00:00:00+00:00', '--job-id', '38', '--raw', '--subdir', 'DAGS_FOLDER/outcomes_dag.py', '--cfg-path', '/tmp/tmplxzkyezy']
[2023-11-21T04:17:28.803+0000] {standard_task_runner.py:85} INFO - Job 38: Subtask transform
[2023-11-21T04:17:29.050+0000] {task_command.py:416} INFO - Running <TaskInstance: outcomes_dag.transform scheduled__2023-11-19T00:00:00+00:00 [running]> on host dc3ce06c67c1
[2023-11-21T04:17:30.373+0000] {taskinstance.py:1662} INFO - Exporting env vars: AIRFLOW_CTX_DAG_OWNER='***' AIRFLOW_CTX_DAG_ID='outcomes_dag' AIRFLOW_CTX_TASK_ID='transform' AIRFLOW_CTX_EXECUTION_DATE='2023-11-19T00:00:00+00:00' AIRFLOW_CTX_TRY_NUMBER='1' AIRFLOW_CTX_DAG_RUN_ID='scheduled__2023-11-19T00:00:00+00:00'
[2023-11-21T04:17:31.326+0000] {warnings.py:109} WARNING - /opt/***/dags/etl_scripts/transform.py:67: UserWarning: Could not infer format, so each element will be parsed individually, falling back to `dateutil`. To ensure parsing is consistent and as-expected, please specify a format.
  data['ts'] = pd.to_datetime(data.DateTime)

[2023-11-21T04:17:47.150+0000] {python.py:194} INFO - Done. Returned value was: None
[2023-11-21T04:17:47.261+0000] {taskinstance.py:1400} INFO - Marking task as SUCCESS. dag_id=outcomes_dag, task_id=transform, execution_date=20231119T000000, start_date=20231121T041728, end_date=20231121T041747
[2023-11-21T04:17:47.481+0000] {local_task_job_runner.py:228} INFO - Task exited with return code 0
[2023-11-21T04:17:47.696+0000] {taskinstance.py:2778} INFO - 3 downstream tasks scheduled from follow-on schedule check
[2023-11-21T04:47:04.105+0000] {taskinstance.py:1159} INFO - Dependencies all met for dep_context=non-requeueable deps ti=<TaskInstance: outcomes_dag.transform scheduled__2023-11-19T00:00:00+00:00 [queued]>
[2023-11-21T04:47:04.122+0000] {taskinstance.py:1159} INFO - Dependencies all met for dep_context=requeueable deps ti=<TaskInstance: outcomes_dag.transform scheduled__2023-11-19T00:00:00+00:00 [queued]>
[2023-11-21T04:47:04.124+0000] {taskinstance.py:1361} INFO - Starting attempt 1 of 1
[2023-11-21T04:47:04.148+0000] {taskinstance.py:1382} INFO - Executing <Task(PythonOperator): transform> on 2023-11-19 00:00:00+00:00
[2023-11-21T04:47:04.169+0000] {standard_task_runner.py:57} INFO - Started process 263 to run task
[2023-11-21T04:47:04.175+0000] {standard_task_runner.py:84} INFO - Running: ['***', 'tasks', 'run', 'outcomes_dag', 'transform', 'scheduled__2023-11-19T00:00:00+00:00', '--job-id', '34', '--raw', '--subdir', 'DAGS_FOLDER/outcomes_dag.py', '--cfg-path', '/tmp/tmpj94s50md']
[2023-11-21T04:47:04.185+0000] {standard_task_runner.py:85} INFO - Job 34: Subtask transform
[2023-11-21T04:47:04.349+0000] {task_command.py:416} INFO - Running <TaskInstance: outcomes_dag.transform scheduled__2023-11-19T00:00:00+00:00 [running]> on host de20a855d915
[2023-11-21T04:47:05.348+0000] {taskinstance.py:1662} INFO - Exporting env vars: AIRFLOW_CTX_DAG_OWNER='***' AIRFLOW_CTX_DAG_ID='outcomes_dag' AIRFLOW_CTX_TASK_ID='transform' AIRFLOW_CTX_EXECUTION_DATE='2023-11-19T00:00:00+00:00' AIRFLOW_CTX_TRY_NUMBER='1' AIRFLOW_CTX_DAG_RUN_ID='scheduled__2023-11-19T00:00:00+00:00'
[2023-11-21T04:47:06.185+0000] {warnings.py:109} WARNING - /opt/***/dags/etl_scripts/transform.py:67: UserWarning: Could not infer format, so each element will be parsed individually, falling back to `dateutil`. To ensure parsing is consistent and as-expected, please specify a format.
  data['ts'] = pd.to_datetime(data.DateTime)

[2023-11-21T04:47:16.827+0000] {python.py:194} INFO - Done. Returned value was: None
[2023-11-21T04:47:16.856+0000] {taskinstance.py:1400} INFO - Marking task as SUCCESS. dag_id=outcomes_dag, task_id=transform, execution_date=20231119T000000, start_date=20231121T044704, end_date=20231121T044716
[2023-11-21T04:47:16.962+0000] {local_task_job_runner.py:228} INFO - Task exited with return code 0
[2023-11-21T04:47:17.027+0000] {taskinstance.py:2778} INFO - 3 downstream tasks scheduled from follow-on schedule check
[2023-11-21T04:57:37.303+0000] {taskinstance.py:1159} INFO - Dependencies all met for dep_context=non-requeueable deps ti=<TaskInstance: outcomes_dag.transform scheduled__2023-11-19T00:00:00+00:00 [queued]>
[2023-11-21T04:57:37.319+0000] {taskinstance.py:1159} INFO - Dependencies all met for dep_context=requeueable deps ti=<TaskInstance: outcomes_dag.transform scheduled__2023-11-19T00:00:00+00:00 [queued]>
[2023-11-21T04:57:37.319+0000] {taskinstance.py:1361} INFO - Starting attempt 1 of 1
[2023-11-21T04:57:37.335+0000] {taskinstance.py:1382} INFO - Executing <Task(PythonOperator): transform> on 2023-11-19 00:00:00+00:00
[2023-11-21T04:57:37.373+0000] {standard_task_runner.py:57} INFO - Started process 303 to run task
[2023-11-21T04:57:37.382+0000] {standard_task_runner.py:84} INFO - Running: ['***', 'tasks', 'run', 'outcomes_dag', 'transform', 'scheduled__2023-11-19T00:00:00+00:00', '--job-id', '37', '--raw', '--subdir', 'DAGS_FOLDER/outcomes_dag.py', '--cfg-path', '/tmp/tmpsae1ioq5']
[2023-11-21T04:57:37.388+0000] {standard_task_runner.py:85} INFO - Job 37: Subtask transform
[2023-11-21T04:57:37.528+0000] {task_command.py:416} INFO - Running <TaskInstance: outcomes_dag.transform scheduled__2023-11-19T00:00:00+00:00 [running]> on host 921d770aa62c
[2023-11-21T04:57:41.014+0000] {taskinstance.py:1662} INFO - Exporting env vars: AIRFLOW_CTX_DAG_OWNER='***' AIRFLOW_CTX_DAG_ID='outcomes_dag' AIRFLOW_CTX_TASK_ID='transform' AIRFLOW_CTX_EXECUTION_DATE='2023-11-19T00:00:00+00:00' AIRFLOW_CTX_TRY_NUMBER='1' AIRFLOW_CTX_DAG_RUN_ID='scheduled__2023-11-19T00:00:00+00:00'
[2023-11-21T04:57:42.434+0000] {warnings.py:109} WARNING - /opt/***/dags/etl_scripts/transform.py:67: UserWarning: Could not infer format, so each element will be parsed individually, falling back to `dateutil`. To ensure parsing is consistent and as-expected, please specify a format.
  data['ts'] = pd.to_datetime(data.DateTime)

[2023-11-21T04:58:03.536+0000] {python.py:194} INFO - Done. Returned value was: None
[2023-11-21T04:58:03.638+0000] {taskinstance.py:1400} INFO - Marking task as SUCCESS. dag_id=outcomes_dag, task_id=transform, execution_date=20231119T000000, start_date=20231121T045737, end_date=20231121T045803
[2023-11-21T04:58:03.798+0000] {local_task_job_runner.py:228} INFO - Task exited with return code 0
[2023-11-21T04:58:03.890+0000] {taskinstance.py:2778} INFO - 3 downstream tasks scheduled from follow-on schedule check
[2023-11-21T05:30:05.358+0000] {taskinstance.py:1159} INFO - Dependencies all met for dep_context=non-requeueable deps ti=<TaskInstance: outcomes_dag.transform scheduled__2023-11-19T00:00:00+00:00 [queued]>
[2023-11-21T05:30:05.379+0000] {taskinstance.py:1159} INFO - Dependencies all met for dep_context=requeueable deps ti=<TaskInstance: outcomes_dag.transform scheduled__2023-11-19T00:00:00+00:00 [queued]>
[2023-11-21T05:30:05.379+0000] {taskinstance.py:1361} INFO - Starting attempt 1 of 1
[2023-11-21T05:30:05.408+0000] {taskinstance.py:1382} INFO - Executing <Task(PythonOperator): transform> on 2023-11-19 00:00:00+00:00
[2023-11-21T05:30:05.427+0000] {standard_task_runner.py:57} INFO - Started process 258 to run task
[2023-11-21T05:30:05.443+0000] {standard_task_runner.py:84} INFO - Running: ['***', 'tasks', 'run', 'outcomes_dag', 'transform', 'scheduled__2023-11-19T00:00:00+00:00', '--job-id', '36', '--raw', '--subdir', 'DAGS_FOLDER/outcomes_dag.py', '--cfg-path', '/tmp/tmpj0eq1zek']
[2023-11-21T05:30:05.451+0000] {standard_task_runner.py:85} INFO - Job 36: Subtask transform
[2023-11-21T05:30:05.607+0000] {task_command.py:416} INFO - Running <TaskInstance: outcomes_dag.transform scheduled__2023-11-19T00:00:00+00:00 [running]> on host 1df7871f6344
[2023-11-21T05:30:08.623+0000] {taskinstance.py:1662} INFO - Exporting env vars: AIRFLOW_CTX_DAG_OWNER='***' AIRFLOW_CTX_DAG_ID='outcomes_dag' AIRFLOW_CTX_TASK_ID='transform' AIRFLOW_CTX_EXECUTION_DATE='2023-11-19T00:00:00+00:00' AIRFLOW_CTX_TRY_NUMBER='1' AIRFLOW_CTX_DAG_RUN_ID='scheduled__2023-11-19T00:00:00+00:00'
[2023-11-21T05:30:09.816+0000] {warnings.py:109} WARNING - /opt/***/dags/etl_scripts/transform.py:67: UserWarning: Could not infer format, so each element will be parsed individually, falling back to `dateutil`. To ensure parsing is consistent and as-expected, please specify a format.
  data['ts'] = pd.to_datetime(data.DateTime)

[2023-11-21T05:30:13.897+0000] {local_task_job_runner.py:228} INFO - Task exited with return code -9
[2023-11-21T05:30:14.227+0000] {taskinstance.py:2778} INFO - 0 downstream tasks scheduled from follow-on schedule check
