[2023-11-17T03:09:04.496+0000] {taskinstance.py:1159} INFO - Dependencies all met for dep_context=non-requeueable deps ti=<TaskInstance: outcomes_dag.transform manual__2023-11-17T03:08:54.206883+00:00 [queued]>
[2023-11-17T03:09:04.509+0000] {taskinstance.py:1159} INFO - Dependencies all met for dep_context=requeueable deps ti=<TaskInstance: outcomes_dag.transform manual__2023-11-17T03:08:54.206883+00:00 [queued]>
[2023-11-17T03:09:04.510+0000] {taskinstance.py:1361} INFO - Starting attempt 1 of 1
[2023-11-17T03:09:04.515+0000] {taskinstance.py:1382} INFO - Executing <Task(PythonOperator): transform> on 2023-11-17 03:08:54.206883+00:00
[2023-11-17T03:09:04.519+0000] {standard_task_runner.py:57} INFO - Started process 868 to run task
[2023-11-17T03:09:04.522+0000] {standard_task_runner.py:84} INFO - Running: ['***', 'tasks', 'run', 'outcomes_dag', 'transform', 'manual__2023-11-17T03:08:54.206883+00:00', '--job-id', '56', '--raw', '--subdir', 'DAGS_FOLDER/outcomes_dag.py', '--cfg-path', '/tmp/tmplyu33_qy']
[2023-11-17T03:09:04.524+0000] {standard_task_runner.py:85} INFO - Job 56: Subtask transform
[2023-11-17T03:09:04.550+0000] {task_command.py:416} INFO - Running <TaskInstance: outcomes_dag.transform manual__2023-11-17T03:08:54.206883+00:00 [running]> on host cdede745d4f1
[2023-11-17T03:09:04.803+0000] {taskinstance.py:1662} INFO - Exporting env vars: AIRFLOW_CTX_DAG_OWNER='***' AIRFLOW_CTX_DAG_ID='outcomes_dag' AIRFLOW_CTX_TASK_ID='transform' AIRFLOW_CTX_EXECUTION_DATE='2023-11-17T03:08:54.206883+00:00' AIRFLOW_CTX_TRY_NUMBER='1' AIRFLOW_CTX_DAG_RUN_ID='manual__2023-11-17T03:08:54.206883+00:00'
[2023-11-17T03:09:05.133+0000] {warnings.py:109} WARNING - /opt/***/dags/etl_scripts/transform.py:58: UserWarning: Could not infer format, so each element will be parsed individually, falling back to `dateutil`. To ensure parsing is consistent and as-expected, please specify a format.
  data['ts'] = pd.to_datetime(data.DateTime)

[2023-11-17T03:09:11.805+0000] {python.py:194} INFO - Done. Returned value was: {'dim_animals':        animal_id  ...              color
0        A794011  ...  Brown Tabby/White
1        A776359  ...        White/Brown
2        A821648  ...               Gray
3        A720371  ...               Buff
4        A674754  ...       Orange Tabby
...          ...  ...                ...
157097   A891128  ...        Black/White
157099   A876194  ...    Chocolate/White
157100   A890904  ...        Black/Brown
157101   A892406  ...        White/Black
157102   A888396  ...          Tan/Black

[140918 rows x 7 columns], 'dim_dates':          date_id        date  year  month  day
0       20190508  2019-05-08  2019      5    8
1       20180718  2018-07-18  2018      7   18
2       20200816  2020-08-16  2020      8   16
3       20160213  2016-02-13  2016      2   13
4       20140318  2014-03-18  2014      3   18
...          ...         ...   ...    ...  ...
156686  20231103  2023-11-03  2023     11    3
156762  20231106  2023-11-06  2023     11    6
156795  20231107  2023-11-07  2023     11    7
156945  20231112  2023-11-12  2023     11   12
157042  20231115  2023-11-15  2023     11   15

[3687 rows x 5 columns], 'dim_outcome_types':        outcome_type  outcome_type_id
0         Rto-Adopt                1
1          Adoption                2
2        Euthanasia                3
3          Transfer                4
4   Return to Owner                5
5              Died                6
6          Disposal                7
7           Missing                8
8          Relocate                9
9               N/A               10
10           Stolen               11, 'fct_outcomes':        animal_id   date_id      time  outcome_type_id outcome_subtype is_fixed
0        A794011  20190508  18:20:00                1             NaN     True
1        A776359  20180718  16:02:00                2             NaN     True
2        A821648  20200816  11:38:00                3             NaN      NaN
3        A720371  20160213  17:59:00                2             NaN     True
4        A674754  20140318  11:47:00                4         Partner    False
...          ...       ...       ...              ...             ...      ...
157098   A874925  20231116  18:24:00                2             NaN     True
157099   A876194  20231116  18:47:00                2             NaN     True
157100   A890904  20231116  18:42:00                2             NaN     True
157101   A892406  20231116  19:02:00                2             NaN     True
157102   A888396  20231116  19:19:00                4         Partner     True

[157103 rows x 6 columns]}
[2023-11-17T03:09:13.234+0000] {taskinstance.py:1400} INFO - Marking task as SUCCESS. dag_id=outcomes_dag, task_id=transform, execution_date=20231117T030854, start_date=20231117T030904, end_date=20231117T030913
[2023-11-17T03:09:13.364+0000] {local_task_job_runner.py:228} INFO - Task exited with return code 0
[2023-11-17T03:09:13.422+0000] {taskinstance.py:2778} INFO - 0 downstream tasks scheduled from follow-on schedule check
