[2023-11-21T03:56:11.447+0000] {taskinstance.py:1159} INFO - Dependencies all met for dep_context=non-requeueable deps ti=<TaskInstance: outcomes_dag.load_dates_dim scheduled__2023-11-05T00:00:00+00:00 [queued]>
[2023-11-21T03:56:11.475+0000] {taskinstance.py:1159} INFO - Dependencies all met for dep_context=requeueable deps ti=<TaskInstance: outcomes_dag.load_dates_dim scheduled__2023-11-05T00:00:00+00:00 [queued]>
[2023-11-21T03:56:11.487+0000] {taskinstance.py:1361} INFO - Starting attempt 1 of 1
[2023-11-21T03:56:11.551+0000] {taskinstance.py:1382} INFO - Executing <Task(PythonOperator): load_dates_dim> on 2023-11-05 00:00:00+00:00
[2023-11-21T03:56:11.629+0000] {standard_task_runner.py:57} INFO - Started process 603 to run task
[2023-11-21T03:56:11.647+0000] {standard_task_runner.py:84} INFO - Running: ['***', 'tasks', 'run', 'outcomes_dag', 'load_dates_dim', 'scheduled__2023-11-05T00:00:00+00:00', '--job-id', '31', '--raw', '--subdir', 'DAGS_FOLDER/outcomes_dag.py', '--cfg-path', '/tmp/tmpv58l_igr']
[2023-11-21T03:56:11.693+0000] {standard_task_runner.py:85} INFO - Job 31: Subtask load_dates_dim
[2023-11-21T03:56:11.985+0000] {task_command.py:416} INFO - Running <TaskInstance: outcomes_dag.load_dates_dim scheduled__2023-11-05T00:00:00+00:00 [running]> on host a0f615083db8
[2023-11-21T03:56:15.576+0000] {taskinstance.py:1662} INFO - Exporting env vars: AIRFLOW_CTX_DAG_OWNER='***' AIRFLOW_CTX_DAG_ID='outcomes_dag' AIRFLOW_CTX_TASK_ID='load_dates_dim' AIRFLOW_CTX_EXECUTION_DATE='2023-11-05T00:00:00+00:00' AIRFLOW_CTX_TRY_NUMBER='1' AIRFLOW_CTX_DAG_RUN_ID='scheduled__2023-11-05T00:00:00+00:00'
[2023-11-21T03:56:16.541+0000] {local_task_job_runner.py:228} INFO - Task exited with return code -9
[2023-11-21T03:56:17.981+0000] {taskinstance.py:2778} INFO - 0 downstream tasks scheduled from follow-on schedule check
[2023-11-21T05:30:11.609+0000] {taskinstance.py:1159} INFO - Dependencies all met for dep_context=non-requeueable deps ti=<TaskInstance: outcomes_dag.load_dates_dim scheduled__2023-11-05T00:00:00+00:00 [queued]>
[2023-11-21T05:30:11.661+0000] {taskinstance.py:1159} INFO - Dependencies all met for dep_context=requeueable deps ti=<TaskInstance: outcomes_dag.load_dates_dim scheduled__2023-11-05T00:00:00+00:00 [queued]>
[2023-11-21T05:30:11.664+0000] {taskinstance.py:1361} INFO - Starting attempt 1 of 1
[2023-11-21T05:30:11.724+0000] {taskinstance.py:1382} INFO - Executing <Task(PythonOperator): load_dates_dim> on 2023-11-05 00:00:00+00:00
[2023-11-21T05:30:11.743+0000] {standard_task_runner.py:57} INFO - Started process 281 to run task
[2023-11-21T05:30:11.752+0000] {standard_task_runner.py:84} INFO - Running: ['***', 'tasks', 'run', 'outcomes_dag', 'load_dates_dim', 'scheduled__2023-11-05T00:00:00+00:00', '--job-id', '37', '--raw', '--subdir', 'DAGS_FOLDER/outcomes_dag.py', '--cfg-path', '/tmp/tmpl03_xzl0']
[2023-11-21T05:30:11.758+0000] {standard_task_runner.py:85} INFO - Job 37: Subtask load_dates_dim
[2023-11-21T05:30:11.932+0000] {task_command.py:416} INFO - Running <TaskInstance: outcomes_dag.load_dates_dim scheduled__2023-11-05T00:00:00+00:00 [running]> on host 1df7871f6344
[2023-11-21T05:30:18.830+0000] {taskinstance.py:1662} INFO - Exporting env vars: AIRFLOW_CTX_DAG_OWNER='***' AIRFLOW_CTX_DAG_ID='outcomes_dag' AIRFLOW_CTX_TASK_ID='load_dates_dim' AIRFLOW_CTX_EXECUTION_DATE='2023-11-05T00:00:00+00:00' AIRFLOW_CTX_TRY_NUMBER='1' AIRFLOW_CTX_DAG_RUN_ID='scheduled__2023-11-05T00:00:00+00:00'
[2023-11-21T05:30:27.281+0000] {logging_mixin.py:154} INFO - dim_dates loaded
[2023-11-21T05:30:27.313+0000] {python.py:194} INFO - Done. Returned value was: None
[2023-11-21T05:30:27.603+0000] {taskinstance.py:1400} INFO - Marking task as SUCCESS. dag_id=outcomes_dag, task_id=load_dates_dim, execution_date=20231105T000000, start_date=20231121T053011, end_date=20231121T053027
[2023-11-21T05:30:27.980+0000] {local_task_job_runner.py:228} INFO - Task exited with return code 0
[2023-11-21T05:30:28.286+0000] {taskinstance.py:2778} INFO - 0 downstream tasks scheduled from follow-on schedule check
